INFO  14:01:06,405 HelpFormatter - --------------------------------------------------------------------------------- 
INFO  14:01:06,407 HelpFormatter - The Genome Analysis Toolkit (GATK) v2.2-25-g2a68eab, Compiled 2012/11/08 10:30:02 
INFO  14:01:06,408 HelpFormatter - Copyright (c) 2010 The Broad Institute 
INFO  14:01:06,408 HelpFormatter - For support and documentation go to http://www.broadinstitute.org/gatk 
INFO  14:01:06,412 HelpFormatter - Program Args: --analysis_type MuTect --reference_sequence /home/abdelrahman/hg19/genome.fa --cosmic mutectdbs/b37_cosmic_v54_120711.vcf --dbsnp mutectdbs/dbsnp_132_b37.leftAligned.vcf --input_file:normal GATK_output/p_DS_bkm_123-N/p_DS_bkm_123-N.sorted.MarkDup.realn.fixed.bam --input_file:tumor GATK_output/p_DS_bkm_123-T/p_DS_bkm_123-T.sorted.MarkDup.realn.fixed.bam --out MuTect_output/patient_123/call_stats.txt --coverage_file MuTect_output/patient_123/coverage.wig.txt --vcf MuTect_output/patient_123/result.vcf 
INFO  14:01:06,412 HelpFormatter - Date/Time: 2016/06/08 14:01:06 
INFO  14:01:06,412 HelpFormatter - --------------------------------------------------------------------------------- 
INFO  14:01:06,412 HelpFormatter - --------------------------------------------------------------------------------- 
INFO  14:01:06,448 ArgumentTypeDescriptor - Dynamically determined type of mutectdbs/dbsnp_132_b37.leftAligned.vcf to be VCF 
INFO  14:01:06,464 ArgumentTypeDescriptor - Dynamically determined type of mutectdbs/b37_cosmic_v54_120711.vcf to be VCF 
INFO  14:01:06,472 GenomeAnalysisEngine - Strictness is SILENT 
INFO  14:01:06,522 GenomeAnalysisEngine - Downsampling Settings: Method: BY_SAMPLE Target Coverage: 1000  
INFO  14:01:06,528 SAMDataSource$SAMReaders - Initializing SAMRecords in serial 
INFO  14:01:07,493 SAMDataSource$SAMReaders - Done initializing BAM readers: total time 0.96 
WARN  14:01:52,698 FSLockWithShared - WARNING: Unable to lock file /archive/NabaviLab/TNBC_Project/fastq_raw_data/Project_5065_F/Patients/mutectdbs/dbsnp_132_b37.leftAligned.vcf.idx: No locks available. 
INFO  14:01:52,698 RMDTrackBuilder - Creating Tribble index in memory for file mutectdbs/dbsnp_132_b37.leftAligned.vcf 
WARN  14:02:41,168 VCFStandardHeaderLines$Standards - Repairing standard header line for field AF because -- count types disagree; header has UNBOUNDED but standard is A -- descriptions disagree; header has 'Allele Frequency' but standard is 'Allele Frequency, for each ALT allele, in the same order as listed' 
WARN  14:05:43,389 VCFStandardHeaderLines$Standards - Repairing standard header line for field AF because -- count types disagree; header has UNBOUNDED but standard is A -- descriptions disagree; header has 'Allele Frequency' but standard is 'Allele Frequency, for each ALT allele, in the same order as listed' 
WARN  14:05:43,402 FSLockWithShared - WARNING: Unable to lock file /archive/NabaviLab/TNBC_Project/fastq_raw_data/Project_5065_F/Patients/mutectdbs/b37_cosmic_v54_120711.vcf.idx: No locks available. 
INFO  14:05:43,402 RMDTrackBuilder - Creating Tribble index in memory for file mutectdbs/b37_cosmic_v54_120711.vcf 
INFO  14:05:43,892 ProgressMeter - [INITIALIZATION COMPLETE; STARTING PROCESSING] 
INFO  14:05:43,892 ProgressMeter -        Location processed.sites  runtime per.1M.sites completed total.runtime remaining 
INFO  14:05:49,120 MuTect - [MUTECTOR] Processed 1000097 reads in 4227 ms 
INFO  14:05:49,852 MuTect - [MUTECTOR] Inspected 1000 potential candidates 
INFO  14:05:50,666 MuTect - [MUTECTOR] Processed 2000154 reads in 1545 ms 
INFO  14:05:51,249 MuTect - [MUTECTOR] Inspected 2000 potential candidates 
INFO  14:05:51,796 MuTect - [MUTECTOR] Processed 3000238 reads in 1130 ms 
INFO  14:05:52,434 MuTect - [MUTECTOR] Inspected 3000 potential candidates 
INFO  14:05:53,060 MuTect - [MUTECTOR] Processed 4000243 reads in 1265 ms 
INFO  14:05:56,679 MuTect - [MUTECTOR] Processed 5000247 reads in 3619 ms 
INFO  14:05:57,185 MuTect - [MUTECTOR] Inspected 4000 potential candidates 
INFO  14:05:59,373 MuTect - [MUTECTOR] Inspected 5000 potential candidates 
INFO  14:05:59,767 MuTect - [MUTECTOR] Processed 6000289 reads in 3088 ms 
INFO  14:06:00,925 MuTect - [MUTECTOR] Processed 7000521 reads in 1158 ms 
INFO  14:06:01,186 MuTect - [MUTECTOR] Inspected 6000 potential candidates 
INFO  14:06:02,005 MuTect - [MUTECTOR] Processed 8000717 reads in 1079 ms 
INFO  14:06:02,904 MuTect - [MUTECTOR] Inspected 7000 potential candidates 
INFO  14:06:03,104 MuTect - [MUTECTOR] Processed 9000821 reads in 1100 ms 
INFO  14:06:04,341 MuTect - [MUTECTOR] Processed 10001118 reads in 1237 ms 
INFO  14:06:04,728 MuTect - [MUTECTOR] Inspected 8000 potential candidates 
INFO  14:06:05,649 MuTect - [MUTECTOR] Processed 11001248 reads in 1308 ms 
INFO  14:06:06,445 MuTect - [MUTECTOR] Inspected 9000 potential candidates 
INFO  14:06:06,640 MuTect - [MUTECTOR] Processed 12001302 reads in 991 ms 
INFO  14:06:07,727 MuTect - [MUTECTOR] Processed 13001315 reads in 1087 ms 
INFO  14:06:08,160 MuTect - [MUTECTOR] Inspected 10000 potential candidates 
INFO  14:06:09,332 MuTect - [MUTECTOR] Processed 14001316 reads in 1605 ms 
INFO  14:06:10,143 MuTect - [MUTECTOR] Inspected 11000 potential candidates 
INFO  14:06:10,688 MuTect - [MUTECTOR] Processed 15001557 reads in 1356 ms 
INFO  14:06:11,750 MuTect - [MUTECTOR] Processed 16001871 reads in 1062 ms 
INFO  14:06:11,880 MuTect - [MUTECTOR] Inspected 12000 potential candidates 
INFO  14:06:12,929 MuTect - [MUTECTOR] Processed 17001918 reads in 1179 ms 
INFO  14:06:13,691 MuTect - [MUTECTOR] Inspected 13000 potential candidates 
INFO  14:06:13,903 ProgressMeter -    chr1:1216117        1.23e+06   30.0 s       24.4 s      0.0%        20.9 h    20.9 h 
INFO  14:06:14,059 MuTect - [MUTECTOR] Processed 18001966 reads in 1130 ms 
INFO  14:06:15,045 MuTect - [MUTECTOR] Processed 19002008 reads in 986 ms 
INFO  14:06:15,450 MuTect - [MUTECTOR] Inspected 14000 potential candidates 
INFO  14:06:16,060 MuTect - [MUTECTOR] Processed 20002112 reads in 1015 ms 
INFO  14:06:17,343 MuTect - [MUTECTOR] Inspected 15000 potential candidates 
INFO  14:06:17,422 MuTect - [MUTECTOR] Processed 21002336 reads in 1362 ms 
INFO  14:06:18,486 MuTect - [MUTECTOR] Processed 22002496 reads in 1064 ms 
INFO  14:06:19,565 MuTect - [MUTECTOR] Inspected 16000 potential candidates 
INFO  14:06:19,748 MuTect - [MUTECTOR] Processed 23002629 reads in 1262 ms 
INFO  14:06:20,747 MuTect - [MUTECTOR] Processed 24002711 reads in 999 ms 
INFO  14:06:20,983 MuTect - [MUTECTOR] Inspected 17000 potential candidates 
INFO  14:06:21,885 MuTect - [MUTECTOR] Processed 25002786 reads in 1138 ms 
INFO  14:06:22,756 MuTect - [MUTECTOR] Inspected 18000 potential candidates 
INFO  14:06:23,039 MuTect - [MUTECTOR] Processed 26003106 reads in 1154 ms 
INFO  14:06:24,071 MuTect - [MUTECTOR] Processed 27003106 reads in 1032 ms 
INFO  14:06:24,679 MuTect - [MUTECTOR] Inspected 19000 potential candidates 
INFO  14:06:25,242 MuTect - [MUTECTOR] Processed 28003257 reads in 1171 ms 
INFO  14:06:26,538 MuTect - [MUTECTOR] Processed 29003440 reads in 1296 ms 
INFO  14:06:26,557 MuTect - [MUTECTOR] Inspected 20000 potential candidates 
INFO  14:06:27,818 MuTect - [MUTECTOR] Processed 30003532 reads in 1280 ms 
INFO  14:06:28,434 MuTect - [MUTECTOR] Inspected 21000 potential candidates 
INFO  14:06:29,226 MuTect - [MUTECTOR] Processed 31003640 reads in 1408 ms 
INFO  14:06:30,130 MuTect - [MUTECTOR] Inspected 22000 potential candidates 
INFO  14:06:30,320 MuTect - [MUTECTOR] Processed 32003687 reads in 1094 ms 
INFO  14:06:31,645 MuTect - [MUTECTOR] Processed 33003693 reads in 1325 ms 
INFO  14:06:32,660 MuTect - [MUTECTOR] Inspected 23000 potential candidates 
INFO  14:06:33,616 MuTect - [MUTECTOR] Processed 34003805 reads in 1971 ms 
INFO  14:06:35,172 MuTect - [MUTECTOR] Processed 35004092 reads in 1556 ms 
INFO  14:06:35,685 MuTect - [MUTECTOR] Inspected 24000 potential candidates 
INFO  14:06:36,373 MuTect - [MUTECTOR] Processed 36004125 reads in 1201 ms 
INFO  14:06:37,746 MuTect - [MUTECTOR] Inspected 25000 potential candidates 
INFO  14:06:38,032 MuTect - [MUTECTOR] Processed 37004165 reads in 1659 ms 
INFO  14:06:39,099 MuTect - [MUTECTOR] Processed 38004484 reads in 1067 ms 
INFO  14:06:39,237 MuTect - [MUTECTOR] Inspected 26000 potential candidates 
INFO  14:06:40,317 MuTect - [MUTECTOR] Processed 39004577 reads in 1218 ms 
INFO  14:06:41,035 MuTect - [MUTECTOR] Inspected 27000 potential candidates 
INFO  14:06:41,687 MuTect - [MUTECTOR] Processed 40004664 reads in 1370 ms 
INFO  14:06:43,368 MuTect - [MUTECTOR] Inspected 28000 potential candidates 
INFO  14:06:43,378 MuTect - [MUTECTOR] Processed 41004833 reads in 1691 ms 
INFO  14:06:44,617 MuTect - [MUTECTOR] Processed 42005024 reads in 1239 ms 
INFO  14:06:45,114 MuTect - [MUTECTOR] Inspected 29000 potential candidates 
INFO  14:06:45,835 MuTect - [MUTECTOR] Processed 43005025 reads in 1218 ms 
INFO  14:06:47,967 MuTect - [MUTECTOR] Inspected 30000 potential candidates 
INFO  14:06:48,253 MuTect - [MUTECTOR] Processed 44005032 reads in 2418 ms 
INFO  14:06:49,773 MuTect - [MUTECTOR] Processed 45005132 reads in 1520 ms 
INFO  14:06:50,102 MuTect - [MUTECTOR] Inspected 31000 potential candidates 
INFO  14:06:51,275 MuTect - [MUTECTOR] Processed 46005141 reads in 1502 ms 
INFO  14:06:52,733 MuTect - [MUTECTOR] Inspected 32000 potential candidates 
INFO  14:06:53,065 MuTect - [MUTECTOR] Processed 47005213 reads in 1790 ms 
INFO  14:06:54,070 MuTect - [MUTECTOR] Processed 48005215 reads in 1005 ms 
INFO  14:06:54,503 MuTect - [MUTECTOR] Inspected 33000 potential candidates 
INFO  14:06:55,077 MuTect - [MUTECTOR] Processed 49005376 reads in 1007 ms 
INFO  14:06:56,446 MuTect - [MUTECTOR] Inspected 34000 potential candidates 
INFO  14:06:56,550 MuTect - [MUTECTOR] Processed 50005450 reads in 1473 ms 
INFO  14:06:58,028 MuTect - [MUTECTOR] Processed 51005593 reads in 1478 ms 
INFO  14:06:58,321 MuTect - [MUTECTOR] Inspected 35000 potential candidates 
INFO  14:07:00,259 MuTect - [MUTECTOR] Processed 52005690 reads in 2231 ms 
INFO  14:07:00,426 MuTect - [MUTECTOR] Inspected 36000 potential candidates 
INFO  14:07:03,948 MuTect - [MUTECTOR] Processed 53005810 reads in 3689 ms 
INFO  14:07:05,458 MuTect - [MUTECTOR] Inspected 37000 potential candidates 
INFO  14:07:07,392 MuTect - [MUTECTOR] Processed 54005842 reads in 3444 ms 
INFO  14:07:08,483 MuTect - [MUTECTOR] Processed 55005991 reads in 1091 ms 
INFO  14:07:08,532 MuTect - [MUTECTOR] Inspected 38000 potential candidates 
INFO  14:07:10,250 MuTect - [MUTECTOR] Processed 56006300 reads in 1767 ms 
INFO  14:07:10,913 MuTect - [MUTECTOR] Inspected 39000 potential candidates 
INFO  14:07:11,760 MuTect - [MUTECTOR] Processed 57006454 reads in 1510 ms 
INFO  14:07:13,085 MuTect - [MUTECTOR] Inspected 40000 potential candidates 
INFO  14:07:13,520 MuTect - [MUTECTOR] Processed 58006454 reads in 1759 ms 
INFO  14:07:13,902 ProgressMeter -    chr1:3522377        3.52e+06   90.0 s       25.6 s      0.1%        21.9 h    21.8 h 
INFO  14:07:14,868 MuTect - [MUTECTOR] Processed 59006643 reads in 1349 ms 
INFO  14:07:15,395 MuTect - [MUTECTOR] Inspected 41000 potential candidates 
INFO  14:07:16,478 MuTect - [MUTECTOR] Processed 60006984 reads in 1610 ms 
INFO  14:07:17,975 MuTect - [MUTECTOR] Inspected 42000 potential candidates 
INFO  14:07:18,006 MuTect - [MUTECTOR] Processed 61007251 reads in 1528 ms 
INFO  14:07:19,195 MuTect - [MUTECTOR] Processed 62007300 reads in 1189 ms 
INFO  14:07:19,840 MuTect - [MUTECTOR] Inspected 43000 potential candidates 
INFO  14:07:20,279 MuTect - [MUTECTOR] Processed 63007310 reads in 1084 ms 
INFO  14:07:21,669 MuTect - [MUTECTOR] Processed 64007323 reads in 1390 ms 
INFO  14:07:22,202 MuTect - [MUTECTOR] Inspected 44000 potential candidates 
INFO  14:07:22,950 MuTect - [MUTECTOR] Processed 65007424 reads in 1281 ms 
INFO  14:07:23,952 MuTect - [MUTECTOR] Inspected 45000 potential candidates 
INFO  14:07:24,339 MuTect - [MUTECTOR] Processed 66007497 reads in 1389 ms 
INFO  14:07:29,207 MuTect - [MUTECTOR] Processed 67007500 reads in 4868 ms 
INFO  14:07:51,672 MuTect - [MUTECTOR] Inspected 46000 potential candidates 
INFO  14:07:53,942 MuTect - [MUTECTOR] Processed 68007651 reads in 24735 ms 
INFO  14:07:56,291 MuTect - [MUTECTOR] Inspected 47000 potential candidates 
INFO  14:07:59,472 MuTect - [MUTECTOR] Inspected 48000 potential candidates 
INFO  14:08:00,309 MuTect - [MUTECTOR] Processed 69007676 reads in 6367 ms 
INFO  14:08:02,008 MuTect - [MUTECTOR] Processed 70007709 reads in 1699 ms 
INFO  14:08:02,510 MuTect - [MUTECTOR] Inspected 49000 potential candidates 
INFO  14:08:03,593 MuTect - [MUTECTOR] Processed 71007782 reads in 1585 ms 
INFO  14:08:05,244 MuTect - [MUTECTOR] Inspected 50000 potential candidates 
INFO  14:08:05,556 MuTect - [MUTECTOR] Processed 72007836 reads in 1963 ms 
INFO  14:08:06,676 MuTect - [MUTECTOR] Processed 73007896 reads in 1120 ms 
INFO  14:08:07,131 MuTect - [MUTECTOR] Inspected 51000 potential candidates 
INFO  14:08:07,809 MuTect - [MUTECTOR] Processed 74007955 reads in 1133 ms 
INFO  14:08:08,712 MuTect - [MUTECTOR] Inspected 52000 potential candidates 
INFO  14:08:09,123 MuTect - [MUTECTOR] Processed 75007963 reads in 1314 ms 
INFO  14:08:10,499 MuTect - [MUTECTOR] Processed 76008043 reads in 1376 ms 
INFO  14:08:10,589 MuTect - [MUTECTOR] Inspected 53000 potential candidates 
INFO  14:08:11,609 MuTect - [MUTECTOR] Processed 77008342 reads in 1110 ms 
INFO  14:08:12,210 MuTect - [MUTECTOR] Inspected 54000 potential candidates 
INFO  14:08:12,951 MuTect - [MUTECTOR] Processed 78008414 reads in 1342 ms 
INFO  14:08:13,932 ProgressMeter -    chr1:6393561        6.41e+06    2.5 m       23.4 s      0.2%        20.1 h    20.1 h 
INFO  14:08:14,724 MuTect - [MUTECTOR] Inspected 55000 potential candidates 
INFO  14:08:14,957 MuTect - [MUTECTOR] Processed 79008429 reads in 2006 ms 
INFO  14:08:16,384 MuTect - [MUTECTOR] Processed 80008438 reads in 1427 ms 
INFO  14:08:17,112 MuTect - [MUTECTOR] Inspected 56000 potential candidates 
INFO  14:08:17,707 MuTect - [MUTECTOR] Processed 81008438 reads in 1323 ms 
INFO  14:08:18,847 MuTect - [MUTECTOR] Processed 82008617 reads in 1140 ms 
INFO  14:08:19,457 MuTect - [MUTECTOR] Inspected 57000 potential candidates 
INFO  14:08:20,378 MuTect - [MUTECTOR] Processed 83008617 reads in 1531 ms 
INFO  14:08:21,568 MuTect - [MUTECTOR] Inspected 58000 potential candidates 
INFO  14:08:21,771 MuTect - [MUTECTOR] Processed 84008786 reads in 1393 ms 
INFO  14:08:22,873 MuTect - [MUTECTOR] Processed 85008992 reads in 1102 ms 
INFO  14:08:23,555 MuTect - [MUTECTOR] Inspected 59000 potential candidates 
INFO  14:08:23,883 MuTect - [MUTECTOR] Processed 86009259 reads in 1009 ms 
INFO  14:08:25,051 MuTect - [MUTECTOR] Processed 87009627 reads in 1169 ms 
INFO  14:08:25,369 MuTect - [MUTECTOR] Inspected 60000 potential candidates 
INFO  14:08:26,072 MuTect - [MUTECTOR] Processed 88009868 reads in 1021 ms 
INFO  14:08:28,147 MuTect - [MUTECTOR] Processed 89009933 reads in 2075 ms 
INFO  14:08:28,300 MuTect - [MUTECTOR] Inspected 61000 potential candidates 
INFO  14:08:32,689 MuTect - [MUTECTOR] Processed 90009933 reads in 4542 ms 
INFO  14:08:33,929 MuTect - [MUTECTOR] Inspected 62000 potential candidates 
INFO  14:08:35,444 MuTect - [MUTECTOR] Processed 91010254 reads in 2755 ms 
INFO  14:08:36,858 MuTect - [MUTECTOR] Inspected 63000 potential candidates 
INFO  14:08:36,892 MuTect - [MUTECTOR] Processed 92010277 reads in 1448 ms 
INFO  14:08:37,934 MuTect - [MUTECTOR] Processed 93010656 reads in 1042 ms 
INFO  14:08:38,748 MuTect - [MUTECTOR] Inspected 64000 potential candidates 
INFO  14:08:39,016 MuTect - [MUTECTOR] Processed 94010674 reads in 1082 ms 
INFO  14:08:40,346 MuTect - [MUTECTOR] Processed 95010715 reads in 1330 ms 
INFO  14:08:41,063 MuTect - [MUTECTOR] Inspected 65000 potential candidates 
INFO  14:08:41,612 MuTect - [MUTECTOR] Processed 96010716 reads in 1266 ms 
INFO  14:08:43,043 MuTect - [MUTECTOR] Processed 97010718 reads in 1430 ms 
INFO  14:08:43,843 MuTect - [MUTECTOR] Inspected 66000 potential candidates 
INFO  14:08:44,803 MuTect - [MUTECTOR] Processed 98010864 reads in 1761 ms 
INFO  14:08:46,075 MuTect - [MUTECTOR] Processed 99010935 reads in 1272 ms 
INFO  14:08:46,899 MuTect - [MUTECTOR] Inspected 67000 potential candidates 
INFO  14:08:49,422 MuTect - [MUTECTOR] Processed 100011066 reads in 3347 ms 
INFO  14:08:50,186 MuTect - [MUTECTOR] Inspected 68000 potential candidates 
INFO  14:08:50,617 MuTect - [MUTECTOR] Processed 101011136 reads in 1195 ms 
INFO  14:08:52,147 MuTect - [MUTECTOR] Inspected 69000 potential candidates 
INFO  14:08:52,230 MuTect - [MUTECTOR] Processed 102011230 reads in 1613 ms 
INFO  14:08:54,621 MuTect - [MUTECTOR] Processed 103011231 reads in 2391 ms 
INFO  14:08:55,428 MuTect - [MUTECTOR] Inspected 70000 potential candidates 
INFO  14:08:55,895 MuTect - [MUTECTOR] Processed 104011518 reads in 1274 ms 
INFO  14:08:57,811 MuTect - [MUTECTOR] Processed 105011621 reads in 1916 ms 
INFO  14:08:57,953 MuTect - [MUTECTOR] Inspected 71000 potential candidates 
INFO  14:08:59,170 MuTect - [MUTECTOR] Processed 106011723 reads in 1359 ms 
INFO  14:09:00,064 MuTect - [MUTECTOR] Inspected 72000 potential candidates 
INFO  14:09:00,627 MuTect - [MUTECTOR] Processed 107011814 reads in 1457 ms 
INFO  14:09:02,753 MuTect - [MUTECTOR] Processed 108011834 reads in 2126 ms 
INFO  14:09:02,794 MuTect - [MUTECTOR] Inspected 73000 potential candidates 
INFO  14:09:04,362 MuTect - [MUTECTOR] Processed 109012177 reads in 1609 ms 
INFO  14:09:06,150 MuTect - [MUTECTOR] Inspected 74000 potential candidates 
INFO  14:09:06,983 MuTect - [MUTECTOR] Processed 110012179 reads in 2621 ms 
INFO  14:09:08,275 MuTect - [MUTECTOR] Processed 111012445 reads in 1292 ms 
INFO  14:09:08,315 MuTect - [MUTECTOR] Inspected 75000 potential candidates 
INFO  14:09:09,792 MuTect - [MUTECTOR] Processed 112012636 reads in 1517 ms 
INFO  14:11:26,642 ProgressMeter -    chr1:9781249        9.80e+06    5.7 m       35.0 s      0.3%        30.1 h    30.0 h 
INFO  14:11:27,115 MuTect - [MUTECTOR] Inspected 76000 potential candidates 
INFO  14:11:27,559 MuTect - [MUTECTOR] Processed 113012978 reads in 137767 ms 
INFO  14:11:28,606 MuTect - [MUTECTOR] Processed 114013261 reads in 1047 ms 
INFO  14:11:28,811 MuTect - [MUTECTOR] Inspected 77000 potential candidates 
INFO  14:11:31,006 MuTect - [MUTECTOR] Processed 115013262 reads in 2400 ms 
INFO  14:11:32,278 MuTect - [MUTECTOR] Inspected 78000 potential candidates 
INFO  14:11:32,695 MuTect - [MUTECTOR] Processed 116013279 reads in 1689 ms 
INFO  14:11:34,124 MuTect - [MUTECTOR] Processed 117013727 reads in 1429 ms 
INFO  14:11:34,808 MuTect - [MUTECTOR] Inspected 79000 potential candidates 
INFO  14:11:35,173 MuTect - [MUTECTOR] Processed 118013752 reads in 1049 ms 
INFO  14:11:36,335 MuTect - [MUTECTOR] Processed 119013848 reads in 1162 ms 
INFO  14:11:36,861 MuTect - [MUTECTOR] Inspected 80000 potential candidates 
INFO  14:11:37,753 MuTect - [MUTECTOR] Processed 120014061 reads in 1418 ms 
