Normal Pileup: patient_111-N.pileup
Tumor Pileup: patient_111-T.pileup
Min coverage:	10
Min avg qual:	15
P-value thresh:	0.01
Not resetting normal file because chr10 < chr9
Not resetting normal file because chr10 < chr9
Not resetting normal file because chr10 < chr9
Not resetting normal file because chr10 < chr9
Not resetting normal file because chr10 < chr9
Not resetting normal file because chr10 < chr9
Not resetting normal file because chr10 < chr9
Not resetting normal file because chr10 < chr9
Not resetting normal file because chr10 < chr9
Not resetting normal file because chr10 < chr9
Not resetting normal file because chr10 < chr9
Not resetting normal file because chr10 < chr9
Not resetting normal file because chr10 < chr9
Not resetting normal file because chr10 < chr9
Not resetting normal file because chr10 < chr9
Not resetting normal file because chr10 < chr9
Not resetting normal file because chr10 < chr9
Not resetting normal file because chr10 < chr9
Not resetting normal file because chr10 < chr9
Not resetting normal file because chr10 < chr9
Not resetting normal file because chr10 < chr9
Not resetting normal file because chr10 < chr9
Not resetting normal file because chr10 < chr9
Not resetting normal file because chr10 < chr9
Not resetting normal file because chr10 < chr9
Not resetting normal file because chr10 < chr9
Not resetting normal file because chr10 < chr9
Not resetting normal file because chr10 < chr9
Not resetting normal file because chr10 < chr9
Not resetting normal file because chr10 < chr9
Not resetting normal file because chr10 < chr9
Not resetting normal file because chr10 < chr9
Not resetting normal file because chr10 < chr9
Not resetting normal file because chr10 < chr9
Not resetting normal file because chr10 < chr9
Not resetting normal file because chr10 < chr9
Not resetting normal file because chr10 < chr9
Not resetting normal file because chr10 < chr9
Not resetting normal file because chr10 < chr9
Not resetting normal file because chr10 < chr9
Not resetting normal file because chr10 < chr9
Not resetting normal file because chr10 < chr9
Not resetting normal file because chr10 < chr9
Not resetting normal file because chr10 < chr9
Not resetting normal file because chr10 < chr9
Not resetting normal file because chr10 < chr9
Not resetting normal file because chr10 < chr9
Not resetting normal file because chr10 < chr9
Not resetting normal file because chr10 < chr9
Not resetting normal file because chr10 < chr9
Not resetting normal file because chr10 < chr9
Not resetting normal file because chr10 < chr9
Not resetting normal file because chr10 < chr9
Not resetting normal file because chr10 < chr9
Not resetting normal file because chr10 < chr9
Not resetting normal file because chr10 < chr9
Not resetting normal file because chr10 < chr9
Not resetting normal file because chr10 < chr9
Not resetting normal file because chr10 < chr9
Not resetting normal file because chr10 < chr9
Not resetting normal file because chr10 < chr9
Not resetting normal file because chr10 < chr9
Not resetting normal file because chr10 < chr9
Not resetting normal file because chr10 < chr9
Not resetting normal file because chr10 < chr9
Not resetting normal file because chr10 < chr9
Not resetting normal file because chr10 < chr9
Not resetting normal file because chr10 < chr9
Not resetting normal file because chr10 < chr9
Not resetting normal file because chr10 < chr9
Not resetting normal file because chr10 < chr9
Not resetting normal file because chr10 < chr9
Not resetting normal file because chr10 < chr9
Not resetting normal file because chr10 < chr9
Not resetting normal file because chr10 < chr9
Not resetting normal file because chr10 < chr9
Not resetting normal file because chr10 < chr9
Not resetting normal file because chr10 < chr9
Not resetting normal file because chr10 < chr9
Not resetting normal file because chr10 < chr9
Not resetting normal file because chr10 < chr9
Not resetting normal file because chr10 < chr9
Not resetting normal file because chr10 < chr9
Not resetting normal file because chr10 < chr9
Not resetting normal file because chr10 < chr9
Not resetting normal file because chr10 < chr9
Not resetting normal file because chr10 < chr9
Not resetting normal file because chr10 < chr9
Not resetting normal file because chr10 < chr9
Not resetting normal file because chr10 < chr9
Not resetting normal file because chr10 < chr9
Not resetting normal file because chr10 < chr9
Not resetting normal file because chr10 < chr9
Not resetting normal file because chr10 < chr9
Not resetting normal file because chr10 < chr9
Not resetting normal file because chr10 < chr9
Not resetting normal file because chr10 < chr9
Not resetting normal file because chr10 < chr9
Not resetting normal file because chr10 < chr9
Not resetting normal file because chr10 < chr9
Not resetting normal file because chr10 < chr9
Not resetting normal file because chr10 < chr9
Not resetting normal file because chr10 < chr9
Not resetting normal file because chr10 < chr9
Not resetting normal file because chr10 < chr9
Not resetting normal file because chr10 < chr9
Not resetting normal file because chr10 < chr9
Not resetting normal file because chr10 < chr9
Not resetting normal file because chr10 < chr9
Not resetting normal file because chr10 < chr9
Not resetting normal file because chr10 < chr9
Not resetting normal file because chr10 < chr9
Not resetting normal file because chr10 < chr9
Not resetting normal file because chr10 < chr9
Not resetting normal file because chr10 < chr9
Not resetting normal file because chr10 < chr9
Not resetting normal file because chr10 < chr9
Not resetting normal file because chr10 < chr9
Not resetting normal file because chr10 < chr9
Not resetting normal file because chr10 < chr9
Not resetting normal file because chr10 < chr9
Not resetting normal file because chr10 < chr9
Not resetting normal file because chr10 < chr9
Not resetting normal file because chr10 < chr9
Not resetting normal file because chr10 < chr9
Not resetting normal file because chr10 < chr9
Not resetting normal file because chr10 < chr9
Not resetting normal file because chr10 < chr9
Not resetting normal file because chr10 < chr9
Not resetting normal file because chr10 < chr9
Not resetting normal file because chr10 < chr9
Not resetting normal file because chr10 < chr9
Not resetting normal file because chr10 < chr9
Not resetting normal file because chr10 < chr9
Not resetting normal file because chr10 < chr9
Not resetting normal file because chr10 < chr9
Not resetting normal file because chr10 < chr9
Not resetting normal file because chr10 < chr9
Not resetting normal file because chr10 < chr9
Not resetting normal file because chr10 < chr9
Not resetting normal file because chr10 < chr9
Not resetting normal file because chr10 < chr9
Not resetting normal file because chr10 < chr9
Not resetting normal file because chr10 < chr9
Not resetting normal file because chr10 < chr9
Not resetting normal file because chr10 < chr9
Not resetting normal file because chr10 < chr9
Not resetting normal file because chr10 < chr9
Not resetting normal file because chr10 < chr9
Not resetting normal file because chr10 < chr9
Not resetting normal file because chr10 < chr9
Not resetting normal file because chr10 < chr9
Not resetting normal file because chr10 < chr9
Not resetting normal file because chr10 < chr9
Not resetting normal file because chr10 < chr9
Not resetting normal file because chr10 < chr9
Not resetting normal file because chr10 < chr9
Not resetting normal file because chr10 < chr9
Not resetting normal file because chr10 < chr9
Not resetting normal file because chr10 < chr9
Not resetting normal file because chr10 < chr9
Not resetting normal file because chr10 < chr9
Not resetting normal file because chr10 < chr9
Not resetting normal file because chr10 < chr9
Not resetting normal file because chr10 < chr9
Not resetting normal file because chr10 < chr9
Not resetting normal file because chr10 < chr9
Not resetting normal file because chr10 < chr9
Not resetting normal file because chr10 < chr9
Not resetting normal file because chr10 < chr9
Not resetting normal file because chr10 < chr9
Not resetting normal file because chr10 < chr9
Not resetting normal file because chr10 < chr9
Not resetting normal file because chr10 < chr9
Not resetting normal file because chr10 < chr9
Not resetting normal file because chr10 < chr9
Not resetting normal file because chr10 < chr9
Not resetting normal file because chr10 < chr9
Not resetting normal file because chr10 < chr9
Not resetting normal file because chr10 < chr9
Not resetting normal file because chr10 < chr9
Not resetting normal file because chr10 < chr9
Not resetting normal file because chr10 < chr9
Not resetting normal file because chr10 < chr9
Not resetting normal file because chr10 < chr9
Not resetting normal file because chr10 < chr9
Not resetting normal file because chr10 < chr9
Not resetting normal file because chr10 < chr9
Not resetting normal file because chr10 < chr9
Not resetting normal file because chr10 < chr9
Not resetting normal file because chr10 < chr9
Not resetting normal file because chr10 < chr9
Not resetting normal file because chr10 < chr9
Not resetting normal file because chr10 < chr9
Not resetting normal file because chr10 < chr9
Not resetting normal file because chr10 < chr9
Not resetting normal file because chr10 < chr9
Not resetting normal file because chr10 < chr9
Not resetting normal file because chr10 < chr9
Not resetting normal file because chr10 < chr9
Not resetting normal file because chr10 < chr9
Not resetting normal file because chr10 < chr9
Not resetting normal file because chr10 < chr9
Not resetting normal file because chr10 < chr9
Not resetting normal file because chr10 < chr9
Not resetting normal file because chr10 < chr9
Not resetting normal file because chr10 < chr9
Not resetting normal file because chr10 < chr9
Not resetting normal file because chr10 < chr9
Not resetting normal file because chr10 < chr9
Not resetting normal file because chr10 < chr9
Not resetting normal file because chr10 < chr9
Not resetting normal file because chr10 < chr9
Not resetting normal file because chr10 < chr9
Not resetting normal file because chr10 < chr9
Not resetting normal file because chr10 < chr9
Not resetting normal file because chr10 < chr9
Not resetting normal file because chr10 < chr9
Not resetting normal file because chr10 < chr9
Not resetting normal file because chr10 < chr9
Not resetting normal file because chr10 < chr9
Not resetting normal file because chr10 < chr9
Not resetting normal file because chr10 < chr9
Not resetting normal file because chr10 < chr9
Not resetting normal file because chr10 < chr9
Not resetting normal file because chr10 < chr9
Not resetting normal file because chr10 < chr9
Not resetting normal file because chr10 < chr9
Not resetting normal file because chr10 < chr9
Not resetting normal file because chr10 < chr9
Not resetting normal file because chr10 < chr9
Not resetting normal file because chr10 < chr9
Not resetting normal file because chr10 < chr9
Not resetting normal file because chr10 < chr9
Not resetting normal file because chr10 < chr9
Not resetting normal file because chr10 < chr9
Not resetting normal file because chr10 < chr9
Not resetting normal file because chr10 < chr9
Not resetting normal file because chr10 < chr9
Not resetting normal file because chr10 < chr9
Not resetting normal file because chr10 < chr9
Not resetting normal file because chr10 < chr9
Not resetting normal file because chr10 < chr9
Not resetting normal file because chr10 < chr9
Not resetting normal file because chr10 < chr9
Not resetting normal file because chr10 < chr9
Not resetting normal file because chr10 < chr9
Not resetting normal file because chr10 < chr9
Not resetting normal file because chr10 < chr9
Not resetting normal file because chr10 < chr9
Not resetting normal file because chr10 < chr9
Not resetting normal file because chr10 < chr9
Not resetting normal file because chr10 < chr9
Not resetting normal file because chr10 < chr9
Not resetting normal file because chr10 < chr9
Not resetting normal file because chr10 < chr9
Not resetting normal file because chr10 < chr9
Not resetting normal file because chr10 < chr9
Not resetting normal file because chr10 < chr9
Not resetting normal file because chr10 < chr9
Not resetting normal file because chr10 < chr9
Not resetting normal file because chr10 < chr9
Not resetting normal file because chr10 < chr9
Not resetting normal file because chr10 < chr9
Not resetting normal file because chr10 < chr9
Not resetting normal file because chr10 < chr9
Not resetting normal file because chr10 < chr9
Not resetting normal file because chr10 < chr9
Not resetting normal file because chr10 < chr9
Not resetting normal file because chr10 < chr9
Not resetting normal file because chr10 < chr9
Not resetting normal file because chr10 < chr9
Not resetting normal file because chr10 < chr9
Not resetting normal file because chr10 < chr9
Not resetting normal file because chr10 < chr9
Not resetting normal file because chr10 < chr9
Not resetting normal file because chr10 < chr9
Not resetting normal file because chr10 < chr9
Not resetting normal file because chr10 < chr9
Not resetting normal file because chr10 < chr9
Not resetting normal file because chr10 < chr9
Not resetting normal file because chr10 < chr9
Not resetting normal file because chr10 < chr9
Not resetting normal file because chr10 < chr9
Not resetting normal file because chr10 < chr9
Not resetting normal file because chr10 < chr9
Not resetting normal file because chr10 < chr9
Not resetting normal file because chr10 < chr9
Not resetting normal file because chr10 < chr9
Not resetting normal file because chr10 < chr9
Not resetting normal file because chr10 < chr9
Not resetting normal file because chr10 < chr9
Not resetting normal file because chr10 < chr9
Not resetting normal file because chr10 < chr9
Not resetting normal file because chr10 < chr9
Not resetting normal file because chr10 < chr9
Not resetting normal file because chr10 < chr9
Not resetting normal file because chr10 < chr9
Not resetting normal file because chr10 < chr9
Not resetting normal file because chr10 < chr9
Not resetting normal file because chr10 < chr9
Not resetting normal file because chr10 < chr9
Not resetting normal file because chr10 < chr9
Not resetting normal file because chr10 < chr9
Not resetting normal file because chr10 < chr9
Not resetting normal file because chr10 < chr9
Not resetting normal file because chr10 < chr9
Not resetting normal file because chr10 < chr9
Not resetting normal file because chr10 < chr9
Not resetting normal file because chr10 < chr9
Not resetting normal file because chr10 < chr9
Not resetting normal file because chr10 < chr9
Not resetting normal file because chr10 < chr9
Not resetting normal file because chr10 < chr9
Not resetting normal file because chr10 < chr9
Not resetting normal file because chr10 < chr9
Not resetting normal file because chr10 < chr9
Not resetting normal file because chr10 < chr9
Not resetting normal file because chr10 < chr9
Not resetting normal file because chr10 < chr9
Not resetting normal file because chr10 < chr9
Not resetting normal file because chr10 < chr9
Not resetting normal file because chr10 < chr9
Not resetting normal file because chr10 < chr9
Not resetting normal file because chr10 < chr9
Not resetting normal file because chr10 < chr9
Not resetting normal file because chr10 < chr9
Not resetting normal file because chr10 < chr9
Not resetting normal file because chr10 < chr9
Not resetting normal file because chr10 < chr9
Not resetting normal file because chr10 < chr9
Not resetting normal file because chr10 < chr9
Not resetting normal file because chr10 < chr9
Not resetting normal file because chr10 < chr9
Not resetting normal file because chr10 < chr9
Not resetting normal file because chr10 < chr9
Not resetting normal file because chr10 < chr9
Not resetting normal file because chr10 < chr9
Not resetting normal file because chr10 < chr9
Not resetting normal file because chr10 < chr9
Not resetting normal file because chr10 < chr9
Not resetting normal file because chr10 < chr9
Not resetting normal file because chr10 < chr9
Not resetting normal file because chr10 < chr9
Not resetting normal file because chr10 < chr9
Not resetting normal file because chr10 < chr9
Not resetting normal file because chr10 < chr9
Not resetting normal file because chr10 < chr9
Not resetting normal file because chr10 < chr9
Not resetting normal file because chr10 < chr9
Not resetting normal file because chr10 < chr9
Not resetting normal file because chr10 < chr9
Not resetting normal file because chr10 < chr9
Not resetting normal file because chr10 < chr9
Not resetting normal file because chr10 < chr9
Not resetting normal file because chr10 < chr9
Not resetting normal file because chr10 < chr9
Not resetting normal file because chr10 < chr9
Not resetting normal file because chr10 < chr9
Not resetting normal file because chr10 < chr9
Not resetting normal file because chr10 < chr9
Not resetting normal file because chr10 < chr9
Not resetting normal file because chr10 < chr9
Not resetting normal file because chr10 < chr9
Not resetting normal file because chr10 < chr9
Not resetting normal file because chr10 < chr9
Not resetting normal file because chr10 < chr9
Not resetting normal file because chr10 < chr9
Not resetting normal file because chr10 < chr9
Not resetting normal file because chr10 < chr9
Not resetting normal file because chr10 < chr9
Not resetting normal file because chr10 < chr9
Not resetting normal file because chr10 < chr9
Not resetting normal file because chr10 < chr9
Not resetting normal file because chr10 < chr9
Not resetting normal file because chr10 < chr9
Not resetting normal file because chr10 < chr9
Not resetting normal file because chr10 < chr9
Not resetting normal file because chr10 < chr9
Not resetting normal file because chr10 < chr9
Not resetting normal file because chr10 < chr9
Not resetting normal file because chr10 < chr9
Not resetting normal file because chr10 < chr9
Not resetting normal file because chr10 < chr9
Not resetting normal file because chr10 < chr9
Not resetting normal file because chr10 < chr9
Not resetting normal file because chr10 < chr9
Not resetting normal file because chr10 < chr9
Not resetting normal file because chr10 < chr9
Not resetting normal file because chr10 < chr9
Not resetting normal file because chr10 < chr9
Not resetting normal file because chr10 < chr9
Not resetting normal file because chr10 < chr9
Not resetting normal file because chr10 < chr9
Not resetting normal file because chr10 < chr9
Not resetting normal file because chr10 < chr9
Not resetting normal file because chr10 < chr9
Not resetting normal file because chr10 < chr9
Not resetting normal file because chr10 < chr9
Not resetting normal file because chr10 < chr9
Not resetting normal file because chr10 < chr9
Not resetting normal file because chr10 < chr9
Not resetting normal file because chr10 < chr9
Not resetting normal file because chr10 < chr9
Not resetting normal file because chr10 < chr9
Not resetting normal file because chr10 < chr9
Not resetting normal file because chr10 < chr9
Not resetting normal file because chr10 < chr9
Not resetting normal file because chr10 < chr9
Not resetting normal file because chr10 < chr9
Not resetting normal file because chr10 < chr9
Not resetting normal file because chr10 < chr9
Not resetting normal file because chr10 < chr9
Not resetting normal file because chr10 < chr9
Not resetting normal file because chr10 < chr9
Not resetting normal file because chr10 < chr9
Not resetting normal file because chr10 < chr9
Not resetting normal file because chr10 < chr9
Not resetting normal file because chr10 < chr9
Not resetting normal file because chr10 < chr9
Not resetting normal file because chr10 < chr9
Not resetting normal file because chr10 < chr9
Not resetting normal file because chr10 < chr9
Not resetting normal file because chr10 < chr9
Not resetting normal file because chr10 < chr9
Not resetting normal file because chr10 < chr9
Not resetting normal file because chr10 < chr9
Not resetting normal file because chr10 < chr9
Not resetting normal file because chr10 < chr9
Not resetting normal file because chr10 < chr9
Not resetting normal file because chr10 < chr9
Not resetting normal file because chr10 < chr9
Not resetting normal file because chr10 < chr9
Not resetting normal file because chr10 < chr9
Not resetting normal file because chr10 < chr9
Not resetting normal file because chr10 < chr9
Not resetting normal file because chr10 < chr9
Not resetting normal file because chr10 < chr9
Not resetting normal file because chr10 < chr9
Not resetting normal file because chr10 < chr9
Not resetting normal file because chr10 < chr9
Not resetting normal file because chr10 < chr9
Not resetting normal file because chr10 < chr9
Not resetting normal file because chr10 < chr9
Not resetting normal file because chr10 < chr9
Not resetting normal file because chr10 < chr9
Not resetting normal file because chr10 < chr9
Not resetting normal file because chr10 < chr9
Not resetting normal file because chr10 < chr9
Not resetting normal file because chr10 < chr9
Not resetting normal file because chr10 < chr9
Not resetting normal file because chr10 < chr9
Not resetting normal file because chr10 < chr9
Not resetting normal file because chr10 < chr9
Not resetting normal file because chr10 < chr9
Not resetting normal file because chr10 < chr9
Not resetting normal file because chr10 < chr9
Not resetting normal file because chr10 < chr9
Not resetting normal file because chr10 < chr9
Not resetting normal file because chr10 < chr9
Not resetting normal file because chr10 < chr9
Not resetting normal file because chr10 < chr9
Not resetting normal file because chr10 < chr9
Not resetting normal file because chr10 < chr9
Not resetting normal file because chr10 < chr9
Not resetting normal file because chr10 < chr9
Not resetting normal file because chr10 < chr9
Not resetting normal file because chr10 < chr9
Not resetting normal file because chr10 < chr9
Not resetting normal file because chr10 < chr9
Not resetting normal file because chr10 < chr9
Not resetting normal file because chr10 < chr9
Not resetting normal file because chr10 < chr9
Not resetting normal file because chr10 < chr9
Not resetting normal file because chr10 < chr9
Not resetting normal file because chr10 < chr9
Not resetting normal file because chr10 < chr9
Not resetting normal file because chr10 < chr9
Not resetting normal file because chr10 < chr9
Not resetting normal file because chr10 < chr9
Not resetting normal file because chr10 < chr9
Not resetting normal file because chr10 < chr9
Not resetting normal file because chr10 < chr9
Not resetting normal file because chr10 < chr9
Not resetting normal file because chr10 < chr9
Not resetting normal file because chr10 < chr9
Not resetting normal file because chr10 < chr9
Not resetting normal file because chr10 < chr9
Not resetting normal file because chr10 < chr9
Not resetting normal file because chr10 < chr9
Not resetting normal file because chr10 < chr9
Not resetting normal file because chr10 < chr9
Not resetting normal file because chr10 < chr9
Not resetting normal file because chr10 < chr9
Not resetting normal file because chr10 < chr9
Not resetting normal file because chr10 < chr9
Not resetting normal file because chr10 < chr9
Not resetting normal file because chr10 < chr9
Not resetting normal file because chr10 < chr9
Not resetting normal file because chr10 < chr9
Not resetting normal file because chr10 < chr9
Not resetting normal file because chr10 < chr9
Not resetting normal file because chr10 < chr9
Not resetting normal file because chr10 < chr9
Not resetting normal file because chr10 < chr9
Not resetting normal file because chr10 < chr9
Not resetting normal file because chr10 < chr9
Not resetting normal file because chr10 < chr9
Not resetting normal file because chr10 < chr9
Not resetting normal file because chr10 < chr9
Not resetting normal file because chr10 < chr9
Not resetting normal file because chr10 < chr9
Not resetting normal file because chr10 < chr9
Not resetting normal file because chr10 < chr9
Not resetting normal file because chr10 < chr9
Not resetting normal file because chr10 < chr9
Not resetting normal file because chr10 < chr9
Not resetting normal file because chr10 < chr9
Not resetting normal file because chr10 < chr9
Not resetting normal file because chr10 < chr9
Not resetting normal file because chr10 < chr9
Not resetting normal file because chr10 < chr9
Not resetting normal file because chr10 < chr9
Not resetting normal file because chr10 < chr9
Not resetting normal file because chr10 < chr9
Not resetting normal file because chr10 < chr9
Not resetting normal file because chr10 < chr9
Not resetting normal file because chr10 < chr9
Not resetting normal file because chr10 < chr9
Not resetting normal file because chr10 < chr9
Not resetting normal file because chr10 < chr9
Not resetting normal file because chr10 < chr9
Not resetting normal file because chr10 < chr9
Not resetting normal file because chr10 < chr9
Not resetting normal file because chr10 < chr9
Not resetting normal file because chr10 < chr9
Not resetting normal file because chr10 < chr9
Not resetting normal file because chr10 < chr9
Not resetting normal file because chr10 < chr9
Not resetting normal file because chr10 < chr9
Not resetting normal file because chr10 < chr9
Not resetting normal file because chr10 < chr9
Not resetting normal file because chr10 < chr9
Not resetting normal file because chr10 < chr9
Not resetting normal file because chr10 < chr9
Not resetting normal file because chr10 < chr9
Not resetting normal file because chr10 < chr9
Not resetting normal file because chr10 < chr9
Not resetting normal file because chr10 < chr9
Not resetting normal file because chr10 < chr9
Not resetting normal file because chr10 < chr9
Not resetting normal file because chr10 < chr9
Not resetting normal file because chr10 < chr9
Not resetting normal file because chr10 < chr9
Not resetting normal file because chr10 < chr9
Not resetting normal file because chr10 < chr9
Not resetting normal file because chr10 < chr9
Not resetting normal file because chr10 < chr9
Not resetting normal file because chr10 < chr9
Not resetting normal file because chr10 < chr9
Not resetting normal file because chr10 < chr9
Not resetting normal file because chr10 < chr9
Not resetting normal file because chr10 < chr9
Not resetting normal file because chr10 < chr9
Not resetting normal file because chr10 < chr9
Not resetting normal file because chr10 < chr9
Not resetting normal file because chr10 < chr9
Not resetting normal file because chr10 < chr9
Not resetting normal file because chr10 < chr9
Not resetting normal file because chr10 < chr9
Not resetting normal file because chr10 < chr9
Not resetting normal file because chr10 < chr9
Not resetting normal file because chr10 < chr9
Not resetting normal file because chr10 < chr9
Not resetting normal file because chr10 < chr9
Not resetting normal file because chr10 < chr9
Not resetting normal file because chr10 < chr9
Not resetting normal file because chr10 < chr9
Not resetting normal file because chr10 < chr9
Not resetting normal file because chr10 < chr9
Not resetting normal file because chr10 < chr9
Not resetting normal file because chr10 < chr9
Not resetting normal file because chr10 < chr9
Not resetting normal file because chr10 < chr9
Not resetting normal file because chr10 < chr9
Not resetting normal file because chr10 < chr9
Not resetting normal file because chr10 < chr9
Not resetting normal file because chr10 < chr9
Not resetting normal file because chr10 < chr9
Not resetting normal file because chr10 < chr9
Not resetting normal file because chr10 < chr9
Not resetting normal file because chr10 < chr9
Not resetting normal file because chr10 < chr9
Not resetting normal file because chr10 < chr9
Not resetting normal file because chr10 < chr9
Not resetting normal file because chr10 < chr9
Not resetting normal file because chr10 < chr9
Not resetting normal file because chr10 < chr9
Not resetting normal file because chr10 < chr9
Not resetting normal file because chr10 < chr9
Not resetting normal file because chr10 < chr9
Not resetting normal file because chr10 < chr9
Not resetting normal file because chr10 < chr9
Not resetting normal file because chr10 < chr9
Not resetting normal file because chr10 < chr9
Not resetting normal file because chr10 < chr9
Not resetting normal file because chr10 < chr9
Not resetting normal file because chr10 < chr9
Not resetting normal file because chr10 < chr9
Not resetting normal file because chr10 < chr9
Not resetting normal file because chr10 < chr9
Not resetting normal file because chr10 < chr9
Not resetting normal file because chr10 < chr9
Not resetting normal file because chr10 < chr9
Not resetting normal file because chr10 < chr9
Not resetting normal file because chr10 < chr9
Not resetting normal file because chr10 < chr9
Not resetting normal file because chr10 < chr9
Not resetting normal file because chr10 < chr9
Not resetting normal file because chr10 < chr9
Not resetting normal file because chr10 < chr9
Not resetting normal file because chr10 < chr9
Not resetting normal file because chr10 < chr9
Not resetting normal file because chr10 < chr9
Not resetting normal file because chr10 < chr9
Not resetting normal file because chr10 < chr9
Not resetting normal file because chr10 < chr9
Not resetting normal file because chr10 < chr9
Not resetting normal file because chr10 < chr9
Not resetting normal file because chr10 < chr9
Not resetting normal file because chr10 < chr9
Not resetting normal file because chr10 < chr9
Not resetting normal file because chr10 < chr9
Not resetting normal file because chr10 < chr9
Not resetting normal file because chr10 < chr9
Not resetting normal file because chr10 < chr9
Not resetting normal file because chr10 < chr9
Not resetting normal file because chr10 < chr9
Not resetting normal file because chr10 < chr9
Not resetting normal file because chr10 < chr9
Not resetting normal file because chr10 < chr9
Not resetting normal file because chr10 < chr9
Not resetting normal file because chr10 < chr9
Not resetting normal file because chr10 < chr9
Not resetting normal file because chr10 < chr9
Not resetting normal file because chr10 < chr9
Not resetting normal file because chr10 < chr9
Not resetting normal file because chr10 < chr9
Not resetting normal file because chr10 < chr9
Not resetting normal file because chr10 < chr9
Not resetting normal file because chr10 < chr9
Not resetting normal file because chr10 < chr9
Not resetting normal file because chr10 < chr9
Not resetting normal file because chr10 < chr9
Not resetting normal file because chr10 < chr9
Not resetting normal file because chr10 < chr9
Not resetting normal file because chr10 < chr9
Not resetting normal file because chr10 < chr9
Not resetting normal file because chr10 < chr9
Not resetting normal file because chr10 < chr9
Not resetting normal file because chr10 < chr9
Not resetting normal file because chr10 < chr9
Not resetting normal file because chr10 < chr9
Not resetting normal file because chr10 < chr9
Not resetting normal file because chr10 < chr9
Not resetting normal file because chr10 < chr9
Not resetting normal file because chr10 < chr9
Not resetting normal file because chr10 < chr9
Not resetting normal file because chr10 < chr9
Not resetting normal file because chr10 < chr9
Not resetting normal file because chr10 < chr9
Not resetting normal file because chr10 < chr9
Not resetting normal file because chr10 < chr9
Not resetting normal file because chr10 < chr9
Not resetting normal file because chr10 < chr9
Not resetting normal file because chr10 < chr9
Not resetting normal file because chr10 < chr9
Not resetting normal file because chr10 < chr9
Not resetting normal file because chr10 < chr9
Not resetting normal file because chr10 < chr9
Not resetting normal file because chr10 < chr9
Not resetting normal file because chr10 < chr9
Not resetting normal file because chr10 < chr9
Not resetting normal file because chr10 < chr9
Not resetting normal file because chr10 < chr9
Not resetting normal file because chr10 < chr9
Not resetting normal file because chr10 < chr9
Not resetting normal file because chr10 < chr9
Not resetting normal file because chr10 < chr9
Not resetting normal file because chr10 < chr9
Not resetting normal file because chr10 < chr9
Not resetting normal file because chr10 < chr9
Not resetting normal file because chr10 < chr9
Not resetting normal file because chr10 < chr9
Not resetting normal file because chr10 < chr9
Not resetting normal file because chr10 < chr9
Not resetting normal file because chr10 < chr9
Not resetting normal file because chr10 < chr9
Not resetting normal file because chr10 < chr9
Not resetting normal file because chr10 < chr9
Not resetting normal file because chr10 < chr9
Not resetting normal file because chr10 < chr9
Not resetting normal file because chr10 < chr9
Not resetting normal file because chr10 < chr9
Not resetting normal file because chr10 < chr9
Not resetting normal file because chr10 < chr9
Not resetting normal file because chr10 < chr9
Not resetting normal file because chr10 < chr9
Not resetting normal file because chr10 < chr9
Not resetting normal file because chr10 < chr9
Not resetting normal file because chr10 < chr9
Not resetting normal file because chr10 < chr9
Not resetting normal file because chr10 < chr9
270402801 positions in tumor
269221140 positions shared in normal
99916121 had sufficient coverage for comparison
1145458 raw copynumber segments with size > 10
1139849 good copynumber segments with depth > 10
Min coverage:	20
Reading input from patient_111.copynumber
0.57245433 was the average log2 of copy number change
Copy number change by GC content bin:
bin	regions	avg_log2	mean_sd
0	856654	0.57245433	0.0
Reading input from patient_111.copynumber
2279698 raw regions parsed
856654 met min depth
856654 met min size
597097 regions (57313734 bp) were called amplification (log2 > 0.25)
155089 regions (14563098 bp) were called neutral
104468 regions (9642369 bp) were called deletion (log2 <-0.25)
2198 regions (169428 bp) were called homozygous deletion (normal cov >= 20 and tumor cov <= 5)
