Normal Pileup: patient_129-1-N.pileup
Tumor Pileup: patient_129-1-T.pileup
Min coverage:	10
Min avg qual:	15
P-value thresh:	0.01
File Parsing Exception: patient_129-1-N.pileup (No such file or directory)
java.io.FileNotFoundException: patient_129-1-N.pileup (No such file or directory)
	at java.io.FileInputStream.open(Native Method)
	at java.io.FileInputStream.<init>(FileInputStream.java:138)
	at java.io.FileInputStream.<init>(FileInputStream.java:97)
	at java.io.FileReader.<init>(FileReader.java:58)
	at net.sf.varscan.SmartFileReader.<init>(SmartFileReader.java:28)
	at net.sf.varscan.Copynumber.<init>(Copynumber.java:575)
	at net.sf.varscan.VarScan.copynumber(VarScan.java:328)
	at net.sf.varscan.VarScan.main(VarScan.java:209)
Min coverage:	20
Reading input from patient_129-1.copynumber
NaN was the average log2 of copy number change
Copy number change by GC content bin:
bin	regions	avg_log2	mean_sd
Reading input from patient_129-1.copynumber
0 raw regions parsed
0 met min depth
0 met min size
0 regions (0 bp) were called amplification (log2 > 0.25)
0 regions (0 bp) were called neutral
0 regions (0 bp) were called deletion (log2 <-0.25)
0 regions (0 bp) were called homozygous deletion (normal cov >= 20 and tumor cov <= 5)
