Normal Pileup: patient_113-N.pileup
Tumor Pileup: patient_113-T.pileup
Min coverage:	10
Min avg qual:	15
P-value thresh:	0.01
275585283 positions in tumor
274742522 positions shared in normal
111704009 had sufficient coverage for comparison
1356910 raw copynumber segments with size > 10
1350389 good copynumber segments with depth > 10
Min coverage:	20
Reading input from patient_113.copynumber
0.11462592 was the average log2 of copy number change
Copy number change by GC content bin:
bin	regions	avg_log2	mean_sd
0	1010043	0.11462592	0.0
Reading input from patient_113.copynumber
2700778 raw regions parsed
1010043 met min depth
1010043 met min size
464939 regions (42243622 bp) were called amplification (log2 > 0.25)
237383 regions (20505989 bp) were called neutral
307721 regions (25520296 bp) were called deletion (log2 <-0.25)
32969 regions (2492170 bp) were called homozygous deletion (normal cov >= 20 and tumor cov <= 5)
