Normal Pileup: patient_116-N.pileup
Tumor Pileup: patient_116-T.pileup
Min coverage:	10
Min avg qual:	15
P-value thresh:	0.01
Not resetting normal file because chr10 < chr9
Not resetting normal file because chr10 < chr9
Not resetting normal file because chr10 < chr9
Not resetting normal file because chr10 < chr9
Not resetting normal file because chr10 < chr9
Not resetting normal file because chr10 < chr9
Not resetting normal file because chr10 < chr9
Not resetting normal file because chr10 < chr9
Not resetting normal file because chr10 < chr9
Not resetting normal file because chr10 < chr9
Not resetting normal file because chr10 < chr9
Not resetting normal file because chr10 < chr9
Not resetting normal file because chr10 < chr9
Not resetting normal file because chr10 < chr9
Not resetting normal file because chr10 < chr9
Not resetting normal file because chr10 < chr9
Not resetting normal file because chr10 < chr9
Not resetting normal file because chr10 < chr9
Not resetting normal file because chr10 < chr9
Not resetting normal file because chr10 < chr9
Not resetting normal file because chr10 < chr9
Not resetting normal file because chr10 < chr9
Not resetting normal file because chr10 < chr9
Not resetting normal file because chr10 < chr9
Not resetting normal file because chr10 < chr9
Not resetting normal file because chr10 < chr9
Not resetting normal file because chr10 < chr9
Not resetting normal file because chr10 < chr9
Not resetting normal file because chr10 < chr9
Not resetting normal file because chr10 < chr9
Not resetting normal file because chr10 < chr9
Not resetting normal file because chr10 < chr9
Not resetting normal file because chr10 < chr9
Not resetting normal file because chr10 < chr9
Not resetting normal file because chr10 < chr9
Not resetting normal file because chr10 < chr9
Not resetting normal file because chr10 < chr9
Not resetting normal file because chr10 < chr9
Not resetting normal file because chr10 < chr9
Not resetting normal file because chr10 < chr9
Not resetting normal file because chr10 < chr9
Not resetting normal file because chr10 < chr9
Not resetting normal file because chr10 < chr9
Not resetting normal file because chr10 < chr9
Not resetting normal file because chr10 < chr9
Not resetting normal file because chr10 < chr9
Not resetting normal file because chr10 < chr9
Not resetting normal file because chr10 < chr9
Not resetting normal file because chr10 < chr9
Not resetting normal file because chr10 < chr9
Not resetting normal file because chr10 < chr9
Not resetting normal file because chr10 < chr9
Not resetting normal file because chr10 < chr9
Not resetting normal file because chr10 < chr9
Not resetting normal file because chr10 < chr9
Not resetting normal file because chr10 < chr9
Not resetting normal file because chr10 < chr9
Not resetting normal file because chr10 < chr9
Not resetting normal file because chr10 < chr9
Not resetting normal file because chr10 < chr9
Not resetting normal file because chr10 < chr9
Not resetting normal file because chr10 < chr9
Not resetting normal file because chr10 < chr9
Not resetting normal file because chr10 < chr9
Not resetting normal file because chr10 < chr9
Not resetting normal file because chr10 < chr9
Not resetting normal file because chr10 < chr9
Not resetting normal file because chr10 < chr9
Not resetting normal file because chr10 < chr9
Not resetting normal file because chr10 < chr9
Not resetting normal file because chr10 < chr9
Not resetting normal file because chr10 < chr9
Not resetting normal file because chr10 < chr9
Not resetting normal file because chr10 < chr9
Not resetting normal file because chr10 < chr9
Not resetting normal file because chr10 < chr9
Not resetting normal file because chr10 < chr9
Not resetting normal file because chr10 < chr9
Not resetting normal file because chr10 < chr9
Not resetting normal file because chr10 < chr9
Not resetting normal file because chr10 < chr9
Not resetting normal file because chr10 < chr9
Not resetting normal file because chr10 < chr9
Not resetting normal file because chr10 < chr9
Not resetting normal file because chr10 < chr9
Not resetting normal file because chr10 < chr9
Not resetting normal file because chr10 < chr9
Not resetting normal file because chr10 < chr9
Not resetting normal file because chr10 < chr9
Not resetting normal file because chr10 < chr9
Not resetting normal file because chr10 < chr9
Not resetting normal file because chr10 < chr9
Not resetting normal file because chr10 < chr9
Not resetting normal file because chr10 < chr9
Not resetting normal file because chr10 < chr9
Not resetting normal file because chr10 < chr9
Not resetting normal file because chr10 < chr9
Not resetting normal file because chr10 < chr9
Not resetting normal file because chr10 < chr9
Not resetting normal file because chr10 < chr9
Not resetting normal file because chr10 < chr9
Not resetting normal file because chr10 < chr9
Not resetting normal file because chr10 < chr9
Not resetting normal file because chr10 < chr9
292600004 positions in tumor
291736029 positions shared in normal
109931443 had sufficient coverage for comparison
1259735 raw copynumber segments with size > 10
1253702 good copynumber segments with depth > 10
Min coverage:	20
Reading input from patient_116.copynumber
0.80599177 was the average log2 of copy number change
Copy number change by GC content bin:
bin	regions	avg_log2	mean_sd
0	969499	0.80599177	0.0
Reading input from patient_116.copynumber
2507404 raw regions parsed
969499 met min depth
969499 met min size
769950 regions (73272998 bp) were called amplification (log2 > 0.25)
120192 regions (11047731 bp) were called neutral
79357 regions (7268462 bp) were called deletion (log2 <-0.25)
1398 regions (108389 bp) were called homozygous deletion (normal cov >= 20 and tumor cov <= 5)
