Normal Pileup: patient_112-N.pileup
Tumor Pileup: patient_112-T.pileup
Min coverage:	10
Min avg qual:	15
P-value thresh:	0.01
Not resetting normal file because chr10 < chr9
Not resetting normal file because chr10 < chr9
Not resetting normal file because chr10 < chr9
Not resetting normal file because chr10 < chr9
Not resetting normal file because chr10 < chr9
Not resetting normal file because chr10 < chr9
Not resetting normal file because chr10 < chr9
Not resetting normal file because chr10 < chr9
Not resetting normal file because chr10 < chr9
Not resetting normal file because chr10 < chr9
Not resetting normal file because chr10 < chr9
Not resetting normal file because chr10 < chr9
Not resetting normal file because chr10 < chr9
Not resetting normal file because chr10 < chr9
Not resetting normal file because chr10 < chr9
Not resetting normal file because chr10 < chr9
Not resetting normal file because chr10 < chr9
Not resetting normal file because chr10 < chr9
Not resetting normal file because chr10 < chr9
Not resetting normal file because chr10 < chr9
Not resetting normal file because chr10 < chr9
Not resetting normal file because chr10 < chr9
Not resetting normal file because chr10 < chr9
Not resetting normal file because chr10 < chr9
Not resetting normal file because chr10 < chr9
Not resetting normal file because chr10 < chr9
Not resetting normal file because chr10 < chr9
Not resetting normal file because chr10 < chr9
Not resetting normal file because chr10 < chr9
Not resetting normal file because chr10 < chr9
Not resetting normal file because chr10 < chr9
Not resetting normal file because chr10 < chr9
Not resetting normal file because chr10 < chr9
Not resetting normal file because chr10 < chr9
Not resetting normal file because chr10 < chr9
295079191 positions in tumor
294220563 positions shared in normal
111385103 had sufficient coverage for comparison
1278958 raw copynumber segments with size > 10
1272599 good copynumber segments with depth > 10
Min coverage:	20
Reading input from patient_112.copynumber
0.6572828 was the average log2 of copy number change
Copy number change by GC content bin:
bin	regions	avg_log2	mean_sd
0	999687	0.6572828	0.0
Reading input from patient_112.copynumber
2545198 raw regions parsed
999687 met min depth
999687 met min size
760000 regions (72117686 bp) were called amplification (log2 > 0.25)
145241 regions (13245209 bp) were called neutral
94446 regions (8575793 bp) were called deletion (log2 <-0.25)
1538 regions (116156 bp) were called homozygous deletion (normal cov >= 20 and tumor cov <= 5)
