Normal Pileup: patient_133-N.pileup
Tumor Pileup: patient_133-T.pileup
Min coverage:	10
Min avg qual:	15
P-value thresh:	0.01
243152073 positions in tumor
242312784 positions shared in normal
99130810 had sufficient coverage for comparison
1116869 raw copynumber segments with size > 10
1112147 good copynumber segments with depth > 10
Min coverage:	20
Reading input from patient_133.copynumber
0.8888254 was the average log2 of copy number change
Copy number change by GC content bin:
bin	regions	avg_log2	mean_sd
0	828098	0.8888254	0.0
Reading input from patient_133.copynumber
2224294 raw regions parsed
828098 met min depth
828098 met min size
737989 regions (72178427 bp) were called amplification (log2 > 0.25)
65958 regions (6239573 bp) were called neutral
24151 regions (2257812 bp) were called deletion (log2 <-0.25)
89 regions (6990 bp) were called homozygous deletion (normal cov >= 20 and tumor cov <= 5)
