Normal Pileup: patient_087-N.pileup
Tumor Pileup: patient_087-T.pileup
Min coverage:	10
Min avg qual:	15
P-value thresh:	0.01
224362784 positions in tumor
223293901 positions shared in normal
106344283 had sufficient coverage for comparison
1257936 raw copynumber segments with size > 10
1252995 good copynumber segments with depth > 10
Min coverage:	20
Reading input from patient_087.copynumber
-1.2240942 was the average log2 of copy number change
Copy number change by GC content bin:
bin	regions	avg_log2	mean_sd
0	808287	-1.2240942	0.0
Reading input from patient_087.copynumber
2505990 raw regions parsed
808287 met min depth
808287 met min size
30566 regions (2723042 bp) were called amplification (log2 > 0.25)
63182 regions (5711310 bp) were called neutral
714539 regions (64498285 bp) were called deletion (log2 <-0.25)
146841 regions (11531209 bp) were called homozygous deletion (normal cov >= 20 and tumor cov <= 5)
