Normal Pileup: patient_110-N.pileup
Tumor Pileup: patient_110-T.pileup
Min coverage:	10
Min avg qual:	15
P-value thresh:	0.01
231805674 positions in tumor
230735786 positions shared in normal
105912801 had sufficient coverage for comparison
1427435 raw copynumber segments with size > 10
1421833 good copynumber segments with depth > 10
Min coverage:	20
Reading input from patient_110.copynumber
-1.0347078 was the average log2 of copy number change
Copy number change by GC content bin:
bin	regions	avg_log2	mean_sd
0	959312	-1.0347078	0.0
Reading input from patient_110.copynumber
2843666 raw regions parsed
959312 met min depth
959312 met min size
53446 regions (4035003 bp) were called amplification (log2 > 0.25)
96594 regions (7631116 bp) were called neutral
809272 regions (61216036 bp) were called deletion (log2 <-0.25)
171217 regions (12424475 bp) were called homozygous deletion (normal cov >= 20 and tumor cov <= 5)
