Normal Pileup: patient_102-N.pileup
Tumor Pileup: patient_102-T.pileup
Min coverage:	10
Min avg qual:	15
P-value thresh:	0.01
257487580 positions in tumor
256603233 positions shared in normal
111151402 had sufficient coverage for comparison
1290369 raw copynumber segments with size > 10
1283432 good copynumber segments with depth > 10
Min coverage:	20
Reading input from patient_102.copynumber
-0.37318447 was the average log2 of copy number change
Copy number change by GC content bin:
bin	regions	avg_log2	mean_sd
0	916872	-0.37318447	0.0
Reading input from patient_102.copynumber
2566864 raw regions parsed
916872 met min depth
916872 met min size
191316 regions (18115265 bp) were called amplification (log2 > 0.25)
216333 regions (20170846 bp) were called neutral
509223 regions (46552747 bp) were called deletion (log2 <-0.25)
48206 regions (3891319 bp) were called homozygous deletion (normal cov >= 20 and tumor cov <= 5)
