Normal Pileup: patient_128-N.pileup
Tumor Pileup: patient_128-T.pileup
Min coverage:	10
Min avg qual:	15
P-value thresh:	0.01
Not resetting normal file because chr10 < chr9
Not resetting normal file because chr10 < chr9
Not resetting normal file because chr10 < chr9
Not resetting normal file because chr10 < chr9
Not resetting normal file because chr10 < chr9
Not resetting normal file because chr10 < chr9
Not resetting normal file because chr10 < chr9
Not resetting normal file because chr10 < chr9
Not resetting normal file because chr10 < chr9
Not resetting normal file because chr10 < chr9
Not resetting normal file because chr10 < chr9
Not resetting normal file because chr10 < chr9
Not resetting normal file because chr10 < chr9
Not resetting normal file because chr10 < chr9
Not resetting normal file because chr10 < chr9
Not resetting normal file because chr10 < chr9
Not resetting normal file because chr10 < chr9
Not resetting normal file because chr10 < chr9
Not resetting normal file because chr10 < chr9
Not resetting normal file because chr10 < chr9
Not resetting normal file because chr10 < chr9
Not resetting normal file because chr10 < chr9
Not resetting normal file because chr10 < chr9
Not resetting normal file because chr10 < chr9
Not resetting normal file because chr10 < chr9
Not resetting normal file because chr10 < chr9
Not resetting normal file because chr10 < chr9
Not resetting normal file because chr10 < chr9
Not resetting normal file because chr10 < chr9
Not resetting normal file because chr10 < chr9
Not resetting normal file because chr10 < chr9
Not resetting normal file because chr10 < chr9
Not resetting normal file because chr10 < chr9
Not resetting normal file because chr10 < chr9
Not resetting normal file because chr10 < chr9
Not resetting normal file because chr10 < chr9
Not resetting normal file because chr10 < chr9
Not resetting normal file because chr10 < chr9
Not resetting normal file because chr10 < chr9
Not resetting normal file because chr10 < chr9
Not resetting normal file because chr10 < chr9
Not resetting normal file because chr10 < chr9
Not resetting normal file because chr10 < chr9
Not resetting normal file because chr10 < chr9
Not resetting normal file because chr10 < chr9
Not resetting normal file because chr10 < chr9
Not resetting normal file because chr10 < chr9
Not resetting normal file because chr10 < chr9
Not resetting normal file because chr10 < chr9
Not resetting normal file because chr10 < chr9
Not resetting normal file because chr10 < chr9
Not resetting normal file because chr10 < chr9
Not resetting normal file because chr10 < chr9
Not resetting normal file because chr10 < chr9
Not resetting normal file because chr10 < chr9
Not resetting normal file because chr10 < chr9
Not resetting normal file because chr10 < chr9
Not resetting normal file because chr10 < chr9
Not resetting normal file because chr10 < chr9
Not resetting normal file because chr10 < chr9
Not resetting normal file because chr10 < chr9
Not resetting normal file because chr10 < chr9
Not resetting normal file because chr10 < chr9
Not resetting normal file because chr10 < chr9
Not resetting normal file because chr10 < chr9
Not resetting normal file because chr10 < chr9
Not resetting normal file because chr10 < chr9
Not resetting normal file because chr10 < chr9
Not resetting normal file because chr10 < chr9
Not resetting normal file because chr10 < chr9
Not resetting normal file because chr10 < chr9
Not resetting normal file because chr10 < chr9
Not resetting normal file because chr10 < chr9
Not resetting normal file because chr10 < chr9
Not resetting normal file because chr10 < chr9
Not resetting normal file because chr10 < chr9
Not resetting normal file because chr10 < chr9
Not resetting normal file because chr10 < chr9
Not resetting normal file because chr10 < chr9
Not resetting normal file because chr10 < chr9
Not resetting normal file because chr10 < chr9
Not resetting normal file because chr10 < chr9
Not resetting normal file because chr10 < chr9
Not resetting normal file because chr10 < chr9
Not resetting normal file because chr10 < chr9
Not resetting normal file because chr10 < chr9
Not resetting normal file because chr10 < chr9
Not resetting normal file because chr10 < chr9
Not resetting normal file because chr10 < chr9
Not resetting normal file because chr10 < chr9
Not resetting normal file because chr10 < chr9
Not resetting normal file because chr10 < chr9
Not resetting normal file because chr10 < chr9
Not resetting normal file because chr10 < chr9
Not resetting normal file because chr10 < chr9
Not resetting normal file because chr10 < chr9
Not resetting normal file because chr10 < chr9
Not resetting normal file because chr10 < chr9
Not resetting normal file because chr10 < chr9
Not resetting normal file because chr10 < chr9
Not resetting normal file because chr10 < chr9
Not resetting normal file because chr10 < chr9
Not resetting normal file because chr10 < chr9
Not resetting normal file because chr10 < chr9
Not resetting normal file because chr10 < chr9
Not resetting normal file because chr10 < chr9
Not resetting normal file because chr10 < chr9
Not resetting normal file because chr10 < chr9
Not resetting normal file because chr10 < chr9
Not resetting normal file because chr10 < chr9
Not resetting normal file because chr10 < chr9
Not resetting normal file because chr10 < chr9
Not resetting normal file because chr10 < chr9
Not resetting normal file because chr10 < chr9
Not resetting normal file because chr10 < chr9
Not resetting normal file because chr10 < chr9
Not resetting normal file because chr10 < chr9
Not resetting normal file because chr10 < chr9
Not resetting normal file because chr10 < chr9
Not resetting normal file because chr10 < chr9
Not resetting normal file because chr10 < chr9
Not resetting normal file because chr10 < chr9
Not resetting normal file because chr10 < chr9
Not resetting normal file because chr10 < chr9
Not resetting normal file because chr10 < chr9
Not resetting normal file because chr10 < chr9
Not resetting normal file because chr10 < chr9
Not resetting normal file because chr10 < chr9
Not resetting normal file because chr10 < chr9
Not resetting normal file because chr10 < chr9
Not resetting normal file because chr10 < chr9
Not resetting normal file because chr10 < chr9
Not resetting normal file because chr10 < chr9
Not resetting normal file because chr10 < chr9
Not resetting normal file because chr10 < chr9
Not resetting normal file because chr10 < chr9
Not resetting normal file because chr10 < chr9
Not resetting normal file because chr10 < chr9
Not resetting normal file because chr10 < chr9
Not resetting normal file because chr10 < chr9
Not resetting normal file because chr10 < chr9
Not resetting normal file because chr10 < chr9
Not resetting normal file because chr10 < chr9
Not resetting normal file because chr10 < chr9
Not resetting normal file because chr10 < chr9
Not resetting normal file because chr10 < chr9
Not resetting normal file because chr10 < chr9
Not resetting normal file because chr10 < chr9
Not resetting normal file because chr10 < chr9
Not resetting normal file because chr10 < chr9
Not resetting normal file because chr10 < chr9
Not resetting normal file because chr10 < chr9
Not resetting normal file because chr10 < chr9
Not resetting normal file because chr10 < chr9
Not resetting normal file because chr10 < chr9
Not resetting normal file because chr10 < chr9
Not resetting normal file because chr10 < chr9
Not resetting normal file because chr10 < chr9
Not resetting normal file because chr10 < chr9
Not resetting normal file because chr10 < chr9
Not resetting normal file because chr10 < chr9
Not resetting normal file because chr10 < chr9
Not resetting normal file because chr10 < chr9
Not resetting normal file because chr10 < chr9
Not resetting normal file because chr10 < chr9
Not resetting normal file because chr10 < chr9
Not resetting normal file because chr10 < chr9
Not resetting normal file because chr10 < chr9
Not resetting normal file because chr10 < chr9
Not resetting normal file because chr10 < chr9
Not resetting normal file because chr10 < chr9
Not resetting normal file because chr10 < chr9
Not resetting normal file because chr10 < chr9
Not resetting normal file because chr10 < chr9
Not resetting normal file because chr10 < chr9
Not resetting normal file because chr10 < chr9
Not resetting normal file because chr10 < chr9
Not resetting normal file because chr10 < chr9
Not resetting normal file because chr10 < chr9
Not resetting normal file because chr10 < chr9
Not resetting normal file because chr10 < chr9
Not resetting normal file because chr10 < chr9
Not resetting normal file because chr10 < chr9
Not resetting normal file because chr10 < chr9
Not resetting normal file because chr10 < chr9
Not resetting normal file because chr10 < chr9
Not resetting normal file because chr10 < chr9
Not resetting normal file because chr10 < chr9
Not resetting normal file because chr10 < chr9
Not resetting normal file because chr10 < chr9
Not resetting normal file because chr10 < chr9
Not resetting normal file because chr10 < chr9
Not resetting normal file because chr10 < chr9
Not resetting normal file because chr10 < chr9
Not resetting normal file because chr10 < chr9
Not resetting normal file because chr10 < chr9
Not resetting normal file because chr10 < chr9
Not resetting normal file because chr10 < chr9
Not resetting normal file because chr10 < chr9
Not resetting normal file because chr10 < chr9
Not resetting normal file because chr10 < chr9
Not resetting normal file because chr10 < chr9
Not resetting normal file because chr10 < chr9
Not resetting normal file because chr10 < chr9
Not resetting normal file because chr10 < chr9
Not resetting normal file because chr10 < chr9
Not resetting normal file because chr10 < chr9
Not resetting normal file because chr10 < chr9
Not resetting normal file because chr10 < chr9
Not resetting normal file because chr10 < chr9
Not resetting normal file because chr10 < chr9
Not resetting normal file because chr10 < chr9
Not resetting normal file because chr10 < chr9
Not resetting normal file because chr10 < chr9
Not resetting normal file because chr10 < chr9
Not resetting normal file because chr10 < chr9
Not resetting normal file because chr10 < chr9
Not resetting normal file because chr10 < chr9
Not resetting normal file because chr10 < chr9
Not resetting normal file because chr10 < chr9
Not resetting normal file because chr10 < chr9
Not resetting normal file because chr10 < chr9
Not resetting normal file because chr10 < chr9
Not resetting normal file because chr10 < chr9
Not resetting normal file because chr10 < chr9
Not resetting normal file because chr10 < chr9
Not resetting normal file because chr10 < chr9
Not resetting normal file because chr10 < chr9
Not resetting normal file because chr10 < chr9
Not resetting normal file because chr10 < chr9
Not resetting normal file because chr10 < chr9
Not resetting normal file because chr10 < chr9
Not resetting normal file because chr10 < chr9
Not resetting normal file because chr10 < chr9
Not resetting normal file because chr10 < chr9
Not resetting normal file because chr10 < chr9
Not resetting normal file because chr10 < chr9
Not resetting normal file because chr10 < chr9
Not resetting normal file because chr10 < chr9
Not resetting normal file because chr10 < chr9
Not resetting normal file because chr10 < chr9
Not resetting normal file because chr10 < chr9
Not resetting normal file because chr10 < chr9
Not resetting normal file because chr10 < chr9
Not resetting normal file because chr10 < chr9
Not resetting normal file because chr10 < chr9
Not resetting normal file because chr10 < chr9
Not resetting normal file because chr10 < chr9
Not resetting normal file because chr10 < chr9
Not resetting normal file because chr10 < chr9
Not resetting normal file because chr10 < chr9
Not resetting normal file because chr10 < chr9
Not resetting normal file because chr10 < chr9
Not resetting normal file because chr10 < chr9
Not resetting normal file because chr10 < chr9
Not resetting normal file because chr10 < chr9
Not resetting normal file because chr10 < chr9
Not resetting normal file because chr10 < chr9
Not resetting normal file because chr10 < chr9
Not resetting normal file because chr10 < chr9
Not resetting normal file because chr10 < chr9
Not resetting normal file because chr10 < chr9
Not resetting normal file because chr10 < chr9
Not resetting normal file because chr10 < chr9
Not resetting normal file because chr10 < chr9
Not resetting normal file because chr10 < chr9
Not resetting normal file because chr10 < chr9
Not resetting normal file because chr10 < chr9
Not resetting normal file because chr10 < chr9
Not resetting normal file because chr10 < chr9
Not resetting normal file because chr10 < chr9
Not resetting normal file because chr10 < chr9
Not resetting normal file because chr10 < chr9
Not resetting normal file because chr10 < chr9
Not resetting normal file because chr10 < chr9
Not resetting normal file because chr10 < chr9
Not resetting normal file because chr10 < chr9
Not resetting normal file because chr10 < chr9
Not resetting normal file because chr10 < chr9
Not resetting normal file because chr10 < chr9
Not resetting normal file because chr10 < chr9
Not resetting normal file because chr10 < chr9
Not resetting normal file because chr10 < chr9
Not resetting normal file because chr10 < chr9
Not resetting normal file because chr10 < chr9
Not resetting normal file because chr10 < chr9
Not resetting normal file because chr10 < chr9
Not resetting normal file because chr10 < chr9
Not resetting normal file because chr10 < chr9
Not resetting normal file because chr10 < chr9
Not resetting normal file because chr10 < chr9
Not resetting normal file because chr10 < chr9
Not resetting normal file because chr10 < chr9
Not resetting normal file because chr10 < chr9
Not resetting normal file because chr10 < chr9
Not resetting normal file because chr10 < chr9
Not resetting normal file because chr10 < chr9
Not resetting normal file because chr10 < chr9
Not resetting normal file because chr10 < chr9
Not resetting normal file because chr10 < chr9
Not resetting normal file because chr10 < chr9
Not resetting normal file because chr10 < chr9
Not resetting normal file because chr10 < chr9
Not resetting normal file because chr10 < chr9
Not resetting normal file because chr10 < chr9
Not resetting normal file because chr10 < chr9
Not resetting normal file because chr10 < chr9
Not resetting normal file because chr10 < chr9
Not resetting normal file because chr10 < chr9
Not resetting normal file because chr10 < chr9
Not resetting normal file because chr10 < chr9
Not resetting normal file because chr10 < chr9
Not resetting normal file because chr10 < chr9
Not resetting normal file because chr10 < chr9
Not resetting normal file because chr10 < chr9
Not resetting normal file because chr10 < chr9
Not resetting normal file because chr10 < chr9
Not resetting normal file because chr10 < chr9
Not resetting normal file because chr10 < chr9
Not resetting normal file because chr10 < chr9
Not resetting normal file because chr10 < chr9
Not resetting normal file because chr10 < chr9
Not resetting normal file because chr10 < chr9
Not resetting normal file because chr10 < chr9
Not resetting normal file because chr10 < chr9
Not resetting normal file because chr10 < chr9
Not resetting normal file because chr10 < chr9
Not resetting normal file because chr10 < chr9
Not resetting normal file because chr10 < chr9
Not resetting normal file because chr10 < chr9
Not resetting normal file because chr10 < chr9
Not resetting normal file because chr10 < chr9
Not resetting normal file because chr10 < chr9
Not resetting normal file because chr10 < chr9
Not resetting normal file because chr10 < chr9
Not resetting normal file because chr10 < chr9
Not resetting normal file because chr10 < chr9
Not resetting normal file because chr10 < chr9
Not resetting normal file because chr10 < chr9
Not resetting normal file because chr10 < chr9
Not resetting normal file because chr10 < chr9
Not resetting normal file because chr10 < chr9
Not resetting normal file because chr10 < chr9
Not resetting normal file because chr10 < chr9
Not resetting normal file because chr10 < chr9
Not resetting normal file because chr10 < chr9
Not resetting normal file because chr10 < chr9
Not resetting normal file because chr10 < chr9
Not resetting normal file because chr10 < chr9
Not resetting normal file because chr10 < chr9
Not resetting normal file because chr10 < chr9
Not resetting normal file because chr10 < chr9
Not resetting normal file because chr10 < chr9
Not resetting normal file because chr10 < chr9
Not resetting normal file because chr10 < chr9
Not resetting normal file because chr10 < chr9
Not resetting normal file because chr10 < chr9
Not resetting normal file because chr10 < chr9
Not resetting normal file because chr10 < chr9
Not resetting normal file because chr10 < chr9
Not resetting normal file because chr10 < chr9
Not resetting normal file because chr10 < chr9
Not resetting normal file because chr10 < chr9
Not resetting normal file because chr10 < chr9
Not resetting normal file because chr10 < chr9
Not resetting normal file because chr10 < chr9
Not resetting normal file because chr10 < chr9
Not resetting normal file because chr10 < chr9
Not resetting normal file because chr10 < chr9
Not resetting normal file because chr10 < chr9
Not resetting normal file because chr10 < chr9
Not resetting normal file because chr10 < chr9
Not resetting normal file because chr10 < chr9
Not resetting normal file because chr10 < chr9
Not resetting normal file because chr10 < chr9
Not resetting normal file because chr10 < chr9
Not resetting normal file because chr10 < chr9
Not resetting normal file because chr10 < chr9
Not resetting normal file because chr10 < chr9
Not resetting normal file because chr10 < chr9
Not resetting normal file because chr10 < chr9
Not resetting normal file because chr10 < chr9
Not resetting normal file because chr10 < chr9
Not resetting normal file because chr10 < chr9
Not resetting normal file because chr10 < chr9
Not resetting normal file because chr10 < chr9
Not resetting normal file because chr10 < chr9
Not resetting normal file because chr10 < chr9
Not resetting normal file because chr10 < chr9
Not resetting normal file because chr10 < chr9
Not resetting normal file because chr10 < chr9
Not resetting normal file because chr10 < chr9
Not resetting normal file because chr10 < chr9
Not resetting normal file because chr10 < chr9
Not resetting normal file because chr10 < chr9
Not resetting normal file because chr10 < chr9
Not resetting normal file because chr10 < chr9
Not resetting normal file because chr10 < chr9
Not resetting normal file because chr10 < chr9
Not resetting normal file because chr10 < chr9
Not resetting normal file because chr10 < chr9
Not resetting normal file because chr10 < chr9
Not resetting normal file because chr10 < chr9
Not resetting normal file because chr10 < chr9
Not resetting normal file because chr10 < chr9
Not resetting normal file because chr10 < chr9
Not resetting normal file because chr10 < chr9
Not resetting normal file because chr10 < chr9
Not resetting normal file because chr10 < chr9
Not resetting normal file because chr10 < chr9
Not resetting normal file because chr10 < chr9
Not resetting normal file because chr10 < chr9
Not resetting normal file because chr10 < chr9
Not resetting normal file because chr10 < chr9
Not resetting normal file because chr10 < chr9
Not resetting normal file because chr10 < chr9
Not resetting normal file because chr10 < chr9
Not resetting normal file because chr10 < chr9
Not resetting normal file because chr10 < chr9
Not resetting normal file because chr10 < chr9
Not resetting normal file because chr10 < chr9
Not resetting normal file because chr10 < chr9
Not resetting normal file because chr10 < chr9
Not resetting normal file because chr10 < chr9
Not resetting normal file because chr10 < chr9
Not resetting normal file because chr10 < chr9
Not resetting normal file because chr10 < chr9
Not resetting normal file because chr10 < chr9
Not resetting normal file because chr10 < chr9
Not resetting normal file because chr10 < chr9
Not resetting normal file because chr10 < chr9
Not resetting normal file because chr10 < chr9
Not resetting normal file because chr10 < chr9
Not resetting normal file because chr10 < chr9
Not resetting normal file because chr10 < chr9
Not resetting normal file because chr10 < chr9
Not resetting normal file because chr10 < chr9
Not resetting normal file because chr10 < chr9
Not resetting normal file because chr10 < chr9
Not resetting normal file because chr10 < chr9
Not resetting normal file because chr10 < chr9
Not resetting normal file because chr10 < chr9
Not resetting normal file because chr10 < chr9
Not resetting normal file because chr10 < chr9
Not resetting normal file because chr10 < chr9
Not resetting normal file because chr10 < chr9
Not resetting normal file because chr10 < chr9
Not resetting normal file because chr10 < chr9
Not resetting normal file because chr10 < chr9
Not resetting normal file because chr10 < chr9
Not resetting normal file because chr10 < chr9
Not resetting normal file because chr10 < chr9
Not resetting normal file because chr10 < chr9
Not resetting normal file because chr10 < chr9
Not resetting normal file because chr10 < chr9
Not resetting normal file because chr10 < chr9
Not resetting normal file because chr10 < chr9
Not resetting normal file because chr10 < chr9
Not resetting normal file because chr10 < chr9
Not resetting normal file because chr10 < chr9
Not resetting normal file because chr10 < chr9
Not resetting normal file because chr10 < chr9
Not resetting normal file because chr10 < chr9
Not resetting normal file because chr10 < chr9
Not resetting normal file because chr10 < chr9
Not resetting normal file because chr10 < chr9
Not resetting normal file because chr10 < chr9
Not resetting normal file because chr10 < chr9
Not resetting normal file because chr10 < chr9
Not resetting normal file because chr10 < chr9
Not resetting normal file because chr10 < chr9
Not resetting normal file because chr10 < chr9
Not resetting normal file because chr10 < chr9
Not resetting normal file because chr10 < chr9
Not resetting normal file because chr10 < chr9
Not resetting normal file because chr10 < chr9
Not resetting normal file because chr10 < chr9
Not resetting normal file because chr10 < chr9
Not resetting normal file because chr10 < chr9
Not resetting normal file because chr10 < chr9
Not resetting normal file because chr10 < chr9
Not resetting normal file because chr10 < chr9
Not resetting normal file because chr10 < chr9
Not resetting normal file because chr10 < chr9
Not resetting normal file because chr10 < chr9
Not resetting normal file because chr10 < chr9
Not resetting normal file because chr10 < chr9
Not resetting normal file because chr10 < chr9
Not resetting normal file because chr10 < chr9
Not resetting normal file because chr10 < chr9
Not resetting normal file because chr10 < chr9
Not resetting normal file because chr10 < chr9
Not resetting normal file because chr10 < chr9
Not resetting normal file because chr10 < chr9
Not resetting normal file because chr10 < chr9
Not resetting normal file because chr10 < chr9
Not resetting normal file because chr10 < chr9
Not resetting normal file because chr10 < chr9
Not resetting normal file because chr10 < chr9
Not resetting normal file because chr10 < chr9
Not resetting normal file because chr10 < chr9
Not resetting normal file because chr10 < chr9
Not resetting normal file because chr10 < chr9
Not resetting normal file because chr10 < chr9
Not resetting normal file because chr10 < chr9
Not resetting normal file because chr10 < chr9
Not resetting normal file because chr10 < chr9
Not resetting normal file because chr10 < chr9
Not resetting normal file because chr10 < chr9
Not resetting normal file because chr10 < chr9
Not resetting normal file because chr10 < chr9
Not resetting normal file because chr10 < chr9
Not resetting normal file because chr10 < chr9
Not resetting normal file because chr10 < chr9
Not resetting normal file because chr10 < chr9
Not resetting normal file because chr10 < chr9
Not resetting normal file because chr10 < chr9
Not resetting normal file because chr10 < chr9
Not resetting normal file because chr10 < chr9
Not resetting normal file because chr10 < chr9
Not resetting normal file because chr10 < chr9
Not resetting normal file because chr10 < chr9
Not resetting normal file because chr10 < chr9
Not resetting normal file because chr10 < chr9
Not resetting normal file because chr10 < chr9
Not resetting normal file because chr10 < chr9
Not resetting normal file because chr10 < chr9
Not resetting normal file because chr10 < chr9
Not resetting normal file because chr10 < chr9
Not resetting normal file because chr10 < chr9
Not resetting normal file because chr10 < chr9
Not resetting normal file because chr10 < chr9
Not resetting normal file because chr10 < chr9
Not resetting normal file because chr10 < chr9
Not resetting normal file because chr10 < chr9
Not resetting normal file because chr10 < chr9
Not resetting normal file because chr10 < chr9
Not resetting normal file because chr10 < chr9
Not resetting normal file because chr10 < chr9
Not resetting normal file because chr10 < chr9
Not resetting normal file because chr10 < chr9
Not resetting normal file because chr10 < chr9
Not resetting normal file because chr10 < chr9
Not resetting normal file because chr10 < chr9
Not resetting normal file because chr10 < chr9
Not resetting normal file because chr10 < chr9
Not resetting normal file because chr10 < chr9
Not resetting normal file because chr10 < chr9
Not resetting normal file because chr10 < chr9
Not resetting normal file because chr10 < chr9
Not resetting normal file because chr10 < chr9
Not resetting normal file because chr10 < chr9
Not resetting normal file because chr10 < chr9
Not resetting normal file because chr10 < chr9
Not resetting normal file because chr10 < chr9
Not resetting normal file because chr10 < chr9
Not resetting normal file because chr10 < chr9
Not resetting normal file because chr10 < chr9
Not resetting normal file because chr10 < chr9
Not resetting normal file because chr10 < chr9
Not resetting normal file because chr10 < chr9
Not resetting normal file because chr10 < chr9
Not resetting normal file because chr10 < chr9
Not resetting normal file because chr10 < chr9
Not resetting normal file because chr10 < chr9
Not resetting normal file because chr10 < chr9
Not resetting normal file because chr10 < chr9
Not resetting normal file because chr10 < chr9
Not resetting normal file because chr10 < chr9
Not resetting normal file because chr10 < chr9
Not resetting normal file because chr10 < chr9
Not resetting normal file because chr10 < chr9
Not resetting normal file because chr10 < chr9
Not resetting normal file because chr10 < chr9
Not resetting normal file because chr10 < chr9
Not resetting normal file because chr10 < chr9
Not resetting normal file because chr10 < chr9
Not resetting normal file because chr10 < chr9
Not resetting normal file because chr10 < chr9
Not resetting normal file because chr10 < chr9
Not resetting normal file because chr10 < chr9
Not resetting normal file because chr10 < chr9
Not resetting normal file because chr10 < chr9
Not resetting normal file because chr10 < chr9
Not resetting normal file because chr10 < chr9
Not resetting normal file because chr10 < chr9
Not resetting normal file because chr10 < chr9
Not resetting normal file because chr10 < chr9
Not resetting normal file because chr10 < chr9
Not resetting normal file because chr10 < chr9
Not resetting normal file because chr10 < chr9
Not resetting normal file because chr10 < chr9
Not resetting normal file because chr10 < chr9
Not resetting normal file because chr10 < chr9
Not resetting normal file because chr10 < chr9
Not resetting normal file because chr10 < chr9
Not resetting normal file because chr10 < chr9
Not resetting normal file because chr10 < chr9
Not resetting normal file because chr10 < chr9
Not resetting normal file because chr10 < chr9
Not resetting normal file because chr10 < chr9
Not resetting normal file because chr10 < chr9
Not resetting normal file because chr10 < chr9
Not resetting normal file because chr10 < chr9
Not resetting normal file because chr10 < chr9
Not resetting normal file because chr10 < chr9
Not resetting normal file because chr10 < chr9
Not resetting normal file because chr10 < chr9
Not resetting normal file because chr10 < chr9
Not resetting normal file because chr10 < chr9
Not resetting normal file because chr10 < chr9
Not resetting normal file because chr10 < chr9
Not resetting normal file because chr10 < chr9
Not resetting normal file because chr10 < chr9
Not resetting normal file because chr10 < chr9
Not resetting normal file because chr10 < chr9
Not resetting normal file because chr10 < chr9
Not resetting normal file because chr10 < chr9
Not resetting normal file because chr10 < chr9
Not resetting normal file because chr10 < chr9
Not resetting normal file because chr10 < chr9
Not resetting normal file because chr10 < chr9
Not resetting normal file because chr10 < chr9
Not resetting normal file because chr10 < chr9
Not resetting normal file because chr10 < chr9
Not resetting normal file because chr10 < chr9
Not resetting normal file because chr10 < chr9
Not resetting normal file because chr10 < chr9
Not resetting normal file because chr10 < chr9
Not resetting normal file because chr10 < chr9
Not resetting normal file because chr10 < chr9
Not resetting normal file because chr10 < chr9
Not resetting normal file because chr10 < chr9
Not resetting normal file because chr10 < chr9
Not resetting normal file because chr10 < chr9
Not resetting normal file because chr10 < chr9
Not resetting normal file because chr10 < chr9
Not resetting normal file because chr10 < chr9
Not resetting normal file because chr10 < chr9
Not resetting normal file because chr10 < chr9
Not resetting normal file because chr10 < chr9
Not resetting normal file because chr10 < chr9
Not resetting normal file because chr10 < chr9
Not resetting normal file because chr10 < chr9
Not resetting normal file because chr10 < chr9
Not resetting normal file because chr10 < chr9
Not resetting normal file because chr10 < chr9
Not resetting normal file because chr10 < chr9
Not resetting normal file because chr10 < chr9
Not resetting normal file because chr10 < chr9
Not resetting normal file because chr10 < chr9
Not resetting normal file because chr10 < chr9
Not resetting normal file because chr10 < chr9
Not resetting normal file because chr10 < chr9
Not resetting normal file because chr10 < chr9
Not resetting normal file because chr10 < chr9
Not resetting normal file because chr10 < chr9
Not resetting normal file because chr10 < chr9
Not resetting normal file because chr10 < chr9
Not resetting normal file because chr10 < chr9
Not resetting normal file because chr10 < chr9
Not resetting normal file because chr10 < chr9
Not resetting normal file because chr10 < chr9
Not resetting normal file because chr10 < chr9
Not resetting normal file because chr10 < chr9
Not resetting normal file because chr10 < chr9
Not resetting normal file because chr10 < chr9
Not resetting normal file because chr10 < chr9
Not resetting normal file because chr10 < chr9
Not resetting normal file because chr10 < chr9
Not resetting normal file because chr10 < chr9
Not resetting normal file because chr10 < chr9
Not resetting normal file because chr10 < chr9
Not resetting normal file because chr10 < chr9
Not resetting normal file because chr10 < chr9
Not resetting normal file because chr10 < chr9
Not resetting normal file because chr10 < chr9
Not resetting normal file because chr10 < chr9
Not resetting normal file because chr10 < chr9
Not resetting normal file because chr10 < chr9
Not resetting normal file because chr10 < chr9
Not resetting normal file because chr10 < chr9
Not resetting normal file because chr10 < chr9
Not resetting normal file because chr10 < chr9
Not resetting normal file because chr10 < chr9
Not resetting normal file because chr10 < chr9
Not resetting normal file because chr10 < chr9
Not resetting normal file because chr10 < chr9
Not resetting normal file because chr10 < chr9
Not resetting normal file because chr10 < chr9
Not resetting normal file because chr10 < chr9
Not resetting normal file because chr10 < chr9
Not resetting normal file because chr10 < chr9
Not resetting normal file because chr10 < chr9
Not resetting normal file because chr10 < chr9
Not resetting normal file because chr10 < chr9
Not resetting normal file because chr10 < chr9
Not resetting normal file because chr10 < chr9
Not resetting normal file because chr10 < chr9
Not resetting normal file because chr10 < chr9
Not resetting normal file because chr10 < chr9
Not resetting normal file because chr10 < chr9
Not resetting normal file because chr10 < chr9
Not resetting normal file because chr10 < chr9
Not resetting normal file because chr10 < chr9
Not resetting normal file because chr10 < chr9
Not resetting normal file because chr10 < chr9
Not resetting normal file because chr10 < chr9
Not resetting normal file because chr10 < chr9
Not resetting normal file because chr10 < chr9
Not resetting normal file because chr10 < chr9
Not resetting normal file because chr10 < chr9
Not resetting normal file because chr10 < chr9
Not resetting normal file because chr10 < chr9
Not resetting normal file because chr10 < chr9
Not resetting normal file because chr10 < chr9
Not resetting normal file because chr10 < chr9
Not resetting normal file because chr10 < chr9
Not resetting normal file because chr10 < chr9
Not resetting normal file because chr10 < chr9
Not resetting normal file because chr10 < chr9
Not resetting normal file because chr10 < chr9
Not resetting normal file because chr10 < chr9
Not resetting normal file because chr10 < chr9
Not resetting normal file because chr10 < chr9
Not resetting normal file because chr10 < chr9
Not resetting normal file because chr10 < chr9
Not resetting normal file because chr10 < chr9
Not resetting normal file because chr10 < chr9
Not resetting normal file because chr10 < chr9
Not resetting normal file because chr10 < chr9
Not resetting normal file because chr10 < chr9
Not resetting normal file because chr10 < chr9
Not resetting normal file because chr10 < chr9
Not resetting normal file because chr10 < chr9
Not resetting normal file because chr10 < chr9
Not resetting normal file because chr10 < chr9
Not resetting normal file because chr10 < chr9
Not resetting normal file because chr10 < chr9
Not resetting normal file because chr10 < chr9
Not resetting normal file because chr10 < chr9
Not resetting normal file because chr10 < chr9
Not resetting normal file because chr10 < chr9
Not resetting normal file because chr10 < chr9
Not resetting normal file because chr10 < chr9
Not resetting normal file because chr10 < chr9
Not resetting normal file because chr10 < chr9
Not resetting normal file because chr10 < chr9
Not resetting normal file because chr10 < chr9
Not resetting normal file because chr10 < chr9
Not resetting normal file because chr10 < chr9
Not resetting normal file because chr10 < chr9
Not resetting normal file because chr10 < chr9
Not resetting normal file because chr10 < chr9
Not resetting normal file because chr10 < chr9
Not resetting normal file because chr10 < chr9
Not resetting normal file because chr10 < chr9
Not resetting normal file because chr10 < chr9
Not resetting normal file because chr10 < chr9
Not resetting normal file because chr10 < chr9
Not resetting normal file because chr10 < chr9
Not resetting normal file because chr10 < chr9
Not resetting normal file because chr10 < chr9
Not resetting normal file because chr10 < chr9
Not resetting normal file because chr10 < chr9
Not resetting normal file because chr10 < chr9
Not resetting normal file because chr10 < chr9
Not resetting normal file because chr10 < chr9
Not resetting normal file because chr10 < chr9
Not resetting normal file because chr10 < chr9
Not resetting normal file because chr10 < chr9
Not resetting normal file because chr10 < chr9
Not resetting normal file because chr10 < chr9
Not resetting normal file because chr10 < chr9
Not resetting normal file because chr10 < chr9
Not resetting normal file because chr10 < chr9
Not resetting normal file because chr10 < chr9
Not resetting normal file because chr10 < chr9
Not resetting normal file because chr10 < chr9
Not resetting normal file because chr10 < chr9
Not resetting normal file because chr10 < chr9
Not resetting normal file because chr10 < chr9
Not resetting normal file because chr10 < chr9
Not resetting normal file because chr10 < chr9
Not resetting normal file because chr10 < chr9
Not resetting normal file because chr10 < chr9
Not resetting normal file because chr10 < chr9
Not resetting normal file because chr10 < chr9
Not resetting normal file because chr10 < chr9
Not resetting normal file because chr10 < chr9
Not resetting normal file because chr10 < chr9
Not resetting normal file because chr10 < chr9
Not resetting normal file because chr10 < chr9
Not resetting normal file because chr10 < chr9
Not resetting normal file because chr10 < chr9
Not resetting normal file because chr10 < chr9
Not resetting normal file because chr10 < chr9
Not resetting normal file because chr10 < chr9
Not resetting normal file because chr10 < chr9
264024040 positions in tumor
262925968 positions shared in normal
104815294 had sufficient coverage for comparison
1249011 raw copynumber segments with size > 10
1243160 good copynumber segments with depth > 10
Min coverage:	20
Reading input from patient_128.copynumber
0.15326524 was the average log2 of copy number change
Copy number change by GC content bin:
bin	regions	avg_log2	mean_sd
0	915490	0.15326524	0.0
Reading input from patient_128.copynumber
2486320 raw regions parsed
915490 met min depth
915490 met min size
428479 regions (39838622 bp) were called amplification (log2 > 0.25)
251195 regions (22536191 bp) were called neutral
235816 regions (20098921 bp) were called deletion (log2 <-0.25)
18561 regions (1415759 bp) were called homozygous deletion (normal cov >= 20 and tumor cov <= 5)
