[Thu May 19 09:31:13 EDT 2016] picard.sam.SortSam INPUT=p_DS_bkm_135-T.sam OUTPUT=p_DS_bkm_135-T/p_DS_bkm_135-T.sorted.bam SORT_ORDER=coordinate TMP_DIR=[tmp_WT] VALIDATION_STRINGENCY=LENIENT CREATE_INDEX=true    VERBOSITY=INFO QUIET=false COMPRESSION_LEVEL=5 MAX_RECORDS_IN_RAM=500000 CREATE_MD5_FILE=false GA4GH_CLIENT_SECRETS=client_secrets.json
[Thu May 19 09:31:13 EDT 2016] Executing as abdelrahman@compute-1-4.local on Linux 2.6.32-279.14.1.el6.x86_64 amd64; Java HotSpot(TM) 64-Bit Server VM 1.8.0_45-b14; Picard version: 2.3.0(9a00c87b7ffdb01cfb5a0d6e76556146196babb8_1463071327) IntelDeflater
INFO	2016-05-19 09:36:32	SortSam	Read    10,000,000 records.  Elapsed time: 00:05:15s.  Time for last 10,000,000:  315s.  Last read position: chr1:89,728,376
INFO	2016-05-19 09:40:46	SortSam	Read    20,000,000 records.  Elapsed time: 00:09:30s.  Time for last 10,000,000:  254s.  Last read position: chr22:21,351,482
INFO	2016-05-19 09:44:00	SortSam	Read    30,000,000 records.  Elapsed time: 00:12:44s.  Time for last 10,000,000:  194s.  Last read position: chr19:57,868,103
INFO	2016-05-19 09:44:48	SortSam	Finished reading inputs, merging and writing to output now.
INFO	2016-05-19 09:46:56	SortSam	Wrote    10,000,000 records from a sorting collection.  Elapsed time: 00:15:40s.  Time for last 10,000,000:  124s.  Last read position: chr5:122,421,293
INFO	2016-05-19 09:48:55	SortSam	Wrote    20,000,000 records from a sorting collection.  Elapsed time: 00:17:39s.  Time for last 10,000,000:  119s.  Last read position: chr11:118,111,045
INFO	2016-05-19 09:50:56	SortSam	Wrote    30,000,000 records from a sorting collection.  Elapsed time: 00:19:40s.  Time for last 10,000,000:  121s.  Last read position: chr20:62,729,224
[Thu May 19 09:51:28 EDT 2016] picard.sam.SortSam done. Elapsed time: 20.25 minutes.
Runtime.totalMemory()=5249171456
[Thu May 19 09:51:29 EDT 2016] picard.sam.markduplicates.MarkDuplicates INPUT=[p_DS_bkm_135-T/p_DS_bkm_135-T.sorted.bam] OUTPUT=p_DS_bkm_135-T/p_DS_bkm_135-T.sorted.MarkDup.bam METRICS_FILE=MarkDup_metrics TMP_DIR=[tmp] VALIDATION_STRINGENCY=SILENT CREATE_INDEX=true    MAX_SEQUENCES_FOR_DISK_READ_ENDS_MAP=50000 MAX_FILE_HANDLES_FOR_READ_ENDS_MAP=8000 SORTING_COLLECTION_SIZE_RATIO=0.25 REMOVE_SEQUENCING_DUPLICATES=false TAGGING_POLICY=DontTag REMOVE_DUPLICATES=false ASSUME_SORTED=false DUPLICATE_SCORING_STRATEGY=SUM_OF_BASE_QUALITIES PROGRAM_RECORD_ID=MarkDuplicates PROGRAM_GROUP_NAME=MarkDuplicates READ_NAME_REGEX=<optimized capture of last three ':' separated fields as numeric values> OPTICAL_DUPLICATE_PIXEL_DISTANCE=100 VERBOSITY=INFO QUIET=false COMPRESSION_LEVEL=5 MAX_RECORDS_IN_RAM=500000 CREATE_MD5_FILE=false GA4GH_CLIENT_SECRETS=client_secrets.json
[Thu May 19 09:51:29 EDT 2016] Executing as abdelrahman@compute-1-4.local on Linux 2.6.32-279.14.1.el6.x86_64 amd64; Java HotSpot(TM) 64-Bit Server VM 1.8.0_45-b14; Picard version: 2.3.0(9a00c87b7ffdb01cfb5a0d6e76556146196babb8_1463071327) IntelDeflater
INFO	2016-05-19 09:51:29	MarkDuplicates	Start of doWork freeMemory: 502229112; totalMemory: 506462208; maxMemory: 13362528256
INFO	2016-05-19 09:51:29	MarkDuplicates	Reading input file and constructing read end information.
INFO	2016-05-19 09:51:29	MarkDuplicates	Will retain up to 51394339 data points before spilling to disk.
INFO	2016-05-19 09:51:35	MarkDuplicates	Read     1,000,000 records.  Elapsed time: 00:00:06s.  Time for last 1,000,000:    6s.  Last read position: chr1:62,367,076
INFO	2016-05-19 09:51:35	MarkDuplicates	Tracking 2367 as yet unmatched pairs. 191 records in RAM.
INFO	2016-05-19 09:51:41	MarkDuplicates	Read     2,000,000 records.  Elapsed time: 00:00:11s.  Time for last 1,000,000:    5s.  Last read position: chr1:155,160,593
INFO	2016-05-19 09:51:41	MarkDuplicates	Tracking 4537 as yet unmatched pairs. 234 records in RAM.
INFO	2016-05-19 09:51:45	MarkDuplicates	Read     3,000,000 records.  Elapsed time: 00:00:16s.  Time for last 1,000,000:    4s.  Last read position: chr1:211,844,599
INFO	2016-05-19 09:51:45	MarkDuplicates	Tracking 6322 as yet unmatched pairs. 126 records in RAM.
INFO	2016-05-19 09:51:51	MarkDuplicates	Read     4,000,000 records.  Elapsed time: 00:00:21s.  Time for last 1,000,000:    5s.  Last read position: chr2:33,141,660
INFO	2016-05-19 09:51:51	MarkDuplicates	Tracking 12711 as yet unmatched pairs. 828 records in RAM.
INFO	2016-05-19 09:51:56	MarkDuplicates	Read     5,000,000 records.  Elapsed time: 00:00:27s.  Time for last 1,000,000:    5s.  Last read position: chr2:142,567,793
INFO	2016-05-19 09:51:56	MarkDuplicates	Tracking 14904 as yet unmatched pairs. 477 records in RAM.
INFO	2016-05-19 09:52:01	MarkDuplicates	Read     6,000,000 records.  Elapsed time: 00:00:32s.  Time for last 1,000,000:    4s.  Last read position: chr3:14,172,360
INFO	2016-05-19 09:52:01	MarkDuplicates	Tracking 16634 as yet unmatched pairs. 1220 records in RAM.
INFO	2016-05-19 09:52:08	MarkDuplicates	Read     7,000,000 records.  Elapsed time: 00:00:38s.  Time for last 1,000,000:    6s.  Last read position: chr3:125,865,570
INFO	2016-05-19 09:52:08	MarkDuplicates	Tracking 18062 as yet unmatched pairs. 699 records in RAM.
INFO	2016-05-19 09:52:11	MarkDuplicates	Read     8,000,000 records.  Elapsed time: 00:00:42s.  Time for last 1,000,000:    3s.  Last read position: chr3:196,018,255
INFO	2016-05-19 09:52:11	MarkDuplicates	Tracking 19257 as yet unmatched pairs. 48 records in RAM.
INFO	2016-05-19 09:52:16	MarkDuplicates	Read     9,000,000 records.  Elapsed time: 00:00:46s.  Time for last 1,000,000:    4s.  Last read position: chr4:110,221,798
INFO	2016-05-19 09:52:16	MarkDuplicates	Tracking 20637 as yet unmatched pairs. 477 records in RAM.
INFO	2016-05-19 09:52:20	MarkDuplicates	Read    10,000,000 records.  Elapsed time: 00:00:50s.  Time for last 1,000,000:    4s.  Last read position: chr5:122,421,293
INFO	2016-05-19 09:52:20	MarkDuplicates	Tracking 22011 as yet unmatched pairs. 823 records in RAM.
INFO	2016-05-19 09:52:26	MarkDuplicates	Read    11,000,000 records.  Elapsed time: 00:00:56s.  Time for last 1,000,000:    5s.  Last read position: chr5:177,574,767
INFO	2016-05-19 09:52:26	MarkDuplicates	Tracking 22610 as yet unmatched pairs. 101 records in RAM.
INFO	2016-05-19 09:52:34	MarkDuplicates	Read    12,000,000 records.  Elapsed time: 00:01:04s.  Time for last 1,000,000:    7s.  Last read position: chr6:35,887,926
INFO	2016-05-19 09:52:34	MarkDuplicates	Tracking 22936 as yet unmatched pairs. 1400 records in RAM.
INFO	2016-05-19 09:52:37	MarkDuplicates	Read    13,000,000 records.  Elapsed time: 00:01:08s.  Time for last 1,000,000:    3s.  Last read position: chr6:142,623,544
INFO	2016-05-19 09:52:37	MarkDuplicates	Tracking 23396 as yet unmatched pairs. 347 records in RAM.
INFO	2016-05-19 09:52:41	MarkDuplicates	Read    14,000,000 records.  Elapsed time: 00:01:12s.  Time for last 1,000,000:    3s.  Last read position: chr7:100,349,775
INFO	2016-05-19 09:52:41	MarkDuplicates	Tracking 23729 as yet unmatched pairs. 945 records in RAM.
INFO	2016-05-19 09:52:48	MarkDuplicates	Read    15,000,000 records.  Elapsed time: 00:01:18s.  Time for last 1,000,000:    6s.  Last read position: chr8:67,505,341
INFO	2016-05-19 09:52:48	MarkDuplicates	Tracking 23836 as yet unmatched pairs. 1300 records in RAM.
INFO	2016-05-19 09:52:51	MarkDuplicates	Read    16,000,000 records.  Elapsed time: 00:01:22s.  Time for last 1,000,000:    3s.  Last read position: chr9:15,307,170
INFO	2016-05-19 09:52:51	MarkDuplicates	Tracking 23691 as yet unmatched pairs. 1728 records in RAM.
INFO	2016-05-19 09:53:01	MarkDuplicates	Read    17,000,000 records.  Elapsed time: 00:01:32s.  Time for last 1,000,000:    9s.  Last read position: chr9:127,990,130
INFO	2016-05-19 09:53:01	MarkDuplicates	Tracking 23436 as yet unmatched pairs. 275 records in RAM.
INFO	2016-05-19 09:53:05	MarkDuplicates	Read    18,000,000 records.  Elapsed time: 00:01:35s.  Time for last 1,000,000:    3s.  Last read position: chr10:96,106,148
INFO	2016-05-19 09:53:05	MarkDuplicates	Tracking 23111 as yet unmatched pairs. 707 records in RAM.
INFO	2016-05-19 09:53:11	MarkDuplicates	Read    19,000,000 records.  Elapsed time: 00:01:42s.  Time for last 1,000,000:    6s.  Last read position: chr11:58,480,173
INFO	2016-05-19 09:53:11	MarkDuplicates	Tracking 22494 as yet unmatched pairs. 1616 records in RAM.
INFO	2016-05-19 09:53:14	MarkDuplicates	Read    20,000,000 records.  Elapsed time: 00:01:45s.  Time for last 1,000,000:    3s.  Last read position: chr11:118,111,045
INFO	2016-05-19 09:53:14	MarkDuplicates	Tracking 21910 as yet unmatched pairs. 345 records in RAM.
INFO	2016-05-19 09:53:24	MarkDuplicates	Read    21,000,000 records.  Elapsed time: 00:01:55s.  Time for last 1,000,000:    9s.  Last read position: chr12:55,367,342
INFO	2016-05-19 09:53:24	MarkDuplicates	Tracking 21071 as yet unmatched pairs. 1674 records in RAM.
INFO	2016-05-19 09:53:28	MarkDuplicates	Read    22,000,000 records.  Elapsed time: 00:01:59s.  Time for last 1,000,000:    4s.  Last read position: chr13:98,865,450
INFO	2016-05-19 09:53:28	MarkDuplicates	Tracking 19542 as yet unmatched pairs. 182 records in RAM.
INFO	2016-05-19 09:53:34	MarkDuplicates	Read    23,000,000 records.  Elapsed time: 00:02:04s.  Time for last 1,000,000:    5s.  Last read position: chr14:102,808,412
INFO	2016-05-19 09:53:34	MarkDuplicates	Tracking 18254 as yet unmatched pairs. 165 records in RAM.
INFO	2016-05-19 09:53:37	MarkDuplicates	Read    24,000,000 records.  Elapsed time: 00:02:08s.  Time for last 1,000,000:    3s.  Last read position: chr16:332,821
INFO	2016-05-19 09:53:37	MarkDuplicates	Tracking 16739 as yet unmatched pairs. 2658 records in RAM.
INFO	2016-05-19 09:53:44	MarkDuplicates	Read    25,000,000 records.  Elapsed time: 00:02:14s.  Time for last 1,000,000:    6s.  Last read position: chr16:57,931,298
INFO	2016-05-19 09:53:44	MarkDuplicates	Tracking 15307 as yet unmatched pairs. 792 records in RAM.
INFO	2016-05-19 09:53:48	MarkDuplicates	Read    26,000,000 records.  Elapsed time: 00:02:19s.  Time for last 1,000,000:    4s.  Last read position: chr17:37,371,326
INFO	2016-05-19 09:53:48	MarkDuplicates	Tracking 13742 as yet unmatched pairs. 2063 records in RAM.
INFO	2016-05-19 09:53:58	MarkDuplicates	Read    27,000,000 records.  Elapsed time: 00:02:28s.  Time for last 1,000,000:    9s.  Last read position: chr17:76,202,049
INFO	2016-05-19 09:53:58	MarkDuplicates	Tracking 12326 as yet unmatched pairs. 334 records in RAM.
INFO	2016-05-19 09:54:02	MarkDuplicates	Read    28,000,000 records.  Elapsed time: 00:02:33s.  Time for last 1,000,000:    4s.  Last read position: chr19:13,059,275
INFO	2016-05-19 09:54:02	MarkDuplicates	Tracking 10155 as yet unmatched pairs. 2087 records in RAM.
INFO	2016-05-19 09:54:07	MarkDuplicates	Read    29,000,000 records.  Elapsed time: 00:02:37s.  Time for last 1,000,000:    4s.  Last read position: chr19:55,719,344
INFO	2016-05-19 09:54:07	MarkDuplicates	Tracking 8442 as yet unmatched pairs. 161 records in RAM.
INFO	2016-05-19 09:54:11	MarkDuplicates	Read    30,000,000 records.  Elapsed time: 00:02:41s.  Time for last 1,000,000:    4s.  Last read position: chr20:62,729,224
INFO	2016-05-19 09:54:11	MarkDuplicates	Tracking 6545 as yet unmatched pairs. 37 records in RAM.
INFO	2016-05-19 09:54:17	MarkDuplicates	Read    31,000,000 records.  Elapsed time: 00:02:48s.  Time for last 1,000,000:    6s.  Last read position: chr22:48,021,087
INFO	2016-05-19 09:54:17	MarkDuplicates	Tracking 4409 as yet unmatched pairs. 94 records in RAM.
INFO	2016-05-19 09:54:21	MarkDuplicates	Read    32,000,000 records.  Elapsed time: 00:02:52s.  Time for last 1,000,000:    3s.  Last read position: chrX:149,962,139
INFO	2016-05-19 09:54:21	MarkDuplicates	Tracking 1143 as yet unmatched pairs. 378 records in RAM.
INFO	2016-05-19 09:54:22	MarkDuplicates	Read 32225086 records. 0 pairs never matched.
INFO	2016-05-19 09:54:28	MarkDuplicates	After buildSortedReadEndLists freeMemory: 4641018176; totalMemory: 8594653184; maxMemory: 13362528256
INFO	2016-05-19 09:54:28	MarkDuplicates	Will retain up to 417579008 duplicate indices before spilling to disk.
INFO	2016-05-19 09:54:28	MarkDuplicates	Traversing read pair information and detecting duplicates.
INFO	2016-05-19 09:54:31	MarkDuplicates	Traversing fragment information and detecting duplicates.
INFO	2016-05-19 09:54:35	MarkDuplicates	Sorting list of duplicate records.
INFO	2016-05-19 09:54:36	MarkDuplicates	After generateDuplicateIndexes freeMemory: 5167830984; totalMemory: 8594653184; maxMemory: 13362528256
INFO	2016-05-19 09:54:36	MarkDuplicates	Marking 746095 records as duplicates.
INFO	2016-05-19 09:54:36	MarkDuplicates	Found 473 optical duplicate clusters.
INFO	2016-05-19 09:54:36	MarkDuplicates	Reads are assumed to be ordered by: coordinate
INFO	2016-05-19 09:57:09	MarkDuplicates	Written    10,000,000 records.  Elapsed time: 00:02:32s.  Time for last 10,000,000:  152s.  Last read position: chr5:122,421,293
INFO	2016-05-19 09:59:45	MarkDuplicates	Written    20,000,000 records.  Elapsed time: 00:05:09s.  Time for last 10,000,000:  156s.  Last read position: chr11:118,111,045
INFO	2016-05-19 10:02:30	MarkDuplicates	Written    30,000,000 records.  Elapsed time: 00:07:54s.  Time for last 10,000,000:  165s.  Last read position: chr20:62,729,224
INFO	2016-05-19 10:03:09	MarkDuplicates	Before output close freeMemory: 8298657208; totalMemory: 8389656576; maxMemory: 13362528256
INFO	2016-05-19 10:03:11	MarkDuplicates	After output close freeMemory: 8540793432; totalMemory: 8631877632; maxMemory: 13362528256
[Thu May 19 10:03:11 EDT 2016] picard.sam.markduplicates.MarkDuplicates done. Elapsed time: 11.70 minutes.
Runtime.totalMemory()=8631877632
[Thu May 19 10:03:11 EDT 2016] picard.sam.AddOrReplaceReadGroups INPUT=p_DS_bkm_135-T/p_DS_bkm_135-T.sorted.MarkDup.bam OUTPUT=p_DS_bkm_135-T/p_DS_bkm_135-T.sorted.MarkDup.fixed.bam SORT_ORDER=coordinate RGID=id RGLB=bar RGPL=Illumina RGPU=platform RGSM=sample1 TMP_DIR=[tmp] VALIDATION_STRINGENCY=SILENT CREATE_INDEX=true    VERBOSITY=INFO QUIET=false COMPRESSION_LEVEL=5 MAX_RECORDS_IN_RAM=500000 CREATE_MD5_FILE=false GA4GH_CLIENT_SECRETS=client_secrets.json
[Thu May 19 10:03:11 EDT 2016] Executing as abdelrahman@compute-1-4.local on Linux 2.6.32-279.14.1.el6.x86_64 amd64; Java HotSpot(TM) 64-Bit Server VM 1.8.0_45-b14; Picard version: 2.3.0(9a00c87b7ffdb01cfb5a0d6e76556146196babb8_1463071327) IntelDeflater
INFO	2016-05-19 10:03:11	AddOrReplaceReadGroups	Created read group ID=id PL=Illumina LB=bar SM=sample1

INFO	2016-05-19 10:03:26	AddOrReplaceReadGroups	Processed     1,000,000 records.  Elapsed time: 00:00:14s.  Time for last 1,000,000:   14s.  Last read position: chr1:62,367,076
INFO	2016-05-19 10:03:40	AddOrReplaceReadGroups	Processed     2,000,000 records.  Elapsed time: 00:00:28s.  Time for last 1,000,000:   14s.  Last read position: chr1:155,160,593
INFO	2016-05-19 10:03:58	AddOrReplaceReadGroups	Processed     3,000,000 records.  Elapsed time: 00:00:46s.  Time for last 1,000,000:   18s.  Last read position: chr1:211,844,599
INFO	2016-05-19 10:04:12	AddOrReplaceReadGroups	Processed     4,000,000 records.  Elapsed time: 00:01:00s.  Time for last 1,000,000:   14s.  Last read position: chr2:33,141,660
INFO	2016-05-19 10:04:33	AddOrReplaceReadGroups	Processed     5,000,000 records.  Elapsed time: 00:01:21s.  Time for last 1,000,000:   20s.  Last read position: chr2:142,567,793
INFO	2016-05-19 10:04:47	AddOrReplaceReadGroups	Processed     6,000,000 records.  Elapsed time: 00:01:35s.  Time for last 1,000,000:   14s.  Last read position: chr3:14,172,360
INFO	2016-05-19 10:05:04	AddOrReplaceReadGroups	Processed     7,000,000 records.  Elapsed time: 00:01:52s.  Time for last 1,000,000:   16s.  Last read position: chr3:125,865,570
INFO	2016-05-19 10:05:19	AddOrReplaceReadGroups	Processed     8,000,000 records.  Elapsed time: 00:02:07s.  Time for last 1,000,000:   14s.  Last read position: chr3:196,018,255
INFO	2016-05-19 10:05:35	AddOrReplaceReadGroups	Processed     9,000,000 records.  Elapsed time: 00:02:23s.  Time for last 1,000,000:   16s.  Last read position: chr4:110,221,798
INFO	2016-05-19 10:05:48	AddOrReplaceReadGroups	Processed    10,000,000 records.  Elapsed time: 00:02:36s.  Time for last 1,000,000:   13s.  Last read position: chr5:122,421,293
INFO	2016-05-19 10:06:04	AddOrReplaceReadGroups	Processed    11,000,000 records.  Elapsed time: 00:02:52s.  Time for last 1,000,000:   16s.  Last read position: chr5:177,574,767
INFO	2016-05-19 10:06:18	AddOrReplaceReadGroups	Processed    12,000,000 records.  Elapsed time: 00:03:06s.  Time for last 1,000,000:   13s.  Last read position: chr6:35,887,926
INFO	2016-05-19 10:06:35	AddOrReplaceReadGroups	Processed    13,000,000 records.  Elapsed time: 00:03:23s.  Time for last 1,000,000:   16s.  Last read position: chr6:142,623,544
INFO	2016-05-19 10:06:50	AddOrReplaceReadGroups	Processed    14,000,000 records.  Elapsed time: 00:03:38s.  Time for last 1,000,000:   15s.  Last read position: chr7:100,349,775
INFO	2016-05-19 10:07:08	AddOrReplaceReadGroups	Processed    15,000,000 records.  Elapsed time: 00:03:56s.  Time for last 1,000,000:   18s.  Last read position: chr8:67,505,341
INFO	2016-05-19 10:07:23	AddOrReplaceReadGroups	Processed    16,000,000 records.  Elapsed time: 00:04:11s.  Time for last 1,000,000:   14s.  Last read position: chr9:15,307,170
INFO	2016-05-19 10:07:39	AddOrReplaceReadGroups	Processed    17,000,000 records.  Elapsed time: 00:04:27s.  Time for last 1,000,000:   16s.  Last read position: chr9:127,990,130
INFO	2016-05-19 10:07:53	AddOrReplaceReadGroups	Processed    18,000,000 records.  Elapsed time: 00:04:41s.  Time for last 1,000,000:   14s.  Last read position: chr10:96,106,148
INFO	2016-05-19 10:08:10	AddOrReplaceReadGroups	Processed    19,000,000 records.  Elapsed time: 00:04:57s.  Time for last 1,000,000:   16s.  Last read position: chr11:58,480,173
INFO	2016-05-19 10:08:23	AddOrReplaceReadGroups	Processed    20,000,000 records.  Elapsed time: 00:05:11s.  Time for last 1,000,000:   13s.  Last read position: chr11:118,111,045
INFO	2016-05-19 10:08:36	AddOrReplaceReadGroups	Processed    21,000,000 records.  Elapsed time: 00:05:24s.  Time for last 1,000,000:   13s.  Last read position: chr12:55,367,342
INFO	2016-05-19 10:08:50	AddOrReplaceReadGroups	Processed    22,000,000 records.  Elapsed time: 00:05:38s.  Time for last 1,000,000:   13s.  Last read position: chr13:98,865,450
INFO	2016-05-19 10:09:08	AddOrReplaceReadGroups	Processed    23,000,000 records.  Elapsed time: 00:05:56s.  Time for last 1,000,000:   17s.  Last read position: chr14:102,808,412
INFO	2016-05-19 10:09:22	AddOrReplaceReadGroups	Processed    24,000,000 records.  Elapsed time: 00:06:10s.  Time for last 1,000,000:   14s.  Last read position: chr16:332,821
INFO	2016-05-19 10:09:36	AddOrReplaceReadGroups	Processed    25,000,000 records.  Elapsed time: 00:06:24s.  Time for last 1,000,000:   13s.  Last read position: chr16:57,931,298
INFO	2016-05-19 10:09:49	AddOrReplaceReadGroups	Processed    26,000,000 records.  Elapsed time: 00:06:37s.  Time for last 1,000,000:   13s.  Last read position: chr17:37,371,326
INFO	2016-05-19 10:10:06	AddOrReplaceReadGroups	Processed    27,000,000 records.  Elapsed time: 00:06:54s.  Time for last 1,000,000:   16s.  Last read position: chr17:76,202,049
INFO	2016-05-19 10:10:22	AddOrReplaceReadGroups	Processed    28,000,000 records.  Elapsed time: 00:07:09s.  Time for last 1,000,000:   15s.  Last read position: chr19:13,059,275
INFO	2016-05-19 10:10:36	AddOrReplaceReadGroups	Processed    29,000,000 records.  Elapsed time: 00:07:24s.  Time for last 1,000,000:   14s.  Last read position: chr19:55,719,344
INFO	2016-05-19 10:10:49	AddOrReplaceReadGroups	Processed    30,000,000 records.  Elapsed time: 00:07:37s.  Time for last 1,000,000:   13s.  Last read position: chr20:62,729,224
INFO	2016-05-19 10:11:07	AddOrReplaceReadGroups	Processed    31,000,000 records.  Elapsed time: 00:07:55s.  Time for last 1,000,000:   17s.  Last read position: chr22:48,021,087
INFO	2016-05-19 10:11:21	AddOrReplaceReadGroups	Processed    32,000,000 records.  Elapsed time: 00:08:09s.  Time for last 1,000,000:   13s.  Last read position: chrX:149,962,139
[Thu May 19 10:11:27 EDT 2016] picard.sam.AddOrReplaceReadGroups done. Elapsed time: 8.27 minutes.
Runtime.totalMemory()=421003264
[Thu May 19 10:11:28 EDT 2016] picard.sam.FixMateInformation INPUT=[p_DS_bkm_135-T/p_DS_bkm_135-T.sorted.MarkDup.fixed.bam] OUTPUT=p_DS_bkm_135-T/p_DS_bkm_135-T.sorted.MarkDup.realn.fixed.bam SORT_ORDER=coordinate TMP_DIR=[tmp/flx] VALIDATION_STRINGENCY=LENIENT CREATE_INDEX=true    ASSUME_SORTED=false ADD_MATE_CIGAR=true IGNORE_MISSING_MATES=true VERBOSITY=INFO QUIET=false COMPRESSION_LEVEL=5 MAX_RECORDS_IN_RAM=500000 CREATE_MD5_FILE=false GA4GH_CLIENT_SECRETS=client_secrets.json
[Thu May 19 10:11:28 EDT 2016] Executing as abdelrahman@compute-1-4.local on Linux 2.6.32-279.14.1.el6.x86_64 amd64; Java HotSpot(TM) 64-Bit Server VM 1.8.0_45-b14; Picard version: 2.3.0(9a00c87b7ffdb01cfb5a0d6e76556146196babb8_1463071327) IntelDeflater
INFO	2016-05-19 10:11:28	FixMateInformation	Sorting input into queryname order.
INFO	2016-05-19 10:17:57	FixMateInformation	Sorting by queryname complete.
INFO	2016-05-19 10:17:57	FixMateInformation	Output will be sorted by coordinate
INFO	2016-05-19 10:17:57	FixMateInformation	Traversing query name sorted records and fixing up mate pair information.
INFO	2016-05-19 10:18:05	FixMateInformation	Processed     1,000,000 records.  Elapsed time: 00:00:08s.  Time for last 1,000,000:    8s.  Last read position: chr8:67,831,288
INFO	2016-05-19 10:18:19	FixMateInformation	Processed     2,000,000 records.  Elapsed time: 00:00:21s.  Time for last 1,000,000:   13s.  Last read position: chr1:154,116,029
INFO	2016-05-19 10:18:32	FixMateInformation	Processed     3,000,000 records.  Elapsed time: 00:00:34s.  Time for last 1,000,000:   13s.  Last read position: chr4:120,192,844
INFO	2016-05-19 10:18:45	FixMateInformation	Processed     4,000,000 records.  Elapsed time: 00:00:48s.  Time for last 1,000,000:   13s.  Last read position: chr12:116,030,367
INFO	2016-05-19 10:18:59	FixMateInformation	Processed     5,000,000 records.  Elapsed time: 00:01:02s.  Time for last 1,000,000:   14s.  Last read position: chr2:202,523,247
INFO	2016-05-19 10:19:12	FixMateInformation	Processed     6,000,000 records.  Elapsed time: 00:01:15s.  Time for last 1,000,000:   12s.  Last read position: chr1:67,236,240
INFO	2016-05-19 10:19:26	FixMateInformation	Processed     7,000,000 records.  Elapsed time: 00:01:28s.  Time for last 1,000,000:   13s.  Last read position: chr1:47,150,209
INFO	2016-05-19 10:19:40	FixMateInformation	Processed     8,000,000 records.  Elapsed time: 00:01:43s.  Time for last 1,000,000:   14s.  Last read position: chr3:128,292,260
INFO	2016-05-19 10:19:54	FixMateInformation	Processed     9,000,000 records.  Elapsed time: 00:01:56s.  Time for last 1,000,000:   13s.  Last read position: chr10:2,126,665
INFO	2016-05-19 10:20:07	FixMateInformation	Processed    10,000,000 records.  Elapsed time: 00:02:09s.  Time for last 1,000,000:   12s.  Last read position: chr2:30,454,872
INFO	2016-05-19 10:20:20	FixMateInformation	Processed    11,000,000 records.  Elapsed time: 00:02:23s.  Time for last 1,000,000:   13s.  Last read position: chr1:93,202,016
INFO	2016-05-19 10:20:34	FixMateInformation	Processed    12,000,000 records.  Elapsed time: 00:02:37s.  Time for last 1,000,000:   13s.  Last read position: chr4:57,865,798
INFO	2016-05-19 10:20:47	FixMateInformation	Processed    13,000,000 records.  Elapsed time: 00:02:50s.  Time for last 1,000,000:   13s.  Last read position: chr4:47,597,882
INFO	2016-05-19 10:21:01	FixMateInformation	Processed    14,000,000 records.  Elapsed time: 00:03:03s.  Time for last 1,000,000:   13s.  Last read position: chr1:84,815,357
INFO	2016-05-19 10:21:13	FixMateInformation	Processed    15,000,000 records.  Elapsed time: 00:03:16s.  Time for last 1,000,000:   12s.  Last read position: chr11:62,591,772
INFO	2016-05-19 10:21:27	FixMateInformation	Processed    16,000,000 records.  Elapsed time: 00:03:29s.  Time for last 1,000,000:   13s.  Last read position: chr16:30,735,310
INFO	2016-05-19 10:21:41	FixMateInformation	Processed    17,000,000 records.  Elapsed time: 00:03:43s.  Time for last 1,000,000:   14s.  Last read position: chr10:103,869,751
INFO	2016-05-19 10:21:54	FixMateInformation	Processed    18,000,000 records.  Elapsed time: 00:03:57s.  Time for last 1,000,000:   13s.  Last read position: chr11:121,360,712
INFO	2016-05-19 10:22:08	FixMateInformation	Processed    19,000,000 records.  Elapsed time: 00:04:11s.  Time for last 1,000,000:   14s.  Last read position: chr4:39,456,248
INFO	2016-05-19 10:22:22	FixMateInformation	Processed    20,000,000 records.  Elapsed time: 00:04:25s.  Time for last 1,000,000:   13s.  Last read position: chr12:51,389,447
INFO	2016-05-19 10:22:36	FixMateInformation	Processed    21,000,000 records.  Elapsed time: 00:04:39s.  Time for last 1,000,000:   13s.  Last read position: chr8:22,974,189
INFO	2016-05-19 10:22:50	FixMateInformation	Processed    22,000,000 records.  Elapsed time: 00:04:52s.  Time for last 1,000,000:   13s.  Last read position: chrY:26,426,825
INFO	2016-05-19 10:23:04	FixMateInformation	Processed    23,000,000 records.  Elapsed time: 00:05:07s.  Time for last 1,000,000:   14s.  Last read position: chrX:54,586,979
INFO	2016-05-19 10:23:17	FixMateInformation	Processed    24,000,000 records.  Elapsed time: 00:05:20s.  Time for last 1,000,000:   13s.  Last read position: chr1:147,092,399
INFO	2016-05-19 10:23:31	FixMateInformation	Processed    25,000,000 records.  Elapsed time: 00:05:34s.  Time for last 1,000,000:   14s.  Last read position: chr1:86,119,804
INFO	2016-05-19 10:23:45	FixMateInformation	Processed    26,000,000 records.  Elapsed time: 00:05:47s.  Time for last 1,000,000:   13s.  Last read position: chr6:86,243,437
INFO	2016-05-19 10:23:59	FixMateInformation	Processed    27,000,000 records.  Elapsed time: 00:06:02s.  Time for last 1,000,000:   14s.  Last read position: chr15:72,558,083
INFO	2016-05-19 10:24:15	FixMateInformation	Processed    28,000,000 records.  Elapsed time: 00:06:17s.  Time for last 1,000,000:   15s.  Last read position: chr8:94,747,085
INFO	2016-05-19 10:24:28	FixMateInformation	Processed    29,000,000 records.  Elapsed time: 00:06:31s.  Time for last 1,000,000:   13s.  Last read position: chr17:6,564,640
INFO	2016-05-19 10:24:43	FixMateInformation	Processed    30,000,000 records.  Elapsed time: 00:06:45s.  Time for last 1,000,000:   14s.  Last read position: chr1:155,174,645
INFO	2016-05-19 10:24:59	FixMateInformation	Processed    31,000,000 records.  Elapsed time: 00:07:01s.  Time for last 1,000,000:   15s.  Last read position: chr19:18,548,580
INFO	2016-05-19 10:25:13	FixMateInformation	Processed    32,000,000 records.  Elapsed time: 00:07:15s.  Time for last 1,000,000:   14s.  Last read position: chr3:150,290,042
INFO	2016-05-19 10:25:21	FixMateInformation	Finished processing reads; re-sorting output file.
[Thu May 19 10:31:23 EDT 2016] picard.sam.FixMateInformation done. Elapsed time: 19.92 minutes.
Runtime.totalMemory()=3290955776
