[Thu May 19 09:31:13 EDT 2016] picard.sam.SortSam INPUT=p_DS_bkm_135-N.sam OUTPUT=p_DS_bkm_135-N/p_DS_bkm_135-N.sorted.bam SORT_ORDER=coordinate TMP_DIR=[tmp_WT] VALIDATION_STRINGENCY=LENIENT CREATE_INDEX=true    VERBOSITY=INFO QUIET=false COMPRESSION_LEVEL=5 MAX_RECORDS_IN_RAM=500000 CREATE_MD5_FILE=false GA4GH_CLIENT_SECRETS=client_secrets.json
[Thu May 19 09:31:13 EDT 2016] Executing as abdelrahman@compute-1-13.local on Linux 2.6.32-279.14.1.el6.x86_64 amd64; Java HotSpot(TM) 64-Bit Server VM 1.8.0_45-b14; Picard version: 2.3.0(9a00c87b7ffdb01cfb5a0d6e76556146196babb8_1463071327) IntelDeflater
INFO	2016-05-19 09:31:14	SortSam	Finished reading inputs, merging and writing to output now.
[Thu May 19 09:31:14 EDT 2016] picard.sam.SortSam done. Elapsed time: 0.02 minutes.
Runtime.totalMemory()=506462208
[Thu May 19 09:31:15 EDT 2016] picard.sam.markduplicates.MarkDuplicates INPUT=[p_DS_bkm_135-N/p_DS_bkm_135-N.sorted.bam] OUTPUT=p_DS_bkm_135-N/p_DS_bkm_135-N.sorted.MarkDup.bam METRICS_FILE=MarkDup_metrics TMP_DIR=[tmp] VALIDATION_STRINGENCY=SILENT CREATE_INDEX=true    MAX_SEQUENCES_FOR_DISK_READ_ENDS_MAP=50000 MAX_FILE_HANDLES_FOR_READ_ENDS_MAP=8000 SORTING_COLLECTION_SIZE_RATIO=0.25 REMOVE_SEQUENCING_DUPLICATES=false TAGGING_POLICY=DontTag REMOVE_DUPLICATES=false ASSUME_SORTED=false DUPLICATE_SCORING_STRATEGY=SUM_OF_BASE_QUALITIES PROGRAM_RECORD_ID=MarkDuplicates PROGRAM_GROUP_NAME=MarkDuplicates READ_NAME_REGEX=<optimized capture of last three ':' separated fields as numeric values> OPTICAL_DUPLICATE_PIXEL_DISTANCE=100 VERBOSITY=INFO QUIET=false COMPRESSION_LEVEL=5 MAX_RECORDS_IN_RAM=500000 CREATE_MD5_FILE=false GA4GH_CLIENT_SECRETS=client_secrets.json
[Thu May 19 09:31:15 EDT 2016] Executing as abdelrahman@compute-1-13.local on Linux 2.6.32-279.14.1.el6.x86_64 amd64; Java HotSpot(TM) 64-Bit Server VM 1.8.0_45-b14; Picard version: 2.3.0(9a00c87b7ffdb01cfb5a0d6e76556146196babb8_1463071327) IntelDeflater
INFO	2016-05-19 09:31:15	MarkDuplicates	Start of doWork freeMemory: 502229096; totalMemory: 506462208; maxMemory: 13362528256
INFO	2016-05-19 09:31:15	MarkDuplicates	Reading input file and constructing read end information.
INFO	2016-05-19 09:31:15	MarkDuplicates	Will retain up to 51394339 data points before spilling to disk.
INFO	2016-05-19 09:31:15	MarkDuplicates	Read 0 records. 0 pairs never matched.
INFO	2016-05-19 09:31:15	MarkDuplicates	After buildSortedReadEndLists freeMemory: 296846168; totalMemory: 712507392; maxMemory: 13362528256
INFO	2016-05-19 09:31:15	MarkDuplicates	Will retain up to 417579008 duplicate indices before spilling to disk.
INFO	2016-05-19 09:31:16	MarkDuplicates	Traversing read pair information and detecting duplicates.
INFO	2016-05-19 09:31:16	MarkDuplicates	Traversing fragment information and detecting duplicates.
INFO	2016-05-19 09:31:16	MarkDuplicates	Sorting list of duplicate records.
INFO	2016-05-19 09:31:17	MarkDuplicates	After generateDuplicateIndexes freeMemory: 708268320; totalMemory: 4053270528; maxMemory: 13362528256
INFO	2016-05-19 09:31:17	MarkDuplicates	Marking 0 records as duplicates.
INFO	2016-05-19 09:31:17	MarkDuplicates	Found 0 optical duplicate clusters.
INFO	2016-05-19 09:31:17	MarkDuplicates	Reads are assumed to be ordered by: coordinate
INFO	2016-05-19 09:31:17	MarkDuplicates	Before output close freeMemory: 4047866528; totalMemory: 4053270528; maxMemory: 13362528256
INFO	2016-05-19 09:31:17	MarkDuplicates	After output close freeMemory: 4047918408; totalMemory: 4053270528; maxMemory: 13362528256
[Thu May 19 09:31:17 EDT 2016] picard.sam.markduplicates.MarkDuplicates done. Elapsed time: 0.04 minutes.
Runtime.totalMemory()=4053270528
[Thu May 19 09:31:18 EDT 2016] picard.sam.AddOrReplaceReadGroups INPUT=p_DS_bkm_135-N/p_DS_bkm_135-N.sorted.MarkDup.bam OUTPUT=p_DS_bkm_135-N/p_DS_bkm_135-N.sorted.MarkDup.fixed.bam SORT_ORDER=coordinate RGID=id RGLB=bar RGPL=Illumina RGPU=platform RGSM=sample1 TMP_DIR=[tmp] VALIDATION_STRINGENCY=SILENT CREATE_INDEX=true    VERBOSITY=INFO QUIET=false COMPRESSION_LEVEL=5 MAX_RECORDS_IN_RAM=500000 CREATE_MD5_FILE=false GA4GH_CLIENT_SECRETS=client_secrets.json
[Thu May 19 09:31:18 EDT 2016] Executing as abdelrahman@compute-1-13.local on Linux 2.6.32-279.14.1.el6.x86_64 amd64; Java HotSpot(TM) 64-Bit Server VM 1.8.0_45-b14; Picard version: 2.3.0(9a00c87b7ffdb01cfb5a0d6e76556146196babb8_1463071327) IntelDeflater
INFO	2016-05-19 09:31:18	AddOrReplaceReadGroups	Created read group ID=id PL=Illumina LB=bar SM=sample1

[Thu May 19 09:31:18 EDT 2016] picard.sam.AddOrReplaceReadGroups done. Elapsed time: 0.00 minutes.
Runtime.totalMemory()=506462208
[Thu May 19 09:31:18 EDT 2016] picard.sam.FixMateInformation INPUT=[p_DS_bkm_135-N/p_DS_bkm_135-N.sorted.MarkDup.fixed.bam] OUTPUT=p_DS_bkm_135-N/p_DS_bkm_135-N.sorted.MarkDup.realn.fixed.bam SORT_ORDER=coordinate TMP_DIR=[tmp/flx] VALIDATION_STRINGENCY=LENIENT CREATE_INDEX=true    ASSUME_SORTED=false ADD_MATE_CIGAR=true IGNORE_MISSING_MATES=true VERBOSITY=INFO QUIET=false COMPRESSION_LEVEL=5 MAX_RECORDS_IN_RAM=500000 CREATE_MD5_FILE=false GA4GH_CLIENT_SECRETS=client_secrets.json
[Thu May 19 09:31:18 EDT 2016] Executing as abdelrahman@compute-1-13.local on Linux 2.6.32-279.14.1.el6.x86_64 amd64; Java HotSpot(TM) 64-Bit Server VM 1.8.0_45-b14; Picard version: 2.3.0(9a00c87b7ffdb01cfb5a0d6e76556146196babb8_1463071327) IntelDeflater
INFO	2016-05-19 09:31:18	FixMateInformation	Sorting input into queryname order.
INFO	2016-05-19 09:31:18	FixMateInformation	Sorting by queryname complete.
INFO	2016-05-19 09:31:18	FixMateInformation	Output will be sorted by coordinate
INFO	2016-05-19 09:31:18	FixMateInformation	Traversing query name sorted records and fixing up mate pair information.
INFO	2016-05-19 09:31:18	FixMateInformation	Finished processing reads; re-sorting output file.
[Thu May 19 09:31:18 EDT 2016] picard.sam.FixMateInformation done. Elapsed time: 0.01 minutes.
Runtime.totalMemory()=506462208
