[Thu May 19 00:26:41 EDT 2016] picard.sam.SortSam INPUT=p_DS_bkm_133-N.sam OUTPUT=p_DS_bkm_133-N/p_DS_bkm_133-N.sorted.bam SORT_ORDER=coordinate TMP_DIR=[tmp_WT] VALIDATION_STRINGENCY=LENIENT CREATE_INDEX=true    VERBOSITY=INFO QUIET=false COMPRESSION_LEVEL=5 MAX_RECORDS_IN_RAM=500000 CREATE_MD5_FILE=false GA4GH_CLIENT_SECRETS=client_secrets.json
[Thu May 19 00:26:41 EDT 2016] Executing as abdelrahman@compute-1-4.local on Linux 2.6.32-279.14.1.el6.x86_64 amd64; Java HotSpot(TM) 64-Bit Server VM 1.8.0_45-b14; Picard version: 2.3.0(9a00c87b7ffdb01cfb5a0d6e76556146196babb8_1463071327) IntelDeflater
INFO	2016-05-19 00:31:08	SortSam	Read    10,000,000 records.  Elapsed time: 00:04:25s.  Time for last 10,000,000:  265s.  Last read position: chr17:8,195,889
INFO	2016-05-19 00:35:29	SortSam	Read    20,000,000 records.  Elapsed time: 00:08:46s.  Time for last 10,000,000:  260s.  Last read position: chr6:90,121,807
INFO	2016-05-19 00:39:36	SortSam	Read    30,000,000 records.  Elapsed time: 00:12:53s.  Time for last 10,000,000:  247s.  Last read position: chr19:46,998,638
INFO	2016-05-19 00:43:45	SortSam	Read    40,000,000 records.  Elapsed time: 00:17:02s.  Time for last 10,000,000:  248s.  Last read position: chr5:140,262,634
INFO	2016-05-19 00:47:46	SortSam	Read    50,000,000 records.  Elapsed time: 00:21:04s.  Time for last 10,000,000:  241s.  Last read position: chr3:69,124,282
INFO	2016-05-19 00:51:50	SortSam	Read    60,000,000 records.  Elapsed time: 00:25:07s.  Time for last 10,000,000:  243s.  Last read position: chr2:196,651,519
INFO	2016-05-19 00:55:59	SortSam	Read    70,000,000 records.  Elapsed time: 00:29:16s.  Time for last 10,000,000:  248s.  Last read position: chr9:116,085,130
INFO	2016-05-19 00:59:06	SortSam	Finished reading inputs, merging and writing to output now.
INFO	2016-05-19 01:02:26	SortSam	Wrote    10,000,000 records from a sorting collection.  Elapsed time: 00:35:43s.  Time for last 10,000,000:  153s.  Last read position: chr2:99,013,407
INFO	2016-05-19 01:04:48	SortSam	Wrote    20,000,000 records from a sorting collection.  Elapsed time: 00:38:05s.  Time for last 10,000,000:  142s.  Last read position: chr4:99,956,472
INFO	2016-05-19 01:07:01	SortSam	Wrote    30,000,000 records from a sorting collection.  Elapsed time: 00:40:18s.  Time for last 10,000,000:  132s.  Last read position: chr7:42,088,361
INFO	2016-05-19 01:09:24	SortSam	Wrote    40,000,000 records from a sorting collection.  Elapsed time: 00:42:42s.  Time for last 10,000,000:  143s.  Last read position: chr10:72,324,123
INFO	2016-05-19 01:11:30	SortSam	Wrote    50,000,000 records from a sorting collection.  Elapsed time: 00:44:47s.  Time for last 10,000,000:  125s.  Last read position: chr12:118,681,185
INFO	2016-05-19 01:13:27	SortSam	Wrote    60,000,000 records from a sorting collection.  Elapsed time: 00:46:44s.  Time for last 10,000,000:  116s.  Last read position: chr16:84,270,817
INFO	2016-05-19 01:15:38	SortSam	Wrote    70,000,000 records from a sorting collection.  Elapsed time: 00:48:55s.  Time for last 10,000,000:  130s.  Last read position: chr19:55,660,421
[Thu May 19 01:17:12 EDT 2016] picard.sam.SortSam done. Elapsed time: 50.51 minutes.
Runtime.totalMemory()=2854223872
[Thu May 19 01:17:13 EDT 2016] picard.sam.markduplicates.MarkDuplicates INPUT=[p_DS_bkm_133-N/p_DS_bkm_133-N.sorted.bam] OUTPUT=p_DS_bkm_133-N/p_DS_bkm_133-N.sorted.MarkDup.bam METRICS_FILE=MarkDup_metrics TMP_DIR=[tmp] VALIDATION_STRINGENCY=SILENT CREATE_INDEX=true    MAX_SEQUENCES_FOR_DISK_READ_ENDS_MAP=50000 MAX_FILE_HANDLES_FOR_READ_ENDS_MAP=8000 SORTING_COLLECTION_SIZE_RATIO=0.25 REMOVE_SEQUENCING_DUPLICATES=false TAGGING_POLICY=DontTag REMOVE_DUPLICATES=false ASSUME_SORTED=false DUPLICATE_SCORING_STRATEGY=SUM_OF_BASE_QUALITIES PROGRAM_RECORD_ID=MarkDuplicates PROGRAM_GROUP_NAME=MarkDuplicates READ_NAME_REGEX=<optimized capture of last three ':' separated fields as numeric values> OPTICAL_DUPLICATE_PIXEL_DISTANCE=100 VERBOSITY=INFO QUIET=false COMPRESSION_LEVEL=5 MAX_RECORDS_IN_RAM=500000 CREATE_MD5_FILE=false GA4GH_CLIENT_SECRETS=client_secrets.json
[Thu May 19 01:17:13 EDT 2016] Executing as abdelrahman@compute-1-4.local on Linux 2.6.32-279.14.1.el6.x86_64 amd64; Java HotSpot(TM) 64-Bit Server VM 1.8.0_45-b14; Picard version: 2.3.0(9a00c87b7ffdb01cfb5a0d6e76556146196babb8_1463071327) IntelDeflater
INFO	2016-05-19 01:17:13	MarkDuplicates	Start of doWork freeMemory: 502229520; totalMemory: 506462208; maxMemory: 13362528256
INFO	2016-05-19 01:17:13	MarkDuplicates	Reading input file and constructing read end information.
INFO	2016-05-19 01:17:13	MarkDuplicates	Will retain up to 51394339 data points before spilling to disk.
INFO	2016-05-19 01:17:20	MarkDuplicates	Read     1,000,000 records.  Elapsed time: 00:00:06s.  Time for last 1,000,000:    6s.  Last read position: chr1:21,100,090
INFO	2016-05-19 01:17:20	MarkDuplicates	Tracking 3587 as yet unmatched pairs. 375 records in RAM.
INFO	2016-05-19 01:17:26	MarkDuplicates	Read     2,000,000 records.  Elapsed time: 00:00:12s.  Time for last 1,000,000:    5s.  Last read position: chr1:40,713,460
INFO	2016-05-19 01:17:26	MarkDuplicates	Tracking 6840 as yet unmatched pairs. 565 records in RAM.
INFO	2016-05-19 01:17:31	MarkDuplicates	Read     3,000,000 records.  Elapsed time: 00:00:17s.  Time for last 1,000,000:    4s.  Last read position: chr1:74,901,684
INFO	2016-05-19 01:17:31	MarkDuplicates	Tracking 10617 as yet unmatched pairs. 659 records in RAM.
INFO	2016-05-19 01:17:35	MarkDuplicates	Read     4,000,000 records.  Elapsed time: 00:00:22s.  Time for last 1,000,000:    4s.  Last read position: chr1:117,663,837
INFO	2016-05-19 01:17:35	MarkDuplicates	Tracking 14974 as yet unmatched pairs. 765 records in RAM.
INFO	2016-05-19 01:17:42	MarkDuplicates	Read     5,000,000 records.  Elapsed time: 00:00:28s.  Time for last 1,000,000:    6s.  Last read position: chr1:156,828,129
INFO	2016-05-19 01:17:42	MarkDuplicates	Tracking 18636 as yet unmatched pairs. 661 records in RAM.
INFO	2016-05-19 01:17:46	MarkDuplicates	Read     6,000,000 records.  Elapsed time: 00:00:33s.  Time for last 1,000,000:    4s.  Last read position: chr1:184,853,844
INFO	2016-05-19 01:17:46	MarkDuplicates	Tracking 21803 as yet unmatched pairs. 564 records in RAM.
INFO	2016-05-19 01:17:51	MarkDuplicates	Read     7,000,000 records.  Elapsed time: 00:00:38s.  Time for last 1,000,000:    5s.  Last read position: chr1:223,957,711
INFO	2016-05-19 01:17:51	MarkDuplicates	Tracking 25413 as yet unmatched pairs. 301 records in RAM.
INFO	2016-05-19 01:18:02	MarkDuplicates	Read     8,000,000 records.  Elapsed time: 00:00:48s.  Time for last 1,000,000:   10s.  Last read position: chr2:17,913,061
INFO	2016-05-19 01:18:02	MarkDuplicates	Tracking 29442 as yet unmatched pairs. 3517 records in RAM.
INFO	2016-05-19 01:18:08	MarkDuplicates	Read     9,000,000 records.  Elapsed time: 00:00:54s.  Time for last 1,000,000:    5s.  Last read position: chr2:54,494,406
INFO	2016-05-19 01:18:08	MarkDuplicates	Tracking 41393 as yet unmatched pairs. 2847 records in RAM.
INFO	2016-05-19 01:18:19	MarkDuplicates	Read    10,000,000 records.  Elapsed time: 00:01:05s.  Time for last 1,000,000:   11s.  Last read position: chr2:99,013,407
INFO	2016-05-19 01:18:19	MarkDuplicates	Tracking 45828 as yet unmatched pairs. 2521 records in RAM.
INFO	2016-05-19 01:18:23	MarkDuplicates	Read    11,000,000 records.  Elapsed time: 00:01:10s.  Time for last 1,000,000:    4s.  Last read position: chr2:159,497,174
INFO	2016-05-19 01:18:23	MarkDuplicates	Tracking 50965 as yet unmatched pairs. 1826 records in RAM.
INFO	2016-05-19 01:18:34	MarkDuplicates	Read    12,000,000 records.  Elapsed time: 00:01:21s.  Time for last 1,000,000:   10s.  Last read position: chr2:194,886,084
INFO	2016-05-19 01:18:34	MarkDuplicates	Tracking 53737 as yet unmatched pairs. 1209 records in RAM.
INFO	2016-05-19 01:18:38	MarkDuplicates	Read    13,000,000 records.  Elapsed time: 00:01:24s.  Time for last 1,000,000:    3s.  Last read position: chr2:230,659,905
INFO	2016-05-19 01:18:38	MarkDuplicates	Tracking 56463 as yet unmatched pairs. 395 records in RAM.
INFO	2016-05-19 01:18:47	MarkDuplicates	Read    14,000,000 records.  Elapsed time: 00:01:33s.  Time for last 1,000,000:    9s.  Last read position: chr3:19,384,183
INFO	2016-05-19 01:18:47	MarkDuplicates	Tracking 58835 as yet unmatched pairs. 3678 records in RAM.
INFO	2016-05-19 01:18:51	MarkDuplicates	Read    15,000,000 records.  Elapsed time: 00:01:38s.  Time for last 1,000,000:    4s.  Last read position: chr3:49,689,565
INFO	2016-05-19 01:18:51	MarkDuplicates	Tracking 61165 as yet unmatched pairs. 3138 records in RAM.
INFO	2016-05-19 01:19:00	MarkDuplicates	Read    16,000,000 records.  Elapsed time: 00:01:46s.  Time for last 1,000,000:    8s.  Last read position: chr3:101,056,432
INFO	2016-05-19 01:19:00	MarkDuplicates	Tracking 63976 as yet unmatched pairs. 2288 records in RAM.
INFO	2016-05-19 01:19:05	MarkDuplicates	Read    17,000,000 records.  Elapsed time: 00:01:51s.  Time for last 1,000,000:    4s.  Last read position: chr3:138,347,943
INFO	2016-05-19 01:19:05	MarkDuplicates	Tracking 66224 as yet unmatched pairs. 1442 records in RAM.
INFO	2016-05-19 01:19:13	MarkDuplicates	Read    18,000,000 records.  Elapsed time: 00:01:59s.  Time for last 1,000,000:    8s.  Last read position: chr3:190,548,933
INFO	2016-05-19 01:19:13	MarkDuplicates	Tracking 68924 as yet unmatched pairs. 329 records in RAM.
INFO	2016-05-19 01:19:18	MarkDuplicates	Read    19,000,000 records.  Elapsed time: 00:02:04s.  Time for last 1,000,000:    5s.  Last read position: chr4:40,428,047
INFO	2016-05-19 01:19:18	MarkDuplicates	Tracking 71372 as yet unmatched pairs. 4066 records in RAM.
INFO	2016-05-19 01:19:26	MarkDuplicates	Read    20,000,000 records.  Elapsed time: 00:02:12s.  Time for last 1,000,000:    8s.  Last read position: chr4:99,956,472
INFO	2016-05-19 01:19:26	MarkDuplicates	Tracking 75214 as yet unmatched pairs. 2346 records in RAM.
INFO	2016-05-19 01:19:30	MarkDuplicates	Read    21,000,000 records.  Elapsed time: 00:02:16s.  Time for last 1,000,000:    3s.  Last read position: chr4:164,247,353
INFO	2016-05-19 01:19:30	MarkDuplicates	Tracking 77694 as yet unmatched pairs. 927 records in RAM.
INFO	2016-05-19 01:19:40	MarkDuplicates	Read    22,000,000 records.  Elapsed time: 00:02:26s.  Time for last 1,000,000:    9s.  Last read position: chr5:41,842,791
INFO	2016-05-19 01:19:40	MarkDuplicates	Tracking 80115 as yet unmatched pairs. 4716 records in RAM.
INFO	2016-05-19 01:19:43	MarkDuplicates	Read    23,000,000 records.  Elapsed time: 00:02:29s.  Time for last 1,000,000:    3s.  Last read position: chr5:110,409,301
INFO	2016-05-19 01:19:43	MarkDuplicates	Tracking 82335 as yet unmatched pairs. 2831 records in RAM.
INFO	2016-05-19 01:19:51	MarkDuplicates	Read    24,000,000 records.  Elapsed time: 00:02:37s.  Time for last 1,000,000:    7s.  Last read position: chr5:145,610,375
INFO	2016-05-19 01:19:51	MarkDuplicates	Tracking 83705 as yet unmatched pairs. 1458 records in RAM.
INFO	2016-05-19 01:19:55	MarkDuplicates	Read    25,000,000 records.  Elapsed time: 00:02:41s.  Time for last 1,000,000:    4s.  Last read position: chr6:350,729
INFO	2016-05-19 01:19:55	MarkDuplicates	Tracking 84998 as yet unmatched pairs. 6862 records in RAM.
INFO	2016-05-19 01:20:05	MarkDuplicates	Read    26,000,000 records.  Elapsed time: 00:02:51s.  Time for last 1,000,000:   10s.  Last read position: chr6:31,860,334
INFO	2016-05-19 01:20:05	MarkDuplicates	Tracking 85936 as yet unmatched pairs. 5509 records in RAM.
INFO	2016-05-19 01:20:08	MarkDuplicates	Read    27,000,000 records.  Elapsed time: 00:02:55s.  Time for last 1,000,000:    3s.  Last read position: chr6:51,712,723
INFO	2016-05-19 01:20:08	MarkDuplicates	Tracking 86635 as yet unmatched pairs. 4382 records in RAM.
INFO	2016-05-19 01:20:20	MarkDuplicates	Read    28,000,000 records.  Elapsed time: 00:03:07s.  Time for last 1,000,000:   11s.  Last read position: chr6:112,671,703
INFO	2016-05-19 01:20:20	MarkDuplicates	Tracking 87947 as yet unmatched pairs. 2511 records in RAM.
INFO	2016-05-19 01:20:24	MarkDuplicates	Read    29,000,000 records.  Elapsed time: 00:03:10s.  Time for last 1,000,000:    3s.  Last read position: chr6:162,242,755
INFO	2016-05-19 01:20:24	MarkDuplicates	Tracking 88923 as yet unmatched pairs. 330 records in RAM.
INFO	2016-05-19 01:20:40	MarkDuplicates	Read    30,000,000 records.  Elapsed time: 00:03:26s.  Time for last 1,000,000:   15s.  Last read position: chr7:42,088,361
INFO	2016-05-19 01:20:40	MarkDuplicates	Tracking 89682 as yet unmatched pairs. 5724 records in RAM.
INFO	2016-05-19 01:20:44	MarkDuplicates	Read    31,000,000 records.  Elapsed time: 00:03:30s.  Time for last 1,000,000:    4s.  Last read position: chr7:98,554,194
INFO	2016-05-19 01:20:44	MarkDuplicates	Tracking 90639 as yet unmatched pairs. 3532 records in RAM.
INFO	2016-05-19 01:20:50	MarkDuplicates	Read    32,000,000 records.  Elapsed time: 00:03:36s.  Time for last 1,000,000:    6s.  Last read position: chr7:130,138,151
INFO	2016-05-19 01:20:50	MarkDuplicates	Tracking 91207 as yet unmatched pairs. 1716 records in RAM.
INFO	2016-05-19 01:20:55	MarkDuplicates	Read    33,000,000 records.  Elapsed time: 00:03:41s.  Time for last 1,000,000:    4s.  Last read position: chr8:10,470,380
INFO	2016-05-19 01:20:55	MarkDuplicates	Tracking 91650 as yet unmatched pairs. 6296 records in RAM.
INFO	2016-05-19 01:21:05	MarkDuplicates	Read    34,000,000 records.  Elapsed time: 00:03:52s.  Time for last 1,000,000:   10s.  Last read position: chr8:57,079,555
INFO	2016-05-19 01:21:05	MarkDuplicates	Tracking 91970 as yet unmatched pairs. 4055 records in RAM.
INFO	2016-05-19 01:21:09	MarkDuplicates	Read    35,000,000 records.  Elapsed time: 00:03:55s.  Time for last 1,000,000:    3s.  Last read position: chr8:124,333,153
INFO	2016-05-19 01:21:09	MarkDuplicates	Tracking 92162 as yet unmatched pairs. 1284 records in RAM.
INFO	2016-05-19 01:21:19	MarkDuplicates	Read    36,000,000 records.  Elapsed time: 00:04:05s.  Time for last 1,000,000:    9s.  Last read position: chr9:27,950,621
INFO	2016-05-19 01:21:19	MarkDuplicates	Tracking 91982 as yet unmatched pairs. 5716 records in RAM.
INFO	2016-05-19 01:21:24	MarkDuplicates	Read    37,000,000 records.  Elapsed time: 00:04:10s.  Time for last 1,000,000:    5s.  Last read position: chr9:99,012,034
INFO	2016-05-19 01:21:24	MarkDuplicates	Tracking 92020 as yet unmatched pairs. 3132 records in RAM.
INFO	2016-05-19 01:21:28	MarkDuplicates	Read    38,000,000 records.  Elapsed time: 00:04:14s.  Time for last 1,000,000:    4s.  Last read position: chr9:131,370,236
INFO	2016-05-19 01:21:28	MarkDuplicates	Tracking 91768 as yet unmatched pairs. 1204 records in RAM.
INFO	2016-05-19 01:21:38	MarkDuplicates	Read    39,000,000 records.  Elapsed time: 00:04:25s.  Time for last 1,000,000:   10s.  Last read position: chr10:15,113,908
INFO	2016-05-19 01:21:38	MarkDuplicates	Tracking 91257 as yet unmatched pairs. 8452 records in RAM.
INFO	2016-05-19 01:21:44	MarkDuplicates	Read    40,000,000 records.  Elapsed time: 00:04:30s.  Time for last 1,000,000:    5s.  Last read position: chr10:72,324,123
INFO	2016-05-19 01:21:44	MarkDuplicates	Tracking 90842 as yet unmatched pairs. 4458 records in RAM.
INFO	2016-05-19 01:21:58	MarkDuplicates	Read    41,000,000 records.  Elapsed time: 00:04:44s.  Time for last 1,000,000:   13s.  Last read position: chr10:103,827,405
INFO	2016-05-19 01:21:58	MarkDuplicates	Tracking 90221 as yet unmatched pairs. 2242 records in RAM.
INFO	2016-05-19 01:22:02	MarkDuplicates	Read    42,000,000 records.  Elapsed time: 00:04:48s.  Time for last 1,000,000:    4s.  Last read position: chr11:1,081,721
INFO	2016-05-19 01:22:02	MarkDuplicates	Tracking 89401 as yet unmatched pairs. 9680 records in RAM.
INFO	2016-05-19 01:22:07	MarkDuplicates	Read    43,000,000 records.  Elapsed time: 00:04:53s.  Time for last 1,000,000:    5s.  Last read position: chr11:27,413,898
INFO	2016-05-19 01:22:07	MarkDuplicates	Tracking 88735 as yet unmatched pairs. 7684 records in RAM.
INFO	2016-05-19 01:22:11	MarkDuplicates	Read    44,000,000 records.  Elapsed time: 00:04:57s.  Time for last 1,000,000:    3s.  Last read position: chr11:62,458,017
INFO	2016-05-19 01:22:11	MarkDuplicates	Tracking 88090 as yet unmatched pairs. 5422 records in RAM.
INFO	2016-05-19 01:22:24	MarkDuplicates	Read    45,000,000 records.  Elapsed time: 00:05:10s.  Time for last 1,000,000:   13s.  Last read position: chr11:75,917,018
INFO	2016-05-19 01:22:24	MarkDuplicates	Tracking 87384 as yet unmatched pairs. 3808 records in RAM.
INFO	2016-05-19 01:22:28	MarkDuplicates	Read    46,000,000 records.  Elapsed time: 00:05:14s.  Time for last 1,000,000:    4s.  Last read position: chr11:118,949,200
INFO	2016-05-19 01:22:28	MarkDuplicates	Tracking 86463 as yet unmatched pairs. 1209 records in RAM.
INFO	2016-05-19 01:22:37	MarkDuplicates	Read    47,000,000 records.  Elapsed time: 00:05:23s.  Time for last 1,000,000:    9s.  Last read position: chr12:9,760,267
INFO	2016-05-19 01:22:37	MarkDuplicates	Tracking 85467 as yet unmatched pairs. 9995 records in RAM.
INFO	2016-05-19 01:22:41	MarkDuplicates	Read    48,000,000 records.  Elapsed time: 00:05:27s.  Time for last 1,000,000:    3s.  Last read position: chr12:51,461,574
INFO	2016-05-19 01:22:41	MarkDuplicates	Tracking 84250 as yet unmatched pairs. 7303 records in RAM.
INFO	2016-05-19 01:22:54	MarkDuplicates	Read    49,000,000 records.  Elapsed time: 00:05:40s.  Time for last 1,000,000:   12s.  Last read position: chr12:75,900,351
INFO	2016-05-19 01:22:54	MarkDuplicates	Tracking 82896 as yet unmatched pairs. 4706 records in RAM.
INFO	2016-05-19 01:22:58	MarkDuplicates	Read    50,000,000 records.  Elapsed time: 00:05:44s.  Time for last 1,000,000:    3s.  Last read position: chr12:118,681,185
INFO	2016-05-19 01:22:58	MarkDuplicates	Tracking 81265 as yet unmatched pairs. 1596 records in RAM.
INFO	2016-05-19 01:23:04	MarkDuplicates	Read    51,000,000 records.  Elapsed time: 00:05:50s.  Time for last 1,000,000:    6s.  Last read position: chr13:36,909,417
INFO	2016-05-19 01:23:04	MarkDuplicates	Tracking 79604 as yet unmatched pairs. 4410 records in RAM.
INFO	2016-05-19 01:24:15	MarkDuplicates	Read    52,000,000 records.  Elapsed time: 00:07:01s.  Time for last 1,000,000:   70s.  Last read position: chr13:113,939,705
INFO	2016-05-19 01:24:15	MarkDuplicates	Tracking 77227 as yet unmatched pairs. 189 records in RAM.
INFO	2016-05-19 01:24:20	MarkDuplicates	Read    53,000,000 records.  Elapsed time: 00:07:07s.  Time for last 1,000,000:    5s.  Last read position: chr14:53,326,379
INFO	2016-05-19 01:24:20	MarkDuplicates	Tracking 75605 as yet unmatched pairs. 4778 records in RAM.
INFO	2016-05-19 01:24:24	MarkDuplicates	Read    54,000,000 records.  Elapsed time: 00:07:10s.  Time for last 1,000,000:    3s.  Last read position: chr14:93,392,993
INFO	2016-05-19 01:24:24	MarkDuplicates	Tracking 73569 as yet unmatched pairs. 1507 records in RAM.
INFO	2016-05-19 01:24:33	MarkDuplicates	Read    55,000,000 records.  Elapsed time: 00:07:19s.  Time for last 1,000,000:    8s.  Last read position: chr15:40,751,024
INFO	2016-05-19 01:24:33	MarkDuplicates	Tracking 71514 as yet unmatched pairs. 6407 records in RAM.
INFO	2016-05-19 01:24:37	MarkDuplicates	Read    56,000,000 records.  Elapsed time: 00:07:23s.  Time for last 1,000,000:    3s.  Last read position: chr15:64,995,183
INFO	2016-05-19 01:24:37	MarkDuplicates	Tracking 69606 as yet unmatched pairs. 3663 records in RAM.
INFO	2016-05-19 01:24:42	MarkDuplicates	Read    57,000,000 records.  Elapsed time: 00:07:29s.  Time for last 1,000,000:    5s.  Last read position: chr15:92,688,844
INFO	2016-05-19 01:24:42	MarkDuplicates	Tracking 67440 as yet unmatched pairs. 685 records in RAM.
INFO	2016-05-19 01:24:47	MarkDuplicates	Read    58,000,000 records.  Elapsed time: 00:07:33s.  Time for last 1,000,000:    4s.  Last read position: chr16:17,774,721
INFO	2016-05-19 01:24:47	MarkDuplicates	Tracking 65148 as yet unmatched pairs. 7620 records in RAM.
INFO	2016-05-19 01:25:00	MarkDuplicates	Read    59,000,000 records.  Elapsed time: 00:07:47s.  Time for last 1,000,000:   13s.  Last read position: chr16:55,855,320
INFO	2016-05-19 01:25:00	MarkDuplicates	Tracking 62563 as yet unmatched pairs. 3923 records in RAM.
INFO	2016-05-19 01:25:04	MarkDuplicates	Read    60,000,000 records.  Elapsed time: 00:07:50s.  Time for last 1,000,000:    3s.  Last read position: chr16:84,270,817
INFO	2016-05-19 01:25:04	MarkDuplicates	Tracking 60265 as yet unmatched pairs. 856 records in RAM.
INFO	2016-05-19 01:25:19	MarkDuplicates	Read    61,000,000 records.  Elapsed time: 00:08:05s.  Time for last 1,000,000:   15s.  Last read position: chr17:7,847,578
INFO	2016-05-19 01:25:19	MarkDuplicates	Tracking 58388 as yet unmatched pairs. 10445 records in RAM.
INFO	2016-05-19 01:25:23	MarkDuplicates	Read    62,000,000 records.  Elapsed time: 00:08:09s.  Time for last 1,000,000:    4s.  Last read position: chr17:33,462,488
INFO	2016-05-19 01:25:23	MarkDuplicates	Tracking 55895 as yet unmatched pairs. 7276 records in RAM.
INFO	2016-05-19 01:25:32	MarkDuplicates	Read    63,000,000 records.  Elapsed time: 00:08:18s.  Time for last 1,000,000:    8s.  Last read position: chr17:46,441,074
INFO	2016-05-19 01:25:32	MarkDuplicates	Tracking 53884 as yet unmatched pairs. 4755 records in RAM.
INFO	2016-05-19 01:25:37	MarkDuplicates	Read    64,000,000 records.  Elapsed time: 00:08:23s.  Time for last 1,000,000:    4s.  Last read position: chr17:73,495,090
INFO	2016-05-19 01:25:37	MarkDuplicates	Tracking 51356 as yet unmatched pairs. 1650 records in RAM.
INFO	2016-05-19 01:25:47	MarkDuplicates	Read    65,000,000 records.  Elapsed time: 00:08:33s.  Time for last 1,000,000:   10s.  Last read position: chr18:21,209,587
INFO	2016-05-19 01:25:47	MarkDuplicates	Tracking 48207 as yet unmatched pairs. 4287 records in RAM.
INFO	2016-05-19 01:25:55	MarkDuplicates	Read    66,000,000 records.  Elapsed time: 00:08:41s.  Time for last 1,000,000:    7s.  Last read position: chr19:1,788,660
INFO	2016-05-19 01:25:55	MarkDuplicates	Tracking 44212 as yet unmatched pairs. 12252 records in RAM.
INFO	2016-05-19 01:26:04	MarkDuplicates	Read    67,000,000 records.  Elapsed time: 00:08:50s.  Time for last 1,000,000:    9s.  Last read position: chr19:11,915,338
INFO	2016-05-19 01:26:04	MarkDuplicates	Tracking 41838 as yet unmatched pairs. 9647 records in RAM.
INFO	2016-05-19 01:26:09	MarkDuplicates	Read    68,000,000 records.  Elapsed time: 00:08:55s.  Time for last 1,000,000:    5s.  Last read position: chr19:35,487,070
INFO	2016-05-19 01:26:09	MarkDuplicates	Tracking 38693 as yet unmatched pairs. 6153 records in RAM.
INFO	2016-05-19 01:26:14	MarkDuplicates	Read    69,000,000 records.  Elapsed time: 00:09:00s.  Time for last 1,000,000:    4s.  Last read position: chr19:45,774,721
INFO	2016-05-19 01:26:14	MarkDuplicates	Tracking 36460 as yet unmatched pairs. 3655 records in RAM.
INFO	2016-05-19 01:26:18	MarkDuplicates	Read    70,000,000 records.  Elapsed time: 00:09:04s.  Time for last 1,000,000:    3s.  Last read position: chr19:55,660,421
INFO	2016-05-19 01:26:18	MarkDuplicates	Tracking 34085 as yet unmatched pairs. 968 records in RAM.
INFO	2016-05-19 01:26:32	MarkDuplicates	Read    71,000,000 records.  Elapsed time: 00:09:18s.  Time for last 1,000,000:   14s.  Last read position: chr20:30,149,560
INFO	2016-05-19 01:26:32	MarkDuplicates	Tracking 30965 as yet unmatched pairs. 4305 records in RAM.
INFO	2016-05-19 01:26:39	MarkDuplicates	Read    72,000,000 records.  Elapsed time: 00:09:26s.  Time for last 1,000,000:    7s.  Last read position: chr20:56,798,103
INFO	2016-05-19 01:26:39	MarkDuplicates	Tracking 27889 as yet unmatched pairs. 939 records in RAM.
INFO	2016-05-19 01:26:43	MarkDuplicates	Read    73,000,000 records.  Elapsed time: 00:09:29s.  Time for last 1,000,000:    3s.  Last read position: chr21:45,949,572
INFO	2016-05-19 01:26:43	MarkDuplicates	Tracking 23306 as yet unmatched pairs. 438 records in RAM.
INFO	2016-05-19 01:26:50	MarkDuplicates	Read    74,000,000 records.  Elapsed time: 00:09:36s.  Time for last 1,000,000:    6s.  Last read position: chr22:36,156,034
INFO	2016-05-19 01:26:50	MarkDuplicates	Tracking 20454 as yet unmatched pairs. 2511 records in RAM.
INFO	2016-05-19 01:26:54	MarkDuplicates	Read    75,000,000 records.  Elapsed time: 00:09:40s.  Time for last 1,000,000:    4s.  Last read position: chrX:15,349,907
INFO	2016-05-19 01:26:54	MarkDuplicates	Tracking 17009 as yet unmatched pairs. 13519 records in RAM.
INFO	2016-05-19 01:27:07	MarkDuplicates	Read    76,000,000 records.  Elapsed time: 00:09:53s.  Time for last 1,000,000:   13s.  Last read position: chrX:55,039,866
INFO	2016-05-19 01:27:07	MarkDuplicates	Tracking 12922 as yet unmatched pairs. 9424 records in RAM.
INFO	2016-05-19 01:27:10	MarkDuplicates	Read    77,000,000 records.  Elapsed time: 00:09:56s.  Time for last 1,000,000:    3s.  Last read position: chrX:115,592,942
INFO	2016-05-19 01:27:10	MarkDuplicates	Tracking 7850 as yet unmatched pairs. 4325 records in RAM.
INFO	2016-05-19 01:27:16	MarkDuplicates	Read 77903544 records. 0 pairs never matched.
INFO	2016-05-19 01:27:51	MarkDuplicates	After buildSortedReadEndLists freeMemory: 7252453544; totalMemory: 10329522176; maxMemory: 13362528256
INFO	2016-05-19 01:27:51	MarkDuplicates	Will retain up to 417579008 duplicate indices before spilling to disk.
INFO	2016-05-19 01:27:51	MarkDuplicates	Traversing read pair information and detecting duplicates.
INFO	2016-05-19 01:27:59	MarkDuplicates	Traversing fragment information and detecting duplicates.
INFO	2016-05-19 01:28:57	MarkDuplicates	Sorting list of duplicate records.
INFO	2016-05-19 01:28:58	MarkDuplicates	After generateDuplicateIndexes freeMemory: 10428594496; totalMemory: 13856407552; maxMemory: 13856407552
INFO	2016-05-19 01:28:58	MarkDuplicates	Marking 6942423 records as duplicates.
INFO	2016-05-19 01:28:58	MarkDuplicates	Found 1786 optical duplicate clusters.
INFO	2016-05-19 01:28:58	MarkDuplicates	Reads are assumed to be ordered by: coordinate
INFO	2016-05-19 01:32:35	MarkDuplicates	Written    10,000,000 records.  Elapsed time: 00:03:36s.  Time for last 10,000,000:  216s.  Last read position: chr2:99,013,407
INFO	2016-05-19 01:36:38	MarkDuplicates	Written    20,000,000 records.  Elapsed time: 00:07:38s.  Time for last 10,000,000:  242s.  Last read position: chr4:99,956,472
INFO	2016-05-19 01:40:06	MarkDuplicates	Written    30,000,000 records.  Elapsed time: 00:11:06s.  Time for last 10,000,000:  207s.  Last read position: chr7:42,088,361
INFO	2016-05-19 01:44:36	MarkDuplicates	Written    40,000,000 records.  Elapsed time: 00:15:36s.  Time for last 10,000,000:  270s.  Last read position: chr10:72,324,123
INFO	2016-05-19 01:48:25	MarkDuplicates	Written    50,000,000 records.  Elapsed time: 00:19:25s.  Time for last 10,000,000:  228s.  Last read position: chr12:118,681,185
INFO	2016-05-19 01:51:49	MarkDuplicates	Written    60,000,000 records.  Elapsed time: 00:22:49s.  Time for last 10,000,000:  204s.  Last read position: chr16:84,270,817
INFO	2016-05-19 01:55:09	MarkDuplicates	Written    70,000,000 records.  Elapsed time: 00:26:09s.  Time for last 10,000,000:  200s.  Last read position: chr19:55,660,421
INFO	2016-05-19 01:58:19	MarkDuplicates	Before output close freeMemory: 13692381144; totalMemory: 13786152960; maxMemory: 13786152960
INFO	2016-05-19 01:58:20	MarkDuplicates	After output close freeMemory: 13757916192; totalMemory: 13851688960; maxMemory: 13851688960
[Thu May 19 01:58:21 EDT 2016] picard.sam.markduplicates.MarkDuplicates done. Elapsed time: 41.13 minutes.
Runtime.totalMemory()=13851688960
[Thu May 19 01:58:22 EDT 2016] picard.sam.AddOrReplaceReadGroups INPUT=p_DS_bkm_133-N/p_DS_bkm_133-N.sorted.MarkDup.bam OUTPUT=p_DS_bkm_133-N/p_DS_bkm_133-N.sorted.MarkDup.fixed.bam SORT_ORDER=coordinate RGID=id RGLB=bar RGPL=Illumina RGPU=platform RGSM=sample1 TMP_DIR=[tmp] VALIDATION_STRINGENCY=SILENT CREATE_INDEX=true    VERBOSITY=INFO QUIET=false COMPRESSION_LEVEL=5 MAX_RECORDS_IN_RAM=500000 CREATE_MD5_FILE=false GA4GH_CLIENT_SECRETS=client_secrets.json
[Thu May 19 01:58:22 EDT 2016] Executing as abdelrahman@compute-1-4.local on Linux 2.6.32-279.14.1.el6.x86_64 amd64; Java HotSpot(TM) 64-Bit Server VM 1.8.0_45-b14; Picard version: 2.3.0(9a00c87b7ffdb01cfb5a0d6e76556146196babb8_1463071327) IntelDeflater
INFO	2016-05-19 01:58:22	AddOrReplaceReadGroups	Created read group ID=id PL=Illumina LB=bar SM=sample1

INFO	2016-05-19 01:58:54	AddOrReplaceReadGroups	Processed     1,000,000 records.  Elapsed time: 00:00:31s.  Time for last 1,000,000:   31s.  Last read position: chr1:21,100,090
INFO	2016-05-19 01:59:24	AddOrReplaceReadGroups	Processed     2,000,000 records.  Elapsed time: 00:01:01s.  Time for last 1,000,000:   30s.  Last read position: chr1:40,713,460
INFO	2016-05-19 01:59:40	AddOrReplaceReadGroups	Processed     3,000,000 records.  Elapsed time: 00:01:17s.  Time for last 1,000,000:   16s.  Last read position: chr1:74,901,684
INFO	2016-05-19 02:00:04	AddOrReplaceReadGroups	Processed     4,000,000 records.  Elapsed time: 00:01:41s.  Time for last 1,000,000:   23s.  Last read position: chr1:117,663,837
INFO	2016-05-19 02:00:28	AddOrReplaceReadGroups	Processed     5,000,000 records.  Elapsed time: 00:02:05s.  Time for last 1,000,000:   24s.  Last read position: chr1:156,828,129
INFO	2016-05-19 02:00:49	AddOrReplaceReadGroups	Processed     6,000,000 records.  Elapsed time: 00:02:26s.  Time for last 1,000,000:   20s.  Last read position: chr1:184,853,844
INFO	2016-05-19 02:01:15	AddOrReplaceReadGroups	Processed     7,000,000 records.  Elapsed time: 00:02:52s.  Time for last 1,000,000:   26s.  Last read position: chr1:223,957,711
INFO	2016-05-19 02:01:48	AddOrReplaceReadGroups	Processed     8,000,000 records.  Elapsed time: 00:03:25s.  Time for last 1,000,000:   33s.  Last read position: chr2:17,913,061
INFO	2016-05-19 02:02:11	AddOrReplaceReadGroups	Processed     9,000,000 records.  Elapsed time: 00:03:48s.  Time for last 1,000,000:   22s.  Last read position: chr2:54,494,406
INFO	2016-05-19 02:02:27	AddOrReplaceReadGroups	Processed    10,000,000 records.  Elapsed time: 00:04:04s.  Time for last 1,000,000:   15s.  Last read position: chr2:99,013,407
INFO	2016-05-19 02:02:53	AddOrReplaceReadGroups	Processed    11,000,000 records.  Elapsed time: 00:04:30s.  Time for last 1,000,000:   25s.  Last read position: chr2:159,497,174
INFO	2016-05-19 02:03:17	AddOrReplaceReadGroups	Processed    12,000,000 records.  Elapsed time: 00:04:54s.  Time for last 1,000,000:   23s.  Last read position: chr2:194,886,084
INFO	2016-05-19 02:03:40	AddOrReplaceReadGroups	Processed    13,000,000 records.  Elapsed time: 00:05:17s.  Time for last 1,000,000:   23s.  Last read position: chr2:230,659,905
INFO	2016-05-19 02:04:06	AddOrReplaceReadGroups	Processed    14,000,000 records.  Elapsed time: 00:05:43s.  Time for last 1,000,000:   25s.  Last read position: chr3:19,384,183
INFO	2016-05-19 02:04:30	AddOrReplaceReadGroups	Processed    15,000,000 records.  Elapsed time: 00:06:07s.  Time for last 1,000,000:   24s.  Last read position: chr3:49,689,565
INFO	2016-05-19 02:04:52	AddOrReplaceReadGroups	Processed    16,000,000 records.  Elapsed time: 00:06:29s.  Time for last 1,000,000:   21s.  Last read position: chr3:101,056,432
INFO	2016-05-19 02:05:16	AddOrReplaceReadGroups	Processed    17,000,000 records.  Elapsed time: 00:06:53s.  Time for last 1,000,000:   23s.  Last read position: chr3:138,347,943
INFO	2016-05-19 02:05:39	AddOrReplaceReadGroups	Processed    18,000,000 records.  Elapsed time: 00:07:16s.  Time for last 1,000,000:   23s.  Last read position: chr3:190,548,933
INFO	2016-05-19 02:06:07	AddOrReplaceReadGroups	Processed    19,000,000 records.  Elapsed time: 00:07:44s.  Time for last 1,000,000:   27s.  Last read position: chr4:40,428,047
INFO	2016-05-19 02:06:20	AddOrReplaceReadGroups	Processed    20,000,000 records.  Elapsed time: 00:07:57s.  Time for last 1,000,000:   13s.  Last read position: chr4:99,956,472
INFO	2016-05-19 02:06:40	AddOrReplaceReadGroups	Processed    21,000,000 records.  Elapsed time: 00:08:17s.  Time for last 1,000,000:   19s.  Last read position: chr4:164,247,353
INFO	2016-05-19 02:06:57	AddOrReplaceReadGroups	Processed    22,000,000 records.  Elapsed time: 00:08:34s.  Time for last 1,000,000:   16s.  Last read position: chr5:41,842,791
INFO	2016-05-19 02:07:26	AddOrReplaceReadGroups	Processed    23,000,000 records.  Elapsed time: 00:09:03s.  Time for last 1,000,000:   29s.  Last read position: chr5:110,409,301
INFO	2016-05-19 02:07:47	AddOrReplaceReadGroups	Processed    24,000,000 records.  Elapsed time: 00:09:24s.  Time for last 1,000,000:   20s.  Last read position: chr5:145,610,375
INFO	2016-05-19 02:08:09	AddOrReplaceReadGroups	Processed    25,000,000 records.  Elapsed time: 00:09:46s.  Time for last 1,000,000:   22s.  Last read position: chr6:350,729
INFO	2016-05-19 02:08:25	AddOrReplaceReadGroups	Processed    26,000,000 records.  Elapsed time: 00:10:01s.  Time for last 1,000,000:   15s.  Last read position: chr6:31,860,334
INFO	2016-05-19 02:08:46	AddOrReplaceReadGroups	Processed    27,000,000 records.  Elapsed time: 00:10:23s.  Time for last 1,000,000:   21s.  Last read position: chr6:51,712,723
INFO	2016-05-19 02:09:08	AddOrReplaceReadGroups	Processed    28,000,000 records.  Elapsed time: 00:10:45s.  Time for last 1,000,000:   22s.  Last read position: chr6:112,671,703
INFO	2016-05-19 02:09:31	AddOrReplaceReadGroups	Processed    29,000,000 records.  Elapsed time: 00:11:08s.  Time for last 1,000,000:   23s.  Last read position: chr6:162,242,755
INFO	2016-05-19 02:09:55	AddOrReplaceReadGroups	Processed    30,000,000 records.  Elapsed time: 00:11:32s.  Time for last 1,000,000:   23s.  Last read position: chr7:42,088,361
INFO	2016-05-19 02:10:14	AddOrReplaceReadGroups	Processed    31,000,000 records.  Elapsed time: 00:11:51s.  Time for last 1,000,000:   19s.  Last read position: chr7:98,554,194
INFO	2016-05-19 02:10:33	AddOrReplaceReadGroups	Processed    32,000,000 records.  Elapsed time: 00:12:10s.  Time for last 1,000,000:   18s.  Last read position: chr7:130,138,151
INFO	2016-05-19 02:10:55	AddOrReplaceReadGroups	Processed    33,000,000 records.  Elapsed time: 00:12:32s.  Time for last 1,000,000:   21s.  Last read position: chr8:10,470,380
INFO	2016-05-19 02:11:22	AddOrReplaceReadGroups	Processed    34,000,000 records.  Elapsed time: 00:12:59s.  Time for last 1,000,000:   27s.  Last read position: chr8:57,079,555
INFO	2016-05-19 02:11:51	AddOrReplaceReadGroups	Processed    35,000,000 records.  Elapsed time: 00:13:28s.  Time for last 1,000,000:   29s.  Last read position: chr8:124,333,153
INFO	2016-05-19 02:12:16	AddOrReplaceReadGroups	Processed    36,000,000 records.  Elapsed time: 00:13:53s.  Time for last 1,000,000:   24s.  Last read position: chr9:27,950,621
INFO	2016-05-19 02:12:45	AddOrReplaceReadGroups	Processed    37,000,000 records.  Elapsed time: 00:14:22s.  Time for last 1,000,000:   29s.  Last read position: chr9:99,012,034
INFO	2016-05-19 02:12:59	AddOrReplaceReadGroups	Processed    38,000,000 records.  Elapsed time: 00:14:36s.  Time for last 1,000,000:   14s.  Last read position: chr9:131,370,236
INFO	2016-05-19 02:13:28	AddOrReplaceReadGroups	Processed    39,000,000 records.  Elapsed time: 00:15:05s.  Time for last 1,000,000:   28s.  Last read position: chr10:15,113,908
INFO	2016-05-19 02:13:46	AddOrReplaceReadGroups	Processed    40,000,000 records.  Elapsed time: 00:15:23s.  Time for last 1,000,000:   18s.  Last read position: chr10:72,324,123
INFO	2016-05-19 02:14:07	AddOrReplaceReadGroups	Processed    41,000,000 records.  Elapsed time: 00:15:44s.  Time for last 1,000,000:   21s.  Last read position: chr10:103,827,405
INFO	2016-05-19 02:14:30	AddOrReplaceReadGroups	Processed    42,000,000 records.  Elapsed time: 00:16:07s.  Time for last 1,000,000:   22s.  Last read position: chr11:1,081,721
INFO	2016-05-19 02:14:56	AddOrReplaceReadGroups	Processed    43,000,000 records.  Elapsed time: 00:16:33s.  Time for last 1,000,000:   26s.  Last read position: chr11:27,413,898
INFO	2016-05-19 02:15:13	AddOrReplaceReadGroups	Processed    44,000,000 records.  Elapsed time: 00:16:50s.  Time for last 1,000,000:   16s.  Last read position: chr11:62,458,017
INFO	2016-05-19 02:15:41	AddOrReplaceReadGroups	Processed    45,000,000 records.  Elapsed time: 00:17:18s.  Time for last 1,000,000:   28s.  Last read position: chr11:75,917,018
INFO	2016-05-19 02:15:59	AddOrReplaceReadGroups	Processed    46,000,000 records.  Elapsed time: 00:17:36s.  Time for last 1,000,000:   17s.  Last read position: chr11:118,949,200
INFO	2016-05-19 02:16:26	AddOrReplaceReadGroups	Processed    47,000,000 records.  Elapsed time: 00:18:03s.  Time for last 1,000,000:   27s.  Last read position: chr12:9,760,267
INFO	2016-05-19 02:16:55	AddOrReplaceReadGroups	Processed    48,000,000 records.  Elapsed time: 00:18:32s.  Time for last 1,000,000:   28s.  Last read position: chr12:51,461,574
INFO	2016-05-19 02:17:20	AddOrReplaceReadGroups	Processed    49,000,000 records.  Elapsed time: 00:18:57s.  Time for last 1,000,000:   24s.  Last read position: chr12:75,900,351
INFO	2016-05-19 02:17:43	AddOrReplaceReadGroups	Processed    50,000,000 records.  Elapsed time: 00:19:20s.  Time for last 1,000,000:   23s.  Last read position: chr12:118,681,185
INFO	2016-05-19 02:18:14	AddOrReplaceReadGroups	Processed    51,000,000 records.  Elapsed time: 00:19:51s.  Time for last 1,000,000:   30s.  Last read position: chr13:36,909,417
INFO	2016-05-19 02:18:43	AddOrReplaceReadGroups	Processed    52,000,000 records.  Elapsed time: 00:20:20s.  Time for last 1,000,000:   29s.  Last read position: chr13:113,939,705
INFO	2016-05-19 02:19:02	AddOrReplaceReadGroups	Processed    53,000,000 records.  Elapsed time: 00:20:39s.  Time for last 1,000,000:   18s.  Last read position: chr14:53,326,379
INFO	2016-05-19 02:19:21	AddOrReplaceReadGroups	Processed    54,000,000 records.  Elapsed time: 00:20:58s.  Time for last 1,000,000:   19s.  Last read position: chr14:93,392,993
INFO	2016-05-19 02:19:43	AddOrReplaceReadGroups	Processed    55,000,000 records.  Elapsed time: 00:21:20s.  Time for last 1,000,000:   21s.  Last read position: chr15:40,751,024
INFO	2016-05-19 02:20:01	AddOrReplaceReadGroups	Processed    56,000,000 records.  Elapsed time: 00:21:38s.  Time for last 1,000,000:   18s.  Last read position: chr15:64,995,183
INFO	2016-05-19 02:20:21	AddOrReplaceReadGroups	Processed    57,000,000 records.  Elapsed time: 00:21:58s.  Time for last 1,000,000:   20s.  Last read position: chr15:92,688,844
INFO	2016-05-19 02:20:37	AddOrReplaceReadGroups	Processed    58,000,000 records.  Elapsed time: 00:22:14s.  Time for last 1,000,000:   15s.  Last read position: chr16:17,774,721
INFO	2016-05-19 02:21:03	AddOrReplaceReadGroups	Processed    59,000,000 records.  Elapsed time: 00:22:40s.  Time for last 1,000,000:   26s.  Last read position: chr16:55,855,320
INFO	2016-05-19 02:21:26	AddOrReplaceReadGroups	Processed    60,000,000 records.  Elapsed time: 00:23:03s.  Time for last 1,000,000:   23s.  Last read position: chr16:84,270,817
INFO	2016-05-19 02:21:46	AddOrReplaceReadGroups	Processed    61,000,000 records.  Elapsed time: 00:23:23s.  Time for last 1,000,000:   19s.  Last read position: chr17:7,847,578
INFO	2016-05-19 02:22:23	AddOrReplaceReadGroups	Processed    62,000,000 records.  Elapsed time: 00:24:00s.  Time for last 1,000,000:   37s.  Last read position: chr17:33,462,488
INFO	2016-05-19 02:22:45	AddOrReplaceReadGroups	Processed    63,000,000 records.  Elapsed time: 00:24:22s.  Time for last 1,000,000:   22s.  Last read position: chr17:46,441,074
INFO	2016-05-19 02:23:10	AddOrReplaceReadGroups	Processed    64,000,000 records.  Elapsed time: 00:24:47s.  Time for last 1,000,000:   24s.  Last read position: chr17:73,495,090
INFO	2016-05-19 02:23:36	AddOrReplaceReadGroups	Processed    65,000,000 records.  Elapsed time: 00:25:13s.  Time for last 1,000,000:   26s.  Last read position: chr18:21,209,587
INFO	2016-05-19 02:23:52	AddOrReplaceReadGroups	Processed    66,000,000 records.  Elapsed time: 00:25:29s.  Time for last 1,000,000:   15s.  Last read position: chr19:1,788,660
INFO	2016-05-19 02:24:14	AddOrReplaceReadGroups	Processed    67,000,000 records.  Elapsed time: 00:25:51s.  Time for last 1,000,000:   21s.  Last read position: chr19:11,915,338
INFO	2016-05-19 02:24:39	AddOrReplaceReadGroups	Processed    68,000,000 records.  Elapsed time: 00:26:16s.  Time for last 1,000,000:   24s.  Last read position: chr19:35,487,070
INFO	2016-05-19 02:24:56	AddOrReplaceReadGroups	Processed    69,000,000 records.  Elapsed time: 00:26:33s.  Time for last 1,000,000:   17s.  Last read position: chr19:45,774,721
INFO	2016-05-19 02:25:24	AddOrReplaceReadGroups	Processed    70,000,000 records.  Elapsed time: 00:27:01s.  Time for last 1,000,000:   28s.  Last read position: chr19:55,660,421
INFO	2016-05-19 02:25:43	AddOrReplaceReadGroups	Processed    71,000,000 records.  Elapsed time: 00:27:20s.  Time for last 1,000,000:   19s.  Last read position: chr20:30,149,560
INFO	2016-05-19 02:26:01	AddOrReplaceReadGroups	Processed    72,000,000 records.  Elapsed time: 00:27:38s.  Time for last 1,000,000:   17s.  Last read position: chr20:56,798,103
INFO	2016-05-19 02:26:16	AddOrReplaceReadGroups	Processed    73,000,000 records.  Elapsed time: 00:27:53s.  Time for last 1,000,000:   15s.  Last read position: chr21:45,949,572
INFO	2016-05-19 02:26:40	AddOrReplaceReadGroups	Processed    74,000,000 records.  Elapsed time: 00:28:17s.  Time for last 1,000,000:   23s.  Last read position: chr22:36,156,034
INFO	2016-05-19 02:27:00	AddOrReplaceReadGroups	Processed    75,000,000 records.  Elapsed time: 00:28:37s.  Time for last 1,000,000:   20s.  Last read position: chrX:15,349,907
INFO	2016-05-19 02:27:20	AddOrReplaceReadGroups	Processed    76,000,000 records.  Elapsed time: 00:28:57s.  Time for last 1,000,000:   20s.  Last read position: chrX:55,039,866
INFO	2016-05-19 02:27:46	AddOrReplaceReadGroups	Processed    77,000,000 records.  Elapsed time: 00:29:23s.  Time for last 1,000,000:   26s.  Last read position: chrX:115,592,942
INFO	2016-05-19 02:28:20	AddOrReplaceReadGroups	Processed    78,000,000 records.  Elapsed time: 00:29:57s.  Time for last 1,000,000:   33s.  Last read position: */*
[Thu May 19 02:28:24 EDT 2016] picard.sam.AddOrReplaceReadGroups done. Elapsed time: 30.03 minutes.
Runtime.totalMemory()=395313152
[Thu May 19 02:28:27 EDT 2016] picard.sam.FixMateInformation INPUT=[p_DS_bkm_133-N/p_DS_bkm_133-N.sorted.MarkDup.fixed.bam] OUTPUT=p_DS_bkm_133-N/p_DS_bkm_133-N.sorted.MarkDup.realn.fixed.bam SORT_ORDER=coordinate TMP_DIR=[tmp/flx] VALIDATION_STRINGENCY=LENIENT CREATE_INDEX=true    ASSUME_SORTED=false ADD_MATE_CIGAR=true IGNORE_MISSING_MATES=true VERBOSITY=INFO QUIET=false COMPRESSION_LEVEL=5 MAX_RECORDS_IN_RAM=500000 CREATE_MD5_FILE=false GA4GH_CLIENT_SECRETS=client_secrets.json
[Thu May 19 02:28:27 EDT 2016] Executing as abdelrahman@compute-1-4.local on Linux 2.6.32-279.14.1.el6.x86_64 amd64; Java HotSpot(TM) 64-Bit Server VM 1.8.0_45-b14; Picard version: 2.3.0(9a00c87b7ffdb01cfb5a0d6e76556146196babb8_1463071327) IntelDeflater
INFO	2016-05-19 02:28:27	FixMateInformation	Sorting input into queryname order.
INFO	2016-05-19 02:48:33	FixMateInformation	Sorting by queryname complete.
INFO	2016-05-19 02:48:33	FixMateInformation	Output will be sorted by coordinate
INFO	2016-05-19 02:48:34	FixMateInformation	Traversing query name sorted records and fixing up mate pair information.
INFO	2016-05-19 02:48:50	FixMateInformation	Processed     1,000,000 records.  Elapsed time: 00:00:15s.  Time for last 1,000,000:   15s.  Last read position: chr4:49,151,446
INFO	2016-05-19 02:49:11	FixMateInformation	Processed     2,000,000 records.  Elapsed time: 00:00:36s.  Time for last 1,000,000:   21s.  Last read position: chr2:114,387,864
INFO	2016-05-19 02:49:40	FixMateInformation	Processed     3,000,000 records.  Elapsed time: 00:01:06s.  Time for last 1,000,000:   29s.  Last read position: chr11:5,968,561
INFO	2016-05-19 02:49:58	FixMateInformation	Processed     4,000,000 records.  Elapsed time: 00:01:24s.  Time for last 1,000,000:   17s.  Last read position: chr8:97,156,766
INFO	2016-05-19 02:50:18	FixMateInformation	Processed     5,000,000 records.  Elapsed time: 00:01:44s.  Time for last 1,000,000:   19s.  Last read position: chr17:6,353,684
INFO	2016-05-19 02:50:35	FixMateInformation	Processed     6,000,000 records.  Elapsed time: 00:02:01s.  Time for last 1,000,000:   16s.  Last read position: chr6:17,665,429
INFO	2016-05-19 02:50:58	FixMateInformation	Processed     7,000,000 records.  Elapsed time: 00:02:24s.  Time for last 1,000,000:   22s.  Last read position: chr5:55,236,822
INFO	2016-05-19 02:51:16	FixMateInformation	Processed     8,000,000 records.  Elapsed time: 00:02:42s.  Time for last 1,000,000:   17s.  Last read position: chr7:140,487,370
INFO	2016-05-19 02:51:35	FixMateInformation	Processed     9,000,000 records.  Elapsed time: 00:03:01s.  Time for last 1,000,000:   19s.  Last read position: chr17:34,862,097
INFO	2016-05-19 02:51:57	FixMateInformation	Processed    10,000,000 records.  Elapsed time: 00:03:22s.  Time for last 1,000,000:   21s.  Last read position: chr7:2,418,952
INFO	2016-05-19 02:52:13	FixMateInformation	Processed    11,000,000 records.  Elapsed time: 00:03:39s.  Time for last 1,000,000:   16s.  Last read position: chr12:54,925,460
INFO	2016-05-19 02:52:36	FixMateInformation	Processed    12,000,000 records.  Elapsed time: 00:04:02s.  Time for last 1,000,000:   22s.  Last read position: chr19:51,446,882
INFO	2016-05-19 02:52:53	FixMateInformation	Processed    13,000,000 records.  Elapsed time: 00:04:19s.  Time for last 1,000,000:   17s.  Last read position: chr15:53,839,699
INFO	2016-05-19 02:53:10	FixMateInformation	Processed    14,000,000 records.  Elapsed time: 00:04:36s.  Time for last 1,000,000:   16s.  Last read position: chr1:111,892,645
INFO	2016-05-19 02:53:29	FixMateInformation	Processed    15,000,000 records.  Elapsed time: 00:04:55s.  Time for last 1,000,000:   18s.  Last read position: chr16:18,592,031
INFO	2016-05-19 02:53:52	FixMateInformation	Processed    16,000,000 records.  Elapsed time: 00:05:18s.  Time for last 1,000,000:   23s.  Last read position: chr9:71,869,494
INFO	2016-05-19 02:54:11	FixMateInformation	Processed    17,000,000 records.  Elapsed time: 00:05:37s.  Time for last 1,000,000:   19s.  Last read position: chr1:200,818,003
INFO	2016-05-19 02:54:34	FixMateInformation	Processed    18,000,000 records.  Elapsed time: 00:06:00s.  Time for last 1,000,000:   22s.  Last read position: chr6:84,366,436
INFO	2016-05-19 02:54:48	FixMateInformation	Processed    19,000,000 records.  Elapsed time: 00:06:14s.  Time for last 1,000,000:   14s.  Last read position: chr5:133,479,019
INFO	2016-05-19 02:55:07	FixMateInformation	Processed    20,000,000 records.  Elapsed time: 00:06:33s.  Time for last 1,000,000:   18s.  Last read position: chr22:41,745,150
INFO	2016-05-19 02:55:22	FixMateInformation	Processed    21,000,000 records.  Elapsed time: 00:06:48s.  Time for last 1,000,000:   15s.  Last read position: chr3:129,269,963
INFO	2016-05-19 02:55:44	FixMateInformation	Processed    22,000,000 records.  Elapsed time: 00:07:10s.  Time for last 1,000,000:   21s.  Last read position: chr1:156,169,738
INFO	2016-05-19 02:56:05	FixMateInformation	Processed    23,000,000 records.  Elapsed time: 00:07:31s.  Time for last 1,000,000:   21s.  Last read position: chr6:24,828,615
INFO	2016-05-19 02:56:20	FixMateInformation	Processed    24,000,000 records.  Elapsed time: 00:07:46s.  Time for last 1,000,000:   14s.  Last read position: chr14:45,515,694
INFO	2016-05-19 02:56:35	FixMateInformation	Processed    25,000,000 records.  Elapsed time: 00:08:01s.  Time for last 1,000,000:   15s.  Last read position: chr14:24,724,472
INFO	2016-05-19 02:56:55	FixMateInformation	Processed    26,000,000 records.  Elapsed time: 00:08:21s.  Time for last 1,000,000:   19s.  Last read position: chr10:70,209,557
INFO	2016-05-19 02:57:13	FixMateInformation	Processed    27,000,000 records.  Elapsed time: 00:08:39s.  Time for last 1,000,000:   17s.  Last read position: chr16:88,798,687
INFO	2016-05-19 02:57:32	FixMateInformation	Processed    28,000,000 records.  Elapsed time: 00:08:58s.  Time for last 1,000,000:   19s.  Last read position: chr4:37,828,376
INFO	2016-05-19 02:57:49	FixMateInformation	Processed    29,000,000 records.  Elapsed time: 00:09:15s.  Time for last 1,000,000:   16s.  Last read position: chr1:33,333,302
INFO	2016-05-19 02:58:12	FixMateInformation	Processed    30,000,000 records.  Elapsed time: 00:09:37s.  Time for last 1,000,000:   22s.  Last read position: chr10:118,704,441
INFO	2016-05-19 02:58:30	FixMateInformation	Processed    31,000,000 records.  Elapsed time: 00:09:56s.  Time for last 1,000,000:   18s.  Last read position: chr22:22,048,551
INFO	2016-05-19 02:58:55	FixMateInformation	Processed    32,000,000 records.  Elapsed time: 00:10:21s.  Time for last 1,000,000:   25s.  Last read position: chr6:95,137,899
INFO	2016-05-19 02:59:11	FixMateInformation	Processed    33,000,000 records.  Elapsed time: 00:10:37s.  Time for last 1,000,000:   16s.  Last read position: chr8:107,738,278
INFO	2016-05-19 02:59:28	FixMateInformation	Processed    34,000,000 records.  Elapsed time: 00:10:54s.  Time for last 1,000,000:   17s.  Last read position: chr16:68,331,015
INFO	2016-05-19 02:59:44	FixMateInformation	Processed    35,000,000 records.  Elapsed time: 00:11:10s.  Time for last 1,000,000:   15s.  Last read position: chr19:37,642,933
INFO	2016-05-19 03:00:04	FixMateInformation	Processed    36,000,000 records.  Elapsed time: 00:11:30s.  Time for last 1,000,000:   19s.  Last read position: chrX:48,325,285
INFO	2016-05-19 03:04:12	FixMateInformation	Processed    37,000,000 records.  Elapsed time: 00:15:38s.  Time for last 1,000,000:  247s.  Last read position: chr19:3,566,116
INFO	2016-05-19 03:06:39	FixMateInformation	Processed    38,000,000 records.  Elapsed time: 00:18:05s.  Time for last 1,000,000:  147s.  Last read position: chr7:104,783,833
INFO	2016-05-19 03:07:58	FixMateInformation	Processed    39,000,000 records.  Elapsed time: 00:19:23s.  Time for last 1,000,000:   78s.  Last read position: chrX:57,515,255
INFO	2016-05-19 03:09:06	FixMateInformation	Processed    40,000,000 records.  Elapsed time: 00:20:32s.  Time for last 1,000,000:   68s.  Last read position: chr6:25,770,608
INFO	2016-05-19 03:09:35	FixMateInformation	Processed    41,000,000 records.  Elapsed time: 00:21:01s.  Time for last 1,000,000:   28s.  Last read position: chr9:130,582,192
INFO	2016-05-19 03:10:08	FixMateInformation	Processed    42,000,000 records.  Elapsed time: 00:21:34s.  Time for last 1,000,000:   33s.  Last read position: chr10:114,172,928
INFO	2016-05-19 03:11:14	FixMateInformation	Processed    43,000,000 records.  Elapsed time: 00:22:40s.  Time for last 1,000,000:   66s.  Last read position: chr17:65,628,097
INFO	2016-05-19 03:11:46	FixMateInformation	Processed    44,000,000 records.  Elapsed time: 00:23:12s.  Time for last 1,000,000:   31s.  Last read position: chr1:151,220,406
INFO	2016-05-19 03:12:17	FixMateInformation	Processed    45,000,000 records.  Elapsed time: 00:23:43s.  Time for last 1,000,000:   31s.  Last read position: chr11:65,298,153
INFO	2016-05-19 03:12:40	FixMateInformation	Processed    46,000,000 records.  Elapsed time: 00:24:06s.  Time for last 1,000,000:   23s.  Last read position: chrX:79,978,260
INFO	2016-05-19 03:13:10	FixMateInformation	Processed    47,000,000 records.  Elapsed time: 00:24:36s.  Time for last 1,000,000:   29s.  Last read position: chr9:79,267,304
INFO	2016-05-19 03:13:42	FixMateInformation	Processed    48,000,000 records.  Elapsed time: 00:25:08s.  Time for last 1,000,000:   32s.  Last read position: chr11:16,888,276
INFO	2016-05-19 03:14:12	FixMateInformation	Processed    49,000,000 records.  Elapsed time: 00:25:38s.  Time for last 1,000,000:   30s.  Last read position: chr12:6,077,114
INFO	2016-05-19 03:14:29	FixMateInformation	Processed    50,000,000 records.  Elapsed time: 00:25:55s.  Time for last 1,000,000:   17s.  Last read position: chr2:235,855,680
INFO	2016-05-19 03:14:45	FixMateInformation	Processed    51,000,000 records.  Elapsed time: 00:26:11s.  Time for last 1,000,000:   16s.  Last read position: chr3:193,386,418
INFO	2016-05-19 03:15:03	FixMateInformation	Processed    52,000,000 records.  Elapsed time: 00:26:29s.  Time for last 1,000,000:   17s.  Last read position: chr3:113,378,781
INFO	2016-05-19 03:15:33	FixMateInformation	Processed    53,000,000 records.  Elapsed time: 00:26:59s.  Time for last 1,000,000:   29s.  Last read position: chr19:47,234,034
INFO	2016-05-19 03:16:36	FixMateInformation	Processed    54,000,000 records.  Elapsed time: 00:28:02s.  Time for last 1,000,000:   63s.  Last read position: chr10:1,405,812
INFO	2016-05-19 03:16:59	FixMateInformation	Processed    55,000,000 records.  Elapsed time: 00:28:25s.  Time for last 1,000,000:   22s.  Last read position: chrX:100,750,075
INFO	2016-05-19 03:17:19	FixMateInformation	Processed    56,000,000 records.  Elapsed time: 00:28:45s.  Time for last 1,000,000:   20s.  Last read position: chr21:47,987,354
INFO	2016-05-19 03:17:35	FixMateInformation	Processed    57,000,000 records.  Elapsed time: 00:29:01s.  Time for last 1,000,000:   15s.  Last read position: chr1:186,386,607
INFO	2016-05-19 03:17:53	FixMateInformation	Processed    58,000,000 records.  Elapsed time: 00:29:19s.  Time for last 1,000,000:   18s.  Last read position: chr17:56,606,675
INFO	2016-05-19 03:18:11	FixMateInformation	Processed    59,000,000 records.  Elapsed time: 00:29:37s.  Time for last 1,000,000:   18s.  Last read position: chr3:112,999,440
INFO	2016-05-19 03:18:27	FixMateInformation	Processed    60,000,000 records.  Elapsed time: 00:29:53s.  Time for last 1,000,000:   16s.  Last read position: chr15:43,483,183
INFO	2016-05-19 03:18:44	FixMateInformation	Processed    61,000,000 records.  Elapsed time: 00:30:10s.  Time for last 1,000,000:   16s.  Last read position: chr6:90,333,678
INFO	2016-05-19 03:18:59	FixMateInformation	Processed    62,000,000 records.  Elapsed time: 00:30:25s.  Time for last 1,000,000:   15s.  Last read position: chr3:195,516,942
INFO	2016-05-19 03:19:20	FixMateInformation	Processed    63,000,000 records.  Elapsed time: 00:30:46s.  Time for last 1,000,000:   20s.  Last read position: chr3:130,279,220
INFO	2016-05-19 03:19:46	FixMateInformation	Processed    64,000,000 records.  Elapsed time: 00:31:12s.  Time for last 1,000,000:   26s.  Last read position: chr2:67,637,236
INFO	2016-05-19 03:20:57	FixMateInformation	Processed    65,000,000 records.  Elapsed time: 00:32:23s.  Time for last 1,000,000:   70s.  Last read position: chr7:30,951,517
INFO	2016-05-19 03:22:13	FixMateInformation	Processed    66,000,000 records.  Elapsed time: 00:33:39s.  Time for last 1,000,000:   76s.  Last read position: chr8:6,366,420
INFO	2016-05-19 03:22:37	FixMateInformation	Processed    67,000,000 records.  Elapsed time: 00:34:03s.  Time for last 1,000,000:   23s.  Last read position: chr2:11,720,942
INFO	2016-05-19 03:22:55	FixMateInformation	Processed    68,000,000 records.  Elapsed time: 00:34:21s.  Time for last 1,000,000:   17s.  Last read position: chr13:103,510,655
INFO	2016-05-19 03:23:11	FixMateInformation	Processed    69,000,000 records.  Elapsed time: 00:34:37s.  Time for last 1,000,000:   16s.  Last read position: chr10:11,505,336
INFO	2016-05-19 03:23:32	FixMateInformation	Processed    70,000,000 records.  Elapsed time: 00:34:57s.  Time for last 1,000,000:   20s.  Last read position: chr16:48,239,291
INFO	2016-05-19 03:23:50	FixMateInformation	Processed    71,000,000 records.  Elapsed time: 00:35:16s.  Time for last 1,000,000:   18s.  Last read position: chr17:1,613,078
INFO	2016-05-19 03:24:05	FixMateInformation	Processed    72,000,000 records.  Elapsed time: 00:35:31s.  Time for last 1,000,000:   15s.  Last read position: chr3:147,113,750
INFO	2016-05-19 03:24:21	FixMateInformation	Processed    73,000,000 records.  Elapsed time: 00:35:47s.  Time for last 1,000,000:   15s.  Last read position: chr8:58,838,076
INFO	2016-05-19 03:24:53	FixMateInformation	Processed    74,000,000 records.  Elapsed time: 00:36:19s.  Time for last 1,000,000:   31s.  Last read position: chr8:145,151,543
INFO	2016-05-19 03:25:19	FixMateInformation	Processed    75,000,000 records.  Elapsed time: 00:36:45s.  Time for last 1,000,000:   25s.  Last read position: chr7:91,570,268
INFO	2016-05-19 03:26:00	FixMateInformation	Processed    76,000,000 records.  Elapsed time: 00:37:26s.  Time for last 1,000,000:   41s.  Last read position: chr12:56,332,172
INFO	2016-05-19 03:26:20	FixMateInformation	Processed    77,000,000 records.  Elapsed time: 00:37:46s.  Time for last 1,000,000:   19s.  Last read position: chr1:34,080,223
INFO	2016-05-19 03:26:37	FixMateInformation	Processed    78,000,000 records.  Elapsed time: 00:38:03s.  Time for last 1,000,000:   17s.  Last read position: chr22:41,574,734
INFO	2016-05-19 03:27:00	FixMateInformation	Finished processing reads; re-sorting output file.
[Thu May 19 04:18:42 EDT 2016] picard.sam.FixMateInformation done. Elapsed time: 110.29 minutes.
Runtime.totalMemory()=1910505472
