[Tue May 17 10:59:56 EDT 2016] picard.sam.SortSam INPUT=p_DS_bkm_119-N.sam OUTPUT=p_DS_bkm_119-N/p_DS_bkm_119-N.sorted.bam SORT_ORDER=coordinate TMP_DIR=[tmp_WT] VALIDATION_STRINGENCY=LENIENT CREATE_INDEX=true    VERBOSITY=INFO QUIET=false COMPRESSION_LEVEL=5 MAX_RECORDS_IN_RAM=500000 CREATE_MD5_FILE=false GA4GH_CLIENT_SECRETS=client_secrets.json
[Tue May 17 10:59:56 EDT 2016] Executing as abdelrahman@compute-1-5.local on Linux 2.6.32-279.14.1.el6.x86_64 amd64; Java HotSpot(TM) 64-Bit Server VM 1.8.0_45-b14; Picard version: 2.3.0(9a00c87b7ffdb01cfb5a0d6e76556146196babb8_1463071327) IntelDeflater
INFO	2016-05-17 11:04:26	SortSam	Read    10,000,000 records.  Elapsed time: 00:04:28s.  Time for last 10,000,000:  268s.  Last read position: chr4:173,232,992
INFO	2016-05-17 11:09:42	SortSam	Read    20,000,000 records.  Elapsed time: 00:09:44s.  Time for last 10,000,000:  316s.  Last read position: chrX:47,032,532
INFO	2016-05-17 11:14:54	SortSam	Read    30,000,000 records.  Elapsed time: 00:14:56s.  Time for last 10,000,000:  311s.  Last read position: chr5:134,305,679
INFO	2016-05-17 11:19:58	SortSam	Read    40,000,000 records.  Elapsed time: 00:20:00s.  Time for last 10,000,000:  304s.  Last read position: chr1:38,338,614
INFO	2016-05-17 11:25:00	SortSam	Read    50,000,000 records.  Elapsed time: 00:25:02s.  Time for last 10,000,000:  301s.  Last read position: chr1:247,057,834
INFO	2016-05-17 11:29:53	SortSam	Read    60,000,000 records.  Elapsed time: 00:29:55s.  Time for last 10,000,000:  293s.  Last read position: chr12:99,640,291
INFO	2016-05-17 11:34:56	SortSam	Read    70,000,000 records.  Elapsed time: 00:34:58s.  Time for last 10,000,000:  302s.  Last read position: chr9:116,811,403
INFO	2016-05-17 11:40:05	SortSam	Read    80,000,000 records.  Elapsed time: 00:40:08s.  Time for last 10,000,000:  309s.  Last read position: chr11:111,749,927
INFO	2016-05-17 11:44:59	SortSam	Read    90,000,000 records.  Elapsed time: 00:45:01s.  Time for last 10,000,000:  293s.  Last read position: chr11:113,694,171
INFO	2016-05-17 11:49:57	SortSam	Read   100,000,000 records.  Elapsed time: 00:49:59s.  Time for last 10,000,000:  298s.  Last read position: chr3:97,592,080
INFO	2016-05-17 11:54:38	SortSam	Finished reading inputs, merging and writing to output now.
INFO	2016-05-17 11:58:11	SortSam	Wrote    10,000,000 records from a sorting collection.  Elapsed time: 00:58:13s.  Time for last 10,000,000:  196s.  Last read position: chr1:228,459,846
INFO	2016-05-17 12:00:25	SortSam	Wrote    20,000,000 records from a sorting collection.  Elapsed time: 01:00:27s.  Time for last 10,000,000:  134s.  Last read position: chr3:37,860,387
INFO	2016-05-17 12:02:38	SortSam	Wrote    30,000,000 records from a sorting collection.  Elapsed time: 01:02:41s.  Time for last 10,000,000:  133s.  Last read position: chr4:190,992,332
INFO	2016-05-17 12:05:10	SortSam	Wrote    40,000,000 records from a sorting collection.  Elapsed time: 01:05:12s.  Time for last 10,000,000:  151s.  Last read position: chr6:142,725,535
INFO	2016-05-17 12:08:11	SortSam	Wrote    50,000,000 records from a sorting collection.  Elapsed time: 01:08:13s.  Time for last 10,000,000:  180s.  Last read position: chr9:990,620
INFO	2016-05-17 12:10:16	SortSam	Wrote    60,000,000 records from a sorting collection.  Elapsed time: 01:10:18s.  Time for last 10,000,000:  125s.  Last read position: chr11:17,393,633
INFO	2016-05-17 12:12:15	SortSam	Wrote    70,000,000 records from a sorting collection.  Elapsed time: 01:12:18s.  Time for last 10,000,000:  119s.  Last read position: chr12:116,444,207
INFO	2016-05-17 12:14:14	SortSam	Wrote    80,000,000 records from a sorting collection.  Elapsed time: 01:14:17s.  Time for last 10,000,000:  118s.  Last read position: chr15:99,672,867
INFO	2016-05-17 12:16:13	SortSam	Wrote    90,000,000 records from a sorting collection.  Elapsed time: 01:16:15s.  Time for last 10,000,000:  118s.  Last read position: chr17:77,089,686
INFO	2016-05-17 12:18:06	SortSam	Wrote   100,000,000 records from a sorting collection.  Elapsed time: 01:18:08s.  Time for last 10,000,000:  113s.  Last read position: chr20:42,161,834
[Tue May 17 12:19:51 EDT 2016] picard.sam.SortSam done. Elapsed time: 79.92 minutes.
Runtime.totalMemory()=1318584320
[Tue May 17 12:19:53 EDT 2016] picard.sam.markduplicates.MarkDuplicates INPUT=[p_DS_bkm_119-N/p_DS_bkm_119-N.sorted.bam] OUTPUT=p_DS_bkm_119-N/p_DS_bkm_119-N.sorted.MarkDup.bam METRICS_FILE=MarkDup_metrics TMP_DIR=[tmp] VALIDATION_STRINGENCY=SILENT CREATE_INDEX=true    MAX_SEQUENCES_FOR_DISK_READ_ENDS_MAP=50000 MAX_FILE_HANDLES_FOR_READ_ENDS_MAP=8000 SORTING_COLLECTION_SIZE_RATIO=0.25 REMOVE_SEQUENCING_DUPLICATES=false TAGGING_POLICY=DontTag REMOVE_DUPLICATES=false ASSUME_SORTED=false DUPLICATE_SCORING_STRATEGY=SUM_OF_BASE_QUALITIES PROGRAM_RECORD_ID=MarkDuplicates PROGRAM_GROUP_NAME=MarkDuplicates READ_NAME_REGEX=<optimized capture of last three ':' separated fields as numeric values> OPTICAL_DUPLICATE_PIXEL_DISTANCE=100 VERBOSITY=INFO QUIET=false COMPRESSION_LEVEL=5 MAX_RECORDS_IN_RAM=500000 CREATE_MD5_FILE=false GA4GH_CLIENT_SECRETS=client_secrets.json
[Tue May 17 12:19:53 EDT 2016] Executing as abdelrahman@compute-1-5.local on Linux 2.6.32-279.14.1.el6.x86_64 amd64; Java HotSpot(TM) 64-Bit Server VM 1.8.0_45-b14; Picard version: 2.3.0(9a00c87b7ffdb01cfb5a0d6e76556146196babb8_1463071327) IntelDeflater
INFO	2016-05-17 12:19:54	MarkDuplicates	Start of doWork freeMemory: 502229432; totalMemory: 506462208; maxMemory: 13362528256
INFO	2016-05-17 12:19:54	MarkDuplicates	Reading input file and constructing read end information.
INFO	2016-05-17 12:19:54	MarkDuplicates	Will retain up to 51394339 data points before spilling to disk.
INFO	2016-05-17 12:20:00	MarkDuplicates	Read     1,000,000 records.  Elapsed time: 00:00:06s.  Time for last 1,000,000:    6s.  Last read position: chr1:16,095,031
INFO	2016-05-17 12:20:00	MarkDuplicates	Tracking 3149 as yet unmatched pairs. 323 records in RAM.
INFO	2016-05-17 12:20:06	MarkDuplicates	Read     2,000,000 records.  Elapsed time: 00:00:12s.  Time for last 1,000,000:    6s.  Last read position: chr1:28,862,807
INFO	2016-05-17 12:20:06	MarkDuplicates	Tracking 5680 as yet unmatched pairs. 453 records in RAM.
INFO	2016-05-17 12:20:12	MarkDuplicates	Read     3,000,000 records.  Elapsed time: 00:00:18s.  Time for last 1,000,000:    5s.  Last read position: chr1:43,897,486
INFO	2016-05-17 12:20:12	MarkDuplicates	Tracking 8422 as yet unmatched pairs. 557 records in RAM.
INFO	2016-05-17 12:20:20	MarkDuplicates	Read     4,000,000 records.  Elapsed time: 00:00:26s.  Time for last 1,000,000:    7s.  Last read position: chr1:66,475,543
INFO	2016-05-17 12:20:20	MarkDuplicates	Tracking 11406 as yet unmatched pairs. 625 records in RAM.
INFO	2016-05-17 12:20:27	MarkDuplicates	Read     5,000,000 records.  Elapsed time: 00:00:33s.  Time for last 1,000,000:    7s.  Last read position: chr1:108,697,640
INFO	2016-05-17 12:20:27	MarkDuplicates	Tracking 15882 as yet unmatched pairs. 816 records in RAM.
INFO	2016-05-17 12:20:33	MarkDuplicates	Read     6,000,000 records.  Elapsed time: 00:00:38s.  Time for last 1,000,000:    5s.  Last read position: chr1:150,317,019
INFO	2016-05-17 12:20:33	MarkDuplicates	Tracking 20185 as yet unmatched pairs. 738 records in RAM.
INFO	2016-05-17 12:20:40	MarkDuplicates	Read     7,000,000 records.  Elapsed time: 00:00:46s.  Time for last 1,000,000:    7s.  Last read position: chr1:156,909,471
INFO	2016-05-17 12:20:40	MarkDuplicates	Tracking 22085 as yet unmatched pairs. 699 records in RAM.
INFO	2016-05-17 12:20:48	MarkDuplicates	Read     8,000,000 records.  Elapsed time: 00:00:54s.  Time for last 1,000,000:    8s.  Last read position: chr1:176,709,157
INFO	2016-05-17 12:20:48	MarkDuplicates	Tracking 24739 as yet unmatched pairs. 718 records in RAM.
INFO	2016-05-17 12:20:53	MarkDuplicates	Read     9,000,000 records.  Elapsed time: 00:00:59s.  Time for last 1,000,000:    5s.  Last read position: chr1:203,820,212
INFO	2016-05-17 12:20:53	MarkDuplicates	Tracking 27761 as yet unmatched pairs. 539 records in RAM.
INFO	2016-05-17 12:21:04	MarkDuplicates	Read    10,000,000 records.  Elapsed time: 00:01:09s.  Time for last 1,000,000:   10s.  Last read position: chr1:228,459,846
INFO	2016-05-17 12:21:04	MarkDuplicates	Tracking 30844 as yet unmatched pairs. 257 records in RAM.
INFO	2016-05-17 12:21:09	MarkDuplicates	Read    11,000,000 records.  Elapsed time: 00:01:14s.  Time for last 1,000,000:    4s.  Last read position: chr2:10,192,471
INFO	2016-05-17 12:21:09	MarkDuplicates	Tracking 34364 as yet unmatched pairs. 4494 records in RAM.
INFO	2016-05-17 12:21:18	MarkDuplicates	Read    12,000,000 records.  Elapsed time: 00:01:24s.  Time for last 1,000,000:    9s.  Last read position: chr2:33,141,470
INFO	2016-05-17 12:21:18	MarkDuplicates	Tracking 44612 as yet unmatched pairs. 4199 records in RAM.
INFO	2016-05-17 12:21:23	MarkDuplicates	Read    13,000,000 records.  Elapsed time: 00:01:28s.  Time for last 1,000,000:    4s.  Last read position: chr2:69,784,038
INFO	2016-05-17 12:21:23	MarkDuplicates	Tracking 53456 as yet unmatched pairs. 3624 records in RAM.
INFO	2016-05-17 12:21:30	MarkDuplicates	Read    14,000,000 records.  Elapsed time: 00:01:36s.  Time for last 1,000,000:    7s.  Last read position: chr2:99,439,304
INFO	2016-05-17 12:21:30	MarkDuplicates	Tracking 57873 as yet unmatched pairs. 3252 records in RAM.
INFO	2016-05-17 12:21:35	MarkDuplicates	Read    15,000,000 records.  Elapsed time: 00:01:41s.  Time for last 1,000,000:    4s.  Last read position: chr2:136,567,234
INFO	2016-05-17 12:21:35	MarkDuplicates	Tracking 64455 as yet unmatched pairs. 2724 records in RAM.
INFO	2016-05-17 12:21:45	MarkDuplicates	Read    16,000,000 records.  Elapsed time: 00:01:51s.  Time for last 1,000,000:   10s.  Last read position: chr2:174,820,672
INFO	2016-05-17 12:21:45	MarkDuplicates	Tracking 67544 as yet unmatched pairs. 2160 records in RAM.
INFO	2016-05-17 12:21:49	MarkDuplicates	Read    17,000,000 records.  Elapsed time: 00:01:55s.  Time for last 1,000,000:    4s.  Last read position: chr2:201,464,104
INFO	2016-05-17 12:21:49	MarkDuplicates	Tracking 69542 as yet unmatched pairs. 1456 records in RAM.
INFO	2016-05-17 12:21:55	MarkDuplicates	Read    18,000,000 records.  Elapsed time: 00:02:01s.  Time for last 1,000,000:    5s.  Last read position: chr2:220,771,233
INFO	2016-05-17 12:21:55	MarkDuplicates	Tracking 71462 as yet unmatched pairs. 959 records in RAM.
INFO	2016-05-17 12:22:00	MarkDuplicates	Read    19,000,000 records.  Elapsed time: 00:02:05s.  Time for last 1,000,000:    4s.  Last read position: chr3:4,403,708
INFO	2016-05-17 12:22:00	MarkDuplicates	Tracking 73661 as yet unmatched pairs. 4697 records in RAM.
INFO	2016-05-17 12:22:07	MarkDuplicates	Read    20,000,000 records.  Elapsed time: 00:02:12s.  Time for last 1,000,000:    7s.  Last read position: chr3:37,860,387
INFO	2016-05-17 12:22:07	MarkDuplicates	Tracking 75894 as yet unmatched pairs. 4047 records in RAM.
INFO	2016-05-17 12:22:11	MarkDuplicates	Read    21,000,000 records.  Elapsed time: 00:02:16s.  Time for last 1,000,000:    4s.  Last read position: chr3:49,662,566
INFO	2016-05-17 12:22:11	MarkDuplicates	Tracking 77244 as yet unmatched pairs. 3723 records in RAM.
INFO	2016-05-17 12:22:23	MarkDuplicates	Read    22,000,000 records.  Elapsed time: 00:02:28s.  Time for last 1,000,000:   11s.  Last read position: chr3:69,271,167
INFO	2016-05-17 12:22:23	MarkDuplicates	Tracking 78914 as yet unmatched pairs. 3251 records in RAM.
INFO	2016-05-17 12:22:28	MarkDuplicates	Read    23,000,000 records.  Elapsed time: 00:02:33s.  Time for last 1,000,000:    5s.  Last read position: chr3:121,713,208
INFO	2016-05-17 12:22:28	MarkDuplicates	Tracking 81725 as yet unmatched pairs. 2202 records in RAM.
INFO	2016-05-17 12:22:32	MarkDuplicates	Read    24,000,000 records.  Elapsed time: 00:02:38s.  Time for last 1,000,000:    4s.  Last read position: chr3:143,412,095
INFO	2016-05-17 12:22:32	MarkDuplicates	Tracking 83519 as yet unmatched pairs. 1633 records in RAM.
INFO	2016-05-17 12:22:39	MarkDuplicates	Read    25,000,000 records.  Elapsed time: 00:02:45s.  Time for last 1,000,000:    7s.  Last read position: chr3:184,144,377
INFO	2016-05-17 12:22:39	MarkDuplicates	Tracking 85785 as yet unmatched pairs. 598 records in RAM.
INFO	2016-05-17 12:22:46	MarkDuplicates	Read    26,000,000 records.  Elapsed time: 00:02:51s.  Time for last 1,000,000:    6s.  Last read position: chr4:7,774,392
INFO	2016-05-17 12:22:46	MarkDuplicates	Tracking 87290 as yet unmatched pairs. 5989 records in RAM.
INFO	2016-05-17 12:22:54	MarkDuplicates	Read    27,000,000 records.  Elapsed time: 00:02:59s.  Time for last 1,000,000:    7s.  Last read position: chr4:56,225,677
INFO	2016-05-17 12:22:54	MarkDuplicates	Tracking 92051 as yet unmatched pairs. 4268 records in RAM.
INFO	2016-05-17 12:22:59	MarkDuplicates	Read    28,000,000 records.  Elapsed time: 00:03:04s.  Time for last 1,000,000:    4s.  Last read position: chr4:94,750,215
INFO	2016-05-17 12:22:59	MarkDuplicates	Tracking 94339 as yet unmatched pairs. 2858 records in RAM.
INFO	2016-05-17 12:23:10	MarkDuplicates	Read    29,000,000 records.  Elapsed time: 00:03:15s.  Time for last 1,000,000:   11s.  Last read position: chr4:144,106,507
INFO	2016-05-17 12:23:10	MarkDuplicates	Tracking 96442 as yet unmatched pairs. 1563 records in RAM.
INFO	2016-05-17 12:23:14	MarkDuplicates	Read    30,000,000 records.  Elapsed time: 00:03:20s.  Time for last 1,000,000:    4s.  Last read position: chr4:190,992,332
INFO	2016-05-17 12:23:14	MarkDuplicates	Tracking 98476 as yet unmatched pairs. 157 records in RAM.
INFO	2016-05-17 12:23:21	MarkDuplicates	Read    31,000,000 records.  Elapsed time: 00:03:26s.  Time for last 1,000,000:    6s.  Last read position: chr5:52,160,878
INFO	2016-05-17 12:23:21	MarkDuplicates	Tracking 100584 as yet unmatched pairs. 5456 records in RAM.
INFO	2016-05-17 12:23:25	MarkDuplicates	Read    32,000,000 records.  Elapsed time: 00:03:30s.  Time for last 1,000,000:    4s.  Last read position: chr5:90,077,321
INFO	2016-05-17 12:23:25	MarkDuplicates	Tracking 101939 as yet unmatched pairs. 3686 records in RAM.
INFO	2016-05-17 12:23:34	MarkDuplicates	Read    33,000,000 records.  Elapsed time: 00:03:39s.  Time for last 1,000,000:    9s.  Last read position: chr5:136,328,091
INFO	2016-05-17 12:23:34	MarkDuplicates	Tracking 103794 as yet unmatched pairs. 2207 records in RAM.
INFO	2016-05-17 12:23:38	MarkDuplicates	Read    34,000,000 records.  Elapsed time: 00:03:44s.  Time for last 1,000,000:    4s.  Last read position: chr5:150,407,725
INFO	2016-05-17 12:23:38	MarkDuplicates	Tracking 104597 as yet unmatched pairs. 1361 records in RAM.
INFO	2016-05-17 12:23:52	MarkDuplicates	Read    35,000,000 records.  Elapsed time: 00:03:58s.  Time for last 1,000,000:   13s.  Last read position: chr5:179,743,381
INFO	2016-05-17 12:23:52	MarkDuplicates	Tracking 105632 as yet unmatched pairs. 189 records in RAM.
INFO	2016-05-17 12:23:57	MarkDuplicates	Read    36,000,000 records.  Elapsed time: 00:04:03s.  Time for last 1,000,000:    4s.  Last read position: chr6:29,541,789
INFO	2016-05-17 12:23:57	MarkDuplicates	Tracking 106777 as yet unmatched pairs. 6765 records in RAM.
INFO	2016-05-17 12:24:02	MarkDuplicates	Read    37,000,000 records.  Elapsed time: 00:04:08s.  Time for last 1,000,000:    5s.  Last read position: chr6:35,806,413
INFO	2016-05-17 12:24:02	MarkDuplicates	Tracking 107264 as yet unmatched pairs. 5995 records in RAM.
INFO	2016-05-17 12:24:07	MarkDuplicates	Read    38,000,000 records.  Elapsed time: 00:04:13s.  Time for last 1,000,000:    4s.  Last read position: chr6:55,378,795
INFO	2016-05-17 12:24:07	MarkDuplicates	Tracking 107995 as yet unmatched pairs. 5067 records in RAM.
INFO	2016-05-17 12:24:15	MarkDuplicates	Read    39,000,000 records.  Elapsed time: 00:04:20s.  Time for last 1,000,000:    7s.  Last read position: chr6:106,553,690
INFO	2016-05-17 12:24:15	MarkDuplicates	Tracking 109062 as yet unmatched pairs. 3325 records in RAM.
INFO	2016-05-17 12:24:20	MarkDuplicates	Read    40,000,000 records.  Elapsed time: 00:04:26s.  Time for last 1,000,000:    5s.  Last read position: chr6:142,725,535
INFO	2016-05-17 12:24:20	MarkDuplicates	Tracking 109756 as yet unmatched pairs. 1520 records in RAM.
INFO	2016-05-17 12:24:32	MarkDuplicates	Read    41,000,000 records.  Elapsed time: 00:04:38s.  Time for last 1,000,000:   12s.  Last read position: chr7:1,904,760
INFO	2016-05-17 12:24:32	MarkDuplicates	Tracking 110488 as yet unmatched pairs. 8810 records in RAM.
INFO	2016-05-17 12:24:36	MarkDuplicates	Read    42,000,000 records.  Elapsed time: 00:04:42s.  Time for last 1,000,000:    4s.  Last read position: chr7:37,960,260
INFO	2016-05-17 12:24:36	MarkDuplicates	Tracking 111085 as yet unmatched pairs. 7218 records in RAM.
INFO	2016-05-17 12:24:43	MarkDuplicates	Read    43,000,000 records.  Elapsed time: 00:04:48s.  Time for last 1,000,000:    6s.  Last read position: chr7:81,662,141
INFO	2016-05-17 12:24:43	MarkDuplicates	Tracking 111909 as yet unmatched pairs. 5106 records in RAM.
INFO	2016-05-17 12:24:47	MarkDuplicates	Read    44,000,000 records.  Elapsed time: 00:04:53s.  Time for last 1,000,000:    4s.  Last read position: chr7:100,930,334
INFO	2016-05-17 12:24:47	MarkDuplicates	Tracking 112208 as yet unmatched pairs. 3742 records in RAM.
INFO	2016-05-17 12:24:56	MarkDuplicates	Read    45,000,000 records.  Elapsed time: 00:05:01s.  Time for last 1,000,000:    8s.  Last read position: chr7:134,135,726
INFO	2016-05-17 12:24:56	MarkDuplicates	Tracking 112786 as yet unmatched pairs. 1815 records in RAM.
INFO	2016-05-17 12:24:59	MarkDuplicates	Read    46,000,000 records.  Elapsed time: 00:05:05s.  Time for last 1,000,000:    3s.  Last read position: chr7:155,532,375
INFO	2016-05-17 12:24:59	MarkDuplicates	Tracking 113047 as yet unmatched pairs. 261 records in RAM.
INFO	2016-05-17 12:25:15	MarkDuplicates	Read    47,000,000 records.  Elapsed time: 00:05:20s.  Time for last 1,000,000:   15s.  Last read position: chr8:28,965,492
INFO	2016-05-17 12:25:15	MarkDuplicates	Tracking 113199 as yet unmatched pairs. 6414 records in RAM.
INFO	2016-05-17 12:25:20	MarkDuplicates	Read    48,000,000 records.  Elapsed time: 00:05:26s.  Time for last 1,000,000:    5s.  Last read position: chr8:70,541,702
INFO	2016-05-17 12:25:20	MarkDuplicates	Tracking 113474 as yet unmatched pairs. 4241 records in RAM.
INFO	2016-05-17 12:25:41	MarkDuplicates	Read    49,000,000 records.  Elapsed time: 00:05:47s.  Time for last 1,000,000:   20s.  Last read position: chr8:119,296,487
INFO	2016-05-17 12:25:41	MarkDuplicates	Tracking 113767 as yet unmatched pairs. 1845 records in RAM.
INFO	2016-05-17 12:25:46	MarkDuplicates	Read    50,000,000 records.  Elapsed time: 00:05:52s.  Time for last 1,000,000:    5s.  Last read position: chr9:990,620
INFO	2016-05-17 12:25:46	MarkDuplicates	Tracking 113561 as yet unmatched pairs. 8393 records in RAM.
INFO	2016-05-17 12:25:53	MarkDuplicates	Read    51,000,000 records.  Elapsed time: 00:05:59s.  Time for last 1,000,000:    6s.  Last read position: chr9:36,246,368
INFO	2016-05-17 12:25:53	MarkDuplicates	Tracking 113355 as yet unmatched pairs. 6416 records in RAM.
INFO	2016-05-17 12:27:05	MarkDuplicates	Read    52,000,000 records.  Elapsed time: 00:07:11s.  Time for last 1,000,000:   72s.  Last read position: chr9:100,308,451
INFO	2016-05-17 12:27:05	MarkDuplicates	Tracking 113231 as yet unmatched pairs. 3533 records in RAM.
INFO	2016-05-17 12:27:10	MarkDuplicates	Read    53,000,000 records.  Elapsed time: 00:07:16s.  Time for last 1,000,000:    5s.  Last read position: chr9:127,109,971
INFO	2016-05-17 12:27:10	MarkDuplicates	Tracking 112998 as yet unmatched pairs. 1856 records in RAM.
INFO	2016-05-17 12:27:15	MarkDuplicates	Read    54,000,000 records.  Elapsed time: 00:07:20s.  Time for last 1,000,000:    4s.  Last read position: chr9:139,333,036
INFO	2016-05-17 12:27:15	MarkDuplicates	Tracking 112691 as yet unmatched pairs. 435 records in RAM.
INFO	2016-05-17 12:27:25	MarkDuplicates	Read    55,000,000 records.  Elapsed time: 00:07:30s.  Time for last 1,000,000:    9s.  Last read position: chr10:26,393,808
INFO	2016-05-17 12:27:25	MarkDuplicates	Tracking 112283 as yet unmatched pairs. 10522 records in RAM.
INFO	2016-05-17 12:27:30	MarkDuplicates	Read    56,000,000 records.  Elapsed time: 00:07:36s.  Time for last 1,000,000:    5s.  Last read position: chr10:70,531,025
INFO	2016-05-17 12:27:30	MarkDuplicates	Tracking 112088 as yet unmatched pairs. 5790 records in RAM.
INFO	2016-05-17 12:27:39	MarkDuplicates	Read    57,000,000 records.  Elapsed time: 00:07:44s.  Time for last 1,000,000:    8s.  Last read position: chr10:96,162,675
INFO	2016-05-17 12:27:39	MarkDuplicates	Tracking 111546 as yet unmatched pairs. 3917 records in RAM.
INFO	2016-05-17 12:27:43	MarkDuplicates	Read    58,000,000 records.  Elapsed time: 00:07:49s.  Time for last 1,000,000:    4s.  Last read position: chr10:116,075,305
INFO	2016-05-17 12:27:43	MarkDuplicates	Tracking 110859 as yet unmatched pairs. 1720 records in RAM.
INFO	2016-05-17 12:27:55	MarkDuplicates	Read    59,000,000 records.  Elapsed time: 00:08:01s.  Time for last 1,000,000:   11s.  Last read position: chr11:1,297,915
INFO	2016-05-17 12:27:55	MarkDuplicates	Tracking 110041 as yet unmatched pairs. 11568 records in RAM.
INFO	2016-05-17 12:27:59	MarkDuplicates	Read    60,000,000 records.  Elapsed time: 00:08:05s.  Time for last 1,000,000:    3s.  Last read position: chr11:17,393,633
INFO	2016-05-17 12:27:59	MarkDuplicates	Tracking 109421 as yet unmatched pairs. 10015 records in RAM.
INFO	2016-05-17 12:28:05	MarkDuplicates	Read    61,000,000 records.  Elapsed time: 00:08:11s.  Time for last 1,000,000:    6s.  Last read position: chr11:50,379,269
INFO	2016-05-17 12:28:05	MarkDuplicates	Tracking 108590 as yet unmatched pairs. 7634 records in RAM.
INFO	2016-05-17 12:28:10	MarkDuplicates	Read    62,000,000 records.  Elapsed time: 00:08:15s.  Time for last 1,000,000:    4s.  Last read position: chr11:64,601,926
INFO	2016-05-17 12:28:10	MarkDuplicates	Tracking 107966 as yet unmatched pairs. 6037 records in RAM.
INFO	2016-05-17 12:28:15	MarkDuplicates	Read    63,000,000 records.  Elapsed time: 00:08:20s.  Time for last 1,000,000:    4s.  Last read position: chr11:74,559,253
INFO	2016-05-17 12:28:15	MarkDuplicates	Tracking 107403 as yet unmatched pairs. 4769 records in RAM.
INFO	2016-05-17 12:28:21	MarkDuplicates	Read    64,000,000 records.  Elapsed time: 00:08:27s.  Time for last 1,000,000:    6s.  Last read position: chr11:111,405,239
INFO	2016-05-17 12:28:21	MarkDuplicates	Tracking 106651 as yet unmatched pairs. 2323 records in RAM.
INFO	2016-05-17 12:28:26	MarkDuplicates	Read    65,000,000 records.  Elapsed time: 00:08:31s.  Time for last 1,000,000:    4s.  Last read position: chr11:128,844,720
INFO	2016-05-17 12:28:26	MarkDuplicates	Tracking 105805 as yet unmatched pairs. 481 records in RAM.
INFO	2016-05-17 12:28:34	MarkDuplicates	Read    66,000,000 records.  Elapsed time: 00:08:39s.  Time for last 1,000,000:    7s.  Last read position: chr12:12,630,924
INFO	2016-05-17 12:28:34	MarkDuplicates	Tracking 104869 as yet unmatched pairs. 11564 records in RAM.
INFO	2016-05-17 12:28:38	MarkDuplicates	Read    67,000,000 records.  Elapsed time: 00:08:43s.  Time for last 1,000,000:    4s.  Last read position: chr12:49,259,348
INFO	2016-05-17 12:28:38	MarkDuplicates	Tracking 103719 as yet unmatched pairs. 8984 records in RAM.
INFO	2016-05-17 12:28:48	MarkDuplicates	Read    68,000,000 records.  Elapsed time: 00:08:54s.  Time for last 1,000,000:   10s.  Last read position: chr12:57,109,636
INFO	2016-05-17 12:28:48	MarkDuplicates	Tracking 103065 as yet unmatched pairs. 7674 records in RAM.
INFO	2016-05-17 12:28:53	MarkDuplicates	Read    69,000,000 records.  Elapsed time: 00:08:59s.  Time for last 1,000,000:    4s.  Last read position: chr12:94,722,146
INFO	2016-05-17 12:28:53	MarkDuplicates	Tracking 101509 as yet unmatched pairs. 4415 records in RAM.
INFO	2016-05-17 12:28:59	MarkDuplicates	Read    70,000,000 records.  Elapsed time: 00:09:05s.  Time for last 1,000,000:    6s.  Last read position: chr12:116,444,207
INFO	2016-05-17 12:28:59	MarkDuplicates	Tracking 100376 as yet unmatched pairs. 2189 records in RAM.
INFO	2016-05-17 12:29:05	MarkDuplicates	Read    71,000,000 records.  Elapsed time: 00:09:11s.  Time for last 1,000,000:    5s.  Last read position: chr13:23,904,723
INFO	2016-05-17 12:29:05	MarkDuplicates	Tracking 99019 as yet unmatched pairs. 6633 records in RAM.
INFO	2016-05-17 12:29:12	MarkDuplicates	Read    72,000,000 records.  Elapsed time: 00:09:18s.  Time for last 1,000,000:    7s.  Last read position: chr13:52,972,112
INFO	2016-05-17 12:29:12	MarkDuplicates	Tracking 97512 as yet unmatched pairs. 3955 records in RAM.
INFO	2016-05-17 12:29:17	MarkDuplicates	Read    73,000,000 records.  Elapsed time: 00:09:23s.  Time for last 1,000,000:    4s.  Last read position: chr14:20,612,400
INFO	2016-05-17 12:29:17	MarkDuplicates	Tracking 95038 as yet unmatched pairs. 8632 records in RAM.
INFO	2016-05-17 12:29:25	MarkDuplicates	Read    74,000,000 records.  Elapsed time: 00:09:31s.  Time for last 1,000,000:    7s.  Last read position: chr14:39,760,394
INFO	2016-05-17 12:29:25	MarkDuplicates	Tracking 93824 as yet unmatched pairs. 6682 records in RAM.
INFO	2016-05-17 12:29:30	MarkDuplicates	Read    75,000,000 records.  Elapsed time: 00:09:35s.  Time for last 1,000,000:    4s.  Last read position: chr14:73,007,994
INFO	2016-05-17 12:29:30	MarkDuplicates	Tracking 92030 as yet unmatched pairs. 3873 records in RAM.
INFO	2016-05-17 12:29:43	MarkDuplicates	Read    76,000,000 records.  Elapsed time: 00:09:49s.  Time for last 1,000,000:   13s.  Last read position: chr14:101,350,412
INFO	2016-05-17 12:29:43	MarkDuplicates	Tracking 90309 as yet unmatched pairs. 1031 records in RAM.
INFO	2016-05-17 12:29:49	MarkDuplicates	Read    77,000,000 records.  Elapsed time: 00:09:54s.  Time for last 1,000,000:    5s.  Last read position: chr15:39,875,891
INFO	2016-05-17 12:29:49	MarkDuplicates	Tracking 88632 as yet unmatched pairs. 7717 records in RAM.
INFO	2016-05-17 12:29:54	MarkDuplicates	Read    78,000,000 records.  Elapsed time: 00:10:00s.  Time for last 1,000,000:    5s.  Last read position: chr15:51,974,006
INFO	2016-05-17 12:29:54	MarkDuplicates	Tracking 87354 as yet unmatched pairs. 5843 records in RAM.
INFO	2016-05-17 12:30:00	MarkDuplicates	Read    79,000,000 records.  Elapsed time: 00:10:05s.  Time for last 1,000,000:    5s.  Last read position: chr15:74,560,420
INFO	2016-05-17 12:30:00	MarkDuplicates	Tracking 85458 as yet unmatched pairs. 3130 records in RAM.
INFO	2016-05-17 12:30:08	MarkDuplicates	Read    80,000,000 records.  Elapsed time: 00:10:14s.  Time for last 1,000,000:    8s.  Last read position: chr15:99,672,867
INFO	2016-05-17 12:30:08	MarkDuplicates	Tracking 83630 as yet unmatched pairs. 446 records in RAM.
INFO	2016-05-17 12:30:13	MarkDuplicates	Read    81,000,000 records.  Elapsed time: 00:10:19s.  Time for last 1,000,000:    5s.  Last read position: chr16:8,992,239
INFO	2016-05-17 12:30:13	MarkDuplicates	Tracking 82086 as yet unmatched pairs. 11083 records in RAM.
INFO	2016-05-17 12:30:22	MarkDuplicates	Read    82,000,000 records.  Elapsed time: 00:10:27s.  Time for last 1,000,000:    8s.  Last read position: chr16:30,369,427
INFO	2016-05-17 12:30:22	MarkDuplicates	Tracking 79921 as yet unmatched pairs. 8270 records in RAM.
INFO	2016-05-17 12:30:26	MarkDuplicates	Read    83,000,000 records.  Elapsed time: 00:10:32s.  Time for last 1,000,000:    4s.  Last read position: chr16:66,599,853
INFO	2016-05-17 12:30:26	MarkDuplicates	Tracking 76878 as yet unmatched pairs. 3671 records in RAM.
INFO	2016-05-17 12:30:32	MarkDuplicates	Read    84,000,000 records.  Elapsed time: 00:10:37s.  Time for last 1,000,000:    5s.  Last read position: chr16:83,816,880
INFO	2016-05-17 12:30:32	MarkDuplicates	Tracking 74977 as yet unmatched pairs. 1055 records in RAM.
INFO	2016-05-17 12:30:47	MarkDuplicates	Read    85,000,000 records.  Elapsed time: 00:10:52s.  Time for last 1,000,000:   15s.  Last read position: chr17:5,334,682
INFO	2016-05-17 12:30:47	MarkDuplicates	Tracking 73103 as yet unmatched pairs. 12693 records in RAM.
INFO	2016-05-17 12:30:51	MarkDuplicates	Read    86,000,000 records.  Elapsed time: 00:10:56s.  Time for last 1,000,000:    4s.  Last read position: chr17:18,004,826
INFO	2016-05-17 12:30:51	MarkDuplicates	Tracking 71593 as yet unmatched pairs. 10849 records in RAM.
INFO	2016-05-17 12:30:57	MarkDuplicates	Read    87,000,000 records.  Elapsed time: 00:11:03s.  Time for last 1,000,000:    6s.  Last read position: chr17:35,913,304
INFO	2016-05-17 12:30:57	MarkDuplicates	Tracking 69683 as yet unmatched pairs. 8253 records in RAM.
INFO	2016-05-17 12:31:02	MarkDuplicates	Read    88,000,000 records.  Elapsed time: 00:11:07s.  Time for last 1,000,000:    4s.  Last read position: chr17:43,344,075
INFO	2016-05-17 12:31:02	MarkDuplicates	Tracking 68042 as yet unmatched pairs. 6229 records in RAM.
INFO	2016-05-17 12:31:11	MarkDuplicates	Read    89,000,000 records.  Elapsed time: 00:11:16s.  Time for last 1,000,000:    8s.  Last read position: chr17:61,899,230
INFO	2016-05-17 12:31:11	MarkDuplicates	Tracking 65760 as yet unmatched pairs. 3391 records in RAM.
INFO	2016-05-17 12:31:15	MarkDuplicates	Read    90,000,000 records.  Elapsed time: 00:11:21s.  Time for last 1,000,000:    4s.  Last read position: chr17:77,089,686
INFO	2016-05-17 12:31:15	MarkDuplicates	Tracking 63688 as yet unmatched pairs. 879 records in RAM.
INFO	2016-05-17 12:31:24	MarkDuplicates	Read    91,000,000 records.  Elapsed time: 00:11:30s.  Time for last 1,000,000:    9s.  Last read position: chr18:21,534,648
INFO	2016-05-17 12:31:24	MarkDuplicates	Tracking 60947 as yet unmatched pairs. 5050 records in RAM.
INFO	2016-05-17 12:31:28	MarkDuplicates	Read    92,000,000 records.  Elapsed time: 00:11:34s.  Time for last 1,000,000:    4s.  Last read position: chr18:71,814,979
INFO	2016-05-17 12:31:28	MarkDuplicates	Tracking 57262 as yet unmatched pairs. 647 records in RAM.
INFO	2016-05-17 12:31:44	MarkDuplicates	Read    93,000,000 records.  Elapsed time: 00:11:49s.  Time for last 1,000,000:   15s.  Last read position: chr19:7,166,200
INFO	2016-05-17 12:31:44	MarkDuplicates	Tracking 55017 as yet unmatched pairs. 13610 records in RAM.
INFO	2016-05-17 12:31:48	MarkDuplicates	Read    94,000,000 records.  Elapsed time: 00:11:53s.  Time for last 1,000,000:    4s.  Last read position: chr19:14,020,570
INFO	2016-05-17 12:31:48	MarkDuplicates	Tracking 53077 as yet unmatched pairs. 11417 records in RAM.
INFO	2016-05-17 12:31:54	MarkDuplicates	Read    95,000,000 records.  Elapsed time: 00:11:59s.  Time for last 1,000,000:    5s.  Last read position: chr19:33,239,144
INFO	2016-05-17 12:31:54	MarkDuplicates	Tracking 49573 as yet unmatched pairs. 7565 records in RAM.
INFO	2016-05-17 12:31:59	MarkDuplicates	Read    96,000,000 records.  Elapsed time: 00:12:04s.  Time for last 1,000,000:    4s.  Last read position: chr19:41,447,964
INFO	2016-05-17 12:31:59	MarkDuplicates	Tracking 47459 as yet unmatched pairs. 5198 records in RAM.
INFO	2016-05-17 12:32:08	MarkDuplicates	Read    97,000,000 records.  Elapsed time: 00:12:13s.  Time for last 1,000,000:    8s.  Last read position: chr19:49,575,610
INFO	2016-05-17 12:32:08	MarkDuplicates	Tracking 45473 as yet unmatched pairs. 3006 records in RAM.
INFO	2016-05-17 12:32:11	MarkDuplicates	Read    98,000,000 records.  Elapsed time: 00:12:17s.  Time for last 1,000,000:    3s.  Last read position: chr19:56,300,115
INFO	2016-05-17 12:32:11	MarkDuplicates	Tracking 43465 as yet unmatched pairs. 790 records in RAM.
INFO	2016-05-17 12:32:20	MarkDuplicates	Read    99,000,000 records.  Elapsed time: 00:12:26s.  Time for last 1,000,000:    8s.  Last read position: chr20:18,379,218
INFO	2016-05-17 12:32:20	MarkDuplicates	Tracking 41031 as yet unmatched pairs. 6805 records in RAM.
INFO	2016-05-17 12:32:24	MarkDuplicates	Read   100,000,000 records.  Elapsed time: 00:12:30s.  Time for last 1,000,000:    4s.  Last read position: chr20:42,161,834
INFO	2016-05-17 12:32:24	MarkDuplicates	Tracking 38192 as yet unmatched pairs. 3041 records in RAM.
INFO	2016-05-17 12:32:37	MarkDuplicates	Read   101,000,000 records.  Elapsed time: 00:12:43s.  Time for last 1,000,000:   13s.  Last read position: chr20:62,297,673
INFO	2016-05-17 12:32:37	MarkDuplicates	Tracking 35601 as yet unmatched pairs. 214 records in RAM.
INFO	2016-05-17 12:32:44	MarkDuplicates	Read   102,000,000 records.  Elapsed time: 00:12:50s.  Time for last 1,000,000:    6s.  Last read position: chr21:45,212,588
INFO	2016-05-17 12:32:44	MarkDuplicates	Tracking 30186 as yet unmatched pairs. 709 records in RAM.
INFO	2016-05-17 12:32:48	MarkDuplicates	Read   103,000,000 records.  Elapsed time: 00:12:54s.  Time for last 1,000,000:    4s.  Last read position: chr22:28,250,685
INFO	2016-05-17 12:32:48	MarkDuplicates	Tracking 27784 as yet unmatched pairs. 4160 records in RAM.
INFO	2016-05-17 12:35:19	MarkDuplicates	Read   104,000,000 records.  Elapsed time: 00:15:24s.  Time for last 1,000,000:  150s.  Last read position: chr22:42,209,470
INFO	2016-05-17 12:35:19	MarkDuplicates	Tracking 25317 as yet unmatched pairs. 1572 records in RAM.
INFO	2016-05-17 12:35:23	MarkDuplicates	Read   105,000,000 records.  Elapsed time: 00:15:29s.  Time for last 1,000,000:    4s.  Last read position: chrX:19,424,683
INFO	2016-05-17 12:35:23	MarkDuplicates	Tracking 21767 as yet unmatched pairs. 15101 records in RAM.
INFO	2016-05-17 12:35:29	MarkDuplicates	Read   106,000,000 records.  Elapsed time: 00:15:34s.  Time for last 1,000,000:    5s.  Last read position: chrX:53,114,980
INFO	2016-05-17 12:35:29	MarkDuplicates	Tracking 18291 as yet unmatched pairs. 11592 records in RAM.
INFO	2016-05-17 12:35:33	MarkDuplicates	Read   107,000,000 records.  Elapsed time: 00:15:39s.  Time for last 1,000,000:    4s.  Last read position: chrX:99,890,611
INFO	2016-05-17 12:35:33	MarkDuplicates	Tracking 13465 as yet unmatched pairs. 6742 records in RAM.
INFO	2016-05-17 12:35:42	MarkDuplicates	Read   108,000,000 records.  Elapsed time: 00:15:48s.  Time for last 1,000,000:    9s.  Last read position: chrX:133,948,845
INFO	2016-05-17 12:35:42	MarkDuplicates	Tracking 9697 as yet unmatched pairs. 2946 records in RAM.
INFO	2016-05-17 12:35:47	MarkDuplicates	Read 108770388 records. 0 pairs never matched.
INFO	2016-05-17 12:35:59	MarkDuplicates	After buildSortedReadEndLists freeMemory: 13120061776; totalMemory: 13211533312; maxMemory: 13362528256
INFO	2016-05-17 12:35:59	MarkDuplicates	Will retain up to 417579008 duplicate indices before spilling to disk.
INFO	2016-05-17 12:36:00	MarkDuplicates	Traversing read pair information and detecting duplicates.
INFO	2016-05-17 12:36:27	MarkDuplicates	Traversing fragment information and detecting duplicates.
INFO	2016-05-17 12:37:19	MarkDuplicates	Sorting list of duplicate records.
INFO	2016-05-17 12:37:21	MarkDuplicates	After generateDuplicateIndexes freeMemory: 9940266968; totalMemory: 13368295424; maxMemory: 13368295424
INFO	2016-05-17 12:37:21	MarkDuplicates	Marking 8358964 records as duplicates.
INFO	2016-05-17 12:37:21	MarkDuplicates	Found 1985 optical duplicate clusters.
INFO	2016-05-17 12:37:21	MarkDuplicates	Reads are assumed to be ordered by: coordinate
INFO	2016-05-17 12:39:54	MarkDuplicates	Written    10,000,000 records.  Elapsed time: 00:02:33s.  Time for last 10,000,000:  153s.  Last read position: chr1:228,459,846
INFO	2016-05-17 12:42:24	MarkDuplicates	Written    20,000,000 records.  Elapsed time: 00:05:03s.  Time for last 10,000,000:  149s.  Last read position: chr3:37,860,387
INFO	2016-05-17 12:44:47	MarkDuplicates	Written    30,000,000 records.  Elapsed time: 00:07:25s.  Time for last 10,000,000:  142s.  Last read position: chr4:190,992,332
INFO	2016-05-17 12:47:01	MarkDuplicates	Written    40,000,000 records.  Elapsed time: 00:09:40s.  Time for last 10,000,000:  134s.  Last read position: chr6:142,725,535
INFO	2016-05-17 12:49:28	MarkDuplicates	Written    50,000,000 records.  Elapsed time: 00:12:06s.  Time for last 10,000,000:  146s.  Last read position: chr9:990,620
INFO	2016-05-17 12:51:55	MarkDuplicates	Written    60,000,000 records.  Elapsed time: 00:14:34s.  Time for last 10,000,000:  147s.  Last read position: chr11:17,393,633
INFO	2016-05-17 12:54:14	MarkDuplicates	Written    70,000,000 records.  Elapsed time: 00:16:52s.  Time for last 10,000,000:  138s.  Last read position: chr12:116,444,207
INFO	2016-05-17 12:56:53	MarkDuplicates	Written    80,000,000 records.  Elapsed time: 00:19:31s.  Time for last 10,000,000:  159s.  Last read position: chr15:99,672,867
INFO	2016-05-17 12:59:15	MarkDuplicates	Written    90,000,000 records.  Elapsed time: 00:21:54s.  Time for last 10,000,000:  142s.  Last read position: chr17:77,089,686
INFO	2016-05-17 13:01:39	MarkDuplicates	Written   100,000,000 records.  Elapsed time: 00:24:18s.  Time for last 10,000,000:  144s.  Last read position: chr20:42,161,834
INFO	2016-05-17 13:03:40	MarkDuplicates	Before output close freeMemory: 13242278544; totalMemory: 13337886720; maxMemory: 13362528256
INFO	2016-05-17 13:03:43	MarkDuplicates	After output close freeMemory: 13264297688; totalMemory: 13359906816; maxMemory: 13362528256
[Tue May 17 13:03:44 EDT 2016] picard.sam.markduplicates.MarkDuplicates done. Elapsed time: 43.84 minutes.
Runtime.totalMemory()=13359906816
[Tue May 17 13:03:45 EDT 2016] picard.sam.AddOrReplaceReadGroups INPUT=p_DS_bkm_119-N/p_DS_bkm_119-N.sorted.MarkDup.bam OUTPUT=p_DS_bkm_119-N/p_DS_bkm_119-N.sorted.MarkDup.fixed.bam SORT_ORDER=coordinate RGID=id RGLB=bar RGPL=Illumina RGPU=platform RGSM=sample1 TMP_DIR=[tmp] VALIDATION_STRINGENCY=SILENT CREATE_INDEX=true    VERBOSITY=INFO QUIET=false COMPRESSION_LEVEL=5 MAX_RECORDS_IN_RAM=500000 CREATE_MD5_FILE=false GA4GH_CLIENT_SECRETS=client_secrets.json
[Tue May 17 13:03:45 EDT 2016] Executing as abdelrahman@compute-1-5.local on Linux 2.6.32-279.14.1.el6.x86_64 amd64; Java HotSpot(TM) 64-Bit Server VM 1.8.0_45-b14; Picard version: 2.3.0(9a00c87b7ffdb01cfb5a0d6e76556146196babb8_1463071327) IntelDeflater
INFO	2016-05-17 13:03:45	AddOrReplaceReadGroups	Created read group ID=id PL=Illumina LB=bar SM=sample1

INFO	2016-05-17 13:03:59	AddOrReplaceReadGroups	Processed     1,000,000 records.  Elapsed time: 00:00:13s.  Time for last 1,000,000:   13s.  Last read position: chr1:16,095,031
INFO	2016-05-17 13:04:13	AddOrReplaceReadGroups	Processed     2,000,000 records.  Elapsed time: 00:00:28s.  Time for last 1,000,000:   14s.  Last read position: chr1:28,862,807
INFO	2016-05-17 13:04:31	AddOrReplaceReadGroups	Processed     3,000,000 records.  Elapsed time: 00:00:45s.  Time for last 1,000,000:   17s.  Last read position: chr1:43,897,486
INFO	2016-05-17 13:04:45	AddOrReplaceReadGroups	Processed     4,000,000 records.  Elapsed time: 00:00:59s.  Time for last 1,000,000:   13s.  Last read position: chr1:66,475,543
INFO	2016-05-17 13:05:02	AddOrReplaceReadGroups	Processed     5,000,000 records.  Elapsed time: 00:01:16s.  Time for last 1,000,000:   16s.  Last read position: chr1:108,697,640
INFO	2016-05-17 13:05:17	AddOrReplaceReadGroups	Processed     6,000,000 records.  Elapsed time: 00:01:31s.  Time for last 1,000,000:   15s.  Last read position: chr1:150,317,019
INFO	2016-05-17 13:05:35	AddOrReplaceReadGroups	Processed     7,000,000 records.  Elapsed time: 00:01:49s.  Time for last 1,000,000:   17s.  Last read position: chr1:156,909,471
INFO	2016-05-17 13:05:48	AddOrReplaceReadGroups	Processed     8,000,000 records.  Elapsed time: 00:02:03s.  Time for last 1,000,000:   13s.  Last read position: chr1:176,709,157
INFO	2016-05-17 13:06:04	AddOrReplaceReadGroups	Processed     9,000,000 records.  Elapsed time: 00:02:19s.  Time for last 1,000,000:   16s.  Last read position: chr1:203,820,212
INFO	2016-05-17 13:06:18	AddOrReplaceReadGroups	Processed    10,000,000 records.  Elapsed time: 00:02:32s.  Time for last 1,000,000:   13s.  Last read position: chr1:228,459,846
INFO	2016-05-17 13:06:36	AddOrReplaceReadGroups	Processed    11,000,000 records.  Elapsed time: 00:02:50s.  Time for last 1,000,000:   18s.  Last read position: chr2:10,192,471
INFO	2016-05-17 13:06:49	AddOrReplaceReadGroups	Processed    12,000,000 records.  Elapsed time: 00:03:03s.  Time for last 1,000,000:   13s.  Last read position: chr2:33,141,470
INFO	2016-05-17 13:07:07	AddOrReplaceReadGroups	Processed    13,000,000 records.  Elapsed time: 00:03:21s.  Time for last 1,000,000:   17s.  Last read position: chr2:69,784,038
INFO	2016-05-17 13:07:21	AddOrReplaceReadGroups	Processed    14,000,000 records.  Elapsed time: 00:03:35s.  Time for last 1,000,000:   14s.  Last read position: chr2:99,439,304
INFO	2016-05-17 13:07:36	AddOrReplaceReadGroups	Processed    15,000,000 records.  Elapsed time: 00:03:51s.  Time for last 1,000,000:   15s.  Last read position: chr2:136,567,234
INFO	2016-05-17 13:07:49	AddOrReplaceReadGroups	Processed    16,000,000 records.  Elapsed time: 00:04:03s.  Time for last 1,000,000:   12s.  Last read position: chr2:174,820,672
INFO	2016-05-17 13:08:06	AddOrReplaceReadGroups	Processed    17,000,000 records.  Elapsed time: 00:04:21s.  Time for last 1,000,000:   17s.  Last read position: chr2:201,464,104
INFO	2016-05-17 13:08:20	AddOrReplaceReadGroups	Processed    18,000,000 records.  Elapsed time: 00:04:34s.  Time for last 1,000,000:   13s.  Last read position: chr2:220,771,233
INFO	2016-05-17 13:08:37	AddOrReplaceReadGroups	Processed    19,000,000 records.  Elapsed time: 00:04:51s.  Time for last 1,000,000:   16s.  Last read position: chr3:4,403,708
INFO	2016-05-17 13:08:51	AddOrReplaceReadGroups	Processed    20,000,000 records.  Elapsed time: 00:05:05s.  Time for last 1,000,000:   14s.  Last read position: chr3:37,860,387
INFO	2016-05-17 13:09:04	AddOrReplaceReadGroups	Processed    21,000,000 records.  Elapsed time: 00:05:19s.  Time for last 1,000,000:   13s.  Last read position: chr3:49,662,566
INFO	2016-05-17 13:09:17	AddOrReplaceReadGroups	Processed    22,000,000 records.  Elapsed time: 00:05:32s.  Time for last 1,000,000:   13s.  Last read position: chr3:69,271,167
INFO	2016-05-17 13:09:30	AddOrReplaceReadGroups	Processed    23,000,000 records.  Elapsed time: 00:05:45s.  Time for last 1,000,000:   13s.  Last read position: chr3:121,713,208
INFO	2016-05-17 13:09:44	AddOrReplaceReadGroups	Processed    24,000,000 records.  Elapsed time: 00:05:58s.  Time for last 1,000,000:   13s.  Last read position: chr3:143,412,095
INFO	2016-05-17 13:09:57	AddOrReplaceReadGroups	Processed    25,000,000 records.  Elapsed time: 00:06:11s.  Time for last 1,000,000:   13s.  Last read position: chr3:184,144,377
INFO	2016-05-17 13:10:10	AddOrReplaceReadGroups	Processed    26,000,000 records.  Elapsed time: 00:06:24s.  Time for last 1,000,000:   12s.  Last read position: chr4:7,774,392
INFO	2016-05-17 13:10:24	AddOrReplaceReadGroups	Processed    27,000,000 records.  Elapsed time: 00:06:39s.  Time for last 1,000,000:   14s.  Last read position: chr4:56,225,677
INFO	2016-05-17 13:10:38	AddOrReplaceReadGroups	Processed    28,000,000 records.  Elapsed time: 00:06:53s.  Time for last 1,000,000:   13s.  Last read position: chr4:94,750,215
INFO	2016-05-17 13:10:52	AddOrReplaceReadGroups	Processed    29,000,000 records.  Elapsed time: 00:07:06s.  Time for last 1,000,000:   13s.  Last read position: chr4:144,106,507
INFO	2016-05-17 13:11:05	AddOrReplaceReadGroups	Processed    30,000,000 records.  Elapsed time: 00:07:19s.  Time for last 1,000,000:   13s.  Last read position: chr4:190,992,332
INFO	2016-05-17 13:11:19	AddOrReplaceReadGroups	Processed    31,000,000 records.  Elapsed time: 00:07:33s.  Time for last 1,000,000:   14s.  Last read position: chr5:52,160,878
INFO	2016-05-17 13:11:32	AddOrReplaceReadGroups	Processed    32,000,000 records.  Elapsed time: 00:07:46s.  Time for last 1,000,000:   12s.  Last read position: chr5:90,077,321
INFO	2016-05-17 13:11:46	AddOrReplaceReadGroups	Processed    33,000,000 records.  Elapsed time: 00:08:01s.  Time for last 1,000,000:   14s.  Last read position: chr5:136,328,091
INFO	2016-05-17 13:12:03	AddOrReplaceReadGroups	Processed    34,000,000 records.  Elapsed time: 00:08:18s.  Time for last 1,000,000:   16s.  Last read position: chr5:150,407,725
INFO	2016-05-17 13:12:16	AddOrReplaceReadGroups	Processed    35,000,000 records.  Elapsed time: 00:08:31s.  Time for last 1,000,000:   13s.  Last read position: chr5:179,743,381
INFO	2016-05-17 13:12:33	AddOrReplaceReadGroups	Processed    36,000,000 records.  Elapsed time: 00:08:47s.  Time for last 1,000,000:   16s.  Last read position: chr6:29,541,789
INFO	2016-05-17 13:12:47	AddOrReplaceReadGroups	Processed    37,000,000 records.  Elapsed time: 00:09:01s.  Time for last 1,000,000:   13s.  Last read position: chr6:35,806,413
INFO	2016-05-17 13:13:01	AddOrReplaceReadGroups	Processed    38,000,000 records.  Elapsed time: 00:09:16s.  Time for last 1,000,000:   14s.  Last read position: chr6:55,378,795
INFO	2016-05-17 13:13:15	AddOrReplaceReadGroups	Processed    39,000,000 records.  Elapsed time: 00:09:29s.  Time for last 1,000,000:   13s.  Last read position: chr6:106,553,690
INFO	2016-05-17 13:13:33	AddOrReplaceReadGroups	Processed    40,000,000 records.  Elapsed time: 00:09:47s.  Time for last 1,000,000:   18s.  Last read position: chr6:142,725,535
INFO	2016-05-17 13:13:48	AddOrReplaceReadGroups	Processed    41,000,000 records.  Elapsed time: 00:10:02s.  Time for last 1,000,000:   14s.  Last read position: chr7:1,904,760
INFO	2016-05-17 13:14:02	AddOrReplaceReadGroups	Processed    42,000,000 records.  Elapsed time: 00:10:16s.  Time for last 1,000,000:   14s.  Last read position: chr7:37,960,260
INFO	2016-05-17 13:14:21	AddOrReplaceReadGroups	Processed    43,000,000 records.  Elapsed time: 00:10:35s.  Time for last 1,000,000:   19s.  Last read position: chr7:81,662,141
INFO	2016-05-17 13:14:38	AddOrReplaceReadGroups	Processed    44,000,000 records.  Elapsed time: 00:10:52s.  Time for last 1,000,000:   16s.  Last read position: chr7:100,930,334
INFO	2016-05-17 13:14:51	AddOrReplaceReadGroups	Processed    45,000,000 records.  Elapsed time: 00:11:06s.  Time for last 1,000,000:   13s.  Last read position: chr7:134,135,726
INFO	2016-05-17 13:15:10	AddOrReplaceReadGroups	Processed    46,000,000 records.  Elapsed time: 00:11:24s.  Time for last 1,000,000:   18s.  Last read position: chr7:155,532,375
INFO	2016-05-17 13:15:25	AddOrReplaceReadGroups	Processed    47,000,000 records.  Elapsed time: 00:11:39s.  Time for last 1,000,000:   14s.  Last read position: chr8:28,965,492
INFO	2016-05-17 13:15:43	AddOrReplaceReadGroups	Processed    48,000,000 records.  Elapsed time: 00:11:57s.  Time for last 1,000,000:   18s.  Last read position: chr8:70,541,702
INFO	2016-05-17 13:15:56	AddOrReplaceReadGroups	Processed    49,000,000 records.  Elapsed time: 00:12:11s.  Time for last 1,000,000:   13s.  Last read position: chr8:119,296,487
INFO	2016-05-17 13:16:13	AddOrReplaceReadGroups	Processed    50,000,000 records.  Elapsed time: 00:12:28s.  Time for last 1,000,000:   17s.  Last read position: chr9:990,620
INFO	2016-05-17 13:16:27	AddOrReplaceReadGroups	Processed    51,000,000 records.  Elapsed time: 00:12:42s.  Time for last 1,000,000:   14s.  Last read position: chr9:36,246,368
INFO	2016-05-17 13:16:41	AddOrReplaceReadGroups	Processed    52,000,000 records.  Elapsed time: 00:12:56s.  Time for last 1,000,000:   13s.  Last read position: chr9:100,308,451
INFO	2016-05-17 13:16:59	AddOrReplaceReadGroups	Processed    53,000,000 records.  Elapsed time: 00:13:14s.  Time for last 1,000,000:   18s.  Last read position: chr9:127,109,971
INFO	2016-05-17 13:17:17	AddOrReplaceReadGroups	Processed    54,000,000 records.  Elapsed time: 00:13:31s.  Time for last 1,000,000:   17s.  Last read position: chr9:139,333,036
INFO	2016-05-17 13:17:31	AddOrReplaceReadGroups	Processed    55,000,000 records.  Elapsed time: 00:13:45s.  Time for last 1,000,000:   14s.  Last read position: chr10:26,393,808
INFO	2016-05-17 13:17:44	AddOrReplaceReadGroups	Processed    56,000,000 records.  Elapsed time: 00:13:59s.  Time for last 1,000,000:   13s.  Last read position: chr10:70,531,025
INFO	2016-05-17 13:18:01	AddOrReplaceReadGroups	Processed    57,000,000 records.  Elapsed time: 00:14:15s.  Time for last 1,000,000:   16s.  Last read position: chr10:96,162,675
INFO	2016-05-17 13:18:14	AddOrReplaceReadGroups	Processed    58,000,000 records.  Elapsed time: 00:14:28s.  Time for last 1,000,000:   12s.  Last read position: chr10:116,075,305
INFO	2016-05-17 13:18:31	AddOrReplaceReadGroups	Processed    59,000,000 records.  Elapsed time: 00:14:46s.  Time for last 1,000,000:   17s.  Last read position: chr11:1,297,915
INFO	2016-05-17 13:18:44	AddOrReplaceReadGroups	Processed    60,000,000 records.  Elapsed time: 00:14:59s.  Time for last 1,000,000:   13s.  Last read position: chr11:17,393,633
INFO	2016-05-17 13:19:02	AddOrReplaceReadGroups	Processed    61,000,000 records.  Elapsed time: 00:15:16s.  Time for last 1,000,000:   17s.  Last read position: chr11:50,379,269
INFO	2016-05-17 13:19:16	AddOrReplaceReadGroups	Processed    62,000,000 records.  Elapsed time: 00:15:30s.  Time for last 1,000,000:   13s.  Last read position: chr11:64,601,926
INFO	2016-05-17 13:19:35	AddOrReplaceReadGroups	Processed    63,000,000 records.  Elapsed time: 00:15:49s.  Time for last 1,000,000:   18s.  Last read position: chr11:74,559,253
INFO	2016-05-17 13:19:51	AddOrReplaceReadGroups	Processed    64,000,000 records.  Elapsed time: 00:16:05s.  Time for last 1,000,000:   15s.  Last read position: chr11:111,405,239
INFO	2016-05-17 13:20:22	AddOrReplaceReadGroups	Processed    65,000,000 records.  Elapsed time: 00:16:36s.  Time for last 1,000,000:   31s.  Last read position: chr11:128,844,720
INFO	2016-05-17 13:20:39	AddOrReplaceReadGroups	Processed    66,000,000 records.  Elapsed time: 00:16:53s.  Time for last 1,000,000:   16s.  Last read position: chr12:12,630,924
INFO	2016-05-17 13:20:53	AddOrReplaceReadGroups	Processed    67,000,000 records.  Elapsed time: 00:17:07s.  Time for last 1,000,000:   14s.  Last read position: chr12:49,259,348
INFO	2016-05-17 13:21:12	AddOrReplaceReadGroups	Processed    68,000,000 records.  Elapsed time: 00:17:26s.  Time for last 1,000,000:   18s.  Last read position: chr12:57,109,636
INFO	2016-05-17 13:21:26	AddOrReplaceReadGroups	Processed    69,000,000 records.  Elapsed time: 00:17:41s.  Time for last 1,000,000:   14s.  Last read position: chr12:94,722,146
INFO	2016-05-17 13:21:41	AddOrReplaceReadGroups	Processed    70,000,000 records.  Elapsed time: 00:17:55s.  Time for last 1,000,000:   14s.  Last read position: chr12:116,444,207
INFO	2016-05-17 13:21:55	AddOrReplaceReadGroups	Processed    71,000,000 records.  Elapsed time: 00:18:09s.  Time for last 1,000,000:   14s.  Last read position: chr13:23,904,723
INFO	2016-05-17 13:22:13	AddOrReplaceReadGroups	Processed    72,000,000 records.  Elapsed time: 00:18:27s.  Time for last 1,000,000:   18s.  Last read position: chr13:52,972,112
INFO	2016-05-17 13:22:28	AddOrReplaceReadGroups	Processed    73,000,000 records.  Elapsed time: 00:18:43s.  Time for last 1,000,000:   15s.  Last read position: chr14:20,612,400
INFO	2016-05-17 13:22:47	AddOrReplaceReadGroups	Processed    74,000,000 records.  Elapsed time: 00:19:01s.  Time for last 1,000,000:   18s.  Last read position: chr14:39,760,394
INFO	2016-05-17 13:23:01	AddOrReplaceReadGroups	Processed    75,000,000 records.  Elapsed time: 00:19:15s.  Time for last 1,000,000:   13s.  Last read position: chr14:73,007,994
INFO	2016-05-17 13:23:19	AddOrReplaceReadGroups	Processed    76,000,000 records.  Elapsed time: 00:19:33s.  Time for last 1,000,000:   18s.  Last read position: chr14:101,350,412
INFO	2016-05-17 13:23:33	AddOrReplaceReadGroups	Processed    77,000,000 records.  Elapsed time: 00:19:47s.  Time for last 1,000,000:   13s.  Last read position: chr15:39,875,891
INFO	2016-05-17 13:23:46	AddOrReplaceReadGroups	Processed    78,000,000 records.  Elapsed time: 00:20:00s.  Time for last 1,000,000:   13s.  Last read position: chr15:51,974,006
INFO	2016-05-17 13:23:59	AddOrReplaceReadGroups	Processed    79,000,000 records.  Elapsed time: 00:20:13s.  Time for last 1,000,000:   12s.  Last read position: chr15:74,560,420
INFO	2016-05-17 13:24:17	AddOrReplaceReadGroups	Processed    80,000,000 records.  Elapsed time: 00:20:31s.  Time for last 1,000,000:   18s.  Last read position: chr15:99,672,867
INFO	2016-05-17 13:24:33	AddOrReplaceReadGroups	Processed    81,000,000 records.  Elapsed time: 00:20:47s.  Time for last 1,000,000:   15s.  Last read position: chr16:8,992,239
INFO	2016-05-17 13:24:49	AddOrReplaceReadGroups	Processed    82,000,000 records.  Elapsed time: 00:21:03s.  Time for last 1,000,000:   15s.  Last read position: chr16:30,369,427
INFO	2016-05-17 13:25:02	AddOrReplaceReadGroups	Processed    83,000,000 records.  Elapsed time: 00:21:16s.  Time for last 1,000,000:   13s.  Last read position: chr16:66,599,853
INFO	2016-05-17 13:25:19	AddOrReplaceReadGroups	Processed    84,000,000 records.  Elapsed time: 00:21:33s.  Time for last 1,000,000:   17s.  Last read position: chr16:83,816,880
INFO	2016-05-17 13:25:34	AddOrReplaceReadGroups	Processed    85,000,000 records.  Elapsed time: 00:21:48s.  Time for last 1,000,000:   14s.  Last read position: chr17:5,334,682
INFO	2016-05-17 13:26:03	AddOrReplaceReadGroups	Processed    86,000,000 records.  Elapsed time: 00:22:17s.  Time for last 1,000,000:   28s.  Last read position: chr17:18,004,826
INFO	2016-05-17 13:26:19	AddOrReplaceReadGroups	Processed    87,000,000 records.  Elapsed time: 00:22:34s.  Time for last 1,000,000:   16s.  Last read position: chr17:35,913,304
INFO	2016-05-17 13:26:37	AddOrReplaceReadGroups	Processed    88,000,000 records.  Elapsed time: 00:22:51s.  Time for last 1,000,000:   17s.  Last read position: chr17:43,344,075
INFO	2016-05-17 13:26:51	AddOrReplaceReadGroups	Processed    89,000,000 records.  Elapsed time: 00:23:05s.  Time for last 1,000,000:   13s.  Last read position: chr17:61,899,230
INFO	2016-05-17 13:27:08	AddOrReplaceReadGroups	Processed    90,000,000 records.  Elapsed time: 00:23:22s.  Time for last 1,000,000:   17s.  Last read position: chr17:77,089,686
INFO	2016-05-17 13:27:22	AddOrReplaceReadGroups	Processed    91,000,000 records.  Elapsed time: 00:23:36s.  Time for last 1,000,000:   13s.  Last read position: chr18:21,534,648
INFO	2016-05-17 13:27:38	AddOrReplaceReadGroups	Processed    92,000,000 records.  Elapsed time: 00:23:52s.  Time for last 1,000,000:   16s.  Last read position: chr18:71,814,979
INFO	2016-05-17 13:27:52	AddOrReplaceReadGroups	Processed    93,000,000 records.  Elapsed time: 00:24:06s.  Time for last 1,000,000:   13s.  Last read position: chr19:7,166,200
INFO	2016-05-17 13:28:08	AddOrReplaceReadGroups	Processed    94,000,000 records.  Elapsed time: 00:24:22s.  Time for last 1,000,000:   16s.  Last read position: chr19:14,020,570
INFO	2016-05-17 13:28:21	AddOrReplaceReadGroups	Processed    95,000,000 records.  Elapsed time: 00:24:36s.  Time for last 1,000,000:   13s.  Last read position: chr19:33,239,144
INFO	2016-05-17 13:28:40	AddOrReplaceReadGroups	Processed    96,000,000 records.  Elapsed time: 00:24:54s.  Time for last 1,000,000:   18s.  Last read position: chr19:41,447,964
INFO	2016-05-17 13:28:54	AddOrReplaceReadGroups	Processed    97,000,000 records.  Elapsed time: 00:25:08s.  Time for last 1,000,000:   14s.  Last read position: chr19:49,575,610
INFO	2016-05-17 13:29:13	AddOrReplaceReadGroups	Processed    98,000,000 records.  Elapsed time: 00:25:27s.  Time for last 1,000,000:   18s.  Last read position: chr19:56,300,115
INFO	2016-05-17 13:29:27	AddOrReplaceReadGroups	Processed    99,000,000 records.  Elapsed time: 00:25:41s.  Time for last 1,000,000:   14s.  Last read position: chr20:18,379,218
INFO	2016-05-17 13:29:44	AddOrReplaceReadGroups	Processed   100,000,000 records.  Elapsed time: 00:25:58s.  Time for last 1,000,000:   17s.  Last read position: chr20:42,161,834
INFO	2016-05-17 13:29:58	AddOrReplaceReadGroups	Processed   101,000,000 records.  Elapsed time: 00:26:12s.  Time for last 1,000,000:   13s.  Last read position: chr20:62,297,673
INFO	2016-05-17 13:30:18	AddOrReplaceReadGroups	Processed   102,000,000 records.  Elapsed time: 00:26:32s.  Time for last 1,000,000:   19s.  Last read position: chr21:45,212,588
INFO	2016-05-17 13:30:35	AddOrReplaceReadGroups	Processed   103,000,000 records.  Elapsed time: 00:26:49s.  Time for last 1,000,000:   17s.  Last read position: chr22:28,250,685
INFO	2016-05-17 13:30:49	AddOrReplaceReadGroups	Processed   104,000,000 records.  Elapsed time: 00:27:03s.  Time for last 1,000,000:   13s.  Last read position: chr22:42,209,470
INFO	2016-05-17 13:31:12	AddOrReplaceReadGroups	Processed   105,000,000 records.  Elapsed time: 00:27:26s.  Time for last 1,000,000:   22s.  Last read position: chrX:19,424,683
INFO	2016-05-17 13:31:25	AddOrReplaceReadGroups	Processed   106,000,000 records.  Elapsed time: 00:27:40s.  Time for last 1,000,000:   13s.  Last read position: chrX:53,114,980
INFO	2016-05-17 13:31:43	AddOrReplaceReadGroups	Processed   107,000,000 records.  Elapsed time: 00:27:57s.  Time for last 1,000,000:   17s.  Last read position: chrX:99,890,611
INFO	2016-05-17 13:31:56	AddOrReplaceReadGroups	Processed   108,000,000 records.  Elapsed time: 00:28:11s.  Time for last 1,000,000:   13s.  Last read position: chrX:133,948,845
INFO	2016-05-17 13:32:10	AddOrReplaceReadGroups	Processed   109,000,000 records.  Elapsed time: 00:28:24s.  Time for last 1,000,000:   13s.  Last read position: */*
[Tue May 17 13:32:15 EDT 2016] picard.sam.AddOrReplaceReadGroups done. Elapsed time: 28.50 minutes.
Runtime.totalMemory()=615514112
[Tue May 17 13:32:15 EDT 2016] picard.sam.FixMateInformation INPUT=[p_DS_bkm_119-N/p_DS_bkm_119-N.sorted.MarkDup.fixed.bam] OUTPUT=p_DS_bkm_119-N/p_DS_bkm_119-N.sorted.MarkDup.realn.fixed.bam SORT_ORDER=coordinate TMP_DIR=[tmp/flx] VALIDATION_STRINGENCY=LENIENT CREATE_INDEX=true    ASSUME_SORTED=false ADD_MATE_CIGAR=true IGNORE_MISSING_MATES=true VERBOSITY=INFO QUIET=false COMPRESSION_LEVEL=5 MAX_RECORDS_IN_RAM=500000 CREATE_MD5_FILE=false GA4GH_CLIENT_SECRETS=client_secrets.json
[Tue May 17 13:32:15 EDT 2016] Executing as abdelrahman@compute-1-5.local on Linux 2.6.32-279.14.1.el6.x86_64 amd64; Java HotSpot(TM) 64-Bit Server VM 1.8.0_45-b14; Picard version: 2.3.0(9a00c87b7ffdb01cfb5a0d6e76556146196babb8_1463071327) IntelDeflater
INFO	2016-05-17 13:32:16	FixMateInformation	Sorting input into queryname order.
INFO	2016-05-17 13:55:22	FixMateInformation	Sorting by queryname complete.
INFO	2016-05-17 13:55:22	FixMateInformation	Output will be sorted by coordinate
INFO	2016-05-17 13:55:22	FixMateInformation	Traversing query name sorted records and fixing up mate pair information.
INFO	2016-05-17 13:55:35	FixMateInformation	Processed     1,000,000 records.  Elapsed time: 00:00:12s.  Time for last 1,000,000:   12s.  Last read position: chr1:45,446,727
INFO	2016-05-17 13:55:50	FixMateInformation	Processed     2,000,000 records.  Elapsed time: 00:00:28s.  Time for last 1,000,000:   15s.  Last read position: chr12:9,225,239
INFO	2016-05-17 13:56:03	FixMateInformation	Processed     3,000,000 records.  Elapsed time: 00:00:41s.  Time for last 1,000,000:   13s.  Last read position: chr1:1,284,416
INFO	2016-05-17 13:56:21	FixMateInformation	Processed     4,000,000 records.  Elapsed time: 00:00:59s.  Time for last 1,000,000:   17s.  Last read position: chr11:66,476,443
INFO	2016-05-17 13:56:37	FixMateInformation	Processed     5,000,000 records.  Elapsed time: 00:01:15s.  Time for last 1,000,000:   16s.  Last read position: chr17:64,024,436
INFO	2016-05-17 13:56:53	FixMateInformation	Processed     6,000,000 records.  Elapsed time: 00:01:30s.  Time for last 1,000,000:   15s.  Last read position: chr4:154,525,094
INFO	2016-05-17 13:57:07	FixMateInformation	Processed     7,000,000 records.  Elapsed time: 00:01:45s.  Time for last 1,000,000:   14s.  Last read position: chr17:43,300,217
INFO	2016-05-17 13:57:21	FixMateInformation	Processed     8,000,000 records.  Elapsed time: 00:01:59s.  Time for last 1,000,000:   13s.  Last read position: chr13:46,801,767
INFO	2016-05-17 13:57:35	FixMateInformation	Processed     9,000,000 records.  Elapsed time: 00:02:13s.  Time for last 1,000,000:   14s.  Last read position: chr16:66,956,049
INFO	2016-05-17 13:57:50	FixMateInformation	Processed    10,000,000 records.  Elapsed time: 00:02:28s.  Time for last 1,000,000:   14s.  Last read position: chr5:139,844,174
INFO	2016-05-17 13:58:04	FixMateInformation	Processed    11,000,000 records.  Elapsed time: 00:02:42s.  Time for last 1,000,000:   13s.  Last read position: chr19:2,098,535
INFO	2016-05-17 13:58:21	FixMateInformation	Processed    12,000,000 records.  Elapsed time: 00:02:59s.  Time for last 1,000,000:   16s.  Last read position: chr2:179,669,304
INFO	2016-05-17 13:58:35	FixMateInformation	Processed    13,000,000 records.  Elapsed time: 00:03:13s.  Time for last 1,000,000:   14s.  Last read position: chr6:55,935,628
INFO	2016-05-17 13:58:51	FixMateInformation	Processed    14,000,000 records.  Elapsed time: 00:03:28s.  Time for last 1,000,000:   15s.  Last read position: chr11:126,968,331
INFO	2016-05-17 13:59:04	FixMateInformation	Processed    15,000,000 records.  Elapsed time: 00:03:42s.  Time for last 1,000,000:   13s.  Last read position: chr6:37,450,540
INFO	2016-05-17 13:59:21	FixMateInformation	Processed    16,000,000 records.  Elapsed time: 00:03:59s.  Time for last 1,000,000:   16s.  Last read position: chr17:39,023,013
INFO	2016-05-17 13:59:35	FixMateInformation	Processed    17,000,000 records.  Elapsed time: 00:04:13s.  Time for last 1,000,000:   14s.  Last read position: chr8:62,465,604
INFO	2016-05-17 13:59:51	FixMateInformation	Processed    18,000,000 records.  Elapsed time: 00:04:28s.  Time for last 1,000,000:   15s.  Last read position: chr7:70,353,111
INFO	2016-05-17 14:00:06	FixMateInformation	Processed    19,000,000 records.  Elapsed time: 00:04:44s.  Time for last 1,000,000:   15s.  Last read position: chr6:32,139,062
INFO	2016-05-17 14:00:22	FixMateInformation	Processed    20,000,000 records.  Elapsed time: 00:04:59s.  Time for last 1,000,000:   15s.  Last read position: chr3:54,615,764
INFO	2016-05-17 14:00:37	FixMateInformation	Processed    21,000,000 records.  Elapsed time: 00:05:15s.  Time for last 1,000,000:   15s.  Last read position: chr3:12,209,922
INFO	2016-05-17 14:00:52	FixMateInformation	Processed    22,000,000 records.  Elapsed time: 00:05:29s.  Time for last 1,000,000:   14s.  Last read position: chr18:43,329,822
INFO	2016-05-17 14:01:07	FixMateInformation	Processed    23,000,000 records.  Elapsed time: 00:05:45s.  Time for last 1,000,000:   15s.  Last read position: chr19:49,337,458
INFO	2016-05-17 14:01:22	FixMateInformation	Processed    24,000,000 records.  Elapsed time: 00:06:00s.  Time for last 1,000,000:   14s.  Last read position: chr6:33,156,599
INFO	2016-05-17 14:01:36	FixMateInformation	Processed    25,000,000 records.  Elapsed time: 00:06:14s.  Time for last 1,000,000:   14s.  Last read position: chr11:198,236
INFO	2016-05-17 14:01:51	FixMateInformation	Processed    26,000,000 records.  Elapsed time: 00:06:29s.  Time for last 1,000,000:   15s.  Last read position: chr2:207,572,070
INFO	2016-05-17 14:02:05	FixMateInformation	Processed    27,000,000 records.  Elapsed time: 00:06:43s.  Time for last 1,000,000:   13s.  Last read position: chr3:58,413,847
INFO	2016-05-17 14:02:23	FixMateInformation	Processed    28,000,000 records.  Elapsed time: 00:07:01s.  Time for last 1,000,000:   17s.  Last read position: chr19:10,934,426
INFO	2016-05-17 14:02:37	FixMateInformation	Processed    29,000,000 records.  Elapsed time: 00:07:15s.  Time for last 1,000,000:   14s.  Last read position: chr19:8,180,411
INFO	2016-05-17 14:02:52	FixMateInformation	Processed    30,000,000 records.  Elapsed time: 00:07:30s.  Time for last 1,000,000:   14s.  Last read position: chr18:63,489,416
INFO	2016-05-17 14:03:12	FixMateInformation	Processed    31,000,000 records.  Elapsed time: 00:07:50s.  Time for last 1,000,000:   19s.  Last read position: chr2:169,622,733
INFO	2016-05-17 14:03:27	FixMateInformation	Processed    32,000,000 records.  Elapsed time: 00:08:05s.  Time for last 1,000,000:   14s.  Last read position: chr3:38,125,594
INFO	2016-05-17 14:03:43	FixMateInformation	Processed    33,000,000 records.  Elapsed time: 00:08:21s.  Time for last 1,000,000:   16s.  Last read position: chr4:90,743,422
INFO	2016-05-17 14:04:00	FixMateInformation	Processed    34,000,000 records.  Elapsed time: 00:08:38s.  Time for last 1,000,000:   17s.  Last read position: chr1:186,909,212
INFO	2016-05-17 14:04:19	FixMateInformation	Processed    35,000,000 records.  Elapsed time: 00:08:57s.  Time for last 1,000,000:   18s.  Last read position: chr15:94,025,771
INFO	2016-05-17 14:04:35	FixMateInformation	Processed    36,000,000 records.  Elapsed time: 00:09:13s.  Time for last 1,000,000:   15s.  Last read position: chr2:160,735,449
INFO	2016-05-17 14:04:51	FixMateInformation	Processed    37,000,000 records.  Elapsed time: 00:09:29s.  Time for last 1,000,000:   16s.  Last read position: chr22:36,556,888
INFO	2016-05-17 14:05:07	FixMateInformation	Processed    38,000,000 records.  Elapsed time: 00:09:44s.  Time for last 1,000,000:   15s.  Last read position: chr2:61,753,668
INFO	2016-05-17 14:05:23	FixMateInformation	Processed    39,000,000 records.  Elapsed time: 00:10:01s.  Time for last 1,000,000:   16s.  Last read position: chr9:71,992,425
INFO	2016-05-17 14:05:39	FixMateInformation	Processed    40,000,000 records.  Elapsed time: 00:10:17s.  Time for last 1,000,000:   16s.  Last read position: chr10:116,606,021
INFO	2016-05-17 14:05:56	FixMateInformation	Processed    41,000,000 records.  Elapsed time: 00:10:33s.  Time for last 1,000,000:   16s.  Last read position: chr1:211,441,044
INFO	2016-05-17 14:06:11	FixMateInformation	Processed    42,000,000 records.  Elapsed time: 00:10:48s.  Time for last 1,000,000:   15s.  Last read position: chr1:156,932,849
INFO	2016-05-17 14:06:26	FixMateInformation	Processed    43,000,000 records.  Elapsed time: 00:11:04s.  Time for last 1,000,000:   15s.  Last read position: chr3:151,045,726
INFO	2016-05-17 14:06:40	FixMateInformation	Processed    44,000,000 records.  Elapsed time: 00:11:18s.  Time for last 1,000,000:   13s.  Last read position: chr2:20,237,062
INFO	2016-05-17 14:06:55	FixMateInformation	Processed    45,000,000 records.  Elapsed time: 00:11:33s.  Time for last 1,000,000:   15s.  Last read position: chr12:4,794,395
INFO	2016-05-17 14:07:09	FixMateInformation	Processed    46,000,000 records.  Elapsed time: 00:11:47s.  Time for last 1,000,000:   13s.  Last read position: chr1:57,480,998
INFO	2016-05-17 14:07:27	FixMateInformation	Processed    47,000,000 records.  Elapsed time: 00:12:04s.  Time for last 1,000,000:   17s.  Last read position: chr4:106,473,848
INFO	2016-05-17 14:07:42	FixMateInformation	Processed    48,000,000 records.  Elapsed time: 00:12:20s.  Time for last 1,000,000:   15s.  Last read position: chr6:74,189,698
INFO	2016-05-17 14:07:58	FixMateInformation	Processed    49,000,000 records.  Elapsed time: 00:12:35s.  Time for last 1,000,000:   15s.  Last read position: chr17:8,216,098
INFO	2016-05-17 14:08:12	FixMateInformation	Processed    50,000,000 records.  Elapsed time: 00:12:50s.  Time for last 1,000,000:   14s.  Last read position: chr3:9,798,543
INFO	2016-05-17 14:08:29	FixMateInformation	Processed    51,000,000 records.  Elapsed time: 00:13:07s.  Time for last 1,000,000:   16s.  Last read position: chr5:140,909,105
INFO	2016-05-17 14:08:45	FixMateInformation	Processed    52,000,000 records.  Elapsed time: 00:13:23s.  Time for last 1,000,000:   15s.  Last read position: chr15:91,147,652
INFO	2016-05-17 14:09:00	FixMateInformation	Processed    53,000,000 records.  Elapsed time: 00:13:38s.  Time for last 1,000,000:   15s.  Last read position: chr17:7,216,035
INFO	2016-05-17 14:09:15	FixMateInformation	Processed    54,000,000 records.  Elapsed time: 00:13:53s.  Time for last 1,000,000:   15s.  Last read position: chr12:72,316,964
INFO	2016-05-17 14:09:30	FixMateInformation	Processed    55,000,000 records.  Elapsed time: 00:14:08s.  Time for last 1,000,000:   14s.  Last read position: chr3:56,683,015
INFO	2016-05-17 14:09:42	FixMateInformation	Processed    56,000,000 records.  Elapsed time: 00:14:20s.  Time for last 1,000,000:   12s.  Last read position: chr15:80,988,297
INFO	2016-05-17 14:10:00	FixMateInformation	Processed    57,000,000 records.  Elapsed time: 00:14:38s.  Time for last 1,000,000:   17s.  Last read position: chr11:47,587,517
INFO	2016-05-17 14:10:13	FixMateInformation	Processed    58,000,000 records.  Elapsed time: 00:14:51s.  Time for last 1,000,000:   13s.  Last read position: chr14:24,655,312
INFO	2016-05-17 14:10:27	FixMateInformation	Processed    59,000,000 records.  Elapsed time: 00:15:05s.  Time for last 1,000,000:   13s.  Last read position: chr22:37,707,482
INFO	2016-05-17 14:10:43	FixMateInformation	Processed    60,000,000 records.  Elapsed time: 00:15:21s.  Time for last 1,000,000:   16s.  Last read position: chr5:122,950,113
INFO	2016-05-17 14:10:57	FixMateInformation	Processed    61,000,000 records.  Elapsed time: 00:15:35s.  Time for last 1,000,000:   13s.  Last read position: chr7:144,245,770
INFO	2016-05-17 14:11:13	FixMateInformation	Processed    62,000,000 records.  Elapsed time: 00:15:51s.  Time for last 1,000,000:   16s.  Last read position: chr19:51,647,101
INFO	2016-05-17 14:11:27	FixMateInformation	Processed    63,000,000 records.  Elapsed time: 00:16:05s.  Time for last 1,000,000:   13s.  Last read position: chr11:125,880,384
INFO	2016-05-17 14:11:43	FixMateInformation	Processed    64,000,000 records.  Elapsed time: 00:16:21s.  Time for last 1,000,000:   16s.  Last read position: chr7:29,258,139
INFO	2016-05-17 14:11:57	FixMateInformation	Processed    65,000,000 records.  Elapsed time: 00:16:35s.  Time for last 1,000,000:   14s.  Last read position: chr9:66,500,838
INFO	2016-05-17 14:12:12	FixMateInformation	Processed    66,000,000 records.  Elapsed time: 00:16:50s.  Time for last 1,000,000:   14s.  Last read position: chr11:121,393,376
INFO	2016-05-17 14:12:26	FixMateInformation	Processed    67,000,000 records.  Elapsed time: 00:17:04s.  Time for last 1,000,000:   14s.  Last read position: chr3:193,132,326
INFO	2016-05-17 14:12:42	FixMateInformation	Processed    68,000,000 records.  Elapsed time: 00:17:20s.  Time for last 1,000,000:   15s.  Last read position: chr13:32,868,520
INFO	2016-05-17 14:12:57	FixMateInformation	Processed    69,000,000 records.  Elapsed time: 00:17:35s.  Time for last 1,000,000:   15s.  Last read position: chr14:76,117,836
INFO	2016-05-17 14:13:12	FixMateInformation	Processed    70,000,000 records.  Elapsed time: 00:17:50s.  Time for last 1,000,000:   14s.  Last read position: chr6:135,811,933
INFO	2016-05-17 14:13:27	FixMateInformation	Processed    71,000,000 records.  Elapsed time: 00:18:05s.  Time for last 1,000,000:   14s.  Last read position: chr8:21,947,453
INFO	2016-05-17 14:13:42	FixMateInformation	Processed    72,000,000 records.  Elapsed time: 00:18:19s.  Time for last 1,000,000:   14s.  Last read position: chr16:31,419,030
INFO	2016-05-17 14:13:56	FixMateInformation	Processed    73,000,000 records.  Elapsed time: 00:18:33s.  Time for last 1,000,000:   14s.  Last read position: chr1:20,446,690
INFO	2016-05-17 14:14:12	FixMateInformation	Processed    74,000,000 records.  Elapsed time: 00:18:50s.  Time for last 1,000,000:   16s.  Last read position: chr1:65,016,312
INFO	2016-05-17 14:14:26	FixMateInformation	Processed    75,000,000 records.  Elapsed time: 00:19:04s.  Time for last 1,000,000:   13s.  Last read position: chr3:113,344,894
INFO	2016-05-17 14:14:41	FixMateInformation	Processed    76,000,000 records.  Elapsed time: 00:19:19s.  Time for last 1,000,000:   15s.  Last read position: chr5:79,968,601
INFO	2016-05-17 14:14:55	FixMateInformation	Processed    77,000,000 records.  Elapsed time: 00:19:33s.  Time for last 1,000,000:   14s.  Last read position: chr17:42,744,611
INFO	2016-05-17 14:15:12	FixMateInformation	Processed    78,000,000 records.  Elapsed time: 00:19:50s.  Time for last 1,000,000:   16s.  Last read position: chr2:5,833,919
INFO	2016-05-17 14:15:27	FixMateInformation	Processed    79,000,000 records.  Elapsed time: 00:20:05s.  Time for last 1,000,000:   15s.  Last read position: chr15:81,614,627
INFO	2016-05-17 14:15:42	FixMateInformation	Processed    80,000,000 records.  Elapsed time: 00:20:20s.  Time for last 1,000,000:   14s.  Last read position: chr17:44,952,438
INFO	2016-05-17 14:15:56	FixMateInformation	Processed    81,000,000 records.  Elapsed time: 00:20:33s.  Time for last 1,000,000:   13s.  Last read position: chr6:109,228,833
INFO	2016-05-17 14:16:12	FixMateInformation	Processed    82,000,000 records.  Elapsed time: 00:20:50s.  Time for last 1,000,000:   16s.  Last read position: chr13:46,171,149
INFO	2016-05-17 14:16:28	FixMateInformation	Processed    83,000,000 records.  Elapsed time: 00:21:06s.  Time for last 1,000,000:   16s.  Last read position: chr1:86,146,596
INFO	2016-05-17 14:16:43	FixMateInformation	Processed    84,000,000 records.  Elapsed time: 00:21:21s.  Time for last 1,000,000:   14s.  Last read position: chr19:55,316,184
INFO	2016-05-17 14:16:57	FixMateInformation	Processed    85,000,000 records.  Elapsed time: 00:21:35s.  Time for last 1,000,000:   13s.  Last read position: chr2:139,046,225
INFO	2016-05-17 14:17:12	FixMateInformation	Processed    86,000,000 records.  Elapsed time: 00:21:50s.  Time for last 1,000,000:   14s.  Last read position: chr5:76,696,231
INFO	2016-05-17 14:17:31	FixMateInformation	Processed    87,000,000 records.  Elapsed time: 00:22:09s.  Time for last 1,000,000:   19s.  Last read position: chr22:41,973,342
INFO	2016-05-17 14:17:59	FixMateInformation	Processed    88,000,000 records.  Elapsed time: 00:22:37s.  Time for last 1,000,000:   28s.  Last read position: chr1:220,955,194
INFO	2016-05-17 14:18:13	FixMateInformation	Processed    89,000,000 records.  Elapsed time: 00:22:51s.  Time for last 1,000,000:   14s.  Last read position: chr7:76,063,017
INFO	2016-05-17 14:18:28	FixMateInformation	Processed    90,000,000 records.  Elapsed time: 00:23:06s.  Time for last 1,000,000:   14s.  Last read position: chr4:66,467,839
INFO	2016-05-17 14:18:43	FixMateInformation	Processed    91,000,000 records.  Elapsed time: 00:23:21s.  Time for last 1,000,000:   14s.  Last read position: chr2:39,347,556
INFO	2016-05-17 14:18:58	FixMateInformation	Processed    92,000,000 records.  Elapsed time: 00:23:36s.  Time for last 1,000,000:   15s.  Last read position: chr2:27,317,615
INFO	2016-05-17 14:19:14	FixMateInformation	Processed    93,000,000 records.  Elapsed time: 00:23:51s.  Time for last 1,000,000:   15s.  Last read position: chr16:18,826,546
INFO	2016-05-17 14:19:28	FixMateInformation	Processed    94,000,000 records.  Elapsed time: 00:24:06s.  Time for last 1,000,000:   14s.  Last read position: chr14:22,038,198
INFO	2016-05-17 14:19:45	FixMateInformation	Processed    95,000,000 records.  Elapsed time: 00:24:22s.  Time for last 1,000,000:   16s.  Last read position: chr17:43,351,688
INFO	2016-05-17 14:20:00	FixMateInformation	Processed    96,000,000 records.  Elapsed time: 00:24:38s.  Time for last 1,000,000:   15s.  Last read position: chr16:31,152,661
INFO	2016-05-17 14:20:16	FixMateInformation	Processed    97,000,000 records.  Elapsed time: 00:24:53s.  Time for last 1,000,000:   15s.  Last read position: chrX:73,406,779
INFO	2016-05-17 14:20:32	FixMateInformation	Processed    98,000,000 records.  Elapsed time: 00:25:09s.  Time for last 1,000,000:   16s.  Last read position: chr11:61,732,944
INFO	2016-05-17 14:20:47	FixMateInformation	Processed    99,000,000 records.  Elapsed time: 00:25:25s.  Time for last 1,000,000:   15s.  Last read position: chr14:102,828,902
INFO	2016-05-17 14:21:03	FixMateInformation	Processed   100,000,000 records.  Elapsed time: 00:25:40s.  Time for last 1,000,000:   15s.  Last read position: chr22:22,672,123
INFO	2016-05-17 14:21:19	FixMateInformation	Processed   101,000,000 records.  Elapsed time: 00:25:57s.  Time for last 1,000,000:   16s.  Last read position: chr12:77,214,844
INFO	2016-05-17 14:21:35	FixMateInformation	Processed   102,000,000 records.  Elapsed time: 00:26:13s.  Time for last 1,000,000:   15s.  Last read position: chr10:96,827,199
INFO	2016-05-17 14:21:48	FixMateInformation	Processed   103,000,000 records.  Elapsed time: 00:26:26s.  Time for last 1,000,000:   13s.  Last read position: chr1:18,691,719
INFO	2016-05-17 14:22:04	FixMateInformation	Processed   104,000,000 records.  Elapsed time: 00:26:41s.  Time for last 1,000,000:   15s.  Last read position: chr8:98,731,318
INFO	2016-05-17 14:22:19	FixMateInformation	Processed   105,000,000 records.  Elapsed time: 00:26:57s.  Time for last 1,000,000:   15s.  Last read position: chr4:186,272,770
INFO	2016-05-17 14:22:35	FixMateInformation	Processed   106,000,000 records.  Elapsed time: 00:27:12s.  Time for last 1,000,000:   15s.  Last read position: chr19:50,473,594
INFO	2016-05-17 14:22:48	FixMateInformation	Processed   107,000,000 records.  Elapsed time: 00:27:26s.  Time for last 1,000,000:   13s.  Last read position: chr1:236,748,471
INFO	2016-05-17 14:23:02	FixMateInformation	Processed   108,000,000 records.  Elapsed time: 00:27:40s.  Time for last 1,000,000:   13s.  Last read position: chr5:98,187,426
INFO	2016-05-17 14:23:16	FixMateInformation	Processed   109,000,000 records.  Elapsed time: 00:27:54s.  Time for last 1,000,000:   14s.  Last read position: chr2:219,452,283
INFO	2016-05-17 14:23:27	FixMateInformation	Finished processing reads; re-sorting output file.
[Tue May 17 14:45:13 EDT 2016] picard.sam.FixMateInformation done. Elapsed time: 72.96 minutes.
Runtime.totalMemory()=1430257664
