[Tue May 17 22:37:11 EDT 2016] picard.sam.SortSam INPUT=p_DS_bkm_125-N.sam OUTPUT=p_DS_bkm_125-N/p_DS_bkm_125-N.sorted.bam SORT_ORDER=coordinate TMP_DIR=[tmp_WT] VALIDATION_STRINGENCY=LENIENT CREATE_INDEX=true    VERBOSITY=INFO QUIET=false COMPRESSION_LEVEL=5 MAX_RECORDS_IN_RAM=500000 CREATE_MD5_FILE=false GA4GH_CLIENT_SECRETS=client_secrets.json
[Tue May 17 22:37:11 EDT 2016] Executing as abdelrahman@compute-1-5.local on Linux 2.6.32-279.14.1.el6.x86_64 amd64; Java HotSpot(TM) 64-Bit Server VM 1.8.0_45-b14; Picard version: 2.3.0(9a00c87b7ffdb01cfb5a0d6e76556146196babb8_1463071327) IntelDeflater
INFO	2016-05-17 22:42:30	SortSam	Read    10,000,000 records.  Elapsed time: 00:05:14s.  Time for last 10,000,000:  314s.  Last read position: chr2:197,672,145
INFO	2016-05-17 22:48:00	SortSam	Read    20,000,000 records.  Elapsed time: 00:10:44s.  Time for last 10,000,000:  329s.  Last read position: chr10:27,356,042
INFO	2016-05-17 22:52:55	SortSam	Read    30,000,000 records.  Elapsed time: 00:15:39s.  Time for last 10,000,000:  294s.  Last read position: chr21:40,665,901
INFO	2016-05-17 22:58:50	SortSam	Read    40,000,000 records.  Elapsed time: 00:21:34s.  Time for last 10,000,000:  355s.  Last read position: chr12:52,711,548
INFO	2016-05-17 23:04:40	SortSam	Read    50,000,000 records.  Elapsed time: 00:27:23s.  Time for last 10,000,000:  349s.  Last read position: chr11:66,294,362
INFO	2016-05-17 23:10:09	SortSam	Read    60,000,000 records.  Elapsed time: 00:32:53s.  Time for last 10,000,000:  329s.  Last read position: chr2:61,486,893
INFO	2016-05-17 23:15:47	SortSam	Read    70,000,000 records.  Elapsed time: 00:38:30s.  Time for last 10,000,000:  337s.  Last read position: chr2:122,520,599
INFO	2016-05-17 23:22:46	SortSam	Read    80,000,000 records.  Elapsed time: 00:45:30s.  Time for last 10,000,000:  419s.  Last read position: chr19:51,844,800
INFO	2016-05-17 23:29:07	SortSam	Read    90,000,000 records.  Elapsed time: 00:51:51s.  Time for last 10,000,000:  380s.  Last read position: chr19:34,972,327
INFO	2016-05-17 23:35:16	SortSam	Read   100,000,000 records.  Elapsed time: 00:58:00s.  Time for last 10,000,000:  369s.  Last read position: chr15:76,496,365
INFO	2016-05-17 23:37:39	SortSam	Finished reading inputs, merging and writing to output now.
INFO	2016-05-17 23:44:04	SortSam	Wrote    10,000,000 records from a sorting collection.  Elapsed time: 01:06:48s.  Time for last 10,000,000:  151s.  Last read position: chr1:245,250,040
INFO	2016-05-17 23:46:02	SortSam	Wrote    20,000,000 records from a sorting collection.  Elapsed time: 01:08:46s.  Time for last 10,000,000:  117s.  Last read position: chr3:50,418,516
INFO	2016-05-17 23:48:03	SortSam	Wrote    30,000,000 records from a sorting collection.  Elapsed time: 01:10:46s.  Time for last 10,000,000:  120s.  Last read position: chr5:78,416,995
INFO	2016-05-17 23:49:55	SortSam	Wrote    40,000,000 records from a sorting collection.  Elapsed time: 01:12:39s.  Time for last 10,000,000:  112s.  Last read position: chr7:46,039,746
INFO	2016-05-17 23:51:47	SortSam	Wrote    50,000,000 records from a sorting collection.  Elapsed time: 01:14:31s.  Time for last 10,000,000:  111s.  Last read position: chr9:124,077,695
INFO	2016-05-17 23:53:45	SortSam	Wrote    60,000,000 records from a sorting collection.  Elapsed time: 01:16:28s.  Time for last 10,000,000:  117s.  Last read position: chr11:85,685,763
INFO	2016-05-17 23:55:21	SortSam	Wrote    70,000,000 records from a sorting collection.  Elapsed time: 01:18:04s.  Time for last 10,000,000:   95s.  Last read position: chr14:36,524,813
INFO	2016-05-17 23:57:12	SortSam	Wrote    80,000,000 records from a sorting collection.  Elapsed time: 01:19:56s.  Time for last 10,000,000:  111s.  Last read position: chr17:706,984
INFO	2016-05-17 23:59:00	SortSam	Wrote    90,000,000 records from a sorting collection.  Elapsed time: 01:21:43s.  Time for last 10,000,000:  107s.  Last read position: chr19:32,949,228
INFO	2016-05-18 00:00:47	SortSam	Wrote   100,000,000 records from a sorting collection.  Elapsed time: 01:23:31s.  Time for last 10,000,000:  107s.  Last read position: chrX:43,603,390
[Wed May 18 00:01:34 EDT 2016] picard.sam.SortSam done. Elapsed time: 84.38 minutes.
Runtime.totalMemory()=1785724928
[Wed May 18 00:01:35 EDT 2016] picard.sam.markduplicates.MarkDuplicates INPUT=[p_DS_bkm_125-N/p_DS_bkm_125-N.sorted.bam] OUTPUT=p_DS_bkm_125-N/p_DS_bkm_125-N.sorted.MarkDup.bam METRICS_FILE=MarkDup_metrics TMP_DIR=[tmp] VALIDATION_STRINGENCY=SILENT CREATE_INDEX=true    MAX_SEQUENCES_FOR_DISK_READ_ENDS_MAP=50000 MAX_FILE_HANDLES_FOR_READ_ENDS_MAP=8000 SORTING_COLLECTION_SIZE_RATIO=0.25 REMOVE_SEQUENCING_DUPLICATES=false TAGGING_POLICY=DontTag REMOVE_DUPLICATES=false ASSUME_SORTED=false DUPLICATE_SCORING_STRATEGY=SUM_OF_BASE_QUALITIES PROGRAM_RECORD_ID=MarkDuplicates PROGRAM_GROUP_NAME=MarkDuplicates READ_NAME_REGEX=<optimized capture of last three ':' separated fields as numeric values> OPTICAL_DUPLICATE_PIXEL_DISTANCE=100 VERBOSITY=INFO QUIET=false COMPRESSION_LEVEL=5 MAX_RECORDS_IN_RAM=500000 CREATE_MD5_FILE=false GA4GH_CLIENT_SECRETS=client_secrets.json
[Wed May 18 00:01:35 EDT 2016] Executing as abdelrahman@compute-1-5.local on Linux 2.6.32-279.14.1.el6.x86_64 amd64; Java HotSpot(TM) 64-Bit Server VM 1.8.0_45-b14; Picard version: 2.3.0(9a00c87b7ffdb01cfb5a0d6e76556146196babb8_1463071327) IntelDeflater
INFO	2016-05-18 00:01:35	MarkDuplicates	Start of doWork freeMemory: 502229576; totalMemory: 506462208; maxMemory: 13362528256
INFO	2016-05-18 00:01:35	MarkDuplicates	Reading input file and constructing read end information.
INFO	2016-05-18 00:01:35	MarkDuplicates	Will retain up to 51394339 data points before spilling to disk.
INFO	2016-05-18 00:01:44	MarkDuplicates	Read     1,000,000 records.  Elapsed time: 00:00:08s.  Time for last 1,000,000:    8s.  Last read position: chr1:16,263,926
INFO	2016-05-18 00:01:44	MarkDuplicates	Tracking 3581 as yet unmatched pairs. 529 records in RAM.
INFO	2016-05-18 00:01:50	MarkDuplicates	Read     2,000,000 records.  Elapsed time: 00:00:13s.  Time for last 1,000,000:    5s.  Last read position: chr1:31,421,789
INFO	2016-05-18 00:01:50	MarkDuplicates	Tracking 6380 as yet unmatched pairs. 494 records in RAM.
INFO	2016-05-18 00:01:55	MarkDuplicates	Read     3,000,000 records.  Elapsed time: 00:00:18s.  Time for last 1,000,000:    4s.  Last read position: chr1:45,266,476
INFO	2016-05-18 00:01:55	MarkDuplicates	Tracking 9390 as yet unmatched pairs. 771 records in RAM.
INFO	2016-05-18 00:02:01	MarkDuplicates	Read     4,000,000 records.  Elapsed time: 00:00:25s.  Time for last 1,000,000:    6s.  Last read position: chr1:75,608,969
INFO	2016-05-18 00:02:01	MarkDuplicates	Tracking 13026 as yet unmatched pairs. 810 records in RAM.
INFO	2016-05-18 00:02:07	MarkDuplicates	Read     5,000,000 records.  Elapsed time: 00:00:31s.  Time for last 1,000,000:    6s.  Last read position: chr1:111,860,481
INFO	2016-05-18 00:02:07	MarkDuplicates	Tracking 17192 as yet unmatched pairs. 907 records in RAM.
INFO	2016-05-18 00:02:14	MarkDuplicates	Read     6,000,000 records.  Elapsed time: 00:00:37s.  Time for last 1,000,000:    6s.  Last read position: chr1:152,382,866
INFO	2016-05-18 00:02:14	MarkDuplicates	Tracking 21677 as yet unmatched pairs. 942 records in RAM.
INFO	2016-05-18 00:02:25	MarkDuplicates	Read     7,000,000 records.  Elapsed time: 00:00:48s.  Time for last 1,000,000:   11s.  Last read position: chr1:161,163,957
INFO	2016-05-18 00:02:25	MarkDuplicates	Tracking 23720 as yet unmatched pairs. 818 records in RAM.
INFO	2016-05-18 00:02:30	MarkDuplicates	Read     8,000,000 records.  Elapsed time: 00:00:54s.  Time for last 1,000,000:    5s.  Last read position: chr1:186,957,563
INFO	2016-05-18 00:02:30	MarkDuplicates	Tracking 26972 as yet unmatched pairs. 752 records in RAM.
INFO	2016-05-18 00:02:37	MarkDuplicates	Read     9,000,000 records.  Elapsed time: 00:01:00s.  Time for last 1,000,000:    6s.  Last read position: chr1:215,963,476
INFO	2016-05-18 00:02:37	MarkDuplicates	Tracking 30305 as yet unmatched pairs. 516 records in RAM.
INFO	2016-05-18 00:02:47	MarkDuplicates	Read    10,000,000 records.  Elapsed time: 00:01:11s.  Time for last 1,000,000:   10s.  Last read position: chr1:245,250,040
INFO	2016-05-18 00:02:47	MarkDuplicates	Tracking 33828 as yet unmatched pairs. 151 records in RAM.
INFO	2016-05-18 00:02:57	MarkDuplicates	Read    11,000,000 records.  Elapsed time: 00:01:21s.  Time for last 1,000,000:   10s.  Last read position: chr2:27,665,394
INFO	2016-05-18 00:02:57	MarkDuplicates	Tracking 37315 as yet unmatched pairs. 4416 records in RAM.
INFO	2016-05-18 00:03:02	MarkDuplicates	Read    12,000,000 records.  Elapsed time: 00:01:25s.  Time for last 1,000,000:    4s.  Last read position: chr2:61,310,356
INFO	2016-05-18 00:03:02	MarkDuplicates	Tracking 51491 as yet unmatched pairs. 3627 records in RAM.
INFO	2016-05-18 00:03:16	MarkDuplicates	Read    13,000,000 records.  Elapsed time: 00:01:40s.  Time for last 1,000,000:   14s.  Last read position: chr2:95,962,076
INFO	2016-05-18 00:03:16	MarkDuplicates	Tracking 56770 as yet unmatched pairs. 3259 records in RAM.
INFO	2016-05-18 00:03:21	MarkDuplicates	Read    14,000,000 records.  Elapsed time: 00:01:44s.  Time for last 1,000,000:    4s.  Last read position: chr2:131,797,744
INFO	2016-05-18 00:03:21	MarkDuplicates	Tracking 59959 as yet unmatched pairs. 2927 records in RAM.
INFO	2016-05-18 00:03:31	MarkDuplicates	Read    15,000,000 records.  Elapsed time: 00:01:54s.  Time for last 1,000,000:   10s.  Last read position: chr2:171,674,959
INFO	2016-05-18 00:03:31	MarkDuplicates	Tracking 66552 as yet unmatched pairs. 1984 records in RAM.
INFO	2016-05-18 00:03:36	MarkDuplicates	Read    16,000,000 records.  Elapsed time: 00:01:59s.  Time for last 1,000,000:    5s.  Last read position: chr2:200,233,221
INFO	2016-05-18 00:03:36	MarkDuplicates	Tracking 69161 as yet unmatched pairs. 1464 records in RAM.
INFO	2016-05-18 00:03:53	MarkDuplicates	Read    17,000,000 records.  Elapsed time: 00:02:16s.  Time for last 1,000,000:   16s.  Last read position: chr2:223,505,777
INFO	2016-05-18 00:03:53	MarkDuplicates	Tracking 71373 as yet unmatched pairs. 883 records in RAM.
INFO	2016-05-18 00:03:58	MarkDuplicates	Read    18,000,000 records.  Elapsed time: 00:02:22s.  Time for last 1,000,000:    5s.  Last read position: chr3:8,671,461
INFO	2016-05-18 00:03:58	MarkDuplicates	Tracking 73802 as yet unmatched pairs. 4603 records in RAM.
INFO	2016-05-18 00:04:06	MarkDuplicates	Read    19,000,000 records.  Elapsed time: 00:02:30s.  Time for last 1,000,000:    7s.  Last read position: chr3:39,126,236
INFO	2016-05-18 00:04:06	MarkDuplicates	Tracking 76240 as yet unmatched pairs. 4045 records in RAM.
INFO	2016-05-18 00:04:11	MarkDuplicates	Read    20,000,000 records.  Elapsed time: 00:02:35s.  Time for last 1,000,000:    5s.  Last read position: chr3:50,418,516
INFO	2016-05-18 00:04:11	MarkDuplicates	Tracking 77681 as yet unmatched pairs. 3663 records in RAM.
INFO	2016-05-18 00:04:26	MarkDuplicates	Read    21,000,000 records.  Elapsed time: 00:02:49s.  Time for last 1,000,000:   14s.  Last read position: chr3:97,356,792
INFO	2016-05-18 00:04:26	MarkDuplicates	Tracking 80474 as yet unmatched pairs. 2773 records in RAM.
INFO	2016-05-18 00:04:31	MarkDuplicates	Read    22,000,000 records.  Elapsed time: 00:02:54s.  Time for last 1,000,000:    5s.  Last read position: chr3:126,915,927
INFO	2016-05-18 00:04:31	MarkDuplicates	Tracking 82629 as yet unmatched pairs. 2190 records in RAM.
INFO	2016-05-18 00:04:36	MarkDuplicates	Read    23,000,000 records.  Elapsed time: 00:02:59s.  Time for last 1,000,000:    5s.  Last read position: chr3:158,539,873
INFO	2016-05-18 00:04:36	MarkDuplicates	Tracking 84774 as yet unmatched pairs. 1242 records in RAM.
INFO	2016-05-18 00:04:40	MarkDuplicates	Read    24,000,000 records.  Elapsed time: 00:03:04s.  Time for last 1,000,000:    4s.  Last read position: chr3:196,281,271
INFO	2016-05-18 00:04:40	MarkDuplicates	Tracking 87156 as yet unmatched pairs. 277 records in RAM.
INFO	2016-05-18 00:04:51	MarkDuplicates	Read    25,000,000 records.  Elapsed time: 00:03:15s.  Time for last 1,000,000:   10s.  Last read position: chr4:36,345,219
INFO	2016-05-18 00:04:51	MarkDuplicates	Tracking 89340 as yet unmatched pairs. 5390 records in RAM.
INFO	2016-05-18 00:04:56	MarkDuplicates	Read    26,000,000 records.  Elapsed time: 00:03:20s.  Time for last 1,000,000:    5s.  Last read position: chr4:77,818,665
INFO	2016-05-18 00:04:56	MarkDuplicates	Tracking 93241 as yet unmatched pairs. 3641 records in RAM.
INFO	2016-05-18 00:05:11	MarkDuplicates	Read    27,000,000 records.  Elapsed time: 00:03:34s.  Time for last 1,000,000:   14s.  Last read position: chr4:120,422,362
INFO	2016-05-18 00:05:11	MarkDuplicates	Tracking 95649 as yet unmatched pairs. 2229 records in RAM.
INFO	2016-05-18 00:05:15	MarkDuplicates	Read    28,000,000 records.  Elapsed time: 00:03:39s.  Time for last 1,000,000:    4s.  Last read position: chr4:173,269,621
INFO	2016-05-18 00:05:15	MarkDuplicates	Tracking 97892 as yet unmatched pairs. 783 records in RAM.
INFO	2016-05-18 00:05:22	MarkDuplicates	Read    29,000,000 records.  Elapsed time: 00:03:45s.  Time for last 1,000,000:    6s.  Last read position: chr5:36,171,669
INFO	2016-05-18 00:05:22	MarkDuplicates	Tracking 100187 as yet unmatched pairs. 5969 records in RAM.
INFO	2016-05-18 00:05:26	MarkDuplicates	Read    30,000,000 records.  Elapsed time: 00:03:50s.  Time for last 1,000,000:    4s.  Last read position: chr5:78,416,995
INFO	2016-05-18 00:05:26	MarkDuplicates	Tracking 101837 as yet unmatched pairs. 4183 records in RAM.
INFO	2016-05-18 00:05:33	MarkDuplicates	Read    31,000,000 records.  Elapsed time: 00:03:57s.  Time for last 1,000,000:    6s.  Last read position: chr5:131,721,054
INFO	2016-05-18 00:05:33	MarkDuplicates	Tracking 103925 as yet unmatched pairs. 2570 records in RAM.
INFO	2016-05-18 00:05:38	MarkDuplicates	Read    32,000,000 records.  Elapsed time: 00:04:02s.  Time for last 1,000,000:    5s.  Last read position: chr5:148,790,736
INFO	2016-05-18 00:05:38	MarkDuplicates	Tracking 104867 as yet unmatched pairs. 1481 records in RAM.
INFO	2016-05-18 00:05:50	MarkDuplicates	Read    33,000,000 records.  Elapsed time: 00:04:13s.  Time for last 1,000,000:   11s.  Last read position: chr5:178,395,803
INFO	2016-05-18 00:05:50	MarkDuplicates	Tracking 106120 as yet unmatched pairs. 272 records in RAM.
INFO	2016-05-18 00:05:54	MarkDuplicates	Read    34,000,000 records.  Elapsed time: 00:04:18s.  Time for last 1,000,000:    4s.  Last read position: chr6:28,889,752
INFO	2016-05-18 00:05:54	MarkDuplicates	Tracking 107284 as yet unmatched pairs. 6771 records in RAM.
INFO	2016-05-18 00:05:59	MarkDuplicates	Read    35,000,000 records.  Elapsed time: 00:04:23s.  Time for last 1,000,000:    4s.  Last read position: chr6:36,043,532
INFO	2016-05-18 00:05:59	MarkDuplicates	Tracking 107885 as yet unmatched pairs. 6079 records in RAM.
INFO	2016-05-18 00:06:04	MarkDuplicates	Read    36,000,000 records.  Elapsed time: 00:04:27s.  Time for last 1,000,000:    4s.  Last read position: chr6:56,504,295
INFO	2016-05-18 00:06:04	MarkDuplicates	Tracking 108717 as yet unmatched pairs. 4931 records in RAM.
INFO	2016-05-18 00:06:11	MarkDuplicates	Read    37,000,000 records.  Elapsed time: 00:04:34s.  Time for last 1,000,000:    7s.  Last read position: chr6:109,849,685
INFO	2016-05-18 00:06:11	MarkDuplicates	Tracking 110050 as yet unmatched pairs. 3201 records in RAM.
INFO	2016-05-18 00:06:15	MarkDuplicates	Read    38,000,000 records.  Elapsed time: 00:04:39s.  Time for last 1,000,000:    4s.  Last read position: chr6:149,925,745
INFO	2016-05-18 00:06:15	MarkDuplicates	Tracking 111032 as yet unmatched pairs. 1318 records in RAM.
INFO	2016-05-18 00:06:27	MarkDuplicates	Read    39,000,000 records.  Elapsed time: 00:04:51s.  Time for last 1,000,000:   12s.  Last read position: chr7:6,628,532
INFO	2016-05-18 00:06:27	MarkDuplicates	Tracking 111789 as yet unmatched pairs. 8637 records in RAM.
INFO	2016-05-18 00:06:32	MarkDuplicates	Read    40,000,000 records.  Elapsed time: 00:04:55s.  Time for last 1,000,000:    4s.  Last read position: chr7:46,039,746
INFO	2016-05-18 00:06:32	MarkDuplicates	Tracking 112403 as yet unmatched pairs. 6883 records in RAM.
INFO	2016-05-18 00:06:37	MarkDuplicates	Read    41,000,000 records.  Elapsed time: 00:05:00s.  Time for last 1,000,000:    5s.  Last read position: chr7:93,623,789
INFO	2016-05-18 00:06:37	MarkDuplicates	Tracking 113524 as yet unmatched pairs. 4477 records in RAM.
INFO	2016-05-18 00:06:41	MarkDuplicates	Read    42,000,000 records.  Elapsed time: 00:05:04s.  Time for last 1,000,000:    4s.  Last read position: chr7:115,580,502
INFO	2016-05-18 00:06:41	MarkDuplicates	Tracking 114031 as yet unmatched pairs. 2834 records in RAM.
INFO	2016-05-18 00:06:48	MarkDuplicates	Read    43,000,000 records.  Elapsed time: 00:05:12s.  Time for last 1,000,000:    7s.  Last read position: chr7:143,078,858
INFO	2016-05-18 00:06:48	MarkDuplicates	Tracking 114620 as yet unmatched pairs. 1118 records in RAM.
INFO	2016-05-18 00:06:53	MarkDuplicates	Read    44,000,000 records.  Elapsed time: 00:05:17s.  Time for last 1,000,000:    4s.  Last read position: chr8:19,709,259
INFO	2016-05-18 00:06:53	MarkDuplicates	Tracking 115079 as yet unmatched pairs. 7168 records in RAM.
INFO	2016-05-18 00:07:06	MarkDuplicates	Read    45,000,000 records.  Elapsed time: 00:05:30s.  Time for last 1,000,000:   13s.  Last read position: chr8:52,336,204
INFO	2016-05-18 00:07:06	MarkDuplicates	Tracking 115513 as yet unmatched pairs. 5117 records in RAM.
INFO	2016-05-18 00:07:10	MarkDuplicates	Read    46,000,000 records.  Elapsed time: 00:05:34s.  Time for last 1,000,000:    3s.  Last read position: chr8:101,059,764
INFO	2016-05-18 00:07:10	MarkDuplicates	Tracking 115743 as yet unmatched pairs. 2779 records in RAM.
INFO	2016-05-18 00:07:16	MarkDuplicates	Read    47,000,000 records.  Elapsed time: 00:05:39s.  Time for last 1,000,000:    5s.  Last read position: chr8:144,899,638
INFO	2016-05-18 00:07:16	MarkDuplicates	Tracking 115855 as yet unmatched pairs. 437 records in RAM.
INFO	2016-05-18 00:07:20	MarkDuplicates	Read    48,000,000 records.  Elapsed time: 00:05:44s.  Time for last 1,000,000:    4s.  Last read position: chr9:34,610,787
INFO	2016-05-18 00:07:20	MarkDuplicates	Tracking 115690 as yet unmatched pairs. 6873 records in RAM.
INFO	2016-05-18 00:07:28	MarkDuplicates	Read    49,000,000 records.  Elapsed time: 00:05:51s.  Time for last 1,000,000:    7s.  Last read position: chr9:95,388,450
INFO	2016-05-18 00:07:28	MarkDuplicates	Tracking 115630 as yet unmatched pairs. 3922 records in RAM.
INFO	2016-05-18 00:07:32	MarkDuplicates	Read    50,000,000 records.  Elapsed time: 00:05:55s.  Time for last 1,000,000:    3s.  Last read position: chr9:124,077,695
INFO	2016-05-18 00:07:32	MarkDuplicates	Tracking 115526 as yet unmatched pairs. 2127 records in RAM.
INFO	2016-05-18 00:07:44	MarkDuplicates	Read    51,000,000 records.  Elapsed time: 00:06:07s.  Time for last 1,000,000:   12s.  Last read position: chr9:137,806,214
INFO	2016-05-18 00:07:44	MarkDuplicates	Tracking 115326 as yet unmatched pairs. 606 records in RAM.
INFO	2016-05-18 00:08:54	MarkDuplicates	Read    52,000,000 records.  Elapsed time: 00:07:17s.  Time for last 1,000,000:   70s.  Last read position: chr10:23,321,858
INFO	2016-05-18 00:08:54	MarkDuplicates	Tracking 114973 as yet unmatched pairs. 10780 records in RAM.
INFO	2016-05-18 00:08:59	MarkDuplicates	Read    53,000,000 records.  Elapsed time: 00:07:22s.  Time for last 1,000,000:    4s.  Last read position: chr10:69,935,294
INFO	2016-05-18 00:08:59	MarkDuplicates	Tracking 114662 as yet unmatched pairs. 6066 records in RAM.
INFO	2016-05-18 00:09:03	MarkDuplicates	Read    54,000,000 records.  Elapsed time: 00:07:27s.  Time for last 1,000,000:    4s.  Last read position: chr10:96,282,210
INFO	2016-05-18 00:09:03	MarkDuplicates	Tracking 114065 as yet unmatched pairs. 3926 records in RAM.
INFO	2016-05-18 00:09:10	MarkDuplicates	Read    55,000,000 records.  Elapsed time: 00:07:34s.  Time for last 1,000,000:    6s.  Last read position: chr10:118,439,342
INFO	2016-05-18 00:09:10	MarkDuplicates	Tracking 113295 as yet unmatched pairs. 1480 records in RAM.
INFO	2016-05-18 00:09:16	MarkDuplicates	Read    56,000,000 records.  Elapsed time: 00:07:40s.  Time for last 1,000,000:    5s.  Last read position: chr11:3,038,086
INFO	2016-05-18 00:09:16	MarkDuplicates	Tracking 112529 as yet unmatched pairs. 11525 records in RAM.
INFO	2016-05-18 00:09:23	MarkDuplicates	Read    57,000,000 records.  Elapsed time: 00:07:47s.  Time for last 1,000,000:    7s.  Last read position: chr11:20,065,619
INFO	2016-05-18 00:09:23	MarkDuplicates	Tracking 111976 as yet unmatched pairs. 9859 records in RAM.
INFO	2016-05-18 00:09:28	MarkDuplicates	Read    58,000,000 records.  Elapsed time: 00:07:51s.  Time for last 1,000,000:    4s.  Last read position: chr11:57,876,926
INFO	2016-05-18 00:09:28	MarkDuplicates	Tracking 111310 as yet unmatched pairs. 7223 records in RAM.
INFO	2016-05-18 00:09:36	MarkDuplicates	Read    59,000,000 records.  Elapsed time: 00:08:00s.  Time for last 1,000,000:    8s.  Last read position: chr11:65,793,796
INFO	2016-05-18 00:09:36	MarkDuplicates	Tracking 110759 as yet unmatched pairs. 5812 records in RAM.
INFO	2016-05-18 00:09:41	MarkDuplicates	Read    60,000,000 records.  Elapsed time: 00:08:04s.  Time for last 1,000,000:    4s.  Last read position: chr11:85,685,763
INFO	2016-05-18 00:09:41	MarkDuplicates	Tracking 110181 as yet unmatched pairs. 3939 records in RAM.
INFO	2016-05-18 00:09:45	MarkDuplicates	Read    61,000,000 records.  Elapsed time: 00:08:09s.  Time for last 1,000,000:    4s.  Last read position: chr11:118,375,914
INFO	2016-05-18 00:09:45	MarkDuplicates	Tracking 109243 as yet unmatched pairs. 1597 records in RAM.
INFO	2016-05-18 00:09:52	MarkDuplicates	Read    62,000,000 records.  Elapsed time: 00:08:16s.  Time for last 1,000,000:    6s.  Last read position: chr12:4,920,067
INFO	2016-05-18 00:09:52	MarkDuplicates	Tracking 108440 as yet unmatched pairs. 13059 records in RAM.
INFO	2016-05-18 00:09:57	MarkDuplicates	Read    63,000,000 records.  Elapsed time: 00:08:21s.  Time for last 1,000,000:    5s.  Last read position: chr12:31,540,686
INFO	2016-05-18 00:09:57	MarkDuplicates	Tracking 107496 as yet unmatched pairs. 10897 records in RAM.
INFO	2016-05-18 00:10:03	MarkDuplicates	Read    64,000,000 records.  Elapsed time: 00:08:27s.  Time for last 1,000,000:    6s.  Last read position: chr12:53,823,931
INFO	2016-05-18 00:10:03	MarkDuplicates	Tracking 106483 as yet unmatched pairs. 8718 records in RAM.
INFO	2016-05-18 00:10:09	MarkDuplicates	Read    65,000,000 records.  Elapsed time: 00:08:32s.  Time for last 1,000,000:    5s.  Last read position: chr12:72,956,706
INFO	2016-05-18 00:10:09	MarkDuplicates	Tracking 104972 as yet unmatched pairs. 5842 records in RAM.
INFO	2016-05-18 00:10:14	MarkDuplicates	Read    66,000,000 records.  Elapsed time: 00:08:38s.  Time for last 1,000,000:    5s.  Last read position: chr12:110,641,443
INFO	2016-05-18 00:10:14	MarkDuplicates	Tracking 103348 as yet unmatched pairs. 2683 records in RAM.
INFO	2016-05-18 00:10:18	MarkDuplicates	Read    67,000,000 records.  Elapsed time: 00:08:42s.  Time for last 1,000,000:    3s.  Last read position: chr12:132,627,393
INFO	2016-05-18 00:10:18	MarkDuplicates	Tracking 102112 as yet unmatched pairs. 247 records in RAM.
INFO	2016-05-18 00:10:29	MarkDuplicates	Read    68,000,000 records.  Elapsed time: 00:08:53s.  Time for last 1,000,000:   10s.  Last read position: chr13:48,892,083
INFO	2016-05-18 00:10:29	MarkDuplicates	Tracking 100463 as yet unmatched pairs. 4204 records in RAM.
INFO	2016-05-18 00:10:33	MarkDuplicates	Read    69,000,000 records.  Elapsed time: 00:08:57s.  Time for last 1,000,000:    4s.  Last read position: chr13:113,769,952
INFO	2016-05-18 00:10:33	MarkDuplicates	Tracking 98392 as yet unmatched pairs. 338 records in RAM.
INFO	2016-05-18 00:10:38	MarkDuplicates	Read    70,000,000 records.  Elapsed time: 00:09:02s.  Time for last 1,000,000:    5s.  Last read position: chr14:36,524,813
INFO	2016-05-18 00:10:38	MarkDuplicates	Tracking 96836 as yet unmatched pairs. 6977 records in RAM.
INFO	2016-05-18 00:10:43	MarkDuplicates	Read    71,000,000 records.  Elapsed time: 00:09:07s.  Time for last 1,000,000:    5s.  Last read position: chr14:72,190,310
INFO	2016-05-18 00:10:43	MarkDuplicates	Tracking 94970 as yet unmatched pairs. 3973 records in RAM.
INFO	2016-05-18 00:10:50	MarkDuplicates	Read    72,000,000 records.  Elapsed time: 00:09:14s.  Time for last 1,000,000:    6s.  Last read position: chr14:102,028,116
INFO	2016-05-18 00:10:50	MarkDuplicates	Tracking 93099 as yet unmatched pairs. 976 records in RAM.
INFO	2016-05-18 00:10:56	MarkDuplicates	Read    73,000,000 records.  Elapsed time: 00:09:19s.  Time for last 1,000,000:    5s.  Last read position: chr15:40,751,045
INFO	2016-05-18 00:10:56	MarkDuplicates	Tracking 91234 as yet unmatched pairs. 7877 records in RAM.
INFO	2016-05-18 00:11:02	MarkDuplicates	Read    74,000,000 records.  Elapsed time: 00:09:25s.  Time for last 1,000,000:    5s.  Last read position: chr15:56,993,167
INFO	2016-05-18 00:11:02	MarkDuplicates	Tracking 89449 as yet unmatched pairs. 5294 records in RAM.
INFO	2016-05-18 00:11:06	MarkDuplicates	Read    75,000,000 records.  Elapsed time: 00:09:29s.  Time for last 1,000,000:    4s.  Last read position: chr15:78,575,957
INFO	2016-05-18 00:11:06	MarkDuplicates	Tracking 87349 as yet unmatched pairs. 2306 records in RAM.
INFO	2016-05-18 00:11:18	MarkDuplicates	Read    76,000,000 records.  Elapsed time: 00:09:41s.  Time for last 1,000,000:   12s.  Last read position: chr16:843,489
INFO	2016-05-18 00:11:18	MarkDuplicates	Tracking 85492 as yet unmatched pairs. 12983 records in RAM.
INFO	2016-05-18 00:11:22	MarkDuplicates	Read    77,000,000 records.  Elapsed time: 00:09:46s.  Time for last 1,000,000:    4s.  Last read position: chr16:19,545,288
INFO	2016-05-18 00:11:22	MarkDuplicates	Tracking 83389 as yet unmatched pairs. 10204 records in RAM.
INFO	2016-05-18 00:11:28	MarkDuplicates	Read    78,000,000 records.  Elapsed time: 00:09:51s.  Time for last 1,000,000:    5s.  Last read position: chr16:46,587,873
INFO	2016-05-18 00:11:28	MarkDuplicates	Tracking 80668 as yet unmatched pairs. 5830 records in RAM.
INFO	2016-05-18 00:11:32	MarkDuplicates	Read    79,000,000 records.  Elapsed time: 00:09:56s.  Time for last 1,000,000:    4s.  Last read position: chr16:69,496,474
INFO	2016-05-18 00:11:32	MarkDuplicates	Tracking 78636 as yet unmatched pairs. 3109 records in RAM.
INFO	2016-05-18 00:11:40	MarkDuplicates	Read    80,000,000 records.  Elapsed time: 00:10:03s.  Time for last 1,000,000:    7s.  Last read position: chr17:706,984
INFO	2016-05-18 00:11:40	MarkDuplicates	Tracking 76160 as yet unmatched pairs. 14620 records in RAM.
INFO	2016-05-18 00:11:44	MarkDuplicates	Read    81,000,000 records.  Elapsed time: 00:10:08s.  Time for last 1,000,000:    4s.  Last read position: chr17:8,219,005
INFO	2016-05-18 00:11:44	MarkDuplicates	Tracking 74668 as yet unmatched pairs. 12746 records in RAM.
INFO	2016-05-18 00:11:50	MarkDuplicates	Read    82,000,000 records.  Elapsed time: 00:10:13s.  Time for last 1,000,000:    5s.  Last read position: chr17:28,417,521
INFO	2016-05-18 00:11:50	MarkDuplicates	Tracking 72549 as yet unmatched pairs. 9981 records in RAM.
INFO	2016-05-18 00:11:54	MarkDuplicates	Read    83,000,000 records.  Elapsed time: 00:10:17s.  Time for last 1,000,000:    4s.  Last read position: chr17:40,835,690
INFO	2016-05-18 00:11:54	MarkDuplicates	Tracking 70281 as yet unmatched pairs. 7228 records in RAM.
INFO	2016-05-18 00:11:58	MarkDuplicates	Read    84,000,000 records.  Elapsed time: 00:10:21s.  Time for last 1,000,000:    3s.  Last read position: chr17:56,676,511
INFO	2016-05-18 00:11:58	MarkDuplicates	Tracking 67976 as yet unmatched pairs. 4377 records in RAM.
INFO	2016-05-18 00:12:09	MarkDuplicates	Read    85,000,000 records.  Elapsed time: 00:10:33s.  Time for last 1,000,000:   11s.  Last read position: chr17:74,261,849
INFO	2016-05-18 00:12:09	MarkDuplicates	Tracking 65667 as yet unmatched pairs. 1518 records in RAM.
INFO	2016-05-18 00:12:14	MarkDuplicates	Read    86,000,000 records.  Elapsed time: 00:10:38s.  Time for last 1,000,000:    5s.  Last read position: chr18:13,019,013
INFO	2016-05-18 00:12:14	MarkDuplicates	Tracking 63508 as yet unmatched pairs. 6855 records in RAM.
INFO	2016-05-18 00:12:20	MarkDuplicates	Read    87,000,000 records.  Elapsed time: 00:10:43s.  Time for last 1,000,000:    5s.  Last read position: chr18:60,241,985
INFO	2016-05-18 00:12:20	MarkDuplicates	Tracking 59162 as yet unmatched pairs. 1676 records in RAM.
INFO	2016-05-18 00:12:24	MarkDuplicates	Read    88,000,000 records.  Elapsed time: 00:10:48s.  Time for last 1,000,000:    4s.  Last read position: chr19:6,004,204
INFO	2016-05-18 00:12:24	MarkDuplicates	Tracking 56230 as yet unmatched pairs. 14465 records in RAM.
INFO	2016-05-18 00:12:31	MarkDuplicates	Read    89,000,000 records.  Elapsed time: 00:10:54s.  Time for last 1,000,000:    6s.  Last read position: chr19:13,184,487
INFO	2016-05-18 00:12:31	MarkDuplicates	Tracking 54061 as yet unmatched pairs. 12023 records in RAM.
INFO	2016-05-18 00:12:35	MarkDuplicates	Read    90,000,000 records.  Elapsed time: 00:10:59s.  Time for last 1,000,000:    4s.  Last read position: chr19:32,949,228
INFO	2016-05-18 00:12:35	MarkDuplicates	Tracking 50557 as yet unmatched pairs. 8117 records in RAM.
INFO	2016-05-18 00:12:41	MarkDuplicates	Read    91,000,000 records.  Elapsed time: 00:11:05s.  Time for last 1,000,000:    5s.  Last read position: chr19:41,850,845
INFO	2016-05-18 00:12:41	MarkDuplicates	Tracking 48180 as yet unmatched pairs. 5473 records in RAM.
INFO	2016-05-18 00:12:46	MarkDuplicates	Read    92,000,000 records.  Elapsed time: 00:11:09s.  Time for last 1,000,000:    4s.  Last read position: chr19:50,063,358
INFO	2016-05-18 00:12:46	MarkDuplicates	Tracking 45860 as yet unmatched pairs. 2906 records in RAM.
INFO	2016-05-18 00:12:58	MarkDuplicates	Read    93,000,000 records.  Elapsed time: 00:11:21s.  Time for last 1,000,000:   11s.  Last read position: chr19:57,932,565
INFO	2016-05-18 00:12:58	MarkDuplicates	Tracking 43629 as yet unmatched pairs. 413 records in RAM.
INFO	2016-05-18 00:13:03	MarkDuplicates	Read    94,000,000 records.  Elapsed time: 00:11:27s.  Time for last 1,000,000:    5s.  Last read position: chr20:26,189,994
INFO	2016-05-18 00:13:03	MarkDuplicates	Tracking 41121 as yet unmatched pairs. 6112 records in RAM.
INFO	2016-05-18 00:13:08	MarkDuplicates	Read    95,000,000 records.  Elapsed time: 00:11:32s.  Time for last 1,000,000:    4s.  Last read position: chr20:45,757,474
INFO	2016-05-18 00:13:08	MarkDuplicates	Tracking 37812 as yet unmatched pairs. 2373 records in RAM.
INFO	2016-05-18 00:13:13	MarkDuplicates	Read    96,000,000 records.  Elapsed time: 00:11:36s.  Time for last 1,000,000:    4s.  Last read position: chr21:30,402,937
INFO	2016-05-18 00:13:13	MarkDuplicates	Tracking 32840 as yet unmatched pairs. 2994 records in RAM.
INFO	2016-05-18 00:13:19	MarkDuplicates	Read    97,000,000 records.  Elapsed time: 00:11:42s.  Time for last 1,000,000:    6s.  Last read position: chr22:19,119,279
INFO	2016-05-18 00:13:19	MarkDuplicates	Tracking 29821 as yet unmatched pairs. 6118 records in RAM.
INFO	2016-05-18 00:13:24	MarkDuplicates	Read    98,000,000 records.  Elapsed time: 00:11:47s.  Time for last 1,000,000:    5s.  Last read position: chr22:35,817,428
INFO	2016-05-18 00:13:24	MarkDuplicates	Tracking 26937 as yet unmatched pairs. 3066 records in RAM.
INFO	2016-05-18 00:13:31	MarkDuplicates	Read    99,000,000 records.  Elapsed time: 00:11:54s.  Time for last 1,000,000:    6s.  Last read position: chr22:50,911,799
INFO	2016-05-18 00:13:31	MarkDuplicates	Tracking 24159 as yet unmatched pairs. 154 records in RAM.
INFO	2016-05-18 00:13:35	MarkDuplicates	Read   100,000,000 records.  Elapsed time: 00:11:59s.  Time for last 1,000,000:    4s.  Last read position: chrX:43,603,390
INFO	2016-05-18 00:13:35	MarkDuplicates	Tracking 19692 as yet unmatched pairs. 13644 records in RAM.
INFO	2016-05-18 00:13:40	MarkDuplicates	Read   101,000,000 records.  Elapsed time: 00:12:04s.  Time for last 1,000,000:    4s.  Last read position: chrX:70,607,270
INFO	2016-05-18 00:13:40	MarkDuplicates	Tracking 15801 as yet unmatched pairs. 9733 records in RAM.
INFO	2016-05-18 00:13:53	MarkDuplicates	Read   102,000,000 records.  Elapsed time: 00:12:16s.  Time for last 1,000,000:   12s.  Last read position: chrX:117,731,370
INFO	2016-05-18 00:13:53	MarkDuplicates	Tracking 11094 as yet unmatched pairs. 4989 records in RAM.
INFO	2016-05-18 00:13:57	MarkDuplicates	Read   103,000,000 records.  Elapsed time: 00:12:21s.  Time for last 1,000,000:    4s.  Last read position: chrX:153,594,990
INFO	2016-05-18 00:13:57	MarkDuplicates	Tracking 6627 as yet unmatched pairs. 493 records in RAM.
INFO	2016-05-18 00:13:59	MarkDuplicates	Read 103173068 records. 0 pairs never matched.
INFO	2016-05-18 00:15:10	MarkDuplicates	After buildSortedReadEndLists freeMemory: 9211781312; totalMemory: 13195280384; maxMemory: 13362528256
INFO	2016-05-18 00:15:10	MarkDuplicates	Will retain up to 417579008 duplicate indices before spilling to disk.
INFO	2016-05-18 00:15:11	MarkDuplicates	Traversing read pair information and detecting duplicates.
INFO	2016-05-18 00:15:21	MarkDuplicates	Traversing fragment information and detecting duplicates.
INFO	2016-05-18 00:16:36	MarkDuplicates	Sorting list of duplicate records.
INFO	2016-05-18 00:16:37	MarkDuplicates	After generateDuplicateIndexes freeMemory: 6571788912; totalMemory: 10000793600; maxMemory: 13362528256
INFO	2016-05-18 00:16:37	MarkDuplicates	Marking 7279144 records as duplicates.
INFO	2016-05-18 00:16:37	MarkDuplicates	Found 2013 optical duplicate clusters.
INFO	2016-05-18 00:16:37	MarkDuplicates	Reads are assumed to be ordered by: coordinate
INFO	2016-05-18 00:19:00	MarkDuplicates	Written    10,000,000 records.  Elapsed time: 00:02:22s.  Time for last 10,000,000:  142s.  Last read position: chr1:245,250,040
INFO	2016-05-18 00:21:26	MarkDuplicates	Written    20,000,000 records.  Elapsed time: 00:04:48s.  Time for last 10,000,000:  145s.  Last read position: chr3:50,418,516
INFO	2016-05-18 00:23:55	MarkDuplicates	Written    30,000,000 records.  Elapsed time: 00:07:17s.  Time for last 10,000,000:  148s.  Last read position: chr5:78,416,995
INFO	2016-05-18 00:26:23	MarkDuplicates	Written    40,000,000 records.  Elapsed time: 00:09:45s.  Time for last 10,000,000:  147s.  Last read position: chr7:46,039,746
INFO	2016-05-18 00:28:50	MarkDuplicates	Written    50,000,000 records.  Elapsed time: 00:12:12s.  Time for last 10,000,000:  147s.  Last read position: chr9:124,077,695
INFO	2016-05-18 00:31:10	MarkDuplicates	Written    60,000,000 records.  Elapsed time: 00:14:32s.  Time for last 10,000,000:  140s.  Last read position: chr11:85,685,763
INFO	2016-05-18 00:33:38	MarkDuplicates	Written    70,000,000 records.  Elapsed time: 00:17:00s.  Time for last 10,000,000:  147s.  Last read position: chr14:36,524,813
INFO	2016-05-18 00:35:59	MarkDuplicates	Written    80,000,000 records.  Elapsed time: 00:19:21s.  Time for last 10,000,000:  141s.  Last read position: chr17:706,984
INFO	2016-05-18 00:38:29	MarkDuplicates	Written    90,000,000 records.  Elapsed time: 00:21:51s.  Time for last 10,000,000:  149s.  Last read position: chr19:32,949,228
INFO	2016-05-18 00:48:32	MarkDuplicates	Written   100,000,000 records.  Elapsed time: 00:31:54s.  Time for last 10,000,000:  602s.  Last read position: chrX:43,603,390
INFO	2016-05-18 00:49:27	MarkDuplicates	Before output close freeMemory: 10183166480; totalMemory: 10277617664; maxMemory: 13362528256
INFO	2016-05-18 00:49:29	MarkDuplicates	After output close freeMemory: 10153281112; totalMemory: 10247733248; maxMemory: 13362528256
[Wed May 18 00:49:38 EDT 2016] picard.sam.markduplicates.MarkDuplicates done. Elapsed time: 48.05 minutes.
Runtime.totalMemory()=10247733248
[Wed May 18 00:49:39 EDT 2016] picard.sam.AddOrReplaceReadGroups INPUT=p_DS_bkm_125-N/p_DS_bkm_125-N.sorted.MarkDup.bam OUTPUT=p_DS_bkm_125-N/p_DS_bkm_125-N.sorted.MarkDup.fixed.bam SORT_ORDER=coordinate RGID=id RGLB=bar RGPL=Illumina RGPU=platform RGSM=sample1 TMP_DIR=[tmp] VALIDATION_STRINGENCY=SILENT CREATE_INDEX=true    VERBOSITY=INFO QUIET=false COMPRESSION_LEVEL=5 MAX_RECORDS_IN_RAM=500000 CREATE_MD5_FILE=false GA4GH_CLIENT_SECRETS=client_secrets.json
[Wed May 18 00:49:39 EDT 2016] Executing as abdelrahman@compute-1-5.local on Linux 2.6.32-279.14.1.el6.x86_64 amd64; Java HotSpot(TM) 64-Bit Server VM 1.8.0_45-b14; Picard version: 2.3.0(9a00c87b7ffdb01cfb5a0d6e76556146196babb8_1463071327) IntelDeflater
INFO	2016-05-18 00:49:40	AddOrReplaceReadGroups	Created read group ID=id PL=Illumina LB=bar SM=sample1

INFO	2016-05-18 00:49:56	AddOrReplaceReadGroups	Processed     1,000,000 records.  Elapsed time: 00:00:16s.  Time for last 1,000,000:   16s.  Last read position: chr1:16,263,926
INFO	2016-05-18 00:50:10	AddOrReplaceReadGroups	Processed     2,000,000 records.  Elapsed time: 00:00:30s.  Time for last 1,000,000:   14s.  Last read position: chr1:31,421,789
INFO	2016-05-18 00:50:27	AddOrReplaceReadGroups	Processed     3,000,000 records.  Elapsed time: 00:00:47s.  Time for last 1,000,000:   16s.  Last read position: chr1:45,266,476
INFO	2016-05-18 00:50:40	AddOrReplaceReadGroups	Processed     4,000,000 records.  Elapsed time: 00:01:00s.  Time for last 1,000,000:   13s.  Last read position: chr1:75,608,969
INFO	2016-05-18 00:50:58	AddOrReplaceReadGroups	Processed     5,000,000 records.  Elapsed time: 00:01:18s.  Time for last 1,000,000:   17s.  Last read position: chr1:111,860,481
INFO	2016-05-18 00:51:15	AddOrReplaceReadGroups	Processed     6,000,000 records.  Elapsed time: 00:01:35s.  Time for last 1,000,000:   17s.  Last read position: chr1:152,382,866
INFO	2016-05-18 00:51:29	AddOrReplaceReadGroups	Processed     7,000,000 records.  Elapsed time: 00:01:49s.  Time for last 1,000,000:   13s.  Last read position: chr1:161,163,957
INFO	2016-05-18 00:51:42	AddOrReplaceReadGroups	Processed     8,000,000 records.  Elapsed time: 00:02:02s.  Time for last 1,000,000:   12s.  Last read position: chr1:186,957,563
INFO	2016-05-18 00:51:59	AddOrReplaceReadGroups	Processed     9,000,000 records.  Elapsed time: 00:02:19s.  Time for last 1,000,000:   17s.  Last read position: chr1:215,963,476
INFO	2016-05-18 00:52:14	AddOrReplaceReadGroups	Processed    10,000,000 records.  Elapsed time: 00:02:34s.  Time for last 1,000,000:   14s.  Last read position: chr1:245,250,040
INFO	2016-05-18 00:52:30	AddOrReplaceReadGroups	Processed    11,000,000 records.  Elapsed time: 00:02:50s.  Time for last 1,000,000:   15s.  Last read position: chr2:27,665,394
INFO	2016-05-18 00:52:43	AddOrReplaceReadGroups	Processed    12,000,000 records.  Elapsed time: 00:03:02s.  Time for last 1,000,000:   12s.  Last read position: chr2:61,310,356
INFO	2016-05-18 00:52:59	AddOrReplaceReadGroups	Processed    13,000,000 records.  Elapsed time: 00:03:19s.  Time for last 1,000,000:   16s.  Last read position: chr2:95,962,076
INFO	2016-05-18 00:53:18	AddOrReplaceReadGroups	Processed    14,000,000 records.  Elapsed time: 00:03:38s.  Time for last 1,000,000:   18s.  Last read position: chr2:131,797,744
INFO	2016-05-18 00:53:31	AddOrReplaceReadGroups	Processed    15,000,000 records.  Elapsed time: 00:03:50s.  Time for last 1,000,000:   12s.  Last read position: chr2:171,674,959
INFO	2016-05-18 00:53:43	AddOrReplaceReadGroups	Processed    16,000,000 records.  Elapsed time: 00:04:03s.  Time for last 1,000,000:   12s.  Last read position: chr2:200,233,221
INFO	2016-05-18 00:54:08	AddOrReplaceReadGroups	Processed    17,000,000 records.  Elapsed time: 00:04:28s.  Time for last 1,000,000:   25s.  Last read position: chr2:223,505,777
INFO	2016-05-18 00:54:24	AddOrReplaceReadGroups	Processed    18,000,000 records.  Elapsed time: 00:04:44s.  Time for last 1,000,000:   15s.  Last read position: chr3:8,671,461
INFO	2016-05-18 00:54:37	AddOrReplaceReadGroups	Processed    19,000,000 records.  Elapsed time: 00:04:57s.  Time for last 1,000,000:   13s.  Last read position: chr3:39,126,236
INFO	2016-05-18 00:54:57	AddOrReplaceReadGroups	Processed    20,000,000 records.  Elapsed time: 00:05:17s.  Time for last 1,000,000:   19s.  Last read position: chr3:50,418,516
INFO	2016-05-18 00:55:10	AddOrReplaceReadGroups	Processed    21,000,000 records.  Elapsed time: 00:05:30s.  Time for last 1,000,000:   13s.  Last read position: chr3:97,356,792
INFO	2016-05-18 00:55:26	AddOrReplaceReadGroups	Processed    22,000,000 records.  Elapsed time: 00:05:46s.  Time for last 1,000,000:   15s.  Last read position: chr3:126,915,927
INFO	2016-05-18 00:55:39	AddOrReplaceReadGroups	Processed    23,000,000 records.  Elapsed time: 00:05:59s.  Time for last 1,000,000:   13s.  Last read position: chr3:158,539,873
INFO	2016-05-18 00:55:55	AddOrReplaceReadGroups	Processed    24,000,000 records.  Elapsed time: 00:06:15s.  Time for last 1,000,000:   16s.  Last read position: chr3:196,281,271
INFO	2016-05-18 00:56:08	AddOrReplaceReadGroups	Processed    25,000,000 records.  Elapsed time: 00:06:28s.  Time for last 1,000,000:   12s.  Last read position: chr4:36,345,219
INFO	2016-05-18 00:56:21	AddOrReplaceReadGroups	Processed    26,000,000 records.  Elapsed time: 00:06:41s.  Time for last 1,000,000:   12s.  Last read position: chr4:77,818,665
INFO	2016-05-18 00:56:37	AddOrReplaceReadGroups	Processed    27,000,000 records.  Elapsed time: 00:06:57s.  Time for last 1,000,000:   15s.  Last read position: chr4:120,422,362
INFO	2016-05-18 00:56:50	AddOrReplaceReadGroups	Processed    28,000,000 records.  Elapsed time: 00:07:10s.  Time for last 1,000,000:   13s.  Last read position: chr4:173,269,621
INFO	2016-05-18 00:57:06	AddOrReplaceReadGroups	Processed    29,000,000 records.  Elapsed time: 00:07:26s.  Time for last 1,000,000:   16s.  Last read position: chr5:36,171,669
INFO	2016-05-18 00:57:19	AddOrReplaceReadGroups	Processed    30,000,000 records.  Elapsed time: 00:07:39s.  Time for last 1,000,000:   12s.  Last read position: chr5:78,416,995
INFO	2016-05-18 00:57:37	AddOrReplaceReadGroups	Processed    31,000,000 records.  Elapsed time: 00:07:56s.  Time for last 1,000,000:   17s.  Last read position: chr5:131,721,054
INFO	2016-05-18 00:57:52	AddOrReplaceReadGroups	Processed    32,000,000 records.  Elapsed time: 00:08:11s.  Time for last 1,000,000:   15s.  Last read position: chr5:148,790,736
INFO	2016-05-18 00:58:05	AddOrReplaceReadGroups	Processed    33,000,000 records.  Elapsed time: 00:08:24s.  Time for last 1,000,000:   13s.  Last read position: chr5:178,395,803
INFO	2016-05-18 00:58:18	AddOrReplaceReadGroups	Processed    34,000,000 records.  Elapsed time: 00:08:37s.  Time for last 1,000,000:   12s.  Last read position: chr6:28,889,752
INFO	2016-05-18 00:58:35	AddOrReplaceReadGroups	Processed    35,000,000 records.  Elapsed time: 00:08:55s.  Time for last 1,000,000:   17s.  Last read position: chr6:36,043,532
INFO	2016-05-18 00:58:48	AddOrReplaceReadGroups	Processed    36,000,000 records.  Elapsed time: 00:09:08s.  Time for last 1,000,000:   12s.  Last read position: chr6:56,504,295
INFO	2016-05-18 00:59:00	AddOrReplaceReadGroups	Processed    37,000,000 records.  Elapsed time: 00:09:20s.  Time for last 1,000,000:   12s.  Last read position: chr6:109,849,685
INFO	2016-05-18 00:59:14	AddOrReplaceReadGroups	Processed    38,000,000 records.  Elapsed time: 00:09:34s.  Time for last 1,000,000:   13s.  Last read position: chr6:149,925,745
INFO	2016-05-18 00:59:31	AddOrReplaceReadGroups	Processed    39,000,000 records.  Elapsed time: 00:09:51s.  Time for last 1,000,000:   16s.  Last read position: chr7:6,628,532
INFO	2016-05-18 00:59:44	AddOrReplaceReadGroups	Processed    40,000,000 records.  Elapsed time: 00:10:04s.  Time for last 1,000,000:   12s.  Last read position: chr7:46,039,746
INFO	2016-05-18 00:59:56	AddOrReplaceReadGroups	Processed    41,000,000 records.  Elapsed time: 00:10:16s.  Time for last 1,000,000:   12s.  Last read position: chr7:93,623,789
INFO	2016-05-18 01:00:09	AddOrReplaceReadGroups	Processed    42,000,000 records.  Elapsed time: 00:10:29s.  Time for last 1,000,000:   12s.  Last read position: chr7:115,580,502
INFO	2016-05-18 01:00:27	AddOrReplaceReadGroups	Processed    43,000,000 records.  Elapsed time: 00:10:47s.  Time for last 1,000,000:   17s.  Last read position: chr7:143,078,858
INFO	2016-05-18 01:00:40	AddOrReplaceReadGroups	Processed    44,000,000 records.  Elapsed time: 00:11:00s.  Time for last 1,000,000:   13s.  Last read position: chr8:19,709,259
INFO	2016-05-18 01:00:53	AddOrReplaceReadGroups	Processed    45,000,000 records.  Elapsed time: 00:11:13s.  Time for last 1,000,000:   13s.  Last read position: chr8:52,336,204
INFO	2016-05-18 01:01:06	AddOrReplaceReadGroups	Processed    46,000,000 records.  Elapsed time: 00:11:26s.  Time for last 1,000,000:   12s.  Last read position: chr8:101,059,764
INFO	2016-05-18 01:01:19	AddOrReplaceReadGroups	Processed    47,000,000 records.  Elapsed time: 00:11:39s.  Time for last 1,000,000:   13s.  Last read position: chr8:144,899,638
INFO	2016-05-18 01:01:32	AddOrReplaceReadGroups	Processed    48,000,000 records.  Elapsed time: 00:11:52s.  Time for last 1,000,000:   12s.  Last read position: chr9:34,610,787
INFO	2016-05-18 01:01:48	AddOrReplaceReadGroups	Processed    49,000,000 records.  Elapsed time: 00:12:08s.  Time for last 1,000,000:   15s.  Last read position: chr9:95,388,450
INFO	2016-05-18 01:02:02	AddOrReplaceReadGroups	Processed    50,000,000 records.  Elapsed time: 00:12:22s.  Time for last 1,000,000:   14s.  Last read position: chr9:124,077,695
INFO	2016-05-18 01:02:16	AddOrReplaceReadGroups	Processed    51,000,000 records.  Elapsed time: 00:12:36s.  Time for last 1,000,000:   13s.  Last read position: chr9:137,806,214
INFO	2016-05-18 01:02:29	AddOrReplaceReadGroups	Processed    52,000,000 records.  Elapsed time: 00:12:49s.  Time for last 1,000,000:   12s.  Last read position: chr10:23,321,858
INFO	2016-05-18 01:02:42	AddOrReplaceReadGroups	Processed    53,000,000 records.  Elapsed time: 00:13:02s.  Time for last 1,000,000:   12s.  Last read position: chr10:69,935,294
INFO	2016-05-18 01:02:59	AddOrReplaceReadGroups	Processed    54,000,000 records.  Elapsed time: 00:13:18s.  Time for last 1,000,000:   16s.  Last read position: chr10:96,282,210
INFO	2016-05-18 01:03:11	AddOrReplaceReadGroups	Processed    55,000,000 records.  Elapsed time: 00:13:31s.  Time for last 1,000,000:   12s.  Last read position: chr10:118,439,342
INFO	2016-05-18 01:03:24	AddOrReplaceReadGroups	Processed    56,000,000 records.  Elapsed time: 00:13:44s.  Time for last 1,000,000:   12s.  Last read position: chr11:3,038,086
INFO	2016-05-18 01:03:36	AddOrReplaceReadGroups	Processed    57,000,000 records.  Elapsed time: 00:13:56s.  Time for last 1,000,000:   12s.  Last read position: chr11:20,065,619
INFO	2016-05-18 01:03:49	AddOrReplaceReadGroups	Processed    58,000,000 records.  Elapsed time: 00:14:09s.  Time for last 1,000,000:   12s.  Last read position: chr11:57,876,926
INFO	2016-05-18 01:04:06	AddOrReplaceReadGroups	Processed    59,000,000 records.  Elapsed time: 00:14:26s.  Time for last 1,000,000:   16s.  Last read position: chr11:65,793,796
INFO	2016-05-18 01:04:19	AddOrReplaceReadGroups	Processed    60,000,000 records.  Elapsed time: 00:14:39s.  Time for last 1,000,000:   12s.  Last read position: chr11:85,685,763
INFO	2016-05-18 01:04:32	AddOrReplaceReadGroups	Processed    61,000,000 records.  Elapsed time: 00:14:52s.  Time for last 1,000,000:   12s.  Last read position: chr11:118,375,914
INFO	2016-05-18 01:04:45	AddOrReplaceReadGroups	Processed    62,000,000 records.  Elapsed time: 00:15:05s.  Time for last 1,000,000:   12s.  Last read position: chr12:4,920,067
INFO	2016-05-18 01:05:01	AddOrReplaceReadGroups	Processed    63,000,000 records.  Elapsed time: 00:15:21s.  Time for last 1,000,000:   16s.  Last read position: chr12:31,540,686
INFO	2016-05-18 01:05:14	AddOrReplaceReadGroups	Processed    64,000,000 records.  Elapsed time: 00:15:34s.  Time for last 1,000,000:   12s.  Last read position: chr12:53,823,931
INFO	2016-05-18 01:05:30	AddOrReplaceReadGroups	Processed    65,000,000 records.  Elapsed time: 00:15:50s.  Time for last 1,000,000:   15s.  Last read position: chr12:72,956,706
INFO	2016-05-18 01:05:43	AddOrReplaceReadGroups	Processed    66,000,000 records.  Elapsed time: 00:16:02s.  Time for last 1,000,000:   12s.  Last read position: chr12:110,641,443
INFO	2016-05-18 01:05:56	AddOrReplaceReadGroups	Processed    67,000,000 records.  Elapsed time: 00:16:16s.  Time for last 1,000,000:   13s.  Last read position: chr12:132,627,393
INFO	2016-05-18 01:06:09	AddOrReplaceReadGroups	Processed    68,000,000 records.  Elapsed time: 00:16:29s.  Time for last 1,000,000:   12s.  Last read position: chr13:48,892,083
INFO	2016-05-18 01:06:22	AddOrReplaceReadGroups	Processed    69,000,000 records.  Elapsed time: 00:16:42s.  Time for last 1,000,000:   12s.  Last read position: chr13:113,769,952
INFO	2016-05-18 01:06:35	AddOrReplaceReadGroups	Processed    70,000,000 records.  Elapsed time: 00:16:55s.  Time for last 1,000,000:   12s.  Last read position: chr14:36,524,813
INFO	2016-05-18 01:06:47	AddOrReplaceReadGroups	Processed    71,000,000 records.  Elapsed time: 00:17:07s.  Time for last 1,000,000:   12s.  Last read position: chr14:72,190,310
INFO	2016-05-18 01:07:04	AddOrReplaceReadGroups	Processed    72,000,000 records.  Elapsed time: 00:17:24s.  Time for last 1,000,000:   16s.  Last read position: chr14:102,028,116
INFO	2016-05-18 01:07:17	AddOrReplaceReadGroups	Processed    73,000,000 records.  Elapsed time: 00:17:37s.  Time for last 1,000,000:   13s.  Last read position: chr15:40,751,045
INFO	2016-05-18 01:07:33	AddOrReplaceReadGroups	Processed    74,000,000 records.  Elapsed time: 00:17:53s.  Time for last 1,000,000:   16s.  Last read position: chr15:56,993,167
INFO	2016-05-18 01:07:46	AddOrReplaceReadGroups	Processed    75,000,000 records.  Elapsed time: 00:18:06s.  Time for last 1,000,000:   12s.  Last read position: chr15:78,575,957
INFO	2016-05-18 01:07:59	AddOrReplaceReadGroups	Processed    76,000,000 records.  Elapsed time: 00:18:19s.  Time for last 1,000,000:   12s.  Last read position: chr16:843,489
INFO	2016-05-18 01:08:12	AddOrReplaceReadGroups	Processed    77,000,000 records.  Elapsed time: 00:18:32s.  Time for last 1,000,000:   12s.  Last read position: chr16:19,545,288
INFO	2016-05-18 01:08:25	AddOrReplaceReadGroups	Processed    78,000,000 records.  Elapsed time: 00:18:45s.  Time for last 1,000,000:   13s.  Last read position: chr16:46,587,873
INFO	2016-05-18 01:08:42	AddOrReplaceReadGroups	Processed    79,000,000 records.  Elapsed time: 00:19:01s.  Time for last 1,000,000:   16s.  Last read position: chr16:69,496,474
INFO	2016-05-18 01:08:55	AddOrReplaceReadGroups	Processed    80,000,000 records.  Elapsed time: 00:19:14s.  Time for last 1,000,000:   13s.  Last read position: chr17:706,984
INFO	2016-05-18 01:09:12	AddOrReplaceReadGroups	Processed    81,000,000 records.  Elapsed time: 00:19:32s.  Time for last 1,000,000:   17s.  Last read position: chr17:8,219,005
INFO	2016-05-18 01:09:31	AddOrReplaceReadGroups	Processed    82,000,000 records.  Elapsed time: 00:19:51s.  Time for last 1,000,000:   18s.  Last read position: chr17:28,417,521
INFO	2016-05-18 01:09:44	AddOrReplaceReadGroups	Processed    83,000,000 records.  Elapsed time: 00:20:04s.  Time for last 1,000,000:   13s.  Last read position: chr17:40,835,690
INFO	2016-05-18 01:09:58	AddOrReplaceReadGroups	Processed    84,000,000 records.  Elapsed time: 00:20:18s.  Time for last 1,000,000:   13s.  Last read position: chr17:56,676,511
INFO	2016-05-18 01:10:11	AddOrReplaceReadGroups	Processed    85,000,000 records.  Elapsed time: 00:20:31s.  Time for last 1,000,000:   13s.  Last read position: chr17:74,261,849
INFO	2016-05-18 01:10:24	AddOrReplaceReadGroups	Processed    86,000,000 records.  Elapsed time: 00:20:44s.  Time for last 1,000,000:   13s.  Last read position: chr18:13,019,013
INFO	2016-05-18 01:10:41	AddOrReplaceReadGroups	Processed    87,000,000 records.  Elapsed time: 00:21:01s.  Time for last 1,000,000:   17s.  Last read position: chr18:60,241,985
INFO	2016-05-18 01:10:55	AddOrReplaceReadGroups	Processed    88,000,000 records.  Elapsed time: 00:21:15s.  Time for last 1,000,000:   13s.  Last read position: chr19:6,004,204
INFO	2016-05-18 01:11:13	AddOrReplaceReadGroups	Processed    89,000,000 records.  Elapsed time: 00:21:33s.  Time for last 1,000,000:   18s.  Last read position: chr19:13,184,487
INFO	2016-05-18 01:11:28	AddOrReplaceReadGroups	Processed    90,000,000 records.  Elapsed time: 00:21:48s.  Time for last 1,000,000:   14s.  Last read position: chr19:32,949,228
INFO	2016-05-18 01:11:41	AddOrReplaceReadGroups	Processed    91,000,000 records.  Elapsed time: 00:22:01s.  Time for last 1,000,000:   12s.  Last read position: chr19:41,850,845
INFO	2016-05-18 01:11:54	AddOrReplaceReadGroups	Processed    92,000,000 records.  Elapsed time: 00:22:14s.  Time for last 1,000,000:   13s.  Last read position: chr19:50,063,358
INFO	2016-05-18 01:12:11	AddOrReplaceReadGroups	Processed    93,000,000 records.  Elapsed time: 00:22:31s.  Time for last 1,000,000:   17s.  Last read position: chr19:57,932,565
INFO	2016-05-18 01:12:24	AddOrReplaceReadGroups	Processed    94,000,000 records.  Elapsed time: 00:22:44s.  Time for last 1,000,000:   12s.  Last read position: chr20:26,189,994
INFO	2016-05-18 01:12:40	AddOrReplaceReadGroups	Processed    95,000,000 records.  Elapsed time: 00:23:00s.  Time for last 1,000,000:   16s.  Last read position: chr20:45,757,474
INFO	2016-05-18 01:12:53	AddOrReplaceReadGroups	Processed    96,000,000 records.  Elapsed time: 00:23:13s.  Time for last 1,000,000:   13s.  Last read position: chr21:30,402,937
INFO	2016-05-18 01:13:10	AddOrReplaceReadGroups	Processed    97,000,000 records.  Elapsed time: 00:23:30s.  Time for last 1,000,000:   16s.  Last read position: chr22:19,119,279
INFO	2016-05-18 01:13:23	AddOrReplaceReadGroups	Processed    98,000,000 records.  Elapsed time: 00:23:43s.  Time for last 1,000,000:   13s.  Last read position: chr22:35,817,428
INFO	2016-05-18 01:13:40	AddOrReplaceReadGroups	Processed    99,000,000 records.  Elapsed time: 00:24:00s.  Time for last 1,000,000:   17s.  Last read position: chr22:50,911,799
INFO	2016-05-18 01:13:53	AddOrReplaceReadGroups	Processed   100,000,000 records.  Elapsed time: 00:24:13s.  Time for last 1,000,000:   12s.  Last read position: chrX:43,603,390
INFO	2016-05-18 01:14:07	AddOrReplaceReadGroups	Processed   101,000,000 records.  Elapsed time: 00:24:27s.  Time for last 1,000,000:   13s.  Last read position: chrX:70,607,270
INFO	2016-05-18 01:14:21	AddOrReplaceReadGroups	Processed   102,000,000 records.  Elapsed time: 00:24:41s.  Time for last 1,000,000:   14s.  Last read position: chrX:117,731,370
INFO	2016-05-18 01:14:34	AddOrReplaceReadGroups	Processed   103,000,000 records.  Elapsed time: 00:24:54s.  Time for last 1,000,000:   13s.  Last read position: chrX:153,594,990
[Wed May 18 01:14:52 EDT 2016] picard.sam.AddOrReplaceReadGroups done. Elapsed time: 25.20 minutes.
Runtime.totalMemory()=395313152
[Wed May 18 01:14:52 EDT 2016] picard.sam.FixMateInformation INPUT=[p_DS_bkm_125-N/p_DS_bkm_125-N.sorted.MarkDup.fixed.bam] OUTPUT=p_DS_bkm_125-N/p_DS_bkm_125-N.sorted.MarkDup.realn.fixed.bam SORT_ORDER=coordinate TMP_DIR=[tmp/flx] VALIDATION_STRINGENCY=LENIENT CREATE_INDEX=true    ASSUME_SORTED=false ADD_MATE_CIGAR=true IGNORE_MISSING_MATES=true VERBOSITY=INFO QUIET=false COMPRESSION_LEVEL=5 MAX_RECORDS_IN_RAM=500000 CREATE_MD5_FILE=false GA4GH_CLIENT_SECRETS=client_secrets.json
[Wed May 18 01:14:52 EDT 2016] Executing as abdelrahman@compute-1-5.local on Linux 2.6.32-279.14.1.el6.x86_64 amd64; Java HotSpot(TM) 64-Bit Server VM 1.8.0_45-b14; Picard version: 2.3.0(9a00c87b7ffdb01cfb5a0d6e76556146196babb8_1463071327) IntelDeflater
INFO	2016-05-18 01:14:52	FixMateInformation	Sorting input into queryname order.
INFO	2016-05-18 01:40:46	FixMateInformation	Sorting by queryname complete.
INFO	2016-05-18 01:40:46	FixMateInformation	Output will be sorted by coordinate
INFO	2016-05-18 01:40:46	FixMateInformation	Traversing query name sorted records and fixing up mate pair information.
INFO	2016-05-18 01:41:04	FixMateInformation	Processed     1,000,000 records.  Elapsed time: 00:00:17s.  Time for last 1,000,000:   17s.  Last read position: chr5:137,677,113
INFO	2016-05-18 01:41:26	FixMateInformation	Processed     2,000,000 records.  Elapsed time: 00:00:40s.  Time for last 1,000,000:   22s.  Last read position: chr10:88,729,916
INFO	2016-05-18 01:41:47	FixMateInformation	Processed     3,000,000 records.  Elapsed time: 00:01:01s.  Time for last 1,000,000:   21s.  Last read position: chr7:20,198,438
INFO	2016-05-18 01:42:03	FixMateInformation	Processed     4,000,000 records.  Elapsed time: 00:01:17s.  Time for last 1,000,000:   15s.  Last read position: chr15:52,874,581
INFO	2016-05-18 01:42:22	FixMateInformation	Processed     5,000,000 records.  Elapsed time: 00:01:36s.  Time for last 1,000,000:   18s.  Last read position: chr11:65,713,279
INFO	2016-05-18 01:42:38	FixMateInformation	Processed     6,000,000 records.  Elapsed time: 00:01:52s.  Time for last 1,000,000:   16s.  Last read position: chr2:55,252,465
INFO	2016-05-18 01:42:55	FixMateInformation	Processed     7,000,000 records.  Elapsed time: 00:02:08s.  Time for last 1,000,000:   16s.  Last read position: chr2:95,942,671
INFO	2016-05-18 01:43:11	FixMateInformation	Processed     8,000,000 records.  Elapsed time: 00:02:25s.  Time for last 1,000,000:   16s.  Last read position: chr2:25,387,676
INFO	2016-05-18 01:43:26	FixMateInformation	Processed     9,000,000 records.  Elapsed time: 00:02:39s.  Time for last 1,000,000:   14s.  Last read position: chr12:6,342,432
INFO	2016-05-18 01:43:43	FixMateInformation	Processed    10,000,000 records.  Elapsed time: 00:02:56s.  Time for last 1,000,000:   17s.  Last read position: chr2:11,716,499
INFO	2016-05-18 01:43:56	FixMateInformation	Processed    11,000,000 records.  Elapsed time: 00:03:10s.  Time for last 1,000,000:   13s.  Last read position: chr4:75,246,713
INFO	2016-05-18 01:44:12	FixMateInformation	Processed    12,000,000 records.  Elapsed time: 00:03:26s.  Time for last 1,000,000:   15s.  Last read position: chr22:29,706,434
INFO	2016-05-18 01:44:28	FixMateInformation	Processed    13,000,000 records.  Elapsed time: 00:03:41s.  Time for last 1,000,000:   15s.  Last read position: chr13:28,903,735
INFO	2016-05-18 01:44:45	FixMateInformation	Processed    14,000,000 records.  Elapsed time: 00:03:59s.  Time for last 1,000,000:   17s.  Last read position: chr11:64,888,363
INFO	2016-05-18 01:45:01	FixMateInformation	Processed    15,000,000 records.  Elapsed time: 00:04:15s.  Time for last 1,000,000:   16s.  Last read position: chr11:77,754,586
INFO	2016-05-18 01:45:18	FixMateInformation	Processed    16,000,000 records.  Elapsed time: 00:04:32s.  Time for last 1,000,000:   16s.  Last read position: chr11:1,090,328
INFO	2016-05-18 01:45:40	FixMateInformation	Processed    17,000,000 records.  Elapsed time: 00:04:54s.  Time for last 1,000,000:   22s.  Last read position: chr1:111,785,930
INFO	2016-05-18 01:45:58	FixMateInformation	Processed    18,000,000 records.  Elapsed time: 00:05:11s.  Time for last 1,000,000:   17s.  Last read position: chr18:8,793,138
INFO	2016-05-18 01:46:15	FixMateInformation	Processed    19,000,000 records.  Elapsed time: 00:05:29s.  Time for last 1,000,000:   17s.  Last read position: chr6:111,583,499
INFO	2016-05-18 01:46:30	FixMateInformation	Processed    20,000,000 records.  Elapsed time: 00:05:44s.  Time for last 1,000,000:   14s.  Last read position: chr3:30,045,399
INFO	2016-05-18 01:46:43	FixMateInformation	Processed    21,000,000 records.  Elapsed time: 00:05:57s.  Time for last 1,000,000:   13s.  Last read position: chr17:7,640,346
INFO	2016-05-18 01:47:02	FixMateInformation	Processed    22,000,000 records.  Elapsed time: 00:06:16s.  Time for last 1,000,000:   18s.  Last read position: chr6:147,635,684
INFO	2016-05-18 01:47:18	FixMateInformation	Processed    23,000,000 records.  Elapsed time: 00:06:31s.  Time for last 1,000,000:   15s.  Last read position: chr10:79,629,083
INFO	2016-05-18 01:47:33	FixMateInformation	Processed    24,000,000 records.  Elapsed time: 00:06:47s.  Time for last 1,000,000:   15s.  Last read position: chr2:231,314,201
INFO	2016-05-18 01:47:48	FixMateInformation	Processed    25,000,000 records.  Elapsed time: 00:07:02s.  Time for last 1,000,000:   14s.  Last read position: chr14:31,578,635
INFO	2016-05-18 01:48:05	FixMateInformation	Processed    26,000,000 records.  Elapsed time: 00:07:19s.  Time for last 1,000,000:   17s.  Last read position: chr8:119,209,741
INFO	2016-05-18 01:48:22	FixMateInformation	Processed    27,000,000 records.  Elapsed time: 00:07:35s.  Time for last 1,000,000:   16s.  Last read position: chr3:49,148,917
INFO	2016-05-18 01:48:37	FixMateInformation	Processed    28,000,000 records.  Elapsed time: 00:07:51s.  Time for last 1,000,000:   15s.  Last read position: chr6:154,696,344
INFO	2016-05-18 01:48:51	FixMateInformation	Processed    29,000,000 records.  Elapsed time: 00:08:05s.  Time for last 1,000,000:   13s.  Last read position: chr5:127,488,383
INFO	2016-05-18 01:49:08	FixMateInformation	Processed    30,000,000 records.  Elapsed time: 00:08:22s.  Time for last 1,000,000:   17s.  Last read position: chr11:128,709,249
INFO	2016-05-18 01:49:23	FixMateInformation	Processed    31,000,000 records.  Elapsed time: 00:08:36s.  Time for last 1,000,000:   14s.  Last read position: chr1:36,557,995
INFO	2016-05-18 01:49:39	FixMateInformation	Processed    32,000,000 records.  Elapsed time: 00:08:53s.  Time for last 1,000,000:   16s.  Last read position: chr15:83,357,847
INFO	2016-05-18 01:49:54	FixMateInformation	Processed    33,000,000 records.  Elapsed time: 00:09:08s.  Time for last 1,000,000:   15s.  Last read position: chr17:29,912,494
INFO	2016-05-18 01:50:10	FixMateInformation	Processed    34,000,000 records.  Elapsed time: 00:09:24s.  Time for last 1,000,000:   15s.  Last read position: chr2:169,826,087
INFO	2016-05-18 01:50:27	FixMateInformation	Processed    35,000,000 records.  Elapsed time: 00:09:41s.  Time for last 1,000,000:   16s.  Last read position: chr5:138,837,317
INFO	2016-05-18 01:50:43	FixMateInformation	Processed    36,000,000 records.  Elapsed time: 00:09:57s.  Time for last 1,000,000:   16s.  Last read position: chr7:127,343,269
INFO	2016-05-18 01:50:59	FixMateInformation	Processed    37,000,000 records.  Elapsed time: 00:10:12s.  Time for last 1,000,000:   15s.  Last read position: chr11:33,129,890
INFO	2016-05-18 01:51:14	FixMateInformation	Processed    38,000,000 records.  Elapsed time: 00:10:28s.  Time for last 1,000,000:   15s.  Last read position: chr19:56,953,655
INFO	2016-05-18 01:51:29	FixMateInformation	Processed    39,000,000 records.  Elapsed time: 00:10:43s.  Time for last 1,000,000:   15s.  Last read position: chr12:53,450,668
INFO	2016-05-18 01:51:45	FixMateInformation	Processed    40,000,000 records.  Elapsed time: 00:10:58s.  Time for last 1,000,000:   15s.  Last read position: chr17:30,477,972
INFO	2016-05-18 01:52:09	FixMateInformation	Processed    41,000,000 records.  Elapsed time: 00:11:22s.  Time for last 1,000,000:   23s.  Last read position: chrX:129,189,847
INFO	2016-05-18 01:52:23	FixMateInformation	Processed    42,000,000 records.  Elapsed time: 00:11:37s.  Time for last 1,000,000:   14s.  Last read position: chr3:187,088,928
INFO	2016-05-18 01:52:37	FixMateInformation	Processed    43,000,000 records.  Elapsed time: 00:11:51s.  Time for last 1,000,000:   13s.  Last read position: chr14:65,268,506
INFO	2016-05-18 01:52:54	FixMateInformation	Processed    44,000,000 records.  Elapsed time: 00:12:08s.  Time for last 1,000,000:   17s.  Last read position: chr11:58,275,221
INFO	2016-05-18 01:53:11	FixMateInformation	Processed    45,000,000 records.  Elapsed time: 00:12:25s.  Time for last 1,000,000:   17s.  Last read position: chr19:54,611,717
INFO	2016-05-18 01:53:28	FixMateInformation	Processed    46,000,000 records.  Elapsed time: 00:12:42s.  Time for last 1,000,000:   16s.  Last read position: chr2:216,923,644
INFO	2016-05-18 01:53:45	FixMateInformation	Processed    47,000,000 records.  Elapsed time: 00:12:59s.  Time for last 1,000,000:   17s.  Last read position: chr6:3,727,681
INFO	2016-05-18 01:54:05	FixMateInformation	Processed    48,000,000 records.  Elapsed time: 00:13:19s.  Time for last 1,000,000:   19s.  Last read position: chr1:186,031,684
INFO	2016-05-18 01:54:21	FixMateInformation	Processed    49,000,000 records.  Elapsed time: 00:13:35s.  Time for last 1,000,000:   15s.  Last read position: chr1:150,933,374
INFO	2016-05-18 01:54:36	FixMateInformation	Processed    50,000,000 records.  Elapsed time: 00:13:50s.  Time for last 1,000,000:   15s.  Last read position: chr9:126,414,344
INFO	2016-05-18 01:54:50	FixMateInformation	Processed    51,000,000 records.  Elapsed time: 00:14:04s.  Time for last 1,000,000:   13s.  Last read position: chr12:63,544,463
INFO	2016-05-18 01:55:06	FixMateInformation	Processed    52,000,000 records.  Elapsed time: 00:14:19s.  Time for last 1,000,000:   15s.  Last read position: chr7:136,699,591
INFO	2016-05-18 01:55:20	FixMateInformation	Processed    53,000,000 records.  Elapsed time: 00:14:33s.  Time for last 1,000,000:   14s.  Last read position: chrX:108,708,443
INFO	2016-05-18 01:55:36	FixMateInformation	Processed    54,000,000 records.  Elapsed time: 00:14:49s.  Time for last 1,000,000:   15s.  Last read position: chr6:147,588,217
INFO	2016-05-18 01:55:49	FixMateInformation	Processed    55,000,000 records.  Elapsed time: 00:15:03s.  Time for last 1,000,000:   13s.  Last read position: chr1:151,787,439
INFO	2016-05-18 01:56:05	FixMateInformation	Processed    56,000,000 records.  Elapsed time: 00:15:19s.  Time for last 1,000,000:   15s.  Last read position: chr17:56,787,353
INFO	2016-05-18 01:56:33	FixMateInformation	Processed    57,000,000 records.  Elapsed time: 00:15:47s.  Time for last 1,000,000:   28s.  Last read position: chr6:49,816,130
INFO	2016-05-18 01:56:48	FixMateInformation	Processed    58,000,000 records.  Elapsed time: 00:16:02s.  Time for last 1,000,000:   14s.  Last read position: chr7:130,027,798
INFO	2016-05-18 01:57:04	FixMateInformation	Processed    59,000,000 records.  Elapsed time: 00:16:18s.  Time for last 1,000,000:   15s.  Last read position: chr3:39,228,418
INFO	2016-05-18 01:57:19	FixMateInformation	Processed    60,000,000 records.  Elapsed time: 00:16:33s.  Time for last 1,000,000:   15s.  Last read position: chr4:42,626,481
INFO	2016-05-18 01:57:35	FixMateInformation	Processed    61,000,000 records.  Elapsed time: 00:16:49s.  Time for last 1,000,000:   15s.  Last read position: chr17:61,897,278
INFO	2016-05-18 01:57:54	FixMateInformation	Processed    62,000,000 records.  Elapsed time: 00:17:08s.  Time for last 1,000,000:   19s.  Last read position: chr8:135,490,476
INFO	2016-05-18 01:58:12	FixMateInformation	Processed    63,000,000 records.  Elapsed time: 00:17:26s.  Time for last 1,000,000:   17s.  Last read position: chr21:30,250,422
INFO	2016-05-18 01:58:30	FixMateInformation	Processed    64,000,000 records.  Elapsed time: 00:17:44s.  Time for last 1,000,000:   18s.  Last read position: chr6:51,889,789
INFO	2016-05-18 01:58:49	FixMateInformation	Processed    65,000,000 records.  Elapsed time: 00:18:03s.  Time for last 1,000,000:   18s.  Last read position: chr19:39,664,461
INFO	2016-05-18 01:59:08	FixMateInformation	Processed    66,000,000 records.  Elapsed time: 00:18:22s.  Time for last 1,000,000:   19s.  Last read position: chr12:49,691,016
INFO	2016-05-18 01:59:28	FixMateInformation	Processed    67,000,000 records.  Elapsed time: 00:18:42s.  Time for last 1,000,000:   19s.  Last read position: chr18:47,329,212
INFO	2016-05-18 01:59:44	FixMateInformation	Processed    68,000,000 records.  Elapsed time: 00:18:58s.  Time for last 1,000,000:   16s.  Last read position: chr4:10,444,989
INFO	2016-05-18 02:00:06	FixMateInformation	Processed    69,000,000 records.  Elapsed time: 00:19:19s.  Time for last 1,000,000:   21s.  Last read position: chr3:169,866,764
INFO	2016-05-18 02:00:25	FixMateInformation	Processed    70,000,000 records.  Elapsed time: 00:19:39s.  Time for last 1,000,000:   19s.  Last read position: chr15:43,314,813
INFO	2016-05-18 02:00:44	FixMateInformation	Processed    71,000,000 records.  Elapsed time: 00:19:57s.  Time for last 1,000,000:   18s.  Last read position: chr11:121,032,930
INFO	2016-05-18 02:01:02	FixMateInformation	Processed    72,000,000 records.  Elapsed time: 00:20:15s.  Time for last 1,000,000:   17s.  Last read position: chr12:29,643,985
INFO	2016-05-18 02:01:20	FixMateInformation	Processed    73,000,000 records.  Elapsed time: 00:20:34s.  Time for last 1,000,000:   18s.  Last read position: chrX:54,019,276
INFO	2016-05-18 02:01:39	FixMateInformation	Processed    74,000,000 records.  Elapsed time: 00:20:53s.  Time for last 1,000,000:   18s.  Last read position: chr11:10,821,276
INFO	2016-05-18 02:01:58	FixMateInformation	Processed    75,000,000 records.  Elapsed time: 00:21:12s.  Time for last 1,000,000:   18s.  Last read position: chr4:184,604,832
INFO	2016-05-18 02:02:15	FixMateInformation	Processed    76,000,000 records.  Elapsed time: 00:21:29s.  Time for last 1,000,000:   17s.  Last read position: chr12:29,643,978
INFO	2016-05-18 02:02:32	FixMateInformation	Processed    77,000,000 records.  Elapsed time: 00:21:46s.  Time for last 1,000,000:   16s.  Last read position: chr6:108,911,945
INFO	2016-05-18 02:02:48	FixMateInformation	Processed    78,000,000 records.  Elapsed time: 00:22:02s.  Time for last 1,000,000:   16s.  Last read position: chr4:8,214,388
INFO	2016-05-18 02:03:04	FixMateInformation	Processed    79,000,000 records.  Elapsed time: 00:22:18s.  Time for last 1,000,000:   16s.  Last read position: chr18:29,055,893
INFO	2016-05-18 02:03:21	FixMateInformation	Processed    80,000,000 records.  Elapsed time: 00:22:35s.  Time for last 1,000,000:   17s.  Last read position: chr17:55,334,721
INFO	2016-05-18 02:03:36	FixMateInformation	Processed    81,000,000 records.  Elapsed time: 00:22:50s.  Time for last 1,000,000:   14s.  Last read position: chr9:133,557,059
INFO	2016-05-18 02:03:51	FixMateInformation	Processed    82,000,000 records.  Elapsed time: 00:23:04s.  Time for last 1,000,000:   14s.  Last read position: chr7:82,579,693
INFO	2016-05-18 02:04:10	FixMateInformation	Processed    83,000,000 records.  Elapsed time: 00:23:24s.  Time for last 1,000,000:   19s.  Last read position: chr10:90,611,343
INFO	2016-05-18 02:04:29	FixMateInformation	Processed    84,000,000 records.  Elapsed time: 00:23:43s.  Time for last 1,000,000:   19s.  Last read position: chr10:133,065,496
INFO	2016-05-18 02:04:44	FixMateInformation	Processed    85,000,000 records.  Elapsed time: 00:23:58s.  Time for last 1,000,000:   15s.  Last read position: chrX:54,837,541
INFO	2016-05-18 02:05:00	FixMateInformation	Processed    86,000,000 records.  Elapsed time: 00:24:14s.  Time for last 1,000,000:   15s.  Last read position: chr17:61,899,245
INFO	2016-05-18 02:05:17	FixMateInformation	Processed    87,000,000 records.  Elapsed time: 00:24:30s.  Time for last 1,000,000:   16s.  Last read position: chr4:3,251,053
INFO	2016-05-18 02:05:35	FixMateInformation	Processed    88,000,000 records.  Elapsed time: 00:24:49s.  Time for last 1,000,000:   18s.  Last read position: chr2:179,655,563
INFO	2016-05-18 02:05:52	FixMateInformation	Processed    89,000,000 records.  Elapsed time: 00:25:06s.  Time for last 1,000,000:   17s.  Last read position: chr5:1,294,182
INFO	2016-05-18 02:06:07	FixMateInformation	Processed    90,000,000 records.  Elapsed time: 00:25:21s.  Time for last 1,000,000:   14s.  Last read position: chr1:223,284,149
INFO	2016-05-18 02:06:24	FixMateInformation	Processed    91,000,000 records.  Elapsed time: 00:25:37s.  Time for last 1,000,000:   16s.  Last read position: chr3:119,962,999
INFO	2016-05-18 02:06:39	FixMateInformation	Processed    92,000,000 records.  Elapsed time: 00:25:52s.  Time for last 1,000,000:   14s.  Last read position: chr17:26,864,151
INFO	2016-05-18 02:06:54	FixMateInformation	Processed    93,000,000 records.  Elapsed time: 00:26:08s.  Time for last 1,000,000:   15s.  Last read position: chr16:15,697,934
INFO	2016-05-18 02:07:09	FixMateInformation	Processed    94,000,000 records.  Elapsed time: 00:26:23s.  Time for last 1,000,000:   15s.  Last read position: chr22:31,695,910
INFO	2016-05-18 02:07:26	FixMateInformation	Processed    95,000,000 records.  Elapsed time: 00:26:40s.  Time for last 1,000,000:   16s.  Last read position: chr9:135,205,464
INFO	2016-05-18 02:07:42	FixMateInformation	Processed    96,000,000 records.  Elapsed time: 00:26:56s.  Time for last 1,000,000:   15s.  Last read position: chr15:41,799,751
INFO	2016-05-18 02:07:58	FixMateInformation	Processed    97,000,000 records.  Elapsed time: 00:27:12s.  Time for last 1,000,000:   16s.  Last read position: chr17:56,584,038
INFO	2016-05-18 02:08:15	FixMateInformation	Processed    98,000,000 records.  Elapsed time: 00:27:29s.  Time for last 1,000,000:   16s.  Last read position: chr12:119,772,959
INFO	2016-05-18 02:08:31	FixMateInformation	Processed    99,000,000 records.  Elapsed time: 00:27:45s.  Time for last 1,000,000:   16s.  Last read position: chrX:22,378,228
INFO	2016-05-18 02:08:48	FixMateInformation	Processed   100,000,000 records.  Elapsed time: 00:28:01s.  Time for last 1,000,000:   16s.  Last read position: chr6:42,988,586
INFO	2016-05-18 02:09:03	FixMateInformation	Processed   101,000,000 records.  Elapsed time: 00:28:17s.  Time for last 1,000,000:   15s.  Last read position: chr6:76,656,975
INFO	2016-05-18 02:09:18	FixMateInformation	Processed   102,000,000 records.  Elapsed time: 00:28:31s.  Time for last 1,000,000:   14s.  Last read position: chr8:29,023,218
INFO	2016-05-18 02:09:30	FixMateInformation	Processed   103,000,000 records.  Elapsed time: 00:28:44s.  Time for last 1,000,000:   12s.  Last read position: chr4:77,662,709
INFO	2016-05-18 02:09:45	FixMateInformation	Finished processing reads; re-sorting output file.
[Wed May 18 02:33:01 EDT 2016] picard.sam.FixMateInformation done. Elapsed time: 78.15 minutes.
Runtime.totalMemory()=1112014848
