[Wed May 18 11:11:35 EDT 2016] picard.sam.SortSam INPUT=p_DS_bkm_126-N.sam OUTPUT=p_DS_bkm_126-N/p_DS_bkm_126-N.sorted.bam SORT_ORDER=coordinate TMP_DIR=[tmp_WT] VALIDATION_STRINGENCY=LENIENT CREATE_INDEX=true    VERBOSITY=INFO QUIET=false COMPRESSION_LEVEL=5 MAX_RECORDS_IN_RAM=500000 CREATE_MD5_FILE=false GA4GH_CLIENT_SECRETS=client_secrets.json
[Wed May 18 11:11:35 EDT 2016] Executing as abdelrahman@compute-1-6.local on Linux 2.6.32-279.14.1.el6.x86_64 amd64; Java HotSpot(TM) 64-Bit Server VM 1.8.0_45-b14; Picard version: 2.3.0(9a00c87b7ffdb01cfb5a0d6e76556146196babb8_1463071327) IntelDeflater
INFO	2016-05-18 11:18:11	SortSam	Read    10,000,000 records.  Elapsed time: 00:06:34s.  Time for last 10,000,000:  394s.  Last read position: chr1:161,069,291
INFO	2016-05-18 11:24:06	SortSam	Read    20,000,000 records.  Elapsed time: 00:12:29s.  Time for last 10,000,000:  354s.  Last read position: chr20:50,048,731
INFO	2016-05-18 11:28:29	SortSam	Read    30,000,000 records.  Elapsed time: 00:16:52s.  Time for last 10,000,000:  263s.  Last read position: chr7:128,494,280
INFO	2016-05-18 11:32:48	SortSam	Read    40,000,000 records.  Elapsed time: 00:21:11s.  Time for last 10,000,000:  259s.  Last read position: chr11:65,366,797
INFO	2016-05-18 11:41:26	SortSam	Read    50,000,000 records.  Elapsed time: 00:29:49s.  Time for last 10,000,000:  517s.  Last read position: chrX:48,320,372
INFO	2016-05-18 11:46:57	SortSam	Read    60,000,000 records.  Elapsed time: 00:35:20s.  Time for last 10,000,000:  331s.  Last read position: chr2:158,114,637
INFO	2016-05-18 11:51:20	SortSam	Read    70,000,000 records.  Elapsed time: 00:39:43s.  Time for last 10,000,000:  262s.  Last read position: chrX:153,557,934
INFO	2016-05-18 11:59:10	SortSam	Read    80,000,000 records.  Elapsed time: 00:47:33s.  Time for last 10,000,000:  470s.  Last read position: chr6:111,543,359
INFO	2016-05-18 12:02:16	SortSam	Finished reading inputs, merging and writing to output now.
INFO	2016-05-18 12:11:16	SortSam	Wrote    10,000,000 records from a sorting collection.  Elapsed time: 00:59:39s.  Time for last 10,000,000:  166s.  Last read position: chr2:73,717,036
INFO	2016-05-18 12:13:16	SortSam	Wrote    20,000,000 records from a sorting collection.  Elapsed time: 01:01:39s.  Time for last 10,000,000:  119s.  Last read position: chr4:39,310,622
INFO	2016-05-18 12:15:45	SortSam	Wrote    30,000,000 records from a sorting collection.  Elapsed time: 01:04:08s.  Time for last 10,000,000:  148s.  Last read position: chr6:137,527,189
INFO	2016-05-18 12:17:34	SortSam	Wrote    40,000,000 records from a sorting collection.  Elapsed time: 01:05:57s.  Time for last 10,000,000:  109s.  Last read position: chr9:130,670,555
INFO	2016-05-18 12:19:12	SortSam	Wrote    50,000,000 records from a sorting collection.  Elapsed time: 01:07:35s.  Time for last 10,000,000:   98s.  Last read position: chr12:27,840,282
INFO	2016-05-18 12:21:06	SortSam	Wrote    60,000,000 records from a sorting collection.  Elapsed time: 01:09:29s.  Time for last 10,000,000:  113s.  Last read position: chr15:90,212,578
INFO	2016-05-18 12:23:07	SortSam	Wrote    70,000,000 records from a sorting collection.  Elapsed time: 01:11:30s.  Time for last 10,000,000:  121s.  Last read position: chr19:5,052,552
INFO	2016-05-18 12:25:09	SortSam	Wrote    80,000,000 records from a sorting collection.  Elapsed time: 01:13:32s.  Time for last 10,000,000:  121s.  Last read position: chrX:48,674,466
[Wed May 18 12:26:46 EDT 2016] picard.sam.SortSam done. Elapsed time: 75.17 minutes.
Runtime.totalMemory()=1660944384
[Wed May 18 12:26:47 EDT 2016] picard.sam.markduplicates.MarkDuplicates INPUT=[p_DS_bkm_126-N/p_DS_bkm_126-N.sorted.bam] OUTPUT=p_DS_bkm_126-N/p_DS_bkm_126-N.sorted.MarkDup.bam METRICS_FILE=MarkDup_metrics TMP_DIR=[tmp] VALIDATION_STRINGENCY=SILENT CREATE_INDEX=true    MAX_SEQUENCES_FOR_DISK_READ_ENDS_MAP=50000 MAX_FILE_HANDLES_FOR_READ_ENDS_MAP=8000 SORTING_COLLECTION_SIZE_RATIO=0.25 REMOVE_SEQUENCING_DUPLICATES=false TAGGING_POLICY=DontTag REMOVE_DUPLICATES=false ASSUME_SORTED=false DUPLICATE_SCORING_STRATEGY=SUM_OF_BASE_QUALITIES PROGRAM_RECORD_ID=MarkDuplicates PROGRAM_GROUP_NAME=MarkDuplicates READ_NAME_REGEX=<optimized capture of last three ':' separated fields as numeric values> OPTICAL_DUPLICATE_PIXEL_DISTANCE=100 VERBOSITY=INFO QUIET=false COMPRESSION_LEVEL=5 MAX_RECORDS_IN_RAM=500000 CREATE_MD5_FILE=false GA4GH_CLIENT_SECRETS=client_secrets.json
[Wed May 18 12:26:47 EDT 2016] Executing as abdelrahman@compute-1-6.local on Linux 2.6.32-279.14.1.el6.x86_64 amd64; Java HotSpot(TM) 64-Bit Server VM 1.8.0_45-b14; Picard version: 2.3.0(9a00c87b7ffdb01cfb5a0d6e76556146196babb8_1463071327) IntelDeflater
INFO	2016-05-18 12:26:47	MarkDuplicates	Start of doWork freeMemory: 502230000; totalMemory: 506462208; maxMemory: 13362528256
INFO	2016-05-18 12:26:47	MarkDuplicates	Reading input file and constructing read end information.
INFO	2016-05-18 12:26:47	MarkDuplicates	Will retain up to 51394339 data points before spilling to disk.
INFO	2016-05-18 12:26:54	MarkDuplicates	Read     1,000,000 records.  Elapsed time: 00:00:07s.  Time for last 1,000,000:    6s.  Last read position: chr1:19,558,986
INFO	2016-05-18 12:26:54	MarkDuplicates	Tracking 3429 as yet unmatched pairs. 256 records in RAM.
INFO	2016-05-18 12:27:00	MarkDuplicates	Read     2,000,000 records.  Elapsed time: 00:00:12s.  Time for last 1,000,000:    5s.  Last read position: chr1:38,323,421
INFO	2016-05-18 12:27:00	MarkDuplicates	Tracking 6415 as yet unmatched pairs. 453 records in RAM.
INFO	2016-05-18 12:27:04	MarkDuplicates	Read     3,000,000 records.  Elapsed time: 00:00:16s.  Time for last 1,000,000:    4s.  Last read position: chr1:63,299,686
INFO	2016-05-18 12:27:04	MarkDuplicates	Tracking 9716 as yet unmatched pairs. 648 records in RAM.
INFO	2016-05-18 12:27:08	MarkDuplicates	Read     4,000,000 records.  Elapsed time: 00:00:21s.  Time for last 1,000,000:    4s.  Last read position: chr1:111,494,773
INFO	2016-05-18 12:27:08	MarkDuplicates	Tracking 14135 as yet unmatched pairs. 758 records in RAM.
INFO	2016-05-18 12:27:13	MarkDuplicates	Read     5,000,000 records.  Elapsed time: 00:00:26s.  Time for last 1,000,000:    5s.  Last read position: chr1:154,685,952
INFO	2016-05-18 12:27:13	MarkDuplicates	Tracking 18237 as yet unmatched pairs. 745 records in RAM.
INFO	2016-05-18 12:27:17	MarkDuplicates	Read     6,000,000 records.  Elapsed time: 00:00:30s.  Time for last 1,000,000:    4s.  Last read position: chr1:173,332,049
INFO	2016-05-18 12:27:17	MarkDuplicates	Tracking 20832 as yet unmatched pairs. 587 records in RAM.
INFO	2016-05-18 12:27:22	MarkDuplicates	Read     7,000,000 records.  Elapsed time: 00:00:34s.  Time for last 1,000,000:    4s.  Last read position: chr1:206,902,201
INFO	2016-05-18 12:27:22	MarkDuplicates	Tracking 24257 as yet unmatched pairs. 488 records in RAM.
INFO	2016-05-18 12:27:28	MarkDuplicates	Read     8,000,000 records.  Elapsed time: 00:00:41s.  Time for last 1,000,000:    6s.  Last read position: chr1:242,023,793
INFO	2016-05-18 12:27:28	MarkDuplicates	Tracking 27782 as yet unmatched pairs. 161 records in RAM.
INFO	2016-05-18 12:27:32	MarkDuplicates	Read     9,000,000 records.  Elapsed time: 00:00:44s.  Time for last 1,000,000:    3s.  Last read position: chr2:31,167,561
INFO	2016-05-18 12:27:32	MarkDuplicates	Tracking 31326 as yet unmatched pairs. 3749 records in RAM.
INFO	2016-05-18 12:27:36	MarkDuplicates	Read    10,000,000 records.  Elapsed time: 00:00:49s.  Time for last 1,000,000:    4s.  Last read position: chr2:73,717,036
INFO	2016-05-18 12:27:36	MarkDuplicates	Tracking 44628 as yet unmatched pairs. 3022 records in RAM.
INFO	2016-05-18 12:27:41	MarkDuplicates	Read    11,000,000 records.  Elapsed time: 00:00:54s.  Time for last 1,000,000:    4s.  Last read position: chr2:120,438,705
INFO	2016-05-18 12:27:41	MarkDuplicates	Tracking 49022 as yet unmatched pairs. 2531 records in RAM.
INFO	2016-05-18 12:27:45	MarkDuplicates	Read    12,000,000 records.  Elapsed time: 00:00:57s.  Time for last 1,000,000:    3s.  Last read position: chr2:171,912,976
INFO	2016-05-18 12:27:45	MarkDuplicates	Tracking 54509 as yet unmatched pairs. 1644 records in RAM.
INFO	2016-05-18 12:27:48	MarkDuplicates	Read    13,000,000 records.  Elapsed time: 00:01:01s.  Time for last 1,000,000:    3s.  Last read position: chr2:206,605,153
INFO	2016-05-18 12:27:48	MarkDuplicates	Tracking 57074 as yet unmatched pairs. 1139 records in RAM.
INFO	2016-05-18 12:27:55	MarkDuplicates	Read    14,000,000 records.  Elapsed time: 00:01:08s.  Time for last 1,000,000:    6s.  Last read position: chr2:237,405,863
INFO	2016-05-18 12:27:55	MarkDuplicates	Tracking 59484 as yet unmatched pairs. 308 records in RAM.
INFO	2016-05-18 12:27:59	MarkDuplicates	Read    15,000,000 records.  Elapsed time: 00:01:11s.  Time for last 1,000,000:    3s.  Last read position: chr3:35,770,837
INFO	2016-05-18 12:27:59	MarkDuplicates	Tracking 61982 as yet unmatched pairs. 3382 records in RAM.
INFO	2016-05-18 12:28:04	MarkDuplicates	Read    16,000,000 records.  Elapsed time: 00:01:17s.  Time for last 1,000,000:    5s.  Last read position: chr3:50,645,116
INFO	2016-05-18 12:28:04	MarkDuplicates	Tracking 63501 as yet unmatched pairs. 2955 records in RAM.
INFO	2016-05-18 12:28:08	MarkDuplicates	Read    17,000,000 records.  Elapsed time: 00:01:20s.  Time for last 1,000,000:    3s.  Last read position: chr3:108,634,865
INFO	2016-05-18 12:28:08	MarkDuplicates	Tracking 66407 as yet unmatched pairs. 2105 records in RAM.
INFO	2016-05-18 12:28:15	MarkDuplicates	Read    18,000,000 records.  Elapsed time: 00:01:28s.  Time for last 1,000,000:    7s.  Last read position: chr3:141,161,717
INFO	2016-05-18 12:28:15	MarkDuplicates	Tracking 68487 as yet unmatched pairs. 1386 records in RAM.
INFO	2016-05-18 12:28:19	MarkDuplicates	Read    19,000,000 records.  Elapsed time: 00:01:31s.  Time for last 1,000,000:    3s.  Last read position: chr3:190,548,820
INFO	2016-05-18 12:28:19	MarkDuplicates	Tracking 70989 as yet unmatched pairs. 357 records in RAM.
INFO	2016-05-18 12:28:24	MarkDuplicates	Read    20,000,000 records.  Elapsed time: 00:01:36s.  Time for last 1,000,000:    4s.  Last read position: chr4:39,310,622
INFO	2016-05-18 12:28:24	MarkDuplicates	Tracking 73114 as yet unmatched pairs. 4285 records in RAM.
INFO	2016-05-18 12:28:28	MarkDuplicates	Read    21,000,000 records.  Elapsed time: 00:01:40s.  Time for last 1,000,000:    3s.  Last read position: chr4:89,415,524
INFO	2016-05-18 12:28:28	MarkDuplicates	Tracking 76968 as yet unmatched pairs. 2382 records in RAM.
INFO	2016-05-18 12:28:32	MarkDuplicates	Read    22,000,000 records.  Elapsed time: 00:01:45s.  Time for last 1,000,000:    4s.  Last read position: chr4:154,605,997
INFO	2016-05-18 12:28:32	MarkDuplicates	Tracking 79405 as yet unmatched pairs. 981 records in RAM.
INFO	2016-05-18 12:28:37	MarkDuplicates	Read    23,000,000 records.  Elapsed time: 00:01:49s.  Time for last 1,000,000:    4s.  Last read position: chr5:35,072,764
INFO	2016-05-18 12:28:37	MarkDuplicates	Tracking 81764 as yet unmatched pairs. 4950 records in RAM.
INFO	2016-05-18 12:28:45	MarkDuplicates	Read    24,000,000 records.  Elapsed time: 00:01:57s.  Time for last 1,000,000:    8s.  Last read position: chr5:89,924,477
INFO	2016-05-18 12:28:45	MarkDuplicates	Tracking 83501 as yet unmatched pairs. 3209 records in RAM.
INFO	2016-05-18 12:28:48	MarkDuplicates	Read    25,000,000 records.  Elapsed time: 00:02:01s.  Time for last 1,000,000:    3s.  Last read position: chr5:140,188,964
INFO	2016-05-18 12:28:48	MarkDuplicates	Tracking 85091 as yet unmatched pairs. 1659 records in RAM.
INFO	2016-05-18 12:28:53	MarkDuplicates	Read    26,000,000 records.  Elapsed time: 00:02:05s.  Time for last 1,000,000:    4s.  Last read position: chr5:175,523,633
INFO	2016-05-18 12:28:53	MarkDuplicates	Tracking 86252 as yet unmatched pairs. 400 records in RAM.
INFO	2016-05-18 12:28:57	MarkDuplicates	Read    27,000,000 records.  Elapsed time: 00:02:09s.  Time for last 1,000,000:    4s.  Last read position: chr6:28,540,319
INFO	2016-05-18 12:28:57	MarkDuplicates	Tracking 87331 as yet unmatched pairs. 5707 records in RAM.
INFO	2016-05-18 12:29:02	MarkDuplicates	Read    28,000,000 records.  Elapsed time: 00:02:14s.  Time for last 1,000,000:    4s.  Last read position: chr6:39,162,002
INFO	2016-05-18 12:29:02	MarkDuplicates	Tracking 87866 as yet unmatched pairs. 4773 records in RAM.
INFO	2016-05-18 12:29:05	MarkDuplicates	Read    29,000,000 records.  Elapsed time: 00:02:17s.  Time for last 1,000,000:    3s.  Last read position: chr6:83,881,666
INFO	2016-05-18 12:29:05	MarkDuplicates	Tracking 88953 as yet unmatched pairs. 3382 records in RAM.
INFO	2016-05-18 12:29:09	MarkDuplicates	Read    30,000,000 records.  Elapsed time: 00:02:22s.  Time for last 1,000,000:    4s.  Last read position: chr6:137,527,189
INFO	2016-05-18 12:29:09	MarkDuplicates	Tracking 89966 as yet unmatched pairs. 1512 records in RAM.
INFO	2016-05-18 12:29:13	MarkDuplicates	Read    31,000,000 records.  Elapsed time: 00:02:26s.  Time for last 1,000,000:    3s.  Last read position: chr7:6,098,824
INFO	2016-05-18 12:29:13	MarkDuplicates	Tracking 90520 as yet unmatched pairs. 6914 records in RAM.
INFO	2016-05-18 12:29:22	MarkDuplicates	Read    32,000,000 records.  Elapsed time: 00:02:34s.  Time for last 1,000,000:    8s.  Last read position: chr7:62,723,664
INFO	2016-05-18 12:29:22	MarkDuplicates	Tracking 91537 as yet unmatched pairs. 4984 records in RAM.
INFO	2016-05-18 12:29:26	MarkDuplicates	Read    33,000,000 records.  Elapsed time: 00:02:38s.  Time for last 1,000,000:    3s.  Last read position: chr7:100,551,141
INFO	2016-05-18 12:29:26	MarkDuplicates	Tracking 92588 as yet unmatched pairs. 3627 records in RAM.
INFO	2016-05-18 12:29:30	MarkDuplicates	Read    34,000,000 records.  Elapsed time: 00:02:42s.  Time for last 1,000,000:    4s.  Last read position: chr7:139,726,214
INFO	2016-05-18 12:29:30	MarkDuplicates	Tracking 92729 as yet unmatched pairs. 1197 records in RAM.
INFO	2016-05-18 12:29:35	MarkDuplicates	Read    35,000,000 records.  Elapsed time: 00:02:47s.  Time for last 1,000,000:    4s.  Last read position: chr8:19,699,393
INFO	2016-05-18 12:29:35	MarkDuplicates	Tracking 93174 as yet unmatched pairs. 5716 records in RAM.
INFO	2016-05-18 12:29:40	MarkDuplicates	Read    36,000,000 records.  Elapsed time: 00:02:52s.  Time for last 1,000,000:    5s.  Last read position: chr8:67,488,185
INFO	2016-05-18 12:29:40	MarkDuplicates	Tracking 93407 as yet unmatched pairs. 3548 records in RAM.
INFO	2016-05-18 12:29:44	MarkDuplicates	Read    37,000,000 records.  Elapsed time: 00:02:56s.  Time for last 1,000,000:    3s.  Last read position: chr8:126,517,987
INFO	2016-05-18 12:29:44	MarkDuplicates	Tracking 93600 as yet unmatched pairs. 1046 records in RAM.
INFO	2016-05-18 12:29:49	MarkDuplicates	Read    38,000,000 records.  Elapsed time: 00:03:01s.  Time for last 1,000,000:    5s.  Last read position: chr9:32,492,339
INFO	2016-05-18 12:29:49	MarkDuplicates	Tracking 93635 as yet unmatched pairs. 5765 records in RAM.
INFO	2016-05-18 12:29:52	MarkDuplicates	Read    39,000,000 records.  Elapsed time: 00:03:05s.  Time for last 1,000,000:    3s.  Last read position: chr9:97,694,025
INFO	2016-05-18 12:29:52	MarkDuplicates	Tracking 93555 as yet unmatched pairs. 3238 records in RAM.
INFO	2016-05-18 12:30:01	MarkDuplicates	Read    40,000,000 records.  Elapsed time: 00:03:13s.  Time for last 1,000,000:    8s.  Last read position: chr9:130,670,555
INFO	2016-05-18 12:30:01	MarkDuplicates	Tracking 93224 as yet unmatched pairs. 1304 records in RAM.
INFO	2016-05-18 12:30:05	MarkDuplicates	Read    41,000,000 records.  Elapsed time: 00:03:18s.  Time for last 1,000,000:    4s.  Last read position: chr10:7,217,937
INFO	2016-05-18 12:30:05	MarkDuplicates	Tracking 92799 as yet unmatched pairs. 9295 records in RAM.
INFO	2016-05-18 12:30:10	MarkDuplicates	Read    42,000,000 records.  Elapsed time: 00:03:22s.  Time for last 1,000,000:    4s.  Last read position: chr10:64,928,048
INFO	2016-05-18 12:30:10	MarkDuplicates	Tracking 92412 as yet unmatched pairs. 5051 records in RAM.
INFO	2016-05-18 12:30:13	MarkDuplicates	Read    43,000,000 records.  Elapsed time: 00:03:26s.  Time for last 1,000,000:    3s.  Last read position: chr10:99,205,497
INFO	2016-05-18 12:30:13	MarkDuplicates	Tracking 91811 as yet unmatched pairs. 2760 records in RAM.
INFO	2016-05-18 12:30:18	MarkDuplicates	Read    44,000,000 records.  Elapsed time: 00:03:30s.  Time for last 1,000,000:    4s.  Last read position: chr10:129,905,774
INFO	2016-05-18 12:30:18	MarkDuplicates	Tracking 91359 as yet unmatched pairs. 732 records in RAM.
INFO	2016-05-18 12:30:22	MarkDuplicates	Read    45,000,000 records.  Elapsed time: 00:03:34s.  Time for last 1,000,000:    3s.  Last read position: chr11:10,828,410
INFO	2016-05-18 12:30:22	MarkDuplicates	Tracking 90352 as yet unmatched pairs. 8785 records in RAM.
INFO	2016-05-18 12:30:26	MarkDuplicates	Read    46,000,000 records.  Elapsed time: 00:03:39s.  Time for last 1,000,000:    4s.  Last read position: chr11:57,102,632
INFO	2016-05-18 12:30:26	MarkDuplicates	Tracking 89475 as yet unmatched pairs. 6285 records in RAM.
INFO	2016-05-18 12:30:30	MarkDuplicates	Read    47,000,000 records.  Elapsed time: 00:03:42s.  Time for last 1,000,000:    3s.  Last read position: chr11:66,529,027
INFO	2016-05-18 12:30:30	MarkDuplicates	Tracking 88832 as yet unmatched pairs. 4768 records in RAM.
INFO	2016-05-18 12:30:34	MarkDuplicates	Read    48,000,000 records.  Elapsed time: 00:03:47s.  Time for last 1,000,000:    4s.  Last read position: chr11:103,059,267
INFO	2016-05-18 12:30:34	MarkDuplicates	Tracking 87976 as yet unmatched pairs. 2357 records in RAM.
INFO	2016-05-18 12:30:38	MarkDuplicates	Read    49,000,000 records.  Elapsed time: 00:03:50s.  Time for last 1,000,000:    3s.  Last read position: chr11:131,496,365
INFO	2016-05-18 12:30:38	MarkDuplicates	Tracking 87009 as yet unmatched pairs. 192 records in RAM.
INFO	2016-05-18 12:30:49	MarkDuplicates	Read    50,000,000 records.  Elapsed time: 00:04:02s.  Time for last 1,000,000:   11s.  Last read position: chr12:27,840,282
INFO	2016-05-18 12:30:49	MarkDuplicates	Tracking 86064 as yet unmatched pairs. 8963 records in RAM.
INFO	2016-05-18 12:30:53	MarkDuplicates	Read    51,000,000 records.  Elapsed time: 00:04:06s.  Time for last 1,000,000:    4s.  Last read position: chr12:55,820,492
INFO	2016-05-18 12:30:53	MarkDuplicates	Tracking 84990 as yet unmatched pairs. 6811 records in RAM.
INFO	2016-05-18 12:31:55	MarkDuplicates	Read    52,000,000 records.  Elapsed time: 00:05:08s.  Time for last 1,000,000:   62s.  Last read position: chr12:96,131,670
INFO	2016-05-18 12:31:55	MarkDuplicates	Tracking 83353 as yet unmatched pairs. 3613 records in RAM.
INFO	2016-05-18 12:31:59	MarkDuplicates	Read    53,000,000 records.  Elapsed time: 00:05:12s.  Time for last 1,000,000:    4s.  Last read position: chr12:123,057,676
INFO	2016-05-18 12:31:59	MarkDuplicates	Tracking 82035 as yet unmatched pairs. 1067 records in RAM.
INFO	2016-05-18 12:32:04	MarkDuplicates	Read    54,000,000 records.  Elapsed time: 00:05:16s.  Time for last 1,000,000:    4s.  Last read position: chr13:45,152,462
INFO	2016-05-18 12:32:04	MarkDuplicates	Tracking 80223 as yet unmatched pairs. 3593 records in RAM.
INFO	2016-05-18 12:32:08	MarkDuplicates	Read    55,000,000 records.  Elapsed time: 00:05:20s.  Time for last 1,000,000:    3s.  Last read position: chr14:20,925,391
INFO	2016-05-18 12:32:08	MarkDuplicates	Tracking 78117 as yet unmatched pairs. 7301 records in RAM.
INFO	2016-05-18 12:32:12	MarkDuplicates	Read    56,000,000 records.  Elapsed time: 00:05:25s.  Time for last 1,000,000:    4s.  Last read position: chr14:56,106,473
INFO	2016-05-18 12:32:12	MarkDuplicates	Tracking 76404 as yet unmatched pairs. 4603 records in RAM.
INFO	2016-05-18 12:32:16	MarkDuplicates	Read    57,000,000 records.  Elapsed time: 00:05:28s.  Time for last 1,000,000:    3s.  Last read position: chr14:93,730,244
INFO	2016-05-18 12:32:16	MarkDuplicates	Tracking 74462 as yet unmatched pairs. 1491 records in RAM.
INFO	2016-05-18 12:32:21	MarkDuplicates	Read    58,000,000 records.  Elapsed time: 00:05:33s.  Time for last 1,000,000:    5s.  Last read position: chr15:40,656,398
INFO	2016-05-18 12:32:21	MarkDuplicates	Tracking 72646 as yet unmatched pairs. 6324 records in RAM.
INFO	2016-05-18 12:32:24	MarkDuplicates	Read    59,000,000 records.  Elapsed time: 00:05:37s.  Time for last 1,000,000:    3s.  Last read position: chr15:63,620,514
INFO	2016-05-18 12:32:24	MarkDuplicates	Tracking 70845 as yet unmatched pairs. 3671 records in RAM.
INFO	2016-05-18 12:32:29	MarkDuplicates	Read    60,000,000 records.  Elapsed time: 00:05:42s.  Time for last 1,000,000:    4s.  Last read position: chr15:90,212,578
INFO	2016-05-18 12:32:29	MarkDuplicates	Tracking 68925 as yet unmatched pairs. 931 records in RAM.
INFO	2016-05-18 12:32:33	MarkDuplicates	Read    61,000,000 records.  Elapsed time: 00:05:46s.  Time for last 1,000,000:    3s.  Last read position: chr16:9,210,734
INFO	2016-05-18 12:32:33	MarkDuplicates	Tracking 67097 as yet unmatched pairs. 8776 records in RAM.
INFO	2016-05-18 12:32:38	MarkDuplicates	Read    62,000,000 records.  Elapsed time: 00:05:51s.  Time for last 1,000,000:    5s.  Last read position: chr16:33,231,114
INFO	2016-05-18 12:32:38	MarkDuplicates	Tracking 65004 as yet unmatched pairs. 5939 records in RAM.
INFO	2016-05-18 12:32:42	MarkDuplicates	Read    63,000,000 records.  Elapsed time: 00:05:54s.  Time for last 1,000,000:    3s.  Last read position: chr16:71,571,428
INFO	2016-05-18 12:32:42	MarkDuplicates	Tracking 62423 as yet unmatched pairs. 2080 records in RAM.
INFO	2016-05-18 12:32:52	MarkDuplicates	Read    64,000,000 records.  Elapsed time: 00:06:04s.  Time for last 1,000,000:   10s.  Last read position: chr17:4,846,669
INFO	2016-05-18 12:32:52	MarkDuplicates	Tracking 60290 as yet unmatched pairs. 11042 records in RAM.
INFO	2016-05-18 12:32:56	MarkDuplicates	Read    65,000,000 records.  Elapsed time: 00:06:08s.  Time for last 1,000,000:    3s.  Last read position: chr17:21,202,077
INFO	2016-05-18 12:32:56	MarkDuplicates	Tracking 58479 as yet unmatched pairs. 8769 records in RAM.
INFO	2016-05-18 12:32:59	MarkDuplicates	Read    66,000,000 records.  Elapsed time: 00:06:12s.  Time for last 1,000,000:    3s.  Last read position: chr17:40,267,008
INFO	2016-05-18 12:32:59	MarkDuplicates	Tracking 56273 as yet unmatched pairs. 6013 records in RAM.
INFO	2016-05-18 12:33:04	MarkDuplicates	Read    67,000,000 records.  Elapsed time: 00:06:16s.  Time for last 1,000,000:    4s.  Last read position: chr17:59,489,309
INFO	2016-05-18 12:33:04	MarkDuplicates	Tracking 54069 as yet unmatched pairs. 3285 records in RAM.
INFO	2016-05-18 12:33:08	MarkDuplicates	Read    68,000,000 records.  Elapsed time: 00:06:20s.  Time for last 1,000,000:    3s.  Last read position: chr17:78,992,239
INFO	2016-05-18 12:33:08	MarkDuplicates	Tracking 51782 as yet unmatched pairs. 489 records in RAM.
INFO	2016-05-18 12:33:13	MarkDuplicates	Read    69,000,000 records.  Elapsed time: 00:06:25s.  Time for last 1,000,000:    5s.  Last read position: chr18:44,435,405
INFO	2016-05-18 12:33:13	MarkDuplicates	Tracking 48423 as yet unmatched pairs. 2562 records in RAM.
INFO	2016-05-18 12:33:16	MarkDuplicates	Read    70,000,000 records.  Elapsed time: 00:06:29s.  Time for last 1,000,000:    3s.  Last read position: chr19:5,052,552
INFO	2016-05-18 12:33:16	MarkDuplicates	Tracking 45139 as yet unmatched pairs. 11831 records in RAM.
INFO	2016-05-18 12:33:21	MarkDuplicates	Read    71,000,000 records.  Elapsed time: 00:06:33s.  Time for last 1,000,000:    4s.  Last read position: chr19:14,492,349
INFO	2016-05-18 12:33:21	MarkDuplicates	Tracking 42965 as yet unmatched pairs. 9424 records in RAM.
INFO	2016-05-18 12:33:25	MarkDuplicates	Read    72,000,000 records.  Elapsed time: 00:06:37s.  Time for last 1,000,000:    3s.  Last read position: chr19:36,515,300
INFO	2016-05-18 12:33:25	MarkDuplicates	Tracking 39529 as yet unmatched pairs. 5684 records in RAM.
INFO	2016-05-18 12:33:29	MarkDuplicates	Read    73,000,000 records.  Elapsed time: 00:06:42s.  Time for last 1,000,000:    4s.  Last read position: chr19:46,733,562
INFO	2016-05-18 12:33:29	MarkDuplicates	Tracking 37610 as yet unmatched pairs. 3514 records in RAM.
INFO	2016-05-18 12:33:33	MarkDuplicates	Read    74,000,000 records.  Elapsed time: 00:06:45s.  Time for last 1,000,000:    3s.  Last read position: chr19:55,853,434
INFO	2016-05-18 12:33:33	MarkDuplicates	Tracking 35264 as yet unmatched pairs. 893 records in RAM.
INFO	2016-05-18 12:33:41	MarkDuplicates	Read    75,000,000 records.  Elapsed time: 00:06:54s.  Time for last 1,000,000:    8s.  Last read position: chr20:25,657,523
INFO	2016-05-18 12:33:41	MarkDuplicates	Tracking 32452 as yet unmatched pairs. 5018 records in RAM.
INFO	2016-05-18 12:33:45	MarkDuplicates	Read    76,000,000 records.  Elapsed time: 00:06:57s.  Time for last 1,000,000:    3s.  Last read position: chr20:51,872,260
INFO	2016-05-18 12:33:45	MarkDuplicates	Tracking 29661 as yet unmatched pairs. 1516 records in RAM.
INFO	2016-05-18 12:33:50	MarkDuplicates	Read    77,000,000 records.  Elapsed time: 00:07:02s.  Time for last 1,000,000:    4s.  Last read position: chr21:43,412,230
INFO	2016-05-18 12:33:50	MarkDuplicates	Tracking 24489 as yet unmatched pairs. 912 records in RAM.
INFO	2016-05-18 12:33:53	MarkDuplicates	Read    78,000,000 records.  Elapsed time: 00:07:06s.  Time for last 1,000,000:    3s.  Last read position: chr22:30,818,187
INFO	2016-05-18 12:33:53	MarkDuplicates	Tracking 21997 as yet unmatched pairs. 3289 records in RAM.
INFO	2016-05-18 12:33:58	MarkDuplicates	Read    79,000,000 records.  Elapsed time: 00:07:10s.  Time for last 1,000,000:    4s.  Last read position: chr22:50,873,281
INFO	2016-05-18 12:33:58	MarkDuplicates	Tracking 19054 as yet unmatched pairs. 205 records in RAM.
INFO	2016-05-18 12:34:03	MarkDuplicates	Read    80,000,000 records.  Elapsed time: 00:07:15s.  Time for last 1,000,000:    4s.  Last read position: chrX:48,674,466
INFO	2016-05-18 12:34:03	MarkDuplicates	Tracking 14637 as yet unmatched pairs. 10114 records in RAM.
INFO	2016-05-18 12:34:06	MarkDuplicates	Read    81,000,000 records.  Elapsed time: 00:07:18s.  Time for last 1,000,000:    3s.  Last read position: chrX:100,608,755
INFO	2016-05-18 12:34:06	MarkDuplicates	Tracking 10262 as yet unmatched pairs. 5717 records in RAM.
INFO	2016-05-18 12:34:11	MarkDuplicates	Read    82,000,000 records.  Elapsed time: 00:07:23s.  Time for last 1,000,000:    4s.  Last read position: chrX:151,393,237
INFO	2016-05-18 12:34:11	MarkDuplicates	Tracking 5352 as yet unmatched pairs. 785 records in RAM.
INFO	2016-05-18 12:34:12	MarkDuplicates	Read 82309817 records. 0 pairs never matched.
INFO	2016-05-18 12:34:51	MarkDuplicates	After buildSortedReadEndLists freeMemory: 7326942432; totalMemory: 10550771712; maxMemory: 13362528256
INFO	2016-05-18 12:34:52	MarkDuplicates	Will retain up to 417579008 duplicate indices before spilling to disk.
INFO	2016-05-18 12:34:52	MarkDuplicates	Traversing read pair information and detecting duplicates.
INFO	2016-05-18 12:35:00	MarkDuplicates	Traversing fragment information and detecting duplicates.
INFO	2016-05-18 12:35:32	MarkDuplicates	Sorting list of duplicate records.
INFO	2016-05-18 12:35:34	MarkDuplicates	After generateDuplicateIndexes freeMemory: 10489978160; totalMemory: 13914079232; maxMemory: 13914079232
INFO	2016-05-18 12:35:34	MarkDuplicates	Marking 7418411 records as duplicates.
INFO	2016-05-18 12:35:34	MarkDuplicates	Found 2184 optical duplicate clusters.
INFO	2016-05-18 12:35:34	MarkDuplicates	Reads are assumed to be ordered by: coordinate
INFO	2016-05-18 12:37:50	MarkDuplicates	Written    10,000,000 records.  Elapsed time: 00:02:16s.  Time for last 10,000,000:  136s.  Last read position: chr2:73,717,036
INFO	2016-05-18 12:40:16	MarkDuplicates	Written    20,000,000 records.  Elapsed time: 00:04:41s.  Time for last 10,000,000:  145s.  Last read position: chr4:39,310,622
INFO	2016-05-18 12:42:31	MarkDuplicates	Written    30,000,000 records.  Elapsed time: 00:06:57s.  Time for last 10,000,000:  135s.  Last read position: chr6:137,527,189
INFO	2016-05-18 12:44:42	MarkDuplicates	Written    40,000,000 records.  Elapsed time: 00:09:08s.  Time for last 10,000,000:  131s.  Last read position: chr9:130,670,555
INFO	2016-05-18 12:46:56	MarkDuplicates	Written    50,000,000 records.  Elapsed time: 00:11:22s.  Time for last 10,000,000:  134s.  Last read position: chr12:27,840,282
INFO	2016-05-18 12:49:12	MarkDuplicates	Written    60,000,000 records.  Elapsed time: 00:13:38s.  Time for last 10,000,000:  135s.  Last read position: chr15:90,212,578
INFO	2016-05-18 12:51:36	MarkDuplicates	Written    70,000,000 records.  Elapsed time: 00:16:02s.  Time for last 10,000,000:  143s.  Last read position: chr19:5,052,552
INFO	2016-05-18 12:53:56	MarkDuplicates	Written    80,000,000 records.  Elapsed time: 00:18:22s.  Time for last 10,000,000:  140s.  Last read position: chrX:48,674,466
INFO	2016-05-18 12:54:29	MarkDuplicates	Before output close freeMemory: 13711951296; totalMemory: 13802930176; maxMemory: 13802930176
INFO	2016-05-18 12:54:30	MarkDuplicates	After output close freeMemory: 13764903432; totalMemory: 13855883264; maxMemory: 13855883264
[Wed May 18 12:54:45 EDT 2016] picard.sam.markduplicates.MarkDuplicates done. Elapsed time: 27.98 minutes.
Runtime.totalMemory()=13855883264
[Wed May 18 12:54:46 EDT 2016] picard.sam.AddOrReplaceReadGroups INPUT=p_DS_bkm_126-N/p_DS_bkm_126-N.sorted.MarkDup.bam OUTPUT=p_DS_bkm_126-N/p_DS_bkm_126-N.sorted.MarkDup.fixed.bam SORT_ORDER=coordinate RGID=id RGLB=bar RGPL=Illumina RGPU=platform RGSM=sample1 TMP_DIR=[tmp] VALIDATION_STRINGENCY=SILENT CREATE_INDEX=true    VERBOSITY=INFO QUIET=false COMPRESSION_LEVEL=5 MAX_RECORDS_IN_RAM=500000 CREATE_MD5_FILE=false GA4GH_CLIENT_SECRETS=client_secrets.json
[Wed May 18 12:54:46 EDT 2016] Executing as abdelrahman@compute-1-6.local on Linux 2.6.32-279.14.1.el6.x86_64 amd64; Java HotSpot(TM) 64-Bit Server VM 1.8.0_45-b14; Picard version: 2.3.0(9a00c87b7ffdb01cfb5a0d6e76556146196babb8_1463071327) IntelDeflater
INFO	2016-05-18 12:54:46	AddOrReplaceReadGroups	Created read group ID=id PL=Illumina LB=bar SM=sample1

INFO	2016-05-18 12:55:00	AddOrReplaceReadGroups	Processed     1,000,000 records.  Elapsed time: 00:00:14s.  Time for last 1,000,000:   14s.  Last read position: chr1:19,558,986
INFO	2016-05-18 12:55:14	AddOrReplaceReadGroups	Processed     2,000,000 records.  Elapsed time: 00:00:27s.  Time for last 1,000,000:   13s.  Last read position: chr1:38,323,421
INFO	2016-05-18 12:55:31	AddOrReplaceReadGroups	Processed     3,000,000 records.  Elapsed time: 00:00:45s.  Time for last 1,000,000:   17s.  Last read position: chr1:63,299,686
INFO	2016-05-18 12:55:45	AddOrReplaceReadGroups	Processed     4,000,000 records.  Elapsed time: 00:00:58s.  Time for last 1,000,000:   13s.  Last read position: chr1:111,494,773
INFO	2016-05-18 12:56:02	AddOrReplaceReadGroups	Processed     5,000,000 records.  Elapsed time: 00:01:15s.  Time for last 1,000,000:   17s.  Last read position: chr1:154,685,952
INFO	2016-05-18 12:56:17	AddOrReplaceReadGroups	Processed     6,000,000 records.  Elapsed time: 00:01:30s.  Time for last 1,000,000:   15s.  Last read position: chr1:173,332,049
INFO	2016-05-18 12:56:34	AddOrReplaceReadGroups	Processed     7,000,000 records.  Elapsed time: 00:01:48s.  Time for last 1,000,000:   17s.  Last read position: chr1:206,902,201
INFO	2016-05-18 12:56:49	AddOrReplaceReadGroups	Processed     8,000,000 records.  Elapsed time: 00:02:03s.  Time for last 1,000,000:   14s.  Last read position: chr1:242,023,793
INFO	2016-05-18 12:57:08	AddOrReplaceReadGroups	Processed     9,000,000 records.  Elapsed time: 00:02:21s.  Time for last 1,000,000:   18s.  Last read position: chr2:31,167,561
INFO	2016-05-18 12:57:21	AddOrReplaceReadGroups	Processed    10,000,000 records.  Elapsed time: 00:02:34s.  Time for last 1,000,000:   13s.  Last read position: chr2:73,717,036
INFO	2016-05-18 12:57:37	AddOrReplaceReadGroups	Processed    11,000,000 records.  Elapsed time: 00:02:51s.  Time for last 1,000,000:   16s.  Last read position: chr2:120,438,705
INFO	2016-05-18 12:57:52	AddOrReplaceReadGroups	Processed    12,000,000 records.  Elapsed time: 00:03:05s.  Time for last 1,000,000:   14s.  Last read position: chr2:171,912,976
INFO	2016-05-18 12:58:08	AddOrReplaceReadGroups	Processed    13,000,000 records.  Elapsed time: 00:03:21s.  Time for last 1,000,000:   16s.  Last read position: chr2:206,605,153
INFO	2016-05-18 12:58:22	AddOrReplaceReadGroups	Processed    14,000,000 records.  Elapsed time: 00:03:35s.  Time for last 1,000,000:   13s.  Last read position: chr2:237,405,863
INFO	2016-05-18 12:58:38	AddOrReplaceReadGroups	Processed    15,000,000 records.  Elapsed time: 00:03:51s.  Time for last 1,000,000:   15s.  Last read position: chr3:35,770,837
INFO	2016-05-18 12:58:51	AddOrReplaceReadGroups	Processed    16,000,000 records.  Elapsed time: 00:04:05s.  Time for last 1,000,000:   13s.  Last read position: chr3:50,645,116
INFO	2016-05-18 12:59:08	AddOrReplaceReadGroups	Processed    17,000,000 records.  Elapsed time: 00:04:21s.  Time for last 1,000,000:   16s.  Last read position: chr3:108,634,865
INFO	2016-05-18 12:59:21	AddOrReplaceReadGroups	Processed    18,000,000 records.  Elapsed time: 00:04:34s.  Time for last 1,000,000:   13s.  Last read position: chr3:141,161,717
INFO	2016-05-18 12:59:34	AddOrReplaceReadGroups	Processed    19,000,000 records.  Elapsed time: 00:04:47s.  Time for last 1,000,000:   12s.  Last read position: chr3:190,548,820
INFO	2016-05-18 12:59:47	AddOrReplaceReadGroups	Processed    20,000,000 records.  Elapsed time: 00:05:01s.  Time for last 1,000,000:   13s.  Last read position: chr4:39,310,622
INFO	2016-05-18 13:00:01	AddOrReplaceReadGroups	Processed    21,000,000 records.  Elapsed time: 00:05:14s.  Time for last 1,000,000:   13s.  Last read position: chr4:89,415,524
INFO	2016-05-18 13:00:18	AddOrReplaceReadGroups	Processed    22,000,000 records.  Elapsed time: 00:05:31s.  Time for last 1,000,000:   17s.  Last read position: chr4:154,605,997
INFO	2016-05-18 13:00:31	AddOrReplaceReadGroups	Processed    23,000,000 records.  Elapsed time: 00:05:44s.  Time for last 1,000,000:   12s.  Last read position: chr5:35,072,764
INFO	2016-05-18 13:00:44	AddOrReplaceReadGroups	Processed    24,000,000 records.  Elapsed time: 00:05:57s.  Time for last 1,000,000:   12s.  Last read position: chr5:89,924,477
INFO	2016-05-18 13:00:57	AddOrReplaceReadGroups	Processed    25,000,000 records.  Elapsed time: 00:06:10s.  Time for last 1,000,000:   13s.  Last read position: chr5:140,188,964
INFO	2016-05-18 13:01:10	AddOrReplaceReadGroups	Processed    26,000,000 records.  Elapsed time: 00:06:23s.  Time for last 1,000,000:   13s.  Last read position: chr5:175,523,633
INFO	2016-05-18 13:01:23	AddOrReplaceReadGroups	Processed    27,000,000 records.  Elapsed time: 00:06:36s.  Time for last 1,000,000:   12s.  Last read position: chr6:28,540,319
INFO	2016-05-18 13:01:37	AddOrReplaceReadGroups	Processed    28,000,000 records.  Elapsed time: 00:06:51s.  Time for last 1,000,000:   14s.  Last read position: chr6:39,162,002
INFO	2016-05-18 13:01:54	AddOrReplaceReadGroups	Processed    29,000,000 records.  Elapsed time: 00:07:07s.  Time for last 1,000,000:   16s.  Last read position: chr6:83,881,666
INFO	2016-05-18 13:02:07	AddOrReplaceReadGroups	Processed    30,000,000 records.  Elapsed time: 00:07:20s.  Time for last 1,000,000:   13s.  Last read position: chr6:137,527,189
INFO	2016-05-18 13:02:21	AddOrReplaceReadGroups	Processed    31,000,000 records.  Elapsed time: 00:07:34s.  Time for last 1,000,000:   13s.  Last read position: chr7:6,098,824
INFO	2016-05-18 13:02:34	AddOrReplaceReadGroups	Processed    32,000,000 records.  Elapsed time: 00:07:48s.  Time for last 1,000,000:   13s.  Last read position: chr7:62,723,664
INFO	2016-05-18 13:02:47	AddOrReplaceReadGroups	Processed    33,000,000 records.  Elapsed time: 00:08:01s.  Time for last 1,000,000:   13s.  Last read position: chr7:100,551,141
INFO	2016-05-18 13:03:04	AddOrReplaceReadGroups	Processed    34,000,000 records.  Elapsed time: 00:08:17s.  Time for last 1,000,000:   16s.  Last read position: chr7:139,726,214
INFO	2016-05-18 13:03:16	AddOrReplaceReadGroups	Processed    35,000,000 records.  Elapsed time: 00:08:30s.  Time for last 1,000,000:   12s.  Last read position: chr8:19,699,393
INFO	2016-05-18 13:03:29	AddOrReplaceReadGroups	Processed    36,000,000 records.  Elapsed time: 00:08:42s.  Time for last 1,000,000:   12s.  Last read position: chr8:67,488,185
INFO	2016-05-18 13:03:42	AddOrReplaceReadGroups	Processed    37,000,000 records.  Elapsed time: 00:08:56s.  Time for last 1,000,000:   13s.  Last read position: chr8:126,517,987
INFO	2016-05-18 13:03:59	AddOrReplaceReadGroups	Processed    38,000,000 records.  Elapsed time: 00:09:12s.  Time for last 1,000,000:   16s.  Last read position: chr9:32,492,339
INFO	2016-05-18 13:04:12	AddOrReplaceReadGroups	Processed    39,000,000 records.  Elapsed time: 00:09:26s.  Time for last 1,000,000:   13s.  Last read position: chr9:97,694,025
INFO	2016-05-18 13:04:28	AddOrReplaceReadGroups	Processed    40,000,000 records.  Elapsed time: 00:09:41s.  Time for last 1,000,000:   15s.  Last read position: chr9:130,670,555
INFO	2016-05-18 13:04:42	AddOrReplaceReadGroups	Processed    41,000,000 records.  Elapsed time: 00:09:55s.  Time for last 1,000,000:   13s.  Last read position: chr10:7,217,937
INFO	2016-05-18 13:04:59	AddOrReplaceReadGroups	Processed    42,000,000 records.  Elapsed time: 00:10:12s.  Time for last 1,000,000:   17s.  Last read position: chr10:64,928,048
INFO	2016-05-18 13:05:13	AddOrReplaceReadGroups	Processed    43,000,000 records.  Elapsed time: 00:10:26s.  Time for last 1,000,000:   13s.  Last read position: chr10:99,205,497
INFO	2016-05-18 13:05:29	AddOrReplaceReadGroups	Processed    44,000,000 records.  Elapsed time: 00:10:42s.  Time for last 1,000,000:   16s.  Last read position: chr10:129,905,774
INFO	2016-05-18 13:05:43	AddOrReplaceReadGroups	Processed    45,000,000 records.  Elapsed time: 00:10:56s.  Time for last 1,000,000:   13s.  Last read position: chr11:10,828,410
INFO	2016-05-18 13:05:56	AddOrReplaceReadGroups	Processed    46,000,000 records.  Elapsed time: 00:11:10s.  Time for last 1,000,000:   13s.  Last read position: chr11:57,102,632
INFO	2016-05-18 13:06:11	AddOrReplaceReadGroups	Processed    47,000,000 records.  Elapsed time: 00:11:25s.  Time for last 1,000,000:   14s.  Last read position: chr11:66,529,027
INFO	2016-05-18 13:06:25	AddOrReplaceReadGroups	Processed    48,000,000 records.  Elapsed time: 00:11:38s.  Time for last 1,000,000:   13s.  Last read position: chr11:103,059,267
INFO	2016-05-18 13:06:43	AddOrReplaceReadGroups	Processed    49,000,000 records.  Elapsed time: 00:11:56s.  Time for last 1,000,000:   18s.  Last read position: chr11:131,496,365
INFO	2016-05-18 13:06:58	AddOrReplaceReadGroups	Processed    50,000,000 records.  Elapsed time: 00:12:11s.  Time for last 1,000,000:   15s.  Last read position: chr12:27,840,282
INFO	2016-05-18 13:07:13	AddOrReplaceReadGroups	Processed    51,000,000 records.  Elapsed time: 00:12:27s.  Time for last 1,000,000:   15s.  Last read position: chr12:55,820,492
INFO	2016-05-18 13:07:30	AddOrReplaceReadGroups	Processed    52,000,000 records.  Elapsed time: 00:12:43s.  Time for last 1,000,000:   16s.  Last read position: chr12:96,131,670
INFO	2016-05-18 13:07:44	AddOrReplaceReadGroups	Processed    53,000,000 records.  Elapsed time: 00:12:57s.  Time for last 1,000,000:   13s.  Last read position: chr12:123,057,676
INFO	2016-05-18 13:08:00	AddOrReplaceReadGroups	Processed    54,000,000 records.  Elapsed time: 00:13:13s.  Time for last 1,000,000:   16s.  Last read position: chr13:45,152,462
INFO	2016-05-18 13:08:14	AddOrReplaceReadGroups	Processed    55,000,000 records.  Elapsed time: 00:13:28s.  Time for last 1,000,000:   14s.  Last read position: chr14:20,925,391
INFO	2016-05-18 13:08:32	AddOrReplaceReadGroups	Processed    56,000,000 records.  Elapsed time: 00:13:45s.  Time for last 1,000,000:   17s.  Last read position: chr14:56,106,473
INFO	2016-05-18 13:08:45	AddOrReplaceReadGroups	Processed    57,000,000 records.  Elapsed time: 00:13:58s.  Time for last 1,000,000:   13s.  Last read position: chr14:93,730,244
INFO	2016-05-18 13:09:03	AddOrReplaceReadGroups	Processed    58,000,000 records.  Elapsed time: 00:14:16s.  Time for last 1,000,000:   17s.  Last read position: chr15:40,656,398
INFO	2016-05-18 13:09:17	AddOrReplaceReadGroups	Processed    59,000,000 records.  Elapsed time: 00:14:31s.  Time for last 1,000,000:   14s.  Last read position: chr15:63,620,514
INFO	2016-05-18 13:09:34	AddOrReplaceReadGroups	Processed    60,000,000 records.  Elapsed time: 00:14:48s.  Time for last 1,000,000:   16s.  Last read position: chr15:90,212,578
INFO	2016-05-18 13:09:48	AddOrReplaceReadGroups	Processed    61,000,000 records.  Elapsed time: 00:15:02s.  Time for last 1,000,000:   14s.  Last read position: chr16:9,210,734
INFO	2016-05-18 13:10:06	AddOrReplaceReadGroups	Processed    62,000,000 records.  Elapsed time: 00:15:20s.  Time for last 1,000,000:   17s.  Last read position: chr16:33,231,114
INFO	2016-05-18 13:10:20	AddOrReplaceReadGroups	Processed    63,000,000 records.  Elapsed time: 00:15:34s.  Time for last 1,000,000:   14s.  Last read position: chr16:71,571,428
INFO	2016-05-18 13:10:37	AddOrReplaceReadGroups	Processed    64,000,000 records.  Elapsed time: 00:15:50s.  Time for last 1,000,000:   16s.  Last read position: chr17:4,846,669
INFO	2016-05-18 13:10:51	AddOrReplaceReadGroups	Processed    65,000,000 records.  Elapsed time: 00:16:05s.  Time for last 1,000,000:   14s.  Last read position: chr17:21,202,077
INFO	2016-05-18 13:11:06	AddOrReplaceReadGroups	Processed    66,000,000 records.  Elapsed time: 00:16:20s.  Time for last 1,000,000:   14s.  Last read position: chr17:40,267,008
INFO	2016-05-18 13:11:20	AddOrReplaceReadGroups	Processed    67,000,000 records.  Elapsed time: 00:16:34s.  Time for last 1,000,000:   14s.  Last read position: chr17:59,489,309
INFO	2016-05-18 13:11:35	AddOrReplaceReadGroups	Processed    68,000,000 records.  Elapsed time: 00:16:48s.  Time for last 1,000,000:   14s.  Last read position: chr17:78,992,239
INFO	2016-05-18 13:11:49	AddOrReplaceReadGroups	Processed    69,000,000 records.  Elapsed time: 00:17:02s.  Time for last 1,000,000:   14s.  Last read position: chr18:44,435,405
INFO	2016-05-18 13:12:06	AddOrReplaceReadGroups	Processed    70,000,000 records.  Elapsed time: 00:17:20s.  Time for last 1,000,000:   17s.  Last read position: chr19:5,052,552
INFO	2016-05-18 13:12:20	AddOrReplaceReadGroups	Processed    71,000,000 records.  Elapsed time: 00:17:34s.  Time for last 1,000,000:   14s.  Last read position: chr19:14,492,349
INFO	2016-05-18 13:12:37	AddOrReplaceReadGroups	Processed    72,000,000 records.  Elapsed time: 00:17:51s.  Time for last 1,000,000:   16s.  Last read position: chr19:36,515,300
INFO	2016-05-18 13:12:50	AddOrReplaceReadGroups	Processed    73,000,000 records.  Elapsed time: 00:18:04s.  Time for last 1,000,000:   13s.  Last read position: chr19:46,733,562
INFO	2016-05-18 13:13:08	AddOrReplaceReadGroups	Processed    74,000,000 records.  Elapsed time: 00:18:21s.  Time for last 1,000,000:   17s.  Last read position: chr19:55,853,434
INFO	2016-05-18 13:13:22	AddOrReplaceReadGroups	Processed    75,000,000 records.  Elapsed time: 00:18:35s.  Time for last 1,000,000:   13s.  Last read position: chr20:25,657,523
INFO	2016-05-18 13:13:40	AddOrReplaceReadGroups	Processed    76,000,000 records.  Elapsed time: 00:18:53s.  Time for last 1,000,000:   18s.  Last read position: chr20:51,872,260
INFO	2016-05-18 13:13:54	AddOrReplaceReadGroups	Processed    77,000,000 records.  Elapsed time: 00:19:07s.  Time for last 1,000,000:   14s.  Last read position: chr21:43,412,230
INFO	2016-05-18 13:14:12	AddOrReplaceReadGroups	Processed    78,000,000 records.  Elapsed time: 00:19:25s.  Time for last 1,000,000:   17s.  Last read position: chr22:30,818,187
INFO	2016-05-18 13:14:27	AddOrReplaceReadGroups	Processed    79,000,000 records.  Elapsed time: 00:19:40s.  Time for last 1,000,000:   15s.  Last read position: chr22:50,873,281
INFO	2016-05-18 13:14:41	AddOrReplaceReadGroups	Processed    80,000,000 records.  Elapsed time: 00:19:55s.  Time for last 1,000,000:   14s.  Last read position: chrX:48,674,466
INFO	2016-05-18 13:14:59	AddOrReplaceReadGroups	Processed    81,000,000 records.  Elapsed time: 00:20:13s.  Time for last 1,000,000:   17s.  Last read position: chrX:100,608,755
INFO	2016-05-18 13:15:14	AddOrReplaceReadGroups	Processed    82,000,000 records.  Elapsed time: 00:20:27s.  Time for last 1,000,000:   14s.  Last read position: chrX:151,393,237
[Wed May 18 13:15:23 EDT 2016] picard.sam.AddOrReplaceReadGroups done. Elapsed time: 20.62 minutes.
Runtime.totalMemory()=395313152
[Wed May 18 13:15:23 EDT 2016] picard.sam.FixMateInformation INPUT=[p_DS_bkm_126-N/p_DS_bkm_126-N.sorted.MarkDup.fixed.bam] OUTPUT=p_DS_bkm_126-N/p_DS_bkm_126-N.sorted.MarkDup.realn.fixed.bam SORT_ORDER=coordinate TMP_DIR=[tmp/flx] VALIDATION_STRINGENCY=LENIENT CREATE_INDEX=true    ASSUME_SORTED=false ADD_MATE_CIGAR=true IGNORE_MISSING_MATES=true VERBOSITY=INFO QUIET=false COMPRESSION_LEVEL=5 MAX_RECORDS_IN_RAM=500000 CREATE_MD5_FILE=false GA4GH_CLIENT_SECRETS=client_secrets.json
[Wed May 18 13:15:23 EDT 2016] Executing as abdelrahman@compute-1-6.local on Linux 2.6.32-279.14.1.el6.x86_64 amd64; Java HotSpot(TM) 64-Bit Server VM 1.8.0_45-b14; Picard version: 2.3.0(9a00c87b7ffdb01cfb5a0d6e76556146196babb8_1463071327) IntelDeflater
INFO	2016-05-18 13:15:24	FixMateInformation	Sorting input into queryname order.
INFO	2016-05-18 13:31:47	FixMateInformation	Sorting by queryname complete.
INFO	2016-05-18 13:31:47	FixMateInformation	Output will be sorted by coordinate
INFO	2016-05-18 13:31:47	FixMateInformation	Traversing query name sorted records and fixing up mate pair information.
INFO	2016-05-18 13:31:56	FixMateInformation	Processed     1,000,000 records.  Elapsed time: 00:00:09s.  Time for last 1,000,000:    9s.  Last read position: chr11:20,625,890
INFO	2016-05-18 13:32:25	FixMateInformation	Processed     2,000,000 records.  Elapsed time: 00:00:38s.  Time for last 1,000,000:   29s.  Last read position: chr1:174,247,840
INFO	2016-05-18 13:32:38	FixMateInformation	Processed     3,000,000 records.  Elapsed time: 00:00:51s.  Time for last 1,000,000:   13s.  Last read position: chr9:101,825,336
INFO	2016-05-18 13:32:51	FixMateInformation	Processed     4,000,000 records.  Elapsed time: 00:01:04s.  Time for last 1,000,000:   13s.  Last read position: chr6:158,924,779
INFO	2016-05-18 13:33:14	FixMateInformation	Processed     5,000,000 records.  Elapsed time: 00:01:26s.  Time for last 1,000,000:   22s.  Last read position: chr4:44,295,331
INFO	2016-05-18 13:33:26	FixMateInformation	Processed     6,000,000 records.  Elapsed time: 00:01:39s.  Time for last 1,000,000:   12s.  Last read position: chr4:113,378,452
INFO	2016-05-18 13:33:40	FixMateInformation	Processed     7,000,000 records.  Elapsed time: 00:01:53s.  Time for last 1,000,000:   13s.  Last read position: chr6:31,963,817
INFO	2016-05-18 13:33:53	FixMateInformation	Processed     8,000,000 records.  Elapsed time: 00:02:06s.  Time for last 1,000,000:   13s.  Last read position: chr7:912,988
INFO	2016-05-18 13:34:06	FixMateInformation	Processed     9,000,000 records.  Elapsed time: 00:02:19s.  Time for last 1,000,000:   13s.  Last read position: chr15:48,499,649
INFO	2016-05-18 13:34:25	FixMateInformation	Processed    10,000,000 records.  Elapsed time: 00:02:37s.  Time for last 1,000,000:   18s.  Last read position: chr4:5,690,586
INFO	2016-05-18 13:34:38	FixMateInformation	Processed    11,000,000 records.  Elapsed time: 00:02:51s.  Time for last 1,000,000:   13s.  Last read position: chr11:18,379,885
INFO	2016-05-18 13:34:51	FixMateInformation	Processed    12,000,000 records.  Elapsed time: 00:03:04s.  Time for last 1,000,000:   12s.  Last read position: chr4:32,259,259
INFO	2016-05-18 13:35:04	FixMateInformation	Processed    13,000,000 records.  Elapsed time: 00:03:17s.  Time for last 1,000,000:   13s.  Last read position: chr22:21,372,363
INFO	2016-05-18 13:35:17	FixMateInformation	Processed    14,000,000 records.  Elapsed time: 00:03:30s.  Time for last 1,000,000:   12s.  Last read position: chr16:18,475,354
INFO	2016-05-18 13:35:33	FixMateInformation	Processed    15,000,000 records.  Elapsed time: 00:03:45s.  Time for last 1,000,000:   15s.  Last read position: chr11:1,768,835
INFO	2016-05-18 13:35:50	FixMateInformation	Processed    16,000,000 records.  Elapsed time: 00:04:03s.  Time for last 1,000,000:   17s.  Last read position: chr19:19,334,888
INFO	2016-05-18 13:36:05	FixMateInformation	Processed    17,000,000 records.  Elapsed time: 00:04:17s.  Time for last 1,000,000:   14s.  Last read position: chrX:49,065,582
INFO	2016-05-18 13:36:17	FixMateInformation	Processed    18,000,000 records.  Elapsed time: 00:04:30s.  Time for last 1,000,000:   12s.  Last read position: chr7:158,823,405
INFO	2016-05-18 13:36:31	FixMateInformation	Processed    19,000,000 records.  Elapsed time: 00:04:44s.  Time for last 1,000,000:   13s.  Last read position: chr1:215,792,301
INFO	2016-05-18 13:36:44	FixMateInformation	Processed    20,000,000 records.  Elapsed time: 00:04:57s.  Time for last 1,000,000:   13s.  Last read position: chrX:110,653,197
INFO	2016-05-18 13:36:59	FixMateInformation	Processed    21,000,000 records.  Elapsed time: 00:05:12s.  Time for last 1,000,000:   14s.  Last read position: chr6:109,315,376
INFO	2016-05-18 13:37:32	FixMateInformation	Processed    22,000,000 records.  Elapsed time: 00:05:45s.  Time for last 1,000,000:   33s.  Last read position: chr4:53,731,845
INFO	2016-05-18 13:37:47	FixMateInformation	Processed    23,000,000 records.  Elapsed time: 00:05:59s.  Time for last 1,000,000:   14s.  Last read position: chr17:38,178,779
INFO	2016-05-18 13:38:05	FixMateInformation	Processed    24,000,000 records.  Elapsed time: 00:06:17s.  Time for last 1,000,000:   17s.  Last read position: chr19:55,361,974
INFO	2016-05-18 13:38:19	FixMateInformation	Processed    25,000,000 records.  Elapsed time: 00:06:32s.  Time for last 1,000,000:   14s.  Last read position: chr11:67,201,775
INFO	2016-05-18 13:38:34	FixMateInformation	Processed    26,000,000 records.  Elapsed time: 00:06:47s.  Time for last 1,000,000:   14s.  Last read position: chr14:56,763,792
INFO	2016-05-18 13:38:48	FixMateInformation	Processed    27,000,000 records.  Elapsed time: 00:07:01s.  Time for last 1,000,000:   13s.  Last read position: chr19:45,755,045
INFO	2016-05-18 13:39:10	FixMateInformation	Processed    28,000,000 records.  Elapsed time: 00:07:23s.  Time for last 1,000,000:   21s.  Last read position: chr2:27,291,811
INFO	2016-05-18 13:39:23	FixMateInformation	Processed    29,000,000 records.  Elapsed time: 00:07:35s.  Time for last 1,000,000:   12s.  Last read position: chr5:43,506,061
INFO	2016-05-18 13:39:49	FixMateInformation	Processed    30,000,000 records.  Elapsed time: 00:08:02s.  Time for last 1,000,000:   26s.  Last read position: chr14:36,777,262
INFO	2016-05-18 13:40:18	FixMateInformation	Processed    31,000,000 records.  Elapsed time: 00:08:31s.  Time for last 1,000,000:   29s.  Last read position: chr8:125,570,868
INFO	2016-05-18 13:40:41	FixMateInformation	Processed    32,000,000 records.  Elapsed time: 00:08:54s.  Time for last 1,000,000:   22s.  Last read position: chr11:65,790,160
INFO	2016-05-18 13:41:05	FixMateInformation	Processed    33,000,000 records.  Elapsed time: 00:09:18s.  Time for last 1,000,000:   23s.  Last read position: chr17:42,851,984
INFO	2016-05-18 13:41:23	FixMateInformation	Processed    34,000,000 records.  Elapsed time: 00:09:36s.  Time for last 1,000,000:   17s.  Last read position: chr5:147,000,200
INFO	2016-05-18 13:41:38	FixMateInformation	Processed    35,000,000 records.  Elapsed time: 00:09:51s.  Time for last 1,000,000:   15s.  Last read position: chr19:55,146,046
INFO	2016-05-18 13:42:17	FixMateInformation	Processed    36,000,000 records.  Elapsed time: 00:10:30s.  Time for last 1,000,000:   38s.  Last read position: chrX:96,938,381
INFO	2016-05-18 13:42:35	FixMateInformation	Processed    37,000,000 records.  Elapsed time: 00:10:48s.  Time for last 1,000,000:   18s.  Last read position: chr11:62,414,621
INFO	2016-05-18 13:42:49	FixMateInformation	Processed    38,000,000 records.  Elapsed time: 00:11:02s.  Time for last 1,000,000:   13s.  Last read position: chr16:70,562,972
INFO	2016-05-18 13:43:07	FixMateInformation	Processed    39,000,000 records.  Elapsed time: 00:11:20s.  Time for last 1,000,000:   18s.  Last read position: chr20:30,526,953
INFO	2016-05-18 13:44:04	FixMateInformation	Processed    40,000,000 records.  Elapsed time: 00:12:16s.  Time for last 1,000,000:   56s.  Last read position: chr19:36,633,905
INFO	2016-05-18 13:44:30	FixMateInformation	Processed    41,000,000 records.  Elapsed time: 00:12:42s.  Time for last 1,000,000:   26s.  Last read position: chr11:125,769,656
INFO	2016-05-18 13:44:43	FixMateInformation	Processed    42,000,000 records.  Elapsed time: 00:12:56s.  Time for last 1,000,000:   13s.  Last read position: chr11:62,415,717
INFO	2016-05-18 13:44:59	FixMateInformation	Processed    43,000,000 records.  Elapsed time: 00:13:12s.  Time for last 1,000,000:   15s.  Last read position: chr15:43,574,415
INFO	2016-05-18 13:45:13	FixMateInformation	Processed    44,000,000 records.  Elapsed time: 00:13:26s.  Time for last 1,000,000:   14s.  Last read position: chr15:75,137,349
INFO	2016-05-18 13:45:41	FixMateInformation	Processed    45,000,000 records.  Elapsed time: 00:13:54s.  Time for last 1,000,000:   28s.  Last read position: chr22:31,536,310
INFO	2016-05-18 13:45:55	FixMateInformation	Processed    46,000,000 records.  Elapsed time: 00:14:08s.  Time for last 1,000,000:   13s.  Last read position: chr12:62,798,083
INFO	2016-05-18 13:46:19	FixMateInformation	Processed    47,000,000 records.  Elapsed time: 00:14:32s.  Time for last 1,000,000:   24s.  Last read position: chr10:103,789,390
INFO	2016-05-18 13:46:37	FixMateInformation	Processed    48,000,000 records.  Elapsed time: 00:14:50s.  Time for last 1,000,000:   17s.  Last read position: chr2:125,623,120
INFO	2016-05-18 13:47:08	FixMateInformation	Processed    49,000,000 records.  Elapsed time: 00:15:21s.  Time for last 1,000,000:   30s.  Last read position: chr19:40,902,122
INFO	2016-05-18 13:47:21	FixMateInformation	Processed    50,000,000 records.  Elapsed time: 00:15:34s.  Time for last 1,000,000:   13s.  Last read position: chr7:117,432,677
INFO	2016-05-18 13:47:34	FixMateInformation	Processed    51,000,000 records.  Elapsed time: 00:15:47s.  Time for last 1,000,000:   13s.  Last read position: chr2:69,732,625
INFO	2016-05-18 13:47:47	FixMateInformation	Processed    52,000,000 records.  Elapsed time: 00:16:00s.  Time for last 1,000,000:   13s.  Last read position: chr6:119,245,138
INFO	2016-05-18 13:48:10	FixMateInformation	Processed    53,000,000 records.  Elapsed time: 00:16:22s.  Time for last 1,000,000:   22s.  Last read position: chr8:73,979,597
INFO	2016-05-18 13:48:23	FixMateInformation	Processed    54,000,000 records.  Elapsed time: 00:16:36s.  Time for last 1,000,000:   13s.  Last read position: chr5:145,246,264
INFO	2016-05-18 13:48:37	FixMateInformation	Processed    55,000,000 records.  Elapsed time: 00:16:50s.  Time for last 1,000,000:   13s.  Last read position: chr7:134,764,995
INFO	2016-05-18 13:48:51	FixMateInformation	Processed    56,000,000 records.  Elapsed time: 00:17:04s.  Time for last 1,000,000:   13s.  Last read position: chr2:70,190,351
INFO	2016-05-18 13:49:04	FixMateInformation	Processed    57,000,000 records.  Elapsed time: 00:17:17s.  Time for last 1,000,000:   13s.  Last read position: chr12:117,681,122
INFO	2016-05-18 13:49:18	FixMateInformation	Processed    58,000,000 records.  Elapsed time: 00:17:30s.  Time for last 1,000,000:   13s.  Last read position: chr2:210,804,251
INFO	2016-05-18 13:49:32	FixMateInformation	Processed    59,000,000 records.  Elapsed time: 00:17:45s.  Time for last 1,000,000:   14s.  Last read position: chr6:33,372,706
INFO	2016-05-18 13:49:45	FixMateInformation	Processed    60,000,000 records.  Elapsed time: 00:17:58s.  Time for last 1,000,000:   13s.  Last read position: chr20:61,511,972
INFO	2016-05-18 13:50:04	FixMateInformation	Processed    61,000,000 records.  Elapsed time: 00:18:17s.  Time for last 1,000,000:   19s.  Last read position: chrX:24,330,843
INFO	2016-05-18 13:50:23	FixMateInformation	Processed    62,000,000 records.  Elapsed time: 00:18:36s.  Time for last 1,000,000:   18s.  Last read position: chr20:10,601,950
INFO	2016-05-18 13:50:38	FixMateInformation	Processed    63,000,000 records.  Elapsed time: 00:18:51s.  Time for last 1,000,000:   15s.  Last read position: chr11:2,593,757
INFO	2016-05-18 13:50:52	FixMateInformation	Processed    64,000,000 records.  Elapsed time: 00:19:05s.  Time for last 1,000,000:   13s.  Last read position: chr2:152,320,065
INFO	2016-05-18 13:51:06	FixMateInformation	Processed    65,000,000 records.  Elapsed time: 00:19:19s.  Time for last 1,000,000:   13s.  Last read position: chr5:180,038,572
INFO	2016-05-18 13:51:24	FixMateInformation	Processed    66,000,000 records.  Elapsed time: 00:19:37s.  Time for last 1,000,000:   18s.  Last read position: chr2:241,072,371
INFO	2016-05-18 13:51:38	FixMateInformation	Processed    67,000,000 records.  Elapsed time: 00:19:51s.  Time for last 1,000,000:   14s.  Last read position: chr17:33,310,155
INFO	2016-05-18 13:51:52	FixMateInformation	Processed    68,000,000 records.  Elapsed time: 00:20:05s.  Time for last 1,000,000:   13s.  Last read position: chr2:89,197,254
INFO	2016-05-18 13:52:07	FixMateInformation	Processed    69,000,000 records.  Elapsed time: 00:20:19s.  Time for last 1,000,000:   14s.  Last read position: chr10:132,686,515
INFO	2016-05-18 13:52:20	FixMateInformation	Processed    70,000,000 records.  Elapsed time: 00:20:33s.  Time for last 1,000,000:   13s.  Last read position: chr14:79,746,734
INFO	2016-05-18 13:52:35	FixMateInformation	Processed    71,000,000 records.  Elapsed time: 00:20:48s.  Time for last 1,000,000:   14s.  Last read position: chr17:48,639,079
INFO	2016-05-18 13:52:55	FixMateInformation	Processed    72,000,000 records.  Elapsed time: 00:21:08s.  Time for last 1,000,000:   19s.  Last read position: chr12:53,585,321
INFO	2016-05-18 13:53:18	FixMateInformation	Processed    73,000,000 records.  Elapsed time: 00:21:31s.  Time for last 1,000,000:   22s.  Last read position: chr3:156,746,090
INFO	2016-05-18 13:53:33	FixMateInformation	Processed    74,000,000 records.  Elapsed time: 00:21:45s.  Time for last 1,000,000:   14s.  Last read position: chr5:60,195,261
INFO	2016-05-18 13:53:46	FixMateInformation	Processed    75,000,000 records.  Elapsed time: 00:21:59s.  Time for last 1,000,000:   13s.  Last read position: chr19:4,512,617
INFO	2016-05-18 13:53:59	FixMateInformation	Processed    76,000,000 records.  Elapsed time: 00:22:11s.  Time for last 1,000,000:   12s.  Last read position: chr12:118,519,890
INFO	2016-05-18 13:54:12	FixMateInformation	Processed    77,000,000 records.  Elapsed time: 00:22:25s.  Time for last 1,000,000:   13s.  Last read position: chr9:34,725,702
INFO	2016-05-18 13:54:28	FixMateInformation	Processed    78,000,000 records.  Elapsed time: 00:22:40s.  Time for last 1,000,000:   15s.  Last read position: chr4:46,390,901
INFO	2016-05-18 13:54:42	FixMateInformation	Processed    79,000,000 records.  Elapsed time: 00:22:54s.  Time for last 1,000,000:   13s.  Last read position: chr20:56,227,974
INFO	2016-05-18 13:55:01	FixMateInformation	Processed    80,000,000 records.  Elapsed time: 00:23:14s.  Time for last 1,000,000:   19s.  Last read position: chr2:8,866,873
INFO	2016-05-18 13:55:22	FixMateInformation	Processed    81,000,000 records.  Elapsed time: 00:23:34s.  Time for last 1,000,000:   20s.  Last read position: chr2:215,815,639
INFO	2016-05-18 13:55:53	FixMateInformation	Processed    82,000,000 records.  Elapsed time: 00:24:06s.  Time for last 1,000,000:   31s.  Last read position: chr15:54,589,832
INFO	2016-05-18 13:56:08	FixMateInformation	Finished processing reads; re-sorting output file.
[Wed May 18 14:14:24 EDT 2016] picard.sam.FixMateInformation done. Elapsed time: 59.01 minutes.
Runtime.totalMemory()=1605369856
