[Sun May 15 14:21:21 EDT 2016] picard.sam.SortSam INPUT=p_DS_bkm_109-N.sam OUTPUT=p_DS_bkm_109-N/p_DS_bkm_109-N.sorted.bam SORT_ORDER=coordinate TMP_DIR=[tmp_WT] VALIDATION_STRINGENCY=LENIENT CREATE_INDEX=true    VERBOSITY=INFO QUIET=false COMPRESSION_LEVEL=5 MAX_RECORDS_IN_RAM=500000 CREATE_MD5_FILE=false GA4GH_CLIENT_SECRETS=client_secrets.json
[Sun May 15 14:21:21 EDT 2016] Executing as abdelrahman@compute-1-14.local on Linux 2.6.32-279.14.1.el6.x86_64 amd64; Java HotSpot(TM) 64-Bit Server VM 1.8.0_45-b14; Picard version: 2.3.0(9a00c87b7ffdb01cfb5a0d6e76556146196babb8_1463071327) IntelDeflater
INFO	2016-05-15 14:32:11	SortSam	Read    10,000,000 records.  Elapsed time: 00:10:49s.  Time for last 10,000,000:  649s.  Last read position: chr19:40,420,914
INFO	2016-05-15 14:42:11	SortSam	Read    20,000,000 records.  Elapsed time: 00:20:49s.  Time for last 10,000,000:  600s.  Last read position: chr9:139,877,750
INFO	2016-05-15 14:51:53	SortSam	Read    30,000,000 records.  Elapsed time: 00:30:31s.  Time for last 10,000,000:  582s.  Last read position: chrX:41,029,693
INFO	2016-05-15 15:03:10	SortSam	Read    40,000,000 records.  Elapsed time: 00:41:48s.  Time for last 10,000,000:  676s.  Last read position: chr12:66,522,838
INFO	2016-05-15 15:13:45	SortSam	Read    50,000,000 records.  Elapsed time: 00:52:23s.  Time for last 10,000,000:  635s.  Last read position: chr7:77,010,483
INFO	2016-05-15 15:25:31	SortSam	Read    60,000,000 records.  Elapsed time: 01:04:09s.  Time for last 10,000,000:  705s.  Last read position: chr3:4,977,497
INFO	2016-05-15 15:36:04	SortSam	Read    70,000,000 records.  Elapsed time: 01:14:42s.  Time for last 10,000,000:  633s.  Last read position: chr5:137,519,408
INFO	2016-05-15 15:46:34	SortSam	Read    80,000,000 records.  Elapsed time: 01:25:12s.  Time for last 10,000,000:  629s.  Last read position: chr3:62,259,394
INFO	2016-05-15 15:55:30	SortSam	Read    90,000,000 records.  Elapsed time: 01:34:08s.  Time for last 10,000,000:  535s.  Last read position: chr9:135,277,981
INFO	2016-05-15 15:56:04	SortSam	Finished reading inputs, merging and writing to output now.
INFO	2016-05-15 16:23:05	SortSam	Wrote    10,000,000 records from a sorting collection.  Elapsed time: 02:01:43s.  Time for last 10,000,000: 1,541s.  Last read position: chr2:33,813,641
INFO	2016-05-15 16:25:54	SortSam	Wrote    20,000,000 records from a sorting collection.  Elapsed time: 02:04:32s.  Time for last 10,000,000:  168s.  Last read position: chr3:150,910,371
INFO	2016-05-15 16:28:04	SortSam	Wrote    30,000,000 records from a sorting collection.  Elapsed time: 02:06:42s.  Time for last 10,000,000:  130s.  Last read position: chr6:31,238,816
INFO	2016-05-15 16:29:50	SortSam	Wrote    40,000,000 records from a sorting collection.  Elapsed time: 02:08:29s.  Time for last 10,000,000:  106s.  Last read position: chr8:93,006,894
INFO	2016-05-15 16:31:54	SortSam	Wrote    50,000,000 records from a sorting collection.  Elapsed time: 02:10:32s.  Time for last 10,000,000:  123s.  Last read position: chr11:33,565,894
INFO	2016-05-15 16:33:49	SortSam	Wrote    60,000,000 records from a sorting collection.  Elapsed time: 02:12:27s.  Time for last 10,000,000:  115s.  Last read position: chr13:100,617,832
INFO	2016-05-15 16:36:15	SortSam	Wrote    70,000,000 records from a sorting collection.  Elapsed time: 02:14:53s.  Time for last 10,000,000:  145s.  Last read position: chr17:1,576,584
INFO	2016-05-15 16:38:40	SortSam	Wrote    80,000,000 records from a sorting collection.  Elapsed time: 02:17:18s.  Time for last 10,000,000:  144s.  Last read position: chr19:45,317,398
INFO	2016-05-15 16:41:06	SortSam	Wrote    90,000,000 records from a sorting collection.  Elapsed time: 02:19:44s.  Time for last 10,000,000:  146s.  Last read position: chrX:149,680,660
[Sun May 15 16:41:28 EDT 2016] picard.sam.SortSam done. Elapsed time: 140.12 minutes.
Runtime.totalMemory()=1150287872
[Sun May 15 16:41:41 EDT 2016] picard.sam.markduplicates.MarkDuplicates INPUT=[p_DS_bkm_109-N/p_DS_bkm_109-N.sorted.bam] OUTPUT=p_DS_bkm_109-N/p_DS_bkm_109-N.sorted.MarkDup.bam METRICS_FILE=MarkDup_metrics TMP_DIR=[tmp] VALIDATION_STRINGENCY=SILENT CREATE_INDEX=true    MAX_SEQUENCES_FOR_DISK_READ_ENDS_MAP=50000 MAX_FILE_HANDLES_FOR_READ_ENDS_MAP=8000 SORTING_COLLECTION_SIZE_RATIO=0.25 REMOVE_SEQUENCING_DUPLICATES=false TAGGING_POLICY=DontTag REMOVE_DUPLICATES=false ASSUME_SORTED=false DUPLICATE_SCORING_STRATEGY=SUM_OF_BASE_QUALITIES PROGRAM_RECORD_ID=MarkDuplicates PROGRAM_GROUP_NAME=MarkDuplicates READ_NAME_REGEX=<optimized capture of last three ':' separated fields as numeric values> OPTICAL_DUPLICATE_PIXEL_DISTANCE=100 VERBOSITY=INFO QUIET=false COMPRESSION_LEVEL=5 MAX_RECORDS_IN_RAM=500000 CREATE_MD5_FILE=false GA4GH_CLIENT_SECRETS=client_secrets.json
[Sun May 15 16:41:41 EDT 2016] Executing as abdelrahman@compute-1-14.local on Linux 2.6.32-279.14.1.el6.x86_64 amd64; Java HotSpot(TM) 64-Bit Server VM 1.8.0_45-b14; Picard version: 2.3.0(9a00c87b7ffdb01cfb5a0d6e76556146196babb8_1463071327) IntelDeflater
INFO	2016-05-15 16:41:41	MarkDuplicates	Start of doWork freeMemory: 376525928; totalMemory: 380108800; maxMemory: 13362528256
INFO	2016-05-15 16:41:41	MarkDuplicates	Reading input file and constructing read end information.
INFO	2016-05-15 16:41:41	MarkDuplicates	Will retain up to 51394339 data points before spilling to disk.
INFO	2016-05-15 16:41:56	MarkDuplicates	Read     1,000,000 records.  Elapsed time: 00:00:14s.  Time for last 1,000,000:   14s.  Last read position: chr1:17,720,759
INFO	2016-05-15 16:41:56	MarkDuplicates	Tracking 3488 as yet unmatched pairs. 299 records in RAM.
INFO	2016-05-15 16:42:11	MarkDuplicates	Read     2,000,000 records.  Elapsed time: 00:00:29s.  Time for last 1,000,000:   14s.  Last read position: chr1:35,365,828
INFO	2016-05-15 16:42:11	MarkDuplicates	Tracking 6768 as yet unmatched pairs. 544 records in RAM.
INFO	2016-05-15 16:42:24	MarkDuplicates	Read     3,000,000 records.  Elapsed time: 00:00:42s.  Time for last 1,000,000:   12s.  Last read position: chr1:53,158,524
INFO	2016-05-15 16:42:24	MarkDuplicates	Tracking 9851 as yet unmatched pairs. 656 records in RAM.
INFO	2016-05-15 16:42:39	MarkDuplicates	Read     4,000,000 records.  Elapsed time: 00:00:57s.  Time for last 1,000,000:   15s.  Last read position: chr1:95,310,904
INFO	2016-05-15 16:42:39	MarkDuplicates	Tracking 14284 as yet unmatched pairs. 741 records in RAM.
INFO	2016-05-15 16:42:55	MarkDuplicates	Read     5,000,000 records.  Elapsed time: 00:01:13s.  Time for last 1,000,000:   16s.  Last read position: chr1:150,443,931
INFO	2016-05-15 16:42:55	MarkDuplicates	Tracking 19632 as yet unmatched pairs. 852 records in RAM.
INFO	2016-05-15 16:43:01	MarkDuplicates	Read     6,000,000 records.  Elapsed time: 00:01:19s.  Time for last 1,000,000:    5s.  Last read position: chr1:159,785,490
INFO	2016-05-15 16:43:01	MarkDuplicates	Tracking 21899 as yet unmatched pairs. 695 records in RAM.
INFO	2016-05-15 16:43:09	MarkDuplicates	Read     7,000,000 records.  Elapsed time: 00:01:27s.  Time for last 1,000,000:    7s.  Last read position: chr1:185,984,360
INFO	2016-05-15 16:43:09	MarkDuplicates	Tracking 25100 as yet unmatched pairs. 624 records in RAM.
INFO	2016-05-15 16:43:19	MarkDuplicates	Read     8,000,000 records.  Elapsed time: 00:01:37s.  Time for last 1,000,000:   10s.  Last read position: chr1:220,145,404
INFO	2016-05-15 16:43:19	MarkDuplicates	Tracking 28630 as yet unmatched pairs. 340 records in RAM.
INFO	2016-05-15 16:43:25	MarkDuplicates	Read     9,000,000 records.  Elapsed time: 00:01:43s.  Time for last 1,000,000:    5s.  Last read position: chr2:1,664,733
INFO	2016-05-15 16:43:25	MarkDuplicates	Tracking 32514 as yet unmatched pairs. 4254 records in RAM.
INFO	2016-05-15 16:43:34	MarkDuplicates	Read    10,000,000 records.  Elapsed time: 00:01:52s.  Time for last 1,000,000:    8s.  Last read position: chr2:33,813,641
INFO	2016-05-15 16:43:34	MarkDuplicates	Tracking 46439 as yet unmatched pairs. 3550 records in RAM.
INFO	2016-05-15 16:43:45	MarkDuplicates	Read    11,000,000 records.  Elapsed time: 00:02:03s.  Time for last 1,000,000:   11s.  Last read position: chr2:74,151,925
INFO	2016-05-15 16:43:45	MarkDuplicates	Tracking 50076 as yet unmatched pairs. 3283 records in RAM.
INFO	2016-05-15 16:43:51	MarkDuplicates	Read    12,000,000 records.  Elapsed time: 00:02:09s.  Time for last 1,000,000:    6s.  Last read position: chr2:113,999,019
INFO	2016-05-15 16:43:51	MarkDuplicates	Tracking 54903 as yet unmatched pairs. 2967 records in RAM.
INFO	2016-05-15 16:43:59	MarkDuplicates	Read    13,000,000 records.  Elapsed time: 00:02:17s.  Time for last 1,000,000:    7s.  Last read position: chr2:167,160,696
INFO	2016-05-15 16:43:59	MarkDuplicates	Tracking 61394 as yet unmatched pairs. 2057 records in RAM.
INFO	2016-05-15 16:44:05	MarkDuplicates	Read    14,000,000 records.  Elapsed time: 00:02:23s.  Time for last 1,000,000:    5s.  Last read position: chr2:197,986,003
INFO	2016-05-15 16:44:05	MarkDuplicates	Tracking 64071 as yet unmatched pairs. 1491 records in RAM.
INFO	2016-05-15 16:44:16	MarkDuplicates	Read    15,000,000 records.  Elapsed time: 00:02:34s.  Time for last 1,000,000:   10s.  Last read position: chr2:227,833,741
INFO	2016-05-15 16:44:16	MarkDuplicates	Tracking 66543 as yet unmatched pairs. 716 records in RAM.
INFO	2016-05-15 16:44:22	MarkDuplicates	Read    16,000,000 records.  Elapsed time: 00:02:40s.  Time for last 1,000,000:    6s.  Last read position: chr3:12,202,819
INFO	2016-05-15 16:44:22	MarkDuplicates	Tracking 68792 as yet unmatched pairs. 4177 records in RAM.
INFO	2016-05-15 16:44:29	MarkDuplicates	Read    17,000,000 records.  Elapsed time: 00:02:47s.  Time for last 1,000,000:    6s.  Last read position: chr3:46,742,668
INFO	2016-05-15 16:44:29	MarkDuplicates	Tracking 71239 as yet unmatched pairs. 3560 records in RAM.
INFO	2016-05-15 16:44:35	MarkDuplicates	Read    18,000,000 records.  Elapsed time: 00:02:53s.  Time for last 1,000,000:    6s.  Last read position: chr3:57,542,236
INFO	2016-05-15 16:44:35	MarkDuplicates	Tracking 72760 as yet unmatched pairs. 3156 records in RAM.
INFO	2016-05-15 16:44:39	MarkDuplicates	Read    19,000,000 records.  Elapsed time: 00:02:57s.  Time for last 1,000,000:    4s.  Last read position: chr3:121,248,408
INFO	2016-05-15 16:44:39	MarkDuplicates	Tracking 76141 as yet unmatched pairs. 2143 records in RAM.
INFO	2016-05-15 16:44:49	MarkDuplicates	Read    20,000,000 records.  Elapsed time: 00:03:07s.  Time for last 1,000,000:    9s.  Last read position: chr3:150,910,371
INFO	2016-05-15 16:44:49	MarkDuplicates	Tracking 78279 as yet unmatched pairs. 1354 records in RAM.
INFO	2016-05-15 16:44:54	MarkDuplicates	Read    21,000,000 records.  Elapsed time: 00:03:12s.  Time for last 1,000,000:    4s.  Last read position: chr3:195,517,619
INFO	2016-05-15 16:44:54	MarkDuplicates	Tracking 80832 as yet unmatched pairs. 227 records in RAM.
INFO	2016-05-15 16:45:02	MarkDuplicates	Read    22,000,000 records.  Elapsed time: 00:03:20s.  Time for last 1,000,000:    8s.  Last read position: chr4:39,512,044
INFO	2016-05-15 16:45:02	MarkDuplicates	Tracking 83250 as yet unmatched pairs. 4885 records in RAM.
INFO	2016-05-15 16:45:12	MarkDuplicates	Read    23,000,000 records.  Elapsed time: 00:03:30s.  Time for last 1,000,000:    9s.  Last read position: chr4:87,692,566
INFO	2016-05-15 16:45:12	MarkDuplicates	Tracking 87378 as yet unmatched pairs. 2839 records in RAM.
INFO	2016-05-15 16:45:24	MarkDuplicates	Read    24,000,000 records.  Elapsed time: 00:03:42s.  Time for last 1,000,000:   11s.  Last read position: chr4:144,620,076
INFO	2016-05-15 16:45:24	MarkDuplicates	Tracking 89812 as yet unmatched pairs. 1509 records in RAM.
INFO	2016-05-15 16:45:30	MarkDuplicates	Read    25,000,000 records.  Elapsed time: 00:03:48s.  Time for last 1,000,000:    6s.  Last read position: chr5:10,258,218
INFO	2016-05-15 16:45:30	MarkDuplicates	Tracking 92055 as yet unmatched pairs. 6272 records in RAM.
INFO	2016-05-15 16:45:41	MarkDuplicates	Read    26,000,000 records.  Elapsed time: 00:03:59s.  Time for last 1,000,000:   11s.  Last read position: chr5:71,491,050
INFO	2016-05-15 16:45:41	MarkDuplicates	Tracking 94076 as yet unmatched pairs. 4166 records in RAM.
INFO	2016-05-15 16:45:47	MarkDuplicates	Read    27,000,000 records.  Elapsed time: 00:04:05s.  Time for last 1,000,000:    5s.  Last read position: chr5:128,795,994
INFO	2016-05-15 16:45:47	MarkDuplicates	Tracking 96118 as yet unmatched pairs. 2473 records in RAM.
INFO	2016-05-15 16:45:54	MarkDuplicates	Read    28,000,000 records.  Elapsed time: 00:04:12s.  Time for last 1,000,000:    6s.  Last read position: chr5:149,416,832
INFO	2016-05-15 16:45:54	MarkDuplicates	Tracking 97137 as yet unmatched pairs. 1350 records in RAM.
INFO	2016-05-15 16:46:01	MarkDuplicates	Read    29,000,000 records.  Elapsed time: 00:04:19s.  Time for last 1,000,000:    7s.  Last read position: chr6:304,707
INFO	2016-05-15 16:46:01	MarkDuplicates	Tracking 98221 as yet unmatched pairs. 7244 records in RAM.
INFO	2016-05-15 16:46:10	MarkDuplicates	Read    30,000,000 records.  Elapsed time: 00:04:28s.  Time for last 1,000,000:    8s.  Last read position: chr6:31,238,816
INFO	2016-05-15 16:46:10	MarkDuplicates	Tracking 99443 as yet unmatched pairs. 6014 records in RAM.
INFO	2016-05-15 16:46:15	MarkDuplicates	Read    31,000,000 records.  Elapsed time: 00:04:33s.  Time for last 1,000,000:    5s.  Last read position: chr6:43,155,688
INFO	2016-05-15 16:46:15	MarkDuplicates	Tracking 100075 as yet unmatched pairs. 5075 records in RAM.
INFO	2016-05-15 16:46:27	MarkDuplicates	Read    32,000,000 records.  Elapsed time: 00:04:46s.  Time for last 1,000,000:   12s.  Last read position: chr6:89,675,798
INFO	2016-05-15 16:46:27	MarkDuplicates	Tracking 101122 as yet unmatched pairs. 3367 records in RAM.
INFO	2016-05-15 16:46:33	MarkDuplicates	Read    33,000,000 records.  Elapsed time: 00:04:51s.  Time for last 1,000,000:    5s.  Last read position: chr6:138,662,010
INFO	2016-05-15 16:46:33	MarkDuplicates	Tracking 102295 as yet unmatched pairs. 1525 records in RAM.
INFO	2016-05-15 16:46:41	MarkDuplicates	Read    34,000,000 records.  Elapsed time: 00:04:59s.  Time for last 1,000,000:    8s.  Last read position: chr7:5,035,966
INFO	2016-05-15 16:46:41	MarkDuplicates	Tracking 103124 as yet unmatched pairs. 8047 records in RAM.
INFO	2016-05-15 16:46:48	MarkDuplicates	Read    35,000,000 records.  Elapsed time: 00:05:06s.  Time for last 1,000,000:    6s.  Last read position: chr7:48,015,971
INFO	2016-05-15 16:46:48	MarkDuplicates	Tracking 103917 as yet unmatched pairs. 6346 records in RAM.
INFO	2016-05-15 16:46:55	MarkDuplicates	Read    36,000,000 records.  Elapsed time: 00:05:13s.  Time for last 1,000,000:    7s.  Last read position: chr7:99,074,230
INFO	2016-05-15 16:46:55	MarkDuplicates	Tracking 104810 as yet unmatched pairs. 3932 records in RAM.
INFO	2016-05-15 16:47:01	MarkDuplicates	Read    37,000,000 records.  Elapsed time: 00:05:19s.  Time for last 1,000,000:    5s.  Last read position: chr7:128,486,185
INFO	2016-05-15 16:47:01	MarkDuplicates	Tracking 105408 as yet unmatched pairs. 2084 records in RAM.
INFO	2016-05-15 16:47:14	MarkDuplicates	Read    38,000,000 records.  Elapsed time: 00:05:32s.  Time for last 1,000,000:   13s.  Last read position: chr7:154,862,679
INFO	2016-05-15 16:47:14	MarkDuplicates	Tracking 105983 as yet unmatched pairs. 425 records in RAM.
INFO	2016-05-15 16:47:18	MarkDuplicates	Read    39,000,000 records.  Elapsed time: 00:05:36s.  Time for last 1,000,000:    4s.  Last read position: chr8:37,630,394
INFO	2016-05-15 16:47:18	MarkDuplicates	Tracking 106112 as yet unmatched pairs. 5573 records in RAM.
INFO	2016-05-15 16:47:26	MarkDuplicates	Read    40,000,000 records.  Elapsed time: 00:05:44s.  Time for last 1,000,000:    7s.  Last read position: chr8:93,006,894
INFO	2016-05-15 16:47:26	MarkDuplicates	Tracking 106453 as yet unmatched pairs. 2903 records in RAM.
INFO	2016-05-15 16:47:32	MarkDuplicates	Read    41,000,000 records.  Elapsed time: 00:05:50s.  Time for last 1,000,000:    5s.  Last read position: chr8:144,463,723
INFO	2016-05-15 16:47:32	MarkDuplicates	Tracking 106675 as yet unmatched pairs. 502 records in RAM.
INFO	2016-05-15 16:47:39	MarkDuplicates	Read    42,000,000 records.  Elapsed time: 00:05:57s.  Time for last 1,000,000:    6s.  Last read position: chr9:35,105,955
INFO	2016-05-15 16:47:39	MarkDuplicates	Tracking 106440 as yet unmatched pairs. 6291 records in RAM.
INFO	2016-05-15 16:47:45	MarkDuplicates	Read    43,000,000 records.  Elapsed time: 00:06:03s.  Time for last 1,000,000:    6s.  Last read position: chr9:100,444,631
INFO	2016-05-15 16:47:45	MarkDuplicates	Tracking 106304 as yet unmatched pairs. 3420 records in RAM.
INFO	2016-05-15 16:47:57	MarkDuplicates	Read    44,000,000 records.  Elapsed time: 00:06:15s.  Time for last 1,000,000:   11s.  Last read position: chr9:130,723,620
INFO	2016-05-15 16:47:57	MarkDuplicates	Tracking 106085 as yet unmatched pairs. 1434 records in RAM.
INFO	2016-05-15 16:48:05	MarkDuplicates	Read    45,000,000 records.  Elapsed time: 00:06:23s.  Time for last 1,000,000:    8s.  Last read position: chr10:5,005,727
INFO	2016-05-15 16:48:05	MarkDuplicates	Tracking 105702 as yet unmatched pairs. 10596 records in RAM.
INFO	2016-05-15 16:48:12	MarkDuplicates	Read    46,000,000 records.  Elapsed time: 00:06:30s.  Time for last 1,000,000:    6s.  Last read position: chr10:50,818,877
INFO	2016-05-15 16:48:12	MarkDuplicates	Tracking 105679 as yet unmatched pairs. 6487 records in RAM.
INFO	2016-05-15 16:48:18	MarkDuplicates	Read    47,000,000 records.  Elapsed time: 00:06:36s.  Time for last 1,000,000:    5s.  Last read position: chr10:93,390,179
INFO	2016-05-15 16:48:18	MarkDuplicates	Tracking 105145 as yet unmatched pairs. 4079 records in RAM.
INFO	2016-05-15 16:48:26	MarkDuplicates	Read    48,000,000 records.  Elapsed time: 00:06:44s.  Time for last 1,000,000:    8s.  Last read position: chr10:118,139,121
INFO	2016-05-15 16:48:26	MarkDuplicates	Tracking 104285 as yet unmatched pairs. 1485 records in RAM.
INFO	2016-05-15 16:48:31	MarkDuplicates	Read    49,000,000 records.  Elapsed time: 00:06:49s.  Time for last 1,000,000:    4s.  Last read position: chr11:4,843,083
INFO	2016-05-15 16:48:31	MarkDuplicates	Tracking 103444 as yet unmatched pairs. 10860 records in RAM.
INFO	2016-05-15 16:48:44	MarkDuplicates	Read    50,000,000 records.  Elapsed time: 00:07:02s.  Time for last 1,000,000:   12s.  Last read position: chr11:33,565,894
INFO	2016-05-15 16:48:44	MarkDuplicates	Tracking 102499 as yet unmatched pairs. 8570 records in RAM.
INFO	2016-05-15 16:48:50	MarkDuplicates	Read    51,000,000 records.  Elapsed time: 00:07:08s.  Time for last 1,000,000:    5s.  Last read position: chr11:62,373,242
INFO	2016-05-15 16:48:50	MarkDuplicates	Tracking 101735 as yet unmatched pairs. 6339 records in RAM.
INFO	2016-05-15 16:49:52	MarkDuplicates	Read    52,000,000 records.  Elapsed time: 00:08:10s.  Time for last 1,000,000:   62s.  Last read position: chr11:72,091,271
INFO	2016-05-15 16:49:52	MarkDuplicates	Tracking 100990 as yet unmatched pairs. 4726 records in RAM.
INFO	2016-05-15 16:50:01	MarkDuplicates	Read    53,000,000 records.  Elapsed time: 00:08:19s.  Time for last 1,000,000:    8s.  Last read position: chr11:111,887,515
INFO	2016-05-15 16:50:01	MarkDuplicates	Tracking 100005 as yet unmatched pairs. 2052 records in RAM.
INFO	2016-05-15 16:50:08	MarkDuplicates	Read    54,000,000 records.  Elapsed time: 00:08:26s.  Time for last 1,000,000:    7s.  Last read position: chr12:1,009,754
INFO	2016-05-15 16:50:08	MarkDuplicates	Tracking 99118 as yet unmatched pairs. 12505 records in RAM.
INFO	2016-05-15 16:50:14	MarkDuplicates	Read    55,000,000 records.  Elapsed time: 00:08:32s.  Time for last 1,000,000:    5s.  Last read position: chr12:30,822,144
INFO	2016-05-15 16:50:14	MarkDuplicates	Tracking 98116 as yet unmatched pairs. 10209 records in RAM.
INFO	2016-05-15 16:50:23	MarkDuplicates	Read    56,000,000 records.  Elapsed time: 00:08:41s.  Time for last 1,000,000:    8s.  Last read position: chr12:54,925,475
INFO	2016-05-15 16:50:23	MarkDuplicates	Tracking 97144 as yet unmatched pairs. 8059 records in RAM.
INFO	2016-05-15 16:50:27	MarkDuplicates	Read    57,000,000 records.  Elapsed time: 00:08:45s.  Time for last 1,000,000:    4s.  Last read position: chr12:88,429,418
INFO	2016-05-15 16:50:27	MarkDuplicates	Tracking 95578 as yet unmatched pairs. 4903 records in RAM.
INFO	2016-05-15 16:50:31	MarkDuplicates	Read    58,000,000 records.  Elapsed time: 00:08:49s.  Time for last 1,000,000:    4s.  Last read position: chr12:119,968,587
INFO	2016-05-15 16:50:31	MarkDuplicates	Tracking 93892 as yet unmatched pairs. 1877 records in RAM.
INFO	2016-05-15 16:50:44	MarkDuplicates	Read    59,000,000 records.  Elapsed time: 00:09:02s.  Time for last 1,000,000:   12s.  Last read position: chr13:31,729,628
INFO	2016-05-15 16:50:44	MarkDuplicates	Tracking 92210 as yet unmatched pairs. 5318 records in RAM.
INFO	2016-05-15 16:50:50	MarkDuplicates	Read    60,000,000 records.  Elapsed time: 00:09:08s.  Time for last 1,000,000:    6s.  Last read position: chr13:100,617,832
INFO	2016-05-15 16:50:50	MarkDuplicates	Tracking 89923 as yet unmatched pairs. 1138 records in RAM.
INFO	2016-05-15 16:51:00	MarkDuplicates	Read    61,000,000 records.  Elapsed time: 00:09:18s.  Time for last 1,000,000:   10s.  Last read position: chr14:25,102,049
INFO	2016-05-15 16:51:00	MarkDuplicates	Tracking 88558 as yet unmatched pairs. 7198 records in RAM.
INFO	2016-05-15 16:51:08	MarkDuplicates	Read    62,000,000 records.  Elapsed time: 00:09:26s.  Time for last 1,000,000:    7s.  Last read position: chr14:70,793,062
INFO	2016-05-15 16:51:08	MarkDuplicates	Tracking 86443 as yet unmatched pairs. 3709 records in RAM.
INFO	2016-05-15 16:51:15	MarkDuplicates	Read    63,000,000 records.  Elapsed time: 00:09:33s.  Time for last 1,000,000:    7s.  Last read position: chr14:103,411,880
INFO	2016-05-15 16:51:15	MarkDuplicates	Tracking 84437 as yet unmatched pairs. 552 records in RAM.
INFO	2016-05-15 16:51:28	MarkDuplicates	Read    64,000,000 records.  Elapsed time: 00:09:46s.  Time for last 1,000,000:   13s.  Last read position: chr15:42,520,031
INFO	2016-05-15 16:51:28	MarkDuplicates	Tracking 82688 as yet unmatched pairs. 6659 records in RAM.
INFO	2016-05-15 16:51:47	MarkDuplicates	Read    65,000,000 records.  Elapsed time: 00:10:05s.  Time for last 1,000,000:   19s.  Last read position: chr15:65,822,906
INFO	2016-05-15 16:51:47	MarkDuplicates	Tracking 80694 as yet unmatched pairs. 3795 records in RAM.
INFO	2016-05-15 16:51:52	MarkDuplicates	Read    66,000,000 records.  Elapsed time: 00:10:10s.  Time for last 1,000,000:    4s.  Last read position: chr15:90,802,041
INFO	2016-05-15 16:51:52	MarkDuplicates	Tracking 78762 as yet unmatched pairs. 1005 records in RAM.
INFO	2016-05-15 16:52:12	MarkDuplicates	Read    67,000,000 records.  Elapsed time: 00:10:30s.  Time for last 1,000,000:   19s.  Last read position: chr16:5,108,470
INFO	2016-05-15 16:52:12	MarkDuplicates	Tracking 77008 as yet unmatched pairs. 10614 records in RAM.
INFO	2016-05-15 16:52:22	MarkDuplicates	Read    68,000,000 records.  Elapsed time: 00:10:40s.  Time for last 1,000,000:   10s.  Last read position: chr16:30,992,323
INFO	2016-05-15 16:52:22	MarkDuplicates	Tracking 74630 as yet unmatched pairs. 7378 records in RAM.
INFO	2016-05-15 16:52:45	MarkDuplicates	Read    69,000,000 records.  Elapsed time: 00:11:03s.  Time for last 1,000,000:   22s.  Last read position: chr16:68,371,302
INFO	2016-05-15 16:52:45	MarkDuplicates	Tracking 71706 as yet unmatched pairs. 3048 records in RAM.
INFO	2016-05-15 16:52:52	MarkDuplicates	Read    70,000,000 records.  Elapsed time: 00:11:10s.  Time for last 1,000,000:    6s.  Last read position: chr17:1,576,584
INFO	2016-05-15 16:52:52	MarkDuplicates	Tracking 69275 as yet unmatched pairs. 13531 records in RAM.
INFO	2016-05-15 16:53:05	MarkDuplicates	Read    71,000,000 records.  Elapsed time: 00:11:23s.  Time for last 1,000,000:   13s.  Last read position: chr17:10,608,279
INFO	2016-05-15 16:53:05	MarkDuplicates	Tracking 67580 as yet unmatched pairs. 11475 records in RAM.
INFO	2016-05-15 16:53:09	MarkDuplicates	Read    72,000,000 records.  Elapsed time: 00:11:27s.  Time for last 1,000,000:    3s.  Last read position: chr17:34,746,590
INFO	2016-05-15 16:53:09	MarkDuplicates	Tracking 65013 as yet unmatched pairs. 8269 records in RAM.
INFO	2016-05-15 16:53:20	MarkDuplicates	Read    73,000,000 records.  Elapsed time: 00:11:38s.  Time for last 1,000,000:   11s.  Last read position: chr17:45,752,047
INFO	2016-05-15 16:53:20	MarkDuplicates	Tracking 62795 as yet unmatched pairs. 5502 records in RAM.
INFO	2016-05-15 16:53:25	MarkDuplicates	Read    74,000,000 records.  Elapsed time: 00:11:43s.  Time for last 1,000,000:    4s.  Last read position: chr17:67,269,977
INFO	2016-05-15 16:53:25	MarkDuplicates	Tracking 60474 as yet unmatched pairs. 2634 records in RAM.
INFO	2016-05-15 16:53:52	MarkDuplicates	Read    75,000,000 records.  Elapsed time: 00:12:10s.  Time for last 1,000,000:   26s.  Last read position: chr18:2,920,247
INFO	2016-05-15 16:53:52	MarkDuplicates	Tracking 58067 as yet unmatched pairs. 6912 records in RAM.
INFO	2016-05-15 16:53:56	MarkDuplicates	Read    76,000,000 records.  Elapsed time: 00:12:14s.  Time for last 1,000,000:    3s.  Last read position: chr18:55,315,916
INFO	2016-05-15 16:53:56	MarkDuplicates	Tracking 53823 as yet unmatched pairs. 1869 records in RAM.
INFO	2016-05-15 16:54:09	MarkDuplicates	Read    77,000,000 records.  Elapsed time: 00:12:27s.  Time for last 1,000,000:   13s.  Last read position: chr19:6,411,815
INFO	2016-05-15 16:54:09	MarkDuplicates	Tracking 50749 as yet unmatched pairs. 13115 records in RAM.
INFO	2016-05-15 16:54:13	MarkDuplicates	Read    78,000,000 records.  Elapsed time: 00:12:31s.  Time for last 1,000,000:    4s.  Last read position: chr19:14,529,771
INFO	2016-05-15 16:54:13	MarkDuplicates	Tracking 48538 as yet unmatched pairs. 10641 records in RAM.
INFO	2016-05-15 16:54:19	MarkDuplicates	Read    79,000,000 records.  Elapsed time: 00:12:37s.  Time for last 1,000,000:    5s.  Last read position: chr19:36,216,285
INFO	2016-05-15 16:54:19	MarkDuplicates	Tracking 44733 as yet unmatched pairs. 6474 records in RAM.
INFO	2016-05-15 16:54:23	MarkDuplicates	Read    80,000,000 records.  Elapsed time: 00:12:41s.  Time for last 1,000,000:    4s.  Last read position: chr19:45,317,398
INFO	2016-05-15 16:54:23	MarkDuplicates	Tracking 42687 as yet unmatched pairs. 4200 records in RAM.
INFO	2016-05-15 16:54:43	MarkDuplicates	Read    81,000,000 records.  Elapsed time: 00:13:02s.  Time for last 1,000,000:   20s.  Last read position: chr19:54,104,520
INFO	2016-05-15 16:54:43	MarkDuplicates	Tracking 40434 as yet unmatched pairs. 1674 records in RAM.
INFO	2016-05-15 16:54:49	MarkDuplicates	Read    82,000,000 records.  Elapsed time: 00:13:07s.  Time for last 1,000,000:    5s.  Last read position: chr20:9,376,066
INFO	2016-05-15 16:54:49	MarkDuplicates	Tracking 37915 as yet unmatched pairs. 6797 records in RAM.
INFO	2016-05-15 16:54:54	MarkDuplicates	Read    83,000,000 records.  Elapsed time: 00:13:12s.  Time for last 1,000,000:    4s.  Last read position: chr20:42,231,190
INFO	2016-05-15 16:54:54	MarkDuplicates	Tracking 34782 as yet unmatched pairs. 2865 records in RAM.
INFO	2016-05-15 16:55:15	MarkDuplicates	Read    84,000,000 records.  Elapsed time: 00:13:33s.  Time for last 1,000,000:   21s.  Last read position: chr21:17,181,156
INFO	2016-05-15 16:55:15	MarkDuplicates	Tracking 30390 as yet unmatched pairs. 3697 records in RAM.
INFO	2016-05-15 16:55:20	MarkDuplicates	Read    85,000,000 records.  Elapsed time: 00:13:38s.  Time for last 1,000,000:    4s.  Last read position: chr22:19,346,926
INFO	2016-05-15 16:55:20	MarkDuplicates	Tracking 26548 as yet unmatched pairs. 5383 records in RAM.
INFO	2016-05-15 16:55:27	MarkDuplicates	Read    86,000,000 records.  Elapsed time: 00:13:45s.  Time for last 1,000,000:    6s.  Last read position: chr22:38,016,235
INFO	2016-05-15 16:55:27	MarkDuplicates	Tracking 23738 as yet unmatched pairs. 2412 records in RAM.
INFO	2016-05-15 16:55:37	MarkDuplicates	Read    87,000,000 records.  Elapsed time: 00:13:55s.  Time for last 1,000,000:   10s.  Last read position: chrX:13,727,420
INFO	2016-05-15 16:55:37	MarkDuplicates	Tracking 20465 as yet unmatched pairs. 15309 records in RAM.
INFO	2016-05-15 16:55:43	MarkDuplicates	Read    88,000,000 records.  Elapsed time: 00:14:01s.  Time for last 1,000,000:    6s.  Last read position: chrX:50,381,101
INFO	2016-05-15 16:55:43	MarkDuplicates	Tracking 16393 as yet unmatched pairs. 11215 records in RAM.
INFO	2016-05-15 16:55:49	MarkDuplicates	Read    89,000,000 records.  Elapsed time: 00:14:07s.  Time for last 1,000,000:    5s.  Last read position: chrX:101,857,321
INFO	2016-05-15 16:55:49	MarkDuplicates	Tracking 11508 as yet unmatched pairs. 6305 records in RAM.
INFO	2016-05-15 16:55:55	MarkDuplicates	Read    90,000,000 records.  Elapsed time: 00:14:13s.  Time for last 1,000,000:    6s.  Last read position: chrX:149,680,660
INFO	2016-05-15 16:55:55	MarkDuplicates	Tracking 6443 as yet unmatched pairs. 1202 records in RAM.
INFO	2016-05-15 16:55:58	MarkDuplicates	Read 90398236 records. 0 pairs never matched.
INFO	2016-05-15 16:56:53	MarkDuplicates	After buildSortedReadEndLists freeMemory: 7683222408; totalMemory: 11197743104; maxMemory: 13362528256
INFO	2016-05-15 16:56:53	MarkDuplicates	Will retain up to 417579008 duplicate indices before spilling to disk.
INFO	2016-05-15 16:56:53	MarkDuplicates	Traversing read pair information and detecting duplicates.
INFO	2016-05-15 16:57:02	MarkDuplicates	Traversing fragment information and detecting duplicates.
INFO	2016-05-15 16:58:33	MarkDuplicates	Sorting list of duplicate records.
INFO	2016-05-15 16:58:34	MarkDuplicates	After generateDuplicateIndexes freeMemory: 10905056720; totalMemory: 14333509632; maxMemory: 14333509632
INFO	2016-05-15 16:58:34	MarkDuplicates	Marking 8045200 records as duplicates.
INFO	2016-05-15 16:58:34	MarkDuplicates	Found 2189 optical duplicate clusters.
INFO	2016-05-15 16:58:35	MarkDuplicates	Reads are assumed to be ordered by: coordinate
INFO	2016-05-15 17:01:07	MarkDuplicates	Written    10,000,000 records.  Elapsed time: 00:02:31s.  Time for last 10,000,000:  151s.  Last read position: chr2:33,813,641
INFO	2016-05-15 17:04:04	MarkDuplicates	Written    20,000,000 records.  Elapsed time: 00:05:28s.  Time for last 10,000,000:  176s.  Last read position: chr3:150,910,371
INFO	2016-05-15 17:06:54	MarkDuplicates	Written    30,000,000 records.  Elapsed time: 00:08:17s.  Time for last 10,000,000:  169s.  Last read position: chr6:31,238,816
INFO	2016-05-15 17:09:25	MarkDuplicates	Written    40,000,000 records.  Elapsed time: 00:10:49s.  Time for last 10,000,000:  151s.  Last read position: chr8:93,006,894
INFO	2016-05-15 17:11:52	MarkDuplicates	Written    50,000,000 records.  Elapsed time: 00:13:16s.  Time for last 10,000,000:  146s.  Last read position: chr11:33,565,894
INFO	2016-05-15 17:14:23	MarkDuplicates	Written    60,000,000 records.  Elapsed time: 00:15:47s.  Time for last 10,000,000:  150s.  Last read position: chr13:100,617,832
INFO	2016-05-15 17:16:52	MarkDuplicates	Written    70,000,000 records.  Elapsed time: 00:18:16s.  Time for last 10,000,000:  149s.  Last read position: chr17:1,576,584
INFO	2016-05-15 17:20:16	MarkDuplicates	Written    80,000,000 records.  Elapsed time: 00:21:40s.  Time for last 10,000,000:  204s.  Last read position: chr19:45,317,398
INFO	2016-05-15 17:23:26	MarkDuplicates	Written    90,000,000 records.  Elapsed time: 00:24:50s.  Time for last 10,000,000:  189s.  Last read position: chrX:149,680,660
INFO	2016-05-15 17:23:43	MarkDuplicates	Before output close freeMemory: 14547197256; totalMemory: 14641790976; maxMemory: 14641790976
INFO	2016-05-15 17:23:44	MarkDuplicates	After output close freeMemory: 14505777552; totalMemory: 14600372224; maxMemory: 14600372224
[Sun May 15 17:23:45 EDT 2016] picard.sam.markduplicates.MarkDuplicates done. Elapsed time: 42.06 minutes.
Runtime.totalMemory()=14600372224
[Sun May 15 17:23:47 EDT 2016] picard.sam.AddOrReplaceReadGroups INPUT=p_DS_bkm_109-N/p_DS_bkm_109-N.sorted.MarkDup.bam OUTPUT=p_DS_bkm_109-N/p_DS_bkm_109-N.sorted.MarkDup.fixed.bam SORT_ORDER=coordinate RGID=id RGLB=bar RGPL=Illumina RGPU=platform RGSM=sample1 TMP_DIR=[tmp] VALIDATION_STRINGENCY=SILENT CREATE_INDEX=true    VERBOSITY=INFO QUIET=false COMPRESSION_LEVEL=5 MAX_RECORDS_IN_RAM=500000 CREATE_MD5_FILE=false GA4GH_CLIENT_SECRETS=client_secrets.json
[Sun May 15 17:23:47 EDT 2016] Executing as abdelrahman@compute-1-14.local on Linux 2.6.32-279.14.1.el6.x86_64 amd64; Java HotSpot(TM) 64-Bit Server VM 1.8.0_45-b14; Picard version: 2.3.0(9a00c87b7ffdb01cfb5a0d6e76556146196babb8_1463071327) IntelDeflater
INFO	2016-05-15 17:23:48	AddOrReplaceReadGroups	Created read group ID=id PL=Illumina LB=bar SM=sample1

INFO	2016-05-15 17:24:02	AddOrReplaceReadGroups	Processed     1,000,000 records.  Elapsed time: 00:00:14s.  Time for last 1,000,000:   14s.  Last read position: chr1:17,720,759
INFO	2016-05-15 17:24:16	AddOrReplaceReadGroups	Processed     2,000,000 records.  Elapsed time: 00:00:27s.  Time for last 1,000,000:   13s.  Last read position: chr1:35,365,828
INFO	2016-05-15 17:24:36	AddOrReplaceReadGroups	Processed     3,000,000 records.  Elapsed time: 00:00:48s.  Time for last 1,000,000:   20s.  Last read position: chr1:53,158,524
INFO	2016-05-15 17:24:49	AddOrReplaceReadGroups	Processed     4,000,000 records.  Elapsed time: 00:01:01s.  Time for last 1,000,000:   13s.  Last read position: chr1:95,310,904
INFO	2016-05-15 17:25:10	AddOrReplaceReadGroups	Processed     5,000,000 records.  Elapsed time: 00:01:22s.  Time for last 1,000,000:   21s.  Last read position: chr1:150,443,931
INFO	2016-05-15 17:25:28	AddOrReplaceReadGroups	Processed     6,000,000 records.  Elapsed time: 00:01:39s.  Time for last 1,000,000:   17s.  Last read position: chr1:159,785,490
INFO	2016-05-15 17:25:41	AddOrReplaceReadGroups	Processed     7,000,000 records.  Elapsed time: 00:01:52s.  Time for last 1,000,000:   13s.  Last read position: chr1:185,984,360
INFO	2016-05-15 17:25:55	AddOrReplaceReadGroups	Processed     8,000,000 records.  Elapsed time: 00:02:06s.  Time for last 1,000,000:   13s.  Last read position: chr1:220,145,404
INFO	2016-05-15 17:26:12	AddOrReplaceReadGroups	Processed     9,000,000 records.  Elapsed time: 00:02:23s.  Time for last 1,000,000:   16s.  Last read position: chr2:1,664,733
INFO	2016-05-15 17:26:25	AddOrReplaceReadGroups	Processed    10,000,000 records.  Elapsed time: 00:02:36s.  Time for last 1,000,000:   12s.  Last read position: chr2:33,813,641
INFO	2016-05-15 17:26:45	AddOrReplaceReadGroups	Processed    11,000,000 records.  Elapsed time: 00:02:56s.  Time for last 1,000,000:   19s.  Last read position: chr2:74,151,925
INFO	2016-05-15 17:26:58	AddOrReplaceReadGroups	Processed    12,000,000 records.  Elapsed time: 00:03:10s.  Time for last 1,000,000:   13s.  Last read position: chr2:113,999,019
INFO	2016-05-15 17:27:15	AddOrReplaceReadGroups	Processed    13,000,000 records.  Elapsed time: 00:03:26s.  Time for last 1,000,000:   16s.  Last read position: chr2:167,160,696
INFO	2016-05-15 17:27:27	AddOrReplaceReadGroups	Processed    14,000,000 records.  Elapsed time: 00:03:39s.  Time for last 1,000,000:   12s.  Last read position: chr2:197,986,003
INFO	2016-05-15 17:27:42	AddOrReplaceReadGroups	Processed    15,000,000 records.  Elapsed time: 00:03:54s.  Time for last 1,000,000:   15s.  Last read position: chr2:227,833,741
INFO	2016-05-15 17:27:56	AddOrReplaceReadGroups	Processed    16,000,000 records.  Elapsed time: 00:04:07s.  Time for last 1,000,000:   13s.  Last read position: chr3:12,202,819
INFO	2016-05-15 17:28:35	AddOrReplaceReadGroups	Processed    17,000,000 records.  Elapsed time: 00:04:47s.  Time for last 1,000,000:   39s.  Last read position: chr3:46,742,668
INFO	2016-05-15 17:28:56	AddOrReplaceReadGroups	Processed    18,000,000 records.  Elapsed time: 00:05:07s.  Time for last 1,000,000:   20s.  Last read position: chr3:57,542,236
INFO	2016-05-15 17:29:11	AddOrReplaceReadGroups	Processed    19,000,000 records.  Elapsed time: 00:05:22s.  Time for last 1,000,000:   15s.  Last read position: chr3:121,248,408
INFO	2016-05-15 17:29:30	AddOrReplaceReadGroups	Processed    20,000,000 records.  Elapsed time: 00:05:42s.  Time for last 1,000,000:   19s.  Last read position: chr3:150,910,371
INFO	2016-05-15 17:29:44	AddOrReplaceReadGroups	Processed    21,000,000 records.  Elapsed time: 00:05:56s.  Time for last 1,000,000:   13s.  Last read position: chr3:195,517,619
INFO	2016-05-15 17:30:09	AddOrReplaceReadGroups	Processed    22,000,000 records.  Elapsed time: 00:06:20s.  Time for last 1,000,000:   24s.  Last read position: chr4:39,512,044
INFO	2016-05-15 17:30:25	AddOrReplaceReadGroups	Processed    23,000,000 records.  Elapsed time: 00:06:36s.  Time for last 1,000,000:   16s.  Last read position: chr4:87,692,566
INFO	2016-05-15 17:30:45	AddOrReplaceReadGroups	Processed    24,000,000 records.  Elapsed time: 00:06:57s.  Time for last 1,000,000:   20s.  Last read position: chr4:144,620,076
INFO	2016-05-15 17:31:01	AddOrReplaceReadGroups	Processed    25,000,000 records.  Elapsed time: 00:07:12s.  Time for last 1,000,000:   15s.  Last read position: chr5:10,258,218
INFO	2016-05-15 17:31:19	AddOrReplaceReadGroups	Processed    26,000,000 records.  Elapsed time: 00:07:31s.  Time for last 1,000,000:   18s.  Last read position: chr5:71,491,050
INFO	2016-05-15 17:31:34	AddOrReplaceReadGroups	Processed    27,000,000 records.  Elapsed time: 00:07:46s.  Time for last 1,000,000:   15s.  Last read position: chr5:128,795,994
INFO	2016-05-15 17:31:56	AddOrReplaceReadGroups	Processed    28,000,000 records.  Elapsed time: 00:08:08s.  Time for last 1,000,000:   22s.  Last read position: chr5:149,416,832
INFO	2016-05-15 17:32:11	AddOrReplaceReadGroups	Processed    29,000,000 records.  Elapsed time: 00:08:23s.  Time for last 1,000,000:   14s.  Last read position: chr6:304,707
INFO	2016-05-15 17:32:27	AddOrReplaceReadGroups	Processed    30,000,000 records.  Elapsed time: 00:08:39s.  Time for last 1,000,000:   16s.  Last read position: chr6:31,238,816
INFO	2016-05-15 17:32:49	AddOrReplaceReadGroups	Processed    31,000,000 records.  Elapsed time: 00:09:00s.  Time for last 1,000,000:   21s.  Last read position: chr6:43,155,688
INFO	2016-05-15 17:33:06	AddOrReplaceReadGroups	Processed    32,000,000 records.  Elapsed time: 00:09:17s.  Time for last 1,000,000:   16s.  Last read position: chr6:89,675,798
INFO	2016-05-15 17:33:20	AddOrReplaceReadGroups	Processed    33,000,000 records.  Elapsed time: 00:09:31s.  Time for last 1,000,000:   14s.  Last read position: chr6:138,662,010
INFO	2016-05-15 17:33:35	AddOrReplaceReadGroups	Processed    34,000,000 records.  Elapsed time: 00:09:47s.  Time for last 1,000,000:   15s.  Last read position: chr7:5,035,966
INFO	2016-05-15 17:34:05	AddOrReplaceReadGroups	Processed    35,000,000 records.  Elapsed time: 00:10:17s.  Time for last 1,000,000:   30s.  Last read position: chr7:48,015,971
INFO	2016-05-15 17:34:24	AddOrReplaceReadGroups	Processed    36,000,000 records.  Elapsed time: 00:10:35s.  Time for last 1,000,000:   18s.  Last read position: chr7:99,074,230
INFO	2016-05-15 17:34:38	AddOrReplaceReadGroups	Processed    37,000,000 records.  Elapsed time: 00:10:50s.  Time for last 1,000,000:   14s.  Last read position: chr7:128,486,185
INFO	2016-05-15 17:34:58	AddOrReplaceReadGroups	Processed    38,000,000 records.  Elapsed time: 00:11:10s.  Time for last 1,000,000:   20s.  Last read position: chr7:154,862,679
INFO	2016-05-15 17:35:13	AddOrReplaceReadGroups	Processed    39,000,000 records.  Elapsed time: 00:11:25s.  Time for last 1,000,000:   14s.  Last read position: chr8:37,630,394
INFO	2016-05-15 17:35:33	AddOrReplaceReadGroups	Processed    40,000,000 records.  Elapsed time: 00:11:45s.  Time for last 1,000,000:   20s.  Last read position: chr8:93,006,894
INFO	2016-05-15 17:35:48	AddOrReplaceReadGroups	Processed    41,000,000 records.  Elapsed time: 00:12:00s.  Time for last 1,000,000:   14s.  Last read position: chr8:144,463,723
INFO	2016-05-15 17:36:10	AddOrReplaceReadGroups	Processed    42,000,000 records.  Elapsed time: 00:12:21s.  Time for last 1,000,000:   21s.  Last read position: chr9:35,105,955
INFO	2016-05-15 17:36:25	AddOrReplaceReadGroups	Processed    43,000,000 records.  Elapsed time: 00:12:37s.  Time for last 1,000,000:   15s.  Last read position: chr9:100,444,631
INFO	2016-05-15 17:36:42	AddOrReplaceReadGroups	Processed    44,000,000 records.  Elapsed time: 00:12:54s.  Time for last 1,000,000:   16s.  Last read position: chr9:130,723,620
INFO	2016-05-15 17:37:01	AddOrReplaceReadGroups	Processed    45,000,000 records.  Elapsed time: 00:13:13s.  Time for last 1,000,000:   19s.  Last read position: chr10:5,005,727
INFO	2016-05-15 17:37:16	AddOrReplaceReadGroups	Processed    46,000,000 records.  Elapsed time: 00:13:28s.  Time for last 1,000,000:   15s.  Last read position: chr10:50,818,877
INFO	2016-05-15 17:37:31	AddOrReplaceReadGroups	Processed    47,000,000 records.  Elapsed time: 00:13:43s.  Time for last 1,000,000:   15s.  Last read position: chr10:93,390,179
INFO	2016-05-15 17:37:44	AddOrReplaceReadGroups	Processed    48,000,000 records.  Elapsed time: 00:13:56s.  Time for last 1,000,000:   13s.  Last read position: chr10:118,139,121
INFO	2016-05-15 17:38:04	AddOrReplaceReadGroups	Processed    49,000,000 records.  Elapsed time: 00:14:16s.  Time for last 1,000,000:   19s.  Last read position: chr11:4,843,083
INFO	2016-05-15 17:38:18	AddOrReplaceReadGroups	Processed    50,000,000 records.  Elapsed time: 00:14:29s.  Time for last 1,000,000:   13s.  Last read position: chr11:33,565,894
INFO	2016-05-15 17:38:36	AddOrReplaceReadGroups	Processed    51,000,000 records.  Elapsed time: 00:14:48s.  Time for last 1,000,000:   18s.  Last read position: chr11:62,373,242
INFO	2016-05-15 17:38:49	AddOrReplaceReadGroups	Processed    52,000,000 records.  Elapsed time: 00:15:00s.  Time for last 1,000,000:   12s.  Last read position: chr11:72,091,271
INFO	2016-05-15 17:39:03	AddOrReplaceReadGroups	Processed    53,000,000 records.  Elapsed time: 00:15:14s.  Time for last 1,000,000:   13s.  Last read position: chr11:111,887,515
INFO	2016-05-15 17:39:16	AddOrReplaceReadGroups	Processed    54,000,000 records.  Elapsed time: 00:15:27s.  Time for last 1,000,000:   12s.  Last read position: chr12:1,009,754
INFO	2016-05-15 17:39:35	AddOrReplaceReadGroups	Processed    55,000,000 records.  Elapsed time: 00:15:46s.  Time for last 1,000,000:   19s.  Last read position: chr12:30,822,144
INFO	2016-05-15 17:39:48	AddOrReplaceReadGroups	Processed    56,000,000 records.  Elapsed time: 00:16:00s.  Time for last 1,000,000:   13s.  Last read position: chr12:54,925,475
INFO	2016-05-15 17:40:01	AddOrReplaceReadGroups	Processed    57,000,000 records.  Elapsed time: 00:16:13s.  Time for last 1,000,000:   12s.  Last read position: chr12:88,429,418
INFO	2016-05-15 17:40:15	AddOrReplaceReadGroups	Processed    58,000,000 records.  Elapsed time: 00:16:26s.  Time for last 1,000,000:   13s.  Last read position: chr12:119,968,587
INFO	2016-05-15 17:40:27	AddOrReplaceReadGroups	Processed    59,000,000 records.  Elapsed time: 00:16:39s.  Time for last 1,000,000:   12s.  Last read position: chr13:31,729,628
INFO	2016-05-15 17:40:45	AddOrReplaceReadGroups	Processed    60,000,000 records.  Elapsed time: 00:16:56s.  Time for last 1,000,000:   17s.  Last read position: chr13:100,617,832
INFO	2016-05-15 17:40:58	AddOrReplaceReadGroups	Processed    61,000,000 records.  Elapsed time: 00:17:10s.  Time for last 1,000,000:   13s.  Last read position: chr14:25,102,049
INFO	2016-05-15 17:41:18	AddOrReplaceReadGroups	Processed    62,000,000 records.  Elapsed time: 00:17:30s.  Time for last 1,000,000:   20s.  Last read position: chr14:70,793,062
INFO	2016-05-15 17:41:33	AddOrReplaceReadGroups	Processed    63,000,000 records.  Elapsed time: 00:17:44s.  Time for last 1,000,000:   14s.  Last read position: chr14:103,411,880
INFO	2016-05-15 17:41:49	AddOrReplaceReadGroups	Processed    64,000,000 records.  Elapsed time: 00:18:00s.  Time for last 1,000,000:   16s.  Last read position: chr15:42,520,031
INFO	2016-05-15 17:42:01	AddOrReplaceReadGroups	Processed    65,000,000 records.  Elapsed time: 00:18:13s.  Time for last 1,000,000:   12s.  Last read position: chr15:65,822,906
INFO	2016-05-15 17:42:17	AddOrReplaceReadGroups	Processed    66,000,000 records.  Elapsed time: 00:18:29s.  Time for last 1,000,000:   16s.  Last read position: chr15:90,802,041
INFO	2016-05-15 17:42:32	AddOrReplaceReadGroups	Processed    67,000,000 records.  Elapsed time: 00:18:44s.  Time for last 1,000,000:   15s.  Last read position: chr16:5,108,470
INFO	2016-05-15 17:42:52	AddOrReplaceReadGroups	Processed    68,000,000 records.  Elapsed time: 00:19:04s.  Time for last 1,000,000:   19s.  Last read position: chr16:30,992,323
INFO	2016-05-15 17:43:06	AddOrReplaceReadGroups	Processed    69,000,000 records.  Elapsed time: 00:19:17s.  Time for last 1,000,000:   13s.  Last read position: chr16:68,371,302
INFO	2016-05-15 17:43:19	AddOrReplaceReadGroups	Processed    70,000,000 records.  Elapsed time: 00:19:30s.  Time for last 1,000,000:   13s.  Last read position: chr17:1,576,584
INFO	2016-05-15 17:43:32	AddOrReplaceReadGroups	Processed    71,000,000 records.  Elapsed time: 00:19:44s.  Time for last 1,000,000:   13s.  Last read position: chr17:10,608,279
INFO	2016-05-15 17:43:50	AddOrReplaceReadGroups	Processed    72,000,000 records.  Elapsed time: 00:20:01s.  Time for last 1,000,000:   17s.  Last read position: chr17:34,746,590
INFO	2016-05-15 17:44:03	AddOrReplaceReadGroups	Processed    73,000,000 records.  Elapsed time: 00:20:15s.  Time for last 1,000,000:   13s.  Last read position: chr17:45,752,047
INFO	2016-05-15 17:44:20	AddOrReplaceReadGroups	Processed    74,000,000 records.  Elapsed time: 00:20:32s.  Time for last 1,000,000:   17s.  Last read position: chr17:67,269,977
INFO	2016-05-15 17:44:34	AddOrReplaceReadGroups	Processed    75,000,000 records.  Elapsed time: 00:20:46s.  Time for last 1,000,000:   13s.  Last read position: chr18:2,920,247
INFO	2016-05-15 17:44:51	AddOrReplaceReadGroups	Processed    76,000,000 records.  Elapsed time: 00:21:03s.  Time for last 1,000,000:   16s.  Last read position: chr18:55,315,916
INFO	2016-05-15 17:45:04	AddOrReplaceReadGroups	Processed    77,000,000 records.  Elapsed time: 00:21:16s.  Time for last 1,000,000:   13s.  Last read position: chr19:6,411,815
INFO	2016-05-15 17:45:31	AddOrReplaceReadGroups	Processed    78,000,000 records.  Elapsed time: 00:21:43s.  Time for last 1,000,000:   27s.  Last read position: chr19:14,529,771
INFO	2016-05-15 17:45:45	AddOrReplaceReadGroups	Processed    79,000,000 records.  Elapsed time: 00:21:56s.  Time for last 1,000,000:   13s.  Last read position: chr19:36,216,285
INFO	2016-05-15 17:46:02	AddOrReplaceReadGroups	Processed    80,000,000 records.  Elapsed time: 00:22:14s.  Time for last 1,000,000:   17s.  Last read position: chr19:45,317,398
INFO	2016-05-15 17:46:15	AddOrReplaceReadGroups	Processed    81,000,000 records.  Elapsed time: 00:22:27s.  Time for last 1,000,000:   13s.  Last read position: chr19:54,104,520
INFO	2016-05-15 17:46:29	AddOrReplaceReadGroups	Processed    82,000,000 records.  Elapsed time: 00:22:41s.  Time for last 1,000,000:   13s.  Last read position: chr20:9,376,066
INFO	2016-05-15 17:46:47	AddOrReplaceReadGroups	Processed    83,000,000 records.  Elapsed time: 00:22:58s.  Time for last 1,000,000:   17s.  Last read position: chr20:42,231,190
INFO	2016-05-15 17:47:00	AddOrReplaceReadGroups	Processed    84,000,000 records.  Elapsed time: 00:23:11s.  Time for last 1,000,000:   12s.  Last read position: chr21:17,181,156
INFO	2016-05-15 17:47:17	AddOrReplaceReadGroups	Processed    85,000,000 records.  Elapsed time: 00:23:29s.  Time for last 1,000,000:   17s.  Last read position: chr22:19,346,926
INFO	2016-05-15 17:47:31	AddOrReplaceReadGroups	Processed    86,000,000 records.  Elapsed time: 00:23:42s.  Time for last 1,000,000:   13s.  Last read position: chr22:38,016,235
INFO	2016-05-15 17:47:46	AddOrReplaceReadGroups	Processed    87,000,000 records.  Elapsed time: 00:23:58s.  Time for last 1,000,000:   15s.  Last read position: chrX:13,727,420
INFO	2016-05-15 17:48:00	AddOrReplaceReadGroups	Processed    88,000,000 records.  Elapsed time: 00:24:11s.  Time for last 1,000,000:   13s.  Last read position: chrX:50,381,101
INFO	2016-05-15 17:48:21	AddOrReplaceReadGroups	Processed    89,000,000 records.  Elapsed time: 00:24:33s.  Time for last 1,000,000:   21s.  Last read position: chrX:101,857,321
INFO	2016-05-15 17:48:35	AddOrReplaceReadGroups	Processed    90,000,000 records.  Elapsed time: 00:24:47s.  Time for last 1,000,000:   14s.  Last read position: chrX:149,680,660
[Sun May 15 17:48:48 EDT 2016] picard.sam.AddOrReplaceReadGroups done. Elapsed time: 25.03 minutes.
Runtime.totalMemory()=306708480
[Sun May 15 17:48:49 EDT 2016] picard.sam.FixMateInformation INPUT=[p_DS_bkm_109-N/p_DS_bkm_109-N.sorted.MarkDup.fixed.bam] OUTPUT=p_DS_bkm_109-N/p_DS_bkm_109-N.sorted.MarkDup.realn.fixed.bam SORT_ORDER=coordinate TMP_DIR=[tmp/flx] VALIDATION_STRINGENCY=LENIENT CREATE_INDEX=true    ASSUME_SORTED=false ADD_MATE_CIGAR=true IGNORE_MISSING_MATES=true VERBOSITY=INFO QUIET=false COMPRESSION_LEVEL=5 MAX_RECORDS_IN_RAM=500000 CREATE_MD5_FILE=false GA4GH_CLIENT_SECRETS=client_secrets.json
[Sun May 15 17:48:49 EDT 2016] Executing as abdelrahman@compute-1-14.local on Linux 2.6.32-279.14.1.el6.x86_64 amd64; Java HotSpot(TM) 64-Bit Server VM 1.8.0_45-b14; Picard version: 2.3.0(9a00c87b7ffdb01cfb5a0d6e76556146196babb8_1463071327) IntelDeflater
INFO	2016-05-15 17:48:50	FixMateInformation	Sorting input into queryname order.
INFO	2016-05-15 18:11:43	FixMateInformation	Sorting by queryname complete.
INFO	2016-05-15 18:11:43	FixMateInformation	Output will be sorted by coordinate
INFO	2016-05-15 18:11:44	FixMateInformation	Traversing query name sorted records and fixing up mate pair information.
INFO	2016-05-15 18:12:02	FixMateInformation	Processed     1,000,000 records.  Elapsed time: 00:00:18s.  Time for last 1,000,000:   18s.  Last read position: */*
INFO	2016-05-15 18:12:25	FixMateInformation	Processed     2,000,000 records.  Elapsed time: 00:00:41s.  Time for last 1,000,000:   22s.  Last read position: chr15:79,749,712
INFO	2016-05-15 18:12:51	FixMateInformation	Processed     3,000,000 records.  Elapsed time: 00:01:07s.  Time for last 1,000,000:   26s.  Last read position: chr11:27,682,090
INFO	2016-05-15 18:13:06	FixMateInformation	Processed     4,000,000 records.  Elapsed time: 00:01:22s.  Time for last 1,000,000:   15s.  Last read position: chr9:105,279,439
INFO	2016-05-15 18:13:19	FixMateInformation	Processed     5,000,000 records.  Elapsed time: 00:01:35s.  Time for last 1,000,000:   13s.  Last read position: chr1:205,197,536
INFO	2016-05-15 18:13:44	FixMateInformation	Processed     6,000,000 records.  Elapsed time: 00:02:00s.  Time for last 1,000,000:   24s.  Last read position: chr6:83,847,114
INFO	2016-05-15 18:13:57	FixMateInformation	Processed     7,000,000 records.  Elapsed time: 00:02:13s.  Time for last 1,000,000:   12s.  Last read position: chr11:65,049,910
INFO	2016-05-15 18:14:15	FixMateInformation	Processed     8,000,000 records.  Elapsed time: 00:02:31s.  Time for last 1,000,000:   17s.  Last read position: chr3:100,071,285
INFO	2016-05-15 18:14:31	FixMateInformation	Processed     9,000,000 records.  Elapsed time: 00:02:47s.  Time for last 1,000,000:   16s.  Last read position: chr7:128,694,855
INFO	2016-05-15 18:14:44	FixMateInformation	Processed    10,000,000 records.  Elapsed time: 00:03:00s.  Time for last 1,000,000:   13s.  Last read position: chr8:28,019,274
INFO	2016-05-15 18:15:00	FixMateInformation	Processed    11,000,000 records.  Elapsed time: 00:03:16s.  Time for last 1,000,000:   15s.  Last read position: chr1:43,787,090
INFO	2016-05-15 18:15:20	FixMateInformation	Processed    12,000,000 records.  Elapsed time: 00:03:36s.  Time for last 1,000,000:   20s.  Last read position: chr5:140,552,703
INFO	2016-05-15 18:15:37	FixMateInformation	Processed    13,000,000 records.  Elapsed time: 00:03:53s.  Time for last 1,000,000:   16s.  Last read position: chr17:33,875,526
INFO	2016-05-15 18:15:55	FixMateInformation	Processed    14,000,000 records.  Elapsed time: 00:04:11s.  Time for last 1,000,000:   17s.  Last read position: chr12:42,555,624
INFO	2016-05-15 18:16:12	FixMateInformation	Processed    15,000,000 records.  Elapsed time: 00:04:28s.  Time for last 1,000,000:   17s.  Last read position: chr15:102,004,139
INFO	2016-05-15 18:16:26	FixMateInformation	Processed    16,000,000 records.  Elapsed time: 00:04:42s.  Time for last 1,000,000:   13s.  Last read position: chr6:35,255,603
INFO	2016-05-15 18:16:45	FixMateInformation	Processed    17,000,000 records.  Elapsed time: 00:05:00s.  Time for last 1,000,000:   18s.  Last read position: chrX:71,822,779
INFO	2016-05-15 18:17:00	FixMateInformation	Processed    18,000,000 records.  Elapsed time: 00:05:16s.  Time for last 1,000,000:   15s.  Last read position: chr3:171,392,288
INFO	2016-05-15 18:17:14	FixMateInformation	Processed    19,000,000 records.  Elapsed time: 00:05:30s.  Time for last 1,000,000:   14s.  Last read position: chr10:83,635,716
INFO	2016-05-15 18:17:30	FixMateInformation	Processed    20,000,000 records.  Elapsed time: 00:05:45s.  Time for last 1,000,000:   15s.  Last read position: chr8:22,105,502
INFO	2016-05-15 18:17:44	FixMateInformation	Processed    21,000,000 records.  Elapsed time: 00:06:00s.  Time for last 1,000,000:   14s.  Last read position: chr9:123,908,433
INFO	2016-05-15 18:17:58	FixMateInformation	Processed    22,000,000 records.  Elapsed time: 00:06:14s.  Time for last 1,000,000:   14s.  Last read position: chr5:179,106,173
INFO	2016-05-15 18:18:16	FixMateInformation	Processed    23,000,000 records.  Elapsed time: 00:06:32s.  Time for last 1,000,000:   17s.  Last read position: chr7:81,689,846
INFO	2016-05-15 18:18:31	FixMateInformation	Processed    24,000,000 records.  Elapsed time: 00:06:47s.  Time for last 1,000,000:   15s.  Last read position: chr6:21,874,060
INFO	2016-05-15 18:18:47	FixMateInformation	Processed    25,000,000 records.  Elapsed time: 00:07:03s.  Time for last 1,000,000:   16s.  Last read position: chr20:54,945,838
INFO	2016-05-15 18:19:02	FixMateInformation	Processed    26,000,000 records.  Elapsed time: 00:07:18s.  Time for last 1,000,000:   14s.  Last read position: chr1:19,478,024
INFO	2016-05-15 18:19:19	FixMateInformation	Processed    27,000,000 records.  Elapsed time: 00:07:35s.  Time for last 1,000,000:   17s.  Last read position: chr9:95,177,379
INFO	2016-05-15 18:19:34	FixMateInformation	Processed    28,000,000 records.  Elapsed time: 00:07:50s.  Time for last 1,000,000:   14s.  Last read position: chr11:68,846,198
INFO	2016-05-15 18:19:52	FixMateInformation	Processed    29,000,000 records.  Elapsed time: 00:08:08s.  Time for last 1,000,000:   17s.  Last read position: chr19:53,762,611
INFO	2016-05-15 18:20:09	FixMateInformation	Processed    30,000,000 records.  Elapsed time: 00:08:25s.  Time for last 1,000,000:   16s.  Last read position: chr2:113,958,954
INFO	2016-05-15 18:20:24	FixMateInformation	Processed    31,000,000 records.  Elapsed time: 00:08:40s.  Time for last 1,000,000:   15s.  Last read position: chr3:43,020,834
INFO	2016-05-15 18:20:41	FixMateInformation	Processed    32,000,000 records.  Elapsed time: 00:08:57s.  Time for last 1,000,000:   16s.  Last read position: chr11:993,711
INFO	2016-05-15 18:20:57	FixMateInformation	Processed    33,000,000 records.  Elapsed time: 00:09:13s.  Time for last 1,000,000:   16s.  Last read position: chr17:435,740
INFO	2016-05-15 18:21:12	FixMateInformation	Processed    34,000,000 records.  Elapsed time: 00:09:28s.  Time for last 1,000,000:   15s.  Last read position: chr17:54,671,658
INFO	2016-05-15 18:21:27	FixMateInformation	Processed    35,000,000 records.  Elapsed time: 00:09:43s.  Time for last 1,000,000:   15s.  Last read position: chr6:76,423,171
INFO	2016-05-15 18:21:42	FixMateInformation	Processed    36,000,000 records.  Elapsed time: 00:09:58s.  Time for last 1,000,000:   14s.  Last read position: chr2:11,758,835
INFO	2016-05-15 18:21:59	FixMateInformation	Processed    37,000,000 records.  Elapsed time: 00:10:15s.  Time for last 1,000,000:   16s.  Last read position: chr11:122,647,683
INFO	2016-05-15 18:22:15	FixMateInformation	Processed    38,000,000 records.  Elapsed time: 00:10:31s.  Time for last 1,000,000:   16s.  Last read position: chr4:74,262,737
INFO	2016-05-15 18:22:31	FixMateInformation	Processed    39,000,000 records.  Elapsed time: 00:10:47s.  Time for last 1,000,000:   15s.  Last read position: chr1:160,295,460
INFO	2016-05-15 18:22:49	FixMateInformation	Processed    40,000,000 records.  Elapsed time: 00:11:05s.  Time for last 1,000,000:   17s.  Last read position: chr12:56,480,255
INFO	2016-05-15 18:23:05	FixMateInformation	Processed    41,000,000 records.  Elapsed time: 00:11:21s.  Time for last 1,000,000:   15s.  Last read position: chr6:28,196,303
INFO	2016-05-15 18:23:23	FixMateInformation	Processed    42,000,000 records.  Elapsed time: 00:11:39s.  Time for last 1,000,000:   18s.  Last read position: chr10:93,699,751
INFO	2016-05-15 18:23:42	FixMateInformation	Processed    43,000,000 records.  Elapsed time: 00:11:58s.  Time for last 1,000,000:   18s.  Last read position: chr2:26,854,738
INFO	2016-05-15 18:24:03	FixMateInformation	Processed    44,000,000 records.  Elapsed time: 00:12:19s.  Time for last 1,000,000:   21s.  Last read position: chr15:65,370,207
INFO	2016-05-15 18:24:19	FixMateInformation	Processed    45,000,000 records.  Elapsed time: 00:12:35s.  Time for last 1,000,000:   15s.  Last read position: chr4:1,018,329
INFO	2016-05-15 18:24:35	FixMateInformation	Processed    46,000,000 records.  Elapsed time: 00:12:51s.  Time for last 1,000,000:   15s.  Last read position: chr16:29,810,594
INFO	2016-05-15 18:24:50	FixMateInformation	Processed    47,000,000 records.  Elapsed time: 00:13:06s.  Time for last 1,000,000:   14s.  Last read position: chr2:97,326,136
INFO	2016-05-15 18:25:10	FixMateInformation	Processed    48,000,000 records.  Elapsed time: 00:13:26s.  Time for last 1,000,000:   20s.  Last read position: chrX:153,631,798
INFO	2016-05-15 18:25:28	FixMateInformation	Processed    49,000,000 records.  Elapsed time: 00:13:44s.  Time for last 1,000,000:   18s.  Last read position: chr14:62,356,474
INFO	2016-05-15 18:25:47	FixMateInformation	Processed    50,000,000 records.  Elapsed time: 00:14:03s.  Time for last 1,000,000:   18s.  Last read position: chr4:114,038,532
INFO	2016-05-15 18:26:04	FixMateInformation	Processed    51,000,000 records.  Elapsed time: 00:14:20s.  Time for last 1,000,000:   17s.  Last read position: chr1:149,885,139
INFO	2016-05-15 18:26:19	FixMateInformation	Processed    52,000,000 records.  Elapsed time: 00:14:35s.  Time for last 1,000,000:   14s.  Last read position: chr6:31,600,172
INFO	2016-05-15 18:26:36	FixMateInformation	Processed    53,000,000 records.  Elapsed time: 00:14:52s.  Time for last 1,000,000:   17s.  Last read position: chr1:22,032,810
INFO	2016-05-15 18:26:52	FixMateInformation	Processed    54,000,000 records.  Elapsed time: 00:15:07s.  Time for last 1,000,000:   15s.  Last read position: chr19:10,578,334
INFO	2016-05-15 18:27:07	FixMateInformation	Processed    55,000,000 records.  Elapsed time: 00:15:23s.  Time for last 1,000,000:   15s.  Last read position: chr15:42,742,105
INFO	2016-05-15 18:27:22	FixMateInformation	Processed    56,000,000 records.  Elapsed time: 00:15:38s.  Time for last 1,000,000:   14s.  Last read position: chr2:111,430,453
INFO	2016-05-15 18:27:45	FixMateInformation	Processed    57,000,000 records.  Elapsed time: 00:16:01s.  Time for last 1,000,000:   22s.  Last read position: chr3:133,538,471
INFO	2016-05-15 18:28:00	FixMateInformation	Processed    58,000,000 records.  Elapsed time: 00:16:16s.  Time for last 1,000,000:   15s.  Last read position: chr6:35,604,913
INFO	2016-05-15 18:28:20	FixMateInformation	Processed    59,000,000 records.  Elapsed time: 00:16:36s.  Time for last 1,000,000:   19s.  Last read position: chr11:1,092,970
INFO	2016-05-15 18:28:38	FixMateInformation	Processed    60,000,000 records.  Elapsed time: 00:16:54s.  Time for last 1,000,000:   18s.  Last read position: chr7:32,660,129
INFO	2016-05-15 18:28:54	FixMateInformation	Processed    61,000,000 records.  Elapsed time: 00:17:10s.  Time for last 1,000,000:   15s.  Last read position: chr21:31,812,871
INFO	2016-05-15 18:29:08	FixMateInformation	Processed    62,000,000 records.  Elapsed time: 00:17:24s.  Time for last 1,000,000:   13s.  Last read position: chr7:97,821,460
INFO	2016-05-15 18:29:24	FixMateInformation	Processed    63,000,000 records.  Elapsed time: 00:17:40s.  Time for last 1,000,000:   16s.  Last read position: chr3:196,033,730
INFO	2016-05-15 18:29:41	FixMateInformation	Processed    64,000,000 records.  Elapsed time: 00:17:57s.  Time for last 1,000,000:   16s.  Last read position: chr3:50,403,451
INFO	2016-05-15 18:29:56	FixMateInformation	Processed    65,000,000 records.  Elapsed time: 00:18:12s.  Time for last 1,000,000:   14s.  Last read position: chr12:31,451,184
INFO	2016-05-15 18:30:12	FixMateInformation	Processed    66,000,000 records.  Elapsed time: 00:18:28s.  Time for last 1,000,000:   16s.  Last read position: chr15:53,907,865
INFO	2016-05-15 18:30:28	FixMateInformation	Processed    67,000,000 records.  Elapsed time: 00:18:44s.  Time for last 1,000,000:   15s.  Last read position: chr2:72,562,032
INFO	2016-05-15 18:30:43	FixMateInformation	Processed    68,000,000 records.  Elapsed time: 00:18:59s.  Time for last 1,000,000:   15s.  Last read position: chr4:37,446,346
INFO	2016-05-15 18:30:58	FixMateInformation	Processed    69,000,000 records.  Elapsed time: 00:19:14s.  Time for last 1,000,000:   15s.  Last read position: chr14:23,355,967
INFO	2016-05-15 18:31:12	FixMateInformation	Processed    70,000,000 records.  Elapsed time: 00:19:28s.  Time for last 1,000,000:   14s.  Last read position: chr4:20,714,371
INFO	2016-05-15 18:31:32	FixMateInformation	Processed    71,000,000 records.  Elapsed time: 00:19:48s.  Time for last 1,000,000:   20s.  Last read position: chr7:124,462,652
INFO	2016-05-15 18:31:50	FixMateInformation	Processed    72,000,000 records.  Elapsed time: 00:20:06s.  Time for last 1,000,000:   17s.  Last read position: chr17:74,738,455
INFO	2016-05-15 18:32:07	FixMateInformation	Processed    73,000,000 records.  Elapsed time: 00:20:23s.  Time for last 1,000,000:   17s.  Last read position: chr3:151,012,129
INFO	2016-05-15 18:32:23	FixMateInformation	Processed    74,000,000 records.  Elapsed time: 00:20:39s.  Time for last 1,000,000:   16s.  Last read position: chr2:233,243,908
INFO	2016-05-15 18:32:37	FixMateInformation	Processed    75,000,000 records.  Elapsed time: 00:20:53s.  Time for last 1,000,000:   14s.  Last read position: chr3:158,431,536
INFO	2016-05-15 18:32:56	FixMateInformation	Processed    76,000,000 records.  Elapsed time: 00:21:12s.  Time for last 1,000,000:   18s.  Last read position: chr11:85,712,125
INFO	2016-05-15 18:33:10	FixMateInformation	Processed    77,000,000 records.  Elapsed time: 00:21:26s.  Time for last 1,000,000:   13s.  Last read position: chr7:73,666,826
INFO	2016-05-15 18:33:24	FixMateInformation	Processed    78,000,000 records.  Elapsed time: 00:21:40s.  Time for last 1,000,000:   14s.  Last read position: chr17:62,141,253
INFO	2016-05-15 18:33:40	FixMateInformation	Processed    79,000,000 records.  Elapsed time: 00:21:56s.  Time for last 1,000,000:   15s.  Last read position: chr5:70,806,612
INFO	2016-05-15 18:33:57	FixMateInformation	Processed    80,000,000 records.  Elapsed time: 00:22:13s.  Time for last 1,000,000:   16s.  Last read position: chr4:37,445,879
INFO	2016-05-15 18:34:12	FixMateInformation	Processed    81,000,000 records.  Elapsed time: 00:22:28s.  Time for last 1,000,000:   15s.  Last read position: chr20:45,808,343
INFO	2016-05-15 18:34:28	FixMateInformation	Processed    82,000,000 records.  Elapsed time: 00:22:44s.  Time for last 1,000,000:   16s.  Last read position: chr8:26,217,794
INFO	2016-05-15 18:34:46	FixMateInformation	Processed    83,000,000 records.  Elapsed time: 00:23:02s.  Time for last 1,000,000:   17s.  Last read position: chr7:75,613,002
INFO	2016-05-15 18:35:01	FixMateInformation	Processed    84,000,000 records.  Elapsed time: 00:23:17s.  Time for last 1,000,000:   14s.  Last read position: chr20:2,796,346
INFO	2016-05-15 18:35:15	FixMateInformation	Processed    85,000,000 records.  Elapsed time: 00:23:31s.  Time for last 1,000,000:   14s.  Last read position: chr9:14,750,134
INFO	2016-05-15 18:35:33	FixMateInformation	Processed    86,000,000 records.  Elapsed time: 00:23:49s.  Time for last 1,000,000:   17s.  Last read position: chr17:37,873,843
INFO	2016-05-15 18:35:49	FixMateInformation	Processed    87,000,000 records.  Elapsed time: 00:24:05s.  Time for last 1,000,000:   16s.  Last read position: chr15:79,283,983
INFO	2016-05-15 18:36:04	FixMateInformation	Processed    88,000,000 records.  Elapsed time: 00:24:20s.  Time for last 1,000,000:   14s.  Last read position: chr2:97,367,758
INFO	2016-05-15 18:36:21	FixMateInformation	Processed    89,000,000 records.  Elapsed time: 00:24:37s.  Time for last 1,000,000:   17s.  Last read position: chr11:10,826,390
INFO	2016-05-15 18:36:39	FixMateInformation	Processed    90,000,000 records.  Elapsed time: 00:24:55s.  Time for last 1,000,000:   17s.  Last read position: chr1:156,040,200
INFO	2016-05-15 18:36:54	FixMateInformation	Finished processing reads; re-sorting output file.
[Sun May 15 18:56:55 EDT 2016] picard.sam.FixMateInformation done. Elapsed time: 68.10 minutes.
Runtime.totalMemory()=905445376
