[Sun May 15 14:21:39 EDT 2016] picard.sam.SortSam INPUT=p_DS_bkm_105-T.sam OUTPUT=p_DS_bkm_105-T/p_DS_bkm_105-T.sorted.bam SORT_ORDER=coordinate TMP_DIR=[tmp_WT] VALIDATION_STRINGENCY=LENIENT CREATE_INDEX=true    VERBOSITY=INFO QUIET=false COMPRESSION_LEVEL=5 MAX_RECORDS_IN_RAM=500000 CREATE_MD5_FILE=false GA4GH_CLIENT_SECRETS=client_secrets.json
[Sun May 15 14:21:39 EDT 2016] Executing as abdelrahman@compute-1-14.local on Linux 2.6.32-279.14.1.el6.x86_64 amd64; Java HotSpot(TM) 64-Bit Server VM 1.8.0_45-b14; Picard version: 2.3.0(9a00c87b7ffdb01cfb5a0d6e76556146196babb8_1463071327) IntelDeflater
INFO	2016-05-15 14:32:45	SortSam	Read    10,000,000 records.  Elapsed time: 00:11:05s.  Time for last 10,000,000:  665s.  Last read position: chr3:129,279,075
INFO	2016-05-15 14:42:20	SortSam	Read    20,000,000 records.  Elapsed time: 00:20:40s.  Time for last 10,000,000:  574s.  Last read position: chr5:137,802,566
INFO	2016-05-15 14:52:50	SortSam	Read    30,000,000 records.  Elapsed time: 00:31:10s.  Time for last 10,000,000:  630s.  Last read position: chr15:69,745,296
INFO	2016-05-15 15:04:15	SortSam	Read    40,000,000 records.  Elapsed time: 00:42:35s.  Time for last 10,000,000:  685s.  Last read position: chr6:31,702,010
INFO	2016-05-15 15:14:47	SortSam	Read    50,000,000 records.  Elapsed time: 00:53:06s.  Time for last 10,000,000:  631s.  Last read position: chr4:42,414,845
INFO	2016-05-15 15:26:40	SortSam	Read    60,000,000 records.  Elapsed time: 01:05:00s.  Time for last 10,000,000:  713s.  Last read position: chrX:153,457,930
INFO	2016-05-15 15:37:15	SortSam	Read    70,000,000 records.  Elapsed time: 01:15:35s.  Time for last 10,000,000:  634s.  Last read position: chr17:19,316,375
INFO	2016-05-15 15:47:30	SortSam	Read    80,000,000 records.  Elapsed time: 01:25:50s.  Time for last 10,000,000:  615s.  Last read position: chr11:74,424,539
INFO	2016-05-15 15:56:09	SortSam	Read    90,000,000 records.  Elapsed time: 01:34:29s.  Time for last 10,000,000:  518s.  Last read position: chr15:43,748,848
INFO	2016-05-15 16:03:35	SortSam	Read   100,000,000 records.  Elapsed time: 01:41:55s.  Time for last 10,000,000:  446s.  Last read position: chr18:12,356,555
INFO	2016-05-15 16:10:41	SortSam	Read   110,000,000 records.  Elapsed time: 01:49:01s.  Time for last 10,000,000:  425s.  Last read position: chr10:75,286,432
INFO	2016-05-15 16:17:05	SortSam	Read   120,000,000 records.  Elapsed time: 01:55:25s.  Time for last 10,000,000:  384s.  Last read position: chrX:39,969,912
/opt/gridengine/default/spool/compute-1-14/job_scripts/125031: line 39:  5704 Killed                  java -Xmx14g -jar $PICARD SortSam I=$PATIENT_DIR.sam O=$PATIENT_DIR/$PATIENT_DIR.sorted.bam SO=coordinate VALIDATION_STRINGENCY=LENIENT TMP_DIR=tmp_WT CREATE_INDEX=true
[Sun May 15 16:21:55 EDT 2016] picard.sam.markduplicates.MarkDuplicates INPUT=[p_DS_bkm_105-T/p_DS_bkm_105-T.sorted.bam] OUTPUT=p_DS_bkm_105-T/p_DS_bkm_105-T.sorted.MarkDup.bam METRICS_FILE=MarkDup_metrics TMP_DIR=[tmp] VALIDATION_STRINGENCY=SILENT CREATE_INDEX=true    MAX_SEQUENCES_FOR_DISK_READ_ENDS_MAP=50000 MAX_FILE_HANDLES_FOR_READ_ENDS_MAP=8000 SORTING_COLLECTION_SIZE_RATIO=0.25 REMOVE_SEQUENCING_DUPLICATES=false TAGGING_POLICY=DontTag REMOVE_DUPLICATES=false ASSUME_SORTED=false DUPLICATE_SCORING_STRATEGY=SUM_OF_BASE_QUALITIES PROGRAM_RECORD_ID=MarkDuplicates PROGRAM_GROUP_NAME=MarkDuplicates READ_NAME_REGEX=<optimized capture of last three ':' separated fields as numeric values> OPTICAL_DUPLICATE_PIXEL_DISTANCE=100 VERBOSITY=INFO QUIET=false COMPRESSION_LEVEL=5 MAX_RECORDS_IN_RAM=500000 CREATE_MD5_FILE=false GA4GH_CLIENT_SECRETS=client_secrets.json
[Sun May 15 16:21:55 EDT 2016] Executing as abdelrahman@compute-1-14.local on Linux 2.6.32-279.14.1.el6.x86_64 amd64; Java HotSpot(TM) 64-Bit Server VM 1.8.0_45-b14; Picard version: 2.3.0(9a00c87b7ffdb01cfb5a0d6e76556146196babb8_1463071327) IntelDeflater
INFO	2016-05-15 16:21:56	MarkDuplicates	Start of doWork freeMemory: 376525536; totalMemory: 380108800; maxMemory: 13362528256
INFO	2016-05-15 16:21:56	MarkDuplicates	Reading input file and constructing read end information.
INFO	2016-05-15 16:21:56	MarkDuplicates	Will retain up to 51394339 data points before spilling to disk.
INFO	2016-05-15 16:21:57	MarkDuplicates	Read 0 records. 0 pairs never matched.
INFO	2016-05-15 16:21:57	MarkDuplicates	After buildSortedReadEndLists freeMemory: 171290824; totalMemory: 586153984; maxMemory: 13362528256
INFO	2016-05-15 16:21:57	MarkDuplicates	Will retain up to 417579008 duplicate indices before spilling to disk.
INFO	2016-05-15 16:22:08	MarkDuplicates	Traversing read pair information and detecting duplicates.
INFO	2016-05-15 16:22:08	MarkDuplicates	Traversing fragment information and detecting duplicates.
INFO	2016-05-15 16:22:08	MarkDuplicates	Sorting list of duplicate records.
INFO	2016-05-15 16:22:09	MarkDuplicates	After generateDuplicateIndexes freeMemory: 582580632; totalMemory: 3926917120; maxMemory: 13362528256
INFO	2016-05-15 16:22:09	MarkDuplicates	Marking 0 records as duplicates.
INFO	2016-05-15 16:22:09	MarkDuplicates	Found 0 optical duplicate clusters.
INFO	2016-05-15 16:22:09	MarkDuplicates	Reads are assumed to be ordered by: unsorted
[Sun May 15 16:22:09 EDT 2016] picard.sam.markduplicates.MarkDuplicates done. Elapsed time: 0.23 minutes.
Runtime.totalMemory()=3926917120
To get help, see http://broadinstitute.github.io/picard/index.html#GettingHelp
Exception in thread "main" picard.PicardException: This program requires input that are either coordinate or query sorted. Found unsorted
	at picard.sam.markduplicates.MarkDuplicates.doWork(MarkDuplicates.java:215)
	at picard.cmdline.CommandLineProgram.instanceMain(CommandLineProgram.java:209)
	at picard.cmdline.PicardCommandLine.instanceMain(PicardCommandLine.java:95)
	at picard.cmdline.PicardCommandLine.main(PicardCommandLine.java:105)
[Sun May 15 16:22:11 EDT 2016] picard.sam.AddOrReplaceReadGroups INPUT=p_DS_bkm_105-T/p_DS_bkm_105-T.sorted.MarkDup.bam OUTPUT=p_DS_bkm_105-T/p_DS_bkm_105-T.sorted.MarkDup.fixed.bam SORT_ORDER=coordinate RGID=id RGLB=bar RGPL=Illumina RGPU=platform RGSM=sample1 TMP_DIR=[tmp] VALIDATION_STRINGENCY=SILENT CREATE_INDEX=true    VERBOSITY=INFO QUIET=false COMPRESSION_LEVEL=5 MAX_RECORDS_IN_RAM=500000 CREATE_MD5_FILE=false GA4GH_CLIENT_SECRETS=client_secrets.json
[Sun May 15 16:22:11 EDT 2016] Executing as abdelrahman@compute-1-14.local on Linux 2.6.32-279.14.1.el6.x86_64 amd64; Java HotSpot(TM) 64-Bit Server VM 1.8.0_45-b14; Picard version: 2.3.0(9a00c87b7ffdb01cfb5a0d6e76556146196babb8_1463071327) IntelDeflater
[Sun May 15 16:22:11 EDT 2016] picard.sam.AddOrReplaceReadGroups done. Elapsed time: 0.01 minutes.
Runtime.totalMemory()=380108800
To get help, see http://broadinstitute.github.io/picard/index.html#GettingHelp
Exception in thread "main" htsjdk.samtools.SAMException: Cannot read non-existent file: /archive/NabaviLab/TNBC_Project/fastq_raw_data/Project_5065_F/Patients/BWA_output/p_DS_bkm_105-T/p_DS_bkm_105-T.sorted.MarkDup.bam
	at htsjdk.samtools.util.IOUtil.assertFileIsReadable(IOUtil.java:338)
	at htsjdk.samtools.util.IOUtil.assertFileIsReadable(IOUtil.java:325)
	at htsjdk.samtools.util.IOUtil.assertInputIsValid(IOUtil.java:301)
	at picard.sam.AddOrReplaceReadGroups.doWork(AddOrReplaceReadGroups.java:107)
	at picard.cmdline.CommandLineProgram.instanceMain(CommandLineProgram.java:209)
	at picard.cmdline.PicardCommandLine.instanceMain(PicardCommandLine.java:95)
	at picard.cmdline.PicardCommandLine.main(PicardCommandLine.java:105)
[Sun May 15 16:22:12 EDT 2016] picard.sam.FixMateInformation INPUT=[p_DS_bkm_105-T/p_DS_bkm_105-T.sorted.MarkDup.fixed.bam] OUTPUT=p_DS_bkm_105-T/p_DS_bkm_105-T.sorted.MarkDup.realn.fixed.bam SORT_ORDER=coordinate TMP_DIR=[tmp/flx] VALIDATION_STRINGENCY=LENIENT CREATE_INDEX=true    ASSUME_SORTED=false ADD_MATE_CIGAR=true IGNORE_MISSING_MATES=true VERBOSITY=INFO QUIET=false COMPRESSION_LEVEL=5 MAX_RECORDS_IN_RAM=500000 CREATE_MD5_FILE=false GA4GH_CLIENT_SECRETS=client_secrets.json
[Sun May 15 16:22:12 EDT 2016] Executing as abdelrahman@compute-1-14.local on Linux 2.6.32-279.14.1.el6.x86_64 amd64; Java HotSpot(TM) 64-Bit Server VM 1.8.0_45-b14; Picard version: 2.3.0(9a00c87b7ffdb01cfb5a0d6e76556146196babb8_1463071327) IntelDeflater
[Sun May 15 16:22:12 EDT 2016] picard.sam.FixMateInformation done. Elapsed time: 0.01 minutes.
Runtime.totalMemory()=380108800
To get help, see http://broadinstitute.github.io/picard/index.html#GettingHelp
Exception in thread "main" htsjdk.samtools.SAMException: Cannot read non-existent file: /archive/NabaviLab/TNBC_Project/fastq_raw_data/Project_5065_F/Patients/BWA_output/p_DS_bkm_105-T/p_DS_bkm_105-T.sorted.MarkDup.fixed.bam
	at htsjdk.samtools.util.IOUtil.assertFileIsReadable(IOUtil.java:338)
	at htsjdk.samtools.util.IOUtil.assertFileIsReadable(IOUtil.java:325)
	at picard.sam.FixMateInformation.doWork(FixMateInformation.java:119)
	at picard.cmdline.CommandLineProgram.instanceMain(CommandLineProgram.java:209)
	at picard.cmdline.PicardCommandLine.instanceMain(PicardCommandLine.java:95)
	at picard.cmdline.PicardCommandLine.main(PicardCommandLine.java:105)
