[Sat May 14 21:36:34 EDT 2016] picard.sam.SortSam INPUT=p_DS_bkm_087-T.sam OUTPUT=p_DS_bkm_087-T/p_DS_bkm_087-T.sorted.bam SORT_ORDER=coordinate TMP_DIR=[tmp_WT] VALIDATION_STRINGENCY=LENIENT CREATE_INDEX=true    VERBOSITY=INFO QUIET=false COMPRESSION_LEVEL=5 MAX_RECORDS_IN_RAM=500000 CREATE_MD5_FILE=false GA4GH_CLIENT_SECRETS=client_secrets.json
[Sat May 14 21:36:34 EDT 2016] Executing as abdelrahman@compute-1-13.local on Linux 2.6.32-279.14.1.el6.x86_64 amd64; Java HotSpot(TM) 64-Bit Server VM 1.8.0_45-b14; Picard version: 2.3.0(9a00c87b7ffdb01cfb5a0d6e76556146196babb8_1463071327) IntelDeflater
INFO	2016-05-14 21:40:18	SortSam	Read    10,000,000 records.  Elapsed time: 00:03:42s.  Time for last 10,000,000:  222s.  Last read position: chr22:33,735,858
INFO	2016-05-14 21:44:01	SortSam	Read    20,000,000 records.  Elapsed time: 00:07:25s.  Time for last 10,000,000:  222s.  Last read position: chr4:154,709,740
INFO	2016-05-14 21:47:37	SortSam	Read    30,000,000 records.  Elapsed time: 00:11:01s.  Time for last 10,000,000:  215s.  Last read position: chrX:104,463,620
INFO	2016-05-14 21:50:45	SortSam	Read    40,000,000 records.  Elapsed time: 00:14:10s.  Time for last 10,000,000:  188s.  Last read position: chrX:3,190,232
INFO	2016-05-14 21:53:51	SortSam	Read    50,000,000 records.  Elapsed time: 00:17:15s.  Time for last 10,000,000:  185s.  Last read position: chr1:1,153,994
INFO	2016-05-14 21:56:55	SortSam	Read    60,000,000 records.  Elapsed time: 00:20:19s.  Time for last 10,000,000:  184s.  Last read position: chr2:148,684,543
INFO	2016-05-14 21:59:53	SortSam	Read    70,000,000 records.  Elapsed time: 00:23:17s.  Time for last 10,000,000:  177s.  Last read position: chr6:30,709,384
INFO	2016-05-14 22:03:13	SortSam	Read    80,000,000 records.  Elapsed time: 00:26:37s.  Time for last 10,000,000:  199s.  Last read position: chr1:26,603,615
INFO	2016-05-14 22:06:11	SortSam	Read    90,000,000 records.  Elapsed time: 00:29:35s.  Time for last 10,000,000:  177s.  Last read position: chr18:29,790,499
INFO	2016-05-14 22:09:56	SortSam	Read   100,000,000 records.  Elapsed time: 00:33:20s.  Time for last 10,000,000:  225s.  Last read position: */*
INFO	2016-05-14 22:11:36	SortSam	Finished reading inputs, merging and writing to output now.
INFO	2016-05-14 22:14:15	SortSam	Wrote    10,000,000 records from a sorting collection.  Elapsed time: 00:37:39s.  Time for last 10,000,000:  146s.  Last read position: chr1:220,363,404
INFO	2016-05-14 22:16:12	SortSam	Wrote    20,000,000 records from a sorting collection.  Elapsed time: 00:39:36s.  Time for last 10,000,000:  117s.  Last read position: chr3:15,480,719
INFO	2016-05-14 22:18:05	SortSam	Wrote    30,000,000 records from a sorting collection.  Elapsed time: 00:41:29s.  Time for last 10,000,000:  112s.  Last read position: chr4:151,682,808
INFO	2016-05-14 22:20:09	SortSam	Wrote    40,000,000 records from a sorting collection.  Elapsed time: 00:43:33s.  Time for last 10,000,000:  124s.  Last read position: chr6:84,332,863
INFO	2016-05-14 22:22:00	SortSam	Wrote    50,000,000 records from a sorting collection.  Elapsed time: 00:45:24s.  Time for last 10,000,000:  110s.  Last read position: chr8:94,752,530
INFO	2016-05-14 22:23:52	SortSam	Wrote    60,000,000 records from a sorting collection.  Elapsed time: 00:47:17s.  Time for last 10,000,000:  112s.  Last read position: chr10:103,201,907
INFO	2016-05-14 22:25:44	SortSam	Wrote    70,000,000 records from a sorting collection.  Elapsed time: 00:49:08s.  Time for last 10,000,000:  111s.  Last read position: chr12:58,508,907
INFO	2016-05-14 22:27:26	SortSam	Wrote    80,000,000 records from a sorting collection.  Elapsed time: 00:50:50s.  Time for last 10,000,000:  102s.  Last read position: chr15:74,337,367
INFO	2016-05-14 22:29:08	SortSam	Wrote    90,000,000 records from a sorting collection.  Elapsed time: 00:52:32s.  Time for last 10,000,000:  101s.  Last read position: chr18:29,038,513
INFO	2016-05-14 22:30:49	SortSam	Wrote   100,000,000 records from a sorting collection.  Elapsed time: 00:54:13s.  Time for last 10,000,000:  101s.  Last read position: chrX:18,220,002
[Sat May 14 22:31:59 EDT 2016] picard.sam.SortSam done. Elapsed time: 55.41 minutes.
Runtime.totalMemory()=2062548992
[Sat May 14 22:32:01 EDT 2016] picard.sam.markduplicates.MarkDuplicates INPUT=[p_DS_bkm_087-T/p_DS_bkm_087-T.sorted.bam] OUTPUT=p_DS_bkm_087-T/p_DS_bkm_087-T.sorted.MarkDup.bam METRICS_FILE=MarkDup_metrics TMP_DIR=[tmp] VALIDATION_STRINGENCY=SILENT CREATE_INDEX=true    MAX_SEQUENCES_FOR_DISK_READ_ENDS_MAP=50000 MAX_FILE_HANDLES_FOR_READ_ENDS_MAP=8000 SORTING_COLLECTION_SIZE_RATIO=0.25 REMOVE_SEQUENCING_DUPLICATES=false TAGGING_POLICY=DontTag REMOVE_DUPLICATES=false ASSUME_SORTED=false DUPLICATE_SCORING_STRATEGY=SUM_OF_BASE_QUALITIES PROGRAM_RECORD_ID=MarkDuplicates PROGRAM_GROUP_NAME=MarkDuplicates READ_NAME_REGEX=<optimized capture of last three ':' separated fields as numeric values> OPTICAL_DUPLICATE_PIXEL_DISTANCE=100 VERBOSITY=INFO QUIET=false COMPRESSION_LEVEL=5 MAX_RECORDS_IN_RAM=500000 CREATE_MD5_FILE=false GA4GH_CLIENT_SECRETS=client_secrets.json
[Sat May 14 22:32:01 EDT 2016] Executing as abdelrahman@compute-1-13.local on Linux 2.6.32-279.14.1.el6.x86_64 amd64; Java HotSpot(TM) 64-Bit Server VM 1.8.0_45-b14; Picard version: 2.3.0(9a00c87b7ffdb01cfb5a0d6e76556146196babb8_1463071327) IntelDeflater
INFO	2016-05-14 22:32:02	MarkDuplicates	Start of doWork freeMemory: 502229280; totalMemory: 506462208; maxMemory: 13362528256
INFO	2016-05-14 22:32:02	MarkDuplicates	Reading input file and constructing read end information.
INFO	2016-05-14 22:32:02	MarkDuplicates	Will retain up to 51394339 data points before spilling to disk.
INFO	2016-05-14 22:32:08	MarkDuplicates	Read     1,000,000 records.  Elapsed time: 00:00:06s.  Time for last 1,000,000:    6s.  Last read position: chr1:15,798,594
INFO	2016-05-14 22:32:08	MarkDuplicates	Tracking 3001 as yet unmatched pairs. 241 records in RAM.
INFO	2016-05-14 22:32:14	MarkDuplicates	Read     2,000,000 records.  Elapsed time: 00:00:12s.  Time for last 1,000,000:    5s.  Last read position: chr1:35,449,257
INFO	2016-05-14 22:32:14	MarkDuplicates	Tracking 5544 as yet unmatched pairs. 422 records in RAM.
INFO	2016-05-14 22:32:19	MarkDuplicates	Read     3,000,000 records.  Elapsed time: 00:00:16s.  Time for last 1,000,000:    4s.  Last read position: chr1:47,311,240
INFO	2016-05-14 22:32:19	MarkDuplicates	Tracking 7682 as yet unmatched pairs. 532 records in RAM.
INFO	2016-05-14 22:32:24	MarkDuplicates	Read     4,000,000 records.  Elapsed time: 00:00:21s.  Time for last 1,000,000:    5s.  Last read position: chr1:78,325,079
INFO	2016-05-14 22:32:24	MarkDuplicates	Tracking 10669 as yet unmatched pairs. 636 records in RAM.
INFO	2016-05-14 22:32:30	MarkDuplicates	Read     5,000,000 records.  Elapsed time: 00:00:28s.  Time for last 1,000,000:    6s.  Last read position: chr1:108,322,032
INFO	2016-05-14 22:32:30	MarkDuplicates	Tracking 13797 as yet unmatched pairs. 687 records in RAM.
INFO	2016-05-14 22:32:35	MarkDuplicates	Read     6,000,000 records.  Elapsed time: 00:00:33s.  Time for last 1,000,000:    4s.  Last read position: chr1:144,882,681
INFO	2016-05-14 22:32:35	MarkDuplicates	Tracking 16217 as yet unmatched pairs. 748 records in RAM.
INFO	2016-05-14 22:32:41	MarkDuplicates	Read     7,000,000 records.  Elapsed time: 00:00:39s.  Time for last 1,000,000:    6s.  Last read position: chr1:155,057,563
INFO	2016-05-14 22:32:41	MarkDuplicates	Tracking 17844 as yet unmatched pairs. 709 records in RAM.
INFO	2016-05-14 22:32:49	MarkDuplicates	Read     8,000,000 records.  Elapsed time: 00:00:47s.  Time for last 1,000,000:    8s.  Last read position: chr1:167,365,543
INFO	2016-05-14 22:32:49	MarkDuplicates	Tracking 19433 as yet unmatched pairs. 603 records in RAM.
INFO	2016-05-14 22:32:53	MarkDuplicates	Read     9,000,000 records.  Elapsed time: 00:00:51s.  Time for last 1,000,000:    3s.  Last read position: chr1:192,548,347
INFO	2016-05-14 22:32:53	MarkDuplicates	Tracking 21947 as yet unmatched pairs. 549 records in RAM.
INFO	2016-05-14 22:33:03	MarkDuplicates	Read    10,000,000 records.  Elapsed time: 00:01:00s.  Time for last 1,000,000:    9s.  Last read position: chr1:220,363,404
INFO	2016-05-14 22:33:03	MarkDuplicates	Tracking 24507 as yet unmatched pairs. 314 records in RAM.
INFO	2016-05-14 22:33:07	MarkDuplicates	Read    11,000,000 records.  Elapsed time: 00:01:04s.  Time for last 1,000,000:    4s.  Last read position: chr1:247,978,131
INFO	2016-05-14 22:33:07	MarkDuplicates	Tracking 27381 as yet unmatched pairs. 34 records in RAM.
INFO	2016-05-14 22:33:18	MarkDuplicates	Read    12,000,000 records.  Elapsed time: 00:01:15s.  Time for last 1,000,000:   10s.  Last read position: chr2:27,819,180
INFO	2016-05-14 22:33:18	MarkDuplicates	Tracking 29976 as yet unmatched pairs. 3548 records in RAM.
INFO	2016-05-14 22:33:22	MarkDuplicates	Read    13,000,000 records.  Elapsed time: 00:01:20s.  Time for last 1,000,000:    4s.  Last read position: chr2:51,147,106
INFO	2016-05-14 22:33:22	MarkDuplicates	Tracking 40754 as yet unmatched pairs. 2869 records in RAM.
INFO	2016-05-14 22:33:30	MarkDuplicates	Read    14,000,000 records.  Elapsed time: 00:01:27s.  Time for last 1,000,000:    7s.  Last read position: chr2:74,685,104
INFO	2016-05-14 22:33:30	MarkDuplicates	Tracking 42951 as yet unmatched pairs. 2669 records in RAM.
INFO	2016-05-14 22:33:34	MarkDuplicates	Read    15,000,000 records.  Elapsed time: 00:01:32s.  Time for last 1,000,000:    4s.  Last read position: chr2:110,303,597
INFO	2016-05-14 22:33:34	MarkDuplicates	Tracking 46226 as yet unmatched pairs. 2386 records in RAM.
INFO	2016-05-14 22:33:47	MarkDuplicates	Read    16,000,000 records.  Elapsed time: 00:01:44s.  Time for last 1,000,000:   12s.  Last read position: chr2:159,860,769
INFO	2016-05-14 22:33:47	MarkDuplicates	Tracking 50722 as yet unmatched pairs. 1718 records in RAM.
INFO	2016-05-14 22:33:50	MarkDuplicates	Read    17,000,000 records.  Elapsed time: 00:01:48s.  Time for last 1,000,000:    3s.  Last read position: chr2:183,508,951
INFO	2016-05-14 22:33:50	MarkDuplicates	Tracking 52590 as yet unmatched pairs. 1349 records in RAM.
INFO	2016-05-14 22:33:55	MarkDuplicates	Read    18,000,000 records.  Elapsed time: 00:01:53s.  Time for last 1,000,000:    4s.  Last read position: chr2:209,134,201
INFO	2016-05-14 22:33:55	MarkDuplicates	Tracking 54650 as yet unmatched pairs. 856 records in RAM.
INFO	2016-05-14 22:33:59	MarkDuplicates	Read    19,000,000 records.  Elapsed time: 00:01:57s.  Time for last 1,000,000:    4s.  Last read position: chr2:234,402,047
INFO	2016-05-14 22:33:59	MarkDuplicates	Tracking 56512 as yet unmatched pairs. 299 records in RAM.
INFO	2016-05-14 22:34:08	MarkDuplicates	Read    20,000,000 records.  Elapsed time: 00:02:05s.  Time for last 1,000,000:    8s.  Last read position: chr3:15,480,719
INFO	2016-05-14 22:34:08	MarkDuplicates	Tracking 58140 as yet unmatched pairs. 3722 records in RAM.
INFO	2016-05-14 22:34:12	MarkDuplicates	Read    21,000,000 records.  Elapsed time: 00:02:09s.  Time for last 1,000,000:    3s.  Last read position: chr3:44,490,083
INFO	2016-05-14 22:34:12	MarkDuplicates	Tracking 60078 as yet unmatched pairs. 3196 records in RAM.
INFO	2016-05-14 22:34:23	MarkDuplicates	Read    22,000,000 records.  Elapsed time: 00:02:21s.  Time for last 1,000,000:   11s.  Last read position: chr3:56,591,209
INFO	2016-05-14 22:34:23	MarkDuplicates	Tracking 61292 as yet unmatched pairs. 2915 records in RAM.
INFO	2016-05-14 22:34:27	MarkDuplicates	Read    23,000,000 records.  Elapsed time: 00:02:25s.  Time for last 1,000,000:    3s.  Last read position: chr3:110,852,849
INFO	2016-05-14 22:34:27	MarkDuplicates	Tracking 63778 as yet unmatched pairs. 2119 records in RAM.
INFO	2016-05-14 22:34:33	MarkDuplicates	Read    24,000,000 records.  Elapsed time: 00:02:30s.  Time for last 1,000,000:    5s.  Last read position: chr3:133,901,698
INFO	2016-05-14 22:34:33	MarkDuplicates	Tracking 65118 as yet unmatched pairs. 1550 records in RAM.
INFO	2016-05-14 22:34:36	MarkDuplicates	Read    25,000,000 records.  Elapsed time: 00:02:34s.  Time for last 1,000,000:    3s.  Last read position: chr3:170,587,796
INFO	2016-05-14 22:34:36	MarkDuplicates	Tracking 67122 as yet unmatched pairs. 885 records in RAM.
INFO	2016-05-14 22:34:40	MarkDuplicates	Read    26,000,000 records.  Elapsed time: 00:02:38s.  Time for last 1,000,000:    3s.  Last read position: chr4:171,499
INFO	2016-05-14 22:34:40	MarkDuplicates	Tracking 68735 as yet unmatched pairs. 5390 records in RAM.
INFO	2016-05-14 22:34:46	MarkDuplicates	Read    27,000,000 records.  Elapsed time: 00:02:44s.  Time for last 1,000,000:    6s.  Last read position: chr4:39,457,865
INFO	2016-05-14 22:34:46	MarkDuplicates	Tracking 70713 as yet unmatched pairs. 4580 records in RAM.
INFO	2016-05-14 22:34:50	MarkDuplicates	Read    28,000,000 records.  Elapsed time: 00:02:47s.  Time for last 1,000,000:    3s.  Last read position: chr4:77,057,367
INFO	2016-05-14 22:34:50	MarkDuplicates	Tracking 73372 as yet unmatched pairs. 3321 records in RAM.
INFO	2016-05-14 22:35:01	MarkDuplicates	Read    29,000,000 records.  Elapsed time: 00:02:58s.  Time for last 1,000,000:   10s.  Last read position: chr4:110,433,133
INFO	2016-05-14 22:35:01	MarkDuplicates	Tracking 75180 as yet unmatched pairs. 2308 records in RAM.
INFO	2016-05-14 22:35:04	MarkDuplicates	Read    30,000,000 records.  Elapsed time: 00:03:02s.  Time for last 1,000,000:    3s.  Last read position: chr4:151,682,808
INFO	2016-05-14 22:35:04	MarkDuplicates	Tracking 77003 as yet unmatched pairs. 1159 records in RAM.
INFO	2016-05-14 22:35:10	MarkDuplicates	Read    31,000,000 records.  Elapsed time: 00:03:07s.  Time for last 1,000,000:    5s.  Last read position: chr5:6,742,542
INFO	2016-05-14 22:35:10	MarkDuplicates	Tracking 78573 as yet unmatched pairs. 5469 records in RAM.
INFO	2016-05-14 22:35:13	MarkDuplicates	Read    32,000,000 records.  Elapsed time: 00:03:11s.  Time for last 1,000,000:    3s.  Last read position: chr5:58,295,410
INFO	2016-05-14 22:35:13	MarkDuplicates	Tracking 80371 as yet unmatched pairs. 4165 records in RAM.
INFO	2016-05-14 22:35:20	MarkDuplicates	Read    33,000,000 records.  Elapsed time: 00:03:18s.  Time for last 1,000,000:    6s.  Last read position: chr5:111,570,545
INFO	2016-05-14 22:35:20	MarkDuplicates	Tracking 82016 as yet unmatched pairs. 2658 records in RAM.
INFO	2016-05-14 22:35:24	MarkDuplicates	Read    34,000,000 records.  Elapsed time: 00:03:21s.  Time for last 1,000,000:    3s.  Last read position: chr5:140,735,905
INFO	2016-05-14 22:35:24	MarkDuplicates	Tracking 83066 as yet unmatched pairs. 1627 records in RAM.
INFO	2016-05-14 22:35:35	MarkDuplicates	Read    35,000,000 records.  Elapsed time: 00:03:33s.  Time for last 1,000,000:   11s.  Last read position: chr5:170,216,085
INFO	2016-05-14 22:35:35	MarkDuplicates	Tracking 83929 as yet unmatched pairs. 564 records in RAM.
INFO	2016-05-14 22:35:39	MarkDuplicates	Read    36,000,000 records.  Elapsed time: 00:03:36s.  Time for last 1,000,000:    3s.  Last read position: chr6:13,632,649
INFO	2016-05-14 22:35:39	MarkDuplicates	Tracking 84719 as yet unmatched pairs. 6347 records in RAM.
INFO	2016-05-14 22:35:44	MarkDuplicates	Read    37,000,000 records.  Elapsed time: 00:03:42s.  Time for last 1,000,000:    5s.  Last read position: chr6:30,864,609
INFO	2016-05-14 22:35:44	MarkDuplicates	Tracking 85389 as yet unmatched pairs. 5459 records in RAM.
INFO	2016-05-14 22:35:48	MarkDuplicates	Read    38,000,000 records.  Elapsed time: 00:03:45s.  Time for last 1,000,000:    3s.  Last read position: chr6:33,169,987
INFO	2016-05-14 22:35:48	MarkDuplicates	Tracking 85705 as yet unmatched pairs. 5118 records in RAM.
INFO	2016-05-14 22:35:54	MarkDuplicates	Read    39,000,000 records.  Elapsed time: 00:03:51s.  Time for last 1,000,000:    5s.  Last read position: chr6:43,395,713
INFO	2016-05-14 22:35:54	MarkDuplicates	Tracking 86087 as yet unmatched pairs. 4428 records in RAM.
INFO	2016-05-14 22:35:57	MarkDuplicates	Read    40,000,000 records.  Elapsed time: 00:03:55s.  Time for last 1,000,000:    3s.  Last read position: chr6:84,332,863
INFO	2016-05-14 22:35:57	MarkDuplicates	Tracking 86949 as yet unmatched pairs. 3287 records in RAM.
INFO	2016-05-14 22:36:09	MarkDuplicates	Read    41,000,000 records.  Elapsed time: 00:04:06s.  Time for last 1,000,000:   11s.  Last read position: chr6:132,966,376
INFO	2016-05-14 22:36:09	MarkDuplicates	Tracking 87733 as yet unmatched pairs. 1790 records in RAM.
INFO	2016-05-14 22:36:13	MarkDuplicates	Read    42,000,000 records.  Elapsed time: 00:04:11s.  Time for last 1,000,000:    4s.  Last read position: chr7:1,097,664
INFO	2016-05-14 22:36:13	MarkDuplicates	Tracking 88496 as yet unmatched pairs. 8461 records in RAM.
INFO	2016-05-14 22:36:19	MarkDuplicates	Read    43,000,000 records.  Elapsed time: 00:04:16s.  Time for last 1,000,000:    5s.  Last read position: chr7:30,174,781
INFO	2016-05-14 22:36:19	MarkDuplicates	Tracking 89150 as yet unmatched pairs. 7073 records in RAM.
INFO	2016-05-14 22:36:22	MarkDuplicates	Read    44,000,000 records.  Elapsed time: 00:04:20s.  Time for last 1,000,000:    3s.  Last read position: chr7:69,855,024
INFO	2016-05-14 22:36:22	MarkDuplicates	Tracking 89655 as yet unmatched pairs. 5392 records in RAM.
INFO	2016-05-14 22:36:28	MarkDuplicates	Read    45,000,000 records.  Elapsed time: 00:04:26s.  Time for last 1,000,000:    6s.  Last read position: chr7:99,129,502
INFO	2016-05-14 22:36:28	MarkDuplicates	Tracking 90048 as yet unmatched pairs. 3855 records in RAM.
INFO	2016-05-14 22:36:32	MarkDuplicates	Read    46,000,000 records.  Elapsed time: 00:04:30s.  Time for last 1,000,000:    3s.  Last read position: chr7:123,197,019
INFO	2016-05-14 22:36:32	MarkDuplicates	Tracking 90521 as yet unmatched pairs. 2370 records in RAM.
INFO	2016-05-14 22:36:45	MarkDuplicates	Read    47,000,000 records.  Elapsed time: 00:04:43s.  Time for last 1,000,000:   13s.  Last read position: chr7:150,007,866
INFO	2016-05-14 22:36:45	MarkDuplicates	Tracking 90722 as yet unmatched pairs. 705 records in RAM.
INFO	2016-05-14 22:36:49	MarkDuplicates	Read    48,000,000 records.  Elapsed time: 00:04:47s.  Time for last 1,000,000:    3s.  Last read position: chr8:24,256,300
INFO	2016-05-14 22:36:49	MarkDuplicates	Tracking 90852 as yet unmatched pairs. 7400 records in RAM.
INFO	2016-05-14 22:36:54	MarkDuplicates	Read    49,000,000 records.  Elapsed time: 00:04:51s.  Time for last 1,000,000:    4s.  Last read position: chr8:57,905,673
INFO	2016-05-14 22:36:54	MarkDuplicates	Tracking 90868 as yet unmatched pairs. 5683 records in RAM.
INFO	2016-05-14 22:36:58	MarkDuplicates	Read    50,000,000 records.  Elapsed time: 00:04:55s.  Time for last 1,000,000:    3s.  Last read position: chr8:94,752,530
INFO	2016-05-14 22:36:58	MarkDuplicates	Tracking 91104 as yet unmatched pairs. 4097 records in RAM.
INFO	2016-05-14 22:37:05	MarkDuplicates	Read    51,000,000 records.  Elapsed time: 00:05:02s.  Time for last 1,000,000:    6s.  Last read position: chr8:113,323,192
INFO	2016-05-14 22:37:05	MarkDuplicates	Tracking 90821 as yet unmatched pairs. 2340 records in RAM.
INFO	2016-05-14 22:38:13	MarkDuplicates	Read    52,000,000 records.  Elapsed time: 00:06:11s.  Time for last 1,000,000:   68s.  Last read position: chr8:141,595,238
INFO	2016-05-14 22:38:13	MarkDuplicates	Tracking 90838 as yet unmatched pairs. 759 records in RAM.
INFO	2016-05-14 22:38:19	MarkDuplicates	Read    53,000,000 records.  Elapsed time: 00:06:17s.  Time for last 1,000,000:    6s.  Last read position: chr9:17,298,358
INFO	2016-05-14 22:38:19	MarkDuplicates	Tracking 90438 as yet unmatched pairs. 6122 records in RAM.
INFO	2016-05-14 22:38:23	MarkDuplicates	Read    54,000,000 records.  Elapsed time: 00:06:21s.  Time for last 1,000,000:    3s.  Last read position: chr9:79,256,764
INFO	2016-05-14 22:38:23	MarkDuplicates	Tracking 90225 as yet unmatched pairs. 3958 records in RAM.
INFO	2016-05-14 22:38:30	MarkDuplicates	Read    55,000,000 records.  Elapsed time: 00:06:28s.  Time for last 1,000,000:    6s.  Last read position: chr9:111,826,774
INFO	2016-05-14 22:38:30	MarkDuplicates	Tracking 89985 as yet unmatched pairs. 2147 records in RAM.
INFO	2016-05-14 22:38:34	MarkDuplicates	Read    56,000,000 records.  Elapsed time: 00:06:31s.  Time for last 1,000,000:    3s.  Last read position: chr9:131,343,282
INFO	2016-05-14 22:38:34	MarkDuplicates	Tracking 89699 as yet unmatched pairs. 780 records in RAM.
INFO	2016-05-14 22:38:44	MarkDuplicates	Read    57,000,000 records.  Elapsed time: 00:06:42s.  Time for last 1,000,000:   10s.  Last read position: chr10:13,874,220
INFO	2016-05-14 22:38:44	MarkDuplicates	Tracking 89329 as yet unmatched pairs. 8941 records in RAM.
INFO	2016-05-14 22:38:48	MarkDuplicates	Read    58,000,000 records.  Elapsed time: 00:06:45s.  Time for last 1,000,000:    3s.  Last read position: chr10:51,555,703
INFO	2016-05-14 22:38:48	MarkDuplicates	Tracking 88947 as yet unmatched pairs. 5943 records in RAM.
INFO	2016-05-14 22:38:53	MarkDuplicates	Read    59,000,000 records.  Elapsed time: 00:06:51s.  Time for last 1,000,000:    5s.  Last read position: chr10:81,058,088
INFO	2016-05-14 22:38:53	MarkDuplicates	Tracking 88353 as yet unmatched pairs. 4176 records in RAM.
INFO	2016-05-14 22:38:56	MarkDuplicates	Read    60,000,000 records.  Elapsed time: 00:06:54s.  Time for last 1,000,000:    3s.  Last read position: chr10:103,201,907
INFO	2016-05-14 22:38:56	MarkDuplicates	Tracking 87742 as yet unmatched pairs. 2464 records in RAM.
INFO	2016-05-14 22:39:03	MarkDuplicates	Read    61,000,000 records.  Elapsed time: 00:07:00s.  Time for last 1,000,000:    6s.  Last read position: chr10:128,830,302
INFO	2016-05-14 22:39:03	MarkDuplicates	Tracking 87161 as yet unmatched pairs. 488 records in RAM.
INFO	2016-05-14 22:39:07	MarkDuplicates	Read    62,000,000 records.  Elapsed time: 00:07:05s.  Time for last 1,000,000:    4s.  Last read position: chr11:14,666,430
INFO	2016-05-14 22:39:07	MarkDuplicates	Tracking 86497 as yet unmatched pairs. 8199 records in RAM.
INFO	2016-05-14 22:39:12	MarkDuplicates	Read    63,000,000 records.  Elapsed time: 00:07:10s.  Time for last 1,000,000:    5s.  Last read position: chr11:48,157,650
INFO	2016-05-14 22:39:12	MarkDuplicates	Tracking 85688 as yet unmatched pairs. 6118 records in RAM.
INFO	2016-05-14 22:39:16	MarkDuplicates	Read    64,000,000 records.  Elapsed time: 00:07:14s.  Time for last 1,000,000:    3s.  Last read position: chr11:64,084,577
INFO	2016-05-14 22:39:16	MarkDuplicates	Tracking 85300 as yet unmatched pairs. 4937 records in RAM.
INFO	2016-05-14 22:39:25	MarkDuplicates	Read    65,000,000 records.  Elapsed time: 00:07:23s.  Time for last 1,000,000:    9s.  Last read position: chr11:68,369,288
INFO	2016-05-14 22:39:25	MarkDuplicates	Tracking 84903 as yet unmatched pairs. 4139 records in RAM.
INFO	2016-05-14 22:39:29	MarkDuplicates	Read    66,000,000 records.  Elapsed time: 00:07:27s.  Time for last 1,000,000:    3s.  Last read position: chr11:101,323,730
INFO	2016-05-14 22:39:29	MarkDuplicates	Tracking 84110 as yet unmatched pairs. 2216 records in RAM.
INFO	2016-05-14 22:39:34	MarkDuplicates	Read    67,000,000 records.  Elapsed time: 00:07:31s.  Time for last 1,000,000:    4s.  Last read position: chr11:124,015,876
INFO	2016-05-14 22:39:34	MarkDuplicates	Tracking 83335 as yet unmatched pairs. 549 records in RAM.
INFO	2016-05-14 22:39:38	MarkDuplicates	Read    68,000,000 records.  Elapsed time: 00:07:36s.  Time for last 1,000,000:    4s.  Last read position: chr12:12,630,259
INFO	2016-05-14 22:39:38	MarkDuplicates	Tracking 82556 as yet unmatched pairs. 9569 records in RAM.
INFO	2016-05-14 22:39:44	MarkDuplicates	Read    69,000,000 records.  Elapsed time: 00:07:41s.  Time for last 1,000,000:    5s.  Last read position: chr12:49,426,083
INFO	2016-05-14 22:39:44	MarkDuplicates	Tracking 81484 as yet unmatched pairs. 7415 records in RAM.
INFO	2016-05-14 22:39:48	MarkDuplicates	Read    70,000,000 records.  Elapsed time: 00:07:45s.  Time for last 1,000,000:    3s.  Last read position: chr12:58,508,907
INFO	2016-05-14 22:39:48	MarkDuplicates	Tracking 80868 as yet unmatched pairs. 6219 records in RAM.
INFO	2016-05-14 22:39:51	MarkDuplicates	Read    71,000,000 records.  Elapsed time: 00:07:49s.  Time for last 1,000,000:    3s.  Last read position: chr12:102,517,703
INFO	2016-05-14 22:39:51	MarkDuplicates	Tracking 78907 as yet unmatched pairs. 2528 records in RAM.
INFO	2016-05-14 22:39:57	MarkDuplicates	Read    72,000,000 records.  Elapsed time: 00:07:55s.  Time for last 1,000,000:    6s.  Last read position: chr12:131,623,640
INFO	2016-05-14 22:39:57	MarkDuplicates	Tracking 77609 as yet unmatched pairs. 164 records in RAM.
INFO	2016-05-14 22:40:01	MarkDuplicates	Read    73,000,000 records.  Elapsed time: 00:07:58s.  Time for last 1,000,000:    3s.  Last read position: chr13:45,147,555
INFO	2016-05-14 22:40:01	MarkDuplicates	Tracking 76445 as yet unmatched pairs. 4251 records in RAM.
INFO	2016-05-14 22:40:10	MarkDuplicates	Read    74,000,000 records.  Elapsed time: 00:08:08s.  Time for last 1,000,000:    9s.  Last read position: chr13:103,390,411
INFO	2016-05-14 22:40:10	MarkDuplicates	Tracking 74260 as yet unmatched pairs. 694 records in RAM.
INFO	2016-05-14 22:40:15	MarkDuplicates	Read    75,000,000 records.  Elapsed time: 00:08:12s.  Time for last 1,000,000:    4s.  Last read position: chr14:34,496,596
INFO	2016-05-14 22:40:15	MarkDuplicates	Tracking 73038 as yet unmatched pairs. 5725 records in RAM.
INFO	2016-05-14 22:40:19	MarkDuplicates	Read    76,000,000 records.  Elapsed time: 00:08:17s.  Time for last 1,000,000:    4s.  Last read position: chr14:74,388,901
INFO	2016-05-14 22:40:19	MarkDuplicates	Tracking 71120 as yet unmatched pairs. 2833 records in RAM.
INFO	2016-05-14 22:40:23	MarkDuplicates	Read    77,000,000 records.  Elapsed time: 00:08:20s.  Time for last 1,000,000:    3s.  Last read position: chr14:103,596,216
INFO	2016-05-14 22:40:23	MarkDuplicates	Tracking 69539 as yet unmatched pairs. 362 records in RAM.
INFO	2016-05-14 22:40:30	MarkDuplicates	Read    78,000,000 records.  Elapsed time: 00:08:27s.  Time for last 1,000,000:    6s.  Last read position: chr15:42,444,821
INFO	2016-05-14 22:40:30	MarkDuplicates	Tracking 68055 as yet unmatched pairs. 7895 records in RAM.
INFO	2016-05-14 22:40:33	MarkDuplicates	Read    79,000,000 records.  Elapsed time: 00:08:30s.  Time for last 1,000,000:    3s.  Last read position: chr15:59,225,573
INFO	2016-05-14 22:40:33	MarkDuplicates	Tracking 66397 as yet unmatched pairs. 5618 records in RAM.
INFO	2016-05-14 22:40:39	MarkDuplicates	Read    80,000,000 records.  Elapsed time: 00:08:36s.  Time for last 1,000,000:    5s.  Last read position: chr15:74,337,367
INFO	2016-05-14 22:40:39	MarkDuplicates	Tracking 65002 as yet unmatched pairs. 3665 records in RAM.
INFO	2016-05-14 22:40:43	MarkDuplicates	Read    81,000,000 records.  Elapsed time: 00:08:40s.  Time for last 1,000,000:    4s.  Last read position: chr15:90,119,364
INFO	2016-05-14 22:40:43	MarkDuplicates	Tracking 63241 as yet unmatched pairs. 1307 records in RAM.
INFO	2016-05-14 22:40:53	MarkDuplicates	Read    82,000,000 records.  Elapsed time: 00:08:51s.  Time for last 1,000,000:   10s.  Last read position: chr16:2,052,483
INFO	2016-05-14 22:40:53	MarkDuplicates	Tracking 61943 as yet unmatched pairs. 9542 records in RAM.
INFO	2016-05-14 22:40:57	MarkDuplicates	Read    83,000,000 records.  Elapsed time: 00:08:55s.  Time for last 1,000,000:    4s.  Last read position: chr16:23,678,447
INFO	2016-05-14 22:40:57	MarkDuplicates	Tracking 59558 as yet unmatched pairs. 6436 records in RAM.
INFO	2016-05-14 22:41:03	MarkDuplicates	Read    84,000,000 records.  Elapsed time: 00:09:00s.  Time for last 1,000,000:    5s.  Last read position: chr16:56,693,108
INFO	2016-05-14 22:41:03	MarkDuplicates	Tracking 57218 as yet unmatched pairs. 3280 records in RAM.
INFO	2016-05-14 22:41:07	MarkDuplicates	Read    85,000,000 records.  Elapsed time: 00:09:04s.  Time for last 1,000,000:    3s.  Last read position: chr17:729,232
INFO	2016-05-14 22:41:07	MarkDuplicates	Tracking 54584 as yet unmatched pairs. 9428 records in RAM.
INFO	2016-05-14 22:41:14	MarkDuplicates	Read    86,000,000 records.  Elapsed time: 00:09:11s.  Time for last 1,000,000:    7s.  Last read position: chr17:17,118,544
INFO	2016-05-14 22:41:14	MarkDuplicates	Tracking 53077 as yet unmatched pairs. 7578 records in RAM.
INFO	2016-05-14 22:41:17	MarkDuplicates	Read    87,000,000 records.  Elapsed time: 00:09:15s.  Time for last 1,000,000:    3s.  Last read position: chr17:39,118,640
INFO	2016-05-14 22:41:17	MarkDuplicates	Tracking 50957 as yet unmatched pairs. 4967 records in RAM.
INFO	2016-05-14 22:41:24	MarkDuplicates	Read    88,000,000 records.  Elapsed time: 00:09:21s.  Time for last 1,000,000:    6s.  Last read position: chr17:59,949,629
INFO	2016-05-14 22:41:24	MarkDuplicates	Tracking 48983 as yet unmatched pairs. 2586 records in RAM.
INFO	2016-05-14 22:41:27	MarkDuplicates	Read    89,000,000 records.  Elapsed time: 00:09:25s.  Time for last 1,000,000:    3s.  Last read position: chr17:79,098,612
INFO	2016-05-14 22:41:27	MarkDuplicates	Tracking 47245 as yet unmatched pairs. 480 records in RAM.
INFO	2016-05-14 22:41:40	MarkDuplicates	Read    90,000,000 records.  Elapsed time: 00:09:38s.  Time for last 1,000,000:   12s.  Last read position: chr18:29,038,513
INFO	2016-05-14 22:41:40	MarkDuplicates	Tracking 44681 as yet unmatched pairs. 3997 records in RAM.
INFO	2016-05-14 22:41:44	MarkDuplicates	Read    91,000,000 records.  Elapsed time: 00:09:41s.  Time for last 1,000,000:    3s.  Last read position: chr19:762,383
INFO	2016-05-14 22:41:44	MarkDuplicates	Tracking 41199 as yet unmatched pairs. 9101 records in RAM.
INFO	2016-05-14 22:41:49	MarkDuplicates	Read    92,000,000 records.  Elapsed time: 00:09:46s.  Time for last 1,000,000:    4s.  Last read position: chr19:12,903,031
INFO	2016-05-14 22:41:49	MarkDuplicates	Tracking 39191 as yet unmatched pairs. 6853 records in RAM.
INFO	2016-05-14 22:41:53	MarkDuplicates	Read    93,000,000 records.  Elapsed time: 00:09:50s.  Time for last 1,000,000:    3s.  Last read position: chr19:36,259,058
INFO	2016-05-14 22:41:53	MarkDuplicates	Tracking 36335 as yet unmatched pairs. 3689 records in RAM.
INFO	2016-05-14 22:41:56	MarkDuplicates	Read    94,000,000 records.  Elapsed time: 00:09:54s.  Time for last 1,000,000:    3s.  Last read position: chr19:49,469,596
INFO	2016-05-14 22:41:56	MarkDuplicates	Tracking 34558 as yet unmatched pairs. 1693 records in RAM.
INFO	2016-05-14 22:42:05	MarkDuplicates	Read    95,000,000 records.  Elapsed time: 00:10:02s.  Time for last 1,000,000:    8s.  Last read position: chr20:4,893,549
INFO	2016-05-14 22:42:05	MarkDuplicates	Tracking 32542 as yet unmatched pairs. 6719 records in RAM.
INFO	2016-05-14 22:42:09	MarkDuplicates	Read    96,000,000 records.  Elapsed time: 00:10:06s.  Time for last 1,000,000:    4s.  Last read position: chr20:39,317,356
INFO	2016-05-14 22:42:09	MarkDuplicates	Tracking 29150 as yet unmatched pairs. 2931 records in RAM.
INFO	2016-05-14 22:42:16	MarkDuplicates	Read    97,000,000 records.  Elapsed time: 00:10:13s.  Time for last 1,000,000:    7s.  Last read position: chr20:60,889,957
INFO	2016-05-14 22:42:16	MarkDuplicates	Tracking 26838 as yet unmatched pairs. 397 records in RAM.
INFO	2016-05-14 22:42:19	MarkDuplicates	Read    98,000,000 records.  Elapsed time: 00:10:17s.  Time for last 1,000,000:    3s.  Last read position: chr21:45,094,922
INFO	2016-05-14 22:42:19	MarkDuplicates	Tracking 23395 as yet unmatched pairs. 320 records in RAM.
INFO	2016-05-14 22:42:32	MarkDuplicates	Read    99,000,000 records.  Elapsed time: 00:10:30s.  Time for last 1,000,000:   13s.  Last read position: chr22:39,083,922
INFO	2016-05-14 22:42:32	MarkDuplicates	Tracking 20786 as yet unmatched pairs. 1302 records in RAM.
INFO	2016-05-14 22:42:37	MarkDuplicates	Read   100,000,000 records.  Elapsed time: 00:10:34s.  Time for last 1,000,000:    4s.  Last read position: chrX:18,220,002
INFO	2016-05-14 22:42:37	MarkDuplicates	Tracking 17709 as yet unmatched pairs. 14178 records in RAM.
INFO	2016-05-14 22:42:42	MarkDuplicates	Read   101,000,000 records.  Elapsed time: 00:10:40s.  Time for last 1,000,000:    5s.  Last read position: chrX:54,275,337
INFO	2016-05-14 22:42:42	MarkDuplicates	Tracking 14017 as yet unmatched pairs. 10461 records in RAM.
INFO	2016-05-14 22:42:46	MarkDuplicates	Read   102,000,000 records.  Elapsed time: 00:10:43s.  Time for last 1,000,000:    3s.  Last read position: chrX:106,965,080
INFO	2016-05-14 22:42:46	MarkDuplicates	Tracking 9311 as yet unmatched pairs. 5720 records in RAM.
INFO	2016-05-14 22:42:53	MarkDuplicates	Read   103,000,000 records.  Elapsed time: 00:10:51s.  Time for last 1,000,000:    7s.  Last read position: chrX:148,049,302
INFO	2016-05-14 22:42:53	MarkDuplicates	Tracking 4858 as yet unmatched pairs. 1239 records in RAM.
INFO	2016-05-14 22:43:59	MarkDuplicates	Read 103568450 records. 0 pairs never matched.
INFO	2016-05-14 22:44:04	MarkDuplicates	After buildSortedReadEndLists freeMemory: 8899461960; totalMemory: 12886474752; maxMemory: 13362528256
INFO	2016-05-14 22:44:04	MarkDuplicates	Will retain up to 417579008 duplicate indices before spilling to disk.
INFO	2016-05-14 22:44:05	MarkDuplicates	Traversing read pair information and detecting duplicates.
INFO	2016-05-14 22:44:14	MarkDuplicates	Traversing fragment information and detecting duplicates.
INFO	2016-05-14 22:45:07	MarkDuplicates	Sorting list of duplicate records.
INFO	2016-05-14 22:45:09	MarkDuplicates	After generateDuplicateIndexes freeMemory: 6540198392; totalMemory: 9969336320; maxMemory: 13362528256
INFO	2016-05-14 22:45:09	MarkDuplicates	Marking 12649716 records as duplicates.
INFO	2016-05-14 22:45:09	MarkDuplicates	Found 1411 optical duplicate clusters.
INFO	2016-05-14 22:45:09	MarkDuplicates	Reads are assumed to be ordered by: coordinate
INFO	2016-05-14 22:47:36	MarkDuplicates	Written    10,000,000 records.  Elapsed time: 00:02:26s.  Time for last 10,000,000:  146s.  Last read position: chr1:220,363,404
INFO	2016-05-14 22:50:08	MarkDuplicates	Written    20,000,000 records.  Elapsed time: 00:04:58s.  Time for last 10,000,000:  151s.  Last read position: chr3:15,480,719
INFO	2016-05-14 22:52:50	MarkDuplicates	Written    30,000,000 records.  Elapsed time: 00:07:40s.  Time for last 10,000,000:  161s.  Last read position: chr4:151,682,808
INFO	2016-05-14 22:55:35	MarkDuplicates	Written    40,000,000 records.  Elapsed time: 00:10:25s.  Time for last 10,000,000:  164s.  Last read position: chr6:84,332,863
INFO	2016-05-14 22:58:19	MarkDuplicates	Written    50,000,000 records.  Elapsed time: 00:13:09s.  Time for last 10,000,000:  164s.  Last read position: chr8:94,752,530
INFO	2016-05-14 23:01:05	MarkDuplicates	Written    60,000,000 records.  Elapsed time: 00:15:55s.  Time for last 10,000,000:  166s.  Last read position: chr10:103,201,907
INFO	2016-05-14 23:03:43	MarkDuplicates	Written    70,000,000 records.  Elapsed time: 00:18:33s.  Time for last 10,000,000:  157s.  Last read position: chr12:58,508,907
INFO	2016-05-14 23:06:21	MarkDuplicates	Written    80,000,000 records.  Elapsed time: 00:21:11s.  Time for last 10,000,000:  157s.  Last read position: chr15:74,337,367
INFO	2016-05-14 23:08:58	MarkDuplicates	Written    90,000,000 records.  Elapsed time: 00:23:48s.  Time for last 10,000,000:  157s.  Last read position: chr18:29,038,513
INFO	2016-05-14 23:11:31	MarkDuplicates	Written   100,000,000 records.  Elapsed time: 00:26:21s.  Time for last 10,000,000:  153s.  Last read position: chrX:18,220,002
INFO	2016-05-14 23:12:30	MarkDuplicates	Before output close freeMemory: 10140163832; totalMemory: 10235150336; maxMemory: 13362528256
INFO	2016-05-14 23:12:35	MarkDuplicates	After output close freeMemory: 10165328704; totalMemory: 10260316160; maxMemory: 13362528256
[Sat May 14 23:12:35 EDT 2016] picard.sam.markduplicates.MarkDuplicates done. Elapsed time: 40.57 minutes.
Runtime.totalMemory()=10260316160
[Sat May 14 23:12:36 EDT 2016] picard.sam.AddOrReplaceReadGroups INPUT=p_DS_bkm_087-T/p_DS_bkm_087-T.sorted.MarkDup.bam OUTPUT=p_DS_bkm_087-T/p_DS_bkm_087-T.sorted.MarkDup.fixed.bam SORT_ORDER=coordinate RGID=id RGLB=bar RGPL=Illumina RGPU=platform RGSM=sample1 TMP_DIR=[tmp] VALIDATION_STRINGENCY=SILENT CREATE_INDEX=true    VERBOSITY=INFO QUIET=false COMPRESSION_LEVEL=5 MAX_RECORDS_IN_RAM=500000 CREATE_MD5_FILE=false GA4GH_CLIENT_SECRETS=client_secrets.json
[Sat May 14 23:12:36 EDT 2016] Executing as abdelrahman@compute-1-13.local on Linux 2.6.32-279.14.1.el6.x86_64 amd64; Java HotSpot(TM) 64-Bit Server VM 1.8.0_45-b14; Picard version: 2.3.0(9a00c87b7ffdb01cfb5a0d6e76556146196babb8_1463071327) IntelDeflater
INFO	2016-05-14 23:12:37	AddOrReplaceReadGroups	Created read group ID=id PL=Illumina LB=bar SM=sample1

INFO	2016-05-14 23:12:51	AddOrReplaceReadGroups	Processed     1,000,000 records.  Elapsed time: 00:00:14s.  Time for last 1,000,000:   14s.  Last read position: chr1:15,798,594
INFO	2016-05-14 23:13:05	AddOrReplaceReadGroups	Processed     2,000,000 records.  Elapsed time: 00:00:27s.  Time for last 1,000,000:   13s.  Last read position: chr1:35,449,257
INFO	2016-05-14 23:13:23	AddOrReplaceReadGroups	Processed     3,000,000 records.  Elapsed time: 00:00:46s.  Time for last 1,000,000:   18s.  Last read position: chr1:47,311,240
INFO	2016-05-14 23:13:37	AddOrReplaceReadGroups	Processed     4,000,000 records.  Elapsed time: 00:01:00s.  Time for last 1,000,000:   13s.  Last read position: chr1:78,325,079
INFO	2016-05-14 23:13:57	AddOrReplaceReadGroups	Processed     5,000,000 records.  Elapsed time: 00:01:20s.  Time for last 1,000,000:   19s.  Last read position: chr1:108,322,032
INFO	2016-05-14 23:14:11	AddOrReplaceReadGroups	Processed     6,000,000 records.  Elapsed time: 00:01:34s.  Time for last 1,000,000:   13s.  Last read position: chr1:144,882,681
INFO	2016-05-14 23:14:32	AddOrReplaceReadGroups	Processed     7,000,000 records.  Elapsed time: 00:01:55s.  Time for last 1,000,000:   21s.  Last read position: chr1:155,057,563
INFO	2016-05-14 23:14:47	AddOrReplaceReadGroups	Processed     8,000,000 records.  Elapsed time: 00:02:10s.  Time for last 1,000,000:   14s.  Last read position: chr1:167,365,543
INFO	2016-05-14 23:15:04	AddOrReplaceReadGroups	Processed     9,000,000 records.  Elapsed time: 00:02:26s.  Time for last 1,000,000:   16s.  Last read position: chr1:192,548,347
INFO	2016-05-14 23:15:17	AddOrReplaceReadGroups	Processed    10,000,000 records.  Elapsed time: 00:02:40s.  Time for last 1,000,000:   13s.  Last read position: chr1:220,363,404
INFO	2016-05-14 23:15:32	AddOrReplaceReadGroups	Processed    11,000,000 records.  Elapsed time: 00:02:54s.  Time for last 1,000,000:   14s.  Last read position: chr1:247,978,131
INFO	2016-05-14 23:15:51	AddOrReplaceReadGroups	Processed    12,000,000 records.  Elapsed time: 00:03:13s.  Time for last 1,000,000:   19s.  Last read position: chr2:27,819,180
INFO	2016-05-14 23:16:05	AddOrReplaceReadGroups	Processed    13,000,000 records.  Elapsed time: 00:03:28s.  Time for last 1,000,000:   14s.  Last read position: chr2:51,147,106
INFO	2016-05-14 23:16:26	AddOrReplaceReadGroups	Processed    14,000,000 records.  Elapsed time: 00:03:48s.  Time for last 1,000,000:   20s.  Last read position: chr2:74,685,104
INFO	2016-05-14 23:16:39	AddOrReplaceReadGroups	Processed    15,000,000 records.  Elapsed time: 00:04:02s.  Time for last 1,000,000:   13s.  Last read position: chr2:110,303,597
INFO	2016-05-14 23:16:58	AddOrReplaceReadGroups	Processed    16,000,000 records.  Elapsed time: 00:04:21s.  Time for last 1,000,000:   18s.  Last read position: chr2:159,860,769
INFO	2016-05-14 23:17:12	AddOrReplaceReadGroups	Processed    17,000,000 records.  Elapsed time: 00:04:35s.  Time for last 1,000,000:   14s.  Last read position: chr2:183,508,951
INFO	2016-05-14 23:17:32	AddOrReplaceReadGroups	Processed    18,000,000 records.  Elapsed time: 00:04:55s.  Time for last 1,000,000:   19s.  Last read position: chr2:209,134,201
INFO	2016-05-14 23:17:46	AddOrReplaceReadGroups	Processed    19,000,000 records.  Elapsed time: 00:05:09s.  Time for last 1,000,000:   13s.  Last read position: chr2:234,402,047
INFO	2016-05-14 23:17:59	AddOrReplaceReadGroups	Processed    20,000,000 records.  Elapsed time: 00:05:22s.  Time for last 1,000,000:   13s.  Last read position: chr3:15,480,719
INFO	2016-05-14 23:18:14	AddOrReplaceReadGroups	Processed    21,000,000 records.  Elapsed time: 00:05:36s.  Time for last 1,000,000:   14s.  Last read position: chr3:44,490,083
INFO	2016-05-14 23:18:31	AddOrReplaceReadGroups	Processed    22,000,000 records.  Elapsed time: 00:05:54s.  Time for last 1,000,000:   17s.  Last read position: chr3:56,591,209
INFO	2016-05-14 23:18:45	AddOrReplaceReadGroups	Processed    23,000,000 records.  Elapsed time: 00:06:08s.  Time for last 1,000,000:   14s.  Last read position: chr3:110,852,849
INFO	2016-05-14 23:19:04	AddOrReplaceReadGroups	Processed    24,000,000 records.  Elapsed time: 00:06:26s.  Time for last 1,000,000:   18s.  Last read position: chr3:133,901,698
INFO	2016-05-14 23:19:19	AddOrReplaceReadGroups	Processed    25,000,000 records.  Elapsed time: 00:06:41s.  Time for last 1,000,000:   14s.  Last read position: chr3:170,587,796
INFO	2016-05-14 23:19:37	AddOrReplaceReadGroups	Processed    26,000,000 records.  Elapsed time: 00:06:59s.  Time for last 1,000,000:   17s.  Last read position: chr4:171,499
INFO	2016-05-14 23:19:52	AddOrReplaceReadGroups	Processed    27,000,000 records.  Elapsed time: 00:07:14s.  Time for last 1,000,000:   15s.  Last read position: chr4:39,457,865
INFO	2016-05-14 23:20:05	AddOrReplaceReadGroups	Processed    28,000,000 records.  Elapsed time: 00:07:28s.  Time for last 1,000,000:   13s.  Last read position: chr4:77,057,367
INFO	2016-05-14 23:20:22	AddOrReplaceReadGroups	Processed    29,000,000 records.  Elapsed time: 00:07:45s.  Time for last 1,000,000:   16s.  Last read position: chr4:110,433,133
INFO	2016-05-14 23:20:36	AddOrReplaceReadGroups	Processed    30,000,000 records.  Elapsed time: 00:07:59s.  Time for last 1,000,000:   14s.  Last read position: chr4:151,682,808
INFO	2016-05-14 23:20:54	AddOrReplaceReadGroups	Processed    31,000,000 records.  Elapsed time: 00:08:16s.  Time for last 1,000,000:   17s.  Last read position: chr5:6,742,542
INFO	2016-05-14 23:21:09	AddOrReplaceReadGroups	Processed    32,000,000 records.  Elapsed time: 00:08:32s.  Time for last 1,000,000:   15s.  Last read position: chr5:58,295,410
INFO	2016-05-14 23:21:26	AddOrReplaceReadGroups	Processed    33,000,000 records.  Elapsed time: 00:08:49s.  Time for last 1,000,000:   17s.  Last read position: chr5:111,570,545
INFO	2016-05-14 23:21:42	AddOrReplaceReadGroups	Processed    34,000,000 records.  Elapsed time: 00:09:05s.  Time for last 1,000,000:   15s.  Last read position: chr5:140,735,905
INFO	2016-05-14 23:22:02	AddOrReplaceReadGroups	Processed    35,000,000 records.  Elapsed time: 00:09:24s.  Time for last 1,000,000:   19s.  Last read position: chr5:170,216,085
INFO	2016-05-14 23:22:19	AddOrReplaceReadGroups	Processed    36,000,000 records.  Elapsed time: 00:09:41s.  Time for last 1,000,000:   17s.  Last read position: chr6:13,632,649
INFO	2016-05-14 23:22:32	AddOrReplaceReadGroups	Processed    37,000,000 records.  Elapsed time: 00:09:54s.  Time for last 1,000,000:   13s.  Last read position: chr6:30,864,609
INFO	2016-05-14 23:22:49	AddOrReplaceReadGroups	Processed    38,000,000 records.  Elapsed time: 00:10:12s.  Time for last 1,000,000:   17s.  Last read position: chr6:33,169,987
INFO	2016-05-14 23:23:03	AddOrReplaceReadGroups	Processed    39,000,000 records.  Elapsed time: 00:10:26s.  Time for last 1,000,000:   14s.  Last read position: chr6:43,395,713
INFO	2016-05-14 23:23:18	AddOrReplaceReadGroups	Processed    40,000,000 records.  Elapsed time: 00:10:41s.  Time for last 1,000,000:   14s.  Last read position: chr6:84,332,863
INFO	2016-05-14 23:23:33	AddOrReplaceReadGroups	Processed    41,000,000 records.  Elapsed time: 00:10:55s.  Time for last 1,000,000:   14s.  Last read position: chr6:132,966,376
INFO	2016-05-14 23:23:51	AddOrReplaceReadGroups	Processed    42,000,000 records.  Elapsed time: 00:11:14s.  Time for last 1,000,000:   18s.  Last read position: chr7:1,097,664
INFO	2016-05-14 23:24:06	AddOrReplaceReadGroups	Processed    43,000,000 records.  Elapsed time: 00:11:29s.  Time for last 1,000,000:   14s.  Last read position: chr7:30,174,781
INFO	2016-05-14 23:24:22	AddOrReplaceReadGroups	Processed    44,000,000 records.  Elapsed time: 00:11:44s.  Time for last 1,000,000:   15s.  Last read position: chr7:69,855,024
INFO	2016-05-14 23:24:40	AddOrReplaceReadGroups	Processed    45,000,000 records.  Elapsed time: 00:12:03s.  Time for last 1,000,000:   18s.  Last read position: chr7:99,129,502
INFO	2016-05-14 23:24:54	AddOrReplaceReadGroups	Processed    46,000,000 records.  Elapsed time: 00:12:17s.  Time for last 1,000,000:   14s.  Last read position: chr7:123,197,019
INFO	2016-05-14 23:25:14	AddOrReplaceReadGroups	Processed    47,000,000 records.  Elapsed time: 00:12:36s.  Time for last 1,000,000:   19s.  Last read position: chr7:150,007,866
INFO	2016-05-14 23:25:28	AddOrReplaceReadGroups	Processed    48,000,000 records.  Elapsed time: 00:12:51s.  Time for last 1,000,000:   14s.  Last read position: chr8:24,256,300
INFO	2016-05-14 23:25:47	AddOrReplaceReadGroups	Processed    49,000,000 records.  Elapsed time: 00:13:09s.  Time for last 1,000,000:   18s.  Last read position: chr8:57,905,673
INFO	2016-05-14 23:25:59	AddOrReplaceReadGroups	Processed    50,000,000 records.  Elapsed time: 00:13:22s.  Time for last 1,000,000:   12s.  Last read position: chr8:94,752,530
INFO	2016-05-14 23:26:16	AddOrReplaceReadGroups	Processed    51,000,000 records.  Elapsed time: 00:13:39s.  Time for last 1,000,000:   16s.  Last read position: chr8:113,323,192
INFO	2016-05-14 23:26:30	AddOrReplaceReadGroups	Processed    52,000,000 records.  Elapsed time: 00:13:53s.  Time for last 1,000,000:   14s.  Last read position: chr8:141,595,238
INFO	2016-05-14 23:26:48	AddOrReplaceReadGroups	Processed    53,000,000 records.  Elapsed time: 00:14:10s.  Time for last 1,000,000:   17s.  Last read position: chr9:17,298,358
INFO	2016-05-14 23:27:02	AddOrReplaceReadGroups	Processed    54,000,000 records.  Elapsed time: 00:14:25s.  Time for last 1,000,000:   14s.  Last read position: chr9:79,256,764
INFO	2016-05-14 23:27:17	AddOrReplaceReadGroups	Processed    55,000,000 records.  Elapsed time: 00:14:39s.  Time for last 1,000,000:   14s.  Last read position: chr9:111,826,774
INFO	2016-05-14 23:27:30	AddOrReplaceReadGroups	Processed    56,000,000 records.  Elapsed time: 00:14:53s.  Time for last 1,000,000:   13s.  Last read position: chr9:131,343,282
INFO	2016-05-14 23:27:47	AddOrReplaceReadGroups	Processed    57,000,000 records.  Elapsed time: 00:15:10s.  Time for last 1,000,000:   17s.  Last read position: chr10:13,874,220
INFO	2016-05-14 23:28:02	AddOrReplaceReadGroups	Processed    58,000,000 records.  Elapsed time: 00:15:25s.  Time for last 1,000,000:   14s.  Last read position: chr10:51,555,703
INFO	2016-05-14 23:28:19	AddOrReplaceReadGroups	Processed    59,000,000 records.  Elapsed time: 00:15:42s.  Time for last 1,000,000:   16s.  Last read position: chr10:81,058,088
INFO	2016-05-14 23:28:34	AddOrReplaceReadGroups	Processed    60,000,000 records.  Elapsed time: 00:15:57s.  Time for last 1,000,000:   15s.  Last read position: chr10:103,201,907
INFO	2016-05-14 23:28:51	AddOrReplaceReadGroups	Processed    61,000,000 records.  Elapsed time: 00:16:14s.  Time for last 1,000,000:   17s.  Last read position: chr10:128,830,302
INFO	2016-05-14 23:29:05	AddOrReplaceReadGroups	Processed    62,000,000 records.  Elapsed time: 00:16:28s.  Time for last 1,000,000:   13s.  Last read position: chr11:14,666,430
INFO	2016-05-14 23:29:23	AddOrReplaceReadGroups	Processed    63,000,000 records.  Elapsed time: 00:16:45s.  Time for last 1,000,000:   17s.  Last read position: chr11:48,157,650
INFO	2016-05-14 23:29:36	AddOrReplaceReadGroups	Processed    64,000,000 records.  Elapsed time: 00:16:59s.  Time for last 1,000,000:   13s.  Last read position: chr11:64,084,577
INFO	2016-05-14 23:29:52	AddOrReplaceReadGroups	Processed    65,000,000 records.  Elapsed time: 00:17:15s.  Time for last 1,000,000:   16s.  Last read position: chr11:68,369,288
INFO	2016-05-14 23:30:07	AddOrReplaceReadGroups	Processed    66,000,000 records.  Elapsed time: 00:17:30s.  Time for last 1,000,000:   14s.  Last read position: chr11:101,323,730
INFO	2016-05-14 23:30:24	AddOrReplaceReadGroups	Processed    67,000,000 records.  Elapsed time: 00:17:47s.  Time for last 1,000,000:   16s.  Last read position: chr11:124,015,876
INFO	2016-05-14 23:30:38	AddOrReplaceReadGroups	Processed    68,000,000 records.  Elapsed time: 00:18:01s.  Time for last 1,000,000:   13s.  Last read position: chr12:12,630,259
INFO	2016-05-14 23:30:57	AddOrReplaceReadGroups	Processed    69,000,000 records.  Elapsed time: 00:18:19s.  Time for last 1,000,000:   18s.  Last read position: chr12:49,426,083
INFO	2016-05-14 23:31:11	AddOrReplaceReadGroups	Processed    70,000,000 records.  Elapsed time: 00:18:33s.  Time for last 1,000,000:   13s.  Last read position: chr12:58,508,907
INFO	2016-05-14 23:31:27	AddOrReplaceReadGroups	Processed    71,000,000 records.  Elapsed time: 00:18:50s.  Time for last 1,000,000:   16s.  Last read position: chr12:102,517,703
INFO	2016-05-14 23:31:41	AddOrReplaceReadGroups	Processed    72,000,000 records.  Elapsed time: 00:19:04s.  Time for last 1,000,000:   14s.  Last read position: chr12:131,623,640
INFO	2016-05-14 23:31:55	AddOrReplaceReadGroups	Processed    73,000,000 records.  Elapsed time: 00:19:18s.  Time for last 1,000,000:   13s.  Last read position: chr13:45,147,555
INFO	2016-05-14 23:32:11	AddOrReplaceReadGroups	Processed    74,000,000 records.  Elapsed time: 00:19:34s.  Time for last 1,000,000:   16s.  Last read position: chr13:103,390,411
INFO	2016-05-14 23:32:30	AddOrReplaceReadGroups	Processed    75,000,000 records.  Elapsed time: 00:19:53s.  Time for last 1,000,000:   18s.  Last read position: chr14:34,496,596
INFO	2016-05-14 23:32:44	AddOrReplaceReadGroups	Processed    76,000,000 records.  Elapsed time: 00:20:06s.  Time for last 1,000,000:   13s.  Last read position: chr14:74,388,901
INFO	2016-05-14 23:32:57	AddOrReplaceReadGroups	Processed    77,000,000 records.  Elapsed time: 00:20:20s.  Time for last 1,000,000:   13s.  Last read position: chr14:103,596,216
INFO	2016-05-14 23:33:15	AddOrReplaceReadGroups	Processed    78,000,000 records.  Elapsed time: 00:20:37s.  Time for last 1,000,000:   17s.  Last read position: chr15:42,444,821
INFO	2016-05-14 23:33:31	AddOrReplaceReadGroups	Processed    79,000,000 records.  Elapsed time: 00:20:54s.  Time for last 1,000,000:   16s.  Last read position: chr15:59,225,573
INFO	2016-05-14 23:33:45	AddOrReplaceReadGroups	Processed    80,000,000 records.  Elapsed time: 00:21:07s.  Time for last 1,000,000:   13s.  Last read position: chr15:74,337,367
INFO	2016-05-14 23:34:03	AddOrReplaceReadGroups	Processed    81,000,000 records.  Elapsed time: 00:21:25s.  Time for last 1,000,000:   17s.  Last read position: chr15:90,119,364
INFO	2016-05-14 23:34:17	AddOrReplaceReadGroups	Processed    82,000,000 records.  Elapsed time: 00:21:40s.  Time for last 1,000,000:   14s.  Last read position: chr16:2,052,483
INFO	2016-05-14 23:34:35	AddOrReplaceReadGroups	Processed    83,000,000 records.  Elapsed time: 00:21:58s.  Time for last 1,000,000:   17s.  Last read position: chr16:23,678,447
INFO	2016-05-14 23:34:50	AddOrReplaceReadGroups	Processed    84,000,000 records.  Elapsed time: 00:22:13s.  Time for last 1,000,000:   15s.  Last read position: chr16:56,693,108
INFO	2016-05-14 23:35:08	AddOrReplaceReadGroups	Processed    85,000,000 records.  Elapsed time: 00:22:30s.  Time for last 1,000,000:   17s.  Last read position: chr17:729,232
INFO	2016-05-14 23:35:22	AddOrReplaceReadGroups	Processed    86,000,000 records.  Elapsed time: 00:22:45s.  Time for last 1,000,000:   14s.  Last read position: chr17:17,118,544
INFO	2016-05-14 23:35:41	AddOrReplaceReadGroups	Processed    87,000,000 records.  Elapsed time: 00:23:03s.  Time for last 1,000,000:   18s.  Last read position: chr17:39,118,640
INFO	2016-05-14 23:35:55	AddOrReplaceReadGroups	Processed    88,000,000 records.  Elapsed time: 00:23:18s.  Time for last 1,000,000:   14s.  Last read position: chr17:59,949,629
INFO	2016-05-14 23:36:10	AddOrReplaceReadGroups	Processed    89,000,000 records.  Elapsed time: 00:23:33s.  Time for last 1,000,000:   14s.  Last read position: chr17:79,098,612
INFO	2016-05-14 23:36:24	AddOrReplaceReadGroups	Processed    90,000,000 records.  Elapsed time: 00:23:47s.  Time for last 1,000,000:   13s.  Last read position: chr18:29,038,513
INFO	2016-05-14 23:36:42	AddOrReplaceReadGroups	Processed    91,000,000 records.  Elapsed time: 00:24:04s.  Time for last 1,000,000:   17s.  Last read position: chr19:762,383
INFO	2016-05-14 23:36:55	AddOrReplaceReadGroups	Processed    92,000,000 records.  Elapsed time: 00:24:18s.  Time for last 1,000,000:   13s.  Last read position: chr19:12,903,031
INFO	2016-05-14 23:37:13	AddOrReplaceReadGroups	Processed    93,000,000 records.  Elapsed time: 00:24:36s.  Time for last 1,000,000:   18s.  Last read position: chr19:36,259,058
INFO	2016-05-14 23:37:28	AddOrReplaceReadGroups	Processed    94,000,000 records.  Elapsed time: 00:24:50s.  Time for last 1,000,000:   14s.  Last read position: chr19:49,469,596
INFO	2016-05-14 23:37:46	AddOrReplaceReadGroups	Processed    95,000,000 records.  Elapsed time: 00:25:09s.  Time for last 1,000,000:   18s.  Last read position: chr20:4,893,549
INFO	2016-05-14 23:38:00	AddOrReplaceReadGroups	Processed    96,000,000 records.  Elapsed time: 00:25:22s.  Time for last 1,000,000:   13s.  Last read position: chr20:39,317,356
INFO	2016-05-14 23:38:14	AddOrReplaceReadGroups	Processed    97,000,000 records.  Elapsed time: 00:25:37s.  Time for last 1,000,000:   14s.  Last read position: chr20:60,889,957
INFO	2016-05-14 23:38:32	AddOrReplaceReadGroups	Processed    98,000,000 records.  Elapsed time: 00:25:55s.  Time for last 1,000,000:   18s.  Last read position: chr21:45,094,922
INFO	2016-05-14 23:38:45	AddOrReplaceReadGroups	Processed    99,000,000 records.  Elapsed time: 00:26:08s.  Time for last 1,000,000:   12s.  Last read position: chr22:39,083,922
INFO	2016-05-14 23:39:03	AddOrReplaceReadGroups	Processed   100,000,000 records.  Elapsed time: 00:26:26s.  Time for last 1,000,000:   17s.  Last read position: chrX:18,220,002
INFO	2016-05-14 23:39:19	AddOrReplaceReadGroups	Processed   101,000,000 records.  Elapsed time: 00:26:42s.  Time for last 1,000,000:   15s.  Last read position: chrX:54,275,337
INFO	2016-05-14 23:39:33	AddOrReplaceReadGroups	Processed   102,000,000 records.  Elapsed time: 00:26:55s.  Time for last 1,000,000:   13s.  Last read position: chrX:106,965,080
INFO	2016-05-14 23:39:48	AddOrReplaceReadGroups	Processed   103,000,000 records.  Elapsed time: 00:27:10s.  Time for last 1,000,000:   14s.  Last read position: chrX:148,049,302
INFO	2016-05-14 23:40:05	AddOrReplaceReadGroups	Processed   104,000,000 records.  Elapsed time: 00:27:27s.  Time for last 1,000,000:   17s.  Last read position: */*
[Sat May 14 23:40:10 EDT 2016] picard.sam.AddOrReplaceReadGroups done. Elapsed time: 27.56 minutes.
Runtime.totalMemory()=395313152
[Sat May 14 23:40:11 EDT 2016] picard.sam.FixMateInformation INPUT=[p_DS_bkm_087-T/p_DS_bkm_087-T.sorted.MarkDup.fixed.bam] OUTPUT=p_DS_bkm_087-T/p_DS_bkm_087-T.sorted.MarkDup.realn.fixed.bam SORT_ORDER=coordinate TMP_DIR=[tmp/flx] VALIDATION_STRINGENCY=LENIENT CREATE_INDEX=true    ASSUME_SORTED=false ADD_MATE_CIGAR=true IGNORE_MISSING_MATES=true VERBOSITY=INFO QUIET=false COMPRESSION_LEVEL=5 MAX_RECORDS_IN_RAM=500000 CREATE_MD5_FILE=false GA4GH_CLIENT_SECRETS=client_secrets.json
[Sat May 14 23:40:11 EDT 2016] Executing as abdelrahman@compute-1-13.local on Linux 2.6.32-279.14.1.el6.x86_64 amd64; Java HotSpot(TM) 64-Bit Server VM 1.8.0_45-b14; Picard version: 2.3.0(9a00c87b7ffdb01cfb5a0d6e76556146196babb8_1463071327) IntelDeflater
INFO	2016-05-14 23:40:11	FixMateInformation	Sorting input into queryname order.
INFO	2016-05-15 00:01:33	FixMateInformation	Sorting by queryname complete.
INFO	2016-05-15 00:01:33	FixMateInformation	Output will be sorted by coordinate
INFO	2016-05-15 00:01:33	FixMateInformation	Traversing query name sorted records and fixing up mate pair information.
INFO	2016-05-15 00:01:45	FixMateInformation	Processed     1,000,000 records.  Elapsed time: 00:00:11s.  Time for last 1,000,000:   11s.  Last read position: chr9:125,797,547
INFO	2016-05-15 00:01:59	FixMateInformation	Processed     2,000,000 records.  Elapsed time: 00:00:26s.  Time for last 1,000,000:   14s.  Last read position: chr3:148,917,422
INFO	2016-05-15 00:02:14	FixMateInformation	Processed     3,000,000 records.  Elapsed time: 00:00:40s.  Time for last 1,000,000:   14s.  Last read position: chr15:83,408,339
INFO	2016-05-15 00:02:29	FixMateInformation	Processed     4,000,000 records.  Elapsed time: 00:00:55s.  Time for last 1,000,000:   15s.  Last read position: chr9:130,493,155
INFO	2016-05-15 00:02:44	FixMateInformation	Processed     5,000,000 records.  Elapsed time: 00:01:10s.  Time for last 1,000,000:   14s.  Last read position: chr1:17,090,981
INFO	2016-05-15 00:02:59	FixMateInformation	Processed     6,000,000 records.  Elapsed time: 00:01:25s.  Time for last 1,000,000:   14s.  Last read position: chr3:179,319,426
INFO	2016-05-15 00:03:12	FixMateInformation	Processed     7,000,000 records.  Elapsed time: 00:01:39s.  Time for last 1,000,000:   13s.  Last read position: chr8:101,535,552
INFO	2016-05-15 00:03:27	FixMateInformation	Processed     8,000,000 records.  Elapsed time: 00:01:53s.  Time for last 1,000,000:   14s.  Last read position: chr12:20,801,619
INFO	2016-05-15 00:03:41	FixMateInformation	Processed     9,000,000 records.  Elapsed time: 00:02:07s.  Time for last 1,000,000:   13s.  Last read position: chr10:27,284,057
INFO	2016-05-15 00:03:56	FixMateInformation	Processed    10,000,000 records.  Elapsed time: 00:02:22s.  Time for last 1,000,000:   14s.  Last read position: chr5:61,832,344
INFO	2016-05-15 00:04:11	FixMateInformation	Processed    11,000,000 records.  Elapsed time: 00:02:37s.  Time for last 1,000,000:   14s.  Last read position: chr1:111,778,626
INFO	2016-05-15 00:04:25	FixMateInformation	Processed    12,000,000 records.  Elapsed time: 00:02:51s.  Time for last 1,000,000:   14s.  Last read position: chr2:204,091,562
INFO	2016-05-15 00:04:41	FixMateInformation	Processed    13,000,000 records.  Elapsed time: 00:03:07s.  Time for last 1,000,000:   15s.  Last read position: chr12:40,012,440
INFO	2016-05-15 00:04:55	FixMateInformation	Processed    14,000,000 records.  Elapsed time: 00:03:21s.  Time for last 1,000,000:   14s.  Last read position: chr1:21,143,862
INFO	2016-05-15 00:05:11	FixMateInformation	Processed    15,000,000 records.  Elapsed time: 00:03:37s.  Time for last 1,000,000:   15s.  Last read position: chr2:11,354,546
INFO	2016-05-15 00:05:29	FixMateInformation	Processed    16,000,000 records.  Elapsed time: 00:03:55s.  Time for last 1,000,000:   17s.  Last read position: chr21:34,932,146
INFO	2016-05-15 00:05:43	FixMateInformation	Processed    17,000,000 records.  Elapsed time: 00:04:10s.  Time for last 1,000,000:   14s.  Last read position: chr9:139,747,606
INFO	2016-05-15 00:05:58	FixMateInformation	Processed    18,000,000 records.  Elapsed time: 00:04:24s.  Time for last 1,000,000:   14s.  Last read position: chr19:1,110,945
INFO	2016-05-15 00:06:13	FixMateInformation	Processed    19,000,000 records.  Elapsed time: 00:04:40s.  Time for last 1,000,000:   15s.  Last read position: chr6:25,610,198
INFO	2016-05-15 00:06:28	FixMateInformation	Processed    20,000,000 records.  Elapsed time: 00:04:54s.  Time for last 1,000,000:   14s.  Last read position: chr3:121,438,523
INFO	2016-05-15 00:06:44	FixMateInformation	Processed    21,000,000 records.  Elapsed time: 00:05:10s.  Time for last 1,000,000:   15s.  Last read position: chr13:79,233,159
INFO	2016-05-15 00:06:59	FixMateInformation	Processed    22,000,000 records.  Elapsed time: 00:05:25s.  Time for last 1,000,000:   15s.  Last read position: chr1:45,501,553
INFO	2016-05-15 00:07:14	FixMateInformation	Processed    23,000,000 records.  Elapsed time: 00:05:40s.  Time for last 1,000,000:   15s.  Last read position: chr12:75,434,874
INFO	2016-05-15 00:07:29	FixMateInformation	Processed    24,000,000 records.  Elapsed time: 00:05:55s.  Time for last 1,000,000:   14s.  Last read position: chr10:75,007,085
INFO	2016-05-15 00:07:43	FixMateInformation	Processed    25,000,000 records.  Elapsed time: 00:06:09s.  Time for last 1,000,000:   14s.  Last read position: chr2:233,709,020
INFO	2016-05-15 00:07:58	FixMateInformation	Processed    26,000,000 records.  Elapsed time: 00:06:24s.  Time for last 1,000,000:   14s.  Last read position: chr11:108,093,231
INFO	2016-05-15 00:08:13	FixMateInformation	Processed    27,000,000 records.  Elapsed time: 00:06:39s.  Time for last 1,000,000:   14s.  Last read position: chrX:79,829,673
INFO	2016-05-15 00:08:26	FixMateInformation	Processed    28,000,000 records.  Elapsed time: 00:06:52s.  Time for last 1,000,000:   13s.  Last read position: chr11:102,713,040
INFO	2016-05-15 00:08:42	FixMateInformation	Processed    29,000,000 records.  Elapsed time: 00:07:08s.  Time for last 1,000,000:   15s.  Last read position: chr3:113,082,243
INFO	2016-05-15 00:08:55	FixMateInformation	Processed    30,000,000 records.  Elapsed time: 00:07:22s.  Time for last 1,000,000:   13s.  Last read position: chr11:65,984,196
INFO	2016-05-15 00:09:11	FixMateInformation	Processed    31,000,000 records.  Elapsed time: 00:07:37s.  Time for last 1,000,000:   15s.  Last read position: chr2:27,598,974
INFO	2016-05-15 00:09:26	FixMateInformation	Processed    32,000,000 records.  Elapsed time: 00:07:52s.  Time for last 1,000,000:   15s.  Last read position: chr8:69,218,736
INFO	2016-05-15 00:09:39	FixMateInformation	Processed    33,000,000 records.  Elapsed time: 00:08:05s.  Time for last 1,000,000:   13s.  Last read position: chr20:35,311,006
INFO	2016-05-15 00:09:55	FixMateInformation	Processed    34,000,000 records.  Elapsed time: 00:08:22s.  Time for last 1,000,000:   16s.  Last read position: chr1:114,645,920
INFO	2016-05-15 00:10:10	FixMateInformation	Processed    35,000,000 records.  Elapsed time: 00:08:36s.  Time for last 1,000,000:   14s.  Last read position: chr22:39,268,130
INFO	2016-05-15 00:10:25	FixMateInformation	Processed    36,000,000 records.  Elapsed time: 00:08:51s.  Time for last 1,000,000:   15s.  Last read position: chr15:56,243,690
INFO	2016-05-15 00:10:39	FixMateInformation	Processed    37,000,000 records.  Elapsed time: 00:09:05s.  Time for last 1,000,000:   14s.  Last read position: chr3:189,704,521
INFO	2016-05-15 00:10:54	FixMateInformation	Processed    38,000,000 records.  Elapsed time: 00:09:20s.  Time for last 1,000,000:   14s.  Last read position: chr1:905,667
INFO	2016-05-15 00:11:09	FixMateInformation	Processed    39,000,000 records.  Elapsed time: 00:09:35s.  Time for last 1,000,000:   14s.  Last read position: chr2:158,960,998
INFO	2016-05-15 00:11:23	FixMateInformation	Processed    40,000,000 records.  Elapsed time: 00:09:50s.  Time for last 1,000,000:   14s.  Last read position: chr16:57,689,824
INFO	2016-05-15 00:11:37	FixMateInformation	Processed    41,000,000 records.  Elapsed time: 00:10:04s.  Time for last 1,000,000:   13s.  Last read position: chr2:220,115,117
INFO	2016-05-15 00:11:53	FixMateInformation	Processed    42,000,000 records.  Elapsed time: 00:10:19s.  Time for last 1,000,000:   15s.  Last read position: chr4:141,380,769
INFO	2016-05-15 00:12:07	FixMateInformation	Processed    43,000,000 records.  Elapsed time: 00:10:34s.  Time for last 1,000,000:   14s.  Last read position: chr1:223,940,453
INFO	2016-05-15 00:12:22	FixMateInformation	Processed    44,000,000 records.  Elapsed time: 00:10:48s.  Time for last 1,000,000:   14s.  Last read position: chr2:23,980,498
INFO	2016-05-15 00:12:37	FixMateInformation	Processed    45,000,000 records.  Elapsed time: 00:11:03s.  Time for last 1,000,000:   14s.  Last read position: chr16:89,784,008
INFO	2016-05-15 00:12:52	FixMateInformation	Processed    46,000,000 records.  Elapsed time: 00:11:18s.  Time for last 1,000,000:   14s.  Last read position: chr1:160,171,193
INFO	2016-05-15 00:13:07	FixMateInformation	Processed    47,000,000 records.  Elapsed time: 00:11:34s.  Time for last 1,000,000:   15s.  Last read position: chr6:33,269,583
INFO	2016-05-15 00:13:23	FixMateInformation	Processed    48,000,000 records.  Elapsed time: 00:11:49s.  Time for last 1,000,000:   15s.  Last read position: chr1:46,124,786
INFO	2016-05-15 00:13:39	FixMateInformation	Processed    49,000,000 records.  Elapsed time: 00:12:05s.  Time for last 1,000,000:   15s.  Last read position: chr16:75,204,170
INFO	2016-05-15 00:13:54	FixMateInformation	Processed    50,000,000 records.  Elapsed time: 00:12:20s.  Time for last 1,000,000:   15s.  Last read position: chr2:36,979,458
INFO	2016-05-15 00:14:10	FixMateInformation	Processed    51,000,000 records.  Elapsed time: 00:12:36s.  Time for last 1,000,000:   15s.  Last read position: chr3:129,182,425
INFO	2016-05-15 00:14:26	FixMateInformation	Processed    52,000,000 records.  Elapsed time: 00:12:52s.  Time for last 1,000,000:   15s.  Last read position: chr11:35,208,357
INFO	2016-05-15 00:14:40	FixMateInformation	Processed    53,000,000 records.  Elapsed time: 00:13:06s.  Time for last 1,000,000:   14s.  Last read position: chr17:61,392,000
INFO	2016-05-15 00:14:55	FixMateInformation	Processed    54,000,000 records.  Elapsed time: 00:13:21s.  Time for last 1,000,000:   14s.  Last read position: chr11:44,626,660
INFO	2016-05-15 00:15:13	FixMateInformation	Processed    55,000,000 records.  Elapsed time: 00:13:39s.  Time for last 1,000,000:   18s.  Last read position: chr8:98,817,567
INFO	2016-05-15 00:15:28	FixMateInformation	Processed    56,000,000 records.  Elapsed time: 00:13:54s.  Time for last 1,000,000:   14s.  Last read position: chr16:88,904,082
INFO	2016-05-15 00:15:43	FixMateInformation	Processed    57,000,000 records.  Elapsed time: 00:14:09s.  Time for last 1,000,000:   14s.  Last read position: chr1:19,513,685
INFO	2016-05-15 00:15:57	FixMateInformation	Processed    58,000,000 records.  Elapsed time: 00:14:23s.  Time for last 1,000,000:   14s.  Last read position: chrX:148,583,623
INFO	2016-05-15 00:16:15	FixMateInformation	Processed    59,000,000 records.  Elapsed time: 00:14:41s.  Time for last 1,000,000:   17s.  Last read position: chr15:78,758,757
INFO	2016-05-15 00:16:30	FixMateInformation	Processed    60,000,000 records.  Elapsed time: 00:14:56s.  Time for last 1,000,000:   15s.  Last read position: chr9:137,300,800
INFO	2016-05-15 00:16:46	FixMateInformation	Processed    61,000,000 records.  Elapsed time: 00:15:13s.  Time for last 1,000,000:   16s.  Last read position: chr8:23,106,666
INFO	2016-05-15 00:17:01	FixMateInformation	Processed    62,000,000 records.  Elapsed time: 00:15:27s.  Time for last 1,000,000:   14s.  Last read position: chr7:16,666,653
INFO	2016-05-15 00:17:16	FixMateInformation	Processed    63,000,000 records.  Elapsed time: 00:15:42s.  Time for last 1,000,000:   14s.  Last read position: chr11:55,595,314
INFO	2016-05-15 00:17:30	FixMateInformation	Processed    64,000,000 records.  Elapsed time: 00:15:56s.  Time for last 1,000,000:   13s.  Last read position: chr1:201,751,948
INFO	2016-05-15 00:17:45	FixMateInformation	Processed    65,000,000 records.  Elapsed time: 00:16:11s.  Time for last 1,000,000:   14s.  Last read position: chr17:63,845,483
INFO	2016-05-15 00:18:02	FixMateInformation	Processed    66,000,000 records.  Elapsed time: 00:16:28s.  Time for last 1,000,000:   17s.  Last read position: chr11:9,771,418
INFO	2016-05-15 00:18:17	FixMateInformation	Processed    67,000,000 records.  Elapsed time: 00:16:43s.  Time for last 1,000,000:   14s.  Last read position: chr6:166,780,346
INFO	2016-05-15 00:18:32	FixMateInformation	Processed    68,000,000 records.  Elapsed time: 00:16:58s.  Time for last 1,000,000:   15s.  Last read position: chr13:28,794,412
INFO	2016-05-15 00:18:46	FixMateInformation	Processed    69,000,000 records.  Elapsed time: 00:17:12s.  Time for last 1,000,000:   14s.  Last read position: chr10:33,543,025
INFO	2016-05-15 00:19:01	FixMateInformation	Processed    70,000,000 records.  Elapsed time: 00:17:27s.  Time for last 1,000,000:   14s.  Last read position: chr1:43,814,565
INFO	2016-05-15 00:19:18	FixMateInformation	Processed    71,000,000 records.  Elapsed time: 00:17:44s.  Time for last 1,000,000:   16s.  Last read position: chrX:14,548,138
INFO	2016-05-15 00:19:31	FixMateInformation	Processed    72,000,000 records.  Elapsed time: 00:17:58s.  Time for last 1,000,000:   13s.  Last read position: chr8:87,570,560
INFO	2016-05-15 00:19:46	FixMateInformation	Processed    73,000,000 records.  Elapsed time: 00:18:12s.  Time for last 1,000,000:   14s.  Last read position: chr15:41,657,708
INFO	2016-05-15 00:19:59	FixMateInformation	Processed    74,000,000 records.  Elapsed time: 00:18:26s.  Time for last 1,000,000:   13s.  Last read position: chr9:125,838,828
INFO	2016-05-15 00:20:16	FixMateInformation	Processed    75,000,000 records.  Elapsed time: 00:18:42s.  Time for last 1,000,000:   16s.  Last read position: chr17:37,894,998
INFO	2016-05-15 00:20:30	FixMateInformation	Processed    76,000,000 records.  Elapsed time: 00:18:56s.  Time for last 1,000,000:   13s.  Last read position: chr16:46,407,016
INFO	2016-05-15 00:20:44	FixMateInformation	Processed    77,000,000 records.  Elapsed time: 00:19:10s.  Time for last 1,000,000:   14s.  Last read position: chr19:48,205,431
INFO	2016-05-15 00:20:58	FixMateInformation	Processed    78,000,000 records.  Elapsed time: 00:19:24s.  Time for last 1,000,000:   14s.  Last read position: chr8:109,247,306
INFO	2016-05-15 00:21:13	FixMateInformation	Processed    79,000,000 records.  Elapsed time: 00:19:39s.  Time for last 1,000,000:   15s.  Last read position: chr1:244,825,444
INFO	2016-05-15 00:21:26	FixMateInformation	Processed    80,000,000 records.  Elapsed time: 00:19:53s.  Time for last 1,000,000:   13s.  Last read position: chr12:7,075,083
INFO	2016-05-15 00:21:44	FixMateInformation	Processed    81,000,000 records.  Elapsed time: 00:20:11s.  Time for last 1,000,000:   17s.  Last read position: chr2:55,403,039
INFO	2016-05-15 00:22:00	FixMateInformation	Processed    82,000,000 records.  Elapsed time: 00:20:26s.  Time for last 1,000,000:   15s.  Last read position: chr11:17,657,033
INFO	2016-05-15 00:22:14	FixMateInformation	Processed    83,000,000 records.  Elapsed time: 00:20:40s.  Time for last 1,000,000:   14s.  Last read position: chr1:45,485,833
INFO	2016-05-15 00:22:31	FixMateInformation	Processed    84,000,000 records.  Elapsed time: 00:20:57s.  Time for last 1,000,000:   16s.  Last read position: chr1:169,366,458
INFO	2016-05-15 00:22:46	FixMateInformation	Processed    85,000,000 records.  Elapsed time: 00:21:12s.  Time for last 1,000,000:   15s.  Last read position: chr15:85,399,851
INFO	2016-05-15 00:23:01	FixMateInformation	Processed    86,000,000 records.  Elapsed time: 00:21:27s.  Time for last 1,000,000:   14s.  Last read position: chr3:64,133,275
INFO	2016-05-15 00:23:15	FixMateInformation	Processed    87,000,000 records.  Elapsed time: 00:21:41s.  Time for last 1,000,000:   13s.  Last read position: chr4:122,253,981
INFO	2016-05-15 00:23:31	FixMateInformation	Processed    88,000,000 records.  Elapsed time: 00:21:57s.  Time for last 1,000,000:   16s.  Last read position: chr2:44,145,375
INFO	2016-05-15 00:23:45	FixMateInformation	Processed    89,000,000 records.  Elapsed time: 00:22:12s.  Time for last 1,000,000:   14s.  Last read position: chr14:24,607,348
INFO	2016-05-15 00:24:00	FixMateInformation	Processed    90,000,000 records.  Elapsed time: 00:22:26s.  Time for last 1,000,000:   14s.  Last read position: chr17:57,125,095
INFO	2016-05-15 00:24:15	FixMateInformation	Processed    91,000,000 records.  Elapsed time: 00:22:41s.  Time for last 1,000,000:   14s.  Last read position: chr9:35,100,715
INFO	2016-05-15 00:24:30	FixMateInformation	Processed    92,000,000 records.  Elapsed time: 00:22:56s.  Time for last 1,000,000:   15s.  Last read position: chr19:10,401,988
INFO	2016-05-15 00:24:45	FixMateInformation	Processed    93,000,000 records.  Elapsed time: 00:23:11s.  Time for last 1,000,000:   14s.  Last read position: chr6:43,401,007
INFO	2016-05-15 00:25:00	FixMateInformation	Processed    94,000,000 records.  Elapsed time: 00:23:26s.  Time for last 1,000,000:   14s.  Last read position: chr6:7,567,361
INFO	2016-05-15 00:25:14	FixMateInformation	Processed    95,000,000 records.  Elapsed time: 00:23:40s.  Time for last 1,000,000:   14s.  Last read position: chr19:49,248,899
INFO	2016-05-15 00:25:28	FixMateInformation	Processed    96,000,000 records.  Elapsed time: 00:23:55s.  Time for last 1,000,000:   14s.  Last read position: chr11:75,111,821
INFO	2016-05-15 00:25:43	FixMateInformation	Processed    97,000,000 records.  Elapsed time: 00:24:09s.  Time for last 1,000,000:   14s.  Last read position: chr12:46,244,852
INFO	2016-05-15 00:25:57	FixMateInformation	Processed    98,000,000 records.  Elapsed time: 00:24:23s.  Time for last 1,000,000:   13s.  Last read position: chr1:97,216,921
INFO	2016-05-15 00:26:11	FixMateInformation	Processed    99,000,000 records.  Elapsed time: 00:24:37s.  Time for last 1,000,000:   14s.  Last read position: chr3:90,461,600
INFO	2016-05-15 00:26:25	FixMateInformation	Processed   100,000,000 records.  Elapsed time: 00:24:51s.  Time for last 1,000,000:   13s.  Last read position: chr12:51,347,800
INFO	2016-05-15 00:26:39	FixMateInformation	Processed   101,000,000 records.  Elapsed time: 00:25:05s.  Time for last 1,000,000:   13s.  Last read position: chr2:175,711,760
INFO	2016-05-15 00:26:52	FixMateInformation	Processed   102,000,000 records.  Elapsed time: 00:25:19s.  Time for last 1,000,000:   13s.  Last read position: chr20:36,150,824
INFO	2016-05-15 00:27:06	FixMateInformation	Processed   103,000,000 records.  Elapsed time: 00:25:32s.  Time for last 1,000,000:   13s.  Last read position: chr1:32,800,315
INFO	2016-05-15 00:27:20	FixMateInformation	Processed   104,000,000 records.  Elapsed time: 00:25:47s.  Time for last 1,000,000:   14s.  Last read position: chr10:124,745,887
INFO	2016-05-15 00:27:29	FixMateInformation	Finished processing reads; re-sorting output file.
[Sun May 15 00:50:47 EDT 2016] picard.sam.FixMateInformation done. Elapsed time: 70.60 minutes.
Runtime.totalMemory()=1341128704
