[Sat May 14 21:23:50 EDT 2016] picard.sam.SortSam INPUT=p_DS_bkm_086-T.sam OUTPUT=p_DS_bkm_086-T/p_DS_bkm_086-T.sorted.bam SORT_ORDER=coordinate TMP_DIR=[tmp_WT] VALIDATION_STRINGENCY=LENIENT CREATE_INDEX=true    VERBOSITY=INFO QUIET=false COMPRESSION_LEVEL=5 MAX_RECORDS_IN_RAM=500000 CREATE_MD5_FILE=false GA4GH_CLIENT_SECRETS=client_secrets.json
[Sat May 14 21:23:50 EDT 2016] Executing as abdelrahman@compute-1-2.local on Linux 2.6.32-279.14.1.el6.x86_64 amd64; Java HotSpot(TM) 64-Bit Server VM 1.8.0_45-b14; Picard version: 2.3.0(9a00c87b7ffdb01cfb5a0d6e76556146196babb8_1463071327) IntelDeflater
INFO	2016-05-14 21:28:42	SortSam	Read    10,000,000 records.  Elapsed time: 00:04:51s.  Time for last 10,000,000:  291s.  Last read position: chr1:152,957,939
INFO	2016-05-14 21:33:46	SortSam	Read    20,000,000 records.  Elapsed time: 00:09:55s.  Time for last 10,000,000:  303s.  Last read position: chr8:141,515,994
INFO	2016-05-14 21:38:46	SortSam	Read    30,000,000 records.  Elapsed time: 00:14:55s.  Time for last 10,000,000:  300s.  Last read position: chr6:32,940,465
INFO	2016-05-14 21:43:50	SortSam	Read    40,000,000 records.  Elapsed time: 00:19:58s.  Time for last 10,000,000:  303s.  Last read position: chrX:153,170,524
INFO	2016-05-14 21:50:53	SortSam	Read    50,000,000 records.  Elapsed time: 00:27:02s.  Time for last 10,000,000:  423s.  Last read position: chr15:99,671,133
INFO	2016-05-14 21:55:43	SortSam	Read    60,000,000 records.  Elapsed time: 00:31:52s.  Time for last 10,000,000:  289s.  Last read position: chr6:25,984,793
INFO	2016-05-14 22:00:32	SortSam	Read    70,000,000 records.  Elapsed time: 00:36:41s.  Time for last 10,000,000:  289s.  Last read position: chr11:17,529,678
INFO	2016-05-14 22:05:36	SortSam	Read    80,000,000 records.  Elapsed time: 00:41:45s.  Time for last 10,000,000:  304s.  Last read position: chr1:1,335,937
INFO	2016-05-14 22:11:27	SortSam	Read    90,000,000 records.  Elapsed time: 00:47:36s.  Time for last 10,000,000:  350s.  Last read position: chr18:29,488,297
INFO	2016-05-14 22:17:43	SortSam	Read   100,000,000 records.  Elapsed time: 00:53:52s.  Time for last 10,000,000:  376s.  Last read position: chr16:2,129,162
INFO	2016-05-14 22:23:19	SortSam	Read   110,000,000 records.  Elapsed time: 00:59:27s.  Time for last 10,000,000:  335s.  Last read position: chr10:74,990,215
INFO	2016-05-14 22:28:32	SortSam	Read   120,000,000 records.  Elapsed time: 01:04:41s.  Time for last 10,000,000:  313s.  Last read position: chr12:57,038,799
INFO	2016-05-14 22:33:54	SortSam	Read   130,000,000 records.  Elapsed time: 01:10:03s.  Time for last 10,000,000:  322s.  Last read position: chr19:35,633,650
INFO	2016-05-14 22:35:24	SortSam	Finished reading inputs, merging and writing to output now.
INFO	2016-05-14 22:39:30	SortSam	Wrote    10,000,000 records from a sorting collection.  Elapsed time: 01:15:39s.  Time for last 10,000,000:  196s.  Last read position: chr1:159,751,039
INFO	2016-05-14 22:41:52	SortSam	Wrote    20,000,000 records from a sorting collection.  Elapsed time: 01:18:01s.  Time for last 10,000,000:  142s.  Last read position: chr2:131,005,733
INFO	2016-05-14 22:44:04	SortSam	Wrote    30,000,000 records from a sorting collection.  Elapsed time: 01:20:13s.  Time for last 10,000,000:  132s.  Last read position: chr3:101,373,154
INFO	2016-05-14 22:46:31	SortSam	Wrote    40,000,000 records from a sorting collection.  Elapsed time: 01:22:40s.  Time for last 10,000,000:  147s.  Last read position: chr5:1,081,773
INFO	2016-05-14 22:49:15	SortSam	Wrote    50,000,000 records from a sorting collection.  Elapsed time: 01:25:24s.  Time for last 10,000,000:  163s.  Last read position: chr6:41,126,507
INFO	2016-05-14 22:51:33	SortSam	Wrote    60,000,000 records from a sorting collection.  Elapsed time: 01:27:42s.  Time for last 10,000,000:  137s.  Last read position: chr7:150,665,668
INFO	2016-05-14 22:53:39	SortSam	Wrote    70,000,000 records from a sorting collection.  Elapsed time: 01:29:48s.  Time for last 10,000,000:  125s.  Last read position: chr10:27,350,069
INFO	2016-05-14 22:56:05	SortSam	Wrote    80,000,000 records from a sorting collection.  Elapsed time: 01:32:14s.  Time for last 10,000,000:  146s.  Last read position: chr11:93,480,497
INFO	2016-05-14 22:59:04	SortSam	Wrote    90,000,000 records from a sorting collection.  Elapsed time: 01:35:13s.  Time for last 10,000,000:  178s.  Last read position: chr13:43,181,300
INFO	2016-05-14 23:02:37	SortSam	Wrote   100,000,000 records from a sorting collection.  Elapsed time: 01:38:46s.  Time for last 10,000,000:  212s.  Last read position: chr16:2,849,231
INFO	2016-05-14 23:04:57	SortSam	Wrote   110,000,000 records from a sorting collection.  Elapsed time: 01:41:06s.  Time for last 10,000,000:  139s.  Last read position: chr17:73,753,235
INFO	2016-05-14 23:06:42	SortSam	Wrote   120,000,000 records from a sorting collection.  Elapsed time: 01:42:50s.  Time for last 10,000,000:  104s.  Last read position: chr20:2,635,316
INFO	2016-05-14 23:08:45	SortSam	Wrote   130,000,000 records from a sorting collection.  Elapsed time: 01:44:54s.  Time for last 10,000,000:  123s.  Last read position: chrX:107,439,800
[Sat May 14 23:09:25 EDT 2016] picard.sam.SortSam done. Elapsed time: 105.59 minutes.
Runtime.totalMemory()=1635778560
[Sat May 14 23:09:26 EDT 2016] picard.sam.markduplicates.MarkDuplicates INPUT=[p_DS_bkm_086-T/p_DS_bkm_086-T.sorted.bam] OUTPUT=p_DS_bkm_086-T/p_DS_bkm_086-T.sorted.MarkDup.bam METRICS_FILE=MarkDup_metrics TMP_DIR=[tmp] VALIDATION_STRINGENCY=SILENT CREATE_INDEX=true    MAX_SEQUENCES_FOR_DISK_READ_ENDS_MAP=50000 MAX_FILE_HANDLES_FOR_READ_ENDS_MAP=8000 SORTING_COLLECTION_SIZE_RATIO=0.25 REMOVE_SEQUENCING_DUPLICATES=false TAGGING_POLICY=DontTag REMOVE_DUPLICATES=false ASSUME_SORTED=false DUPLICATE_SCORING_STRATEGY=SUM_OF_BASE_QUALITIES PROGRAM_RECORD_ID=MarkDuplicates PROGRAM_GROUP_NAME=MarkDuplicates READ_NAME_REGEX=<optimized capture of last three ':' separated fields as numeric values> OPTICAL_DUPLICATE_PIXEL_DISTANCE=100 VERBOSITY=INFO QUIET=false COMPRESSION_LEVEL=5 MAX_RECORDS_IN_RAM=500000 CREATE_MD5_FILE=false GA4GH_CLIENT_SECRETS=client_secrets.json
[Sat May 14 23:09:26 EDT 2016] Executing as abdelrahman@compute-1-2.local on Linux 2.6.32-279.14.1.el6.x86_64 amd64; Java HotSpot(TM) 64-Bit Server VM 1.8.0_45-b14; Picard version: 2.3.0(9a00c87b7ffdb01cfb5a0d6e76556146196babb8_1463071327) IntelDeflater
INFO	2016-05-14 23:09:27	MarkDuplicates	Start of doWork freeMemory: 502229304; totalMemory: 506462208; maxMemory: 1908932608
INFO	2016-05-14 23:09:27	MarkDuplicates	Reading input file and constructing read end information.
INFO	2016-05-14 23:09:27	MarkDuplicates	Will retain up to 7342048 data points before spilling to disk.
INFO	2016-05-14 23:09:34	MarkDuplicates	Read     1,000,000 records.  Elapsed time: 00:00:07s.  Time for last 1,000,000:    7s.  Last read position: chr1:16,101,369
INFO	2016-05-14 23:09:34	MarkDuplicates	Tracking 2958 as yet unmatched pairs. 242 records in RAM.
INFO	2016-05-14 23:09:42	MarkDuplicates	Read     2,000,000 records.  Elapsed time: 00:00:14s.  Time for last 1,000,000:    7s.  Last read position: chr1:29,475,287
INFO	2016-05-14 23:09:42	MarkDuplicates	Tracking 5547 as yet unmatched pairs. 488 records in RAM.
INFO	2016-05-14 23:09:48	MarkDuplicates	Read     3,000,000 records.  Elapsed time: 00:00:20s.  Time for last 1,000,000:    6s.  Last read position: chr1:39,789,928
INFO	2016-05-14 23:09:48	MarkDuplicates	Tracking 7649 as yet unmatched pairs. 573 records in RAM.
INFO	2016-05-14 23:09:53	MarkDuplicates	Read     4,000,000 records.  Elapsed time: 00:00:26s.  Time for last 1,000,000:    5s.  Last read position: chr1:46,347,969
INFO	2016-05-14 23:09:53	MarkDuplicates	Tracking 9564 as yet unmatched pairs. 636 records in RAM.
INFO	2016-05-14 23:10:00	MarkDuplicates	Read     5,000,000 records.  Elapsed time: 00:00:32s.  Time for last 1,000,000:    6s.  Last read position: chr1:63,284,915
INFO	2016-05-14 23:10:00	MarkDuplicates	Tracking 11994 as yet unmatched pairs. 762 records in RAM.
INFO	2016-05-14 23:10:05	MarkDuplicates	Read     6,000,000 records.  Elapsed time: 00:00:37s.  Time for last 1,000,000:    5s.  Last read position: chr1:93,687,227
INFO	2016-05-14 23:10:05	MarkDuplicates	Tracking 15110 as yet unmatched pairs. 850 records in RAM.
INFO	2016-05-14 23:10:11	MarkDuplicates	Read     7,000,000 records.  Elapsed time: 00:00:43s.  Time for last 1,000,000:    6s.  Last read position: chr1:113,254,020
INFO	2016-05-14 23:10:11	MarkDuplicates	Tracking 17266 as yet unmatched pairs. 837 records in RAM.
INFO	2016-05-14 23:10:26	MarkDuplicates	Read     8,000,000 records.  Elapsed time: 00:00:58s.  Time for last 1,000,000:   14s.  Last read position: chr1:150,208,147
INFO	2016-05-14 23:10:26	MarkDuplicates	Tracking 20044 as yet unmatched pairs. 1008 records in RAM.
INFO	2016-05-14 23:10:31	MarkDuplicates	Read     9,000,000 records.  Elapsed time: 00:01:03s.  Time for last 1,000,000:    5s.  Last read position: chr1:154,919,971
INFO	2016-05-14 23:10:31	MarkDuplicates	Tracking 21332 as yet unmatched pairs. 780 records in RAM.
INFO	2016-05-14 23:10:37	MarkDuplicates	Read    10,000,000 records.  Elapsed time: 00:01:09s.  Time for last 1,000,000:    6s.  Last read position: chr1:159,751,039
INFO	2016-05-14 23:10:37	MarkDuplicates	Tracking 22638 as yet unmatched pairs. 736 records in RAM.
INFO	2016-05-14 23:10:43	MarkDuplicates	Read    11,000,000 records.  Elapsed time: 00:01:16s.  Time for last 1,000,000:    6s.  Last read position: chr1:173,174,498
INFO	2016-05-14 23:10:43	MarkDuplicates	Tracking 24576 as yet unmatched pairs. 689 records in RAM.
INFO	2016-05-14 23:10:50	MarkDuplicates	Read    12,000,000 records.  Elapsed time: 00:01:22s.  Time for last 1,000,000:    6s.  Last read position: chr1:197,890,386
INFO	2016-05-14 23:10:50	MarkDuplicates	Tracking 27150 as yet unmatched pairs. 528 records in RAM.
INFO	2016-05-14 23:10:55	MarkDuplicates	Read    13,000,000 records.  Elapsed time: 00:01:27s.  Time for last 1,000,000:    4s.  Last read position: chr1:210,415,307
INFO	2016-05-14 23:10:55	MarkDuplicates	Tracking 29068 as yet unmatched pairs. 432 records in RAM.
INFO	2016-05-14 23:11:00	MarkDuplicates	Read    14,000,000 records.  Elapsed time: 00:01:32s.  Time for last 1,000,000:    4s.  Last read position: chr1:231,700,483
INFO	2016-05-14 23:11:00	MarkDuplicates	Tracking 31582 as yet unmatched pairs. 234 records in RAM.
INFO	2016-05-14 23:11:26	MarkDuplicates	Read    15,000,000 records.  Elapsed time: 00:01:59s.  Time for last 1,000,000:   26s.  Last read position: chr2:11,358,453
INFO	2016-05-14 23:11:26	MarkDuplicates	Tracking 34746 as yet unmatched pairs. 4814 records in RAM.
INFO	2016-05-14 23:11:32	MarkDuplicates	Read    16,000,000 records.  Elapsed time: 00:02:04s.  Time for last 1,000,000:    5s.  Last read position: chr2:29,446,306
INFO	2016-05-14 23:11:32	MarkDuplicates	Tracking 36689 as yet unmatched pairs. 4869 records in RAM.
INFO	2016-05-14 23:11:39	MarkDuplicates	Read    17,000,000 records.  Elapsed time: 00:02:11s.  Time for last 1,000,000:    6s.  Last read position: chr2:55,479,474
INFO	2016-05-14 23:11:39	MarkDuplicates	Tracking 53958 as yet unmatched pairs. 3523 records in RAM.
INFO	2016-05-14 23:11:45	MarkDuplicates	Read    18,000,000 records.  Elapsed time: 00:02:17s.  Time for last 1,000,000:    6s.  Last read position: chr2:74,710,590
INFO	2016-05-14 23:11:45	MarkDuplicates	Tracking 55860 as yet unmatched pairs. 3314 records in RAM.
INFO	2016-05-14 23:11:51	MarkDuplicates	Read    19,000,000 records.  Elapsed time: 00:02:23s.  Time for last 1,000,000:    5s.  Last read position: chr2:99,238,018
INFO	2016-05-14 23:11:51	MarkDuplicates	Tracking 58304 as yet unmatched pairs. 3028 records in RAM.
INFO	2016-05-14 23:11:56	MarkDuplicates	Read    20,000,000 records.  Elapsed time: 00:02:28s.  Time for last 1,000,000:    4s.  Last read position: chr2:131,005,733
INFO	2016-05-14 23:11:56	MarkDuplicates	Tracking 61080 as yet unmatched pairs. 2624 records in RAM.
INFO	2016-05-14 23:12:02	MarkDuplicates	Read    21,000,000 records.  Elapsed time: 00:02:34s.  Time for last 1,000,000:    5s.  Last read position: chr2:165,244,260
INFO	2016-05-14 23:12:02	MarkDuplicates	Tracking 65021 as yet unmatched pairs. 2050 records in RAM.
INFO	2016-05-14 23:12:09	MarkDuplicates	Read    22,000,000 records.  Elapsed time: 00:02:41s.  Time for last 1,000,000:    6s.  Last read position: chr2:179,580,371
INFO	2016-05-14 23:12:09	MarkDuplicates	Tracking 66571 as yet unmatched pairs. 1688 records in RAM.
INFO	2016-05-14 23:12:22	MarkDuplicates	Read    23,000,000 records.  Elapsed time: 00:02:54s.  Time for last 1,000,000:   13s.  Last read position: chr2:202,900,990
INFO	2016-05-14 23:12:22	MarkDuplicates	Tracking 68412 as yet unmatched pairs. 1268 records in RAM.
INFO	2016-05-14 23:12:28	MarkDuplicates	Read    24,000,000 records.  Elapsed time: 00:03:00s.  Time for last 1,000,000:    5s.  Last read position: chr2:220,480,509
INFO	2016-05-14 23:12:28	MarkDuplicates	Tracking 69926 as yet unmatched pairs. 816 records in RAM.
INFO	2016-05-14 23:12:34	MarkDuplicates	Read    25,000,000 records.  Elapsed time: 00:03:07s.  Time for last 1,000,000:    6s.  Last read position: chr3:4,074,478
INFO	2016-05-14 23:12:34	MarkDuplicates	Tracking 71758 as yet unmatched pairs. 5687 records in RAM.
INFO	2016-05-14 23:12:41	MarkDuplicates	Read    26,000,000 records.  Elapsed time: 00:03:14s.  Time for last 1,000,000:    7s.  Last read position: chr3:27,439,246
INFO	2016-05-14 23:12:41	MarkDuplicates	Tracking 73505 as yet unmatched pairs. 5313 records in RAM.
INFO	2016-05-14 23:12:47	MarkDuplicates	Read    27,000,000 records.  Elapsed time: 00:03:19s.  Time for last 1,000,000:    5s.  Last read position: chr3:45,559,383
INFO	2016-05-14 23:12:47	MarkDuplicates	Tracking 74939 as yet unmatched pairs. 4947 records in RAM.
INFO	2016-05-14 23:12:53	MarkDuplicates	Read    28,000,000 records.  Elapsed time: 00:03:25s.  Time for last 1,000,000:    5s.  Last read position: chr3:49,759,753
INFO	2016-05-14 23:12:53	MarkDuplicates	Tracking 75859 as yet unmatched pairs. 4647 records in RAM.
INFO	2016-05-14 23:12:59	MarkDuplicates	Read    29,000,000 records.  Elapsed time: 00:03:31s.  Time for last 1,000,000:    6s.  Last read position: chr3:56,763,482
INFO	2016-05-14 23:12:59	MarkDuplicates	Tracking 76600 as yet unmatched pairs. 4220 records in RAM.
INFO	2016-05-14 23:13:28	MarkDuplicates	Read    30,000,000 records.  Elapsed time: 00:04:00s.  Time for last 1,000,000:   29s.  Last read position: chr3:101,373,154
INFO	2016-05-14 23:13:28	MarkDuplicates	Tracking 78935 as yet unmatched pairs. 3430 records in RAM.
INFO	2016-05-14 23:13:34	MarkDuplicates	Read    31,000,000 records.  Elapsed time: 00:04:06s.  Time for last 1,000,000:    5s.  Last read position: chr3:123,286,588
INFO	2016-05-14 23:13:34	MarkDuplicates	Tracking 80395 as yet unmatched pairs. 2945 records in RAM.
INFO	2016-05-14 23:13:39	MarkDuplicates	Read    32,000,000 records.  Elapsed time: 00:04:11s.  Time for last 1,000,000:    5s.  Last read position: chr3:135,181,988
INFO	2016-05-14 23:13:39	MarkDuplicates	Tracking 81236 as yet unmatched pairs. 2326 records in RAM.
INFO	2016-05-14 23:13:45	MarkDuplicates	Read    33,000,000 records.  Elapsed time: 00:04:17s.  Time for last 1,000,000:    6s.  Last read position: chr3:156,396,036
INFO	2016-05-14 23:13:45	MarkDuplicates	Tracking 82645 as yet unmatched pairs. 1748 records in RAM.
INFO	2016-05-14 23:13:51	MarkDuplicates	Read    34,000,000 records.  Elapsed time: 00:04:23s.  Time for last 1,000,000:    5s.  Last read position: chr3:183,824,114
INFO	2016-05-14 23:13:51	MarkDuplicates	Tracking 84264 as yet unmatched pairs. 842 records in RAM.
INFO	2016-05-14 23:13:57	MarkDuplicates	Read    35,000,000 records.  Elapsed time: 00:04:29s.  Time for last 1,000,000:    5s.  Last read position: chr3:195,968,693
INFO	2016-05-14 23:13:57	MarkDuplicates	Tracking 85244 as yet unmatched pairs. 220 records in RAM.
INFO	2016-05-14 23:14:03	MarkDuplicates	Read    36,000,000 records.  Elapsed time: 00:04:35s.  Time for last 1,000,000:    6s.  Last read position: chr4:8,607,815
INFO	2016-05-14 23:14:03	MarkDuplicates	Tracking 86069 as yet unmatched pairs. 5182 records in RAM.
INFO	2016-05-14 23:14:17	MarkDuplicates	Read    37,000,000 records.  Elapsed time: 00:04:49s.  Time for last 1,000,000:   14s.  Last read position: chr4:57,209,681
INFO	2016-05-14 23:14:17	MarkDuplicates	Tracking 88956 as yet unmatched pairs. 3927 records in RAM.
INFO	2016-05-14 23:14:22	MarkDuplicates	Read    38,000,000 records.  Elapsed time: 00:04:55s.  Time for last 1,000,000:    5s.  Last read position: chr4:93,225,879
INFO	2016-05-14 23:14:22	MarkDuplicates	Tracking 90696 as yet unmatched pairs. 2784 records in RAM.
INFO	2016-05-14 23:14:28	MarkDuplicates	Read    39,000,000 records.  Elapsed time: 00:05:00s.  Time for last 1,000,000:    5s.  Last read position: chr4:144,798,003
INFO	2016-05-14 23:14:28	MarkDuplicates	Tracking 92713 as yet unmatched pairs. 1368 records in RAM.
INFO	2016-05-14 23:14:34	MarkDuplicates	Read    40,000,000 records.  Elapsed time: 00:05:06s.  Time for last 1,000,000:    5s.  Last read position: chr5:1,081,773
INFO	2016-05-14 23:14:34	MarkDuplicates	Tracking 94282 as yet unmatched pairs. 6678 records in RAM.
INFO	2016-05-14 23:14:39	MarkDuplicates	Read    41,000,000 records.  Elapsed time: 00:05:11s.  Time for last 1,000,000:    5s.  Last read position: chr5:37,328,375
INFO	2016-05-14 23:14:39	MarkDuplicates	Tracking 95841 as yet unmatched pairs. 5609 records in RAM.
INFO	2016-05-14 23:14:46	MarkDuplicates	Read    42,000,000 records.  Elapsed time: 00:05:18s.  Time for last 1,000,000:    6s.  Last read position: chr5:76,173,473
INFO	2016-05-14 23:14:46	MarkDuplicates	Tracking 97264 as yet unmatched pairs. 4313 records in RAM.
INFO	2016-05-14 23:14:51	MarkDuplicates	Read    43,000,000 records.  Elapsed time: 00:05:23s.  Time for last 1,000,000:    5s.  Last read position: chr5:132,209,625
INFO	2016-05-14 23:14:51	MarkDuplicates	Tracking 98918 as yet unmatched pairs. 2777 records in RAM.
INFO	2016-05-14 23:14:57	MarkDuplicates	Read    44,000,000 records.  Elapsed time: 00:05:29s.  Time for last 1,000,000:    6s.  Last read position: chr5:140,921,688
INFO	2016-05-14 23:14:57	MarkDuplicates	Tracking 99454 as yet unmatched pairs. 2067 records in RAM.
INFO	2016-05-14 23:15:26	MarkDuplicates	Read    45,000,000 records.  Elapsed time: 00:05:58s.  Time for last 1,000,000:   28s.  Last read position: chr5:159,462,178
INFO	2016-05-14 23:15:26	MarkDuplicates	Tracking 100248 as yet unmatched pairs. 1214 records in RAM.
INFO	2016-05-14 23:15:31	MarkDuplicates	Read    46,000,000 records.  Elapsed time: 00:06:04s.  Time for last 1,000,000:    5s.  Last read position: chr5:179,848,703
INFO	2016-05-14 23:15:31	MarkDuplicates	Tracking 100897 as yet unmatched pairs. 96 records in RAM.
INFO	2016-05-14 23:15:37	MarkDuplicates	Read    47,000,000 records.  Elapsed time: 00:06:09s.  Time for last 1,000,000:    5s.  Last read position: chr6:20,402,572
INFO	2016-05-14 23:15:37	MarkDuplicates	Tracking 101806 as yet unmatched pairs. 7778 records in RAM.
INFO	2016-05-14 23:15:43	MarkDuplicates	Read    48,000,000 records.  Elapsed time: 00:06:15s.  Time for last 1,000,000:    5s.  Last read position: chr6:30,863,198
INFO	2016-05-14 23:15:43	MarkDuplicates	Tracking 102239 as yet unmatched pairs. 6983 records in RAM.
INFO	2016-05-14 23:15:48	MarkDuplicates	Read    49,000,000 records.  Elapsed time: 00:06:20s.  Time for last 1,000,000:    5s.  Last read position: chr6:32,945,629
INFO	2016-05-14 23:15:48	MarkDuplicates	Tracking 102474 as yet unmatched pairs. 6539 records in RAM.
INFO	2016-05-14 23:15:54	MarkDuplicates	Read    50,000,000 records.  Elapsed time: 00:06:26s.  Time for last 1,000,000:    5s.  Last read position: chr6:41,126,507
INFO	2016-05-14 23:15:54	MarkDuplicates	Tracking 102756 as yet unmatched pairs. 5823 records in RAM.
INFO	2016-05-14 23:15:59	MarkDuplicates	Read    51,000,000 records.  Elapsed time: 00:06:31s.  Time for last 1,000,000:    5s.  Last read position: chr6:52,930,502
INFO	2016-05-14 23:15:59	MarkDuplicates	Tracking 103167 as yet unmatched pairs. 5085 records in RAM.
INFO	2016-05-14 23:16:14	MarkDuplicates	Read    52,000,000 records.  Elapsed time: 00:06:46s.  Time for last 1,000,000:   14s.  Last read position: chr6:90,368,507
INFO	2016-05-14 23:16:14	MarkDuplicates	Tracking 103935 as yet unmatched pairs. 3819 records in RAM.
INFO	2016-05-14 23:16:19	MarkDuplicates	Read    53,000,000 records.  Elapsed time: 00:06:51s.  Time for last 1,000,000:    5s.  Last read position: chr6:131,921,238
INFO	2016-05-14 23:16:19	MarkDuplicates	Tracking 104540 as yet unmatched pairs. 2264 records in RAM.
INFO	2016-05-14 23:16:25	MarkDuplicates	Read    54,000,000 records.  Elapsed time: 00:06:57s.  Time for last 1,000,000:    5s.  Last read position: chr6:159,398,790
INFO	2016-05-14 23:16:25	MarkDuplicates	Tracking 105045 as yet unmatched pairs. 861 records in RAM.
INFO	2016-05-14 23:16:31	MarkDuplicates	Read    55,000,000 records.  Elapsed time: 00:07:03s.  Time for last 1,000,000:    5s.  Last read position: chr7:23,775,209
INFO	2016-05-14 23:16:31	MarkDuplicates	Tracking 105410 as yet unmatched pairs. 8206 records in RAM.
INFO	2016-05-14 23:16:36	MarkDuplicates	Read    56,000,000 records.  Elapsed time: 00:07:08s.  Time for last 1,000,000:    5s.  Last read position: chr7:73,500,063
INFO	2016-05-14 23:16:36	MarkDuplicates	Tracking 106255 as yet unmatched pairs. 6156 records in RAM.
INFO	2016-05-14 23:16:43	MarkDuplicates	Read    57,000,000 records.  Elapsed time: 00:07:15s.  Time for last 1,000,000:    6s.  Last read position: chr7:98,984,301
INFO	2016-05-14 23:16:43	MarkDuplicates	Tracking 106631 as yet unmatched pairs. 4689 records in RAM.
INFO	2016-05-14 23:16:48	MarkDuplicates	Read    58,000,000 records.  Elapsed time: 00:07:20s.  Time for last 1,000,000:    5s.  Last read position: chr7:106,827,007
INFO	2016-05-14 23:16:48	MarkDuplicates	Tracking 106795 as yet unmatched pairs. 3708 records in RAM.
INFO	2016-05-14 23:16:54	MarkDuplicates	Read    59,000,000 records.  Elapsed time: 00:07:26s.  Time for last 1,000,000:    5s.  Last read position: chr7:134,223,577
INFO	2016-05-14 23:16:54	MarkDuplicates	Tracking 107037 as yet unmatched pairs. 1991 records in RAM.
INFO	2016-05-14 23:17:20	MarkDuplicates	Read    60,000,000 records.  Elapsed time: 00:07:52s.  Time for last 1,000,000:   26s.  Last read position: chr7:150,665,668
INFO	2016-05-14 23:17:20	MarkDuplicates	Tracking 107155 as yet unmatched pairs. 717 records in RAM.
INFO	2016-05-14 23:17:29	MarkDuplicates	Read    61,000,000 records.  Elapsed time: 00:08:01s.  Time for last 1,000,000:    8s.  Last read position: chr8:28,413,181
INFO	2016-05-14 23:17:29	MarkDuplicates	Tracking 107178 as yet unmatched pairs. 7001 records in RAM.
INFO	2016-05-14 23:17:34	MarkDuplicates	Read    62,000,000 records.  Elapsed time: 00:08:07s.  Time for last 1,000,000:    5s.  Last read position: chr8:67,061,948
INFO	2016-05-14 23:17:34	MarkDuplicates	Tracking 107392 as yet unmatched pairs. 5151 records in RAM.
INFO	2016-05-14 23:17:40	MarkDuplicates	Read    63,000,000 records.  Elapsed time: 00:08:12s.  Time for last 1,000,000:    5s.  Last read position: chr8:98,949,866
INFO	2016-05-14 23:17:40	MarkDuplicates	Tracking 107418 as yet unmatched pairs. 3342 records in RAM.
INFO	2016-05-14 23:17:45	MarkDuplicates	Read    64,000,000 records.  Elapsed time: 00:08:17s.  Time for last 1,000,000:    5s.  Last read position: chr8:126,448,623
INFO	2016-05-14 23:17:45	MarkDuplicates	Tracking 107527 as yet unmatched pairs. 1842 records in RAM.
INFO	2016-05-14 23:17:51	MarkDuplicates	Read    65,000,000 records.  Elapsed time: 00:08:23s.  Time for last 1,000,000:    5s.  Last read position: chr8:145,218,632
INFO	2016-05-14 23:17:51	MarkDuplicates	Tracking 107301 as yet unmatched pairs. 383 records in RAM.
INFO	2016-05-14 23:17:58	MarkDuplicates	Read    66,000,000 records.  Elapsed time: 00:08:30s.  Time for last 1,000,000:    7s.  Last read position: chr9:34,269,255
INFO	2016-05-14 23:17:58	MarkDuplicates	Tracking 106790 as yet unmatched pairs. 5592 records in RAM.
INFO	2016-05-14 23:18:12	MarkDuplicates	Read    67,000,000 records.  Elapsed time: 00:08:44s.  Time for last 1,000,000:   13s.  Last read position: chr9:96,025,736
INFO	2016-05-14 23:18:12	MarkDuplicates	Tracking 106511 as yet unmatched pairs. 3307 records in RAM.
INFO	2016-05-14 23:18:17	MarkDuplicates	Read    68,000,000 records.  Elapsed time: 00:08:49s.  Time for last 1,000,000:    5s.  Last read position: chr9:127,289,221
INFO	2016-05-14 23:18:17	MarkDuplicates	Tracking 106133 as yet unmatched pairs. 1517 records in RAM.
INFO	2016-05-14 23:18:22	MarkDuplicates	Read    69,000,000 records.  Elapsed time: 00:08:54s.  Time for last 1,000,000:    5s.  Last read position: chr9:139,840,665
INFO	2016-05-14 23:18:22	MarkDuplicates	Tracking 105802 as yet unmatched pairs. 268 records in RAM.
INFO	2016-05-14 23:18:29	MarkDuplicates	Read    70,000,000 records.  Elapsed time: 00:09:01s.  Time for last 1,000,000:    7s.  Last read position: chr10:27,350,069
INFO	2016-05-14 23:18:29	MarkDuplicates	Tracking 105150 as yet unmatched pairs. 8629 records in RAM.
INFO	2016-05-14 23:18:35	MarkDuplicates	Read    71,000,000 records.  Elapsed time: 00:09:07s.  Time for last 1,000,000:    5s.  Last read position: chr10:61,828,567
INFO	2016-05-14 23:18:35	MarkDuplicates	Tracking 104793 as yet unmatched pairs. 6043 records in RAM.
INFO	2016-05-14 23:18:41	MarkDuplicates	Read    72,000,000 records.  Elapsed time: 00:09:13s.  Time for last 1,000,000:    5s.  Last read position: chr10:76,868,678
INFO	2016-05-14 23:18:41	MarkDuplicates	Tracking 104399 as yet unmatched pairs. 4748 records in RAM.
INFO	2016-05-14 23:18:46	MarkDuplicates	Read    73,000,000 records.  Elapsed time: 00:09:18s.  Time for last 1,000,000:    5s.  Last read position: chr10:101,122,077
INFO	2016-05-14 23:18:46	MarkDuplicates	Tracking 103808 as yet unmatched pairs. 3002 records in RAM.
INFO	2016-05-14 23:18:52	MarkDuplicates	Read    74,000,000 records.  Elapsed time: 00:09:24s.  Time for last 1,000,000:    5s.  Last read position: chr10:119,805,695
INFO	2016-05-14 23:18:52	MarkDuplicates	Tracking 103192 as yet unmatched pairs. 1174 records in RAM.
INFO	2016-05-14 23:19:22	MarkDuplicates	Read    75,000,000 records.  Elapsed time: 00:09:54s.  Time for last 1,000,000:   30s.  Last read position: chr11:3,243,145
INFO	2016-05-14 23:19:22	MarkDuplicates	Tracking 102443 as yet unmatched pairs. 10529 records in RAM.
INFO	2016-05-14 23:19:27	MarkDuplicates	Read    76,000,000 records.  Elapsed time: 00:09:59s.  Time for last 1,000,000:    5s.  Last read position: chr11:32,874,764
INFO	2016-05-14 23:19:27	MarkDuplicates	Tracking 101666 as yet unmatched pairs. 8598 records in RAM.
INFO	2016-05-14 23:19:34	MarkDuplicates	Read    77,000,000 records.  Elapsed time: 00:10:06s.  Time for last 1,000,000:    6s.  Last read position: chr11:60,776,037
INFO	2016-05-14 23:19:34	MarkDuplicates	Tracking 101134 as yet unmatched pairs. 6883 records in RAM.
INFO	2016-05-14 23:19:39	MarkDuplicates	Read    78,000,000 records.  Elapsed time: 00:10:11s.  Time for last 1,000,000:    5s.  Last read position: chr11:64,981,554
INFO	2016-05-14 23:19:39	MarkDuplicates	Tracking 100781 as yet unmatched pairs. 5992 records in RAM.
INFO	2016-05-14 23:19:44	MarkDuplicates	Read    79,000,000 records.  Elapsed time: 00:10:16s.  Time for last 1,000,000:    5s.  Last read position: chr11:70,052,197
INFO	2016-05-14 23:19:44	MarkDuplicates	Tracking 100351 as yet unmatched pairs. 5080 records in RAM.
INFO	2016-05-14 23:19:51	MarkDuplicates	Read    80,000,000 records.  Elapsed time: 00:10:23s.  Time for last 1,000,000:    6s.  Last read position: chr11:93,480,497
INFO	2016-05-14 23:19:51	MarkDuplicates	Tracking 99621 as yet unmatched pairs. 3334 records in RAM.
INFO	2016-05-14 23:19:56	MarkDuplicates	Read    81,000,000 records.  Elapsed time: 00:10:28s.  Time for last 1,000,000:    5s.  Last read position: chr11:117,309,530
INFO	2016-05-14 23:19:56	MarkDuplicates	Tracking 98891 as yet unmatched pairs. 1568 records in RAM.
INFO	2016-05-14 23:20:11	MarkDuplicates	Read    82,000,000 records.  Elapsed time: 00:10:43s.  Time for last 1,000,000:   14s.  Last read position: chr11:130,029,878
INFO	2016-05-14 23:20:11	MarkDuplicates	Tracking 98300 as yet unmatched pairs. 252 records in RAM.
INFO	2016-05-14 23:20:16	MarkDuplicates	Read    83,000,000 records.  Elapsed time: 00:10:48s.  Time for last 1,000,000:    5s.  Last read position: chr12:7,241,501
INFO	2016-05-14 23:20:16	MarkDuplicates	Tracking 97610 as yet unmatched pairs. 12141 records in RAM.
INFO	2016-05-14 23:20:21	MarkDuplicates	Read    84,000,000 records.  Elapsed time: 00:10:53s.  Time for last 1,000,000:    5s.  Last read position: chr12:27,809,642
INFO	2016-05-14 23:20:21	MarkDuplicates	Tracking 96815 as yet unmatched pairs. 10419 records in RAM.
INFO	2016-05-14 23:20:27	MarkDuplicates	Read    85,000,000 records.  Elapsed time: 00:10:59s.  Time for last 1,000,000:    5s.  Last read position: chr12:49,943,975
INFO	2016-05-14 23:20:27	MarkDuplicates	Tracking 95747 as yet unmatched pairs. 8503 records in RAM.
INFO	2016-05-14 23:20:33	MarkDuplicates	Read    86,000,000 records.  Elapsed time: 00:11:05s.  Time for last 1,000,000:    5s.  Last read position: chr12:55,726,192
INFO	2016-05-14 23:20:33	MarkDuplicates	Tracking 95164 as yet unmatched pairs. 7401 records in RAM.
INFO	2016-05-14 23:20:38	MarkDuplicates	Read    87,000,000 records.  Elapsed time: 00:11:10s.  Time for last 1,000,000:    5s.  Last read position: chr12:62,871,985
INFO	2016-05-14 23:20:38	MarkDuplicates	Tracking 94538 as yet unmatched pairs. 6314 records in RAM.
INFO	2016-05-14 23:20:44	MarkDuplicates	Read    88,000,000 records.  Elapsed time: 00:11:16s.  Time for last 1,000,000:    5s.  Last read position: chr12:104,725,263
INFO	2016-05-14 23:20:44	MarkDuplicates	Tracking 92641 as yet unmatched pairs. 2785 records in RAM.
INFO	2016-05-14 23:20:58	MarkDuplicates	Read    89,000,000 records.  Elapsed time: 00:11:30s.  Time for last 1,000,000:   14s.  Last read position: chr12:124,364,197
INFO	2016-05-14 23:20:58	MarkDuplicates	Tracking 91525 as yet unmatched pairs. 718 records in RAM.
INFO	2016-05-14 23:21:16	MarkDuplicates	Read    90,000,000 records.  Elapsed time: 00:11:48s.  Time for last 1,000,000:   18s.  Last read position: chr13:43,181,300
INFO	2016-05-14 23:21:16	MarkDuplicates	Tracking 90063 as yet unmatched pairs. 4144 records in RAM.
INFO	2016-05-14 23:21:22	MarkDuplicates	Read    91,000,000 records.  Elapsed time: 00:11:54s.  Time for last 1,000,000:    5s.  Last read position: chr13:103,400,728
INFO	2016-05-14 23:21:22	MarkDuplicates	Tracking 88062 as yet unmatched pairs. 813 records in RAM.
INFO	2016-05-14 23:21:27	MarkDuplicates	Read    92,000,000 records.  Elapsed time: 00:11:59s.  Time for last 1,000,000:    5s.  Last read position: chr14:24,588,758
INFO	2016-05-14 23:21:27	MarkDuplicates	Tracking 87116 as yet unmatched pairs. 6736 records in RAM.
INFO	2016-05-14 23:21:32	MarkDuplicates	Read    93,000,000 records.  Elapsed time: 00:12:05s.  Time for last 1,000,000:    5s.  Last read position: chr14:62,162,370
INFO	2016-05-14 23:21:32	MarkDuplicates	Tracking 85513 as yet unmatched pairs. 4197 records in RAM.
INFO	2016-05-14 23:21:38	MarkDuplicates	Read    94,000,000 records.  Elapsed time: 00:12:10s.  Time for last 1,000,000:    5s.  Last read position: chr14:93,418,304
INFO	2016-05-14 23:21:38	MarkDuplicates	Tracking 83752 as yet unmatched pairs. 1417 records in RAM.
INFO	2016-05-14 23:21:45	MarkDuplicates	Read    95,000,000 records.  Elapsed time: 00:12:17s.  Time for last 1,000,000:    7s.  Last read position: chr15:34,396,381
INFO	2016-05-14 23:21:45	MarkDuplicates	Tracking 82165 as yet unmatched pairs. 8242 records in RAM.
INFO	2016-05-14 23:21:50	MarkDuplicates	Read    96,000,000 records.  Elapsed time: 00:12:22s.  Time for last 1,000,000:    5s.  Last read position: chr15:45,387,036
INFO	2016-05-14 23:21:50	MarkDuplicates	Tracking 81102 as yet unmatched pairs. 6680 records in RAM.
INFO	2016-05-14 23:22:06	MarkDuplicates	Read    97,000,000 records.  Elapsed time: 00:12:39s.  Time for last 1,000,000:   16s.  Last read position: chr15:65,917,709
INFO	2016-05-14 23:22:06	MarkDuplicates	Tracking 79447 as yet unmatched pairs. 4246 records in RAM.
INFO	2016-05-14 23:22:12	MarkDuplicates	Read    98,000,000 records.  Elapsed time: 00:12:44s.  Time for last 1,000,000:    5s.  Last read position: chr15:81,571,874
INFO	2016-05-14 23:22:12	MarkDuplicates	Tracking 78027 as yet unmatched pairs. 2199 records in RAM.
INFO	2016-05-14 23:22:17	MarkDuplicates	Read    99,000,000 records.  Elapsed time: 00:12:49s.  Time for last 1,000,000:    5s.  Last read position: chr15:101,454,899
INFO	2016-05-14 23:22:17	MarkDuplicates	Tracking 76640 as yet unmatched pairs. 171 records in RAM.
INFO	2016-05-14 23:22:23	MarkDuplicates	Read   100,000,000 records.  Elapsed time: 00:12:55s.  Time for last 1,000,000:    5s.  Last read position: chr16:2,849,231
INFO	2016-05-14 23:22:23	MarkDuplicates	Tracking 75728 as yet unmatched pairs. 11582 records in RAM.
INFO	2016-05-14 23:22:29	MarkDuplicates	Read   101,000,000 records.  Elapsed time: 00:13:01s.  Time for last 1,000,000:    6s.  Last read position: chr16:19,557,738
INFO	2016-05-14 23:22:29	MarkDuplicates	Tracking 73606 as yet unmatched pairs. 8890 records in RAM.
INFO	2016-05-14 23:22:36	MarkDuplicates	Read   102,000,000 records.  Elapsed time: 00:13:08s.  Time for last 1,000,000:    6s.  Last read position: chr16:31,228,293
INFO	2016-05-14 23:22:36	MarkDuplicates	Tracking 71530 as yet unmatched pairs. 6083 records in RAM.
INFO	2016-05-14 23:22:40	MarkDuplicates	Read   103,000,000 records.  Elapsed time: 00:13:12s.  Time for last 1,000,000:    4s.  Last read position: chr16:68,119,736
INFO	2016-05-14 23:22:40	MarkDuplicates	Tracking 69365 as yet unmatched pairs. 2962 records in RAM.
INFO	2016-05-14 23:22:55	MarkDuplicates	Read   104,000,000 records.  Elapsed time: 00:13:27s.  Time for last 1,000,000:   14s.  Last read position: chr17:914,038
INFO	2016-05-14 23:22:55	MarkDuplicates	Tracking 67020 as yet unmatched pairs. 13871 records in RAM.
INFO	2016-05-14 23:23:14	MarkDuplicates	Read   105,000,000 records.  Elapsed time: 00:13:46s.  Time for last 1,000,000:   19s.  Last read position: chr17:7,827,138
INFO	2016-05-14 23:23:14	MarkDuplicates	Tracking 65786 as yet unmatched pairs. 12359 records in RAM.
INFO	2016-05-14 23:23:19	MarkDuplicates	Read   106,000,000 records.  Elapsed time: 00:13:51s.  Time for last 1,000,000:    5s.  Last read position: chr17:27,939,455
INFO	2016-05-14 23:23:19	MarkDuplicates	Tracking 64146 as yet unmatched pairs. 10259 records in RAM.
INFO	2016-05-14 23:23:24	MarkDuplicates	Read   107,000,000 records.  Elapsed time: 00:13:57s.  Time for last 1,000,000:    5s.  Last read position: chr17:40,705,162
INFO	2016-05-14 23:23:24	MarkDuplicates	Tracking 62160 as yet unmatched pairs. 7852 records in RAM.
INFO	2016-05-14 23:23:29	MarkDuplicates	Read   108,000,000 records.  Elapsed time: 00:14:02s.  Time for last 1,000,000:    5s.  Last read position: chr17:48,683,280
INFO	2016-05-14 23:23:29	MarkDuplicates	Tracking 60733 as yet unmatched pairs. 6120 records in RAM.
INFO	2016-05-14 23:23:36	MarkDuplicates	Read   109,000,000 records.  Elapsed time: 00:14:08s.  Time for last 1,000,000:    6s.  Last read position: chr17:62,041,798
INFO	2016-05-14 23:23:36	MarkDuplicates	Tracking 59097 as yet unmatched pairs. 4160 records in RAM.
INFO	2016-05-14 23:23:41	MarkDuplicates	Read   110,000,000 records.  Elapsed time: 00:14:14s.  Time for last 1,000,000:    5s.  Last read position: chr17:73,753,235
INFO	2016-05-14 23:23:41	MarkDuplicates	Tracking 57485 as yet unmatched pairs. 2158 records in RAM.
INFO	2016-05-14 23:23:54	MarkDuplicates	Read   111,000,000 records.  Elapsed time: 00:14:27s.  Time for last 1,000,000:   13s.  Last read position: chr17:79,781,312
INFO	2016-05-14 23:23:54	MarkDuplicates	Tracking 56149 as yet unmatched pairs. 552 records in RAM.
INFO	2016-05-14 23:24:00	MarkDuplicates	Read   112,000,000 records.  Elapsed time: 00:14:32s.  Time for last 1,000,000:    5s.  Last read position: chr18:19,283,495
INFO	2016-05-14 23:24:00	MarkDuplicates	Tracking 53983 as yet unmatched pairs. 4993 records in RAM.
INFO	2016-05-14 23:24:05	MarkDuplicates	Read   113,000,000 records.  Elapsed time: 00:14:37s.  Time for last 1,000,000:    5s.  Last read position: chr18:54,814,761
INFO	2016-05-14 23:24:05	MarkDuplicates	Tracking 51094 as yet unmatched pairs. 1614 records in RAM.
INFO	2016-05-14 23:24:12	MarkDuplicates	Read   114,000,000 records.  Elapsed time: 00:14:44s.  Time for last 1,000,000:    7s.  Last read position: chr19:6,469,693
INFO	2016-05-14 23:24:12	MarkDuplicates	Tracking 48402 as yet unmatched pairs. 11820 records in RAM.
INFO	2016-05-14 23:24:18	MarkDuplicates	Read   115,000,000 records.  Elapsed time: 00:14:50s.  Time for last 1,000,000:    5s.  Last read position: chr19:12,976,775
INFO	2016-05-14 23:24:18	MarkDuplicates	Tracking 46720 as yet unmatched pairs. 9934 records in RAM.
INFO	2016-05-14 23:24:23	MarkDuplicates	Read   116,000,000 records.  Elapsed time: 00:14:55s.  Time for last 1,000,000:    5s.  Last read position: chr19:18,376,491
INFO	2016-05-14 23:24:23	MarkDuplicates	Tracking 45122 as yet unmatched pairs. 8183 records in RAM.
INFO	2016-05-14 23:24:28	MarkDuplicates	Read   117,000,000 records.  Elapsed time: 00:15:00s.  Time for last 1,000,000:    5s.  Last read position: chr19:37,879,712
INFO	2016-05-14 23:24:28	MarkDuplicates	Tracking 42558 as yet unmatched pairs. 5345 records in RAM.
INFO	2016-05-14 23:24:35	MarkDuplicates	Read   118,000,000 records.  Elapsed time: 00:15:07s.  Time for last 1,000,000:    6s.  Last read position: chr19:45,284,199
INFO	2016-05-14 23:24:35	MarkDuplicates	Tracking 40978 as yet unmatched pairs. 3571 records in RAM.
INFO	2016-05-14 23:24:49	MarkDuplicates	Read   119,000,000 records.  Elapsed time: 00:15:21s.  Time for last 1,000,000:   14s.  Last read position: chr19:51,919,458
INFO	2016-05-14 23:24:49	MarkDuplicates	Tracking 39192 as yet unmatched pairs. 1583 records in RAM.
INFO	2016-05-14 23:25:07	MarkDuplicates	Read   120,000,000 records.  Elapsed time: 00:15:39s.  Time for last 1,000,000:   18s.  Last read position: chr20:2,635,316
INFO	2016-05-14 23:25:07	MarkDuplicates	Tracking 37393 as yet unmatched pairs. 9598 records in RAM.
INFO	2016-05-14 23:25:13	MarkDuplicates	Read   121,000,000 records.  Elapsed time: 00:15:45s.  Time for last 1,000,000:    5s.  Last read position: chr20:19,910,901
INFO	2016-05-14 23:25:13	MarkDuplicates	Tracking 35153 as yet unmatched pairs. 7175 records in RAM.
INFO	2016-05-14 23:25:20	MarkDuplicates	Read   122,000,000 records.  Elapsed time: 00:15:52s.  Time for last 1,000,000:    7s.  Last read position: chr20:35,939,975
INFO	2016-05-14 23:25:20	MarkDuplicates	Tracking 32437 as yet unmatched pairs. 4113 records in RAM.
INFO	2016-05-14 23:25:25	MarkDuplicates	Read   123,000,000 records.  Elapsed time: 00:15:57s.  Time for last 1,000,000:    4s.  Last read position: chr20:52,189,516
INFO	2016-05-14 23:25:25	MarkDuplicates	Tracking 30223 as yet unmatched pairs. 1734 records in RAM.
INFO	2016-05-14 23:25:31	MarkDuplicates	Read   124,000,000 records.  Elapsed time: 00:16:03s.  Time for last 1,000,000:    5s.  Last read position: chr21:19,732,157
INFO	2016-05-14 23:25:31	MarkDuplicates	Tracking 27611 as yet unmatched pairs. 3280 records in RAM.
INFO	2016-05-14 23:25:36	MarkDuplicates	Read   125,000,000 records.  Elapsed time: 00:16:08s.  Time for last 1,000,000:    5s.  Last read position: chr21:46,020,006
INFO	2016-05-14 23:25:36	MarkDuplicates	Tracking 24917 as yet unmatched pairs. 413 records in RAM.
INFO	2016-05-14 23:25:49	MarkDuplicates	Read   126,000,000 records.  Elapsed time: 00:16:21s.  Time for last 1,000,000:   13s.  Last read position: chr22:30,683,335
INFO	2016-05-14 23:25:49	MarkDuplicates	Tracking 22546 as yet unmatched pairs. 3287 records in RAM.
INFO	2016-05-14 23:25:55	MarkDuplicates	Read   127,000,000 records.  Elapsed time: 00:16:27s.  Time for last 1,000,000:    5s.  Last read position: chr22:45,596,705
INFO	2016-05-14 23:25:55	MarkDuplicates	Tracking 20180 as yet unmatched pairs. 798 records in RAM.
INFO	2016-05-14 23:26:00	MarkDuplicates	Read   128,000,000 records.  Elapsed time: 00:16:32s.  Time for last 1,000,000:    5s.  Last read position: chrX:26,235,726
INFO	2016-05-14 23:26:00	MarkDuplicates	Tracking 16677 as yet unmatched pairs. 13095 records in RAM.
INFO	2016-05-14 23:26:06	MarkDuplicates	Read   129,000,000 records.  Elapsed time: 00:16:38s.  Time for last 1,000,000:    5s.  Last read position: chrX:64,708,735
INFO	2016-05-14 23:26:06	MarkDuplicates	Tracking 13021 as yet unmatched pairs. 9425 records in RAM.
INFO	2016-05-14 23:26:11	MarkDuplicates	Read   130,000,000 records.  Elapsed time: 00:16:43s.  Time for last 1,000,000:    5s.  Last read position: chrX:107,439,800
INFO	2016-05-14 23:26:11	MarkDuplicates	Tracking 8914 as yet unmatched pairs. 5278 records in RAM.
INFO	2016-05-14 23:26:17	MarkDuplicates	Read   131,000,000 records.  Elapsed time: 00:16:49s.  Time for last 1,000,000:    5s.  Last read position: chrX:151,131,010
INFO	2016-05-14 23:26:17	MarkDuplicates	Tracking 4570 as yet unmatched pairs. 907 records in RAM.
INFO	2016-05-14 23:26:20	MarkDuplicates	Read 131538523 records. 0 pairs never matched.
INFO	2016-05-14 23:26:37	MarkDuplicates	After buildSortedReadEndLists freeMemory: 1817576752; totalMemory: 1832386560; maxMemory: 1908932608
INFO	2016-05-14 23:26:37	MarkDuplicates	Will retain up to 59654144 duplicate indices before spilling to disk.
INFO	2016-05-14 23:26:37	MarkDuplicates	Traversing read pair information and detecting duplicates.
INFO	2016-05-14 23:27:31	MarkDuplicates	Traversing fragment information and detecting duplicates.
INFO	2016-05-14 23:29:01	MarkDuplicates	Sorting list of duplicate records.
INFO	2016-05-14 23:29:02	MarkDuplicates	After generateDuplicateIndexes freeMemory: 1378129512; totalMemory: 1871183872; maxMemory: 1908932608
INFO	2016-05-14 23:29:02	MarkDuplicates	Marking 13862230 records as duplicates.
INFO	2016-05-14 23:29:02	MarkDuplicates	Found 2101 optical duplicate clusters.
INFO	2016-05-14 23:29:02	MarkDuplicates	Reads are assumed to be ordered by: coordinate
INFO	2016-05-14 23:31:48	MarkDuplicates	Written    10,000,000 records.  Elapsed time: 00:02:45s.  Time for last 10,000,000:  165s.  Last read position: chr1:159,751,039
INFO	2016-05-14 23:34:42	MarkDuplicates	Written    20,000,000 records.  Elapsed time: 00:05:39s.  Time for last 10,000,000:  174s.  Last read position: chr2:131,005,733
INFO	2016-05-14 23:37:35	MarkDuplicates	Written    30,000,000 records.  Elapsed time: 00:08:33s.  Time for last 10,000,000:  173s.  Last read position: chr3:101,373,154
INFO	2016-05-14 23:40:30	MarkDuplicates	Written    40,000,000 records.  Elapsed time: 00:11:28s.  Time for last 10,000,000:  174s.  Last read position: chr5:1,081,773
INFO	2016-05-14 23:43:25	MarkDuplicates	Written    50,000,000 records.  Elapsed time: 00:14:23s.  Time for last 10,000,000:  175s.  Last read position: chr6:41,126,507
INFO	2016-05-14 23:46:10	MarkDuplicates	Written    60,000,000 records.  Elapsed time: 00:17:08s.  Time for last 10,000,000:  164s.  Last read position: chr7:150,665,668
INFO	2016-05-14 23:49:06	MarkDuplicates	Written    70,000,000 records.  Elapsed time: 00:20:03s.  Time for last 10,000,000:  175s.  Last read position: chr10:27,350,069
INFO	2016-05-14 23:51:53	MarkDuplicates	Written    80,000,000 records.  Elapsed time: 00:22:50s.  Time for last 10,000,000:  166s.  Last read position: chr11:93,480,497
INFO	2016-05-14 23:54:32	MarkDuplicates	Written    90,000,000 records.  Elapsed time: 00:25:30s.  Time for last 10,000,000:  159s.  Last read position: chr13:43,181,300
INFO	2016-05-14 23:57:23	MarkDuplicates	Written   100,000,000 records.  Elapsed time: 00:28:21s.  Time for last 10,000,000:  171s.  Last read position: chr16:2,849,231
INFO	2016-05-15 00:00:01	MarkDuplicates	Written   110,000,000 records.  Elapsed time: 00:30:58s.  Time for last 10,000,000:  157s.  Last read position: chr17:73,753,235
INFO	2016-05-15 00:02:30	MarkDuplicates	Written   120,000,000 records.  Elapsed time: 00:33:28s.  Time for last 10,000,000:  149s.  Last read position: chr20:2,635,316
INFO	2016-05-15 00:05:07	MarkDuplicates	Written   130,000,000 records.  Elapsed time: 00:36:04s.  Time for last 10,000,000:  156s.  Last read position: chrX:107,439,800
INFO	2016-05-15 00:05:50	MarkDuplicates	Before output close freeMemory: 1297666336; totalMemory: 1303379968; maxMemory: 1908932608
INFO	2016-05-15 00:05:52	MarkDuplicates	After output close freeMemory: 1297139256; totalMemory: 1302855680; maxMemory: 1908932608
[Sun May 15 00:05:53 EDT 2016] picard.sam.markduplicates.MarkDuplicates done. Elapsed time: 56.44 minutes.
Runtime.totalMemory()=1302855680
[Sun May 15 00:05:54 EDT 2016] picard.sam.AddOrReplaceReadGroups INPUT=p_DS_bkm_086-T/p_DS_bkm_086-T.sorted.MarkDup.bam OUTPUT=p_DS_bkm_086-T/p_DS_bkm_086-T.sorted.MarkDup.fixed.bam SORT_ORDER=coordinate RGID=id RGLB=bar RGPL=Illumina RGPU=platform RGSM=sample1 TMP_DIR=[tmp] VALIDATION_STRINGENCY=SILENT CREATE_INDEX=true    VERBOSITY=INFO QUIET=false COMPRESSION_LEVEL=5 MAX_RECORDS_IN_RAM=500000 CREATE_MD5_FILE=false GA4GH_CLIENT_SECRETS=client_secrets.json
[Sun May 15 00:05:54 EDT 2016] Executing as abdelrahman@compute-1-2.local on Linux 2.6.32-279.14.1.el6.x86_64 amd64; Java HotSpot(TM) 64-Bit Server VM 1.8.0_45-b14; Picard version: 2.3.0(9a00c87b7ffdb01cfb5a0d6e76556146196babb8_1463071327) IntelDeflater
INFO	2016-05-15 00:05:54	AddOrReplaceReadGroups	Created read group ID=id PL=Illumina LB=bar SM=sample1

INFO	2016-05-15 00:06:09	AddOrReplaceReadGroups	Processed     1,000,000 records.  Elapsed time: 00:00:15s.  Time for last 1,000,000:   15s.  Last read position: chr1:16,101,369
INFO	2016-05-15 00:06:24	AddOrReplaceReadGroups	Processed     2,000,000 records.  Elapsed time: 00:00:29s.  Time for last 1,000,000:   14s.  Last read position: chr1:29,475,287
INFO	2016-05-15 00:06:41	AddOrReplaceReadGroups	Processed     3,000,000 records.  Elapsed time: 00:00:47s.  Time for last 1,000,000:   17s.  Last read position: chr1:39,789,928
INFO	2016-05-15 00:06:58	AddOrReplaceReadGroups	Processed     4,000,000 records.  Elapsed time: 00:01:04s.  Time for last 1,000,000:   16s.  Last read position: chr1:46,347,969
INFO	2016-05-15 00:07:13	AddOrReplaceReadGroups	Processed     5,000,000 records.  Elapsed time: 00:01:18s.  Time for last 1,000,000:   14s.  Last read position: chr1:63,284,915
INFO	2016-05-15 00:07:29	AddOrReplaceReadGroups	Processed     6,000,000 records.  Elapsed time: 00:01:35s.  Time for last 1,000,000:   16s.  Last read position: chr1:93,687,227
INFO	2016-05-15 00:07:44	AddOrReplaceReadGroups	Processed     7,000,000 records.  Elapsed time: 00:01:50s.  Time for last 1,000,000:   14s.  Last read position: chr1:113,254,020
INFO	2016-05-15 00:07:58	AddOrReplaceReadGroups	Processed     8,000,000 records.  Elapsed time: 00:02:04s.  Time for last 1,000,000:   14s.  Last read position: chr1:150,208,147
INFO	2016-05-15 00:08:17	AddOrReplaceReadGroups	Processed     9,000,000 records.  Elapsed time: 00:02:23s.  Time for last 1,000,000:   19s.  Last read position: chr1:154,919,971
INFO	2016-05-15 00:08:35	AddOrReplaceReadGroups	Processed    10,000,000 records.  Elapsed time: 00:02:40s.  Time for last 1,000,000:   17s.  Last read position: chr1:159,751,039
INFO	2016-05-15 00:08:49	AddOrReplaceReadGroups	Processed    11,000,000 records.  Elapsed time: 00:02:55s.  Time for last 1,000,000:   14s.  Last read position: chr1:173,174,498
INFO	2016-05-15 00:09:07	AddOrReplaceReadGroups	Processed    12,000,000 records.  Elapsed time: 00:03:13s.  Time for last 1,000,000:   18s.  Last read position: chr1:197,890,386
INFO	2016-05-15 00:09:23	AddOrReplaceReadGroups	Processed    13,000,000 records.  Elapsed time: 00:03:28s.  Time for last 1,000,000:   15s.  Last read position: chr1:210,415,307
INFO	2016-05-15 00:09:39	AddOrReplaceReadGroups	Processed    14,000,000 records.  Elapsed time: 00:03:44s.  Time for last 1,000,000:   15s.  Last read position: chr1:231,700,483
INFO	2016-05-15 00:09:53	AddOrReplaceReadGroups	Processed    15,000,000 records.  Elapsed time: 00:03:59s.  Time for last 1,000,000:   14s.  Last read position: chr2:11,358,453
INFO	2016-05-15 00:10:13	AddOrReplaceReadGroups	Processed    16,000,000 records.  Elapsed time: 00:04:18s.  Time for last 1,000,000:   19s.  Last read position: chr2:29,446,306
INFO	2016-05-15 00:10:27	AddOrReplaceReadGroups	Processed    17,000,000 records.  Elapsed time: 00:04:33s.  Time for last 1,000,000:   14s.  Last read position: chr2:55,479,474
INFO	2016-05-15 00:10:46	AddOrReplaceReadGroups	Processed    18,000,000 records.  Elapsed time: 00:04:52s.  Time for last 1,000,000:   19s.  Last read position: chr2:74,710,590
INFO	2016-05-15 00:11:06	AddOrReplaceReadGroups	Processed    19,000,000 records.  Elapsed time: 00:05:12s.  Time for last 1,000,000:   19s.  Last read position: chr2:99,238,018
INFO	2016-05-15 00:11:21	AddOrReplaceReadGroups	Processed    20,000,000 records.  Elapsed time: 00:05:26s.  Time for last 1,000,000:   14s.  Last read position: chr2:131,005,733
INFO	2016-05-15 00:11:40	AddOrReplaceReadGroups	Processed    21,000,000 records.  Elapsed time: 00:05:46s.  Time for last 1,000,000:   19s.  Last read position: chr2:165,244,260
INFO	2016-05-15 00:11:55	AddOrReplaceReadGroups	Processed    22,000,000 records.  Elapsed time: 00:06:01s.  Time for last 1,000,000:   14s.  Last read position: chr2:179,580,371
INFO	2016-05-15 00:12:13	AddOrReplaceReadGroups	Processed    23,000,000 records.  Elapsed time: 00:06:19s.  Time for last 1,000,000:   17s.  Last read position: chr2:202,900,990
INFO	2016-05-15 00:12:26	AddOrReplaceReadGroups	Processed    24,000,000 records.  Elapsed time: 00:06:32s.  Time for last 1,000,000:   13s.  Last read position: chr2:220,480,509
INFO	2016-05-15 00:12:42	AddOrReplaceReadGroups	Processed    25,000,000 records.  Elapsed time: 00:06:48s.  Time for last 1,000,000:   15s.  Last read position: chr3:4,074,478
INFO	2016-05-15 00:12:56	AddOrReplaceReadGroups	Processed    26,000,000 records.  Elapsed time: 00:07:02s.  Time for last 1,000,000:   14s.  Last read position: chr3:27,439,246
INFO	2016-05-15 00:13:12	AddOrReplaceReadGroups	Processed    27,000,000 records.  Elapsed time: 00:07:17s.  Time for last 1,000,000:   15s.  Last read position: chr3:45,559,383
INFO	2016-05-15 00:13:28	AddOrReplaceReadGroups	Processed    28,000,000 records.  Elapsed time: 00:07:33s.  Time for last 1,000,000:   15s.  Last read position: chr3:49,759,753
INFO	2016-05-15 00:13:47	AddOrReplaceReadGroups	Processed    29,000,000 records.  Elapsed time: 00:07:52s.  Time for last 1,000,000:   19s.  Last read position: chr3:56,763,482
INFO	2016-05-15 00:14:00	AddOrReplaceReadGroups	Processed    30,000,000 records.  Elapsed time: 00:08:06s.  Time for last 1,000,000:   13s.  Last read position: chr3:101,373,154
INFO	2016-05-15 00:14:22	AddOrReplaceReadGroups	Processed    31,000,000 records.  Elapsed time: 00:08:27s.  Time for last 1,000,000:   21s.  Last read position: chr3:123,286,588
INFO	2016-05-15 00:14:39	AddOrReplaceReadGroups	Processed    32,000,000 records.  Elapsed time: 00:08:44s.  Time for last 1,000,000:   16s.  Last read position: chr3:135,181,988
INFO	2016-05-15 00:14:54	AddOrReplaceReadGroups	Processed    33,000,000 records.  Elapsed time: 00:09:00s.  Time for last 1,000,000:   15s.  Last read position: chr3:156,396,036
INFO	2016-05-15 00:15:12	AddOrReplaceReadGroups	Processed    34,000,000 records.  Elapsed time: 00:09:17s.  Time for last 1,000,000:   17s.  Last read position: chr3:183,824,114
INFO	2016-05-15 00:15:27	AddOrReplaceReadGroups	Processed    35,000,000 records.  Elapsed time: 00:09:33s.  Time for last 1,000,000:   15s.  Last read position: chr3:195,968,693
INFO	2016-05-15 00:15:44	AddOrReplaceReadGroups	Processed    36,000,000 records.  Elapsed time: 00:09:50s.  Time for last 1,000,000:   16s.  Last read position: chr4:8,607,815
INFO	2016-05-15 00:15:59	AddOrReplaceReadGroups	Processed    37,000,000 records.  Elapsed time: 00:10:05s.  Time for last 1,000,000:   14s.  Last read position: chr4:57,209,681
INFO	2016-05-15 00:16:17	AddOrReplaceReadGroups	Processed    38,000,000 records.  Elapsed time: 00:10:23s.  Time for last 1,000,000:   18s.  Last read position: chr4:93,225,879
INFO	2016-05-15 00:16:30	AddOrReplaceReadGroups	Processed    39,000,000 records.  Elapsed time: 00:10:36s.  Time for last 1,000,000:   13s.  Last read position: chr4:144,798,003
INFO	2016-05-15 00:16:44	AddOrReplaceReadGroups	Processed    40,000,000 records.  Elapsed time: 00:10:50s.  Time for last 1,000,000:   14s.  Last read position: chr5:1,081,773
INFO	2016-05-15 00:16:58	AddOrReplaceReadGroups	Processed    41,000,000 records.  Elapsed time: 00:11:04s.  Time for last 1,000,000:   14s.  Last read position: chr5:37,328,375
INFO	2016-05-15 00:17:12	AddOrReplaceReadGroups	Processed    42,000,000 records.  Elapsed time: 00:11:18s.  Time for last 1,000,000:   13s.  Last read position: chr5:76,173,473
INFO	2016-05-15 00:17:24	AddOrReplaceReadGroups	Processed    43,000,000 records.  Elapsed time: 00:11:30s.  Time for last 1,000,000:   12s.  Last read position: chr5:132,209,625
INFO	2016-05-15 00:17:38	AddOrReplaceReadGroups	Processed    44,000,000 records.  Elapsed time: 00:11:44s.  Time for last 1,000,000:   13s.  Last read position: chr5:140,921,688
INFO	2016-05-15 00:17:57	AddOrReplaceReadGroups	Processed    45,000,000 records.  Elapsed time: 00:12:03s.  Time for last 1,000,000:   19s.  Last read position: chr5:159,462,178
INFO	2016-05-15 00:18:15	AddOrReplaceReadGroups	Processed    46,000,000 records.  Elapsed time: 00:12:20s.  Time for last 1,000,000:   17s.  Last read position: chr5:179,848,703
INFO	2016-05-15 00:18:29	AddOrReplaceReadGroups	Processed    47,000,000 records.  Elapsed time: 00:12:34s.  Time for last 1,000,000:   13s.  Last read position: chr6:20,402,572
INFO	2016-05-15 00:18:43	AddOrReplaceReadGroups	Processed    48,000,000 records.  Elapsed time: 00:12:49s.  Time for last 1,000,000:   14s.  Last read position: chr6:30,863,198
INFO	2016-05-15 00:19:02	AddOrReplaceReadGroups	Processed    49,000,000 records.  Elapsed time: 00:13:08s.  Time for last 1,000,000:   19s.  Last read position: chr6:32,945,629
INFO	2016-05-15 00:19:16	AddOrReplaceReadGroups	Processed    50,000,000 records.  Elapsed time: 00:13:22s.  Time for last 1,000,000:   14s.  Last read position: chr6:41,126,507
INFO	2016-05-15 00:19:33	AddOrReplaceReadGroups	Processed    51,000,000 records.  Elapsed time: 00:13:39s.  Time for last 1,000,000:   17s.  Last read position: chr6:52,930,502
INFO	2016-05-15 00:19:50	AddOrReplaceReadGroups	Processed    52,000,000 records.  Elapsed time: 00:13:56s.  Time for last 1,000,000:   16s.  Last read position: chr6:90,368,507
INFO	2016-05-15 00:20:08	AddOrReplaceReadGroups	Processed    53,000,000 records.  Elapsed time: 00:14:14s.  Time for last 1,000,000:   18s.  Last read position: chr6:131,921,238
INFO	2016-05-15 00:20:22	AddOrReplaceReadGroups	Processed    54,000,000 records.  Elapsed time: 00:14:28s.  Time for last 1,000,000:   14s.  Last read position: chr6:159,398,790
INFO	2016-05-15 00:20:36	AddOrReplaceReadGroups	Processed    55,000,000 records.  Elapsed time: 00:14:41s.  Time for last 1,000,000:   13s.  Last read position: chr7:23,775,209
INFO	2016-05-15 00:20:50	AddOrReplaceReadGroups	Processed    56,000,000 records.  Elapsed time: 00:14:56s.  Time for last 1,000,000:   14s.  Last read position: chr7:73,500,063
INFO	2016-05-15 00:21:03	AddOrReplaceReadGroups	Processed    57,000,000 records.  Elapsed time: 00:15:09s.  Time for last 1,000,000:   13s.  Last read position: chr7:98,984,301
INFO	2016-05-15 00:21:18	AddOrReplaceReadGroups	Processed    58,000,000 records.  Elapsed time: 00:15:23s.  Time for last 1,000,000:   14s.  Last read position: chr7:106,827,007
INFO	2016-05-15 00:21:36	AddOrReplaceReadGroups	Processed    59,000,000 records.  Elapsed time: 00:15:41s.  Time for last 1,000,000:   18s.  Last read position: chr7:134,223,577
INFO	2016-05-15 00:21:55	AddOrReplaceReadGroups	Processed    60,000,000 records.  Elapsed time: 00:16:01s.  Time for last 1,000,000:   19s.  Last read position: chr7:150,665,668
INFO	2016-05-15 00:22:08	AddOrReplaceReadGroups	Processed    61,000,000 records.  Elapsed time: 00:16:14s.  Time for last 1,000,000:   13s.  Last read position: chr8:28,413,181
INFO	2016-05-15 00:22:21	AddOrReplaceReadGroups	Processed    62,000,000 records.  Elapsed time: 00:16:27s.  Time for last 1,000,000:   12s.  Last read position: chr8:67,061,948
INFO	2016-05-15 00:22:36	AddOrReplaceReadGroups	Processed    63,000,000 records.  Elapsed time: 00:16:42s.  Time for last 1,000,000:   14s.  Last read position: chr8:98,949,866
INFO	2016-05-15 00:22:51	AddOrReplaceReadGroups	Processed    64,000,000 records.  Elapsed time: 00:16:56s.  Time for last 1,000,000:   14s.  Last read position: chr8:126,448,623
INFO	2016-05-15 00:23:05	AddOrReplaceReadGroups	Processed    65,000,000 records.  Elapsed time: 00:17:11s.  Time for last 1,000,000:   14s.  Last read position: chr8:145,218,632
INFO	2016-05-15 00:23:18	AddOrReplaceReadGroups	Processed    66,000,000 records.  Elapsed time: 00:17:24s.  Time for last 1,000,000:   13s.  Last read position: chr9:34,269,255
INFO	2016-05-15 00:23:36	AddOrReplaceReadGroups	Processed    67,000,000 records.  Elapsed time: 00:17:42s.  Time for last 1,000,000:   17s.  Last read position: chr9:96,025,736
INFO	2016-05-15 00:23:51	AddOrReplaceReadGroups	Processed    68,000,000 records.  Elapsed time: 00:17:57s.  Time for last 1,000,000:   14s.  Last read position: chr9:127,289,221
INFO	2016-05-15 00:24:08	AddOrReplaceReadGroups	Processed    69,000,000 records.  Elapsed time: 00:18:13s.  Time for last 1,000,000:   16s.  Last read position: chr9:139,840,665
INFO	2016-05-15 00:24:22	AddOrReplaceReadGroups	Processed    70,000,000 records.  Elapsed time: 00:18:28s.  Time for last 1,000,000:   14s.  Last read position: chr10:27,350,069
INFO	2016-05-15 00:24:40	AddOrReplaceReadGroups	Processed    71,000,000 records.  Elapsed time: 00:18:46s.  Time for last 1,000,000:   18s.  Last read position: chr10:61,828,567
INFO	2016-05-15 00:24:54	AddOrReplaceReadGroups	Processed    72,000,000 records.  Elapsed time: 00:19:00s.  Time for last 1,000,000:   13s.  Last read position: chr10:76,868,678
INFO	2016-05-15 00:25:08	AddOrReplaceReadGroups	Processed    73,000,000 records.  Elapsed time: 00:19:14s.  Time for last 1,000,000:   14s.  Last read position: chr10:101,122,077
INFO	2016-05-15 00:25:21	AddOrReplaceReadGroups	Processed    74,000,000 records.  Elapsed time: 00:19:27s.  Time for last 1,000,000:   12s.  Last read position: chr10:119,805,695
INFO	2016-05-15 00:25:38	AddOrReplaceReadGroups	Processed    75,000,000 records.  Elapsed time: 00:19:44s.  Time for last 1,000,000:   17s.  Last read position: chr11:3,243,145
INFO	2016-05-15 00:25:53	AddOrReplaceReadGroups	Processed    76,000,000 records.  Elapsed time: 00:19:58s.  Time for last 1,000,000:   14s.  Last read position: chr11:32,874,764
INFO	2016-05-15 00:26:12	AddOrReplaceReadGroups	Processed    77,000,000 records.  Elapsed time: 00:20:17s.  Time for last 1,000,000:   18s.  Last read position: chr11:60,776,037
INFO	2016-05-15 00:26:26	AddOrReplaceReadGroups	Processed    78,000,000 records.  Elapsed time: 00:20:32s.  Time for last 1,000,000:   14s.  Last read position: chr11:64,981,554
INFO	2016-05-15 00:26:48	AddOrReplaceReadGroups	Processed    79,000,000 records.  Elapsed time: 00:20:53s.  Time for last 1,000,000:   21s.  Last read position: chr11:70,052,197
INFO	2016-05-15 00:27:02	AddOrReplaceReadGroups	Processed    80,000,000 records.  Elapsed time: 00:21:08s.  Time for last 1,000,000:   14s.  Last read position: chr11:93,480,497
INFO	2016-05-15 00:27:17	AddOrReplaceReadGroups	Processed    81,000,000 records.  Elapsed time: 00:21:22s.  Time for last 1,000,000:   14s.  Last read position: chr11:117,309,530
INFO	2016-05-15 00:27:32	AddOrReplaceReadGroups	Processed    82,000,000 records.  Elapsed time: 00:21:37s.  Time for last 1,000,000:   14s.  Last read position: chr11:130,029,878
INFO	2016-05-15 00:27:53	AddOrReplaceReadGroups	Processed    83,000,000 records.  Elapsed time: 00:21:58s.  Time for last 1,000,000:   20s.  Last read position: chr12:7,241,501
INFO	2016-05-15 00:28:09	AddOrReplaceReadGroups	Processed    84,000,000 records.  Elapsed time: 00:22:14s.  Time for last 1,000,000:   16s.  Last read position: chr12:27,809,642
INFO	2016-05-15 00:28:22	AddOrReplaceReadGroups	Processed    85,000,000 records.  Elapsed time: 00:22:27s.  Time for last 1,000,000:   13s.  Last read position: chr12:49,943,975
INFO	2016-05-15 00:28:37	AddOrReplaceReadGroups	Processed    86,000,000 records.  Elapsed time: 00:22:42s.  Time for last 1,000,000:   14s.  Last read position: chr12:55,726,192
INFO	2016-05-15 00:28:51	AddOrReplaceReadGroups	Processed    87,000,000 records.  Elapsed time: 00:22:57s.  Time for last 1,000,000:   14s.  Last read position: chr12:62,871,985
INFO	2016-05-15 00:29:09	AddOrReplaceReadGroups	Processed    88,000,000 records.  Elapsed time: 00:23:14s.  Time for last 1,000,000:   17s.  Last read position: chr12:104,725,263
INFO	2016-05-15 00:29:24	AddOrReplaceReadGroups	Processed    89,000,000 records.  Elapsed time: 00:23:29s.  Time for last 1,000,000:   15s.  Last read position: chr12:124,364,197
INFO	2016-05-15 00:29:38	AddOrReplaceReadGroups	Processed    90,000,000 records.  Elapsed time: 00:23:44s.  Time for last 1,000,000:   14s.  Last read position: chr13:43,181,300
INFO	2016-05-15 00:29:53	AddOrReplaceReadGroups	Processed    91,000,000 records.  Elapsed time: 00:23:58s.  Time for last 1,000,000:   14s.  Last read position: chr13:103,400,728
INFO	2016-05-15 00:30:06	AddOrReplaceReadGroups	Processed    92,000,000 records.  Elapsed time: 00:24:11s.  Time for last 1,000,000:   13s.  Last read position: chr14:24,588,758
INFO	2016-05-15 00:30:24	AddOrReplaceReadGroups	Processed    93,000,000 records.  Elapsed time: 00:24:30s.  Time for last 1,000,000:   18s.  Last read position: chr14:62,162,370
INFO	2016-05-15 00:30:39	AddOrReplaceReadGroups	Processed    94,000,000 records.  Elapsed time: 00:24:45s.  Time for last 1,000,000:   15s.  Last read position: chr14:93,418,304
INFO	2016-05-15 00:30:59	AddOrReplaceReadGroups	Processed    95,000,000 records.  Elapsed time: 00:25:05s.  Time for last 1,000,000:   19s.  Last read position: chr15:34,396,381
INFO	2016-05-15 00:31:17	AddOrReplaceReadGroups	Processed    96,000,000 records.  Elapsed time: 00:25:23s.  Time for last 1,000,000:   18s.  Last read position: chr15:45,387,036
INFO	2016-05-15 00:31:33	AddOrReplaceReadGroups	Processed    97,000,000 records.  Elapsed time: 00:25:39s.  Time for last 1,000,000:   15s.  Last read position: chr15:65,917,709
INFO	2016-05-15 00:31:46	AddOrReplaceReadGroups	Processed    98,000,000 records.  Elapsed time: 00:25:52s.  Time for last 1,000,000:   13s.  Last read position: chr15:81,571,874
INFO	2016-05-15 00:32:00	AddOrReplaceReadGroups	Processed    99,000,000 records.  Elapsed time: 00:26:05s.  Time for last 1,000,000:   13s.  Last read position: chr15:101,454,899
INFO	2016-05-15 00:32:19	AddOrReplaceReadGroups	Processed   100,000,000 records.  Elapsed time: 00:26:25s.  Time for last 1,000,000:   19s.  Last read position: chr16:2,849,231
INFO	2016-05-15 00:32:34	AddOrReplaceReadGroups	Processed   101,000,000 records.  Elapsed time: 00:26:39s.  Time for last 1,000,000:   14s.  Last read position: chr16:19,557,738
INFO	2016-05-15 00:32:55	AddOrReplaceReadGroups	Processed   102,000,000 records.  Elapsed time: 00:27:00s.  Time for last 1,000,000:   20s.  Last read position: chr16:31,228,293
INFO	2016-05-15 00:33:08	AddOrReplaceReadGroups	Processed   103,000,000 records.  Elapsed time: 00:27:14s.  Time for last 1,000,000:   13s.  Last read position: chr16:68,119,736
INFO	2016-05-15 00:33:23	AddOrReplaceReadGroups	Processed   104,000,000 records.  Elapsed time: 00:27:29s.  Time for last 1,000,000:   14s.  Last read position: chr17:914,038
INFO	2016-05-15 00:33:39	AddOrReplaceReadGroups	Processed   105,000,000 records.  Elapsed time: 00:27:45s.  Time for last 1,000,000:   16s.  Last read position: chr17:7,827,138
INFO	2016-05-15 00:33:59	AddOrReplaceReadGroups	Processed   106,000,000 records.  Elapsed time: 00:28:05s.  Time for last 1,000,000:   19s.  Last read position: chr17:27,939,455
INFO	2016-05-15 00:34:15	AddOrReplaceReadGroups	Processed   107,000,000 records.  Elapsed time: 00:28:21s.  Time for last 1,000,000:   15s.  Last read position: chr17:40,705,162
INFO	2016-05-15 00:34:34	AddOrReplaceReadGroups	Processed   108,000,000 records.  Elapsed time: 00:28:39s.  Time for last 1,000,000:   18s.  Last read position: chr17:48,683,280
INFO	2016-05-15 00:34:52	AddOrReplaceReadGroups	Processed   109,000,000 records.  Elapsed time: 00:28:57s.  Time for last 1,000,000:   17s.  Last read position: chr17:62,041,798
INFO	2016-05-15 00:35:07	AddOrReplaceReadGroups	Processed   110,000,000 records.  Elapsed time: 00:29:12s.  Time for last 1,000,000:   15s.  Last read position: chr17:73,753,235
INFO	2016-05-15 00:35:28	AddOrReplaceReadGroups	Processed   111,000,000 records.  Elapsed time: 00:29:34s.  Time for last 1,000,000:   21s.  Last read position: chr17:79,781,312
INFO	2016-05-15 00:35:43	AddOrReplaceReadGroups	Processed   112,000,000 records.  Elapsed time: 00:29:49s.  Time for last 1,000,000:   14s.  Last read position: chr18:19,283,495
INFO	2016-05-15 00:36:02	AddOrReplaceReadGroups	Processed   113,000,000 records.  Elapsed time: 00:30:07s.  Time for last 1,000,000:   18s.  Last read position: chr18:54,814,761
INFO	2016-05-15 00:36:17	AddOrReplaceReadGroups	Processed   114,000,000 records.  Elapsed time: 00:30:22s.  Time for last 1,000,000:   14s.  Last read position: chr19:6,469,693
INFO	2016-05-15 00:36:32	AddOrReplaceReadGroups	Processed   115,000,000 records.  Elapsed time: 00:30:38s.  Time for last 1,000,000:   15s.  Last read position: chr19:12,976,775
INFO	2016-05-15 00:36:47	AddOrReplaceReadGroups	Processed   116,000,000 records.  Elapsed time: 00:30:53s.  Time for last 1,000,000:   14s.  Last read position: chr19:18,376,491
INFO	2016-05-15 00:37:02	AddOrReplaceReadGroups	Processed   117,000,000 records.  Elapsed time: 00:31:07s.  Time for last 1,000,000:   14s.  Last read position: chr19:37,879,712
INFO	2016-05-15 00:37:17	AddOrReplaceReadGroups	Processed   118,000,000 records.  Elapsed time: 00:31:22s.  Time for last 1,000,000:   15s.  Last read position: chr19:45,284,199
INFO	2016-05-15 00:37:37	AddOrReplaceReadGroups	Processed   119,000,000 records.  Elapsed time: 00:31:42s.  Time for last 1,000,000:   19s.  Last read position: chr19:51,919,458
INFO	2016-05-15 00:37:50	AddOrReplaceReadGroups	Processed   120,000,000 records.  Elapsed time: 00:31:56s.  Time for last 1,000,000:   13s.  Last read position: chr20:2,635,316
INFO	2016-05-15 00:38:04	AddOrReplaceReadGroups	Processed   121,000,000 records.  Elapsed time: 00:32:10s.  Time for last 1,000,000:   13s.  Last read position: chr20:19,910,901
INFO	2016-05-15 00:38:20	AddOrReplaceReadGroups	Processed   122,000,000 records.  Elapsed time: 00:32:25s.  Time for last 1,000,000:   15s.  Last read position: chr20:35,939,975
INFO	2016-05-15 00:38:42	AddOrReplaceReadGroups	Processed   123,000,000 records.  Elapsed time: 00:32:47s.  Time for last 1,000,000:   21s.  Last read position: chr20:52,189,516
INFO	2016-05-15 00:39:01	AddOrReplaceReadGroups	Processed   124,000,000 records.  Elapsed time: 00:33:07s.  Time for last 1,000,000:   19s.  Last read position: chr21:19,732,157
INFO	2016-05-15 00:39:16	AddOrReplaceReadGroups	Processed   125,000,000 records.  Elapsed time: 00:33:22s.  Time for last 1,000,000:   15s.  Last read position: chr21:46,020,006
INFO	2016-05-15 00:39:34	AddOrReplaceReadGroups	Processed   126,000,000 records.  Elapsed time: 00:33:40s.  Time for last 1,000,000:   17s.  Last read position: chr22:30,683,335
INFO	2016-05-15 00:39:49	AddOrReplaceReadGroups	Processed   127,000,000 records.  Elapsed time: 00:33:55s.  Time for last 1,000,000:   14s.  Last read position: chr22:45,596,705
INFO	2016-05-15 00:40:06	AddOrReplaceReadGroups	Processed   128,000,000 records.  Elapsed time: 00:34:12s.  Time for last 1,000,000:   16s.  Last read position: chrX:26,235,726
INFO	2016-05-15 00:40:20	AddOrReplaceReadGroups	Processed   129,000,000 records.  Elapsed time: 00:34:25s.  Time for last 1,000,000:   13s.  Last read position: chrX:64,708,735
INFO	2016-05-15 00:40:34	AddOrReplaceReadGroups	Processed   130,000,000 records.  Elapsed time: 00:34:40s.  Time for last 1,000,000:   14s.  Last read position: chrX:107,439,800
INFO	2016-05-15 00:40:49	AddOrReplaceReadGroups	Processed   131,000,000 records.  Elapsed time: 00:34:55s.  Time for last 1,000,000:   14s.  Last read position: chrX:151,131,010
INFO	2016-05-15 00:41:06	AddOrReplaceReadGroups	Processed   132,000,000 records.  Elapsed time: 00:35:12s.  Time for last 1,000,000:   17s.  Last read position: */*
[Sun May 15 00:41:19 EDT 2016] picard.sam.AddOrReplaceReadGroups done. Elapsed time: 35.42 minutes.
Runtime.totalMemory()=404750336
[Sun May 15 00:41:20 EDT 2016] picard.sam.FixMateInformation INPUT=[p_DS_bkm_086-T/p_DS_bkm_086-T.sorted.MarkDup.fixed.bam] OUTPUT=p_DS_bkm_086-T/p_DS_bkm_086-T.sorted.MarkDup.realn.fixed.bam SORT_ORDER=coordinate TMP_DIR=[tmp/flx] VALIDATION_STRINGENCY=LENIENT CREATE_INDEX=true    ASSUME_SORTED=false ADD_MATE_CIGAR=true IGNORE_MISSING_MATES=true VERBOSITY=INFO QUIET=false COMPRESSION_LEVEL=5 MAX_RECORDS_IN_RAM=500000 CREATE_MD5_FILE=false GA4GH_CLIENT_SECRETS=client_secrets.json
[Sun May 15 00:41:20 EDT 2016] Executing as abdelrahman@compute-1-2.local on Linux 2.6.32-279.14.1.el6.x86_64 amd64; Java HotSpot(TM) 64-Bit Server VM 1.8.0_45-b14; Picard version: 2.3.0(9a00c87b7ffdb01cfb5a0d6e76556146196babb8_1463071327) IntelDeflater
INFO	2016-05-15 00:41:20	FixMateInformation	Sorting input into queryname order.
INFO	2016-05-15 01:17:39	FixMateInformation	Sorting by queryname complete.
INFO	2016-05-15 01:17:39	FixMateInformation	Output will be sorted by coordinate
INFO	2016-05-15 01:17:39	FixMateInformation	Traversing query name sorted records and fixing up mate pair information.
INFO	2016-05-15 01:18:04	FixMateInformation	Processed     1,000,000 records.  Elapsed time: 00:00:24s.  Time for last 1,000,000:   24s.  Last read position: chr20:52,538,939
INFO	2016-05-15 01:18:27	FixMateInformation	Processed     2,000,000 records.  Elapsed time: 00:00:47s.  Time for last 1,000,000:   22s.  Last read position: chrX:84,525,035
INFO	2016-05-15 01:18:48	FixMateInformation	Processed     3,000,000 records.  Elapsed time: 00:01:08s.  Time for last 1,000,000:   20s.  Last read position: chr12:117,603,224
INFO	2016-05-15 01:19:11	FixMateInformation	Processed     4,000,000 records.  Elapsed time: 00:01:31s.  Time for last 1,000,000:   23s.  Last read position: chr6:134,349,876
INFO	2016-05-15 01:19:36	FixMateInformation	Processed     5,000,000 records.  Elapsed time: 00:01:56s.  Time for last 1,000,000:   25s.  Last read position: chr12:7,069,479
INFO	2016-05-15 01:20:01	FixMateInformation	Processed     6,000,000 records.  Elapsed time: 00:02:21s.  Time for last 1,000,000:   24s.  Last read position: chr19:51,017,743
INFO	2016-05-15 01:20:27	FixMateInformation	Processed     7,000,000 records.  Elapsed time: 00:02:47s.  Time for last 1,000,000:   26s.  Last read position: chr1:230,979,393
INFO	2016-05-15 01:20:51	FixMateInformation	Processed     8,000,000 records.  Elapsed time: 00:03:11s.  Time for last 1,000,000:   23s.  Last read position: chr13:100,807,318
INFO	2016-05-15 01:21:14	FixMateInformation	Processed     9,000,000 records.  Elapsed time: 00:03:34s.  Time for last 1,000,000:   23s.  Last read position: chr14:24,731,039
INFO	2016-05-15 01:21:34	FixMateInformation	Processed    10,000,000 records.  Elapsed time: 00:03:54s.  Time for last 1,000,000:   19s.  Last read position: chr20:31,606,052
INFO	2016-05-15 01:21:59	FixMateInformation	Processed    11,000,000 records.  Elapsed time: 00:04:19s.  Time for last 1,000,000:   25s.  Last read position: chr11:611,096
INFO	2016-05-15 01:22:24	FixMateInformation	Processed    12,000,000 records.  Elapsed time: 00:04:44s.  Time for last 1,000,000:   24s.  Last read position: chr12:120,135,691
INFO	2016-05-15 01:22:45	FixMateInformation	Processed    13,000,000 records.  Elapsed time: 00:05:05s.  Time for last 1,000,000:   21s.  Last read position: chr12:29,640,640
INFO	2016-05-15 01:23:07	FixMateInformation	Processed    14,000,000 records.  Elapsed time: 00:05:27s.  Time for last 1,000,000:   22s.  Last read position: chr6:41,102,329
INFO	2016-05-15 01:23:28	FixMateInformation	Processed    15,000,000 records.  Elapsed time: 00:05:48s.  Time for last 1,000,000:   20s.  Last read position: chr22:32,852,359
INFO	2016-05-15 01:23:52	FixMateInformation	Processed    16,000,000 records.  Elapsed time: 00:06:12s.  Time for last 1,000,000:   24s.  Last read position: chr11:58,390,172
INFO	2016-05-15 01:24:13	FixMateInformation	Processed    17,000,000 records.  Elapsed time: 00:06:33s.  Time for last 1,000,000:   20s.  Last read position: chr11:64,536,790
INFO	2016-05-15 01:24:37	FixMateInformation	Processed    18,000,000 records.  Elapsed time: 00:06:57s.  Time for last 1,000,000:   23s.  Last read position: chr10:72,300,936
INFO	2016-05-15 01:25:00	FixMateInformation	Processed    19,000,000 records.  Elapsed time: 00:07:20s.  Time for last 1,000,000:   23s.  Last read position: chr4:113,748,366
INFO	2016-05-15 01:25:19	FixMateInformation	Processed    20,000,000 records.  Elapsed time: 00:07:39s.  Time for last 1,000,000:   18s.  Last read position: chr3:183,226,228
INFO	2016-05-15 01:25:41	FixMateInformation	Processed    21,000,000 records.  Elapsed time: 00:08:01s.  Time for last 1,000,000:   22s.  Last read position: chr11:73,985,585
INFO	2016-05-15 01:26:04	FixMateInformation	Processed    22,000,000 records.  Elapsed time: 00:08:24s.  Time for last 1,000,000:   22s.  Last read position: chr2:128,180,586
INFO	2016-05-15 01:26:25	FixMateInformation	Processed    23,000,000 records.  Elapsed time: 00:08:45s.  Time for last 1,000,000:   21s.  Last read position: chr12:53,165,927
INFO	2016-05-15 01:26:47	FixMateInformation	Processed    24,000,000 records.  Elapsed time: 00:09:07s.  Time for last 1,000,000:   21s.  Last read position: chr3:176,763,871
INFO	2016-05-15 01:27:10	FixMateInformation	Processed    25,000,000 records.  Elapsed time: 00:09:30s.  Time for last 1,000,000:   23s.  Last read position: chr10:129,911,682
INFO	2016-05-15 01:27:32	FixMateInformation	Processed    26,000,000 records.  Elapsed time: 00:09:52s.  Time for last 1,000,000:   21s.  Last read position: chr3:184,039,323
INFO	2016-05-15 01:27:53	FixMateInformation	Processed    27,000,000 records.  Elapsed time: 00:10:13s.  Time for last 1,000,000:   20s.  Last read position: chr3:49,043,397
INFO	2016-05-15 01:28:17	FixMateInformation	Processed    28,000,000 records.  Elapsed time: 00:10:37s.  Time for last 1,000,000:   24s.  Last read position: chr8:19,315,983
INFO	2016-05-15 01:28:39	FixMateInformation	Processed    29,000,000 records.  Elapsed time: 00:11:00s.  Time for last 1,000,000:   22s.  Last read position: chr11:6,642,719
INFO	2016-05-15 01:28:58	FixMateInformation	Processed    30,000,000 records.  Elapsed time: 00:11:18s.  Time for last 1,000,000:   18s.  Last read position: chr12:50,368,567
INFO	2016-05-15 01:29:20	FixMateInformation	Processed    31,000,000 records.  Elapsed time: 00:11:40s.  Time for last 1,000,000:   21s.  Last read position: chr7:100,880,718
INFO	2016-05-15 01:29:39	FixMateInformation	Processed    32,000,000 records.  Elapsed time: 00:11:59s.  Time for last 1,000,000:   19s.  Last read position: chr19:9,082,439
INFO	2016-05-15 01:30:00	FixMateInformation	Processed    33,000,000 records.  Elapsed time: 00:12:20s.  Time for last 1,000,000:   20s.  Last read position: chr6:155,215,944
INFO	2016-05-15 01:30:20	FixMateInformation	Processed    34,000,000 records.  Elapsed time: 00:12:40s.  Time for last 1,000,000:   20s.  Last read position: chr5:55,489,075
INFO	2016-05-15 01:30:42	FixMateInformation	Processed    35,000,000 records.  Elapsed time: 00:13:02s.  Time for last 1,000,000:   22s.  Last read position: chr5:86,648,905
INFO	2016-05-15 01:31:00	FixMateInformation	Processed    36,000,000 records.  Elapsed time: 00:13:20s.  Time for last 1,000,000:   18s.  Last read position: chr18:34,238,035
INFO	2016-05-15 01:31:21	FixMateInformation	Processed    37,000,000 records.  Elapsed time: 00:13:41s.  Time for last 1,000,000:   20s.  Last read position: chr11:62,502,880
INFO	2016-05-15 01:31:43	FixMateInformation	Processed    38,000,000 records.  Elapsed time: 00:14:03s.  Time for last 1,000,000:   21s.  Last read position: chr17:7,165,203
INFO	2016-05-15 01:32:02	FixMateInformation	Processed    39,000,000 records.  Elapsed time: 00:14:22s.  Time for last 1,000,000:   18s.  Last read position: chr3:38,946,758
INFO	2016-05-15 01:32:26	FixMateInformation	Processed    40,000,000 records.  Elapsed time: 00:14:46s.  Time for last 1,000,000:   24s.  Last read position: chr6:26,448,877
INFO	2016-05-15 01:32:45	FixMateInformation	Processed    41,000,000 records.  Elapsed time: 00:15:05s.  Time for last 1,000,000:   18s.  Last read position: chr10:33,195,981
INFO	2016-05-15 01:33:05	FixMateInformation	Processed    42,000,000 records.  Elapsed time: 00:15:25s.  Time for last 1,000,000:   20s.  Last read position: chr6:26,225,361
INFO	2016-05-15 01:33:24	FixMateInformation	Processed    43,000,000 records.  Elapsed time: 00:15:44s.  Time for last 1,000,000:   18s.  Last read position: chr16:2,015,327
INFO	2016-05-15 01:33:43	FixMateInformation	Processed    44,000,000 records.  Elapsed time: 00:16:03s.  Time for last 1,000,000:   19s.  Last read position: chr5:34,914,991
INFO	2016-05-15 01:34:03	FixMateInformation	Processed    45,000,000 records.  Elapsed time: 00:16:23s.  Time for last 1,000,000:   19s.  Last read position: chr6:49,815,886
INFO	2016-05-15 01:34:21	FixMateInformation	Processed    46,000,000 records.  Elapsed time: 00:16:41s.  Time for last 1,000,000:   18s.  Last read position: chr6:80,657,105
INFO	2016-05-15 01:34:40	FixMateInformation	Processed    47,000,000 records.  Elapsed time: 00:17:00s.  Time for last 1,000,000:   18s.  Last read position: chr12:46,841,415
INFO	2016-05-15 01:34:58	FixMateInformation	Processed    48,000,000 records.  Elapsed time: 00:17:18s.  Time for last 1,000,000:   18s.  Last read position: chr14:74,443,739
INFO	2016-05-15 01:35:17	FixMateInformation	Processed    49,000,000 records.  Elapsed time: 00:17:37s.  Time for last 1,000,000:   19s.  Last read position: chr5:115,785,014
INFO	2016-05-15 01:35:35	FixMateInformation	Processed    50,000,000 records.  Elapsed time: 00:17:55s.  Time for last 1,000,000:   17s.  Last read position: chr2:241,401,954
INFO	2016-05-15 01:35:54	FixMateInformation	Processed    51,000,000 records.  Elapsed time: 00:18:14s.  Time for last 1,000,000:   18s.  Last read position: chr6:107,811,441
INFO	2016-05-15 01:36:13	FixMateInformation	Processed    52,000,000 records.  Elapsed time: 00:18:33s.  Time for last 1,000,000:   18s.  Last read position: chr17:74,557,750
INFO	2016-05-15 01:36:30	FixMateInformation	Processed    53,000,000 records.  Elapsed time: 00:18:50s.  Time for last 1,000,000:   17s.  Last read position: chr1:62,910,956
INFO	2016-05-15 01:36:49	FixMateInformation	Processed    54,000,000 records.  Elapsed time: 00:19:09s.  Time for last 1,000,000:   18s.  Last read position: chr3:135,825,172
INFO	2016-05-15 01:37:07	FixMateInformation	Processed    55,000,000 records.  Elapsed time: 00:19:27s.  Time for last 1,000,000:   18s.  Last read position: chr11:55,782,974
INFO	2016-05-15 01:37:25	FixMateInformation	Processed    56,000,000 records.  Elapsed time: 00:19:45s.  Time for last 1,000,000:   17s.  Last read position: chr20:44,511,987
INFO	2016-05-15 01:37:43	FixMateInformation	Processed    57,000,000 records.  Elapsed time: 00:20:04s.  Time for last 1,000,000:   18s.  Last read position: chr11:9,917,472
INFO	2016-05-15 01:38:02	FixMateInformation	Processed    58,000,000 records.  Elapsed time: 00:20:22s.  Time for last 1,000,000:   18s.  Last read position: chr3:101,484,096
INFO	2016-05-15 01:38:22	FixMateInformation	Processed    59,000,000 records.  Elapsed time: 00:20:42s.  Time for last 1,000,000:   19s.  Last read position: chrX:110,951,417
INFO	2016-05-15 01:38:40	FixMateInformation	Processed    60,000,000 records.  Elapsed time: 00:21:00s.  Time for last 1,000,000:   18s.  Last read position: chr16:697,384
INFO	2016-05-15 01:38:59	FixMateInformation	Processed    61,000,000 records.  Elapsed time: 00:21:19s.  Time for last 1,000,000:   18s.  Last read position: chr4:89,589,019
INFO	2016-05-15 01:39:17	FixMateInformation	Processed    62,000,000 records.  Elapsed time: 00:21:37s.  Time for last 1,000,000:   17s.  Last read position: chr1:226,346,838
INFO	2016-05-15 01:39:36	FixMateInformation	Processed    63,000,000 records.  Elapsed time: 00:21:56s.  Time for last 1,000,000:   18s.  Last read position: chr8:75,227,236
INFO	2016-05-15 01:39:54	FixMateInformation	Processed    64,000,000 records.  Elapsed time: 00:22:14s.  Time for last 1,000,000:   18s.  Last read position: chr6:31,784,680
INFO	2016-05-15 01:40:13	FixMateInformation	Processed    65,000,000 records.  Elapsed time: 00:22:33s.  Time for last 1,000,000:   18s.  Last read position: */*
INFO	2016-05-15 01:40:31	FixMateInformation	Processed    66,000,000 records.  Elapsed time: 00:22:51s.  Time for last 1,000,000:   18s.  Last read position: chr3:137,787,089
INFO	2016-05-15 01:40:49	FixMateInformation	Processed    67,000,000 records.  Elapsed time: 00:23:09s.  Time for last 1,000,000:   17s.  Last read position: chr6:30,136,866
INFO	2016-05-15 01:41:09	FixMateInformation	Processed    68,000,000 records.  Elapsed time: 00:23:29s.  Time for last 1,000,000:   19s.  Last read position: chr2:74,760,060
INFO	2016-05-15 01:41:26	FixMateInformation	Processed    69,000,000 records.  Elapsed time: 00:23:46s.  Time for last 1,000,000:   17s.  Last read position: chr22:22,673,017
INFO	2016-05-15 01:41:46	FixMateInformation	Processed    70,000,000 records.  Elapsed time: 00:24:06s.  Time for last 1,000,000:   19s.  Last read position: chr22:36,962,926
INFO	2016-05-15 01:42:04	FixMateInformation	Processed    71,000,000 records.  Elapsed time: 00:24:24s.  Time for last 1,000,000:   18s.  Last read position: chr10:101,923,808
INFO	2016-05-15 01:42:23	FixMateInformation	Processed    72,000,000 records.  Elapsed time: 00:24:43s.  Time for last 1,000,000:   19s.  Last read position: chr8:136,129,039
INFO	2016-05-15 01:42:42	FixMateInformation	Processed    73,000,000 records.  Elapsed time: 00:25:02s.  Time for last 1,000,000:   18s.  Last read position: chr15:83,687,411
INFO	2016-05-15 01:43:00	FixMateInformation	Processed    74,000,000 records.  Elapsed time: 00:25:20s.  Time for last 1,000,000:   18s.  Last read position: chr19:17,752,215
INFO	2016-05-15 01:43:19	FixMateInformation	Processed    75,000,000 records.  Elapsed time: 00:25:39s.  Time for last 1,000,000:   18s.  Last read position: chr8:124,989,756
INFO	2016-05-15 01:43:37	FixMateInformation	Processed    76,000,000 records.  Elapsed time: 00:25:57s.  Time for last 1,000,000:   18s.  Last read position: chr4:144,106,920
INFO	2016-05-15 01:43:57	FixMateInformation	Processed    77,000,000 records.  Elapsed time: 00:26:17s.  Time for last 1,000,000:   20s.  Last read position: chr1:118,550,660
INFO	2016-05-15 01:44:16	FixMateInformation	Processed    78,000,000 records.  Elapsed time: 00:26:36s.  Time for last 1,000,000:   18s.  Last read position: chr14:31,495,145
INFO	2016-05-15 01:44:34	FixMateInformation	Processed    79,000,000 records.  Elapsed time: 00:26:54s.  Time for last 1,000,000:   18s.  Last read position: chr14:77,493,120
INFO	2016-05-15 01:44:53	FixMateInformation	Processed    80,000,000 records.  Elapsed time: 00:27:13s.  Time for last 1,000,000:   18s.  Last read position: chr9:139,747,578
INFO	2016-05-15 01:45:11	FixMateInformation	Processed    81,000,000 records.  Elapsed time: 00:27:31s.  Time for last 1,000,000:   18s.  Last read position: chr13:103,389,300
INFO	2016-05-15 01:49:18	FixMateInformation	Processed    82,000,000 records.  Elapsed time: 00:31:38s.  Time for last 1,000,000:  247s.  Last read position: chr11:120,189,108
INFO	2016-05-15 01:49:36	FixMateInformation	Processed    83,000,000 records.  Elapsed time: 00:31:56s.  Time for last 1,000,000:   17s.  Last read position: chr5:1,064,217
INFO	2016-05-15 01:49:56	FixMateInformation	Processed    84,000,000 records.  Elapsed time: 00:32:16s.  Time for last 1,000,000:   20s.  Last read position: chr4:2,451,748
INFO	2016-05-15 01:50:15	FixMateInformation	Processed    85,000,000 records.  Elapsed time: 00:32:35s.  Time for last 1,000,000:   18s.  Last read position: chr4:7,811,430
INFO	2016-05-15 01:50:33	FixMateInformation	Processed    86,000,000 records.  Elapsed time: 00:32:53s.  Time for last 1,000,000:   18s.  Last read position: chr2:64,779,497
INFO	2016-05-15 01:50:52	FixMateInformation	Processed    87,000,000 records.  Elapsed time: 00:33:12s.  Time for last 1,000,000:   18s.  Last read position: chr13:44,851,331
INFO	2016-05-15 01:51:14	FixMateInformation	Processed    88,000,000 records.  Elapsed time: 00:33:34s.  Time for last 1,000,000:   21s.  Last read position: chr10:88,730,475
INFO	2016-05-15 01:51:33	FixMateInformation	Processed    89,000,000 records.  Elapsed time: 00:33:54s.  Time for last 1,000,000:   19s.  Last read position: chr2:157,882,800
INFO	2016-05-15 01:51:51	FixMateInformation	Processed    90,000,000 records.  Elapsed time: 00:34:11s.  Time for last 1,000,000:   17s.  Last read position: chr11:125,366,450
INFO	2016-05-15 01:52:09	FixMateInformation	Processed    91,000,000 records.  Elapsed time: 00:34:29s.  Time for last 1,000,000:   18s.  Last read position: chr3:12,527,949
INFO	2016-05-15 01:52:27	FixMateInformation	Processed    92,000,000 records.  Elapsed time: 00:34:47s.  Time for last 1,000,000:   18s.  Last read position: chr8:145,535,746
INFO	2016-05-15 01:52:47	FixMateInformation	Processed    93,000,000 records.  Elapsed time: 00:35:07s.  Time for last 1,000,000:   19s.  Last read position: chr5:140,755,074
INFO	2016-05-15 01:53:07	FixMateInformation	Processed    94,000,000 records.  Elapsed time: 00:35:27s.  Time for last 1,000,000:   19s.  Last read position: chr6:27,277,934
INFO	2016-05-15 01:53:26	FixMateInformation	Processed    95,000,000 records.  Elapsed time: 00:35:46s.  Time for last 1,000,000:   19s.  Last read position: chrX:32,360,305
INFO	2016-05-15 01:53:46	FixMateInformation	Processed    96,000,000 records.  Elapsed time: 00:36:06s.  Time for last 1,000,000:   19s.  Last read position: */*
INFO	2016-05-15 01:54:03	FixMateInformation	Processed    97,000,000 records.  Elapsed time: 00:36:23s.  Time for last 1,000,000:   17s.  Last read position: chr10:71,261,708
INFO	2016-05-15 01:54:21	FixMateInformation	Processed    98,000,000 records.  Elapsed time: 00:36:42s.  Time for last 1,000,000:   18s.  Last read position: chr2:139,312,092
INFO	2016-05-15 01:54:40	FixMateInformation	Processed    99,000,000 records.  Elapsed time: 00:37:00s.  Time for last 1,000,000:   18s.  Last read position: chr16:84,182,599
INFO	2016-05-15 01:54:59	FixMateInformation	Processed   100,000,000 records.  Elapsed time: 00:37:19s.  Time for last 1,000,000:   19s.  Last read position: chr1:47,338,890
INFO	2016-05-15 01:55:18	FixMateInformation	Processed   101,000,000 records.  Elapsed time: 00:37:38s.  Time for last 1,000,000:   19s.  Last read position: chr17:8,131,901
INFO	2016-05-15 01:55:38	FixMateInformation	Processed   102,000,000 records.  Elapsed time: 00:37:58s.  Time for last 1,000,000:   19s.  Last read position: chr9:111,663,826
INFO	2016-05-15 01:55:58	FixMateInformation	Processed   103,000,000 records.  Elapsed time: 00:38:18s.  Time for last 1,000,000:   20s.  Last read position: chr17:38,520,117
INFO	2016-05-15 01:56:15	FixMateInformation	Processed   104,000,000 records.  Elapsed time: 00:38:35s.  Time for last 1,000,000:   16s.  Last read position: chr3:24,654,118
INFO	2016-05-15 01:56:35	FixMateInformation	Processed   105,000,000 records.  Elapsed time: 00:38:55s.  Time for last 1,000,000:   19s.  Last read position: chr16:23,695,207
INFO	2016-05-15 01:56:53	FixMateInformation	Processed   106,000,000 records.  Elapsed time: 00:39:13s.  Time for last 1,000,000:   18s.  Last read position: chr2:224,629,953
INFO	2016-05-15 01:57:11	FixMateInformation	Processed   107,000,000 records.  Elapsed time: 00:39:31s.  Time for last 1,000,000:   18s.  Last read position: chr6:1,314,004
INFO	2016-05-15 01:57:30	FixMateInformation	Processed   108,000,000 records.  Elapsed time: 00:39:50s.  Time for last 1,000,000:   19s.  Last read position: chr17:20,606,565
INFO	2016-05-15 01:57:49	FixMateInformation	Processed   109,000,000 records.  Elapsed time: 00:40:09s.  Time for last 1,000,000:   18s.  Last read position: chr20:834,870
INFO	2016-05-15 01:58:07	FixMateInformation	Processed   110,000,000 records.  Elapsed time: 00:40:27s.  Time for last 1,000,000:   18s.  Last read position: chr1:100,818,519
INFO	2016-05-15 01:58:26	FixMateInformation	Processed   111,000,000 records.  Elapsed time: 00:40:46s.  Time for last 1,000,000:   19s.  Last read position: chr8:41,791,908
INFO	2016-05-15 01:58:45	FixMateInformation	Processed   112,000,000 records.  Elapsed time: 00:41:05s.  Time for last 1,000,000:   19s.  Last read position: chr20:43,042,323
INFO	2016-05-15 01:59:05	FixMateInformation	Processed   113,000,000 records.  Elapsed time: 00:41:25s.  Time for last 1,000,000:   20s.  Last read position: chr2:80,874,861
INFO	2016-05-15 01:59:26	FixMateInformation	Processed   114,000,000 records.  Elapsed time: 00:41:46s.  Time for last 1,000,000:   20s.  Last read position: chrX:104,495,908
INFO	2016-05-15 01:59:46	FixMateInformation	Processed   115,000,000 records.  Elapsed time: 00:42:06s.  Time for last 1,000,000:   20s.  Last read position: chr11:71,943,648
INFO	2016-05-15 02:00:06	FixMateInformation	Processed   116,000,000 records.  Elapsed time: 00:42:26s.  Time for last 1,000,000:   19s.  Last read position: chr1:161,789,490
INFO	2016-05-15 02:00:28	FixMateInformation	Processed   117,000,000 records.  Elapsed time: 00:42:48s.  Time for last 1,000,000:   22s.  Last read position: chr17:78,320,507
INFO	2016-05-15 02:00:48	FixMateInformation	Processed   118,000,000 records.  Elapsed time: 00:43:08s.  Time for last 1,000,000:   19s.  Last read position: chr11:118,951,741
INFO	2016-05-15 02:01:10	FixMateInformation	Processed   119,000,000 records.  Elapsed time: 00:43:30s.  Time for last 1,000,000:   22s.  Last read position: chr2:60,689,246
INFO	2016-05-15 02:01:31	FixMateInformation	Processed   120,000,000 records.  Elapsed time: 00:43:51s.  Time for last 1,000,000:   20s.  Last read position: chr1:33,161,519
INFO	2016-05-15 02:01:50	FixMateInformation	Processed   121,000,000 records.  Elapsed time: 00:44:10s.  Time for last 1,000,000:   19s.  Last read position: chr18:211,228
INFO	2016-05-15 02:02:12	FixMateInformation	Processed   122,000,000 records.  Elapsed time: 00:44:32s.  Time for last 1,000,000:   21s.  Last read position: chr5:40,767,573
INFO	2016-05-15 02:02:31	FixMateInformation	Processed   123,000,000 records.  Elapsed time: 00:44:51s.  Time for last 1,000,000:   19s.  Last read position: chr19:14,273,746
INFO	2016-05-15 02:02:52	FixMateInformation	Processed   124,000,000 records.  Elapsed time: 00:45:12s.  Time for last 1,000,000:   20s.  Last read position: chr5:139,936,716
INFO	2016-05-15 02:03:10	FixMateInformation	Processed   125,000,000 records.  Elapsed time: 00:45:30s.  Time for last 1,000,000:   17s.  Last read position: chr3:113,120,506
INFO	2016-05-15 02:03:31	FixMateInformation	Processed   126,000,000 records.  Elapsed time: 00:45:51s.  Time for last 1,000,000:   21s.  Last read position: chr5:14,472,708
INFO	2016-05-15 02:03:52	FixMateInformation	Processed   127,000,000 records.  Elapsed time: 00:46:12s.  Time for last 1,000,000:   20s.  Last read position: chr13:23,905,370
INFO	2016-05-15 02:04:11	FixMateInformation	Processed   128,000,000 records.  Elapsed time: 00:46:31s.  Time for last 1,000,000:   19s.  Last read position: chrX:73,055,183
INFO	2016-05-15 02:04:29	FixMateInformation	Processed   129,000,000 records.  Elapsed time: 00:46:49s.  Time for last 1,000,000:   18s.  Last read position: chr2:170,163,725
INFO	2016-05-15 02:04:48	FixMateInformation	Processed   130,000,000 records.  Elapsed time: 00:47:08s.  Time for last 1,000,000:   18s.  Last read position: chr11:47,510,394
INFO	2016-05-15 02:05:06	FixMateInformation	Processed   131,000,000 records.  Elapsed time: 00:47:27s.  Time for last 1,000,000:   18s.  Last read position: chr10:75,258,851
INFO	2016-05-15 02:05:30	FixMateInformation	Processed   132,000,000 records.  Elapsed time: 00:47:50s.  Time for last 1,000,000:   23s.  Last read position: chr12:862,775
INFO	2016-05-15 02:05:55	FixMateInformation	Finished processing reads; re-sorting output file.
[Sun May 15 05:08:24 EDT 2016] picard.sam.FixMateInformation done. Elapsed time: 267.08 minutes.
Runtime.totalMemory()=1540358144
