[Thu May 19 09:31:13 EDT 2016] picard.sam.SortSam INPUT=p_DS_bkm_134-N.sam OUTPUT=p_DS_bkm_134-N/p_DS_bkm_134-N.sorted.bam SORT_ORDER=coordinate TMP_DIR=[tmp_WT] VALIDATION_STRINGENCY=LENIENT CREATE_INDEX=true    VERBOSITY=INFO QUIET=false COMPRESSION_LEVEL=5 MAX_RECORDS_IN_RAM=500000 CREATE_MD5_FILE=false GA4GH_CLIENT_SECRETS=client_secrets.json
[Thu May 19 09:31:13 EDT 2016] Executing as abdelrahman@compute-1-8.local on Linux 2.6.32-279.14.1.el6.x86_64 amd64; Java HotSpot(TM) 64-Bit Server VM 1.8.0_45-b14; Picard version: 2.3.0(9a00c87b7ffdb01cfb5a0d6e76556146196babb8_1463071327) IntelDeflater
INFO	2016-05-19 09:35:37	SortSam	Read    10,000,000 records.  Elapsed time: 00:04:17s.  Time for last 10,000,000:  257s.  Last read position: chr17:7,664,052
INFO	2016-05-19 09:39:44	SortSam	Read    20,000,000 records.  Elapsed time: 00:08:24s.  Time for last 10,000,000:  246s.  Last read position: chr7:151,078,507
INFO	2016-05-19 09:42:47	SortSam	Read    30,000,000 records.  Elapsed time: 00:11:27s.  Time for last 10,000,000:  183s.  Last read position: chr6:149,007,525
INFO	2016-05-19 09:48:16	SortSam	Read    40,000,000 records.  Elapsed time: 00:16:56s.  Time for last 10,000,000:  328s.  Last read position: chr22:32,017,711
INFO	2016-05-19 09:53:02	SortSam	Read    50,000,000 records.  Elapsed time: 00:21:42s.  Time for last 10,000,000:  285s.  Last read position: chr19:49,376,912
INFO	2016-05-19 09:57:59	SortSam	Read    60,000,000 records.  Elapsed time: 00:26:39s.  Time for last 10,000,000:  297s.  Last read position: chr1:32,265,596
INFO	2016-05-19 10:01:19	SortSam	Read    70,000,000 records.  Elapsed time: 00:29:59s.  Time for last 10,000,000:  199s.  Last read position: chr1:22,165,846
INFO	2016-05-19 10:01:36	SortSam	Finished reading inputs, merging and writing to output now.
INFO	2016-05-19 10:03:23	SortSam	Wrote    10,000,000 records from a sorting collection.  Elapsed time: 00:32:03s.  Time for last 10,000,000:  101s.  Last read position: chr2:160,604,390
INFO	2016-05-19 10:05:04	SortSam	Wrote    20,000,000 records from a sorting collection.  Elapsed time: 00:33:44s.  Time for last 10,000,000:  100s.  Last read position: chr5:50,125,666
INFO	2016-05-19 10:06:48	SortSam	Wrote    30,000,000 records from a sorting collection.  Elapsed time: 00:35:29s.  Time for last 10,000,000:  104s.  Last read position: chr8:17,163,542
INFO	2016-05-19 10:08:30	SortSam	Wrote    40,000,000 records from a sorting collection.  Elapsed time: 00:37:10s.  Time for last 10,000,000:  101s.  Last read position: chr11:63,586,263
INFO	2016-05-19 10:10:06	SortSam	Wrote    50,000,000 records from a sorting collection.  Elapsed time: 00:38:47s.  Time for last 10,000,000:   96s.  Last read position: chr15:42,142,197
INFO	2016-05-19 10:11:43	SortSam	Wrote    60,000,000 records from a sorting collection.  Elapsed time: 00:40:23s.  Time for last 10,000,000:   96s.  Last read position: chr19:2,933,663
INFO	2016-05-19 10:13:22	SortSam	Wrote    70,000,000 records from a sorting collection.  Elapsed time: 00:42:02s.  Time for last 10,000,000:   98s.  Last read position: chrX:117,904,342
[Thu May 19 10:13:35 EDT 2016] picard.sam.SortSam done. Elapsed time: 42.38 minutes.
Runtime.totalMemory()=3739222016
[Thu May 19 10:13:36 EDT 2016] picard.sam.markduplicates.MarkDuplicates INPUT=[p_DS_bkm_134-N/p_DS_bkm_134-N.sorted.bam] OUTPUT=p_DS_bkm_134-N/p_DS_bkm_134-N.sorted.MarkDup.bam METRICS_FILE=MarkDup_metrics TMP_DIR=[tmp] VALIDATION_STRINGENCY=SILENT CREATE_INDEX=true    MAX_SEQUENCES_FOR_DISK_READ_ENDS_MAP=50000 MAX_FILE_HANDLES_FOR_READ_ENDS_MAP=8000 SORTING_COLLECTION_SIZE_RATIO=0.25 REMOVE_SEQUENCING_DUPLICATES=false TAGGING_POLICY=DontTag REMOVE_DUPLICATES=false ASSUME_SORTED=false DUPLICATE_SCORING_STRATEGY=SUM_OF_BASE_QUALITIES PROGRAM_RECORD_ID=MarkDuplicates PROGRAM_GROUP_NAME=MarkDuplicates READ_NAME_REGEX=<optimized capture of last three ':' separated fields as numeric values> OPTICAL_DUPLICATE_PIXEL_DISTANCE=100 VERBOSITY=INFO QUIET=false COMPRESSION_LEVEL=5 MAX_RECORDS_IN_RAM=500000 CREATE_MD5_FILE=false GA4GH_CLIENT_SECRETS=client_secrets.json
[Thu May 19 10:13:36 EDT 2016] Executing as abdelrahman@compute-1-8.local on Linux 2.6.32-279.14.1.el6.x86_64 amd64; Java HotSpot(TM) 64-Bit Server VM 1.8.0_45-b14; Picard version: 2.3.0(9a00c87b7ffdb01cfb5a0d6e76556146196babb8_1463071327) IntelDeflater
INFO	2016-05-19 10:13:36	MarkDuplicates	Start of doWork freeMemory: 502229280; totalMemory: 506462208; maxMemory: 13362528256
INFO	2016-05-19 10:13:36	MarkDuplicates	Reading input file and constructing read end information.
INFO	2016-05-19 10:13:36	MarkDuplicates	Will retain up to 51394339 data points before spilling to disk.
INFO	2016-05-19 10:13:41	MarkDuplicates	Read     1,000,000 records.  Elapsed time: 00:00:05s.  Time for last 1,000,000:    5s.  Last read position: chr1:22,875,683
INFO	2016-05-19 10:13:41	MarkDuplicates	Tracking 3656 as yet unmatched pairs. 278 records in RAM.
INFO	2016-05-19 10:13:47	MarkDuplicates	Read     2,000,000 records.  Elapsed time: 00:00:10s.  Time for last 1,000,000:    5s.  Last read position: chr1:44,045,070
INFO	2016-05-19 10:13:47	MarkDuplicates	Tracking 7112 as yet unmatched pairs. 482 records in RAM.
INFO	2016-05-19 10:13:51	MarkDuplicates	Read     3,000,000 records.  Elapsed time: 00:00:14s.  Time for last 1,000,000:    4s.  Last read position: chr1:90,400,026
INFO	2016-05-19 10:13:51	MarkDuplicates	Tracking 11510 as yet unmatched pairs. 685 records in RAM.
INFO	2016-05-19 10:13:56	MarkDuplicates	Read     4,000,000 records.  Elapsed time: 00:00:19s.  Time for last 1,000,000:    4s.  Last read position: chr1:151,236,431
INFO	2016-05-19 10:13:56	MarkDuplicates	Tracking 16614 as yet unmatched pairs. 680 records in RAM.
INFO	2016-05-19 10:14:01	MarkDuplicates	Read     5,000,000 records.  Elapsed time: 00:00:24s.  Time for last 1,000,000:    5s.  Last read position: chr1:169,076,019
INFO	2016-05-19 10:14:01	MarkDuplicates	Tracking 19479 as yet unmatched pairs. 543 records in RAM.
INFO	2016-05-19 10:14:05	MarkDuplicates	Read     6,000,000 records.  Elapsed time: 00:00:28s.  Time for last 1,000,000:    4s.  Last read position: chr1:207,132,377
INFO	2016-05-19 10:14:05	MarkDuplicates	Tracking 23142 as yet unmatched pairs. 351 records in RAM.
INFO	2016-05-19 10:14:10	MarkDuplicates	Read     7,000,000 records.  Elapsed time: 00:00:33s.  Time for last 1,000,000:    4s.  Last read position: chr1:249,240,490
INFO	2016-05-19 10:14:10	MarkDuplicates	Tracking 27271 as yet unmatched pairs. 8 records in RAM.
INFO	2016-05-19 10:14:16	MarkDuplicates	Read     8,000,000 records.  Elapsed time: 00:00:39s.  Time for last 1,000,000:    6s.  Last read position: chr2:44,203,175
INFO	2016-05-19 10:14:16	MarkDuplicates	Tracking 39034 as yet unmatched pairs. 2884 records in RAM.
INFO	2016-05-19 10:14:19	MarkDuplicates	Read     9,000,000 records.  Elapsed time: 00:00:43s.  Time for last 1,000,000:    3s.  Last read position: chr2:97,427,969
INFO	2016-05-19 10:14:19	MarkDuplicates	Tracking 43992 as yet unmatched pairs. 2631 records in RAM.
INFO	2016-05-19 10:14:25	MarkDuplicates	Read    10,000,000 records.  Elapsed time: 00:00:48s.  Time for last 1,000,000:    5s.  Last read position: chr2:160,604,390
INFO	2016-05-19 10:14:25	MarkDuplicates	Tracking 49824 as yet unmatched pairs. 1754 records in RAM.
INFO	2016-05-19 10:14:28	MarkDuplicates	Read    11,000,000 records.  Elapsed time: 00:00:51s.  Time for last 1,000,000:    3s.  Last read position: chr2:201,791,552
INFO	2016-05-19 10:14:28	MarkDuplicates	Tracking 52915 as yet unmatched pairs. 1122 records in RAM.
INFO	2016-05-19 10:14:35	MarkDuplicates	Read    12,000,000 records.  Elapsed time: 00:00:58s.  Time for last 1,000,000:    6s.  Last read position: chr2:237,233,193
INFO	2016-05-19 10:14:35	MarkDuplicates	Tracking 55741 as yet unmatched pairs. 222 records in RAM.
INFO	2016-05-19 10:14:38	MarkDuplicates	Read    13,000,000 records.  Elapsed time: 00:01:01s.  Time for last 1,000,000:    3s.  Last read position: chr3:38,781,105
INFO	2016-05-19 10:14:38	MarkDuplicates	Tracking 58487 as yet unmatched pairs. 3123 records in RAM.
INFO	2016-05-19 10:14:43	MarkDuplicates	Read    14,000,000 records.  Elapsed time: 00:01:06s.  Time for last 1,000,000:    4s.  Last read position: chr3:55,090,446
INFO	2016-05-19 10:14:43	MarkDuplicates	Tracking 60172 as yet unmatched pairs. 2616 records in RAM.
INFO	2016-05-19 10:14:47	MarkDuplicates	Read    15,000,000 records.  Elapsed time: 00:01:10s.  Time for last 1,000,000:    3s.  Last read position: chr3:124,646,418
INFO	2016-05-19 10:14:47	MarkDuplicates	Tracking 63601 as yet unmatched pairs. 1694 records in RAM.
INFO	2016-05-19 10:14:54	MarkDuplicates	Read    16,000,000 records.  Elapsed time: 00:01:17s.  Time for last 1,000,000:    7s.  Last read position: chr3:179,460,025
INFO	2016-05-19 10:14:54	MarkDuplicates	Tracking 66224 as yet unmatched pairs. 586 records in RAM.
INFO	2016-05-19 10:14:58	MarkDuplicates	Read    17,000,000 records.  Elapsed time: 00:01:21s.  Time for last 1,000,000:    3s.  Last read position: chr4:20,715,008
INFO	2016-05-19 10:14:58	MarkDuplicates	Tracking 68455 as yet unmatched pairs. 4333 records in RAM.
INFO	2016-05-19 10:15:03	MarkDuplicates	Read    18,000,000 records.  Elapsed time: 00:01:26s.  Time for last 1,000,000:    4s.  Last read position: chr4:88,420,652
INFO	2016-05-19 10:15:03	MarkDuplicates	Tracking 72637 as yet unmatched pairs. 2474 records in RAM.
INFO	2016-05-19 10:15:06	MarkDuplicates	Read    19,000,000 records.  Elapsed time: 00:01:29s.  Time for last 1,000,000:    3s.  Last read position: chr4:159,727,477
INFO	2016-05-19 10:15:06	MarkDuplicates	Tracking 75138 as yet unmatched pairs. 886 records in RAM.
INFO	2016-05-19 10:15:11	MarkDuplicates	Read    20,000,000 records.  Elapsed time: 00:01:34s.  Time for last 1,000,000:    5s.  Last read position: chr5:50,125,666
INFO	2016-05-19 10:15:11	MarkDuplicates	Tracking 77869 as yet unmatched pairs. 4291 records in RAM.
INFO	2016-05-19 10:15:15	MarkDuplicates	Read    21,000,000 records.  Elapsed time: 00:01:38s.  Time for last 1,000,000:    3s.  Last read position: chr5:122,359,403
INFO	2016-05-19 10:15:15	MarkDuplicates	Tracking 79962 as yet unmatched pairs. 2239 records in RAM.
INFO	2016-05-19 10:15:23	MarkDuplicates	Read    22,000,000 records.  Elapsed time: 00:01:46s.  Time for last 1,000,000:    7s.  Last read position: chr5:153,077,675
INFO	2016-05-19 10:15:23	MarkDuplicates	Tracking 81259 as yet unmatched pairs. 1081 records in RAM.
INFO	2016-05-19 10:15:26	MarkDuplicates	Read    23,000,000 records.  Elapsed time: 00:01:49s.  Time for last 1,000,000:    3s.  Last read position: chr6:24,415,371
INFO	2016-05-19 10:15:26	MarkDuplicates	Tracking 82693 as yet unmatched pairs. 5693 records in RAM.
INFO	2016-05-19 10:15:30	MarkDuplicates	Read    24,000,000 records.  Elapsed time: 00:01:53s.  Time for last 1,000,000:    3s.  Last read position: chr6:37,664,672
INFO	2016-05-19 10:15:30	MarkDuplicates	Tracking 83434 as yet unmatched pairs. 4736 records in RAM.
INFO	2016-05-19 10:15:34	MarkDuplicates	Read    25,000,000 records.  Elapsed time: 00:01:57s.  Time for last 1,000,000:    4s.  Last read position: chr6:89,600,084
INFO	2016-05-19 10:15:34	MarkDuplicates	Tracking 84578 as yet unmatched pairs. 3023 records in RAM.
INFO	2016-05-19 10:15:38	MarkDuplicates	Read    26,000,000 records.  Elapsed time: 00:02:01s.  Time for last 1,000,000:    3s.  Last read position: chr6:151,488,915
INFO	2016-05-19 10:15:38	MarkDuplicates	Tracking 85559 as yet unmatched pairs. 881 records in RAM.
INFO	2016-05-19 10:15:43	MarkDuplicates	Read    27,000,000 records.  Elapsed time: 00:02:06s.  Time for last 1,000,000:    5s.  Last read position: chr7:30,878,846
INFO	2016-05-19 10:15:43	MarkDuplicates	Tracking 86568 as yet unmatched pairs. 5996 records in RAM.
INFO	2016-05-19 10:15:47	MarkDuplicates	Read    28,000,000 records.  Elapsed time: 00:02:10s.  Time for last 1,000,000:    3s.  Last read position: chr7:94,052,380
INFO	2016-05-19 10:15:47	MarkDuplicates	Tracking 87499 as yet unmatched pairs. 3585 records in RAM.
INFO	2016-05-19 10:15:55	MarkDuplicates	Read    29,000,000 records.  Elapsed time: 00:02:18s.  Time for last 1,000,000:    8s.  Last read position: chr7:130,132,096
INFO	2016-05-19 10:15:55	MarkDuplicates	Tracking 87939 as yet unmatched pairs. 1584 records in RAM.
INFO	2016-05-19 10:15:59	MarkDuplicates	Read    30,000,000 records.  Elapsed time: 00:02:22s.  Time for last 1,000,000:    3s.  Last read position: chr8:17,163,542
INFO	2016-05-19 10:15:59	MarkDuplicates	Tracking 88368 as yet unmatched pairs. 5802 records in RAM.
INFO	2016-05-19 10:16:03	MarkDuplicates	Read    31,000,000 records.  Elapsed time: 00:02:26s.  Time for last 1,000,000:    4s.  Last read position: chr8:70,602,394
INFO	2016-05-19 10:16:03	MarkDuplicates	Tracking 88593 as yet unmatched pairs. 3347 records in RAM.
INFO	2016-05-19 10:16:06	MarkDuplicates	Read    32,000,000 records.  Elapsed time: 00:02:29s.  Time for last 1,000,000:    3s.  Last read position: chr8:143,817,028
INFO	2016-05-19 10:16:06	MarkDuplicates	Tracking 88761 as yet unmatched pairs. 426 records in RAM.
INFO	2016-05-19 10:16:11	MarkDuplicates	Read    33,000,000 records.  Elapsed time: 00:02:35s.  Time for last 1,000,000:    5s.  Last read position: chr9:37,860,218
INFO	2016-05-19 10:16:11	MarkDuplicates	Tracking 88658 as yet unmatched pairs. 4975 records in RAM.
INFO	2016-05-19 10:16:15	MarkDuplicates	Read    34,000,000 records.  Elapsed time: 00:02:38s.  Time for last 1,000,000:    3s.  Last read position: chr9:116,967,890
INFO	2016-05-19 10:16:15	MarkDuplicates	Tracking 88671 as yet unmatched pairs. 2051 records in RAM.
INFO	2016-05-19 10:16:24	MarkDuplicates	Read    35,000,000 records.  Elapsed time: 00:02:47s.  Time for last 1,000,000:    9s.  Last read position: chr9:139,920,953
INFO	2016-05-19 10:16:24	MarkDuplicates	Tracking 88260 as yet unmatched pairs. 196 records in RAM.
INFO	2016-05-19 10:16:28	MarkDuplicates	Read    36,000,000 records.  Elapsed time: 00:02:51s.  Time for last 1,000,000:    3s.  Last read position: chr10:52,389,779
INFO	2016-05-19 10:16:28	MarkDuplicates	Tracking 87746 as yet unmatched pairs. 5180 records in RAM.
INFO	2016-05-19 10:16:32	MarkDuplicates	Read    37,000,000 records.  Elapsed time: 00:02:55s.  Time for last 1,000,000:    4s.  Last read position: chr10:99,376,504
INFO	2016-05-19 10:16:32	MarkDuplicates	Tracking 87100 as yet unmatched pairs. 2493 records in RAM.
INFO	2016-05-19 10:16:36	MarkDuplicates	Read    38,000,000 records.  Elapsed time: 00:02:59s.  Time for last 1,000,000:    4s.  Last read position: chr11:379,379
INFO	2016-05-19 10:16:36	MarkDuplicates	Tracking 86449 as yet unmatched pairs. 9763 records in RAM.
INFO	2016-05-19 10:16:41	MarkDuplicates	Read    39,000,000 records.  Elapsed time: 00:03:05s.  Time for last 1,000,000:    5s.  Last read position: chr11:27,076,945
INFO	2016-05-19 10:16:41	MarkDuplicates	Tracking 85852 as yet unmatched pairs. 7810 records in RAM.
INFO	2016-05-19 10:16:45	MarkDuplicates	Read    40,000,000 records.  Elapsed time: 00:03:09s.  Time for last 1,000,000:    4s.  Last read position: chr11:63,586,263
INFO	2016-05-19 10:16:45	MarkDuplicates	Tracking 85002 as yet unmatched pairs. 5318 records in RAM.
INFO	2016-05-19 10:16:51	MarkDuplicates	Read    41,000,000 records.  Elapsed time: 00:03:14s.  Time for last 1,000,000:    5s.  Last read position: chr11:85,438,911
INFO	2016-05-19 10:16:51	MarkDuplicates	Tracking 84263 as yet unmatched pairs. 3327 records in RAM.
INFO	2016-05-19 10:16:55	MarkDuplicates	Read    42,000,000 records.  Elapsed time: 00:03:18s.  Time for last 1,000,000:    3s.  Last read position: chr11:125,490,766
INFO	2016-05-19 10:16:55	MarkDuplicates	Tracking 82994 as yet unmatched pairs. 559 records in RAM.
INFO	2016-05-19 10:17:06	MarkDuplicates	Read    43,000,000 records.  Elapsed time: 00:03:29s.  Time for last 1,000,000:   10s.  Last read position: chr12:29,423,339
INFO	2016-05-19 10:17:06	MarkDuplicates	Tracking 81990 as yet unmatched pairs. 8349 records in RAM.
INFO	2016-05-19 10:17:09	MarkDuplicates	Read    44,000,000 records.  Elapsed time: 00:03:32s.  Time for last 1,000,000:    3s.  Last read position: chr12:56,982,762
INFO	2016-05-19 10:17:09	MarkDuplicates	Tracking 80860 as yet unmatched pairs. 6023 records in RAM.
INFO	2016-05-19 10:17:14	MarkDuplicates	Read    45,000,000 records.  Elapsed time: 00:03:37s.  Time for last 1,000,000:    4s.  Last read position: chr12:108,912,524
INFO	2016-05-19 10:17:14	MarkDuplicates	Tracking 79054 as yet unmatched pairs. 2412 records in RAM.
INFO	2016-05-19 10:17:18	MarkDuplicates	Read    46,000,000 records.  Elapsed time: 00:03:41s.  Time for last 1,000,000:    3s.  Last read position: chr13:25,363,620
INFO	2016-05-19 10:17:18	MarkDuplicates	Tracking 77488 as yet unmatched pairs. 5045 records in RAM.
INFO	2016-05-19 10:17:23	MarkDuplicates	Read    47,000,000 records.  Elapsed time: 00:03:46s.  Time for last 1,000,000:    5s.  Last read position: chr13:103,402,564
INFO	2016-05-19 10:17:23	MarkDuplicates	Tracking 75206 as yet unmatched pairs. 822 records in RAM.
INFO	2016-05-19 10:17:26	MarkDuplicates	Read    48,000,000 records.  Elapsed time: 00:03:49s.  Time for last 1,000,000:    3s.  Last read position: chr14:50,802,692
INFO	2016-05-19 10:17:26	MarkDuplicates	Tracking 73267 as yet unmatched pairs. 4838 records in RAM.
INFO	2016-05-19 10:17:32	MarkDuplicates	Read    49,000,000 records.  Elapsed time: 00:03:56s.  Time for last 1,000,000:    6s.  Last read position: chr14:94,088,554
INFO	2016-05-19 10:17:32	MarkDuplicates	Tracking 71098 as yet unmatched pairs. 1406 records in RAM.
INFO	2016-05-19 10:17:36	MarkDuplicates	Read    50,000,000 records.  Elapsed time: 00:03:59s.  Time for last 1,000,000:    3s.  Last read position: chr15:42,142,197
INFO	2016-05-19 10:17:36	MarkDuplicates	Tracking 69032 as yet unmatched pairs. 5668 records in RAM.
INFO	2016-05-19 10:17:46	MarkDuplicates	Read    51,000,000 records.  Elapsed time: 00:04:09s.  Time for last 1,000,000:   10s.  Last read position: chr15:72,432,299
INFO	2016-05-19 10:17:46	MarkDuplicates	Tracking 67024 as yet unmatched pairs. 2713 records in RAM.
INFO	2016-05-19 10:18:44	MarkDuplicates	Read    52,000,000 records.  Elapsed time: 00:05:07s.  Time for last 1,000,000:   57s.  Last read position: chr16:1,494,308
INFO	2016-05-19 10:18:44	MarkDuplicates	Tracking 64853 as yet unmatched pairs. 9444 records in RAM.
INFO	2016-05-19 10:18:48	MarkDuplicates	Read    53,000,000 records.  Elapsed time: 00:05:11s.  Time for last 1,000,000:    4s.  Last read position: chr16:29,342,832
INFO	2016-05-19 10:18:48	MarkDuplicates	Tracking 62541 as yet unmatched pairs. 6356 records in RAM.
INFO	2016-05-19 10:18:51	MarkDuplicates	Read    54,000,000 records.  Elapsed time: 00:05:15s.  Time for last 1,000,000:    3s.  Last read position: chr16:69,153,178
INFO	2016-05-19 10:18:51	MarkDuplicates	Tracking 59842 as yet unmatched pairs. 2385 records in RAM.
INFO	2016-05-19 10:18:57	MarkDuplicates	Read    55,000,000 records.  Elapsed time: 00:05:20s.  Time for last 1,000,000:    5s.  Last read position: chr17:4,799,512
INFO	2016-05-19 10:18:57	MarkDuplicates	Tracking 57504 as yet unmatched pairs. 10701 records in RAM.
INFO	2016-05-19 10:19:01	MarkDuplicates	Read    56,000,000 records.  Elapsed time: 00:05:24s.  Time for last 1,000,000:    3s.  Last read position: chr17:27,016,225
INFO	2016-05-19 10:19:01	MarkDuplicates	Tracking 55374 as yet unmatched pairs. 7958 records in RAM.
INFO	2016-05-19 10:19:07	MarkDuplicates	Read    57,000,000 records.  Elapsed time: 00:05:30s.  Time for last 1,000,000:    6s.  Last read position: chr17:42,979,578
INFO	2016-05-19 10:19:07	MarkDuplicates	Tracking 53042 as yet unmatched pairs. 5114 records in RAM.
INFO	2016-05-19 10:19:10	MarkDuplicates	Read    58,000,000 records.  Elapsed time: 00:05:33s.  Time for last 1,000,000:    3s.  Last read position: chr17:72,768,231
INFO	2016-05-19 10:19:10	MarkDuplicates	Tracking 50287 as yet unmatched pairs. 1710 records in RAM.
INFO	2016-05-19 10:19:19	MarkDuplicates	Read    59,000,000 records.  Elapsed time: 00:05:42s.  Time for last 1,000,000:    8s.  Last read position: chr18:21,492,635
INFO	2016-05-19 10:19:19	MarkDuplicates	Tracking 47166 as yet unmatched pairs. 3854 records in RAM.
INFO	2016-05-19 10:19:23	MarkDuplicates	Read    60,000,000 records.  Elapsed time: 00:05:46s.  Time for last 1,000,000:    4s.  Last read position: chr19:2,933,663
INFO	2016-05-19 10:19:23	MarkDuplicates	Tracking 43349 as yet unmatched pairs. 12058 records in RAM.
INFO	2016-05-19 10:19:28	MarkDuplicates	Read    61,000,000 records.  Elapsed time: 00:05:51s.  Time for last 1,000,000:    5s.  Last read position: chr19:14,059,187
INFO	2016-05-19 10:19:28	MarkDuplicates	Tracking 40779 as yet unmatched pairs. 9173 records in RAM.
INFO	2016-05-19 10:19:32	MarkDuplicates	Read    62,000,000 records.  Elapsed time: 00:05:55s.  Time for last 1,000,000:    3s.  Last read position: chr19:38,262,297
INFO	2016-05-19 10:19:32	MarkDuplicates	Tracking 37171 as yet unmatched pairs. 5215 records in RAM.
INFO	2016-05-19 10:19:37	MarkDuplicates	Read    63,000,000 records.  Elapsed time: 00:06:00s.  Time for last 1,000,000:    4s.  Last read position: chr19:49,618,192
INFO	2016-05-19 10:19:37	MarkDuplicates	Tracking 34763 as yet unmatched pairs. 2508 records in RAM.
INFO	2016-05-19 10:19:40	MarkDuplicates	Read    64,000,000 records.  Elapsed time: 00:06:03s.  Time for last 1,000,000:    3s.  Last read position: chr20:2,465,136
INFO	2016-05-19 10:19:40	MarkDuplicates	Tracking 32343 as yet unmatched pairs. 6764 records in RAM.
INFO	2016-05-19 10:19:46	MarkDuplicates	Read    65,000,000 records.  Elapsed time: 00:06:09s.  Time for last 1,000,000:    5s.  Last read position: chr20:42,969,767
INFO	2016-05-19 10:19:46	MarkDuplicates	Tracking 28739 as yet unmatched pairs. 2442 records in RAM.
INFO	2016-05-19 10:19:49	MarkDuplicates	Read    66,000,000 records.  Elapsed time: 00:06:12s.  Time for last 1,000,000:    3s.  Last read position: chr21:35,144,345
INFO	2016-05-19 10:19:49	MarkDuplicates	Tracking 23819 as yet unmatched pairs. 1736 records in RAM.
INFO	2016-05-19 10:19:53	MarkDuplicates	Read    67,000,000 records.  Elapsed time: 00:06:16s.  Time for last 1,000,000:    3s.  Last read position: chr22:30,038,250
INFO	2016-05-19 10:19:53	MarkDuplicates	Tracking 20546 as yet unmatched pairs. 3187 records in RAM.
INFO	2016-05-19 10:20:02	MarkDuplicates	Read    68,000,000 records.  Elapsed time: 00:06:25s.  Time for last 1,000,000:    9s.  Last read position: chrX:3,242,482
INFO	2016-05-19 10:20:02	MarkDuplicates	Tracking 17397 as yet unmatched pairs. 13779 records in RAM.
INFO	2016-05-19 10:20:06	MarkDuplicates	Read    69,000,000 records.  Elapsed time: 00:06:29s.  Time for last 1,000,000:    3s.  Last read position: chrX:54,042,961
INFO	2016-05-19 10:20:06	MarkDuplicates	Tracking 12956 as yet unmatched pairs. 9311 records in RAM.
INFO	2016-05-19 10:20:10	MarkDuplicates	Read    70,000,000 records.  Elapsed time: 00:06:33s.  Time for last 1,000,000:    4s.  Last read position: chrX:117,904,342
INFO	2016-05-19 10:20:10	MarkDuplicates	Tracking 7623 as yet unmatched pairs. 3947 records in RAM.
INFO	2016-05-19 10:20:13	MarkDuplicates	Read 70799498 records. 0 pairs never matched.
INFO	2016-05-19 10:20:36	MarkDuplicates	After buildSortedReadEndLists freeMemory: 6638805960; totalMemory: 9458679808; maxMemory: 13362528256
INFO	2016-05-19 10:20:36	MarkDuplicates	Will retain up to 417579008 duplicate indices before spilling to disk.
INFO	2016-05-19 10:20:37	MarkDuplicates	Traversing read pair information and detecting duplicates.
INFO	2016-05-19 10:20:43	MarkDuplicates	Traversing fragment information and detecting duplicates.
INFO	2016-05-19 10:21:11	MarkDuplicates	Sorting list of duplicate records.
INFO	2016-05-19 10:21:12	MarkDuplicates	After generateDuplicateIndexes freeMemory: 9540406272; totalMemory: 12967739392; maxMemory: 13362528256
INFO	2016-05-19 10:21:12	MarkDuplicates	Marking 6038056 records as duplicates.
INFO	2016-05-19 10:21:12	MarkDuplicates	Found 1807 optical duplicate clusters.
INFO	2016-05-19 10:21:12	MarkDuplicates	Reads are assumed to be ordered by: coordinate
INFO	2016-05-19 10:23:20	MarkDuplicates	Written    10,000,000 records.  Elapsed time: 00:02:07s.  Time for last 10,000,000:  127s.  Last read position: chr2:160,604,390
INFO	2016-05-19 10:25:41	MarkDuplicates	Written    20,000,000 records.  Elapsed time: 00:04:28s.  Time for last 10,000,000:  141s.  Last read position: chr5:50,125,666
INFO	2016-05-19 10:27:56	MarkDuplicates	Written    30,000,000 records.  Elapsed time: 00:06:43s.  Time for last 10,000,000:  134s.  Last read position: chr8:17,163,542
INFO	2016-05-19 10:30:11	MarkDuplicates	Written    40,000,000 records.  Elapsed time: 00:08:59s.  Time for last 10,000,000:  135s.  Last read position: chr11:63,586,263
INFO	2016-05-19 10:32:29	MarkDuplicates	Written    50,000,000 records.  Elapsed time: 00:11:16s.  Time for last 10,000,000:  137s.  Last read position: chr15:42,142,197
INFO	2016-05-19 10:34:51	MarkDuplicates	Written    60,000,000 records.  Elapsed time: 00:13:38s.  Time for last 10,000,000:  142s.  Last read position: chr19:2,933,663
INFO	2016-05-19 10:37:09	MarkDuplicates	Written    70,000,000 records.  Elapsed time: 00:15:56s.  Time for last 10,000,000:  138s.  Last read position: chrX:117,904,342
INFO	2016-05-19 10:37:21	MarkDuplicates	Before output close freeMemory: 12785843960; totalMemory: 12879134720; maxMemory: 13362528256
INFO	2016-05-19 10:37:24	MarkDuplicates	After output close freeMemory: 12862913344; totalMemory: 12956205056; maxMemory: 13362528256
[Thu May 19 10:37:24 EDT 2016] picard.sam.markduplicates.MarkDuplicates done. Elapsed time: 23.80 minutes.
Runtime.totalMemory()=12956205056
[Thu May 19 10:37:25 EDT 2016] picard.sam.AddOrReplaceReadGroups INPUT=p_DS_bkm_134-N/p_DS_bkm_134-N.sorted.MarkDup.bam OUTPUT=p_DS_bkm_134-N/p_DS_bkm_134-N.sorted.MarkDup.fixed.bam SORT_ORDER=coordinate RGID=id RGLB=bar RGPL=Illumina RGPU=platform RGSM=sample1 TMP_DIR=[tmp] VALIDATION_STRINGENCY=SILENT CREATE_INDEX=true    VERBOSITY=INFO QUIET=false COMPRESSION_LEVEL=5 MAX_RECORDS_IN_RAM=500000 CREATE_MD5_FILE=false GA4GH_CLIENT_SECRETS=client_secrets.json
[Thu May 19 10:37:25 EDT 2016] Executing as abdelrahman@compute-1-8.local on Linux 2.6.32-279.14.1.el6.x86_64 amd64; Java HotSpot(TM) 64-Bit Server VM 1.8.0_45-b14; Picard version: 2.3.0(9a00c87b7ffdb01cfb5a0d6e76556146196babb8_1463071327) IntelDeflater
INFO	2016-05-19 10:37:25	AddOrReplaceReadGroups	Created read group ID=id PL=Illumina LB=bar SM=sample1

INFO	2016-05-19 10:37:39	AddOrReplaceReadGroups	Processed     1,000,000 records.  Elapsed time: 00:00:13s.  Time for last 1,000,000:   13s.  Last read position: chr1:22,875,683
INFO	2016-05-19 10:37:52	AddOrReplaceReadGroups	Processed     2,000,000 records.  Elapsed time: 00:00:27s.  Time for last 1,000,000:   13s.  Last read position: chr1:44,045,070
INFO	2016-05-19 10:38:09	AddOrReplaceReadGroups	Processed     3,000,000 records.  Elapsed time: 00:00:43s.  Time for last 1,000,000:   16s.  Last read position: chr1:90,400,026
INFO	2016-05-19 10:38:22	AddOrReplaceReadGroups	Processed     4,000,000 records.  Elapsed time: 00:00:57s.  Time for last 1,000,000:   13s.  Last read position: chr1:151,236,431
INFO	2016-05-19 10:38:39	AddOrReplaceReadGroups	Processed     5,000,000 records.  Elapsed time: 00:01:13s.  Time for last 1,000,000:   16s.  Last read position: chr1:169,076,019
INFO	2016-05-19 10:38:52	AddOrReplaceReadGroups	Processed     6,000,000 records.  Elapsed time: 00:01:26s.  Time for last 1,000,000:   12s.  Last read position: chr1:207,132,377
INFO	2016-05-19 10:39:05	AddOrReplaceReadGroups	Processed     7,000,000 records.  Elapsed time: 00:01:40s.  Time for last 1,000,000:   13s.  Last read position: chr1:249,240,490
INFO	2016-05-19 10:39:22	AddOrReplaceReadGroups	Processed     8,000,000 records.  Elapsed time: 00:01:56s.  Time for last 1,000,000:   16s.  Last read position: chr2:44,203,175
INFO	2016-05-19 10:39:35	AddOrReplaceReadGroups	Processed     9,000,000 records.  Elapsed time: 00:02:10s.  Time for last 1,000,000:   13s.  Last read position: chr2:97,427,969
INFO	2016-05-19 10:39:51	AddOrReplaceReadGroups	Processed    10,000,000 records.  Elapsed time: 00:02:26s.  Time for last 1,000,000:   16s.  Last read position: chr2:160,604,390
INFO	2016-05-19 10:40:05	AddOrReplaceReadGroups	Processed    11,000,000 records.  Elapsed time: 00:02:40s.  Time for last 1,000,000:   14s.  Last read position: chr2:201,791,552
INFO	2016-05-19 10:40:21	AddOrReplaceReadGroups	Processed    12,000,000 records.  Elapsed time: 00:02:55s.  Time for last 1,000,000:   15s.  Last read position: chr2:237,233,193
INFO	2016-05-19 10:40:33	AddOrReplaceReadGroups	Processed    13,000,000 records.  Elapsed time: 00:03:08s.  Time for last 1,000,000:   12s.  Last read position: chr3:38,781,105
INFO	2016-05-19 10:40:51	AddOrReplaceReadGroups	Processed    14,000,000 records.  Elapsed time: 00:03:25s.  Time for last 1,000,000:   17s.  Last read position: chr3:55,090,446
INFO	2016-05-19 10:41:04	AddOrReplaceReadGroups	Processed    15,000,000 records.  Elapsed time: 00:03:39s.  Time for last 1,000,000:   13s.  Last read position: chr3:124,646,418
INFO	2016-05-19 10:41:20	AddOrReplaceReadGroups	Processed    16,000,000 records.  Elapsed time: 00:03:55s.  Time for last 1,000,000:   15s.  Last read position: chr3:179,460,025
INFO	2016-05-19 10:41:33	AddOrReplaceReadGroups	Processed    17,000,000 records.  Elapsed time: 00:04:07s.  Time for last 1,000,000:   12s.  Last read position: chr4:20,715,008
INFO	2016-05-19 10:41:45	AddOrReplaceReadGroups	Processed    18,000,000 records.  Elapsed time: 00:04:20s.  Time for last 1,000,000:   12s.  Last read position: chr4:88,420,652
INFO	2016-05-19 10:42:01	AddOrReplaceReadGroups	Processed    19,000,000 records.  Elapsed time: 00:04:35s.  Time for last 1,000,000:   15s.  Last read position: chr4:159,727,477
INFO	2016-05-19 10:42:15	AddOrReplaceReadGroups	Processed    20,000,000 records.  Elapsed time: 00:04:49s.  Time for last 1,000,000:   13s.  Last read position: chr5:50,125,666
INFO	2016-05-19 10:42:30	AddOrReplaceReadGroups	Processed    21,000,000 records.  Elapsed time: 00:05:05s.  Time for last 1,000,000:   15s.  Last read position: chr5:122,359,403
INFO	2016-05-19 10:42:43	AddOrReplaceReadGroups	Processed    22,000,000 records.  Elapsed time: 00:05:18s.  Time for last 1,000,000:   12s.  Last read position: chr5:153,077,675
INFO	2016-05-19 10:42:59	AddOrReplaceReadGroups	Processed    23,000,000 records.  Elapsed time: 00:05:34s.  Time for last 1,000,000:   15s.  Last read position: chr6:24,415,371
INFO	2016-05-19 10:43:12	AddOrReplaceReadGroups	Processed    24,000,000 records.  Elapsed time: 00:05:47s.  Time for last 1,000,000:   13s.  Last read position: chr6:37,664,672
INFO	2016-05-19 10:43:28	AddOrReplaceReadGroups	Processed    25,000,000 records.  Elapsed time: 00:06:03s.  Time for last 1,000,000:   15s.  Last read position: chr6:89,600,084
INFO	2016-05-19 10:43:43	AddOrReplaceReadGroups	Processed    26,000,000 records.  Elapsed time: 00:06:18s.  Time for last 1,000,000:   15s.  Last read position: chr6:151,488,915
INFO	2016-05-19 10:43:58	AddOrReplaceReadGroups	Processed    27,000,000 records.  Elapsed time: 00:06:33s.  Time for last 1,000,000:   14s.  Last read position: chr7:30,878,846
INFO	2016-05-19 10:44:12	AddOrReplaceReadGroups	Processed    28,000,000 records.  Elapsed time: 00:06:47s.  Time for last 1,000,000:   14s.  Last read position: chr7:94,052,380
INFO	2016-05-19 10:44:28	AddOrReplaceReadGroups	Processed    29,000,000 records.  Elapsed time: 00:07:03s.  Time for last 1,000,000:   16s.  Last read position: chr7:130,132,096
INFO	2016-05-19 10:44:42	AddOrReplaceReadGroups	Processed    30,000,000 records.  Elapsed time: 00:07:16s.  Time for last 1,000,000:   13s.  Last read position: chr8:17,163,542
INFO	2016-05-19 10:44:55	AddOrReplaceReadGroups	Processed    31,000,000 records.  Elapsed time: 00:07:30s.  Time for last 1,000,000:   13s.  Last read position: chr8:70,602,394
INFO	2016-05-19 10:45:08	AddOrReplaceReadGroups	Processed    32,000,000 records.  Elapsed time: 00:07:42s.  Time for last 1,000,000:   12s.  Last read position: chr8:143,817,028
INFO	2016-05-19 10:45:23	AddOrReplaceReadGroups	Processed    33,000,000 records.  Elapsed time: 00:07:58s.  Time for last 1,000,000:   15s.  Last read position: chr9:37,860,218
INFO	2016-05-19 10:45:37	AddOrReplaceReadGroups	Processed    34,000,000 records.  Elapsed time: 00:08:11s.  Time for last 1,000,000:   13s.  Last read position: chr9:116,967,890
INFO	2016-05-19 10:45:53	AddOrReplaceReadGroups	Processed    35,000,000 records.  Elapsed time: 00:08:27s.  Time for last 1,000,000:   16s.  Last read position: chr9:139,920,953
INFO	2016-05-19 10:46:06	AddOrReplaceReadGroups	Processed    36,000,000 records.  Elapsed time: 00:08:41s.  Time for last 1,000,000:   13s.  Last read position: chr10:52,389,779
INFO	2016-05-19 10:46:21	AddOrReplaceReadGroups	Processed    37,000,000 records.  Elapsed time: 00:08:56s.  Time for last 1,000,000:   15s.  Last read position: chr10:99,376,504
INFO	2016-05-19 10:46:34	AddOrReplaceReadGroups	Processed    38,000,000 records.  Elapsed time: 00:09:09s.  Time for last 1,000,000:   12s.  Last read position: chr11:379,379
INFO	2016-05-19 10:46:47	AddOrReplaceReadGroups	Processed    39,000,000 records.  Elapsed time: 00:09:22s.  Time for last 1,000,000:   12s.  Last read position: chr11:27,076,945
INFO	2016-05-19 10:47:00	AddOrReplaceReadGroups	Processed    40,000,000 records.  Elapsed time: 00:09:34s.  Time for last 1,000,000:   12s.  Last read position: chr11:63,586,263
INFO	2016-05-19 10:47:12	AddOrReplaceReadGroups	Processed    41,000,000 records.  Elapsed time: 00:09:47s.  Time for last 1,000,000:   12s.  Last read position: chr11:85,438,911
INFO	2016-05-19 10:47:29	AddOrReplaceReadGroups	Processed    42,000,000 records.  Elapsed time: 00:10:03s.  Time for last 1,000,000:   16s.  Last read position: chr11:125,490,766
INFO	2016-05-19 10:47:42	AddOrReplaceReadGroups	Processed    43,000,000 records.  Elapsed time: 00:10:16s.  Time for last 1,000,000:   12s.  Last read position: chr12:29,423,339
INFO	2016-05-19 10:47:57	AddOrReplaceReadGroups	Processed    44,000,000 records.  Elapsed time: 00:10:32s.  Time for last 1,000,000:   15s.  Last read position: chr12:56,982,762
INFO	2016-05-19 10:48:11	AddOrReplaceReadGroups	Processed    45,000,000 records.  Elapsed time: 00:10:45s.  Time for last 1,000,000:   13s.  Last read position: chr12:108,912,524
INFO	2016-05-19 10:48:26	AddOrReplaceReadGroups	Processed    46,000,000 records.  Elapsed time: 00:11:01s.  Time for last 1,000,000:   15s.  Last read position: chr13:25,363,620
INFO	2016-05-19 10:48:39	AddOrReplaceReadGroups	Processed    47,000,000 records.  Elapsed time: 00:11:14s.  Time for last 1,000,000:   12s.  Last read position: chr13:103,402,564
INFO	2016-05-19 10:48:55	AddOrReplaceReadGroups	Processed    48,000,000 records.  Elapsed time: 00:11:30s.  Time for last 1,000,000:   16s.  Last read position: chr14:50,802,692
INFO	2016-05-19 10:49:10	AddOrReplaceReadGroups	Processed    49,000,000 records.  Elapsed time: 00:11:44s.  Time for last 1,000,000:   14s.  Last read position: chr14:94,088,554
INFO	2016-05-19 10:49:26	AddOrReplaceReadGroups	Processed    50,000,000 records.  Elapsed time: 00:12:00s.  Time for last 1,000,000:   16s.  Last read position: chr15:42,142,197
INFO	2016-05-19 10:49:38	AddOrReplaceReadGroups	Processed    51,000,000 records.  Elapsed time: 00:12:13s.  Time for last 1,000,000:   12s.  Last read position: chr15:72,432,299
INFO	2016-05-19 10:49:54	AddOrReplaceReadGroups	Processed    52,000,000 records.  Elapsed time: 00:12:28s.  Time for last 1,000,000:   15s.  Last read position: chr16:1,494,308
INFO	2016-05-19 10:50:06	AddOrReplaceReadGroups	Processed    53,000,000 records.  Elapsed time: 00:12:41s.  Time for last 1,000,000:   12s.  Last read position: chr16:29,342,832
INFO	2016-05-19 10:50:22	AddOrReplaceReadGroups	Processed    54,000,000 records.  Elapsed time: 00:12:57s.  Time for last 1,000,000:   15s.  Last read position: chr16:69,153,178
INFO	2016-05-19 10:50:35	AddOrReplaceReadGroups	Processed    55,000,000 records.  Elapsed time: 00:13:10s.  Time for last 1,000,000:   12s.  Last read position: chr17:4,799,512
INFO	2016-05-19 10:50:48	AddOrReplaceReadGroups	Processed    56,000,000 records.  Elapsed time: 00:13:23s.  Time for last 1,000,000:   12s.  Last read position: chr17:27,016,225
INFO	2016-05-19 10:51:01	AddOrReplaceReadGroups	Processed    57,000,000 records.  Elapsed time: 00:13:35s.  Time for last 1,000,000:   12s.  Last read position: chr17:42,979,578
INFO	2016-05-19 10:51:14	AddOrReplaceReadGroups	Processed    58,000,000 records.  Elapsed time: 00:13:48s.  Time for last 1,000,000:   12s.  Last read position: chr17:72,768,231
INFO	2016-05-19 10:51:26	AddOrReplaceReadGroups	Processed    59,000,000 records.  Elapsed time: 00:14:01s.  Time for last 1,000,000:   12s.  Last read position: chr18:21,492,635
INFO	2016-05-19 10:51:39	AddOrReplaceReadGroups	Processed    60,000,000 records.  Elapsed time: 00:14:14s.  Time for last 1,000,000:   12s.  Last read position: chr19:2,933,663
INFO	2016-05-19 10:51:52	AddOrReplaceReadGroups	Processed    61,000,000 records.  Elapsed time: 00:14:26s.  Time for last 1,000,000:   12s.  Last read position: chr19:14,059,187
INFO	2016-05-19 10:52:04	AddOrReplaceReadGroups	Processed    62,000,000 records.  Elapsed time: 00:14:39s.  Time for last 1,000,000:   12s.  Last read position: chr19:38,262,297
INFO	2016-05-19 10:52:17	AddOrReplaceReadGroups	Processed    63,000,000 records.  Elapsed time: 00:14:52s.  Time for last 1,000,000:   12s.  Last read position: chr19:49,618,192
INFO	2016-05-19 10:52:31	AddOrReplaceReadGroups	Processed    64,000,000 records.  Elapsed time: 00:15:06s.  Time for last 1,000,000:   13s.  Last read position: chr20:2,465,136
INFO	2016-05-19 10:52:45	AddOrReplaceReadGroups	Processed    65,000,000 records.  Elapsed time: 00:15:20s.  Time for last 1,000,000:   14s.  Last read position: chr20:42,969,767
INFO	2016-05-19 10:53:02	AddOrReplaceReadGroups	Processed    66,000,000 records.  Elapsed time: 00:15:36s.  Time for last 1,000,000:   16s.  Last read position: chr21:35,144,345
INFO	2016-05-19 10:53:15	AddOrReplaceReadGroups	Processed    67,000,000 records.  Elapsed time: 00:15:49s.  Time for last 1,000,000:   12s.  Last read position: chr22:30,038,250
INFO	2016-05-19 10:53:31	AddOrReplaceReadGroups	Processed    68,000,000 records.  Elapsed time: 00:16:05s.  Time for last 1,000,000:   15s.  Last read position: chrX:3,242,482
INFO	2016-05-19 10:53:43	AddOrReplaceReadGroups	Processed    69,000,000 records.  Elapsed time: 00:16:18s.  Time for last 1,000,000:   12s.  Last read position: chrX:54,042,961
INFO	2016-05-19 10:53:59	AddOrReplaceReadGroups	Processed    70,000,000 records.  Elapsed time: 00:16:34s.  Time for last 1,000,000:   15s.  Last read position: chrX:117,904,342
[Thu May 19 10:54:16 EDT 2016] picard.sam.AddOrReplaceReadGroups done. Elapsed time: 16.86 minutes.
Runtime.totalMemory()=395837440
[Thu May 19 10:54:17 EDT 2016] picard.sam.FixMateInformation INPUT=[p_DS_bkm_134-N/p_DS_bkm_134-N.sorted.MarkDup.fixed.bam] OUTPUT=p_DS_bkm_134-N/p_DS_bkm_134-N.sorted.MarkDup.realn.fixed.bam SORT_ORDER=coordinate TMP_DIR=[tmp/flx] VALIDATION_STRINGENCY=LENIENT CREATE_INDEX=true    ASSUME_SORTED=false ADD_MATE_CIGAR=true IGNORE_MISSING_MATES=true VERBOSITY=INFO QUIET=false COMPRESSION_LEVEL=5 MAX_RECORDS_IN_RAM=500000 CREATE_MD5_FILE=false GA4GH_CLIENT_SECRETS=client_secrets.json
[Thu May 19 10:54:17 EDT 2016] Executing as abdelrahman@compute-1-8.local on Linux 2.6.32-279.14.1.el6.x86_64 amd64; Java HotSpot(TM) 64-Bit Server VM 1.8.0_45-b14; Picard version: 2.3.0(9a00c87b7ffdb01cfb5a0d6e76556146196babb8_1463071327) IntelDeflater
INFO	2016-05-19 10:54:17	FixMateInformation	Sorting input into queryname order.
INFO	2016-05-19 11:07:41	FixMateInformation	Sorting by queryname complete.
INFO	2016-05-19 11:07:41	FixMateInformation	Output will be sorted by coordinate
INFO	2016-05-19 11:07:42	FixMateInformation	Traversing query name sorted records and fixing up mate pair information.
INFO	2016-05-19 11:07:51	FixMateInformation	Processed     1,000,000 records.  Elapsed time: 00:00:08s.  Time for last 1,000,000:    8s.  Last read position: chr16:28,844,334
INFO	2016-05-19 11:08:16	FixMateInformation	Processed     2,000,000 records.  Elapsed time: 00:00:34s.  Time for last 1,000,000:   25s.  Last read position: chr16:2,871,293
INFO	2016-05-19 11:08:29	FixMateInformation	Processed     3,000,000 records.  Elapsed time: 00:00:47s.  Time for last 1,000,000:   12s.  Last read position: chr17:66,366,452
INFO	2016-05-19 11:08:42	FixMateInformation	Processed     4,000,000 records.  Elapsed time: 00:01:00s.  Time for last 1,000,000:   13s.  Last read position: chr3:101,474,426
INFO	2016-05-19 11:08:54	FixMateInformation	Processed     5,000,000 records.  Elapsed time: 00:01:12s.  Time for last 1,000,000:   12s.  Last read position: chr19:9,606,928
INFO	2016-05-19 11:09:07	FixMateInformation	Processed     6,000,000 records.  Elapsed time: 00:01:25s.  Time for last 1,000,000:   12s.  Last read position: chr16:1,756,579
INFO	2016-05-19 11:09:19	FixMateInformation	Processed     7,000,000 records.  Elapsed time: 00:01:37s.  Time for last 1,000,000:   12s.  Last read position: chr2:212,578,189
INFO	2016-05-19 11:09:34	FixMateInformation	Processed     8,000,000 records.  Elapsed time: 00:01:52s.  Time for last 1,000,000:   14s.  Last read position: chrY:13,458,676
INFO	2016-05-19 11:09:47	FixMateInformation	Processed     9,000,000 records.  Elapsed time: 00:02:05s.  Time for last 1,000,000:   13s.  Last read position: chr20:48,500,240
INFO	2016-05-19 11:10:01	FixMateInformation	Processed    10,000,000 records.  Elapsed time: 00:02:19s.  Time for last 1,000,000:   13s.  Last read position: chr2:114,647,586
INFO	2016-05-19 11:10:13	FixMateInformation	Processed    11,000,000 records.  Elapsed time: 00:02:31s.  Time for last 1,000,000:   12s.  Last read position: chr1:11,716,032
INFO	2016-05-19 11:10:25	FixMateInformation	Processed    12,000,000 records.  Elapsed time: 00:02:43s.  Time for last 1,000,000:   11s.  Last read position: chr2:88,748,238
INFO	2016-05-19 11:10:37	FixMateInformation	Processed    13,000,000 records.  Elapsed time: 00:02:55s.  Time for last 1,000,000:   12s.  Last read position: chr7:54,621,445
INFO	2016-05-19 11:10:50	FixMateInformation	Processed    14,000,000 records.  Elapsed time: 00:03:08s.  Time for last 1,000,000:   12s.  Last read position: chr22:45,243,701
INFO	2016-05-19 11:11:03	FixMateInformation	Processed    15,000,000 records.  Elapsed time: 00:03:21s.  Time for last 1,000,000:   13s.  Last read position: chr19:17,000,405
INFO	2016-05-19 11:11:16	FixMateInformation	Processed    16,000,000 records.  Elapsed time: 00:03:34s.  Time for last 1,000,000:   12s.  Last read position: chr9:100,076,986
INFO	2016-05-19 11:11:28	FixMateInformation	Processed    17,000,000 records.  Elapsed time: 00:03:46s.  Time for last 1,000,000:   12s.  Last read position: chr3:78,696,777
INFO	2016-05-19 11:11:42	FixMateInformation	Processed    18,000,000 records.  Elapsed time: 00:04:00s.  Time for last 1,000,000:   14s.  Last read position: chr19:42,482,977
INFO	2016-05-19 11:11:55	FixMateInformation	Processed    19,000,000 records.  Elapsed time: 00:04:13s.  Time for last 1,000,000:   12s.  Last read position: chr9:95,400,376
INFO	2016-05-19 11:12:09	FixMateInformation	Processed    20,000,000 records.  Elapsed time: 00:04:27s.  Time for last 1,000,000:   13s.  Last read position: chr3:432,392
INFO	2016-05-19 11:12:21	FixMateInformation	Processed    21,000,000 records.  Elapsed time: 00:04:39s.  Time for last 1,000,000:   12s.  Last read position: chr2:85,768,169
INFO	2016-05-19 11:12:33	FixMateInformation	Processed    22,000,000 records.  Elapsed time: 00:04:51s.  Time for last 1,000,000:   12s.  Last read position: chr11:134,038,764
INFO	2016-05-19 11:12:47	FixMateInformation	Processed    23,000,000 records.  Elapsed time: 00:05:05s.  Time for last 1,000,000:   14s.  Last read position: chr2:149,539,290
INFO	2016-05-19 11:13:02	FixMateInformation	Processed    24,000,000 records.  Elapsed time: 00:05:20s.  Time for last 1,000,000:   14s.  Last read position: chr15:91,456,798
INFO	2016-05-19 11:13:14	FixMateInformation	Processed    25,000,000 records.  Elapsed time: 00:05:32s.  Time for last 1,000,000:   12s.  Last read position: chr8:8,869,242
INFO	2016-05-19 11:13:27	FixMateInformation	Processed    26,000,000 records.  Elapsed time: 00:05:45s.  Time for last 1,000,000:   13s.  Last read position: chr19:49,356,992
INFO	2016-05-19 11:13:41	FixMateInformation	Processed    27,000,000 records.  Elapsed time: 00:05:59s.  Time for last 1,000,000:   13s.  Last read position: chr6:1,390,673
INFO	2016-05-19 11:13:54	FixMateInformation	Processed    28,000,000 records.  Elapsed time: 00:06:12s.  Time for last 1,000,000:   13s.  Last read position: chr4:59,079,353
INFO	2016-05-19 11:14:07	FixMateInformation	Processed    29,000,000 records.  Elapsed time: 00:06:25s.  Time for last 1,000,000:   12s.  Last read position: chr17:53,027,277
INFO	2016-05-19 11:14:19	FixMateInformation	Processed    30,000,000 records.  Elapsed time: 00:06:37s.  Time for last 1,000,000:   12s.  Last read position: chr7:100,201,543
INFO	2016-05-19 11:14:31	FixMateInformation	Processed    31,000,000 records.  Elapsed time: 00:06:49s.  Time for last 1,000,000:   12s.  Last read position: chr12:54,739,280
INFO	2016-05-19 11:14:43	FixMateInformation	Processed    32,000,000 records.  Elapsed time: 00:07:01s.  Time for last 1,000,000:   11s.  Last read position: chr18:29,205,491
INFO	2016-05-19 11:14:55	FixMateInformation	Processed    33,000,000 records.  Elapsed time: 00:07:13s.  Time for last 1,000,000:   12s.  Last read position: chr1:23,694,312
INFO	2016-05-19 11:15:15	FixMateInformation	Processed    34,000,000 records.  Elapsed time: 00:07:33s.  Time for last 1,000,000:   19s.  Last read position: chr19:46,190,694
INFO	2016-05-19 11:15:29	FixMateInformation	Processed    35,000,000 records.  Elapsed time: 00:07:47s.  Time for last 1,000,000:   13s.  Last read position: chr6:32,362,519
INFO	2016-05-19 11:15:42	FixMateInformation	Processed    36,000,000 records.  Elapsed time: 00:08:00s.  Time for last 1,000,000:   12s.  Last read position: chr18:47,488,511
INFO	2016-05-19 11:15:54	FixMateInformation	Processed    37,000,000 records.  Elapsed time: 00:08:12s.  Time for last 1,000,000:   12s.  Last read position: chr2:187,534,378
INFO	2016-05-19 11:16:06	FixMateInformation	Processed    38,000,000 records.  Elapsed time: 00:08:24s.  Time for last 1,000,000:   12s.  Last read position: chr2:26,416,287
INFO	2016-05-19 11:16:18	FixMateInformation	Processed    39,000,000 records.  Elapsed time: 00:08:36s.  Time for last 1,000,000:   12s.  Last read position: chr12:6,669,671
INFO	2016-05-19 11:16:31	FixMateInformation	Processed    40,000,000 records.  Elapsed time: 00:08:49s.  Time for last 1,000,000:   12s.  Last read position: chr4:55,027,236
INFO	2016-05-19 11:16:43	FixMateInformation	Processed    41,000,000 records.  Elapsed time: 00:09:01s.  Time for last 1,000,000:   11s.  Last read position: chr7:112,102,185
INFO	2016-05-19 11:16:56	FixMateInformation	Processed    42,000,000 records.  Elapsed time: 00:09:14s.  Time for last 1,000,000:   13s.  Last read position: chr8:39,131,725
INFO	2016-05-19 11:17:10	FixMateInformation	Processed    43,000,000 records.  Elapsed time: 00:09:28s.  Time for last 1,000,000:   14s.  Last read position: chr20:13,982,962
INFO	2016-05-19 11:17:23	FixMateInformation	Processed    44,000,000 records.  Elapsed time: 00:09:41s.  Time for last 1,000,000:   13s.  Last read position: chr4:159,572,935
INFO	2016-05-19 11:17:37	FixMateInformation	Processed    45,000,000 records.  Elapsed time: 00:09:55s.  Time for last 1,000,000:   13s.  Last read position: chr2:61,149,497
INFO	2016-05-19 11:17:51	FixMateInformation	Processed    46,000,000 records.  Elapsed time: 00:10:09s.  Time for last 1,000,000:   13s.  Last read position: chr12:50,155,280
INFO	2016-05-19 11:18:04	FixMateInformation	Processed    47,000,000 records.  Elapsed time: 00:10:22s.  Time for last 1,000,000:   13s.  Last read position: chr7:112,095,756
INFO	2016-05-19 11:18:17	FixMateInformation	Processed    48,000,000 records.  Elapsed time: 00:10:35s.  Time for last 1,000,000:   13s.  Last read position: chr10:61,873,905
INFO	2016-05-19 11:18:31	FixMateInformation	Processed    49,000,000 records.  Elapsed time: 00:10:48s.  Time for last 1,000,000:   13s.  Last read position: chr7:99,722,205
INFO	2016-05-19 11:18:45	FixMateInformation	Processed    50,000,000 records.  Elapsed time: 00:11:03s.  Time for last 1,000,000:   14s.  Last read position: chr8:3,610,200
INFO	2016-05-19 11:18:59	FixMateInformation	Processed    51,000,000 records.  Elapsed time: 00:11:17s.  Time for last 1,000,000:   14s.  Last read position: chr6:121,624,707
INFO	2016-05-19 11:19:13	FixMateInformation	Processed    52,000,000 records.  Elapsed time: 00:11:31s.  Time for last 1,000,000:   14s.  Last read position: chr17:6,331,789
INFO	2016-05-19 11:19:26	FixMateInformation	Processed    53,000,000 records.  Elapsed time: 00:11:44s.  Time for last 1,000,000:   12s.  Last read position: chr9:131,768,716
INFO	2016-05-19 11:19:44	FixMateInformation	Processed    54,000,000 records.  Elapsed time: 00:12:02s.  Time for last 1,000,000:   17s.  Last read position: chr16:57,473,229
INFO	2016-05-19 11:19:57	FixMateInformation	Processed    55,000,000 records.  Elapsed time: 00:12:15s.  Time for last 1,000,000:   12s.  Last read position: chr4:89,363,270
INFO	2016-05-19 11:20:10	FixMateInformation	Processed    56,000,000 records.  Elapsed time: 00:12:28s.  Time for last 1,000,000:   13s.  Last read position: chr10:98,770,708
INFO	2016-05-19 11:20:24	FixMateInformation	Processed    57,000,000 records.  Elapsed time: 00:12:42s.  Time for last 1,000,000:   13s.  Last read position: chr1:245,179,069
INFO	2016-05-19 11:20:36	FixMateInformation	Processed    58,000,000 records.  Elapsed time: 00:12:54s.  Time for last 1,000,000:   12s.  Last read position: chr9:69,711,017
INFO	2016-05-19 11:20:48	FixMateInformation	Processed    59,000,000 records.  Elapsed time: 00:13:06s.  Time for last 1,000,000:   11s.  Last read position: chrX:11,196,112
INFO	2016-05-19 11:21:02	FixMateInformation	Processed    60,000,000 records.  Elapsed time: 00:13:19s.  Time for last 1,000,000:   13s.  Last read position: chr2:203,748,368
INFO	2016-05-19 11:21:15	FixMateInformation	Processed    61,000,000 records.  Elapsed time: 00:13:33s.  Time for last 1,000,000:   13s.  Last read position: chr20:49,458,300
INFO	2016-05-19 11:21:28	FixMateInformation	Processed    62,000,000 records.  Elapsed time: 00:13:46s.  Time for last 1,000,000:   13s.  Last read position: chr2:238,267,591
INFO	2016-05-19 11:21:41	FixMateInformation	Processed    63,000,000 records.  Elapsed time: 00:13:59s.  Time for last 1,000,000:   12s.  Last read position: chr7:101,840,401
INFO	2016-05-19 11:21:55	FixMateInformation	Processed    64,000,000 records.  Elapsed time: 00:14:13s.  Time for last 1,000,000:   13s.  Last read position: chr17:73,824,049
INFO	2016-05-19 11:22:09	FixMateInformation	Processed    65,000,000 records.  Elapsed time: 00:14:27s.  Time for last 1,000,000:   13s.  Last read position: chr13:24,167,557
INFO	2016-05-19 11:22:22	FixMateInformation	Processed    66,000,000 records.  Elapsed time: 00:14:40s.  Time for last 1,000,000:   13s.  Last read position: chr21:31,709,576
INFO	2016-05-19 11:22:36	FixMateInformation	Processed    67,000,000 records.  Elapsed time: 00:14:54s.  Time for last 1,000,000:   14s.  Last read position: chr7:43,990,178
INFO	2016-05-19 11:22:50	FixMateInformation	Processed    68,000,000 records.  Elapsed time: 00:15:08s.  Time for last 1,000,000:   13s.  Last read position: chr17:63,957,481
INFO	2016-05-19 11:23:05	FixMateInformation	Processed    69,000,000 records.  Elapsed time: 00:15:23s.  Time for last 1,000,000:   14s.  Last read position: chr18:56,979,849
INFO	2016-05-19 11:23:19	FixMateInformation	Processed    70,000,000 records.  Elapsed time: 00:15:37s.  Time for last 1,000,000:   13s.  Last read position: chr3:129,238,429
INFO	2016-05-19 11:23:34	FixMateInformation	Finished processing reads; re-sorting output file.
[Thu May 19 11:36:22 EDT 2016] picard.sam.FixMateInformation done. Elapsed time: 42.08 minutes.
Runtime.totalMemory()=1589116928
