[Sat May 14 15:53:04 EDT 2016] picard.sam.SortSam INPUT=p_DS_bkm_085-T.sam OUTPUT=p_DS_bkm_085-T/p_DS_bkm_085-T.sorted.bam SORT_ORDER=coordinate TMP_DIR=[tmp_WT] VALIDATION_STRINGENCY=LENIENT CREATE_INDEX=true    VERBOSITY=INFO QUIET=false COMPRESSION_LEVEL=5 MAX_RECORDS_IN_RAM=500000 CREATE_MD5_FILE=false GA4GH_CLIENT_SECRETS=client_secrets.json
[Sat May 14 15:53:04 EDT 2016] Executing as abdelrahman@compute-1-2.local on Linux 2.6.32-279.14.1.el6.x86_64 amd64; Java HotSpot(TM) 64-Bit Server VM 1.8.0_45-b14; Picard version: 2.3.0(9a00c87b7ffdb01cfb5a0d6e76556146196babb8_1463071327) IntelDeflater
INFO	2016-05-14 15:58:15	SortSam	Read    10,000,000 records.  Elapsed time: 00:05:09s.  Time for last 10,000,000:  309s.  Last read position: chr9:100,431,836
INFO	2016-05-14 16:03:16	SortSam	Read    20,000,000 records.  Elapsed time: 00:10:10s.  Time for last 10,000,000:  301s.  Last read position: chr8:126,067,896
INFO	2016-05-14 16:08:06	SortSam	Read    30,000,000 records.  Elapsed time: 00:15:00s.  Time for last 10,000,000:  290s.  Last read position: chr1:227,963,597
INFO	2016-05-14 16:12:54	SortSam	Read    40,000,000 records.  Elapsed time: 00:19:48s.  Time for last 10,000,000:  287s.  Last read position: chr13:115,090,314
INFO	2016-05-14 16:17:42	SortSam	Read    50,000,000 records.  Elapsed time: 00:24:35s.  Time for last 10,000,000:  287s.  Last read position: chr10:76,735,656
INFO	2016-05-14 16:22:24	SortSam	Read    60,000,000 records.  Elapsed time: 00:29:18s.  Time for last 10,000,000:  282s.  Last read position: chr12:2,997,418
INFO	2016-05-14 16:27:14	SortSam	Read    70,000,000 records.  Elapsed time: 00:34:08s.  Time for last 10,000,000:  289s.  Last read position: chr14:53,138,324
INFO	2016-05-14 16:32:09	SortSam	Read    80,000,000 records.  Elapsed time: 00:39:03s.  Time for last 10,000,000:  294s.  Last read position: chr9:139,836,860
INFO	2016-05-14 16:37:12	SortSam	Read    90,000,000 records.  Elapsed time: 00:44:06s.  Time for last 10,000,000:  302s.  Last read position: chr5:180,708,876
INFO	2016-05-14 16:42:20	SortSam	Read   100,000,000 records.  Elapsed time: 00:49:14s.  Time for last 10,000,000:  308s.  Last read position: chr2:10,263,908
INFO	2016-05-14 16:47:05	SortSam	Read   110,000,000 records.  Elapsed time: 00:53:59s.  Time for last 10,000,000:  284s.  Last read position: chr17:67,257,778
INFO	2016-05-14 16:51:00	SortSam	Read   120,000,000 records.  Elapsed time: 00:57:54s.  Time for last 10,000,000:  235s.  Last read position: chr14:102,449,604
INFO	2016-05-14 16:55:03	SortSam	Read   130,000,000 records.  Elapsed time: 01:01:57s.  Time for last 10,000,000:  243s.  Last read position: chr10:122,365,481
INFO	2016-05-14 16:56:22	SortSam	Finished reading inputs, merging and writing to output now.
INFO	2016-05-14 16:58:58	SortSam	Wrote    10,000,000 records from a sorting collection.  Elapsed time: 01:05:52s.  Time for last 10,000,000:  150s.  Last read position: chr1:160,493,005
INFO	2016-05-14 17:00:57	SortSam	Wrote    20,000,000 records from a sorting collection.  Elapsed time: 01:07:50s.  Time for last 10,000,000:  118s.  Last read position: chr2:103,324,625
INFO	2016-05-14 17:03:08	SortSam	Wrote    30,000,000 records from a sorting collection.  Elapsed time: 01:10:02s.  Time for last 10,000,000:  131s.  Last read position: chr3:64,636,593
INFO	2016-05-14 17:05:49	SortSam	Wrote    40,000,000 records from a sorting collection.  Elapsed time: 01:12:43s.  Time for last 10,000,000:  161s.  Last read position: chr5:15,936,748
INFO	2016-05-14 17:08:40	SortSam	Wrote    50,000,000 records from a sorting collection.  Elapsed time: 01:15:33s.  Time for last 10,000,000:  170s.  Last read position: chr6:55,406,796
INFO	2016-05-14 17:10:55	SortSam	Wrote    60,000,000 records from a sorting collection.  Elapsed time: 01:17:48s.  Time for last 10,000,000:  135s.  Last read position: chr8:27,925,068
INFO	2016-05-14 17:12:57	SortSam	Wrote    70,000,000 records from a sorting collection.  Elapsed time: 01:19:51s.  Time for last 10,000,000:  122s.  Last read position: chr10:27,512,296
INFO	2016-05-14 17:14:56	SortSam	Wrote    80,000,000 records from a sorting collection.  Elapsed time: 01:21:49s.  Time for last 10,000,000:  118s.  Last read position: chr11:102,711,093
INFO	2016-05-14 17:16:52	SortSam	Wrote    90,000,000 records from a sorting collection.  Elapsed time: 01:23:46s.  Time for last 10,000,000:  116s.  Last read position: chr13:76,335,115
INFO	2016-05-14 17:18:56	SortSam	Wrote   100,000,000 records from a sorting collection.  Elapsed time: 01:25:50s.  Time for last 10,000,000:  123s.  Last read position: chr16:14,397,742
INFO	2016-05-14 17:21:01	SortSam	Wrote   110,000,000 records from a sorting collection.  Elapsed time: 01:27:55s.  Time for last 10,000,000:  125s.  Last read position: chr17:74,163,744
INFO	2016-05-14 17:23:41	SortSam	Wrote   120,000,000 records from a sorting collection.  Elapsed time: 01:30:35s.  Time for last 10,000,000:  159s.  Last read position: chr19:55,814,046
INFO	2016-05-14 17:25:41	SortSam	Wrote   130,000,000 records from a sorting collection.  Elapsed time: 01:32:35s.  Time for last 10,000,000:  119s.  Last read position: chrX:77,300,948
[Sat May 14 17:26:21 EDT 2016] picard.sam.SortSam done. Elapsed time: 93.28 minutes.
Runtime.totalMemory()=1735917568
[Sat May 14 17:26:22 EDT 2016] picard.sam.markduplicates.MarkDuplicates INPUT=[p_DS_bkm_085-T/p_DS_bkm_085-T.sorted.bam] OUTPUT=p_DS_bkm_085-T/p_DS_bkm_085-T.sorted.MarkDup.bam METRICS_FILE=MarkDup_metrics TMP_DIR=[tmp] VALIDATION_STRINGENCY=SILENT CREATE_INDEX=true    MAX_SEQUENCES_FOR_DISK_READ_ENDS_MAP=50000 MAX_FILE_HANDLES_FOR_READ_ENDS_MAP=8000 SORTING_COLLECTION_SIZE_RATIO=0.25 REMOVE_SEQUENCING_DUPLICATES=false TAGGING_POLICY=DontTag REMOVE_DUPLICATES=false ASSUME_SORTED=false DUPLICATE_SCORING_STRATEGY=SUM_OF_BASE_QUALITIES PROGRAM_RECORD_ID=MarkDuplicates PROGRAM_GROUP_NAME=MarkDuplicates READ_NAME_REGEX=<optimized capture of last three ':' separated fields as numeric values> OPTICAL_DUPLICATE_PIXEL_DISTANCE=100 VERBOSITY=INFO QUIET=false COMPRESSION_LEVEL=5 MAX_RECORDS_IN_RAM=500000 CREATE_MD5_FILE=false GA4GH_CLIENT_SECRETS=client_secrets.json
[Sat May 14 17:26:22 EDT 2016] Executing as abdelrahman@compute-1-2.local on Linux 2.6.32-279.14.1.el6.x86_64 amd64; Java HotSpot(TM) 64-Bit Server VM 1.8.0_45-b14; Picard version: 2.3.0(9a00c87b7ffdb01cfb5a0d6e76556146196babb8_1463071327) IntelDeflater
INFO	2016-05-14 17:26:22	MarkDuplicates	Start of doWork freeMemory: 502229304; totalMemory: 506462208; maxMemory: 1908932608
INFO	2016-05-14 17:26:22	MarkDuplicates	Reading input file and constructing read end information.
INFO	2016-05-14 17:26:22	MarkDuplicates	Will retain up to 7342048 data points before spilling to disk.
INFO	2016-05-14 17:26:28	MarkDuplicates	Read     1,000,000 records.  Elapsed time: 00:00:05s.  Time for last 1,000,000:    5s.  Last read position: chr1:11,862,979
INFO	2016-05-14 17:26:28	MarkDuplicates	Tracking 2785 as yet unmatched pairs. 303 records in RAM.
INFO	2016-05-14 17:26:35	MarkDuplicates	Read     2,000,000 records.  Elapsed time: 00:00:12s.  Time for last 1,000,000:    6s.  Last read position: chr1:22,828,837
INFO	2016-05-14 17:26:35	MarkDuplicates	Tracking 5145 as yet unmatched pairs. 409 records in RAM.
INFO	2016-05-14 17:26:42	MarkDuplicates	Read     3,000,000 records.  Elapsed time: 00:00:19s.  Time for last 1,000,000:    6s.  Last read position: chr1:32,623,877
INFO	2016-05-14 17:26:42	MarkDuplicates	Tracking 7708 as yet unmatched pairs. 577 records in RAM.
INFO	2016-05-14 17:26:47	MarkDuplicates	Read     4,000,000 records.  Elapsed time: 00:00:24s.  Time for last 1,000,000:    5s.  Last read position: chr1:43,217,574
INFO	2016-05-14 17:26:47	MarkDuplicates	Tracking 10042 as yet unmatched pairs. 701 records in RAM.
INFO	2016-05-14 17:26:54	MarkDuplicates	Read     5,000,000 records.  Elapsed time: 00:00:31s.  Time for last 1,000,000:    6s.  Last read position: chr1:54,644,794
INFO	2016-05-14 17:26:54	MarkDuplicates	Tracking 12242 as yet unmatched pairs. 857 records in RAM.
INFO	2016-05-14 17:26:59	MarkDuplicates	Read     6,000,000 records.  Elapsed time: 00:00:36s.  Time for last 1,000,000:    5s.  Last read position: chr1:89,615,256
INFO	2016-05-14 17:26:59	MarkDuplicates	Tracking 15928 as yet unmatched pairs. 961 records in RAM.
INFO	2016-05-14 17:27:05	MarkDuplicates	Read     7,000,000 records.  Elapsed time: 00:00:42s.  Time for last 1,000,000:    6s.  Last read position: chr1:113,232,091
INFO	2016-05-14 17:27:05	MarkDuplicates	Tracking 18726 as yet unmatched pairs. 965 records in RAM.
INFO	2016-05-14 17:27:19	MarkDuplicates	Read     8,000,000 records.  Elapsed time: 00:00:56s.  Time for last 1,000,000:   13s.  Last read position: chr1:150,940,621
INFO	2016-05-14 17:27:19	MarkDuplicates	Tracking 21769 as yet unmatched pairs. 1014 records in RAM.
INFO	2016-05-14 17:27:24	MarkDuplicates	Read     9,000,000 records.  Elapsed time: 00:01:02s.  Time for last 1,000,000:    5s.  Last read position: chr1:155,221,523
INFO	2016-05-14 17:27:24	MarkDuplicates	Tracking 23367 as yet unmatched pairs. 947 records in RAM.
INFO	2016-05-14 17:27:30	MarkDuplicates	Read    10,000,000 records.  Elapsed time: 00:01:07s.  Time for last 1,000,000:    5s.  Last read position: chr1:160,493,005
INFO	2016-05-14 17:27:30	MarkDuplicates	Tracking 24968 as yet unmatched pairs. 973 records in RAM.
INFO	2016-05-14 17:27:35	MarkDuplicates	Read    11,000,000 records.  Elapsed time: 00:01:13s.  Time for last 1,000,000:    5s.  Last read position: chr1:177,133,628
INFO	2016-05-14 17:27:35	MarkDuplicates	Tracking 27372 as yet unmatched pairs. 895 records in RAM.
INFO	2016-05-14 17:27:41	MarkDuplicates	Read    12,000,000 records.  Elapsed time: 00:01:18s.  Time for last 1,000,000:    5s.  Last read position: chr1:201,190,665
INFO	2016-05-14 17:27:41	MarkDuplicates	Tracking 30141 as yet unmatched pairs. 715 records in RAM.
INFO	2016-05-14 17:27:47	MarkDuplicates	Read    13,000,000 records.  Elapsed time: 00:01:24s.  Time for last 1,000,000:    6s.  Last read position: chr1:212,276,170
INFO	2016-05-14 17:27:47	MarkDuplicates	Tracking 32136 as yet unmatched pairs. 569 records in RAM.
INFO	2016-05-14 17:27:52	MarkDuplicates	Read    14,000,000 records.  Elapsed time: 00:01:29s.  Time for last 1,000,000:    5s.  Last read position: chr1:231,377,063
INFO	2016-05-14 17:27:52	MarkDuplicates	Tracking 34608 as yet unmatched pairs. 292 records in RAM.
INFO	2016-05-14 17:28:18	MarkDuplicates	Read    15,000,000 records.  Elapsed time: 00:01:55s.  Time for last 1,000,000:   25s.  Last read position: chr2:7,003,561
INFO	2016-05-14 17:28:18	MarkDuplicates	Tracking 37861 as yet unmatched pairs. 5381 records in RAM.
INFO	2016-05-14 17:28:23	MarkDuplicates	Read    16,000,000 records.  Elapsed time: 00:02:00s.  Time for last 1,000,000:    5s.  Last read position: chr2:27,249,193
INFO	2016-05-14 17:28:23	MarkDuplicates	Tracking 40528 as yet unmatched pairs. 5638 records in RAM.
INFO	2016-05-14 17:28:29	MarkDuplicates	Read    17,000,000 records.  Elapsed time: 00:02:07s.  Time for last 1,000,000:    6s.  Last read position: chr2:38,523,873
INFO	2016-05-14 17:28:29	MarkDuplicates	Tracking 58466 as yet unmatched pairs. 4433 records in RAM.
INFO	2016-05-14 17:28:35	MarkDuplicates	Read    18,000,000 records.  Elapsed time: 00:02:12s.  Time for last 1,000,000:    5s.  Last read position: chr2:63,221,052
INFO	2016-05-14 17:28:35	MarkDuplicates	Tracking 61234 as yet unmatched pairs. 4167 records in RAM.
INFO	2016-05-14 17:28:40	MarkDuplicates	Read    19,000,000 records.  Elapsed time: 00:02:18s.  Time for last 1,000,000:    5s.  Last read position: chr2:75,881,997
INFO	2016-05-14 17:28:40	MarkDuplicates	Tracking 62947 as yet unmatched pairs. 3940 records in RAM.
INFO	2016-05-14 17:28:47	MarkDuplicates	Read    20,000,000 records.  Elapsed time: 00:02:24s.  Time for last 1,000,000:    6s.  Last read position: chr2:103,324,625
INFO	2016-05-14 17:28:47	MarkDuplicates	Tracking 65882 as yet unmatched pairs. 3601 records in RAM.
INFO	2016-05-14 17:28:52	MarkDuplicates	Read    21,000,000 records.  Elapsed time: 00:02:29s.  Time for last 1,000,000:    5s.  Last read position: chr2:136,567,406
INFO	2016-05-14 17:28:52	MarkDuplicates	Tracking 69980 as yet unmatched pairs. 2926 records in RAM.
INFO	2016-05-14 17:28:56	MarkDuplicates	Read    22,000,000 records.  Elapsed time: 00:02:34s.  Time for last 1,000,000:    4s.  Last read position: chr2:170,026,916
INFO	2016-05-14 17:28:56	MarkDuplicates	Tracking 72504 as yet unmatched pairs. 2373 records in RAM.
INFO	2016-05-14 17:29:11	MarkDuplicates	Read    23,000,000 records.  Elapsed time: 00:02:48s.  Time for last 1,000,000:   14s.  Last read position: chr2:182,543,287
INFO	2016-05-14 17:29:11	MarkDuplicates	Tracking 74081 as yet unmatched pairs. 1964 records in RAM.
INFO	2016-05-14 17:29:17	MarkDuplicates	Read    24,000,000 records.  Elapsed time: 00:02:55s.  Time for last 1,000,000:    6s.  Last read position: chr2:204,034,594
INFO	2016-05-14 17:29:17	MarkDuplicates	Tracking 76084 as yet unmatched pairs. 1426 records in RAM.
INFO	2016-05-14 17:29:23	MarkDuplicates	Read    25,000,000 records.  Elapsed time: 00:03:00s.  Time for last 1,000,000:    5s.  Last read position: chr2:220,437,178
INFO	2016-05-14 17:29:23	MarkDuplicates	Tracking 77587 as yet unmatched pairs. 916 records in RAM.
INFO	2016-05-14 17:29:29	MarkDuplicates	Read    26,000,000 records.  Elapsed time: 00:03:06s.  Time for last 1,000,000:    5s.  Last read position: chr2:241,500,979
INFO	2016-05-14 17:29:29	MarkDuplicates	Tracking 79434 as yet unmatched pairs. 175 records in RAM.
INFO	2016-05-14 17:29:35	MarkDuplicates	Read    27,000,000 records.  Elapsed time: 00:03:12s.  Time for last 1,000,000:    6s.  Last read position: chr3:24,009,471
INFO	2016-05-14 17:29:35	MarkDuplicates	Tracking 81045 as yet unmatched pairs. 5401 records in RAM.
INFO	2016-05-14 17:29:41	MarkDuplicates	Read    28,000,000 records.  Elapsed time: 00:03:18s.  Time for last 1,000,000:    6s.  Last read position: chr3:45,943,005
INFO	2016-05-14 17:29:41	MarkDuplicates	Tracking 82867 as yet unmatched pairs. 4999 records in RAM.
INFO	2016-05-14 17:29:46	MarkDuplicates	Read    29,000,000 records.  Elapsed time: 00:03:24s.  Time for last 1,000,000:    5s.  Last read position: chr3:50,327,821
INFO	2016-05-14 17:29:46	MarkDuplicates	Tracking 83838 as yet unmatched pairs. 4689 records in RAM.
INFO	2016-05-14 17:30:11	MarkDuplicates	Read    30,000,000 records.  Elapsed time: 00:03:48s.  Time for last 1,000,000:   24s.  Last read position: chr3:64,636,593
INFO	2016-05-14 17:30:11	MarkDuplicates	Tracking 85026 as yet unmatched pairs. 4066 records in RAM.
INFO	2016-05-14 17:30:17	MarkDuplicates	Read    31,000,000 records.  Elapsed time: 00:03:54s.  Time for last 1,000,000:    6s.  Last read position: chr3:114,012,786
INFO	2016-05-14 17:30:17	MarkDuplicates	Tracking 87366 as yet unmatched pairs. 3212 records in RAM.
INFO	2016-05-14 17:30:22	MarkDuplicates	Read    32,000,000 records.  Elapsed time: 00:04:00s.  Time for last 1,000,000:    5s.  Last read position: chr3:132,175,112
INFO	2016-05-14 17:30:22	MarkDuplicates	Tracking 88737 as yet unmatched pairs. 2568 records in RAM.
INFO	2016-05-14 17:30:28	MarkDuplicates	Read    33,000,000 records.  Elapsed time: 00:04:05s.  Time for last 1,000,000:    5s.  Last read position: chr3:153,839,892
INFO	2016-05-14 17:30:28	MarkDuplicates	Tracking 90292 as yet unmatched pairs. 1917 records in RAM.
INFO	2016-05-14 17:30:33	MarkDuplicates	Read    34,000,000 records.  Elapsed time: 00:04:11s.  Time for last 1,000,000:    5s.  Last read position: chr3:182,664,848
INFO	2016-05-14 17:30:33	MarkDuplicates	Tracking 92171 as yet unmatched pairs. 886 records in RAM.
INFO	2016-05-14 17:30:40	MarkDuplicates	Read    35,000,000 records.  Elapsed time: 00:04:17s.  Time for last 1,000,000:    6s.  Last read position: chr3:197,427,643
INFO	2016-05-14 17:30:40	MarkDuplicates	Tracking 93428 as yet unmatched pairs. 92 records in RAM.
INFO	2016-05-14 17:30:45	MarkDuplicates	Read    36,000,000 records.  Elapsed time: 00:04:22s.  Time for last 1,000,000:    5s.  Last read position: chr4:15,556,596
INFO	2016-05-14 17:30:45	MarkDuplicates	Tracking 94455 as yet unmatched pairs. 5186 records in RAM.
INFO	2016-05-14 17:30:51	MarkDuplicates	Read    37,000,000 records.  Elapsed time: 00:04:28s.  Time for last 1,000,000:    5s.  Last read position: chr4:56,875,607
INFO	2016-05-14 17:30:51	MarkDuplicates	Tracking 97489 as yet unmatched pairs. 3675 records in RAM.
INFO	2016-05-14 17:31:04	MarkDuplicates	Read    38,000,000 records.  Elapsed time: 00:04:41s.  Time for last 1,000,000:   13s.  Last read position: chr4:103,722,759
INFO	2016-05-14 17:31:04	MarkDuplicates	Tracking 99654 as yet unmatched pairs. 2296 records in RAM.
INFO	2016-05-14 17:31:11	MarkDuplicates	Read    39,000,000 records.  Elapsed time: 00:04:48s.  Time for last 1,000,000:    6s.  Last read position: chr4:164,247,262
INFO	2016-05-14 17:31:11	MarkDuplicates	Tracking 101858 as yet unmatched pairs. 869 records in RAM.
INFO	2016-05-14 17:31:16	MarkDuplicates	Read    40,000,000 records.  Elapsed time: 00:04:53s.  Time for last 1,000,000:    5s.  Last read position: chr5:15,936,748
INFO	2016-05-14 17:31:16	MarkDuplicates	Tracking 103513 as yet unmatched pairs. 6817 records in RAM.
INFO	2016-05-14 17:31:22	MarkDuplicates	Read    41,000,000 records.  Elapsed time: 00:04:59s.  Time for last 1,000,000:    5s.  Last read position: chr5:64,925,577
INFO	2016-05-14 17:31:22	MarkDuplicates	Tracking 105245 as yet unmatched pairs. 5333 records in RAM.
INFO	2016-05-14 17:31:27	MarkDuplicates	Read    42,000,000 records.  Elapsed time: 00:05:04s.  Time for last 1,000,000:    5s.  Last read position: chr5:115,822,699
INFO	2016-05-14 17:31:27	MarkDuplicates	Tracking 106996 as yet unmatched pairs. 3668 records in RAM.
INFO	2016-05-14 17:31:33	MarkDuplicates	Read    43,000,000 records.  Elapsed time: 00:05:10s.  Time for last 1,000,000:    5s.  Last read position: chr5:140,051,922
INFO	2016-05-14 17:31:33	MarkDuplicates	Tracking 108015 as yet unmatched pairs. 2546 records in RAM.
INFO	2016-05-14 17:31:39	MarkDuplicates	Read    44,000,000 records.  Elapsed time: 00:05:17s.  Time for last 1,000,000:    6s.  Last read position: chr5:150,480,567
INFO	2016-05-14 17:31:39	MarkDuplicates	Tracking 108627 as yet unmatched pairs. 1858 records in RAM.
INFO	2016-05-14 17:32:02	MarkDuplicates	Read    45,000,000 records.  Elapsed time: 00:05:40s.  Time for last 1,000,000:   23s.  Last read position: chr5:175,304,098
INFO	2016-05-14 17:32:02	MarkDuplicates	Tracking 109515 as yet unmatched pairs. 566 records in RAM.
INFO	2016-05-14 17:32:10	MarkDuplicates	Read    46,000,000 records.  Elapsed time: 00:05:47s.  Time for last 1,000,000:    7s.  Last read position: chr6:7,657,465
INFO	2016-05-14 17:32:10	MarkDuplicates	Tracking 110176 as yet unmatched pairs. 8026 records in RAM.
INFO	2016-05-14 17:32:16	MarkDuplicates	Read    47,000,000 records.  Elapsed time: 00:05:53s.  Time for last 1,000,000:    5s.  Last read position: chr6:30,030,044
INFO	2016-05-14 17:32:16	MarkDuplicates	Tracking 111020 as yet unmatched pairs. 6907 records in RAM.
INFO	2016-05-14 17:32:21	MarkDuplicates	Read    48,000,000 records.  Elapsed time: 00:05:58s.  Time for last 1,000,000:    5s.  Last read position: chr6:32,809,394
INFO	2016-05-14 17:32:21	MarkDuplicates	Tracking 111194 as yet unmatched pairs. 6230 records in RAM.
INFO	2016-05-14 17:32:26	MarkDuplicates	Read    49,000,000 records.  Elapsed time: 00:06:04s.  Time for last 1,000,000:    5s.  Last read position: chr6:41,792,161
INFO	2016-05-14 17:32:26	MarkDuplicates	Tracking 111508 as yet unmatched pairs. 5392 records in RAM.
INFO	2016-05-14 17:32:32	MarkDuplicates	Read    50,000,000 records.  Elapsed time: 00:06:09s.  Time for last 1,000,000:    5s.  Last read position: chr6:55,406,796
INFO	2016-05-14 17:32:32	MarkDuplicates	Tracking 111947 as yet unmatched pairs. 4541 records in RAM.
INFO	2016-05-14 17:32:38	MarkDuplicates	Read    51,000,000 records.  Elapsed time: 00:06:15s.  Time for last 1,000,000:    5s.  Last read position: chr6:109,699,164
INFO	2016-05-14 17:32:38	MarkDuplicates	Tracking 112997 as yet unmatched pairs. 2915 records in RAM.
INFO	2016-05-14 17:32:52	MarkDuplicates	Read    52,000,000 records.  Elapsed time: 00:06:29s.  Time for last 1,000,000:   14s.  Last read position: chr6:152,697,533
INFO	2016-05-14 17:32:52	MarkDuplicates	Tracking 113831 as yet unmatched pairs. 1207 records in RAM.
INFO	2016-05-14 17:32:58	MarkDuplicates	Read    53,000,000 records.  Elapsed time: 00:06:35s.  Time for last 1,000,000:    5s.  Last read position: chr7:6,715,765
INFO	2016-05-14 17:32:58	MarkDuplicates	Tracking 114268 as yet unmatched pairs. 9460 records in RAM.
INFO	2016-05-14 17:33:03	MarkDuplicates	Read    54,000,000 records.  Elapsed time: 00:06:40s.  Time for last 1,000,000:    4s.  Last read position: chr7:43,908,411
INFO	2016-05-14 17:33:03	MarkDuplicates	Tracking 114838 as yet unmatched pairs. 7859 records in RAM.
INFO	2016-05-14 17:33:08	MarkDuplicates	Read    55,000,000 records.  Elapsed time: 00:06:45s.  Time for last 1,000,000:    5s.  Last read position: chr7:75,610,812
INFO	2016-05-14 17:33:08	MarkDuplicates	Tracking 115530 as yet unmatched pairs. 6034 records in RAM.
INFO	2016-05-14 17:33:14	MarkDuplicates	Read    56,000,000 records.  Elapsed time: 00:06:52s.  Time for last 1,000,000:    6s.  Last read position: chr7:99,758,206
INFO	2016-05-14 17:33:14	MarkDuplicates	Tracking 115922 as yet unmatched pairs. 4648 records in RAM.
INFO	2016-05-14 17:33:21	MarkDuplicates	Read    57,000,000 records.  Elapsed time: 00:06:58s.  Time for last 1,000,000:    6s.  Last read position: chr7:116,838,300
INFO	2016-05-14 17:33:21	MarkDuplicates	Tracking 116073 as yet unmatched pairs. 3033 records in RAM.
INFO	2016-05-14 17:33:26	MarkDuplicates	Read    58,000,000 records.  Elapsed time: 00:07:03s.  Time for last 1,000,000:    5s.  Last read position: chr7:141,536,991
INFO	2016-05-14 17:33:26	MarkDuplicates	Tracking 116390 as yet unmatched pairs. 1401 records in RAM.
INFO	2016-05-14 17:33:31	MarkDuplicates	Read    59,000,000 records.  Elapsed time: 00:07:08s.  Time for last 1,000,000:    5s.  Last read position: chr7:158,823,436
INFO	2016-05-14 17:33:31	MarkDuplicates	Tracking 116562 as yet unmatched pairs. 36 records in RAM.
INFO	2016-05-14 17:33:56	MarkDuplicates	Read    60,000,000 records.  Elapsed time: 00:07:33s.  Time for last 1,000,000:   24s.  Last read position: chr8:27,925,068
INFO	2016-05-14 17:33:56	MarkDuplicates	Tracking 116695 as yet unmatched pairs. 7638 records in RAM.
INFO	2016-05-14 17:34:02	MarkDuplicates	Read    61,000,000 records.  Elapsed time: 00:07:39s.  Time for last 1,000,000:    6s.  Last read position: chr8:56,986,155
INFO	2016-05-14 17:34:02	MarkDuplicates	Tracking 116720 as yet unmatched pairs. 5916 records in RAM.
INFO	2016-05-14 17:34:08	MarkDuplicates	Read    62,000,000 records.  Elapsed time: 00:07:45s.  Time for last 1,000,000:    5s.  Last read position: chr8:95,531,522
INFO	2016-05-14 17:34:08	MarkDuplicates	Tracking 116856 as yet unmatched pairs. 3942 records in RAM.
INFO	2016-05-14 17:34:13	MarkDuplicates	Read    63,000,000 records.  Elapsed time: 00:07:50s.  Time for last 1,000,000:    5s.  Last read position: chr8:126,369,545
INFO	2016-05-14 17:34:13	MarkDuplicates	Tracking 116906 as yet unmatched pairs. 2059 records in RAM.
INFO	2016-05-14 17:34:18	MarkDuplicates	Read    64,000,000 records.  Elapsed time: 00:07:55s.  Time for last 1,000,000:    5s.  Last read position: chr8:145,138,945
INFO	2016-05-14 17:34:18	MarkDuplicates	Tracking 116723 as yet unmatched pairs. 550 records in RAM.
INFO	2016-05-14 17:34:24	MarkDuplicates	Read    65,000,000 records.  Elapsed time: 00:08:01s.  Time for last 1,000,000:    5s.  Last read position: chr9:26,935,019
INFO	2016-05-14 17:34:24	MarkDuplicates	Tracking 116197 as yet unmatched pairs. 6963 records in RAM.
INFO	2016-05-14 17:34:30	MarkDuplicates	Read    66,000,000 records.  Elapsed time: 00:08:08s.  Time for last 1,000,000:    6s.  Last read position: chr9:75,775,210
INFO	2016-05-14 17:34:30	MarkDuplicates	Tracking 116018 as yet unmatched pairs. 4956 records in RAM.
INFO	2016-05-14 17:34:44	MarkDuplicates	Read    67,000,000 records.  Elapsed time: 00:08:21s.  Time for last 1,000,000:   13s.  Last read position: chr9:103,072,589
INFO	2016-05-14 17:34:44	MarkDuplicates	Tracking 115852 as yet unmatched pairs. 3150 records in RAM.
INFO	2016-05-14 17:34:49	MarkDuplicates	Read    68,000,000 records.  Elapsed time: 00:08:27s.  Time for last 1,000,000:    5s.  Last read position: chr9:130,575,428
INFO	2016-05-14 17:34:49	MarkDuplicates	Tracking 115572 as yet unmatched pairs. 1351 records in RAM.
INFO	2016-05-14 17:34:54	MarkDuplicates	Read    69,000,000 records.  Elapsed time: 00:08:32s.  Time for last 1,000,000:    5s.  Last read position: chr9:140,055,515
INFO	2016-05-14 17:34:54	MarkDuplicates	Tracking 115391 as yet unmatched pairs. 198 records in RAM.
INFO	2016-05-14 17:35:00	MarkDuplicates	Read    70,000,000 records.  Elapsed time: 00:08:38s.  Time for last 1,000,000:    5s.  Last read position: chr10:27,512,296
INFO	2016-05-14 17:35:00	MarkDuplicates	Tracking 114967 as yet unmatched pairs. 9178 records in RAM.
INFO	2016-05-14 17:35:06	MarkDuplicates	Read    71,000,000 records.  Elapsed time: 00:08:43s.  Time for last 1,000,000:    5s.  Last read position: chr10:71,649,269
INFO	2016-05-14 17:35:06	MarkDuplicates	Tracking 114366 as yet unmatched pairs. 5852 records in RAM.
INFO	2016-05-14 17:35:11	MarkDuplicates	Read    72,000,000 records.  Elapsed time: 00:08:48s.  Time for last 1,000,000:    5s.  Last read position: chr10:96,701,600
INFO	2016-05-14 17:35:11	MarkDuplicates	Tracking 113797 as yet unmatched pairs. 4029 records in RAM.
INFO	2016-05-14 17:35:16	MarkDuplicates	Read    73,000,000 records.  Elapsed time: 00:08:54s.  Time for last 1,000,000:    5s.  Last read position: chr10:116,581,553
INFO	2016-05-14 17:35:16	MarkDuplicates	Tracking 113139 as yet unmatched pairs. 1868 records in RAM.
INFO	2016-05-14 17:35:22	MarkDuplicates	Read    74,000,000 records.  Elapsed time: 00:08:59s.  Time for last 1,000,000:    5s.  Last read position: chr11:502,188
INFO	2016-05-14 17:35:22	MarkDuplicates	Tracking 112277 as yet unmatched pairs. 12360 records in RAM.
INFO	2016-05-14 17:35:48	MarkDuplicates	Read    75,000,000 records.  Elapsed time: 00:09:26s.  Time for last 1,000,000:   26s.  Last read position: chr11:16,838,517
INFO	2016-05-14 17:35:48	MarkDuplicates	Tracking 111703 as yet unmatched pairs. 10854 records in RAM.
INFO	2016-05-14 17:35:54	MarkDuplicates	Read    76,000,000 records.  Elapsed time: 00:09:32s.  Time for last 1,000,000:    5s.  Last read position: chr11:47,315,408
INFO	2016-05-14 17:35:54	MarkDuplicates	Tracking 110933 as yet unmatched pairs. 8813 records in RAM.
INFO	2016-05-14 17:35:59	MarkDuplicates	Read    77,000,000 records.  Elapsed time: 00:09:37s.  Time for last 1,000,000:    4s.  Last read position: chr11:62,365,557
INFO	2016-05-14 17:35:59	MarkDuplicates	Tracking 110495 as yet unmatched pairs. 7351 records in RAM.
INFO	2016-05-14 17:36:05	MarkDuplicates	Read    78,000,000 records.  Elapsed time: 00:09:42s.  Time for last 1,000,000:    5s.  Last read position: chr11:65,687,194
INFO	2016-05-14 17:36:05	MarkDuplicates	Tracking 110109 as yet unmatched pairs. 6473 records in RAM.
INFO	2016-05-14 17:36:10	MarkDuplicates	Read    79,000,000 records.  Elapsed time: 00:09:47s.  Time for last 1,000,000:    5s.  Last read position: chr11:73,357,668
INFO	2016-05-14 17:36:10	MarkDuplicates	Tracking 109618 as yet unmatched pairs. 5314 records in RAM.
INFO	2016-05-14 17:36:16	MarkDuplicates	Read    80,000,000 records.  Elapsed time: 00:09:53s.  Time for last 1,000,000:    5s.  Last read position: chr11:102,711,093
INFO	2016-05-14 17:36:16	MarkDuplicates	Tracking 108718 as yet unmatched pairs. 3155 records in RAM.
INFO	2016-05-14 17:36:22	MarkDuplicates	Read    81,000,000 records.  Elapsed time: 00:09:59s.  Time for last 1,000,000:    6s.  Last read position: chr11:118,949,589
INFO	2016-05-14 17:36:22	MarkDuplicates	Tracking 108010 as yet unmatched pairs. 1494 records in RAM.
INFO	2016-05-14 17:36:36	MarkDuplicates	Read    82,000,000 records.  Elapsed time: 00:10:13s.  Time for last 1,000,000:   13s.  Last read position: chr12:1,578,981
INFO	2016-05-14 17:36:36	MarkDuplicates	Tracking 107188 as yet unmatched pairs. 13429 records in RAM.
INFO	2016-05-14 17:36:41	MarkDuplicates	Read    83,000,000 records.  Elapsed time: 00:10:18s.  Time for last 1,000,000:    5s.  Last read position: chr12:21,713,233
INFO	2016-05-14 17:36:41	MarkDuplicates	Tracking 106337 as yet unmatched pairs. 11694 records in RAM.
INFO	2016-05-14 17:36:46	MarkDuplicates	Read    84,000,000 records.  Elapsed time: 00:10:24s.  Time for last 1,000,000:    5s.  Last read position: chr12:50,197,827
INFO	2016-05-14 17:36:46	MarkDuplicates	Tracking 105274 as yet unmatched pairs. 9571 records in RAM.
INFO	2016-05-14 17:36:53	MarkDuplicates	Read    85,000,000 records.  Elapsed time: 00:10:30s.  Time for last 1,000,000:    6s.  Last read position: chr12:56,638,039
INFO	2016-05-14 17:36:53	MarkDuplicates	Tracking 104691 as yet unmatched pairs. 8342 records in RAM.
INFO	2016-05-14 17:36:59	MarkDuplicates	Read    86,000,000 records.  Elapsed time: 00:10:36s.  Time for last 1,000,000:    6s.  Last read position: chr12:78,515,696
INFO	2016-05-14 17:36:59	MarkDuplicates	Tracking 103366 as yet unmatched pairs. 5795 records in RAM.
INFO	2016-05-14 17:37:04	MarkDuplicates	Read    87,000,000 records.  Elapsed time: 00:10:42s.  Time for last 1,000,000:    5s.  Last read position: chr12:111,885,085
INFO	2016-05-14 17:37:04	MarkDuplicates	Tracking 101979 as yet unmatched pairs. 3125 records in RAM.
INFO	2016-05-14 17:37:10	MarkDuplicates	Read    88,000,000 records.  Elapsed time: 00:10:47s.  Time for last 1,000,000:    5s.  Last read position: chr12:124,071,390
INFO	2016-05-14 17:37:10	MarkDuplicates	Tracking 100868 as yet unmatched pairs. 1141 records in RAM.
INFO	2016-05-14 17:37:24	MarkDuplicates	Read    89,000,000 records.  Elapsed time: 00:11:01s.  Time for last 1,000,000:   14s.  Last read position: chr13:31,843,438
INFO	2016-05-14 17:37:24	MarkDuplicates	Tracking 99519 as yet unmatched pairs. 6191 records in RAM.
INFO	2016-05-14 17:37:40	MarkDuplicates	Read    90,000,000 records.  Elapsed time: 00:11:18s.  Time for last 1,000,000:   16s.  Last read position: chr13:76,335,115
INFO	2016-05-14 17:37:40	MarkDuplicates	Tracking 97717 as yet unmatched pairs. 3103 records in RAM.
INFO	2016-05-14 17:37:46	MarkDuplicates	Read    91,000,000 records.  Elapsed time: 00:11:24s.  Time for last 1,000,000:    6s.  Last read position: chr13:113,826,088
INFO	2016-05-14 17:37:46	MarkDuplicates	Tracking 96142 as yet unmatched pairs. 396 records in RAM.
INFO	2016-05-14 17:37:53	MarkDuplicates	Read    92,000,000 records.  Elapsed time: 00:11:31s.  Time for last 1,000,000:    6s.  Last read position: chr14:24,652,969
INFO	2016-05-14 17:37:53	MarkDuplicates	Tracking 95161 as yet unmatched pairs. 7821 records in RAM.
INFO	2016-05-14 17:37:59	MarkDuplicates	Read    93,000,000 records.  Elapsed time: 00:11:36s.  Time for last 1,000,000:    5s.  Last read position: chr14:55,902,598
INFO	2016-05-14 17:37:59	MarkDuplicates	Tracking 93472 as yet unmatched pairs. 5204 records in RAM.
INFO	2016-05-14 17:38:04	MarkDuplicates	Read    94,000,000 records.  Elapsed time: 00:11:41s.  Time for last 1,000,000:    5s.  Last read position: chr14:80,677,718
INFO	2016-05-14 17:38:04	MarkDuplicates	Tracking 91905 as yet unmatched pairs. 2664 records in RAM.
INFO	2016-05-14 17:38:09	MarkDuplicates	Read    95,000,000 records.  Elapsed time: 00:11:47s.  Time for last 1,000,000:    5s.  Last read position: chr15:22,864,320
INFO	2016-05-14 17:38:09	MarkDuplicates	Tracking 90089 as yet unmatched pairs. 9404 records in RAM.
INFO	2016-05-14 17:38:15	MarkDuplicates	Read    96,000,000 records.  Elapsed time: 00:11:53s.  Time for last 1,000,000:    6s.  Last read position: chr15:42,749,227
INFO	2016-05-14 17:38:15	MarkDuplicates	Tracking 88673 as yet unmatched pairs. 7324 records in RAM.
INFO	2016-05-14 17:38:29	MarkDuplicates	Read    97,000,000 records.  Elapsed time: 00:12:06s.  Time for last 1,000,000:   13s.  Last read position: chr15:63,481,802
INFO	2016-05-14 17:38:29	MarkDuplicates	Tracking 86834 as yet unmatched pairs. 4679 records in RAM.
INFO	2016-05-14 17:38:36	MarkDuplicates	Read    98,000,000 records.  Elapsed time: 00:12:13s.  Time for last 1,000,000:    6s.  Last read position: chr15:80,414,169
INFO	2016-05-14 17:38:36	MarkDuplicates	Tracking 85050 as yet unmatched pairs. 2153 records in RAM.
INFO	2016-05-14 17:38:42	MarkDuplicates	Read    99,000,000 records.  Elapsed time: 00:12:19s.  Time for last 1,000,000:    5s.  Last read position: chr16:734,112
INFO	2016-05-14 17:38:42	MarkDuplicates	Tracking 83365 as yet unmatched pairs. 13098 records in RAM.
INFO	2016-05-14 17:38:46	MarkDuplicates	Read   100,000,000 records.  Elapsed time: 00:12:24s.  Time for last 1,000,000:    4s.  Last read position: chr16:14,397,742
INFO	2016-05-14 17:38:46	MarkDuplicates	Tracking 81610 as yet unmatched pairs. 10764 records in RAM.
INFO	2016-05-14 17:38:52	MarkDuplicates	Read   101,000,000 records.  Elapsed time: 00:12:30s.  Time for last 1,000,000:    5s.  Last read position: chr16:29,818,024
INFO	2016-05-14 17:38:52	MarkDuplicates	Tracking 79175 as yet unmatched pairs. 7462 records in RAM.
INFO	2016-05-14 17:38:58	MarkDuplicates	Read   102,000,000 records.  Elapsed time: 00:12:36s.  Time for last 1,000,000:    6s.  Last read position: chr16:56,536,601
INFO	2016-05-14 17:38:58	MarkDuplicates	Tracking 77230 as yet unmatched pairs. 4608 records in RAM.
INFO	2016-05-14 17:39:06	MarkDuplicates	Read   103,000,000 records.  Elapsed time: 00:12:43s.  Time for last 1,000,000:    7s.  Last read position: chr16:71,956,447
INFO	2016-05-14 17:39:06	MarkDuplicates	Tracking 75646 as yet unmatched pairs. 2452 records in RAM.
INFO	2016-05-14 17:39:20	MarkDuplicates	Read   104,000,000 records.  Elapsed time: 00:12:57s.  Time for last 1,000,000:   14s.  Last read position: chr17:3,480,360
INFO	2016-05-14 17:39:20	MarkDuplicates	Tracking 73267 as yet unmatched pairs. 14621 records in RAM.
INFO	2016-05-14 17:39:36	MarkDuplicates	Read   105,000,000 records.  Elapsed time: 00:13:13s.  Time for last 1,000,000:   16s.  Last read position: chr17:10,366,435
INFO	2016-05-14 17:39:36	MarkDuplicates	Tracking 71857 as yet unmatched pairs. 12880 records in RAM.
INFO	2016-05-14 17:39:41	MarkDuplicates	Read   106,000,000 records.  Elapsed time: 00:13:18s.  Time for last 1,000,000:    5s.  Last read position: chr17:31,156,420
INFO	2016-05-14 17:39:41	MarkDuplicates	Tracking 69858 as yet unmatched pairs. 10276 records in RAM.
INFO	2016-05-14 17:39:47	MarkDuplicates	Read   107,000,000 records.  Elapsed time: 00:13:24s.  Time for last 1,000,000:    5s.  Last read position: chr17:41,052,870
INFO	2016-05-14 17:39:47	MarkDuplicates	Tracking 68346 as yet unmatched pairs. 8369 records in RAM.
INFO	2016-05-14 17:39:53	MarkDuplicates	Read   108,000,000 records.  Elapsed time: 00:13:30s.  Time for last 1,000,000:    6s.  Last read position: chr17:49,041,977
INFO	2016-05-14 17:39:53	MarkDuplicates	Tracking 66939 as yet unmatched pairs. 6553 records in RAM.
INFO	2016-05-14 17:39:58	MarkDuplicates	Read   109,000,000 records.  Elapsed time: 00:13:35s.  Time for last 1,000,000:    5s.  Last read position: chr17:64,024,364
INFO	2016-05-14 17:39:58	MarkDuplicates	Tracking 64991 as yet unmatched pairs. 4203 records in RAM.
INFO	2016-05-14 17:40:04	MarkDuplicates	Read   110,000,000 records.  Elapsed time: 00:13:41s.  Time for last 1,000,000:    5s.  Last read position: chr17:74,163,744
INFO	2016-05-14 17:40:04	MarkDuplicates	Tracking 63335 as yet unmatched pairs. 2201 records in RAM.
INFO	2016-05-14 17:40:09	MarkDuplicates	Read   111,000,000 records.  Elapsed time: 00:13:46s.  Time for last 1,000,000:    5s.  Last read position: chr17:80,091,962
INFO	2016-05-14 17:40:09	MarkDuplicates	Tracking 61747 as yet unmatched pairs. 362 records in RAM.
INFO	2016-05-14 17:40:24	MarkDuplicates	Read   112,000,000 records.  Elapsed time: 00:14:01s.  Time for last 1,000,000:   14s.  Last read position: chr18:44,015,329
INFO	2016-05-14 17:40:24	MarkDuplicates	Tracking 58419 as yet unmatched pairs. 2922 records in RAM.
INFO	2016-05-14 17:40:30	MarkDuplicates	Read   113,000,000 records.  Elapsed time: 00:14:07s.  Time for last 1,000,000:    6s.  Last read position: chr19:2,396,561
INFO	2016-05-14 17:40:30	MarkDuplicates	Tracking 55329 as yet unmatched pairs. 15977 records in RAM.
INFO	2016-05-14 17:40:35	MarkDuplicates	Read   114,000,000 records.  Elapsed time: 00:14:12s.  Time for last 1,000,000:    5s.  Last read position: chr19:9,015,325
INFO	2016-05-14 17:40:35	MarkDuplicates	Tracking 53335 as yet unmatched pairs. 13742 records in RAM.
INFO	2016-05-14 17:40:40	MarkDuplicates	Read   115,000,000 records.  Elapsed time: 00:14:18s.  Time for last 1,000,000:    5s.  Last read position: chr19:14,017,206
INFO	2016-05-14 17:40:40	MarkDuplicates	Tracking 51658 as yet unmatched pairs. 11827 records in RAM.
INFO	2016-05-14 17:40:46	MarkDuplicates	Read   116,000,000 records.  Elapsed time: 00:14:23s.  Time for last 1,000,000:    5s.  Last read position: chr19:19,372,255
INFO	2016-05-14 17:40:46	MarkDuplicates	Tracking 50078 as yet unmatched pairs. 10071 records in RAM.
INFO	2016-05-14 17:40:52	MarkDuplicates	Read   117,000,000 records.  Elapsed time: 00:14:29s.  Time for last 1,000,000:    5s.  Last read position: chr19:38,708,437
INFO	2016-05-14 17:40:52	MarkDuplicates	Tracking 47246 as yet unmatched pairs. 6912 records in RAM.
INFO	2016-05-14 17:40:57	MarkDuplicates	Read   118,000,000 records.  Elapsed time: 00:14:34s.  Time for last 1,000,000:    4s.  Last read position: chr19:44,492,657
INFO	2016-05-14 17:40:57	MarkDuplicates	Tracking 45614 as yet unmatched pairs. 5077 records in RAM.
INFO	2016-05-14 17:41:11	MarkDuplicates	Read   119,000,000 records.  Elapsed time: 00:14:48s.  Time for last 1,000,000:   14s.  Last read position: chr19:49,916,143
INFO	2016-05-14 17:41:11	MarkDuplicates	Tracking 43807 as yet unmatched pairs. 3096 records in RAM.
INFO	2016-05-14 17:41:27	MarkDuplicates	Read   120,000,000 records.  Elapsed time: 00:15:05s.  Time for last 1,000,000:   16s.  Last read position: chr19:55,814,046
INFO	2016-05-14 17:41:27	MarkDuplicates	Tracking 41894 as yet unmatched pairs. 979 records in RAM.
INFO	2016-05-14 17:41:33	MarkDuplicates	Read   121,000,000 records.  Elapsed time: 00:15:10s.  Time for last 1,000,000:    5s.  Last read position: chr20:6,759,375
INFO	2016-05-14 17:41:33	MarkDuplicates	Tracking 39906 as yet unmatched pairs. 8557 records in RAM.
INFO	2016-05-14 17:41:38	MarkDuplicates	Read   122,000,000 records.  Elapsed time: 00:15:16s.  Time for last 1,000,000:    5s.  Last read position: chr20:34,173,045
INFO	2016-05-14 17:41:38	MarkDuplicates	Tracking 37001 as yet unmatched pairs. 5281 records in RAM.
INFO	2016-05-14 17:41:44	MarkDuplicates	Read   123,000,000 records.  Elapsed time: 00:15:21s.  Time for last 1,000,000:    5s.  Last read position: chr20:47,888,159
INFO	2016-05-14 17:41:44	MarkDuplicates	Tracking 34468 as yet unmatched pairs. 2539 records in RAM.
INFO	2016-05-14 17:41:50	MarkDuplicates	Read   124,000,000 records.  Elapsed time: 00:15:27s.  Time for last 1,000,000:    6s.  Last read position: chr21:10,793,777
INFO	2016-05-14 17:41:50	MarkDuplicates	Tracking 31706 as yet unmatched pairs. 5102 records in RAM.
INFO	2016-05-14 17:41:57	MarkDuplicates	Read   125,000,000 records.  Elapsed time: 00:15:34s.  Time for last 1,000,000:    6s.  Last read position: chr21:44,338,801
INFO	2016-05-14 17:41:57	MarkDuplicates	Tracking 27982 as yet unmatched pairs. 999 records in RAM.
INFO	2016-05-14 17:42:11	MarkDuplicates	Read   126,000,000 records.  Elapsed time: 00:15:48s.  Time for last 1,000,000:   13s.  Last read position: chr22:23,236,015
INFO	2016-05-14 17:42:11	MarkDuplicates	Tracking 25825 as yet unmatched pairs. 4807 records in RAM.
INFO	2016-05-14 17:42:16	MarkDuplicates	Read   127,000,000 records.  Elapsed time: 00:15:54s.  Time for last 1,000,000:    5s.  Last read position: chr22:39,267,705
INFO	2016-05-14 17:42:16	MarkDuplicates	Tracking 23182 as yet unmatched pairs. 2024 records in RAM.
INFO	2016-05-14 17:42:22	MarkDuplicates	Read   128,000,000 records.  Elapsed time: 00:15:59s.  Time for last 1,000,000:    5s.  Last read position: chrX:15,266,833
INFO	2016-05-14 17:42:22	MarkDuplicates	Tracking 19873 as yet unmatched pairs. 15733 records in RAM.
INFO	2016-05-14 17:42:27	MarkDuplicates	Read   129,000,000 records.  Elapsed time: 00:16:04s.  Time for last 1,000,000:    5s.  Last read position: chrX:48,935,625
INFO	2016-05-14 17:42:27	MarkDuplicates	Tracking 15899 as yet unmatched pairs. 11740 records in RAM.
INFO	2016-05-14 17:42:33	MarkDuplicates	Read   130,000,000 records.  Elapsed time: 00:16:10s.  Time for last 1,000,000:    5s.  Last read position: chrX:77,300,948
INFO	2016-05-14 17:42:33	MarkDuplicates	Tracking 12671 as yet unmatched pairs. 8489 records in RAM.
INFO	2016-05-14 17:42:38	MarkDuplicates	Read   131,000,000 records.  Elapsed time: 00:16:15s.  Time for last 1,000,000:    5s.  Last read position: chrX:123,780,571
INFO	2016-05-14 17:42:38	MarkDuplicates	Tracking 8024 as yet unmatched pairs. 3800 records in RAM.
INFO	2016-05-14 17:42:45	MarkDuplicates	Read   132,000,000 records.  Elapsed time: 00:16:22s.  Time for last 1,000,000:    6s.  Last read position: chrY:10,027,501
INFO	2016-05-14 17:42:45	MarkDuplicates	Tracking 3002 as yet unmatched pairs. 3002 records in RAM.
INFO	2016-05-14 17:42:45	MarkDuplicates	Read 132043822 records. 0 pairs never matched.
INFO	2016-05-14 17:43:02	MarkDuplicates	After buildSortedReadEndLists freeMemory: 2083267960; totalMemory: 2098200576; maxMemory: 2098200576
INFO	2016-05-14 17:43:02	MarkDuplicates	Will retain up to 65568768 duplicate indices before spilling to disk.
INFO	2016-05-14 17:43:02	MarkDuplicates	Traversing read pair information and detecting duplicates.
INFO	2016-05-14 17:43:35	MarkDuplicates	Traversing fragment information and detecting duplicates.
INFO	2016-05-14 17:44:28	MarkDuplicates	Sorting list of duplicate records.
INFO	2016-05-14 17:44:29	MarkDuplicates	After generateDuplicateIndexes freeMemory: 1594036528; totalMemory: 2134376448; maxMemory: 2134376448
INFO	2016-05-14 17:44:29	MarkDuplicates	Marking 15453937 records as duplicates.
INFO	2016-05-14 17:44:29	MarkDuplicates	Found 2185 optical duplicate clusters.
INFO	2016-05-14 17:44:29	MarkDuplicates	Reads are assumed to be ordered by: coordinate
INFO	2016-05-14 17:46:47	MarkDuplicates	Written    10,000,000 records.  Elapsed time: 00:02:17s.  Time for last 10,000,000:  137s.  Last read position: chr1:160,493,005
INFO	2016-05-14 17:49:11	MarkDuplicates	Written    20,000,000 records.  Elapsed time: 00:04:41s.  Time for last 10,000,000:  144s.  Last read position: chr2:103,324,625
INFO	2016-05-14 17:51:27	MarkDuplicates	Written    30,000,000 records.  Elapsed time: 00:06:57s.  Time for last 10,000,000:  136s.  Last read position: chr3:64,636,593
INFO	2016-05-14 17:53:50	MarkDuplicates	Written    40,000,000 records.  Elapsed time: 00:09:20s.  Time for last 10,000,000:  142s.  Last read position: chr5:15,936,748
INFO	2016-05-14 17:56:17	MarkDuplicates	Written    50,000,000 records.  Elapsed time: 00:11:48s.  Time for last 10,000,000:  147s.  Last read position: chr6:55,406,796
INFO	2016-05-14 17:58:38	MarkDuplicates	Written    60,000,000 records.  Elapsed time: 00:14:08s.  Time for last 10,000,000:  140s.  Last read position: chr8:27,925,068
INFO	2016-05-14 18:01:01	MarkDuplicates	Written    70,000,000 records.  Elapsed time: 00:16:31s.  Time for last 10,000,000:  143s.  Last read position: chr10:27,512,296
INFO	2016-05-14 18:03:28	MarkDuplicates	Written    80,000,000 records.  Elapsed time: 00:18:58s.  Time for last 10,000,000:  146s.  Last read position: chr11:102,711,093
INFO	2016-05-14 18:05:53	MarkDuplicates	Written    90,000,000 records.  Elapsed time: 00:21:23s.  Time for last 10,000,000:  144s.  Last read position: chr13:76,335,115
INFO	2016-05-14 18:08:15	MarkDuplicates	Written   100,000,000 records.  Elapsed time: 00:23:45s.  Time for last 10,000,000:  142s.  Last read position: chr16:14,397,742
INFO	2016-05-14 18:10:28	MarkDuplicates	Written   110,000,000 records.  Elapsed time: 00:25:58s.  Time for last 10,000,000:  132s.  Last read position: chr17:74,163,744
INFO	2016-05-14 18:12:48	MarkDuplicates	Written   120,000,000 records.  Elapsed time: 00:28:18s.  Time for last 10,000,000:  139s.  Last read position: chr19:55,814,046
INFO	2016-05-14 18:15:11	MarkDuplicates	Written   130,000,000 records.  Elapsed time: 00:30:41s.  Time for last 10,000,000:  143s.  Last read position: chrX:77,300,948
INFO	2016-05-14 18:15:54	MarkDuplicates	Before output close freeMemory: 1593296736; totalMemory: 1599602688; maxMemory: 1908932608
INFO	2016-05-14 18:15:57	MarkDuplicates	After output close freeMemory: 1593293944; totalMemory: 1599602688; maxMemory: 1908932608
[Sat May 14 18:15:57 EDT 2016] picard.sam.markduplicates.MarkDuplicates done. Elapsed time: 49.58 minutes.
Runtime.totalMemory()=1599602688
[Sat May 14 18:15:58 EDT 2016] picard.sam.AddOrReplaceReadGroups INPUT=p_DS_bkm_085-T/p_DS_bkm_085-T.sorted.MarkDup.bam OUTPUT=p_DS_bkm_085-T/p_DS_bkm_085-T.sorted.MarkDup.fixed.bam SORT_ORDER=coordinate RGID=id RGLB=bar RGPL=Illumina RGPU=platform RGSM=sample1 TMP_DIR=[tmp] VALIDATION_STRINGENCY=SILENT CREATE_INDEX=true    VERBOSITY=INFO QUIET=false COMPRESSION_LEVEL=5 MAX_RECORDS_IN_RAM=500000 CREATE_MD5_FILE=false GA4GH_CLIENT_SECRETS=client_secrets.json
[Sat May 14 18:15:58 EDT 2016] Executing as abdelrahman@compute-1-2.local on Linux 2.6.32-279.14.1.el6.x86_64 amd64; Java HotSpot(TM) 64-Bit Server VM 1.8.0_45-b14; Picard version: 2.3.0(9a00c87b7ffdb01cfb5a0d6e76556146196babb8_1463071327) IntelDeflater
INFO	2016-05-14 18:15:58	AddOrReplaceReadGroups	Created read group ID=id PL=Illumina LB=bar SM=sample1

INFO	2016-05-14 18:16:11	AddOrReplaceReadGroups	Processed     1,000,000 records.  Elapsed time: 00:00:13s.  Time for last 1,000,000:   13s.  Last read position: chr1:11,862,979
INFO	2016-05-14 18:16:25	AddOrReplaceReadGroups	Processed     2,000,000 records.  Elapsed time: 00:00:27s.  Time for last 1,000,000:   14s.  Last read position: chr1:22,828,837
INFO	2016-05-14 18:16:40	AddOrReplaceReadGroups	Processed     3,000,000 records.  Elapsed time: 00:00:42s.  Time for last 1,000,000:   14s.  Last read position: chr1:32,623,877
INFO	2016-05-14 18:16:53	AddOrReplaceReadGroups	Processed     4,000,000 records.  Elapsed time: 00:00:54s.  Time for last 1,000,000:   12s.  Last read position: chr1:43,217,574
INFO	2016-05-14 18:17:09	AddOrReplaceReadGroups	Processed     5,000,000 records.  Elapsed time: 00:01:11s.  Time for last 1,000,000:   16s.  Last read position: chr1:54,644,794
INFO	2016-05-14 18:17:25	AddOrReplaceReadGroups	Processed     6,000,000 records.  Elapsed time: 00:01:27s.  Time for last 1,000,000:   15s.  Last read position: chr1:89,615,256
INFO	2016-05-14 18:17:43	AddOrReplaceReadGroups	Processed     7,000,000 records.  Elapsed time: 00:01:44s.  Time for last 1,000,000:   17s.  Last read position: chr1:113,232,091
INFO	2016-05-14 18:17:57	AddOrReplaceReadGroups	Processed     8,000,000 records.  Elapsed time: 00:01:58s.  Time for last 1,000,000:   14s.  Last read position: chr1:150,940,621
INFO	2016-05-14 18:18:13	AddOrReplaceReadGroups	Processed     9,000,000 records.  Elapsed time: 00:02:15s.  Time for last 1,000,000:   16s.  Last read position: chr1:155,221,523
INFO	2016-05-14 18:18:27	AddOrReplaceReadGroups	Processed    10,000,000 records.  Elapsed time: 00:02:29s.  Time for last 1,000,000:   13s.  Last read position: chr1:160,493,005
INFO	2016-05-14 18:18:40	AddOrReplaceReadGroups	Processed    11,000,000 records.  Elapsed time: 00:02:42s.  Time for last 1,000,000:   13s.  Last read position: chr1:177,133,628
INFO	2016-05-14 18:18:54	AddOrReplaceReadGroups	Processed    12,000,000 records.  Elapsed time: 00:02:55s.  Time for last 1,000,000:   13s.  Last read position: chr1:201,190,665
INFO	2016-05-14 18:19:10	AddOrReplaceReadGroups	Processed    13,000,000 records.  Elapsed time: 00:03:12s.  Time for last 1,000,000:   16s.  Last read position: chr1:212,276,170
INFO	2016-05-14 18:19:25	AddOrReplaceReadGroups	Processed    14,000,000 records.  Elapsed time: 00:03:27s.  Time for last 1,000,000:   14s.  Last read position: chr1:231,377,063
INFO	2016-05-14 18:19:39	AddOrReplaceReadGroups	Processed    15,000,000 records.  Elapsed time: 00:03:41s.  Time for last 1,000,000:   14s.  Last read position: chr2:7,003,561
INFO	2016-05-14 18:19:55	AddOrReplaceReadGroups	Processed    16,000,000 records.  Elapsed time: 00:03:56s.  Time for last 1,000,000:   15s.  Last read position: chr2:27,249,193
INFO	2016-05-14 18:20:12	AddOrReplaceReadGroups	Processed    17,000,000 records.  Elapsed time: 00:04:14s.  Time for last 1,000,000:   17s.  Last read position: chr2:38,523,873
INFO	2016-05-14 18:20:27	AddOrReplaceReadGroups	Processed    18,000,000 records.  Elapsed time: 00:04:28s.  Time for last 1,000,000:   14s.  Last read position: chr2:63,221,052
INFO	2016-05-14 18:20:44	AddOrReplaceReadGroups	Processed    19,000,000 records.  Elapsed time: 00:04:46s.  Time for last 1,000,000:   17s.  Last read position: chr2:75,881,997
INFO	2016-05-14 18:20:57	AddOrReplaceReadGroups	Processed    20,000,000 records.  Elapsed time: 00:04:59s.  Time for last 1,000,000:   13s.  Last read position: chr2:103,324,625
INFO	2016-05-14 18:21:16	AddOrReplaceReadGroups	Processed    21,000,000 records.  Elapsed time: 00:05:18s.  Time for last 1,000,000:   18s.  Last read position: chr2:136,567,406
INFO	2016-05-14 18:21:34	AddOrReplaceReadGroups	Processed    22,000,000 records.  Elapsed time: 00:05:35s.  Time for last 1,000,000:   17s.  Last read position: chr2:170,026,916
INFO	2016-05-14 18:21:47	AddOrReplaceReadGroups	Processed    23,000,000 records.  Elapsed time: 00:05:49s.  Time for last 1,000,000:   13s.  Last read position: chr2:182,543,287
INFO	2016-05-14 18:22:06	AddOrReplaceReadGroups	Processed    24,000,000 records.  Elapsed time: 00:06:08s.  Time for last 1,000,000:   18s.  Last read position: chr2:204,034,594
INFO	2016-05-14 18:22:20	AddOrReplaceReadGroups	Processed    25,000,000 records.  Elapsed time: 00:06:22s.  Time for last 1,000,000:   14s.  Last read position: chr2:220,437,178
INFO	2016-05-14 18:22:37	AddOrReplaceReadGroups	Processed    26,000,000 records.  Elapsed time: 00:06:39s.  Time for last 1,000,000:   16s.  Last read position: chr2:241,500,979
INFO	2016-05-14 18:22:52	AddOrReplaceReadGroups	Processed    27,000,000 records.  Elapsed time: 00:06:54s.  Time for last 1,000,000:   14s.  Last read position: chr3:24,009,471
INFO	2016-05-14 18:23:06	AddOrReplaceReadGroups	Processed    28,000,000 records.  Elapsed time: 00:07:08s.  Time for last 1,000,000:   14s.  Last read position: chr3:45,943,005
INFO	2016-05-14 18:23:20	AddOrReplaceReadGroups	Processed    29,000,000 records.  Elapsed time: 00:07:22s.  Time for last 1,000,000:   13s.  Last read position: chr3:50,327,821
INFO	2016-05-14 18:23:39	AddOrReplaceReadGroups	Processed    30,000,000 records.  Elapsed time: 00:07:41s.  Time for last 1,000,000:   19s.  Last read position: chr3:64,636,593
INFO	2016-05-14 18:23:54	AddOrReplaceReadGroups	Processed    31,000,000 records.  Elapsed time: 00:07:56s.  Time for last 1,000,000:   14s.  Last read position: chr3:114,012,786
INFO	2016-05-14 18:24:14	AddOrReplaceReadGroups	Processed    32,000,000 records.  Elapsed time: 00:08:16s.  Time for last 1,000,000:   20s.  Last read position: chr3:132,175,112
INFO	2016-05-14 18:24:29	AddOrReplaceReadGroups	Processed    33,000,000 records.  Elapsed time: 00:08:30s.  Time for last 1,000,000:   14s.  Last read position: chr3:153,839,892
INFO	2016-05-14 18:24:47	AddOrReplaceReadGroups	Processed    34,000,000 records.  Elapsed time: 00:08:49s.  Time for last 1,000,000:   18s.  Last read position: chr3:182,664,848
INFO	2016-05-14 18:25:01	AddOrReplaceReadGroups	Processed    35,000,000 records.  Elapsed time: 00:09:03s.  Time for last 1,000,000:   14s.  Last read position: chr3:197,427,643
INFO	2016-05-14 18:25:18	AddOrReplaceReadGroups	Processed    36,000,000 records.  Elapsed time: 00:09:20s.  Time for last 1,000,000:   17s.  Last read position: chr4:15,556,596
INFO	2016-05-14 18:25:33	AddOrReplaceReadGroups	Processed    37,000,000 records.  Elapsed time: 00:09:35s.  Time for last 1,000,000:   15s.  Last read position: chr4:56,875,607
INFO	2016-05-14 18:25:52	AddOrReplaceReadGroups	Processed    38,000,000 records.  Elapsed time: 00:09:54s.  Time for last 1,000,000:   18s.  Last read position: chr4:103,722,759
INFO	2016-05-14 18:26:09	AddOrReplaceReadGroups	Processed    39,000,000 records.  Elapsed time: 00:10:11s.  Time for last 1,000,000:   16s.  Last read position: chr4:164,247,262
INFO	2016-05-14 18:26:25	AddOrReplaceReadGroups	Processed    40,000,000 records.  Elapsed time: 00:10:27s.  Time for last 1,000,000:   15s.  Last read position: chr5:15,936,748
INFO	2016-05-14 18:26:43	AddOrReplaceReadGroups	Processed    41,000,000 records.  Elapsed time: 00:10:44s.  Time for last 1,000,000:   17s.  Last read position: chr5:64,925,577
INFO	2016-05-14 18:27:06	AddOrReplaceReadGroups	Processed    42,000,000 records.  Elapsed time: 00:11:08s.  Time for last 1,000,000:   23s.  Last read position: chr5:115,822,699
INFO	2016-05-14 18:27:22	AddOrReplaceReadGroups	Processed    43,000,000 records.  Elapsed time: 00:11:24s.  Time for last 1,000,000:   15s.  Last read position: chr5:140,051,922
INFO	2016-05-14 18:27:37	AddOrReplaceReadGroups	Processed    44,000,000 records.  Elapsed time: 00:11:39s.  Time for last 1,000,000:   14s.  Last read position: chr5:150,480,567
INFO	2016-05-14 18:27:55	AddOrReplaceReadGroups	Processed    45,000,000 records.  Elapsed time: 00:11:56s.  Time for last 1,000,000:   17s.  Last read position: chr5:175,304,098
INFO	2016-05-14 18:28:10	AddOrReplaceReadGroups	Processed    46,000,000 records.  Elapsed time: 00:12:12s.  Time for last 1,000,000:   15s.  Last read position: chr6:7,657,465
INFO	2016-05-14 18:28:25	AddOrReplaceReadGroups	Processed    47,000,000 records.  Elapsed time: 00:12:26s.  Time for last 1,000,000:   14s.  Last read position: chr6:30,030,044
INFO	2016-05-14 18:28:39	AddOrReplaceReadGroups	Processed    48,000,000 records.  Elapsed time: 00:12:41s.  Time for last 1,000,000:   14s.  Last read position: chr6:32,809,394
INFO	2016-05-14 18:28:57	AddOrReplaceReadGroups	Processed    49,000,000 records.  Elapsed time: 00:12:58s.  Time for last 1,000,000:   17s.  Last read position: chr6:41,792,161
INFO	2016-05-14 18:29:11	AddOrReplaceReadGroups	Processed    50,000,000 records.  Elapsed time: 00:13:13s.  Time for last 1,000,000:   14s.  Last read position: chr6:55,406,796
INFO	2016-05-14 18:29:28	AddOrReplaceReadGroups	Processed    51,000,000 records.  Elapsed time: 00:13:30s.  Time for last 1,000,000:   17s.  Last read position: chr6:109,699,164
INFO	2016-05-14 18:29:42	AddOrReplaceReadGroups	Processed    52,000,000 records.  Elapsed time: 00:13:44s.  Time for last 1,000,000:   14s.  Last read position: chr6:152,697,533
INFO	2016-05-14 18:30:01	AddOrReplaceReadGroups	Processed    53,000,000 records.  Elapsed time: 00:14:03s.  Time for last 1,000,000:   18s.  Last read position: chr7:6,715,765
INFO	2016-05-14 18:30:15	AddOrReplaceReadGroups	Processed    54,000,000 records.  Elapsed time: 00:14:17s.  Time for last 1,000,000:   14s.  Last read position: chr7:43,908,411
INFO	2016-05-14 18:30:32	AddOrReplaceReadGroups	Processed    55,000,000 records.  Elapsed time: 00:14:34s.  Time for last 1,000,000:   17s.  Last read position: chr7:75,610,812
INFO	2016-05-14 18:30:51	AddOrReplaceReadGroups	Processed    56,000,000 records.  Elapsed time: 00:14:53s.  Time for last 1,000,000:   18s.  Last read position: chr7:99,758,206
INFO	2016-05-14 18:31:08	AddOrReplaceReadGroups	Processed    57,000,000 records.  Elapsed time: 00:15:10s.  Time for last 1,000,000:   16s.  Last read position: chr7:116,838,300
INFO	2016-05-14 18:31:25	AddOrReplaceReadGroups	Processed    58,000,000 records.  Elapsed time: 00:15:27s.  Time for last 1,000,000:   17s.  Last read position: chr7:141,536,991
INFO	2016-05-14 18:31:39	AddOrReplaceReadGroups	Processed    59,000,000 records.  Elapsed time: 00:15:41s.  Time for last 1,000,000:   14s.  Last read position: chr7:158,823,436
INFO	2016-05-14 18:31:58	AddOrReplaceReadGroups	Processed    60,000,000 records.  Elapsed time: 00:16:00s.  Time for last 1,000,000:   18s.  Last read position: chr8:27,925,068
INFO	2016-05-14 18:32:13	AddOrReplaceReadGroups	Processed    61,000,000 records.  Elapsed time: 00:16:15s.  Time for last 1,000,000:   14s.  Last read position: chr8:56,986,155
INFO	2016-05-14 18:32:31	AddOrReplaceReadGroups	Processed    62,000,000 records.  Elapsed time: 00:16:33s.  Time for last 1,000,000:   18s.  Last read position: chr8:95,531,522
INFO	2016-05-14 18:32:46	AddOrReplaceReadGroups	Processed    63,000,000 records.  Elapsed time: 00:16:47s.  Time for last 1,000,000:   14s.  Last read position: chr8:126,369,545
INFO	2016-05-14 18:33:03	AddOrReplaceReadGroups	Processed    64,000,000 records.  Elapsed time: 00:17:05s.  Time for last 1,000,000:   17s.  Last read position: chr8:145,138,945
INFO	2016-05-14 18:33:17	AddOrReplaceReadGroups	Processed    65,000,000 records.  Elapsed time: 00:17:19s.  Time for last 1,000,000:   13s.  Last read position: chr9:26,935,019
INFO	2016-05-14 18:33:37	AddOrReplaceReadGroups	Processed    66,000,000 records.  Elapsed time: 00:17:39s.  Time for last 1,000,000:   19s.  Last read position: chr9:75,775,210
INFO	2016-05-14 18:33:52	AddOrReplaceReadGroups	Processed    67,000,000 records.  Elapsed time: 00:17:54s.  Time for last 1,000,000:   15s.  Last read position: chr9:103,072,589
INFO	2016-05-14 18:34:11	AddOrReplaceReadGroups	Processed    68,000,000 records.  Elapsed time: 00:18:13s.  Time for last 1,000,000:   19s.  Last read position: chr9:130,575,428
INFO	2016-05-14 18:34:26	AddOrReplaceReadGroups	Processed    69,000,000 records.  Elapsed time: 00:18:27s.  Time for last 1,000,000:   14s.  Last read position: chr9:140,055,515
INFO	2016-05-14 18:34:45	AddOrReplaceReadGroups	Processed    70,000,000 records.  Elapsed time: 00:18:47s.  Time for last 1,000,000:   19s.  Last read position: chr10:27,512,296
INFO	2016-05-14 18:34:59	AddOrReplaceReadGroups	Processed    71,000,000 records.  Elapsed time: 00:19:01s.  Time for last 1,000,000:   14s.  Last read position: chr10:71,649,269
INFO	2016-05-14 18:35:18	AddOrReplaceReadGroups	Processed    72,000,000 records.  Elapsed time: 00:19:20s.  Time for last 1,000,000:   18s.  Last read position: chr10:96,701,600
INFO	2016-05-14 18:35:32	AddOrReplaceReadGroups	Processed    73,000,000 records.  Elapsed time: 00:19:34s.  Time for last 1,000,000:   14s.  Last read position: chr10:116,581,553
INFO	2016-05-14 18:35:51	AddOrReplaceReadGroups	Processed    74,000,000 records.  Elapsed time: 00:19:52s.  Time for last 1,000,000:   18s.  Last read position: chr11:502,188
INFO	2016-05-14 18:36:04	AddOrReplaceReadGroups	Processed    75,000,000 records.  Elapsed time: 00:20:06s.  Time for last 1,000,000:   13s.  Last read position: chr11:16,838,517
INFO	2016-05-14 18:36:20	AddOrReplaceReadGroups	Processed    76,000,000 records.  Elapsed time: 00:20:22s.  Time for last 1,000,000:   16s.  Last read position: chr11:47,315,408
INFO	2016-05-14 18:36:34	AddOrReplaceReadGroups	Processed    77,000,000 records.  Elapsed time: 00:20:36s.  Time for last 1,000,000:   13s.  Last read position: chr11:62,365,557
INFO	2016-05-14 18:36:50	AddOrReplaceReadGroups	Processed    78,000,000 records.  Elapsed time: 00:20:52s.  Time for last 1,000,000:   15s.  Last read position: chr11:65,687,194
INFO	2016-05-14 18:37:04	AddOrReplaceReadGroups	Processed    79,000,000 records.  Elapsed time: 00:21:06s.  Time for last 1,000,000:   14s.  Last read position: chr11:73,357,668
INFO	2016-05-14 18:37:23	AddOrReplaceReadGroups	Processed    80,000,000 records.  Elapsed time: 00:21:25s.  Time for last 1,000,000:   19s.  Last read position: chr11:102,711,093
INFO	2016-05-14 18:37:37	AddOrReplaceReadGroups	Processed    81,000,000 records.  Elapsed time: 00:21:39s.  Time for last 1,000,000:   13s.  Last read position: chr11:118,949,589
INFO	2016-05-14 18:37:55	AddOrReplaceReadGroups	Processed    82,000,000 records.  Elapsed time: 00:21:57s.  Time for last 1,000,000:   18s.  Last read position: chr12:1,578,981
INFO	2016-05-14 18:38:10	AddOrReplaceReadGroups	Processed    83,000,000 records.  Elapsed time: 00:22:11s.  Time for last 1,000,000:   14s.  Last read position: chr12:21,713,233
INFO	2016-05-14 18:38:27	AddOrReplaceReadGroups	Processed    84,000,000 records.  Elapsed time: 00:22:28s.  Time for last 1,000,000:   16s.  Last read position: chr12:50,197,827
INFO	2016-05-14 18:38:42	AddOrReplaceReadGroups	Processed    85,000,000 records.  Elapsed time: 00:22:44s.  Time for last 1,000,000:   15s.  Last read position: chr12:56,638,039
INFO	2016-05-14 18:38:59	AddOrReplaceReadGroups	Processed    86,000,000 records.  Elapsed time: 00:23:01s.  Time for last 1,000,000:   17s.  Last read position: chr12:78,515,696
INFO	2016-05-14 18:39:13	AddOrReplaceReadGroups	Processed    87,000,000 records.  Elapsed time: 00:23:15s.  Time for last 1,000,000:   13s.  Last read position: chr12:111,885,085
INFO	2016-05-14 18:39:28	AddOrReplaceReadGroups	Processed    88,000,000 records.  Elapsed time: 00:23:30s.  Time for last 1,000,000:   15s.  Last read position: chr12:124,071,390
INFO	2016-05-14 18:39:43	AddOrReplaceReadGroups	Processed    89,000,000 records.  Elapsed time: 00:23:44s.  Time for last 1,000,000:   14s.  Last read position: chr13:31,843,438
INFO	2016-05-14 18:40:02	AddOrReplaceReadGroups	Processed    90,000,000 records.  Elapsed time: 00:24:03s.  Time for last 1,000,000:   18s.  Last read position: chr13:76,335,115
INFO	2016-05-14 18:40:15	AddOrReplaceReadGroups	Processed    91,000,000 records.  Elapsed time: 00:24:17s.  Time for last 1,000,000:   13s.  Last read position: chr13:113,826,088
INFO	2016-05-14 18:40:29	AddOrReplaceReadGroups	Processed    92,000,000 records.  Elapsed time: 00:24:31s.  Time for last 1,000,000:   14s.  Last read position: chr14:24,652,969
INFO	2016-05-14 18:40:45	AddOrReplaceReadGroups	Processed    93,000,000 records.  Elapsed time: 00:24:46s.  Time for last 1,000,000:   15s.  Last read position: chr14:55,902,598
INFO	2016-05-14 18:41:05	AddOrReplaceReadGroups	Processed    94,000,000 records.  Elapsed time: 00:25:07s.  Time for last 1,000,000:   20s.  Last read position: chr14:80,677,718
INFO	2016-05-14 18:41:20	AddOrReplaceReadGroups	Processed    95,000,000 records.  Elapsed time: 00:25:22s.  Time for last 1,000,000:   15s.  Last read position: chr15:22,864,320
INFO	2016-05-14 18:41:36	AddOrReplaceReadGroups	Processed    96,000,000 records.  Elapsed time: 00:25:38s.  Time for last 1,000,000:   15s.  Last read position: chr15:42,749,227
INFO	2016-05-14 18:41:50	AddOrReplaceReadGroups	Processed    97,000,000 records.  Elapsed time: 00:25:52s.  Time for last 1,000,000:   14s.  Last read position: chr15:63,481,802
INFO	2016-05-14 18:42:05	AddOrReplaceReadGroups	Processed    98,000,000 records.  Elapsed time: 00:26:07s.  Time for last 1,000,000:   14s.  Last read position: chr15:80,414,169
INFO	2016-05-14 18:42:20	AddOrReplaceReadGroups	Processed    99,000,000 records.  Elapsed time: 00:26:22s.  Time for last 1,000,000:   14s.  Last read position: chr16:734,112
INFO	2016-05-14 18:42:41	AddOrReplaceReadGroups	Processed   100,000,000 records.  Elapsed time: 00:26:43s.  Time for last 1,000,000:   20s.  Last read position: chr16:14,397,742
INFO	2016-05-14 18:42:57	AddOrReplaceReadGroups	Processed   101,000,000 records.  Elapsed time: 00:26:59s.  Time for last 1,000,000:   16s.  Last read position: chr16:29,818,024
INFO	2016-05-14 18:43:14	AddOrReplaceReadGroups	Processed   102,000,000 records.  Elapsed time: 00:27:16s.  Time for last 1,000,000:   16s.  Last read position: chr16:56,536,601
INFO	2016-05-14 18:43:30	AddOrReplaceReadGroups	Processed   103,000,000 records.  Elapsed time: 00:27:31s.  Time for last 1,000,000:   15s.  Last read position: chr16:71,956,447
INFO	2016-05-14 18:43:47	AddOrReplaceReadGroups	Processed   104,000,000 records.  Elapsed time: 00:27:49s.  Time for last 1,000,000:   17s.  Last read position: chr17:3,480,360
INFO	2016-05-14 18:44:03	AddOrReplaceReadGroups	Processed   105,000,000 records.  Elapsed time: 00:28:05s.  Time for last 1,000,000:   15s.  Last read position: chr17:10,366,435
INFO	2016-05-14 18:44:18	AddOrReplaceReadGroups	Processed   106,000,000 records.  Elapsed time: 00:28:20s.  Time for last 1,000,000:   15s.  Last read position: chr17:31,156,420
INFO	2016-05-14 18:44:34	AddOrReplaceReadGroups	Processed   107,000,000 records.  Elapsed time: 00:28:36s.  Time for last 1,000,000:   15s.  Last read position: chr17:41,052,870
INFO	2016-05-14 18:44:51	AddOrReplaceReadGroups	Processed   108,000,000 records.  Elapsed time: 00:28:53s.  Time for last 1,000,000:   17s.  Last read position: chr17:49,041,977
INFO	2016-05-14 18:45:06	AddOrReplaceReadGroups	Processed   109,000,000 records.  Elapsed time: 00:29:08s.  Time for last 1,000,000:   14s.  Last read position: chr17:64,024,364
INFO	2016-05-14 18:45:21	AddOrReplaceReadGroups	Processed   110,000,000 records.  Elapsed time: 00:29:23s.  Time for last 1,000,000:   14s.  Last read position: chr17:74,163,744
INFO	2016-05-14 18:45:36	AddOrReplaceReadGroups	Processed   111,000,000 records.  Elapsed time: 00:29:38s.  Time for last 1,000,000:   14s.  Last read position: chr17:80,091,962
INFO	2016-05-14 18:45:54	AddOrReplaceReadGroups	Processed   112,000,000 records.  Elapsed time: 00:29:56s.  Time for last 1,000,000:   18s.  Last read position: chr18:44,015,329
INFO	2016-05-14 18:46:12	AddOrReplaceReadGroups	Processed   113,000,000 records.  Elapsed time: 00:30:14s.  Time for last 1,000,000:   18s.  Last read position: chr19:2,396,561
INFO	2016-05-14 18:46:28	AddOrReplaceReadGroups	Processed   114,000,000 records.  Elapsed time: 00:30:30s.  Time for last 1,000,000:   15s.  Last read position: chr19:9,015,325
INFO	2016-05-14 18:46:46	AddOrReplaceReadGroups	Processed   115,000,000 records.  Elapsed time: 00:30:48s.  Time for last 1,000,000:   18s.  Last read position: chr19:14,017,206
INFO	2016-05-14 18:47:00	AddOrReplaceReadGroups	Processed   116,000,000 records.  Elapsed time: 00:31:02s.  Time for last 1,000,000:   13s.  Last read position: chr19:19,372,255
INFO	2016-05-14 18:47:18	AddOrReplaceReadGroups	Processed   117,000,000 records.  Elapsed time: 00:31:20s.  Time for last 1,000,000:   17s.  Last read position: chr19:38,708,437
INFO	2016-05-14 18:47:32	AddOrReplaceReadGroups	Processed   118,000,000 records.  Elapsed time: 00:31:33s.  Time for last 1,000,000:   13s.  Last read position: chr19:44,492,657
INFO	2016-05-14 18:47:50	AddOrReplaceReadGroups	Processed   119,000,000 records.  Elapsed time: 00:31:51s.  Time for last 1,000,000:   17s.  Last read position: chr19:49,916,143
INFO	2016-05-14 18:48:06	AddOrReplaceReadGroups	Processed   120,000,000 records.  Elapsed time: 00:32:08s.  Time for last 1,000,000:   16s.  Last read position: chr19:55,814,046
INFO	2016-05-14 18:48:24	AddOrReplaceReadGroups	Processed   121,000,000 records.  Elapsed time: 00:32:25s.  Time for last 1,000,000:   17s.  Last read position: chr20:6,759,375
INFO	2016-05-14 18:48:37	AddOrReplaceReadGroups	Processed   122,000,000 records.  Elapsed time: 00:32:39s.  Time for last 1,000,000:   13s.  Last read position: chr20:34,173,045
INFO	2016-05-14 18:48:54	AddOrReplaceReadGroups	Processed   123,000,000 records.  Elapsed time: 00:32:56s.  Time for last 1,000,000:   16s.  Last read position: chr20:47,888,159
INFO	2016-05-14 18:49:10	AddOrReplaceReadGroups	Processed   124,000,000 records.  Elapsed time: 00:33:12s.  Time for last 1,000,000:   16s.  Last read position: chr21:10,793,777
INFO	2016-05-14 18:49:28	AddOrReplaceReadGroups	Processed   125,000,000 records.  Elapsed time: 00:33:30s.  Time for last 1,000,000:   17s.  Last read position: chr21:44,338,801
INFO	2016-05-14 18:49:43	AddOrReplaceReadGroups	Processed   126,000,000 records.  Elapsed time: 00:33:45s.  Time for last 1,000,000:   15s.  Last read position: chr22:23,236,015
INFO	2016-05-14 18:49:59	AddOrReplaceReadGroups	Processed   127,000,000 records.  Elapsed time: 00:34:01s.  Time for last 1,000,000:   15s.  Last read position: chr22:39,267,705
INFO	2016-05-14 18:50:14	AddOrReplaceReadGroups	Processed   128,000,000 records.  Elapsed time: 00:34:16s.  Time for last 1,000,000:   15s.  Last read position: chrX:15,266,833
INFO	2016-05-14 18:50:29	AddOrReplaceReadGroups	Processed   129,000,000 records.  Elapsed time: 00:34:31s.  Time for last 1,000,000:   14s.  Last read position: chrX:48,935,625
INFO	2016-05-14 18:50:44	AddOrReplaceReadGroups	Processed   130,000,000 records.  Elapsed time: 00:34:46s.  Time for last 1,000,000:   15s.  Last read position: chrX:77,300,948
INFO	2016-05-14 18:51:01	AddOrReplaceReadGroups	Processed   131,000,000 records.  Elapsed time: 00:35:03s.  Time for last 1,000,000:   17s.  Last read position: chrX:123,780,571
INFO	2016-05-14 18:51:17	AddOrReplaceReadGroups	Processed   132,000,000 records.  Elapsed time: 00:35:19s.  Time for last 1,000,000:   15s.  Last read position: chrY:10,027,501
INFO	2016-05-14 18:51:33	AddOrReplaceReadGroups	Processed   133,000,000 records.  Elapsed time: 00:35:35s.  Time for last 1,000,000:   16s.  Last read position: */*
[Sat May 14 18:51:36 EDT 2016] picard.sam.AddOrReplaceReadGroups done. Elapsed time: 35.64 minutes.
Runtime.totalMemory()=395313152
[Sat May 14 18:51:37 EDT 2016] picard.sam.FixMateInformation INPUT=[p_DS_bkm_085-T/p_DS_bkm_085-T.sorted.MarkDup.fixed.bam] OUTPUT=p_DS_bkm_085-T/p_DS_bkm_085-T.sorted.MarkDup.realn.fixed.bam SORT_ORDER=coordinate TMP_DIR=[tmp/flx] VALIDATION_STRINGENCY=LENIENT CREATE_INDEX=true    ASSUME_SORTED=false ADD_MATE_CIGAR=true IGNORE_MISSING_MATES=true VERBOSITY=INFO QUIET=false COMPRESSION_LEVEL=5 MAX_RECORDS_IN_RAM=500000 CREATE_MD5_FILE=false GA4GH_CLIENT_SECRETS=client_secrets.json
[Sat May 14 18:51:37 EDT 2016] Executing as abdelrahman@compute-1-2.local on Linux 2.6.32-279.14.1.el6.x86_64 amd64; Java HotSpot(TM) 64-Bit Server VM 1.8.0_45-b14; Picard version: 2.3.0(9a00c87b7ffdb01cfb5a0d6e76556146196babb8_1463071327) IntelDeflater
INFO	2016-05-14 18:51:38	FixMateInformation	Sorting input into queryname order.
INFO	2016-05-14 19:27:08	FixMateInformation	Sorting by queryname complete.
INFO	2016-05-14 19:27:08	FixMateInformation	Output will be sorted by coordinate
INFO	2016-05-14 19:27:08	FixMateInformation	Traversing query name sorted records and fixing up mate pair information.
INFO	2016-05-14 19:27:27	FixMateInformation	Processed     1,000,000 records.  Elapsed time: 00:00:18s.  Time for last 1,000,000:   18s.  Last read position: chr16:24,942,238
INFO	2016-05-14 19:27:50	FixMateInformation	Processed     2,000,000 records.  Elapsed time: 00:00:41s.  Time for last 1,000,000:   22s.  Last read position: chr8:80,577,041
INFO	2016-05-14 19:28:07	FixMateInformation	Processed     3,000,000 records.  Elapsed time: 00:00:58s.  Time for last 1,000,000:   17s.  Last read position: chr6:150,583,722
INFO	2016-05-14 19:28:31	FixMateInformation	Processed     4,000,000 records.  Elapsed time: 00:01:22s.  Time for last 1,000,000:   23s.  Last read position: chr2:186,671,817
INFO	2016-05-14 19:28:51	FixMateInformation	Processed     5,000,000 records.  Elapsed time: 00:01:42s.  Time for last 1,000,000:   20s.  Last read position: chr20:36,766,511
INFO	2016-05-14 19:29:10	FixMateInformation	Processed     6,000,000 records.  Elapsed time: 00:02:01s.  Time for last 1,000,000:   19s.  Last read position: chr20:44,141,220
INFO	2016-05-14 19:29:35	FixMateInformation	Processed     7,000,000 records.  Elapsed time: 00:02:26s.  Time for last 1,000,000:   24s.  Last read position: chr14:23,862,644
INFO	2016-05-14 19:29:55	FixMateInformation	Processed     8,000,000 records.  Elapsed time: 00:02:46s.  Time for last 1,000,000:   19s.  Last read position: chrX:47,098,637
INFO	2016-05-14 19:30:18	FixMateInformation	Processed     9,000,000 records.  Elapsed time: 00:03:09s.  Time for last 1,000,000:   23s.  Last read position: chr5:179,251,293
INFO	2016-05-14 19:30:36	FixMateInformation	Processed    10,000,000 records.  Elapsed time: 00:03:27s.  Time for last 1,000,000:   18s.  Last read position: chr1:156,509,239
INFO	2016-05-14 19:30:58	FixMateInformation	Processed    11,000,000 records.  Elapsed time: 00:03:49s.  Time for last 1,000,000:   22s.  Last read position: chr2:209,138,359
INFO	2016-05-14 19:31:18	FixMateInformation	Processed    12,000,000 records.  Elapsed time: 00:04:09s.  Time for last 1,000,000:   19s.  Last read position: chr1:12,018,666
INFO	2016-05-14 19:31:40	FixMateInformation	Processed    13,000,000 records.  Elapsed time: 00:04:31s.  Time for last 1,000,000:   22s.  Last read position: chr11:118,430,482
INFO	2016-05-14 19:32:00	FixMateInformation	Processed    14,000,000 records.  Elapsed time: 00:04:51s.  Time for last 1,000,000:   20s.  Last read position: chr19:3,907,781
INFO	2016-05-14 19:32:21	FixMateInformation	Processed    15,000,000 records.  Elapsed time: 00:05:12s.  Time for last 1,000,000:   20s.  Last read position: chr19:44,622,328
INFO	2016-05-14 19:32:43	FixMateInformation	Processed    16,000,000 records.  Elapsed time: 00:05:35s.  Time for last 1,000,000:   22s.  Last read position: chr2:32,445,702
INFO	2016-05-14 19:33:04	FixMateInformation	Processed    17,000,000 records.  Elapsed time: 00:05:55s.  Time for last 1,000,000:   20s.  Last read position: chr9:80,430,638
INFO	2016-05-14 19:33:26	FixMateInformation	Processed    18,000,000 records.  Elapsed time: 00:06:17s.  Time for last 1,000,000:   22s.  Last read position: chr1:43,300,719
INFO	2016-05-14 19:33:46	FixMateInformation	Processed    19,000,000 records.  Elapsed time: 00:06:37s.  Time for last 1,000,000:   19s.  Last read position: chr7:73,499,912
INFO	2016-05-14 19:34:08	FixMateInformation	Processed    20,000,000 records.  Elapsed time: 00:06:59s.  Time for last 1,000,000:   22s.  Last read position: chr11:130,066,343
INFO	2016-05-14 19:34:29	FixMateInformation	Processed    21,000,000 records.  Elapsed time: 00:07:20s.  Time for last 1,000,000:   21s.  Last read position: chr9:71,686,063
INFO	2016-05-14 19:34:51	FixMateInformation	Processed    22,000,000 records.  Elapsed time: 00:07:42s.  Time for last 1,000,000:   21s.  Last read position: chr6:7,234,850
INFO	2016-05-14 19:35:19	FixMateInformation	Processed    23,000,000 records.  Elapsed time: 00:08:11s.  Time for last 1,000,000:   28s.  Last read position: chr14:76,118,077
INFO	2016-05-14 19:35:41	FixMateInformation	Processed    24,000,000 records.  Elapsed time: 00:08:33s.  Time for last 1,000,000:   22s.  Last read position: chr5:176,943,162
INFO	2016-05-14 19:36:02	FixMateInformation	Processed    25,000,000 records.  Elapsed time: 00:08:53s.  Time for last 1,000,000:   20s.  Last read position: chr3:98,518,088
INFO	2016-05-14 19:36:24	FixMateInformation	Processed    26,000,000 records.  Elapsed time: 00:09:15s.  Time for last 1,000,000:   21s.  Last read position: chr3:14,520,647
INFO	2016-05-14 19:36:45	FixMateInformation	Processed    27,000,000 records.  Elapsed time: 00:09:36s.  Time for last 1,000,000:   21s.  Last read position: chr19:30,445,453
INFO	2016-05-14 19:37:04	FixMateInformation	Processed    28,000,000 records.  Elapsed time: 00:09:55s.  Time for last 1,000,000:   19s.  Last read position: chr3:31,774,685
INFO	2016-05-14 19:37:25	FixMateInformation	Processed    29,000,000 records.  Elapsed time: 00:10:17s.  Time for last 1,000,000:   21s.  Last read position: chr2:164,227,977
INFO	2016-05-14 19:37:47	FixMateInformation	Processed    30,000,000 records.  Elapsed time: 00:10:39s.  Time for last 1,000,000:   22s.  Last read position: chr2:234,688,330
INFO	2016-05-14 19:38:09	FixMateInformation	Processed    31,000,000 records.  Elapsed time: 00:11:00s.  Time for last 1,000,000:   21s.  Last read position: chr8:37,732,063
INFO	2016-05-14 19:38:30	FixMateInformation	Processed    32,000,000 records.  Elapsed time: 00:11:21s.  Time for last 1,000,000:   21s.  Last read position: chr16:88,360,431
INFO	2016-05-14 19:38:51	FixMateInformation	Processed    33,000,000 records.  Elapsed time: 00:11:42s.  Time for last 1,000,000:   21s.  Last read position: chr1:161,168,388
INFO	2016-05-14 19:39:13	FixMateInformation	Processed    34,000,000 records.  Elapsed time: 00:12:04s.  Time for last 1,000,000:   21s.  Last read position: chr6:154,897,943
INFO	2016-05-14 19:39:33	FixMateInformation	Processed    35,000,000 records.  Elapsed time: 00:12:24s.  Time for last 1,000,000:   20s.  Last read position: chr2:232,326,654
INFO	2016-05-14 19:39:55	FixMateInformation	Processed    36,000,000 records.  Elapsed time: 00:12:46s.  Time for last 1,000,000:   21s.  Last read position: chr12:83,250,985
INFO	2016-05-14 19:40:16	FixMateInformation	Processed    37,000,000 records.  Elapsed time: 00:13:07s.  Time for last 1,000,000:   21s.  Last read position: chr8:69,017,543
INFO	2016-05-14 19:40:38	FixMateInformation	Processed    38,000,000 records.  Elapsed time: 00:13:29s.  Time for last 1,000,000:   21s.  Last read position: chr1:223,178,484
INFO	2016-05-14 19:40:59	FixMateInformation	Processed    39,000,000 records.  Elapsed time: 00:13:50s.  Time for last 1,000,000:   20s.  Last read position: chr2:170,012,945
INFO	2016-05-14 19:41:19	FixMateInformation	Processed    40,000,000 records.  Elapsed time: 00:14:10s.  Time for last 1,000,000:   19s.  Last read position: chr14:95,132,687
INFO	2016-05-14 19:41:41	FixMateInformation	Processed    41,000,000 records.  Elapsed time: 00:14:32s.  Time for last 1,000,000:   21s.  Last read position: chr19:41,430,205
INFO	2016-05-14 19:42:01	FixMateInformation	Processed    42,000,000 records.  Elapsed time: 00:14:52s.  Time for last 1,000,000:   20s.  Last read position: chr5:75,989,228
INFO	2016-05-14 19:42:21	FixMateInformation	Processed    43,000,000 records.  Elapsed time: 00:15:12s.  Time for last 1,000,000:   20s.  Last read position: chr18:63,430,149
INFO	2016-05-14 19:42:42	FixMateInformation	Processed    44,000,000 records.  Elapsed time: 00:15:33s.  Time for last 1,000,000:   20s.  Last read position: chr6:105,585,749
INFO	2016-05-14 19:43:03	FixMateInformation	Processed    45,000,000 records.  Elapsed time: 00:15:54s.  Time for last 1,000,000:   21s.  Last read position: chr1:240,343,586
INFO	2016-05-14 19:43:23	FixMateInformation	Processed    46,000,000 records.  Elapsed time: 00:16:14s.  Time for last 1,000,000:   20s.  Last read position: chr17:45,360,772
INFO	2016-05-14 19:43:43	FixMateInformation	Processed    47,000,000 records.  Elapsed time: 00:16:34s.  Time for last 1,000,000:   20s.  Last read position: chr12:49,690,168
INFO	2016-05-14 19:44:03	FixMateInformation	Processed    48,000,000 records.  Elapsed time: 00:16:54s.  Time for last 1,000,000:   19s.  Last read position: chr10:14,880,185
INFO	2016-05-14 19:44:23	FixMateInformation	Processed    49,000,000 records.  Elapsed time: 00:17:14s.  Time for last 1,000,000:   19s.  Last read position: chr22:31,687,146
INFO	2016-05-14 19:44:44	FixMateInformation	Processed    50,000,000 records.  Elapsed time: 00:17:35s.  Time for last 1,000,000:   21s.  Last read position: chr11:13,397,214
INFO	2016-05-14 19:45:05	FixMateInformation	Processed    51,000,000 records.  Elapsed time: 00:17:56s.  Time for last 1,000,000:   21s.  Last read position: chrX:21,755,724
INFO	2016-05-14 19:45:32	FixMateInformation	Processed    52,000,000 records.  Elapsed time: 00:18:23s.  Time for last 1,000,000:   26s.  Last read position: chr6:156,632,326
INFO	2016-05-14 19:45:51	FixMateInformation	Processed    53,000,000 records.  Elapsed time: 00:18:43s.  Time for last 1,000,000:   19s.  Last read position: chr1:153,948,330
INFO	2016-05-14 19:46:12	FixMateInformation	Processed    54,000,000 records.  Elapsed time: 00:19:03s.  Time for last 1,000,000:   20s.  Last read position: chr10:82,267,107
INFO	2016-05-14 19:46:31	FixMateInformation	Processed    55,000,000 records.  Elapsed time: 00:19:23s.  Time for last 1,000,000:   19s.  Last read position: chr1:209,964,121
INFO	2016-05-14 19:46:53	FixMateInformation	Processed    56,000,000 records.  Elapsed time: 00:19:44s.  Time for last 1,000,000:   21s.  Last read position: chr11:66,472,546
INFO	2016-05-14 19:47:12	FixMateInformation	Processed    57,000,000 records.  Elapsed time: 00:20:03s.  Time for last 1,000,000:   18s.  Last read position: chr15:74,565,221
INFO	2016-05-14 19:47:30	FixMateInformation	Processed    58,000,000 records.  Elapsed time: 00:20:21s.  Time for last 1,000,000:   18s.  Last read position: chr3:33,194,567
INFO	2016-05-14 19:47:48	FixMateInformation	Processed    59,000,000 records.  Elapsed time: 00:20:40s.  Time for last 1,000,000:   18s.  Last read position: chr7:92,734,846
INFO	2016-05-14 19:48:06	FixMateInformation	Processed    60,000,000 records.  Elapsed time: 00:20:57s.  Time for last 1,000,000:   17s.  Last read position: chr10:118,671,017
INFO	2016-05-14 19:48:26	FixMateInformation	Processed    61,000,000 records.  Elapsed time: 00:21:17s.  Time for last 1,000,000:   19s.  Last read position: chr2:85,823,751
INFO	2016-05-14 19:48:46	FixMateInformation	Processed    62,000,000 records.  Elapsed time: 00:21:37s.  Time for last 1,000,000:   19s.  Last read position: chr13:32,729,565
INFO	2016-05-14 19:49:03	FixMateInformation	Processed    63,000,000 records.  Elapsed time: 00:21:54s.  Time for last 1,000,000:   17s.  Last read position: chr15:63,638,877
INFO	2016-05-14 19:49:23	FixMateInformation	Processed    64,000,000 records.  Elapsed time: 00:22:15s.  Time for last 1,000,000:   20s.  Last read position: chr13:32,914,549
INFO	2016-05-14 19:49:40	FixMateInformation	Processed    65,000,000 records.  Elapsed time: 00:22:32s.  Time for last 1,000,000:   17s.  Last read position: chr2:77,749,260
INFO	2016-05-14 19:50:00	FixMateInformation	Processed    66,000,000 records.  Elapsed time: 00:22:51s.  Time for last 1,000,000:   19s.  Last read position: chr1:24,766,546
INFO	2016-05-14 19:50:18	FixMateInformation	Processed    67,000,000 records.  Elapsed time: 00:23:10s.  Time for last 1,000,000:   18s.  Last read position: chr22:37,263,398
INFO	2016-05-14 19:50:37	FixMateInformation	Processed    68,000,000 records.  Elapsed time: 00:23:28s.  Time for last 1,000,000:   18s.  Last read position: chr7:120,606,617
INFO	2016-05-14 19:50:55	FixMateInformation	Processed    69,000,000 records.  Elapsed time: 00:23:46s.  Time for last 1,000,000:   18s.  Last read position: chr21:30,396,874
INFO	2016-05-14 19:51:13	FixMateInformation	Processed    70,000,000 records.  Elapsed time: 00:24:04s.  Time for last 1,000,000:   17s.  Last read position: chr5:153,857,168
INFO	2016-05-14 19:51:31	FixMateInformation	Processed    71,000,000 records.  Elapsed time: 00:24:22s.  Time for last 1,000,000:   18s.  Last read position: chr1:24,454,684
INFO	2016-05-14 19:51:48	FixMateInformation	Processed    72,000,000 records.  Elapsed time: 00:24:39s.  Time for last 1,000,000:   17s.  Last read position: chr20:48,253,807
INFO	2016-05-14 19:52:07	FixMateInformation	Processed    73,000,000 records.  Elapsed time: 00:24:58s.  Time for last 1,000,000:   18s.  Last read position: chr20:44,099,710
INFO	2016-05-14 19:52:25	FixMateInformation	Processed    74,000,000 records.  Elapsed time: 00:25:16s.  Time for last 1,000,000:   17s.  Last read position: chr2:20,867,275
INFO	2016-05-14 19:52:42	FixMateInformation	Processed    75,000,000 records.  Elapsed time: 00:25:33s.  Time for last 1,000,000:   17s.  Last read position: chr1:151,009,168
INFO	2016-05-14 19:53:00	FixMateInformation	Processed    76,000,000 records.  Elapsed time: 00:25:52s.  Time for last 1,000,000:   18s.  Last read position: chr6:109,769,860
INFO	2016-05-14 19:53:19	FixMateInformation	Processed    77,000,000 records.  Elapsed time: 00:26:10s.  Time for last 1,000,000:   18s.  Last read position: chr11:14,490,276
INFO	2016-05-14 19:53:36	FixMateInformation	Processed    78,000,000 records.  Elapsed time: 00:26:27s.  Time for last 1,000,000:   16s.  Last read position: chr1:224,363,523
INFO	2016-05-14 19:53:53	FixMateInformation	Processed    79,000,000 records.  Elapsed time: 00:26:45s.  Time for last 1,000,000:   17s.  Last read position: chr5:179,263,646
INFO	2016-05-14 19:54:11	FixMateInformation	Processed    80,000,000 records.  Elapsed time: 00:27:02s.  Time for last 1,000,000:   17s.  Last read position: chr9:130,155,515
INFO	2016-05-14 19:54:28	FixMateInformation	Processed    81,000,000 records.  Elapsed time: 00:27:19s.  Time for last 1,000,000:   17s.  Last read position: chr1:201,869,580
INFO	2016-05-14 19:54:45	FixMateInformation	Processed    82,000,000 records.  Elapsed time: 00:27:36s.  Time for last 1,000,000:   17s.  Last read position: chr9:131,475,772
INFO	2016-05-14 19:55:04	FixMateInformation	Processed    83,000,000 records.  Elapsed time: 00:27:55s.  Time for last 1,000,000:   18s.  Last read position: chr17:66,972,106
INFO	2016-05-14 19:55:22	FixMateInformation	Processed    84,000,000 records.  Elapsed time: 00:28:13s.  Time for last 1,000,000:   18s.  Last read position: chr17:70,492,553
INFO	2016-05-14 19:55:40	FixMateInformation	Processed    85,000,000 records.  Elapsed time: 00:28:31s.  Time for last 1,000,000:   17s.  Last read position: chr2:157,407,058
INFO	2016-05-14 19:55:58	FixMateInformation	Processed    86,000,000 records.  Elapsed time: 00:28:50s.  Time for last 1,000,000:   18s.  Last read position: chr5:131,630,159
INFO	2016-05-14 19:56:16	FixMateInformation	Processed    87,000,000 records.  Elapsed time: 00:29:07s.  Time for last 1,000,000:   17s.  Last read position: chr7:138,978,113
INFO	2016-05-14 19:56:34	FixMateInformation	Processed    88,000,000 records.  Elapsed time: 00:29:25s.  Time for last 1,000,000:   18s.  Last read position: chr4:49,120,922
INFO	2016-05-14 19:56:52	FixMateInformation	Processed    89,000,000 records.  Elapsed time: 00:29:43s.  Time for last 1,000,000:   18s.  Last read position: chr6:35,050,470
INFO	2016-05-14 19:57:10	FixMateInformation	Processed    90,000,000 records.  Elapsed time: 00:30:01s.  Time for last 1,000,000:   17s.  Last read position: chr17:3,788,956
INFO	2016-05-14 19:57:28	FixMateInformation	Processed    91,000,000 records.  Elapsed time: 00:30:20s.  Time for last 1,000,000:   18s.  Last read position: chr15:52,192,386
INFO	2016-05-14 19:57:46	FixMateInformation	Processed    92,000,000 records.  Elapsed time: 00:30:37s.  Time for last 1,000,000:   17s.  Last read position: chr20:34,443,133
INFO	2016-05-14 19:58:04	FixMateInformation	Processed    93,000,000 records.  Elapsed time: 00:30:55s.  Time for last 1,000,000:   18s.  Last read position: chr10:101,379,870
INFO	2016-05-14 19:58:21	FixMateInformation	Processed    94,000,000 records.  Elapsed time: 00:31:12s.  Time for last 1,000,000:   16s.  Last read position: chr3:3,887,420
INFO	2016-05-14 19:58:39	FixMateInformation	Processed    95,000,000 records.  Elapsed time: 00:31:30s.  Time for last 1,000,000:   17s.  Last read position: chr16:67,213,716
INFO	2016-05-14 19:58:57	FixMateInformation	Processed    96,000,000 records.  Elapsed time: 00:31:48s.  Time for last 1,000,000:   18s.  Last read position: chr3:105,397,373
INFO	2016-05-14 19:59:14	FixMateInformation	Processed    97,000,000 records.  Elapsed time: 00:32:06s.  Time for last 1,000,000:   17s.  Last read position: chr1:93,170,150
INFO	2016-05-14 19:59:33	FixMateInformation	Processed    98,000,000 records.  Elapsed time: 00:32:24s.  Time for last 1,000,000:   18s.  Last read position: chr6:82,921,111
INFO	2016-05-14 19:59:50	FixMateInformation	Processed    99,000,000 records.  Elapsed time: 00:32:41s.  Time for last 1,000,000:   17s.  Last read position: chr11:34,527,298
INFO	2016-05-14 20:00:08	FixMateInformation	Processed   100,000,000 records.  Elapsed time: 00:32:59s.  Time for last 1,000,000:   17s.  Last read position: chr16:1,995,841
INFO	2016-05-14 20:00:25	FixMateInformation	Processed   101,000,000 records.  Elapsed time: 00:33:16s.  Time for last 1,000,000:   17s.  Last read position: chr2:241,727,531
INFO	2016-05-14 20:00:44	FixMateInformation	Processed   102,000,000 records.  Elapsed time: 00:33:35s.  Time for last 1,000,000:   18s.  Last read position: chr1:46,463,383
INFO	2016-05-14 20:01:01	FixMateInformation	Processed   103,000,000 records.  Elapsed time: 00:33:52s.  Time for last 1,000,000:   17s.  Last read position: chr22:39,067,038
INFO	2016-05-14 20:01:19	FixMateInformation	Processed   104,000,000 records.  Elapsed time: 00:34:11s.  Time for last 1,000,000:   18s.  Last read position: chr11:134,047,055
INFO	2016-05-14 20:01:38	FixMateInformation	Processed   105,000,000 records.  Elapsed time: 00:34:29s.  Time for last 1,000,000:   18s.  Last read position: chr8:46,885,789
INFO	2016-05-14 20:01:55	FixMateInformation	Processed   106,000,000 records.  Elapsed time: 00:34:47s.  Time for last 1,000,000:   17s.  Last read position: chr2:187,531,382
INFO	2016-05-14 20:02:14	FixMateInformation	Processed   107,000,000 records.  Elapsed time: 00:35:05s.  Time for last 1,000,000:   18s.  Last read position: chr22:24,180,601
INFO	2016-05-14 20:02:32	FixMateInformation	Processed   108,000,000 records.  Elapsed time: 00:35:23s.  Time for last 1,000,000:   18s.  Last read position: chr8:52,861,088
INFO	2016-05-14 20:02:51	FixMateInformation	Processed   109,000,000 records.  Elapsed time: 00:35:42s.  Time for last 1,000,000:   18s.  Last read position: chr22:21,083,814
INFO	2016-05-14 20:03:08	FixMateInformation	Processed   110,000,000 records.  Elapsed time: 00:36:00s.  Time for last 1,000,000:   17s.  Last read position: chr2:187,455,277
INFO	2016-05-14 20:03:26	FixMateInformation	Processed   111,000,000 records.  Elapsed time: 00:36:17s.  Time for last 1,000,000:   17s.  Last read position: chr12:21,196,225
INFO	2016-05-14 20:03:45	FixMateInformation	Processed   112,000,000 records.  Elapsed time: 00:36:36s.  Time for last 1,000,000:   18s.  Last read position: chr7:57,284,378
INFO	2016-05-14 20:04:02	FixMateInformation	Processed   113,000,000 records.  Elapsed time: 00:36:53s.  Time for last 1,000,000:   17s.  Last read position: chr11:67,814,335
INFO	2016-05-14 20:04:20	FixMateInformation	Processed   114,000,000 records.  Elapsed time: 00:37:11s.  Time for last 1,000,000:   17s.  Last read position: chr1:155,265,414
INFO	2016-05-14 20:04:37	FixMateInformation	Processed   115,000,000 records.  Elapsed time: 00:37:28s.  Time for last 1,000,000:   17s.  Last read position: chr2:196,545,280
INFO	2016-05-14 20:04:56	FixMateInformation	Processed   116,000,000 records.  Elapsed time: 00:37:47s.  Time for last 1,000,000:   18s.  Last read position: chr11:43,919,486
INFO	2016-05-14 20:05:20	FixMateInformation	Processed   117,000,000 records.  Elapsed time: 00:38:11s.  Time for last 1,000,000:   23s.  Last read position: chr10:90,672,876
INFO	2016-05-14 20:05:38	FixMateInformation	Processed   118,000,000 records.  Elapsed time: 00:38:29s.  Time for last 1,000,000:   18s.  Last read position: chrX:153,218,087
INFO	2016-05-14 20:05:56	FixMateInformation	Processed   119,000,000 records.  Elapsed time: 00:38:48s.  Time for last 1,000,000:   18s.  Last read position: chr17:40,263,758
INFO	2016-05-14 20:06:13	FixMateInformation	Processed   120,000,000 records.  Elapsed time: 00:39:04s.  Time for last 1,000,000:   16s.  Last read position: chr20:62,729,329
INFO	2016-05-14 20:06:31	FixMateInformation	Processed   121,000,000 records.  Elapsed time: 00:39:22s.  Time for last 1,000,000:   17s.  Last read position: chr2:120,219,381
INFO	2016-05-14 20:06:48	FixMateInformation	Processed   122,000,000 records.  Elapsed time: 00:39:39s.  Time for last 1,000,000:   16s.  Last read position: chr1:67,579,414
INFO	2016-05-14 20:07:06	FixMateInformation	Processed   123,000,000 records.  Elapsed time: 00:39:57s.  Time for last 1,000,000:   17s.  Last read position: chr15:101,094,354
INFO	2016-05-14 20:07:23	FixMateInformation	Processed   124,000,000 records.  Elapsed time: 00:40:15s.  Time for last 1,000,000:   17s.  Last read position: chr6:31,627,250
INFO	2016-05-14 20:07:42	FixMateInformation	Processed   125,000,000 records.  Elapsed time: 00:40:33s.  Time for last 1,000,000:   18s.  Last read position: chr4:151,938,263
INFO	2016-05-14 20:08:00	FixMateInformation	Processed   126,000,000 records.  Elapsed time: 00:40:51s.  Time for last 1,000,000:   18s.  Last read position: chrX:101,858,199
INFO	2016-05-14 20:08:17	FixMateInformation	Processed   127,000,000 records.  Elapsed time: 00:41:08s.  Time for last 1,000,000:   17s.  Last read position: chr17:58,124,688
INFO	2016-05-14 20:08:36	FixMateInformation	Processed   128,000,000 records.  Elapsed time: 00:41:27s.  Time for last 1,000,000:   18s.  Last read position: chr3:183,873,489
INFO	2016-05-14 20:08:54	FixMateInformation	Processed   129,000,000 records.  Elapsed time: 00:41:45s.  Time for last 1,000,000:   17s.  Last read position: chr17:7,329,844
INFO	2016-05-14 20:09:13	FixMateInformation	Processed   130,000,000 records.  Elapsed time: 00:42:04s.  Time for last 1,000,000:   18s.  Last read position: chr20:62,328,449
INFO	2016-05-14 20:09:31	FixMateInformation	Processed   131,000,000 records.  Elapsed time: 00:42:23s.  Time for last 1,000,000:   18s.  Last read position: chr14:22,466,145
INFO	2016-05-14 20:09:50	FixMateInformation	Processed   132,000,000 records.  Elapsed time: 00:42:41s.  Time for last 1,000,000:   18s.  Last read position: chr8:59,339,280
INFO	2016-05-14 20:10:08	FixMateInformation	Processed   133,000,000 records.  Elapsed time: 00:42:59s.  Time for last 1,000,000:   18s.  Last read position: chr6:28,500,099
INFO	2016-05-14 20:10:27	FixMateInformation	Finished processing reads; re-sorting output file.
[Sat May 14 20:37:28 EDT 2016] picard.sam.FixMateInformation done. Elapsed time: 105.86 minutes.
Runtime.totalMemory()=1982857216
