[Sat May 14 22:07:03 EDT 2016] picard.sam.SortSam INPUT=p_DS_bkm_094-T.sam OUTPUT=p_DS_bkm_094-T/p_DS_bkm_094-T.sorted.bam SORT_ORDER=coordinate TMP_DIR=[tmp_WT] VALIDATION_STRINGENCY=LENIENT CREATE_INDEX=true    VERBOSITY=INFO QUIET=false COMPRESSION_LEVEL=5 MAX_RECORDS_IN_RAM=500000 CREATE_MD5_FILE=false GA4GH_CLIENT_SECRETS=client_secrets.json
[Sat May 14 22:07:03 EDT 2016] Executing as abdelrahman@compute-1-5.local on Linux 2.6.32-279.14.1.el6.x86_64 amd64; Java HotSpot(TM) 64-Bit Server VM 1.8.0_45-b14; Picard version: 2.3.0(9a00c87b7ffdb01cfb5a0d6e76556146196babb8_1463071327) IntelDeflater
INFO	2016-05-14 22:13:07	SortSam	Read    10,000,000 records.  Elapsed time: 00:06:02s.  Time for last 10,000,000:  362s.  Last read position: chr2:27,293,099
INFO	2016-05-14 22:19:16	SortSam	Read    20,000,000 records.  Elapsed time: 00:12:11s.  Time for last 10,000,000:  368s.  Last read position: chr7:77,885,787
INFO	2016-05-14 22:25:11	SortSam	Read    30,000,000 records.  Elapsed time: 00:18:06s.  Time for last 10,000,000:  355s.  Last read position: chr5:80,088,571
INFO	2016-05-14 22:31:26	SortSam	Read    40,000,000 records.  Elapsed time: 00:24:21s.  Time for last 10,000,000:  374s.  Last read position: chr11:64,066,990
INFO	2016-05-14 22:37:36	SortSam	Read    50,000,000 records.  Elapsed time: 00:30:31s.  Time for last 10,000,000:  370s.  Last read position: chrX:153,693,077
INFO	2016-05-14 22:43:31	SortSam	Read    60,000,000 records.  Elapsed time: 00:36:26s.  Time for last 10,000,000:  354s.  Last read position: chr14:103,386,790
INFO	2016-05-14 22:49:17	SortSam	Read    70,000,000 records.  Elapsed time: 00:42:12s.  Time for last 10,000,000:  346s.  Last read position: chr12:38,338,100
INFO	2016-05-14 22:54:51	SortSam	Read    80,000,000 records.  Elapsed time: 00:47:46s.  Time for last 10,000,000:  334s.  Last read position: chr15:83,335,472
INFO	2016-05-14 23:00:14	SortSam	Read    90,000,000 records.  Elapsed time: 00:53:09s.  Time for last 10,000,000:  322s.  Last read position: chr21:38,538,140
INFO	2016-05-14 23:06:22	SortSam	Read   100,000,000 records.  Elapsed time: 00:59:18s.  Time for last 10,000,000:  368s.  Last read position: chr6:33,235,800
INFO	2016-05-14 23:11:02	SortSam	Read   110,000,000 records.  Elapsed time: 01:03:57s.  Time for last 10,000,000:  279s.  Last read position: chr19:17,777,402
INFO	2016-05-14 23:15:24	SortSam	Read   120,000,000 records.  Elapsed time: 01:08:19s.  Time for last 10,000,000:  261s.  Last read position: chr17:80,426,570
INFO	2016-05-14 23:15:36	SortSam	Finished reading inputs, merging and writing to output now.
INFO	2016-05-14 23:19:16	SortSam	Wrote    10,000,000 records from a sorting collection.  Elapsed time: 01:12:11s.  Time for last 10,000,000:  145s.  Last read position: chr1:206,870,852
INFO	2016-05-14 23:22:01	SortSam	Wrote    20,000,000 records from a sorting collection.  Elapsed time: 01:14:56s.  Time for last 10,000,000:  164s.  Last read position: chr2:239,007,825
INFO	2016-05-14 23:24:24	SortSam	Wrote    30,000,000 records from a sorting collection.  Elapsed time: 01:17:19s.  Time for last 10,000,000:  143s.  Last read position: chr4:99,403,251
INFO	2016-05-14 23:26:42	SortSam	Wrote    40,000,000 records from a sorting collection.  Elapsed time: 01:19:37s.  Time for last 10,000,000:  137s.  Last read position: chr6:42,980,787
INFO	2016-05-14 23:29:17	SortSam	Wrote    50,000,000 records from a sorting collection.  Elapsed time: 01:22:13s.  Time for last 10,000,000:  155s.  Last read position: chr8:23,290,324
INFO	2016-05-14 23:31:23	SortSam	Wrote    60,000,000 records from a sorting collection.  Elapsed time: 01:24:18s.  Time for last 10,000,000:  125s.  Last read position: chr10:46,966,878
INFO	2016-05-14 23:33:27	SortSam	Wrote    70,000,000 records from a sorting collection.  Elapsed time: 01:26:23s.  Time for last 10,000,000:  124s.  Last read position: chr11:124,056,170
INFO	2016-05-14 23:35:23	SortSam	Wrote    80,000,000 records from a sorting collection.  Elapsed time: 01:28:18s.  Time for last 10,000,000:  115s.  Last read position: chr14:53,066,905
INFO	2016-05-14 23:37:37	SortSam	Wrote    90,000,000 records from a sorting collection.  Elapsed time: 01:30:32s.  Time for last 10,000,000:  134s.  Last read position: chr16:68,023,289
INFO	2016-05-14 23:39:46	SortSam	Wrote   100,000,000 records from a sorting collection.  Elapsed time: 01:32:41s.  Time for last 10,000,000:  129s.  Last read position: chr19:757,583
INFO	2016-05-14 23:41:54	SortSam	Wrote   110,000,000 records from a sorting collection.  Elapsed time: 01:34:50s.  Time for last 10,000,000:  128s.  Last read position: chr20:49,214,146
INFO	2016-05-14 23:44:19	SortSam	Wrote   120,000,000 records from a sorting collection.  Elapsed time: 01:37:14s.  Time for last 10,000,000:  144s.  Last read position: */*
[Sat May 14 23:44:30 EDT 2016] picard.sam.SortSam done. Elapsed time: 97.45 minutes.
Runtime.totalMemory()=1711800320
[Sat May 14 23:44:32 EDT 2016] picard.sam.markduplicates.MarkDuplicates INPUT=[p_DS_bkm_094-T/p_DS_bkm_094-T.sorted.bam] OUTPUT=p_DS_bkm_094-T/p_DS_bkm_094-T.sorted.MarkDup.bam METRICS_FILE=MarkDup_metrics TMP_DIR=[tmp] VALIDATION_STRINGENCY=SILENT CREATE_INDEX=true    MAX_SEQUENCES_FOR_DISK_READ_ENDS_MAP=50000 MAX_FILE_HANDLES_FOR_READ_ENDS_MAP=8000 SORTING_COLLECTION_SIZE_RATIO=0.25 REMOVE_SEQUENCING_DUPLICATES=false TAGGING_POLICY=DontTag REMOVE_DUPLICATES=false ASSUME_SORTED=false DUPLICATE_SCORING_STRATEGY=SUM_OF_BASE_QUALITIES PROGRAM_RECORD_ID=MarkDuplicates PROGRAM_GROUP_NAME=MarkDuplicates READ_NAME_REGEX=<optimized capture of last three ':' separated fields as numeric values> OPTICAL_DUPLICATE_PIXEL_DISTANCE=100 VERBOSITY=INFO QUIET=false COMPRESSION_LEVEL=5 MAX_RECORDS_IN_RAM=500000 CREATE_MD5_FILE=false GA4GH_CLIENT_SECRETS=client_secrets.json
[Sat May 14 23:44:32 EDT 2016] Executing as abdelrahman@compute-1-5.local on Linux 2.6.32-279.14.1.el6.x86_64 amd64; Java HotSpot(TM) 64-Bit Server VM 1.8.0_45-b14; Picard version: 2.3.0(9a00c87b7ffdb01cfb5a0d6e76556146196babb8_1463071327) IntelDeflater
INFO	2016-05-14 23:44:32	MarkDuplicates	Start of doWork freeMemory: 502230032; totalMemory: 506462208; maxMemory: 1908932608
INFO	2016-05-14 23:44:32	MarkDuplicates	Reading input file and constructing read end information.
INFO	2016-05-14 23:44:32	MarkDuplicates	Will retain up to 7342048 data points before spilling to disk.
INFO	2016-05-14 23:44:39	MarkDuplicates	Read     1,000,000 records.  Elapsed time: 00:00:06s.  Time for last 1,000,000:    6s.  Last read position: chr1:11,898,598
INFO	2016-05-14 23:44:39	MarkDuplicates	Tracking 6783 as yet unmatched pairs. 611 records in RAM.
INFO	2016-05-14 23:44:45	MarkDuplicates	Read     2,000,000 records.  Elapsed time: 00:00:12s.  Time for last 1,000,000:    5s.  Last read position: chr1:25,253,920
INFO	2016-05-14 23:44:45	MarkDuplicates	Tracking 13733 as yet unmatched pairs. 1150 records in RAM.
INFO	2016-05-14 23:44:51	MarkDuplicates	Read     3,000,000 records.  Elapsed time: 00:00:18s.  Time for last 1,000,000:    5s.  Last read position: chr1:38,155,282
INFO	2016-05-14 23:44:51	MarkDuplicates	Tracking 20776 as yet unmatched pairs. 1507 records in RAM.
INFO	2016-05-14 23:44:56	MarkDuplicates	Read     4,000,000 records.  Elapsed time: 00:00:24s.  Time for last 1,000,000:    5s.  Last read position: chr1:52,256,628
INFO	2016-05-14 23:44:56	MarkDuplicates	Tracking 27301 as yet unmatched pairs. 1783 records in RAM.
INFO	2016-05-14 23:45:03	MarkDuplicates	Read     5,000,000 records.  Elapsed time: 00:00:31s.  Time for last 1,000,000:    6s.  Last read position: chr1:89,290,019
INFO	2016-05-14 23:45:03	MarkDuplicates	Tracking 36920 as yet unmatched pairs. 2023 records in RAM.
INFO	2016-05-14 23:45:08	MarkDuplicates	Read     6,000,000 records.  Elapsed time: 00:00:36s.  Time for last 1,000,000:    5s.  Last read position: chr1:117,632,636
INFO	2016-05-14 23:45:08	MarkDuplicates	Tracking 45313 as yet unmatched pairs. 2158 records in RAM.
INFO	2016-05-14 23:45:14	MarkDuplicates	Read     7,000,000 records.  Elapsed time: 00:00:42s.  Time for last 1,000,000:    6s.  Last read position: chr1:153,587,676
INFO	2016-05-14 23:45:14	MarkDuplicates	Tracking 53535 as yet unmatched pairs. 2097 records in RAM.
INFO	2016-05-14 23:45:28	MarkDuplicates	Read     8,000,000 records.  Elapsed time: 00:00:56s.  Time for last 1,000,000:   13s.  Last read position: chr1:160,276,816
INFO	2016-05-14 23:45:28	MarkDuplicates	Tracking 58190 as yet unmatched pairs. 2019 records in RAM.
INFO	2016-05-14 23:45:34	MarkDuplicates	Read     9,000,000 records.  Elapsed time: 00:01:02s.  Time for last 1,000,000:    6s.  Last read position: chr1:182,772,796
INFO	2016-05-14 23:45:34	MarkDuplicates	Tracking 65426 as yet unmatched pairs. 1783 records in RAM.
INFO	2016-05-14 23:45:40	MarkDuplicates	Read    10,000,000 records.  Elapsed time: 00:01:08s.  Time for last 1,000,000:    6s.  Last read position: chr1:206,870,852
INFO	2016-05-14 23:45:40	MarkDuplicates	Tracking 72574 as yet unmatched pairs. 1345 records in RAM.
INFO	2016-05-14 23:45:46	MarkDuplicates	Read    11,000,000 records.  Elapsed time: 00:01:14s.  Time for last 1,000,000:    5s.  Last read position: chr1:231,355,645
INFO	2016-05-14 23:45:46	MarkDuplicates	Tracking 79966 as yet unmatched pairs. 670 records in RAM.
INFO	2016-05-14 23:45:51	MarkDuplicates	Read    12,000,000 records.  Elapsed time: 00:01:19s.  Time for last 1,000,000:    5s.  Last read position: chr2:11,355,782
INFO	2016-05-14 23:45:51	MarkDuplicates	Tracking 88651 as yet unmatched pairs. 9420 records in RAM.
INFO	2016-05-14 23:45:58	MarkDuplicates	Read    13,000,000 records.  Elapsed time: 00:01:25s.  Time for last 1,000,000:    6s.  Last read position: chr2:33,141,443
INFO	2016-05-14 23:45:58	MarkDuplicates	Tracking 105207 as yet unmatched pairs. 9103 records in RAM.
INFO	2016-05-14 23:46:03	MarkDuplicates	Read    14,000,000 records.  Elapsed time: 00:01:31s.  Time for last 1,000,000:    5s.  Last read position: chr2:68,520,984
INFO	2016-05-14 23:46:03	MarkDuplicates	Tracking 124410 as yet unmatched pairs. 7918 records in RAM.
INFO	2016-05-14 23:46:09	MarkDuplicates	Read    15,000,000 records.  Elapsed time: 00:01:37s.  Time for last 1,000,000:    5s.  Last read position: chr2:92,325,507
INFO	2016-05-14 23:46:09	MarkDuplicates	Tracking 133681 as yet unmatched pairs. 7353 records in RAM.
INFO	2016-05-14 23:46:34	MarkDuplicates	Read    16,000,000 records.  Elapsed time: 00:02:02s.  Time for last 1,000,000:   24s.  Last read position: chr2:127,959,979
INFO	2016-05-14 23:46:34	MarkDuplicates	Tracking 140878 as yet unmatched pairs. 6182 records in RAM.
INFO	2016-05-14 23:46:40	MarkDuplicates	Read    17,000,000 records.  Elapsed time: 00:02:08s.  Time for last 1,000,000:    6s.  Last read position: chr2:166,172,035
INFO	2016-05-14 23:46:40	MarkDuplicates	Tracking 151953 as yet unmatched pairs. 4405 records in RAM.
INFO	2016-05-14 23:46:46	MarkDuplicates	Read    18,000,000 records.  Elapsed time: 00:02:13s.  Time for last 1,000,000:    5s.  Last read position: chr2:191,301,152
INFO	2016-05-14 23:46:46	MarkDuplicates	Tracking 157365 as yet unmatched pairs. 3400 records in RAM.
INFO	2016-05-14 23:46:51	MarkDuplicates	Read    19,000,000 records.  Elapsed time: 00:02:19s.  Time for last 1,000,000:    5s.  Last read position: chr2:219,539,972
INFO	2016-05-14 23:46:51	MarkDuplicates	Tracking 163521 as yet unmatched pairs. 1968 records in RAM.
INFO	2016-05-14 23:46:56	MarkDuplicates	Read    20,000,000 records.  Elapsed time: 00:02:24s.  Time for last 1,000,000:    5s.  Last read position: chr2:239,007,825
INFO	2016-05-14 23:46:56	MarkDuplicates	Tracking 168494 as yet unmatched pairs. 434 records in RAM.
INFO	2016-05-14 23:47:03	MarkDuplicates	Read    21,000,000 records.  Elapsed time: 00:02:31s.  Time for last 1,000,000:    6s.  Last read position: chr3:16,242,068
INFO	2016-05-14 23:47:03	MarkDuplicates	Tracking 173122 as yet unmatched pairs. 10734 records in RAM.
INFO	2016-05-14 23:47:08	MarkDuplicates	Read    22,000,000 records.  Elapsed time: 00:02:36s.  Time for last 1,000,000:    5s.  Last read position: chr3:46,783,964
INFO	2016-05-14 23:47:08	MarkDuplicates	Tracking 179045 as yet unmatched pairs. 9552 records in RAM.
INFO	2016-05-14 23:47:22	MarkDuplicates	Read    23,000,000 records.  Elapsed time: 00:02:49s.  Time for last 1,000,000:   13s.  Last read position: chr3:52,539,261
INFO	2016-05-14 23:47:22	MarkDuplicates	Tracking 181778 as yet unmatched pairs. 8760 records in RAM.
INFO	2016-05-14 23:47:28	MarkDuplicates	Read    24,000,000 records.  Elapsed time: 00:02:56s.  Time for last 1,000,000:    6s.  Last read position: chr3:100,030,659
INFO	2016-05-14 23:47:28	MarkDuplicates	Tracking 188895 as yet unmatched pairs. 6647 records in RAM.
INFO	2016-05-14 23:47:33	MarkDuplicates	Read    25,000,000 records.  Elapsed time: 00:03:01s.  Time for last 1,000,000:    5s.  Last read position: chr3:127,771,786
INFO	2016-05-14 23:47:33	MarkDuplicates	Tracking 193924 as yet unmatched pairs. 5173 records in RAM.
INFO	2016-05-14 23:47:38	MarkDuplicates	Read    26,000,000 records.  Elapsed time: 00:03:06s.  Time for last 1,000,000:    5s.  Last read position: chr3:156,983,336
INFO	2016-05-14 23:47:38	MarkDuplicates	Tracking 199079 as yet unmatched pairs. 3227 records in RAM.
INFO	2016-05-14 23:47:44	MarkDuplicates	Read    27,000,000 records.  Elapsed time: 00:03:11s.  Time for last 1,000,000:    5s.  Last read position: chr3:190,991,322
INFO	2016-05-14 23:47:44	MarkDuplicates	Tracking 204331 as yet unmatched pairs. 784 records in RAM.
INFO	2016-05-14 23:47:51	MarkDuplicates	Read    28,000,000 records.  Elapsed time: 00:03:18s.  Time for last 1,000,000:    6s.  Last read position: chr4:10,566,347
INFO	2016-05-14 23:47:51	MarkDuplicates	Tracking 208507 as yet unmatched pairs. 12987 records in RAM.
INFO	2016-05-14 23:47:56	MarkDuplicates	Read    29,000,000 records.  Elapsed time: 00:03:24s.  Time for last 1,000,000:    5s.  Last read position: chr4:56,759,858
INFO	2016-05-14 23:47:56	MarkDuplicates	Tracking 217686 as yet unmatched pairs. 9590 records in RAM.
INFO	2016-05-14 23:48:02	MarkDuplicates	Read    30,000,000 records.  Elapsed time: 00:03:29s.  Time for last 1,000,000:    5s.  Last read position: chr4:99,403,251
INFO	2016-05-14 23:48:02	MarkDuplicates	Tracking 223849 as yet unmatched pairs. 6602 records in RAM.
INFO	2016-05-14 23:48:27	MarkDuplicates	Read    31,000,000 records.  Elapsed time: 00:03:55s.  Time for last 1,000,000:   25s.  Last read position: chr4:147,209,698
INFO	2016-05-14 23:48:27	MarkDuplicates	Tracking 229273 as yet unmatched pairs. 3408 records in RAM.
INFO	2016-05-14 23:48:33	MarkDuplicates	Read    32,000,000 records.  Elapsed time: 00:04:00s.  Time for last 1,000,000:    5s.  Last read position: chr5:792,286
INFO	2016-05-14 23:48:33	MarkDuplicates	Tracking 234256 as yet unmatched pairs. 16323 records in RAM.
INFO	2016-05-14 23:48:38	MarkDuplicates	Read    33,000,000 records.  Elapsed time: 00:04:06s.  Time for last 1,000,000:    5s.  Last read position: chr5:43,446,243
INFO	2016-05-14 23:48:38	MarkDuplicates	Tracking 239382 as yet unmatched pairs. 13320 records in RAM.
INFO	2016-05-14 23:48:44	MarkDuplicates	Read    34,000,000 records.  Elapsed time: 00:04:12s.  Time for last 1,000,000:    5s.  Last read position: chr5:89,814,937
INFO	2016-05-14 23:48:44	MarkDuplicates	Tracking 244245 as yet unmatched pairs. 9629 records in RAM.
INFO	2016-05-14 23:48:49	MarkDuplicates	Read    35,000,000 records.  Elapsed time: 00:04:17s.  Time for last 1,000,000:    5s.  Last read position: chr5:134,914,366
INFO	2016-05-14 23:48:49	MarkDuplicates	Tracking 248771 as yet unmatched pairs. 6016 records in RAM.
INFO	2016-05-14 23:48:54	MarkDuplicates	Read    36,000,000 records.  Elapsed time: 00:04:22s.  Time for last 1,000,000:    5s.  Last read position: chr5:149,677,385
INFO	2016-05-14 23:48:54	MarkDuplicates	Tracking 251037 as yet unmatched pairs. 4071 records in RAM.
INFO	2016-05-14 23:49:01	MarkDuplicates	Read    37,000,000 records.  Elapsed time: 00:04:28s.  Time for last 1,000,000:    6s.  Last read position: chr5:176,812,201
INFO	2016-05-14 23:49:01	MarkDuplicates	Tracking 254194 as yet unmatched pairs. 1003 records in RAM.
INFO	2016-05-14 23:49:16	MarkDuplicates	Read    38,000,000 records.  Elapsed time: 00:04:43s.  Time for last 1,000,000:   15s.  Last read position: chr6:18,572,072
INFO	2016-05-14 23:49:16	MarkDuplicates	Tracking 256847 as yet unmatched pairs. 17855 records in RAM.
INFO	2016-05-14 23:49:21	MarkDuplicates	Read    39,000,000 records.  Elapsed time: 00:04:49s.  Time for last 1,000,000:    5s.  Last read position: chr6:31,939,055
INFO	2016-05-14 23:49:21	MarkDuplicates	Tracking 259011 as yet unmatched pairs. 15816 records in RAM.
INFO	2016-05-14 23:49:26	MarkDuplicates	Read    40,000,000 records.  Elapsed time: 00:04:54s.  Time for last 1,000,000:    4s.  Last read position: chr6:42,980,787
INFO	2016-05-14 23:49:26	MarkDuplicates	Tracking 260808 as yet unmatched pairs. 13754 records in RAM.
INFO	2016-05-14 23:49:31	MarkDuplicates	Read    41,000,000 records.  Elapsed time: 00:04:59s.  Time for last 1,000,000:    5s.  Last read position: chr6:76,022,557
INFO	2016-05-14 23:49:31	MarkDuplicates	Tracking 263270 as yet unmatched pairs. 10647 records in RAM.
INFO	2016-05-14 23:49:37	MarkDuplicates	Read    42,000,000 records.  Elapsed time: 00:05:05s.  Time for last 1,000,000:    6s.  Last read position: chr6:119,522,325
INFO	2016-05-14 23:49:37	MarkDuplicates	Tracking 266143 as yet unmatched pairs. 6768 records in RAM.
INFO	2016-05-14 23:49:44	MarkDuplicates	Read    43,000,000 records.  Elapsed time: 00:05:12s.  Time for last 1,000,000:    6s.  Last read position: chr6:155,561,635
INFO	2016-05-14 23:49:44	MarkDuplicates	Tracking 268468 as yet unmatched pairs. 2616 records in RAM.
INFO	2016-05-14 23:49:49	MarkDuplicates	Read    44,000,000 records.  Elapsed time: 00:05:17s.  Time for last 1,000,000:    5s.  Last read position: chr7:7,412,576
INFO	2016-05-14 23:49:49	MarkDuplicates	Tracking 270301 as yet unmatched pairs. 21546 records in RAM.
INFO	2016-05-14 23:49:55	MarkDuplicates	Read    45,000,000 records.  Elapsed time: 00:05:22s.  Time for last 1,000,000:    5s.  Last read position: chr7:44,650,373
INFO	2016-05-14 23:49:55	MarkDuplicates	Tracking 272539 as yet unmatched pairs. 17862 records in RAM.
INFO	2016-05-14 23:50:19	MarkDuplicates	Read    46,000,000 records.  Elapsed time: 00:05:46s.  Time for last 1,000,000:   24s.  Last read position: chr7:81,366,013
INFO	2016-05-14 23:50:19	MarkDuplicates	Tracking 275292 as yet unmatched pairs. 12717 records in RAM.
INFO	2016-05-14 23:50:24	MarkDuplicates	Read    47,000,000 records.  Elapsed time: 00:05:51s.  Time for last 1,000,000:    5s.  Last read position: chr7:100,807,718
INFO	2016-05-14 23:50:24	MarkDuplicates	Tracking 276474 as yet unmatched pairs. 9634 records in RAM.
INFO	2016-05-14 23:50:29	MarkDuplicates	Read    48,000,000 records.  Elapsed time: 00:05:57s.  Time for last 1,000,000:    5s.  Last read position: chr7:131,912,243
INFO	2016-05-14 23:50:29	MarkDuplicates	Tracking 277898 as yet unmatched pairs. 5020 records in RAM.
INFO	2016-05-14 23:50:34	MarkDuplicates	Read    49,000,000 records.  Elapsed time: 00:06:02s.  Time for last 1,000,000:    5s.  Last read position: chr7:150,840,554
INFO	2016-05-14 23:50:34	MarkDuplicates	Tracking 278835 as yet unmatched pairs. 1634 records in RAM.
INFO	2016-05-14 23:50:41	MarkDuplicates	Read    50,000,000 records.  Elapsed time: 00:06:08s.  Time for last 1,000,000:    6s.  Last read position: chr8:23,290,324
INFO	2016-05-14 23:50:41	MarkDuplicates	Tracking 279783 as yet unmatched pairs. 17351 records in RAM.
INFO	2016-05-14 23:50:47	MarkDuplicates	Read    51,000,000 records.  Elapsed time: 00:06:15s.  Time for last 1,000,000:    6s.  Last read position: chr8:54,866,840
INFO	2016-05-14 23:50:47	MarkDuplicates	Tracking 280596 as yet unmatched pairs. 12903 records in RAM.
INFO	2016-05-14 23:50:52	MarkDuplicates	Read    52,000,000 records.  Elapsed time: 00:06:20s.  Time for last 1,000,000:    5s.  Last read position: chr8:98,877,333
INFO	2016-05-14 23:50:52	MarkDuplicates	Tracking 281417 as yet unmatched pairs. 7453 records in RAM.
INFO	2016-05-14 23:51:05	MarkDuplicates	Read    53,000,000 records.  Elapsed time: 00:06:33s.  Time for last 1,000,000:   12s.  Last read position: chr8:139,706,759
INFO	2016-05-14 23:51:05	MarkDuplicates	Tracking 281839 as yet unmatched pairs. 1857 records in RAM.
INFO	2016-05-14 23:51:12	MarkDuplicates	Read    54,000,000 records.  Elapsed time: 00:06:40s.  Time for last 1,000,000:    7s.  Last read position: chr9:8,331,500
INFO	2016-05-14 23:51:12	MarkDuplicates	Tracking 281804 as yet unmatched pairs. 19664 records in RAM.
INFO	2016-05-14 23:51:18	MarkDuplicates	Read    55,000,000 records.  Elapsed time: 00:06:45s.  Time for last 1,000,000:    5s.  Last read position: chr9:45,762,134
INFO	2016-05-14 23:51:18	MarkDuplicates	Tracking 282463 as yet unmatched pairs. 15291 records in RAM.
INFO	2016-05-14 23:51:24	MarkDuplicates	Read    56,000,000 records.  Elapsed time: 00:06:52s.  Time for last 1,000,000:    6s.  Last read position: chr9:100,872,203
INFO	2016-05-14 23:51:24	MarkDuplicates	Tracking 281944 as yet unmatched pairs. 8744 records in RAM.
INFO	2016-05-14 23:51:29	MarkDuplicates	Read    57,000,000 records.  Elapsed time: 00:06:57s.  Time for last 1,000,000:    5s.  Last read position: chr9:127,637,290
INFO	2016-05-14 23:51:29	MarkDuplicates	Tracking 281719 as yet unmatched pairs. 4414 records in RAM.
INFO	2016-05-14 23:51:35	MarkDuplicates	Read    58,000,000 records.  Elapsed time: 00:07:03s.  Time for last 1,000,000:    5s.  Last read position: chr9:137,801,257
INFO	2016-05-14 23:51:35	MarkDuplicates	Tracking 281519 as yet unmatched pairs. 1368 records in RAM.
INFO	2016-05-14 23:51:41	MarkDuplicates	Read    59,000,000 records.  Elapsed time: 00:07:09s.  Time for last 1,000,000:    6s.  Last read position: chr10:14,978,534
INFO	2016-05-14 23:51:41	MarkDuplicates	Tracking 280951 as yet unmatched pairs. 26318 records in RAM.
INFO	2016-05-14 23:51:47	MarkDuplicates	Read    60,000,000 records.  Elapsed time: 00:07:15s.  Time for last 1,000,000:    5s.  Last read position: chr10:46,966,878
INFO	2016-05-14 23:51:47	MarkDuplicates	Tracking 280137 as yet unmatched pairs. 18061 records in RAM.
INFO	2016-05-14 23:52:15	MarkDuplicates	Read    61,000,000 records.  Elapsed time: 00:07:42s.  Time for last 1,000,000:   27s.  Last read position: chr10:75,896,517
INFO	2016-05-14 23:52:15	MarkDuplicates	Tracking 279170 as yet unmatched pairs. 13312 records in RAM.
INFO	2016-05-14 23:52:19	MarkDuplicates	Read    62,000,000 records.  Elapsed time: 00:07:47s.  Time for last 1,000,000:    4s.  Last read position: chr10:102,046,331
INFO	2016-05-14 23:52:19	MarkDuplicates	Tracking 277833 as yet unmatched pairs. 7769 records in RAM.
INFO	2016-05-14 23:52:25	MarkDuplicates	Read    63,000,000 records.  Elapsed time: 00:07:53s.  Time for last 1,000,000:    5s.  Last read position: chr10:124,320,346
INFO	2016-05-14 23:52:25	MarkDuplicates	Tracking 276492 as yet unmatched pairs. 2502 records in RAM.
INFO	2016-05-14 23:52:31	MarkDuplicates	Read    64,000,000 records.  Elapsed time: 00:07:59s.  Time for last 1,000,000:    5s.  Last read position: chr11:3,389,933
INFO	2016-05-14 23:52:31	MarkDuplicates	Tracking 275096 as yet unmatched pairs. 27823 records in RAM.
INFO	2016-05-14 23:52:37	MarkDuplicates	Read    65,000,000 records.  Elapsed time: 00:08:04s.  Time for last 1,000,000:    5s.  Last read position: chr11:19,247,379
INFO	2016-05-14 23:52:37	MarkDuplicates	Tracking 273992 as yet unmatched pairs. 24359 records in RAM.
INFO	2016-05-14 23:52:42	MarkDuplicates	Read    66,000,000 records.  Elapsed time: 00:08:10s.  Time for last 1,000,000:    5s.  Last read position: chr11:55,876,117
INFO	2016-05-14 23:52:42	MarkDuplicates	Tracking 272338 as yet unmatched pairs. 18415 records in RAM.
INFO	2016-05-14 23:52:48	MarkDuplicates	Read    67,000,000 records.  Elapsed time: 00:08:16s.  Time for last 1,000,000:    6s.  Last read position: chr11:64,607,046
INFO	2016-05-14 23:52:48	MarkDuplicates	Tracking 271559 as yet unmatched pairs. 15409 records in RAM.
INFO	2016-05-14 23:53:01	MarkDuplicates	Read    68,000,000 records.  Elapsed time: 00:08:28s.  Time for last 1,000,000:   12s.  Last read position: chr11:72,292,046
INFO	2016-05-14 23:53:01	MarkDuplicates	Tracking 270612 as yet unmatched pairs. 12483 records in RAM.
INFO	2016-05-14 23:53:05	MarkDuplicates	Read    69,000,000 records.  Elapsed time: 00:08:33s.  Time for last 1,000,000:    4s.  Last read position: chr11:105,203,928
INFO	2016-05-14 23:53:05	MarkDuplicates	Tracking 268462 as yet unmatched pairs. 6803 records in RAM.
INFO	2016-05-14 23:53:11	MarkDuplicates	Read    70,000,000 records.  Elapsed time: 00:08:38s.  Time for last 1,000,000:    5s.  Last read position: chr11:124,056,170
INFO	2016-05-14 23:53:11	MarkDuplicates	Tracking 266599 as yet unmatched pairs. 2093 records in RAM.
INFO	2016-05-14 23:53:16	MarkDuplicates	Read    71,000,000 records.  Elapsed time: 00:08:44s.  Time for last 1,000,000:    5s.  Last read position: chr12:7,030,772
INFO	2016-05-14 23:53:16	MarkDuplicates	Tracking 264788 as yet unmatched pairs. 30982 records in RAM.
INFO	2016-05-14 23:53:22	MarkDuplicates	Read    72,000,000 records.  Elapsed time: 00:08:50s.  Time for last 1,000,000:    6s.  Last read position: chr12:38,686,616
INFO	2016-05-14 23:53:22	MarkDuplicates	Tracking 262299 as yet unmatched pairs. 25233 records in RAM.
INFO	2016-05-14 23:53:27	MarkDuplicates	Read    73,000,000 records.  Elapsed time: 00:08:55s.  Time for last 1,000,000:    4s.  Last read position: chr12:53,866,068
INFO	2016-05-14 23:53:27	MarkDuplicates	Tracking 260466 as yet unmatched pairs. 21071 records in RAM.
INFO	2016-05-14 23:53:32	MarkDuplicates	Read    74,000,000 records.  Elapsed time: 00:09:00s.  Time for last 1,000,000:    5s.  Last read position: chr12:70,949,878
INFO	2016-05-14 23:53:32	MarkDuplicates	Tracking 257673 as yet unmatched pairs. 15412 records in RAM.
INFO	2016-05-14 23:53:37	MarkDuplicates	Read    75,000,000 records.  Elapsed time: 00:09:05s.  Time for last 1,000,000:    4s.  Last read position: chr12:109,690,918
INFO	2016-05-14 23:53:37	MarkDuplicates	Tracking 254055 as yet unmatched pairs. 8116 records in RAM.
INFO	2016-05-14 23:53:51	MarkDuplicates	Read    76,000,000 records.  Elapsed time: 00:09:19s.  Time for last 1,000,000:   14s.  Last read position: chr12:124,139,547
INFO	2016-05-14 23:53:51	MarkDuplicates	Tracking 251398 as yet unmatched pairs. 2705 records in RAM.
INFO	2016-05-14 23:54:08	MarkDuplicates	Read    77,000,000 records.  Elapsed time: 00:09:35s.  Time for last 1,000,000:   16s.  Last read position: chr13:33,859,625
INFO	2016-05-14 23:54:08	MarkDuplicates	Tracking 248451 as yet unmatched pairs. 13469 records in RAM.
INFO	2016-05-14 23:54:13	MarkDuplicates	Read    78,000,000 records.  Elapsed time: 00:09:41s.  Time for last 1,000,000:    5s.  Last read position: chr13:92,051,373
INFO	2016-05-14 23:54:13	MarkDuplicates	Tracking 243458 as yet unmatched pairs. 4278 records in RAM.
INFO	2016-05-14 23:54:18	MarkDuplicates	Read    79,000,000 records.  Elapsed time: 00:09:46s.  Time for last 1,000,000:    5s.  Last read position: chr14:23,348,505
INFO	2016-05-14 23:54:18	MarkDuplicates	Tracking 240360 as yet unmatched pairs. 20542 records in RAM.
INFO	2016-05-14 23:54:24	MarkDuplicates	Read    80,000,000 records.  Elapsed time: 00:09:51s.  Time for last 1,000,000:    5s.  Last read position: chr14:53,066,905
INFO	2016-05-14 23:54:24	MarkDuplicates	Tracking 236770 as yet unmatched pairs. 14349 records in RAM.
INFO	2016-05-14 23:54:29	MarkDuplicates	Read    81,000,000 records.  Elapsed time: 00:09:57s.  Time for last 1,000,000:    5s.  Last read position: chr14:76,099,979
INFO	2016-05-14 23:54:29	MarkDuplicates	Tracking 233121 as yet unmatched pairs. 8172 records in RAM.
INFO	2016-05-14 23:54:34	MarkDuplicates	Read    82,000,000 records.  Elapsed time: 00:10:02s.  Time for last 1,000,000:    5s.  Last read position: chr14:104,000,871
INFO	2016-05-14 23:54:34	MarkDuplicates	Tracking 229001 as yet unmatched pairs. 1164 records in RAM.
INFO	2016-05-14 23:54:41	MarkDuplicates	Read    83,000,000 records.  Elapsed time: 00:10:08s.  Time for last 1,000,000:    6s.  Last read position: chr15:41,059,429
INFO	2016-05-14 23:54:41	MarkDuplicates	Tracking 225412 as yet unmatched pairs. 19382 records in RAM.
INFO	2016-05-14 23:54:54	MarkDuplicates	Read    84,000,000 records.  Elapsed time: 00:10:22s.  Time for last 1,000,000:   13s.  Last read position: chr15:55,931,968
INFO	2016-05-14 23:54:54	MarkDuplicates	Tracking 221817 as yet unmatched pairs. 14028 records in RAM.
INFO	2016-05-14 23:55:00	MarkDuplicates	Read    85,000,000 records.  Elapsed time: 00:10:27s.  Time for last 1,000,000:    5s.  Last read position: chr15:75,554,708
INFO	2016-05-14 23:55:00	MarkDuplicates	Tracking 217851 as yet unmatched pairs. 8076 records in RAM.
INFO	2016-05-14 23:55:04	MarkDuplicates	Read    86,000,000 records.  Elapsed time: 00:10:32s.  Time for last 1,000,000:    4s.  Last read position: chr15:99,671,322
INFO	2016-05-14 23:55:04	MarkDuplicates	Tracking 213065 as yet unmatched pairs. 793 records in RAM.
INFO	2016-05-14 23:55:10	MarkDuplicates	Read    87,000,000 records.  Elapsed time: 00:10:38s.  Time for last 1,000,000:    5s.  Last read position: chr16:3,711,910
INFO	2016-05-14 23:55:10	MarkDuplicates	Tracking 210733 as yet unmatched pairs. 31493 records in RAM.
INFO	2016-05-14 23:55:16	MarkDuplicates	Read    88,000,000 records.  Elapsed time: 00:10:44s.  Time for last 1,000,000:    5s.  Last read position: chr16:23,712,367
INFO	2016-05-14 23:55:16	MarkDuplicates	Tracking 205391 as yet unmatched pairs. 23837 records in RAM.
INFO	2016-05-14 23:55:22	MarkDuplicates	Read    89,000,000 records.  Elapsed time: 00:10:50s.  Time for last 1,000,000:    6s.  Last read position: chr16:46,638,275
INFO	2016-05-14 23:55:22	MarkDuplicates	Tracking 198878 as yet unmatched pairs. 14646 records in RAM.
INFO	2016-05-14 23:55:28	MarkDuplicates	Read    90,000,000 records.  Elapsed time: 00:10:55s.  Time for last 1,000,000:    5s.  Last read position: chr16:68,023,289
INFO	2016-05-14 23:55:28	MarkDuplicates	Tracking 194436 as yet unmatched pairs. 8534 records in RAM.
INFO	2016-05-14 23:55:40	MarkDuplicates	Read    91,000,000 records.  Elapsed time: 00:11:08s.  Time for last 1,000,000:   12s.  Last read position: chr16:88,497,556
INFO	2016-05-14 23:55:40	MarkDuplicates	Tracking 189071 as yet unmatched pairs. 1231 records in RAM.
INFO	2016-05-14 23:55:57	MarkDuplicates	Read    92,000,000 records.  Elapsed time: 00:11:24s.  Time for last 1,000,000:   16s.  Last read position: chr17:6,348,515
INFO	2016-05-14 23:55:57	MarkDuplicates	Tracking 185559 as yet unmatched pairs. 33062 records in RAM.
INFO	2016-05-14 23:56:02	MarkDuplicates	Read    93,000,000 records.  Elapsed time: 00:11:30s.  Time for last 1,000,000:    5s.  Last read position: chr17:17,697,673
INFO	2016-05-14 23:56:02	MarkDuplicates	Tracking 181798 as yet unmatched pairs. 28233 records in RAM.
INFO	2016-05-14 23:56:07	MarkDuplicates	Read    94,000,000 records.  Elapsed time: 00:11:35s.  Time for last 1,000,000:    5s.  Last read position: chr17:33,997,840
INFO	2016-05-14 23:56:07	MarkDuplicates	Tracking 176818 as yet unmatched pairs. 21768 records in RAM.
INFO	2016-05-14 23:56:13	MarkDuplicates	Read    95,000,000 records.  Elapsed time: 00:11:41s.  Time for last 1,000,000:    5s.  Last read position: chr17:42,030,798
INFO	2016-05-14 23:56:13	MarkDuplicates	Tracking 172909 as yet unmatched pairs. 16820 records in RAM.
INFO	2016-05-14 23:56:19	MarkDuplicates	Read    96,000,000 records.  Elapsed time: 00:11:47s.  Time for last 1,000,000:    6s.  Last read position: chr17:56,396,518
INFO	2016-05-14 23:56:19	MarkDuplicates	Tracking 168524 as yet unmatched pairs. 11263 records in RAM.
INFO	2016-05-14 23:56:25	MarkDuplicates	Read    97,000,000 records.  Elapsed time: 00:11:52s.  Time for last 1,000,000:    5s.  Last read position: chr17:73,230,877
INFO	2016-05-14 23:56:25	MarkDuplicates	Tracking 163265 as yet unmatched pairs. 4536 records in RAM.
INFO	2016-05-14 23:56:30	MarkDuplicates	Read    98,000,000 records.  Elapsed time: 00:11:58s.  Time for last 1,000,000:    5s.  Last read position: chr17:80,404,532
INFO	2016-05-14 23:56:30	MarkDuplicates	Tracking 159927 as yet unmatched pairs. 407 records in RAM.
INFO	2016-05-14 23:56:43	MarkDuplicates	Read    99,000,000 records.  Elapsed time: 00:12:11s.  Time for last 1,000,000:   13s.  Last read position: chr18:33,744,542
INFO	2016-05-14 23:56:43	MarkDuplicates	Tracking 152207 as yet unmatched pairs. 9907 records in RAM.
INFO	2016-05-14 23:56:49	MarkDuplicates	Read   100,000,000 records.  Elapsed time: 00:12:16s.  Time for last 1,000,000:    5s.  Last read position: chr19:757,583
INFO	2016-05-14 23:56:49	MarkDuplicates	Tracking 143617 as yet unmatched pairs. 41345 records in RAM.
INFO	2016-05-14 23:56:55	MarkDuplicates	Read   101,000,000 records.  Elapsed time: 00:12:23s.  Time for last 1,000,000:    6s.  Last read position: chr19:6,744,678
INFO	2016-05-14 23:56:55	MarkDuplicates	Tracking 139553 as yet unmatched pairs. 36715 records in RAM.
INFO	2016-05-14 23:57:00	MarkDuplicates	Read   102,000,000 records.  Elapsed time: 00:12:28s.  Time for last 1,000,000:    5s.  Last read position: chr19:12,247,550
INFO	2016-05-14 23:57:00	MarkDuplicates	Tracking 135153 as yet unmatched pairs. 31677 records in RAM.
INFO	2016-05-14 23:57:05	MarkDuplicates	Read   103,000,000 records.  Elapsed time: 00:12:33s.  Time for last 1,000,000:    5s.  Last read position: chr19:18,103,659
INFO	2016-05-14 23:57:05	MarkDuplicates	Tracking 130763 as yet unmatched pairs. 26698 records in RAM.
INFO	2016-05-14 23:57:11	MarkDuplicates	Read   104,000,000 records.  Elapsed time: 00:12:39s.  Time for last 1,000,000:    5s.  Last read position: chr19:36,333,265
INFO	2016-05-14 23:57:11	MarkDuplicates	Tracking 123717 as yet unmatched pairs. 18745 records in RAM.
INFO	2016-05-14 23:57:16	MarkDuplicates	Read   105,000,000 records.  Elapsed time: 00:12:43s.  Time for last 1,000,000:    4s.  Last read position: chr19:42,658,502
INFO	2016-05-14 23:57:16	MarkDuplicates	Tracking 119326 as yet unmatched pairs. 13739 records in RAM.
INFO	2016-05-14 23:57:29	MarkDuplicates	Read   106,000,000 records.  Elapsed time: 00:12:57s.  Time for last 1,000,000:   13s.  Last read position: chr19:49,362,243
INFO	2016-05-14 23:57:29	MarkDuplicates	Tracking 114405 as yet unmatched pairs. 8127 records in RAM.
INFO	2016-05-14 23:57:46	MarkDuplicates	Read   107,000,000 records.  Elapsed time: 00:13:14s.  Time for last 1,000,000:   16s.  Last read position: chr19:55,481,595
INFO	2016-05-14 23:57:46	MarkDuplicates	Tracking 109669 as yet unmatched pairs. 2741 records in RAM.
INFO	2016-05-14 23:57:52	MarkDuplicates	Read   108,000,000 records.  Elapsed time: 00:13:20s.  Time for last 1,000,000:    5s.  Last read position: chr20:5,905,586
INFO	2016-05-14 23:57:52	MarkDuplicates	Tracking 104967 as yet unmatched pairs. 21388 records in RAM.
INFO	2016-05-14 23:57:57	MarkDuplicates	Read   109,000,000 records.  Elapsed time: 00:13:25s.  Time for last 1,000,000:    5s.  Last read position: chr20:34,091,992
INFO	2016-05-14 23:57:57	MarkDuplicates	Tracking 97290 as yet unmatched pairs. 12734 records in RAM.
INFO	2016-05-14 23:58:02	MarkDuplicates	Read   110,000,000 records.  Elapsed time: 00:13:29s.  Time for last 1,000,000:    4s.  Last read position: chr20:49,214,146
INFO	2016-05-14 23:58:02	MarkDuplicates	Tracking 90784 as yet unmatched pairs. 5595 records in RAM.
INFO	2016-05-14 23:58:07	MarkDuplicates	Read   111,000,000 records.  Elapsed time: 00:13:35s.  Time for last 1,000,000:    5s.  Last read position: chr21:18,987,601
INFO	2016-05-14 23:58:07	MarkDuplicates	Tracking 82119 as yet unmatched pairs. 9385 records in RAM.
INFO	2016-05-14 23:58:12	MarkDuplicates	Read   112,000,000 records.  Elapsed time: 00:13:40s.  Time for last 1,000,000:    5s.  Last read position: chr21:46,888,473
INFO	2016-05-14 23:58:12	MarkDuplicates	Tracking 74131 as yet unmatched pairs. 794 records in RAM.
INFO	2016-05-14 23:58:18	MarkDuplicates	Read   113,000,000 records.  Elapsed time: 00:13:46s.  Time for last 1,000,000:    5s.  Last read position: chr22:26,899,787
INFO	2016-05-14 23:58:18	MarkDuplicates	Tracking 68482 as yet unmatched pairs. 12403 records in RAM.
INFO	2016-05-14 23:58:31	MarkDuplicates	Read   114,000,000 records.  Elapsed time: 00:13:59s.  Time for last 1,000,000:   13s.  Last read position: chr22:39,907,909
INFO	2016-05-14 23:58:31	MarkDuplicates	Tracking 62032 as yet unmatched pairs. 5619 records in RAM.
INFO	2016-05-14 23:58:37	MarkDuplicates	Read   115,000,000 records.  Elapsed time: 00:14:05s.  Time for last 1,000,000:    5s.  Last read position: chrX:8,021,659
INFO	2016-05-14 23:58:37	MarkDuplicates	Tracking 54706 as yet unmatched pairs. 44257 records in RAM.
INFO	2016-05-14 23:58:42	MarkDuplicates	Read   116,000,000 records.  Elapsed time: 00:14:10s.  Time for last 1,000,000:    4s.  Last read position: chrX:47,084,387
INFO	2016-05-14 23:58:42	MarkDuplicates	Tracking 43925 as yet unmatched pairs. 33418 records in RAM.
INFO	2016-05-14 23:58:47	MarkDuplicates	Read   117,000,000 records.  Elapsed time: 00:14:15s.  Time for last 1,000,000:    5s.  Last read position: chrX:70,444,232
INFO	2016-05-14 23:58:47	MarkDuplicates	Tracking 35711 as yet unmatched pairs. 25142 records in RAM.
INFO	2016-05-14 23:58:53	MarkDuplicates	Read   118,000,000 records.  Elapsed time: 00:14:21s.  Time for last 1,000,000:    5s.  Last read position: chrX:113,961,285
INFO	2016-05-14 23:58:53	MarkDuplicates	Tracking 24019 as yet unmatched pairs. 13283 records in RAM.
INFO	2016-05-14 23:58:58	MarkDuplicates	Read   119,000,000 records.  Elapsed time: 00:14:26s.  Time for last 1,000,000:    5s.  Last read position: chrX:152,686,706
INFO	2016-05-14 23:58:58	MarkDuplicates	Tracking 12510 as yet unmatched pairs. 1698 records in RAM.
INFO	2016-05-14 23:59:01	MarkDuplicates	Read 119491043 records. 0 pairs never matched.
INFO	2016-05-14 23:59:18	MarkDuplicates	After buildSortedReadEndLists freeMemory: 1654800616; totalMemory: 1669857280; maxMemory: 1908932608
INFO	2016-05-14 23:59:18	MarkDuplicates	Will retain up to 59654144 duplicate indices before spilling to disk.
INFO	2016-05-14 23:59:18	MarkDuplicates	Traversing read pair information and detecting duplicates.
INFO	2016-05-14 23:59:46	MarkDuplicates	Traversing fragment information and detecting duplicates.
INFO	2016-05-15 00:00:29	MarkDuplicates	Sorting list of duplicate records.
INFO	2016-05-15 00:00:30	MarkDuplicates	After generateDuplicateIndexes freeMemory: 1207853736; totalMemory: 1700790272; maxMemory: 1908932608
INFO	2016-05-15 00:00:30	MarkDuplicates	Marking 12952478 records as duplicates.
INFO	2016-05-15 00:00:30	MarkDuplicates	Found 1052 optical duplicate clusters.
INFO	2016-05-15 00:00:30	MarkDuplicates	Reads are assumed to be ordered by: coordinate
INFO	2016-05-15 00:02:57	MarkDuplicates	Written    10,000,000 records.  Elapsed time: 00:02:26s.  Time for last 10,000,000:  146s.  Last read position: chr1:206,870,852
INFO	2016-05-15 00:05:24	MarkDuplicates	Written    20,000,000 records.  Elapsed time: 00:04:53s.  Time for last 10,000,000:  146s.  Last read position: chr2:239,007,825
INFO	2016-05-15 00:07:53	MarkDuplicates	Written    30,000,000 records.  Elapsed time: 00:07:22s.  Time for last 10,000,000:  148s.  Last read position: chr4:99,403,251
INFO	2016-05-15 00:10:18	MarkDuplicates	Written    40,000,000 records.  Elapsed time: 00:09:47s.  Time for last 10,000,000:  145s.  Last read position: chr6:42,980,787
INFO	2016-05-15 00:12:32	MarkDuplicates	Written    50,000,000 records.  Elapsed time: 00:12:01s.  Time for last 10,000,000:  133s.  Last read position: chr8:23,290,324
INFO	2016-05-15 00:15:06	MarkDuplicates	Written    60,000,000 records.  Elapsed time: 00:14:35s.  Time for last 10,000,000:  154s.  Last read position: chr10:46,966,878
INFO	2016-05-15 00:17:29	MarkDuplicates	Written    70,000,000 records.  Elapsed time: 00:16:58s.  Time for last 10,000,000:  142s.  Last read position: chr11:124,056,170
INFO	2016-05-15 00:20:06	MarkDuplicates	Written    80,000,000 records.  Elapsed time: 00:19:35s.  Time for last 10,000,000:  156s.  Last read position: chr14:53,066,905
INFO	2016-05-15 00:22:37	MarkDuplicates	Written    90,000,000 records.  Elapsed time: 00:22:06s.  Time for last 10,000,000:  150s.  Last read position: chr16:68,023,289
INFO	2016-05-15 00:25:09	MarkDuplicates	Written   100,000,000 records.  Elapsed time: 00:24:38s.  Time for last 10,000,000:  152s.  Last read position: chr19:757,583
INFO	2016-05-15 00:27:37	MarkDuplicates	Written   110,000,000 records.  Elapsed time: 00:27:06s.  Time for last 10,000,000:  148s.  Last read position: chr20:49,214,146
INFO	2016-05-15 00:30:08	MarkDuplicates	Written   120,000,000 records.  Elapsed time: 00:29:37s.  Time for last 10,000,000:  150s.  Last read position: */*
INFO	2016-05-15 00:30:12	MarkDuplicates	Before output close freeMemory: 1123260832; totalMemory: 1128792064; maxMemory: 1908932608
INFO	2016-05-15 00:30:17	MarkDuplicates	After output close freeMemory: 1122733752; totalMemory: 1128267776; maxMemory: 1908932608
[Sun May 15 00:30:18 EDT 2016] picard.sam.markduplicates.MarkDuplicates done. Elapsed time: 45.77 minutes.
Runtime.totalMemory()=1128267776
[Sun May 15 00:30:18 EDT 2016] picard.sam.AddOrReplaceReadGroups INPUT=p_DS_bkm_094-T/p_DS_bkm_094-T.sorted.MarkDup.bam OUTPUT=p_DS_bkm_094-T/p_DS_bkm_094-T.sorted.MarkDup.fixed.bam SORT_ORDER=coordinate RGID=id RGLB=bar RGPL=Illumina RGPU=platform RGSM=sample1 TMP_DIR=[tmp] VALIDATION_STRINGENCY=SILENT CREATE_INDEX=true    VERBOSITY=INFO QUIET=false COMPRESSION_LEVEL=5 MAX_RECORDS_IN_RAM=500000 CREATE_MD5_FILE=false GA4GH_CLIENT_SECRETS=client_secrets.json
[Sun May 15 00:30:18 EDT 2016] Executing as abdelrahman@compute-1-5.local on Linux 2.6.32-279.14.1.el6.x86_64 amd64; Java HotSpot(TM) 64-Bit Server VM 1.8.0_45-b14; Picard version: 2.3.0(9a00c87b7ffdb01cfb5a0d6e76556146196babb8_1463071327) IntelDeflater
INFO	2016-05-15 00:30:19	AddOrReplaceReadGroups	Created read group ID=id PL=Illumina LB=bar SM=sample1

INFO	2016-05-15 00:30:34	AddOrReplaceReadGroups	Processed     1,000,000 records.  Elapsed time: 00:00:15s.  Time for last 1,000,000:   15s.  Last read position: chr1:11,898,598
INFO	2016-05-15 00:30:49	AddOrReplaceReadGroups	Processed     2,000,000 records.  Elapsed time: 00:00:30s.  Time for last 1,000,000:   14s.  Last read position: chr1:25,253,920
INFO	2016-05-15 00:31:11	AddOrReplaceReadGroups	Processed     3,000,000 records.  Elapsed time: 00:00:52s.  Time for last 1,000,000:   22s.  Last read position: chr1:38,155,282
INFO	2016-05-15 00:31:29	AddOrReplaceReadGroups	Processed     4,000,000 records.  Elapsed time: 00:01:10s.  Time for last 1,000,000:   17s.  Last read position: chr1:52,256,628
INFO	2016-05-15 00:31:45	AddOrReplaceReadGroups	Processed     5,000,000 records.  Elapsed time: 00:01:26s.  Time for last 1,000,000:   16s.  Last read position: chr1:89,290,019
INFO	2016-05-15 00:32:03	AddOrReplaceReadGroups	Processed     6,000,000 records.  Elapsed time: 00:01:44s.  Time for last 1,000,000:   18s.  Last read position: chr1:117,632,636
INFO	2016-05-15 00:32:19	AddOrReplaceReadGroups	Processed     7,000,000 records.  Elapsed time: 00:02:00s.  Time for last 1,000,000:   15s.  Last read position: chr1:153,587,676
INFO	2016-05-15 00:32:34	AddOrReplaceReadGroups	Processed     8,000,000 records.  Elapsed time: 00:02:15s.  Time for last 1,000,000:   15s.  Last read position: chr1:160,276,816
INFO	2016-05-15 00:32:49	AddOrReplaceReadGroups	Processed     9,000,000 records.  Elapsed time: 00:02:30s.  Time for last 1,000,000:   15s.  Last read position: chr1:182,772,796
INFO	2016-05-15 00:33:05	AddOrReplaceReadGroups	Processed    10,000,000 records.  Elapsed time: 00:02:45s.  Time for last 1,000,000:   15s.  Last read position: chr1:206,870,852
INFO	2016-05-15 00:33:19	AddOrReplaceReadGroups	Processed    11,000,000 records.  Elapsed time: 00:03:00s.  Time for last 1,000,000:   14s.  Last read position: chr1:231,355,645
INFO	2016-05-15 00:33:37	AddOrReplaceReadGroups	Processed    12,000,000 records.  Elapsed time: 00:03:18s.  Time for last 1,000,000:   17s.  Last read position: chr2:11,355,782
INFO	2016-05-15 00:33:52	AddOrReplaceReadGroups	Processed    13,000,000 records.  Elapsed time: 00:03:33s.  Time for last 1,000,000:   15s.  Last read position: chr2:33,141,443
INFO	2016-05-15 00:34:06	AddOrReplaceReadGroups	Processed    14,000,000 records.  Elapsed time: 00:03:47s.  Time for last 1,000,000:   14s.  Last read position: chr2:68,520,984
INFO	2016-05-15 00:34:20	AddOrReplaceReadGroups	Processed    15,000,000 records.  Elapsed time: 00:04:01s.  Time for last 1,000,000:   13s.  Last read position: chr2:92,325,507
INFO	2016-05-15 00:34:35	AddOrReplaceReadGroups	Processed    16,000,000 records.  Elapsed time: 00:04:16s.  Time for last 1,000,000:   15s.  Last read position: chr2:127,959,979
INFO	2016-05-15 00:34:49	AddOrReplaceReadGroups	Processed    17,000,000 records.  Elapsed time: 00:04:30s.  Time for last 1,000,000:   14s.  Last read position: chr2:166,172,035
INFO	2016-05-15 00:35:07	AddOrReplaceReadGroups	Processed    18,000,000 records.  Elapsed time: 00:04:48s.  Time for last 1,000,000:   17s.  Last read position: chr2:191,301,152
INFO	2016-05-15 00:35:24	AddOrReplaceReadGroups	Processed    19,000,000 records.  Elapsed time: 00:05:05s.  Time for last 1,000,000:   17s.  Last read position: chr2:219,539,972
INFO	2016-05-15 00:35:40	AddOrReplaceReadGroups	Processed    20,000,000 records.  Elapsed time: 00:05:21s.  Time for last 1,000,000:   15s.  Last read position: chr2:239,007,825
INFO	2016-05-15 00:35:58	AddOrReplaceReadGroups	Processed    21,000,000 records.  Elapsed time: 00:05:39s.  Time for last 1,000,000:   17s.  Last read position: chr3:16,242,068
INFO	2016-05-15 00:36:13	AddOrReplaceReadGroups	Processed    22,000,000 records.  Elapsed time: 00:05:54s.  Time for last 1,000,000:   15s.  Last read position: chr3:46,783,964
INFO	2016-05-15 00:36:31	AddOrReplaceReadGroups	Processed    23,000,000 records.  Elapsed time: 00:06:12s.  Time for last 1,000,000:   17s.  Last read position: chr3:52,539,261
INFO	2016-05-15 00:36:47	AddOrReplaceReadGroups	Processed    24,000,000 records.  Elapsed time: 00:06:28s.  Time for last 1,000,000:   16s.  Last read position: chr3:100,030,659
INFO	2016-05-15 00:37:04	AddOrReplaceReadGroups	Processed    25,000,000 records.  Elapsed time: 00:06:45s.  Time for last 1,000,000:   17s.  Last read position: chr3:127,771,786
INFO	2016-05-15 00:37:19	AddOrReplaceReadGroups	Processed    26,000,000 records.  Elapsed time: 00:06:59s.  Time for last 1,000,000:   14s.  Last read position: chr3:156,983,336
INFO	2016-05-15 00:37:36	AddOrReplaceReadGroups	Processed    27,000,000 records.  Elapsed time: 00:07:16s.  Time for last 1,000,000:   17s.  Last read position: chr3:190,991,322
INFO	2016-05-15 00:37:49	AddOrReplaceReadGroups	Processed    28,000,000 records.  Elapsed time: 00:07:30s.  Time for last 1,000,000:   13s.  Last read position: chr4:10,566,347
INFO	2016-05-15 00:38:09	AddOrReplaceReadGroups	Processed    29,000,000 records.  Elapsed time: 00:07:50s.  Time for last 1,000,000:   19s.  Last read position: chr4:56,759,858
INFO	2016-05-15 00:38:24	AddOrReplaceReadGroups	Processed    30,000,000 records.  Elapsed time: 00:08:05s.  Time for last 1,000,000:   14s.  Last read position: chr4:99,403,251
INFO	2016-05-15 00:38:40	AddOrReplaceReadGroups	Processed    31,000,000 records.  Elapsed time: 00:08:21s.  Time for last 1,000,000:   15s.  Last read position: chr4:147,209,698
INFO	2016-05-15 00:38:57	AddOrReplaceReadGroups	Processed    32,000,000 records.  Elapsed time: 00:08:38s.  Time for last 1,000,000:   17s.  Last read position: chr5:792,286
INFO	2016-05-15 00:39:14	AddOrReplaceReadGroups	Processed    33,000,000 records.  Elapsed time: 00:08:55s.  Time for last 1,000,000:   16s.  Last read position: chr5:43,446,243
INFO	2016-05-15 00:39:31	AddOrReplaceReadGroups	Processed    34,000,000 records.  Elapsed time: 00:09:12s.  Time for last 1,000,000:   16s.  Last read position: chr5:89,814,937
INFO	2016-05-15 00:39:48	AddOrReplaceReadGroups	Processed    35,000,000 records.  Elapsed time: 00:09:29s.  Time for last 1,000,000:   17s.  Last read position: chr5:134,914,366
INFO	2016-05-15 00:40:06	AddOrReplaceReadGroups	Processed    36,000,000 records.  Elapsed time: 00:09:47s.  Time for last 1,000,000:   18s.  Last read position: chr5:149,677,385
INFO	2016-05-15 00:40:23	AddOrReplaceReadGroups	Processed    37,000,000 records.  Elapsed time: 00:10:03s.  Time for last 1,000,000:   16s.  Last read position: chr5:176,812,201
INFO	2016-05-15 00:40:45	AddOrReplaceReadGroups	Processed    38,000,000 records.  Elapsed time: 00:10:25s.  Time for last 1,000,000:   22s.  Last read position: chr6:18,572,072
INFO	2016-05-15 00:41:01	AddOrReplaceReadGroups	Processed    39,000,000 records.  Elapsed time: 00:10:41s.  Time for last 1,000,000:   15s.  Last read position: chr6:31,939,055
INFO	2016-05-15 00:41:21	AddOrReplaceReadGroups	Processed    40,000,000 records.  Elapsed time: 00:11:02s.  Time for last 1,000,000:   20s.  Last read position: chr6:42,980,787
INFO	2016-05-15 00:41:40	AddOrReplaceReadGroups	Processed    41,000,000 records.  Elapsed time: 00:11:21s.  Time for last 1,000,000:   18s.  Last read position: chr6:76,022,557
INFO	2016-05-15 00:41:54	AddOrReplaceReadGroups	Processed    42,000,000 records.  Elapsed time: 00:11:35s.  Time for last 1,000,000:   14s.  Last read position: chr6:119,522,325
INFO	2016-05-15 00:42:12	AddOrReplaceReadGroups	Processed    43,000,000 records.  Elapsed time: 00:11:53s.  Time for last 1,000,000:   17s.  Last read position: chr6:155,561,635
INFO	2016-05-15 00:42:28	AddOrReplaceReadGroups	Processed    44,000,000 records.  Elapsed time: 00:12:09s.  Time for last 1,000,000:   16s.  Last read position: chr7:7,412,576
INFO	2016-05-15 00:42:45	AddOrReplaceReadGroups	Processed    45,000,000 records.  Elapsed time: 00:12:25s.  Time for last 1,000,000:   16s.  Last read position: chr7:44,650,373
INFO	2016-05-15 00:43:00	AddOrReplaceReadGroups	Processed    46,000,000 records.  Elapsed time: 00:12:41s.  Time for last 1,000,000:   15s.  Last read position: chr7:81,366,013
INFO	2016-05-15 00:43:17	AddOrReplaceReadGroups	Processed    47,000,000 records.  Elapsed time: 00:12:58s.  Time for last 1,000,000:   16s.  Last read position: chr7:100,807,718
INFO	2016-05-15 00:43:32	AddOrReplaceReadGroups	Processed    48,000,000 records.  Elapsed time: 00:13:12s.  Time for last 1,000,000:   14s.  Last read position: chr7:131,912,243
INFO	2016-05-15 00:43:51	AddOrReplaceReadGroups	Processed    49,000,000 records.  Elapsed time: 00:13:32s.  Time for last 1,000,000:   19s.  Last read position: chr7:150,840,554
INFO	2016-05-15 00:44:07	AddOrReplaceReadGroups	Processed    50,000,000 records.  Elapsed time: 00:13:47s.  Time for last 1,000,000:   15s.  Last read position: chr8:23,290,324
INFO	2016-05-15 00:44:22	AddOrReplaceReadGroups	Processed    51,000,000 records.  Elapsed time: 00:14:03s.  Time for last 1,000,000:   15s.  Last read position: chr8:54,866,840
INFO	2016-05-15 00:44:42	AddOrReplaceReadGroups	Processed    52,000,000 records.  Elapsed time: 00:14:22s.  Time for last 1,000,000:   19s.  Last read position: chr8:98,877,333
INFO	2016-05-15 00:44:58	AddOrReplaceReadGroups	Processed    53,000,000 records.  Elapsed time: 00:14:39s.  Time for last 1,000,000:   16s.  Last read position: chr8:139,706,759
INFO	2016-05-15 00:45:19	AddOrReplaceReadGroups	Processed    54,000,000 records.  Elapsed time: 00:15:00s.  Time for last 1,000,000:   20s.  Last read position: chr9:8,331,500
INFO	2016-05-15 00:45:34	AddOrReplaceReadGroups	Processed    55,000,000 records.  Elapsed time: 00:15:15s.  Time for last 1,000,000:   14s.  Last read position: chr9:45,762,134
INFO	2016-05-15 00:45:54	AddOrReplaceReadGroups	Processed    56,000,000 records.  Elapsed time: 00:15:35s.  Time for last 1,000,000:   20s.  Last read position: chr9:100,872,203
INFO	2016-05-15 00:46:12	AddOrReplaceReadGroups	Processed    57,000,000 records.  Elapsed time: 00:15:53s.  Time for last 1,000,000:   17s.  Last read position: chr9:127,637,290
INFO	2016-05-15 00:46:28	AddOrReplaceReadGroups	Processed    58,000,000 records.  Elapsed time: 00:16:09s.  Time for last 1,000,000:   16s.  Last read position: chr9:137,801,257
INFO	2016-05-15 00:46:48	AddOrReplaceReadGroups	Processed    59,000,000 records.  Elapsed time: 00:16:29s.  Time for last 1,000,000:   19s.  Last read position: chr10:14,978,534
INFO	2016-05-15 00:47:05	AddOrReplaceReadGroups	Processed    60,000,000 records.  Elapsed time: 00:16:46s.  Time for last 1,000,000:   17s.  Last read position: chr10:46,966,878
INFO	2016-05-15 00:47:26	AddOrReplaceReadGroups	Processed    61,000,000 records.  Elapsed time: 00:17:07s.  Time for last 1,000,000:   20s.  Last read position: chr10:75,896,517
INFO	2016-05-15 00:47:47	AddOrReplaceReadGroups	Processed    62,000,000 records.  Elapsed time: 00:17:28s.  Time for last 1,000,000:   20s.  Last read position: chr10:102,046,331
INFO	2016-05-15 00:48:02	AddOrReplaceReadGroups	Processed    63,000,000 records.  Elapsed time: 00:17:43s.  Time for last 1,000,000:   14s.  Last read position: chr10:124,320,346
INFO	2016-05-15 00:48:23	AddOrReplaceReadGroups	Processed    64,000,000 records.  Elapsed time: 00:18:04s.  Time for last 1,000,000:   21s.  Last read position: chr11:3,389,933
INFO	2016-05-15 00:48:38	AddOrReplaceReadGroups	Processed    65,000,000 records.  Elapsed time: 00:18:19s.  Time for last 1,000,000:   15s.  Last read position: chr11:19,247,379
INFO	2016-05-15 00:48:59	AddOrReplaceReadGroups	Processed    66,000,000 records.  Elapsed time: 00:18:39s.  Time for last 1,000,000:   20s.  Last read position: chr11:55,876,117
INFO	2016-05-15 00:49:14	AddOrReplaceReadGroups	Processed    67,000,000 records.  Elapsed time: 00:18:55s.  Time for last 1,000,000:   15s.  Last read position: chr11:64,607,046
INFO	2016-05-15 00:49:33	AddOrReplaceReadGroups	Processed    68,000,000 records.  Elapsed time: 00:19:14s.  Time for last 1,000,000:   19s.  Last read position: chr11:72,292,046
INFO	2016-05-15 00:49:54	AddOrReplaceReadGroups	Processed    69,000,000 records.  Elapsed time: 00:19:35s.  Time for last 1,000,000:   21s.  Last read position: chr11:105,203,928
INFO	2016-05-15 00:50:08	AddOrReplaceReadGroups	Processed    70,000,000 records.  Elapsed time: 00:19:49s.  Time for last 1,000,000:   14s.  Last read position: chr11:124,056,170
INFO	2016-05-15 00:50:28	AddOrReplaceReadGroups	Processed    71,000,000 records.  Elapsed time: 00:20:09s.  Time for last 1,000,000:   19s.  Last read position: chr12:7,030,772
INFO	2016-05-15 00:50:44	AddOrReplaceReadGroups	Processed    72,000,000 records.  Elapsed time: 00:20:25s.  Time for last 1,000,000:   15s.  Last read position: chr12:38,686,616
INFO	2016-05-15 00:51:03	AddOrReplaceReadGroups	Processed    73,000,000 records.  Elapsed time: 00:20:44s.  Time for last 1,000,000:   19s.  Last read position: chr12:53,866,068
INFO	2016-05-15 00:51:19	AddOrReplaceReadGroups	Processed    74,000,000 records.  Elapsed time: 00:21:00s.  Time for last 1,000,000:   15s.  Last read position: chr12:70,949,878
INFO	2016-05-15 00:51:40	AddOrReplaceReadGroups	Processed    75,000,000 records.  Elapsed time: 00:21:21s.  Time for last 1,000,000:   21s.  Last read position: chr12:109,690,918
INFO	2016-05-15 00:51:56	AddOrReplaceReadGroups	Processed    76,000,000 records.  Elapsed time: 00:21:37s.  Time for last 1,000,000:   15s.  Last read position: chr12:124,139,547
INFO	2016-05-15 00:52:14	AddOrReplaceReadGroups	Processed    77,000,000 records.  Elapsed time: 00:21:55s.  Time for last 1,000,000:   18s.  Last read position: chr13:33,859,625
INFO	2016-05-15 00:52:30	AddOrReplaceReadGroups	Processed    78,000,000 records.  Elapsed time: 00:22:10s.  Time for last 1,000,000:   15s.  Last read position: chr13:92,051,373
INFO	2016-05-15 00:52:51	AddOrReplaceReadGroups	Processed    79,000,000 records.  Elapsed time: 00:22:32s.  Time for last 1,000,000:   21s.  Last read position: chr14:23,348,505
INFO	2016-05-15 00:53:10	AddOrReplaceReadGroups	Processed    80,000,000 records.  Elapsed time: 00:22:51s.  Time for last 1,000,000:   19s.  Last read position: chr14:53,066,905
INFO	2016-05-15 00:53:26	AddOrReplaceReadGroups	Processed    81,000,000 records.  Elapsed time: 00:23:07s.  Time for last 1,000,000:   16s.  Last read position: chr14:76,099,979
INFO	2016-05-15 00:53:44	AddOrReplaceReadGroups	Processed    82,000,000 records.  Elapsed time: 00:23:25s.  Time for last 1,000,000:   18s.  Last read position: chr14:104,000,871
INFO	2016-05-15 00:54:01	AddOrReplaceReadGroups	Processed    83,000,000 records.  Elapsed time: 00:23:42s.  Time for last 1,000,000:   17s.  Last read position: chr15:41,059,429
INFO	2016-05-15 00:54:22	AddOrReplaceReadGroups	Processed    84,000,000 records.  Elapsed time: 00:24:03s.  Time for last 1,000,000:   20s.  Last read position: chr15:55,931,968
INFO	2016-05-15 00:54:42	AddOrReplaceReadGroups	Processed    85,000,000 records.  Elapsed time: 00:24:23s.  Time for last 1,000,000:   19s.  Last read position: chr15:75,554,708
INFO	2016-05-15 00:54:56	AddOrReplaceReadGroups	Processed    86,000,000 records.  Elapsed time: 00:24:37s.  Time for last 1,000,000:   14s.  Last read position: chr15:99,671,322
INFO	2016-05-15 00:55:10	AddOrReplaceReadGroups	Processed    87,000,000 records.  Elapsed time: 00:24:51s.  Time for last 1,000,000:   14s.  Last read position: chr16:3,711,910
INFO	2016-05-15 00:55:26	AddOrReplaceReadGroups	Processed    88,000,000 records.  Elapsed time: 00:25:07s.  Time for last 1,000,000:   16s.  Last read position: chr16:23,712,367
INFO	2016-05-15 00:55:42	AddOrReplaceReadGroups	Processed    89,000,000 records.  Elapsed time: 00:25:22s.  Time for last 1,000,000:   15s.  Last read position: chr16:46,638,275
INFO	2016-05-15 00:55:57	AddOrReplaceReadGroups	Processed    90,000,000 records.  Elapsed time: 00:25:37s.  Time for last 1,000,000:   15s.  Last read position: chr16:68,023,289
INFO	2016-05-15 00:56:15	AddOrReplaceReadGroups	Processed    91,000,000 records.  Elapsed time: 00:25:56s.  Time for last 1,000,000:   18s.  Last read position: chr16:88,497,556
INFO	2016-05-15 00:56:29	AddOrReplaceReadGroups	Processed    92,000,000 records.  Elapsed time: 00:26:10s.  Time for last 1,000,000:   14s.  Last read position: chr17:6,348,515
INFO	2016-05-15 00:56:47	AddOrReplaceReadGroups	Processed    93,000,000 records.  Elapsed time: 00:26:28s.  Time for last 1,000,000:   17s.  Last read position: chr17:17,697,673
INFO	2016-05-15 00:57:02	AddOrReplaceReadGroups	Processed    94,000,000 records.  Elapsed time: 00:26:43s.  Time for last 1,000,000:   15s.  Last read position: chr17:33,997,840
INFO	2016-05-15 00:57:17	AddOrReplaceReadGroups	Processed    95,000,000 records.  Elapsed time: 00:26:58s.  Time for last 1,000,000:   14s.  Last read position: chr17:42,030,798
INFO	2016-05-15 00:57:32	AddOrReplaceReadGroups	Processed    96,000,000 records.  Elapsed time: 00:27:13s.  Time for last 1,000,000:   14s.  Last read position: chr17:56,396,518
INFO	2016-05-15 00:57:51	AddOrReplaceReadGroups	Processed    97,000,000 records.  Elapsed time: 00:27:31s.  Time for last 1,000,000:   18s.  Last read position: chr17:73,230,877
INFO	2016-05-15 00:58:08	AddOrReplaceReadGroups	Processed    98,000,000 records.  Elapsed time: 00:27:49s.  Time for last 1,000,000:   17s.  Last read position: chr17:80,404,532
INFO	2016-05-15 00:58:24	AddOrReplaceReadGroups	Processed    99,000,000 records.  Elapsed time: 00:28:04s.  Time for last 1,000,000:   15s.  Last read position: chr18:33,744,542
INFO	2016-05-15 00:58:42	AddOrReplaceReadGroups	Processed   100,000,000 records.  Elapsed time: 00:28:23s.  Time for last 1,000,000:   18s.  Last read position: chr19:757,583
INFO	2016-05-15 00:58:57	AddOrReplaceReadGroups	Processed   101,000,000 records.  Elapsed time: 00:28:37s.  Time for last 1,000,000:   14s.  Last read position: chr19:6,744,678
INFO	2016-05-15 00:59:14	AddOrReplaceReadGroups	Processed   102,000,000 records.  Elapsed time: 00:28:55s.  Time for last 1,000,000:   17s.  Last read position: chr19:12,247,550
INFO	2016-05-15 00:59:30	AddOrReplaceReadGroups	Processed   103,000,000 records.  Elapsed time: 00:29:11s.  Time for last 1,000,000:   15s.  Last read position: chr19:18,103,659
INFO	2016-05-15 00:59:51	AddOrReplaceReadGroups	Processed   104,000,000 records.  Elapsed time: 00:29:32s.  Time for last 1,000,000:   20s.  Last read position: chr19:36,333,265
INFO	2016-05-15 01:00:08	AddOrReplaceReadGroups	Processed   105,000,000 records.  Elapsed time: 00:29:49s.  Time for last 1,000,000:   17s.  Last read position: chr19:42,658,502
INFO	2016-05-15 01:00:24	AddOrReplaceReadGroups	Processed   106,000,000 records.  Elapsed time: 00:30:04s.  Time for last 1,000,000:   15s.  Last read position: chr19:49,362,243
INFO	2016-05-15 01:00:41	AddOrReplaceReadGroups	Processed   107,000,000 records.  Elapsed time: 00:30:22s.  Time for last 1,000,000:   17s.  Last read position: chr19:55,481,595
INFO	2016-05-15 01:00:56	AddOrReplaceReadGroups	Processed   108,000,000 records.  Elapsed time: 00:30:36s.  Time for last 1,000,000:   14s.  Last read position: chr20:5,905,586
INFO	2016-05-15 01:01:17	AddOrReplaceReadGroups	Processed   109,000,000 records.  Elapsed time: 00:30:58s.  Time for last 1,000,000:   21s.  Last read position: chr20:34,091,992
INFO	2016-05-15 01:01:33	AddOrReplaceReadGroups	Processed   110,000,000 records.  Elapsed time: 00:31:14s.  Time for last 1,000,000:   15s.  Last read position: chr20:49,214,146
INFO	2016-05-15 01:01:51	AddOrReplaceReadGroups	Processed   111,000,000 records.  Elapsed time: 00:31:32s.  Time for last 1,000,000:   18s.  Last read position: chr21:18,987,601
INFO	2016-05-15 01:02:06	AddOrReplaceReadGroups	Processed   112,000,000 records.  Elapsed time: 00:31:47s.  Time for last 1,000,000:   15s.  Last read position: chr21:46,888,473
INFO	2016-05-15 01:02:21	AddOrReplaceReadGroups	Processed   113,000,000 records.  Elapsed time: 00:32:01s.  Time for last 1,000,000:   14s.  Last read position: chr22:26,899,787
INFO	2016-05-15 01:02:37	AddOrReplaceReadGroups	Processed   114,000,000 records.  Elapsed time: 00:32:18s.  Time for last 1,000,000:   16s.  Last read position: chr22:39,907,909
INFO	2016-05-15 01:02:53	AddOrReplaceReadGroups	Processed   115,000,000 records.  Elapsed time: 00:32:33s.  Time for last 1,000,000:   15s.  Last read position: chrX:8,021,659
INFO	2016-05-15 01:03:08	AddOrReplaceReadGroups	Processed   116,000,000 records.  Elapsed time: 00:32:49s.  Time for last 1,000,000:   15s.  Last read position: chrX:47,084,387
INFO	2016-05-15 01:03:28	AddOrReplaceReadGroups	Processed   117,000,000 records.  Elapsed time: 00:33:09s.  Time for last 1,000,000:   19s.  Last read position: chrX:70,444,232
INFO	2016-05-15 01:03:43	AddOrReplaceReadGroups	Processed   118,000,000 records.  Elapsed time: 00:33:24s.  Time for last 1,000,000:   15s.  Last read position: chrX:113,961,285
INFO	2016-05-15 01:04:00	AddOrReplaceReadGroups	Processed   119,000,000 records.  Elapsed time: 00:33:41s.  Time for last 1,000,000:   16s.  Last read position: chrX:152,686,706
INFO	2016-05-15 01:04:14	AddOrReplaceReadGroups	Processed   120,000,000 records.  Elapsed time: 00:33:54s.  Time for last 1,000,000:   13s.  Last read position: */*
[Sun May 15 01:04:20 EDT 2016] picard.sam.AddOrReplaceReadGroups done. Elapsed time: 34.03 minutes.
Runtime.totalMemory()=395313152
[Sun May 15 01:04:21 EDT 2016] picard.sam.FixMateInformation INPUT=[p_DS_bkm_094-T/p_DS_bkm_094-T.sorted.MarkDup.fixed.bam] OUTPUT=p_DS_bkm_094-T/p_DS_bkm_094-T.sorted.MarkDup.realn.fixed.bam SORT_ORDER=coordinate TMP_DIR=[tmp/flx] VALIDATION_STRINGENCY=LENIENT CREATE_INDEX=true    ASSUME_SORTED=false ADD_MATE_CIGAR=true IGNORE_MISSING_MATES=true VERBOSITY=INFO QUIET=false COMPRESSION_LEVEL=5 MAX_RECORDS_IN_RAM=500000 CREATE_MD5_FILE=false GA4GH_CLIENT_SECRETS=client_secrets.json
[Sun May 15 01:04:21 EDT 2016] Executing as abdelrahman@compute-1-5.local on Linux 2.6.32-279.14.1.el6.x86_64 amd64; Java HotSpot(TM) 64-Bit Server VM 1.8.0_45-b14; Picard version: 2.3.0(9a00c87b7ffdb01cfb5a0d6e76556146196babb8_1463071327) IntelDeflater
INFO	2016-05-15 01:04:22	FixMateInformation	Sorting input into queryname order.
INFO	2016-05-15 01:40:26	FixMateInformation	Sorting by queryname complete.
INFO	2016-05-15 01:40:26	FixMateInformation	Output will be sorted by coordinate
INFO	2016-05-15 01:40:27	FixMateInformation	Traversing query name sorted records and fixing up mate pair information.
INFO	2016-05-15 01:40:50	FixMateInformation	Processed     1,000,000 records.  Elapsed time: 00:00:23s.  Time for last 1,000,000:   23s.  Last read position: chr17:75,303,150
INFO	2016-05-15 01:41:15	FixMateInformation	Processed     2,000,000 records.  Elapsed time: 00:00:48s.  Time for last 1,000,000:   25s.  Last read position: chr2:170,592,165
INFO	2016-05-15 01:41:47	FixMateInformation	Processed     3,000,000 records.  Elapsed time: 00:01:20s.  Time for last 1,000,000:   31s.  Last read position: chr2:10,671,608
INFO	2016-05-15 01:42:08	FixMateInformation	Processed     4,000,000 records.  Elapsed time: 00:01:41s.  Time for last 1,000,000:   20s.  Last read position: chr12:56,093,954
INFO	2016-05-15 01:42:31	FixMateInformation	Processed     5,000,000 records.  Elapsed time: 00:02:04s.  Time for last 1,000,000:   23s.  Last read position: chr1:41,626,567
INFO	2016-05-15 01:42:52	FixMateInformation	Processed     6,000,000 records.  Elapsed time: 00:02:25s.  Time for last 1,000,000:   21s.  Last read position: chr2:24,245,325
INFO	2016-05-15 01:43:12	FixMateInformation	Processed     7,000,000 records.  Elapsed time: 00:02:45s.  Time for last 1,000,000:   19s.  Last read position: chr13:75,893,934
INFO	2016-05-15 01:43:36	FixMateInformation	Processed     8,000,000 records.  Elapsed time: 00:03:09s.  Time for last 1,000,000:   23s.  Last read position: chr12:125,550,307
INFO	2016-05-15 01:43:54	FixMateInformation	Processed     9,000,000 records.  Elapsed time: 00:03:27s.  Time for last 1,000,000:   18s.  Last read position: chr2:173,866,020
INFO	2016-05-15 01:44:14	FixMateInformation	Processed    10,000,000 records.  Elapsed time: 00:03:46s.  Time for last 1,000,000:   19s.  Last read position: chr15:83,395,480
INFO	2016-05-15 01:44:34	FixMateInformation	Processed    11,000,000 records.  Elapsed time: 00:04:07s.  Time for last 1,000,000:   20s.  Last read position: chr1:10,555,387
INFO	2016-05-15 01:44:54	FixMateInformation	Processed    12,000,000 records.  Elapsed time: 00:04:27s.  Time for last 1,000,000:   20s.  Last read position: chr7:100,551,557
INFO	2016-05-15 01:45:13	FixMateInformation	Processed    13,000,000 records.  Elapsed time: 00:04:45s.  Time for last 1,000,000:   18s.  Last read position: chr18:28,722,012
INFO	2016-05-15 01:45:38	FixMateInformation	Processed    14,000,000 records.  Elapsed time: 00:05:11s.  Time for last 1,000,000:   25s.  Last read position: chr4:432,343
INFO	2016-05-15 01:47:50	FixMateInformation	Processed    15,000,000 records.  Elapsed time: 00:07:23s.  Time for last 1,000,000:  131s.  Last read position: chr21:9,736,382
INFO	2016-05-15 01:48:11	FixMateInformation	Processed    16,000,000 records.  Elapsed time: 00:07:44s.  Time for last 1,000,000:   21s.  Last read position: chr16:70,698,733
INFO	2016-05-15 01:48:41	FixMateInformation	Processed    17,000,000 records.  Elapsed time: 00:08:14s.  Time for last 1,000,000:   30s.  Last read position: chr7:99,170,584
INFO	2016-05-15 01:49:06	FixMateInformation	Processed    18,000,000 records.  Elapsed time: 00:08:39s.  Time for last 1,000,000:   24s.  Last read position: chr19:39,051,704
INFO	2016-05-15 01:49:29	FixMateInformation	Processed    19,000,000 records.  Elapsed time: 00:09:02s.  Time for last 1,000,000:   22s.  Last read position: chr14:87,349,412
INFO	2016-05-15 01:49:49	FixMateInformation	Processed    20,000,000 records.  Elapsed time: 00:09:22s.  Time for last 1,000,000:   19s.  Last read position: chr9:35,829,897
INFO	2016-05-15 01:50:11	FixMateInformation	Processed    21,000,000 records.  Elapsed time: 00:09:44s.  Time for last 1,000,000:   22s.  Last read position: chr10:16,943,427
INFO	2016-05-15 01:50:33	FixMateInformation	Processed    22,000,000 records.  Elapsed time: 00:10:06s.  Time for last 1,000,000:   21s.  Last read position: chrX:13,145,892
INFO	2016-05-15 01:50:52	FixMateInformation	Processed    23,000,000 records.  Elapsed time: 00:10:25s.  Time for last 1,000,000:   19s.  Last read position: chr3:179,322,359
INFO	2016-05-15 01:51:16	FixMateInformation	Processed    24,000,000 records.  Elapsed time: 00:10:49s.  Time for last 1,000,000:   23s.  Last read position: chr7:91,706,217
INFO	2016-05-15 01:51:35	FixMateInformation	Processed    25,000,000 records.  Elapsed time: 00:11:08s.  Time for last 1,000,000:   19s.  Last read position: chr11:1,151,558
INFO	2016-05-15 01:51:58	FixMateInformation	Processed    26,000,000 records.  Elapsed time: 00:11:30s.  Time for last 1,000,000:   22s.  Last read position: chr12:53,468,443
INFO	2016-05-15 01:52:18	FixMateInformation	Processed    27,000,000 records.  Elapsed time: 00:11:51s.  Time for last 1,000,000:   20s.  Last read position: chr5:110,835,531
INFO	2016-05-15 01:52:40	FixMateInformation	Processed    28,000,000 records.  Elapsed time: 00:12:13s.  Time for last 1,000,000:   21s.  Last read position: chr2:44,622,018
INFO	2016-05-15 01:53:03	FixMateInformation	Processed    29,000,000 records.  Elapsed time: 00:12:36s.  Time for last 1,000,000:   23s.  Last read position: chr2:215,866,374
INFO	2016-05-15 01:53:25	FixMateInformation	Processed    30,000,000 records.  Elapsed time: 00:12:58s.  Time for last 1,000,000:   21s.  Last read position: chr17:8,472,992
INFO	2016-05-15 01:53:49	FixMateInformation	Processed    31,000,000 records.  Elapsed time: 00:13:22s.  Time for last 1,000,000:   23s.  Last read position: chr1:30,122,318
INFO	2016-05-15 01:54:10	FixMateInformation	Processed    32,000,000 records.  Elapsed time: 00:13:43s.  Time for last 1,000,000:   20s.  Last read position: chr22:29,121,016
INFO	2016-05-15 01:54:31	FixMateInformation	Processed    33,000,000 records.  Elapsed time: 00:14:04s.  Time for last 1,000,000:   21s.  Last read position: chr1:212,964,819
INFO	2016-05-15 01:54:51	FixMateInformation	Processed    34,000,000 records.  Elapsed time: 00:14:24s.  Time for last 1,000,000:   20s.  Last read position: chr3:113,513,806
INFO	2016-05-15 01:55:12	FixMateInformation	Processed    35,000,000 records.  Elapsed time: 00:14:45s.  Time for last 1,000,000:   20s.  Last read position: chr2:24,991,037
INFO	2016-05-15 01:55:35	FixMateInformation	Processed    36,000,000 records.  Elapsed time: 00:15:08s.  Time for last 1,000,000:   23s.  Last read position: chr7:100,205,220
INFO	2016-05-15 01:55:56	FixMateInformation	Processed    37,000,000 records.  Elapsed time: 00:15:29s.  Time for last 1,000,000:   20s.  Last read position: chr20:44,259,679
INFO	2016-05-15 01:56:15	FixMateInformation	Processed    38,000,000 records.  Elapsed time: 00:15:48s.  Time for last 1,000,000:   18s.  Last read position: chr1:215,759,850
INFO	2016-05-15 01:56:36	FixMateInformation	Processed    39,000,000 records.  Elapsed time: 00:16:09s.  Time for last 1,000,000:   20s.  Last read position: chr17:41,909,366
INFO	2016-05-15 01:56:57	FixMateInformation	Processed    40,000,000 records.  Elapsed time: 00:16:30s.  Time for last 1,000,000:   21s.  Last read position: chr9:86,466,807
INFO	2016-05-15 01:57:16	FixMateInformation	Processed    41,000,000 records.  Elapsed time: 00:16:49s.  Time for last 1,000,000:   18s.  Last read position: chr8:71,512,321
INFO	2016-05-15 01:57:35	FixMateInformation	Processed    42,000,000 records.  Elapsed time: 00:17:07s.  Time for last 1,000,000:   18s.  Last read position: chr4:78,532,093
INFO	2016-05-15 01:57:56	FixMateInformation	Processed    43,000,000 records.  Elapsed time: 00:17:28s.  Time for last 1,000,000:   21s.  Last read position: chr5:149,583,972
INFO	2016-05-15 01:58:15	FixMateInformation	Processed    44,000,000 records.  Elapsed time: 00:17:48s.  Time for last 1,000,000:   19s.  Last read position: chr17:72,245,246
INFO	2016-05-15 01:58:36	FixMateInformation	Processed    45,000,000 records.  Elapsed time: 00:18:08s.  Time for last 1,000,000:   20s.  Last read position: chr6:117,121,785
INFO	2016-05-15 01:58:56	FixMateInformation	Processed    46,000,000 records.  Elapsed time: 00:18:28s.  Time for last 1,000,000:   20s.  Last read position: chr9:69,543,388
INFO	2016-05-15 01:59:15	FixMateInformation	Processed    47,000,000 records.  Elapsed time: 00:18:48s.  Time for last 1,000,000:   19s.  Last read position: chr4:41,614,980
INFO	2016-05-15 01:59:38	FixMateInformation	Processed    48,000,000 records.  Elapsed time: 00:19:11s.  Time for last 1,000,000:   22s.  Last read position: chr7:138,482,690
INFO	2016-05-15 01:59:58	FixMateInformation	Processed    49,000,000 records.  Elapsed time: 00:19:31s.  Time for last 1,000,000:   20s.  Last read position: chr3:140,401,726
INFO	2016-05-15 02:00:24	FixMateInformation	Processed    50,000,000 records.  Elapsed time: 00:19:57s.  Time for last 1,000,000:   26s.  Last read position: chr12:27,800,237
INFO	2016-05-15 02:00:49	FixMateInformation	Processed    51,000,000 records.  Elapsed time: 00:20:22s.  Time for last 1,000,000:   24s.  Last read position: chr3:48,688,729
INFO	2016-05-15 02:01:11	FixMateInformation	Processed    52,000,000 records.  Elapsed time: 00:20:44s.  Time for last 1,000,000:   21s.  Last read position: chr14:70,989,457
INFO	2016-05-15 02:01:33	FixMateInformation	Processed    53,000,000 records.  Elapsed time: 00:21:06s.  Time for last 1,000,000:   21s.  Last read position: chr1:117,699,371
INFO	2016-05-15 02:01:56	FixMateInformation	Processed    54,000,000 records.  Elapsed time: 00:21:28s.  Time for last 1,000,000:   22s.  Last read position: chr17:60,986,472
INFO	2016-05-15 02:02:15	FixMateInformation	Processed    55,000,000 records.  Elapsed time: 00:21:48s.  Time for last 1,000,000:   19s.  Last read position: chr16:3,781,898
INFO	2016-05-15 02:02:36	FixMateInformation	Processed    56,000,000 records.  Elapsed time: 00:22:09s.  Time for last 1,000,000:   21s.  Last read position: chr7:73,020,131
INFO	2016-05-15 02:02:57	FixMateInformation	Processed    57,000,000 records.  Elapsed time: 00:22:29s.  Time for last 1,000,000:   20s.  Last read position: chrX:100,229,082
INFO	2016-05-15 02:03:18	FixMateInformation	Processed    58,000,000 records.  Elapsed time: 00:22:50s.  Time for last 1,000,000:   21s.  Last read position: chr19:18,557,171
INFO	2016-05-15 02:03:38	FixMateInformation	Processed    59,000,000 records.  Elapsed time: 00:23:11s.  Time for last 1,000,000:   20s.  Last read position: chr12:40,498,032
INFO	2016-05-15 02:03:59	FixMateInformation	Processed    60,000,000 records.  Elapsed time: 00:23:32s.  Time for last 1,000,000:   20s.  Last read position: chr6:43,282,935
INFO	2016-05-15 02:04:17	FixMateInformation	Processed    61,000,000 records.  Elapsed time: 00:23:50s.  Time for last 1,000,000:   17s.  Last read position: chr19:18,392,251
INFO	2016-05-15 02:04:36	FixMateInformation	Processed    62,000,000 records.  Elapsed time: 00:24:09s.  Time for last 1,000,000:   19s.  Last read position: chr7:83,819,658
INFO	2016-05-15 02:04:56	FixMateInformation	Processed    63,000,000 records.  Elapsed time: 00:24:29s.  Time for last 1,000,000:   19s.  Last read position: chr9:139,849,055
INFO	2016-05-15 02:05:20	FixMateInformation	Processed    64,000,000 records.  Elapsed time: 00:24:53s.  Time for last 1,000,000:   24s.  Last read position: chr19:48,879,495
INFO	2016-05-15 02:05:41	FixMateInformation	Processed    65,000,000 records.  Elapsed time: 00:25:13s.  Time for last 1,000,000:   20s.  Last read position: chr5:175,824,569
INFO	2016-05-15 02:06:01	FixMateInformation	Processed    66,000,000 records.  Elapsed time: 00:25:33s.  Time for last 1,000,000:   19s.  Last read position: chr8:3,226,700
INFO	2016-05-15 02:06:21	FixMateInformation	Processed    67,000,000 records.  Elapsed time: 00:25:54s.  Time for last 1,000,000:   20s.  Last read position: chr2:70,677,920
INFO	2016-05-15 02:06:43	FixMateInformation	Processed    68,000,000 records.  Elapsed time: 00:26:15s.  Time for last 1,000,000:   21s.  Last read position: chr10:13,222,433
INFO	2016-05-15 02:07:20	FixMateInformation	Processed    69,000,000 records.  Elapsed time: 00:26:52s.  Time for last 1,000,000:   37s.  Last read position: chr7:61,759,401
INFO	2016-05-15 02:07:39	FixMateInformation	Processed    70,000,000 records.  Elapsed time: 00:27:12s.  Time for last 1,000,000:   19s.  Last read position: chr13:111,115,283
INFO	2016-05-15 02:07:59	FixMateInformation	Processed    71,000,000 records.  Elapsed time: 00:27:31s.  Time for last 1,000,000:   19s.  Last read position: chr11:45,889,111
INFO	2016-05-15 02:08:17	FixMateInformation	Processed    72,000,000 records.  Elapsed time: 00:27:50s.  Time for last 1,000,000:   18s.  Last read position: chr2:100,041,308
INFO	2016-05-15 02:08:35	FixMateInformation	Processed    73,000,000 records.  Elapsed time: 00:28:08s.  Time for last 1,000,000:   18s.  Last read position: chr12:62,148,836
INFO	2016-05-15 02:08:52	FixMateInformation	Processed    74,000,000 records.  Elapsed time: 00:28:25s.  Time for last 1,000,000:   16s.  Last read position: chr11:65,304,482
INFO	2016-05-15 02:09:12	FixMateInformation	Processed    75,000,000 records.  Elapsed time: 00:28:44s.  Time for last 1,000,000:   19s.  Last read position: chr1:109,466,807
INFO	2016-05-15 02:09:30	FixMateInformation	Processed    76,000,000 records.  Elapsed time: 00:29:03s.  Time for last 1,000,000:   18s.  Last read position: chr19:6,040,237
INFO	2016-05-15 02:09:48	FixMateInformation	Processed    77,000,000 records.  Elapsed time: 00:29:21s.  Time for last 1,000,000:   18s.  Last read position: chr2:101,197,028
INFO	2016-05-15 02:10:05	FixMateInformation	Processed    78,000,000 records.  Elapsed time: 00:29:38s.  Time for last 1,000,000:   16s.  Last read position: chr3:2,627,251
INFO	2016-05-15 02:10:23	FixMateInformation	Processed    79,000,000 records.  Elapsed time: 00:29:56s.  Time for last 1,000,000:   18s.  Last read position: chr8:36,790,380
INFO	2016-05-15 02:10:41	FixMateInformation	Processed    80,000,000 records.  Elapsed time: 00:30:14s.  Time for last 1,000,000:   17s.  Last read position: chr16:88,098,874
INFO	2016-05-15 02:11:00	FixMateInformation	Processed    81,000,000 records.  Elapsed time: 00:30:33s.  Time for last 1,000,000:   18s.  Last read position: chr1:247,163,363
INFO	2016-05-15 02:11:20	FixMateInformation	Processed    82,000,000 records.  Elapsed time: 00:30:53s.  Time for last 1,000,000:   20s.  Last read position: chr1:235,969,876
INFO	2016-05-15 02:11:39	FixMateInformation	Processed    83,000,000 records.  Elapsed time: 00:31:12s.  Time for last 1,000,000:   18s.  Last read position: chr6:43,470,321
INFO	2016-05-15 02:11:56	FixMateInformation	Processed    84,000,000 records.  Elapsed time: 00:31:29s.  Time for last 1,000,000:   17s.  Last read position: chr3:133,877,040
INFO	2016-05-15 02:12:15	FixMateInformation	Processed    85,000,000 records.  Elapsed time: 00:31:48s.  Time for last 1,000,000:   19s.  Last read position: chrX:38,146,141
INFO	2016-05-15 02:12:32	FixMateInformation	Processed    86,000,000 records.  Elapsed time: 00:32:05s.  Time for last 1,000,000:   17s.  Last read position: chr3:197,427,397
INFO	2016-05-15 02:12:50	FixMateInformation	Processed    87,000,000 records.  Elapsed time: 00:32:23s.  Time for last 1,000,000:   18s.  Last read position: chr19:39,422,979
INFO	2016-05-15 02:13:08	FixMateInformation	Processed    88,000,000 records.  Elapsed time: 00:32:41s.  Time for last 1,000,000:   17s.  Last read position: chr1:23,665,130
INFO	2016-05-15 02:13:25	FixMateInformation	Processed    89,000,000 records.  Elapsed time: 00:32:58s.  Time for last 1,000,000:   17s.  Last read position: chr15:77,031,818
INFO	2016-05-15 02:13:42	FixMateInformation	Processed    90,000,000 records.  Elapsed time: 00:33:15s.  Time for last 1,000,000:   16s.  Last read position: chr21:9,909,113
INFO	2016-05-15 02:14:00	FixMateInformation	Processed    91,000,000 records.  Elapsed time: 00:33:33s.  Time for last 1,000,000:   17s.  Last read position: chr4:125,592,824
INFO	2016-05-15 02:14:19	FixMateInformation	Processed    92,000,000 records.  Elapsed time: 00:33:52s.  Time for last 1,000,000:   19s.  Last read position: chr7:69,064,860
INFO	2016-05-15 02:14:36	FixMateInformation	Processed    93,000,000 records.  Elapsed time: 00:34:09s.  Time for last 1,000,000:   17s.  Last read position: chr8:42,183,447
INFO	2016-05-15 02:14:55	FixMateInformation	Processed    94,000,000 records.  Elapsed time: 00:34:28s.  Time for last 1,000,000:   18s.  Last read position: chr3:39,417,230
INFO	2016-05-15 02:15:13	FixMateInformation	Processed    95,000,000 records.  Elapsed time: 00:34:46s.  Time for last 1,000,000:   17s.  Last read position: chrX:84,571,592
INFO	2016-05-15 02:15:33	FixMateInformation	Processed    96,000,000 records.  Elapsed time: 00:35:06s.  Time for last 1,000,000:   20s.  Last read position: chr6:116,758,383
INFO	2016-05-15 02:15:58	FixMateInformation	Processed    97,000,000 records.  Elapsed time: 00:35:31s.  Time for last 1,000,000:   25s.  Last read position: chr14:71,626,052
INFO	2016-05-15 02:16:23	FixMateInformation	Processed    98,000,000 records.  Elapsed time: 00:35:55s.  Time for last 1,000,000:   24s.  Last read position: chr10:63,852,689
INFO	2016-05-15 02:16:48	FixMateInformation	Processed    99,000,000 records.  Elapsed time: 00:36:21s.  Time for last 1,000,000:   25s.  Last read position: chr7:29,040,614
INFO	2016-05-15 02:17:12	FixMateInformation	Processed   100,000,000 records.  Elapsed time: 00:36:44s.  Time for last 1,000,000:   23s.  Last read position: chr3:55,922,627
INFO	2016-05-15 02:17:34	FixMateInformation	Processed   101,000,000 records.  Elapsed time: 00:37:07s.  Time for last 1,000,000:   22s.  Last read position: chr16:69,711,150
INFO	2016-05-15 02:18:00	FixMateInformation	Processed   102,000,000 records.  Elapsed time: 00:37:33s.  Time for last 1,000,000:   26s.  Last read position: chr11:64,679,779
INFO	2016-05-15 02:18:19	FixMateInformation	Processed   103,000,000 records.  Elapsed time: 00:37:52s.  Time for last 1,000,000:   19s.  Last read position: chr11:66,190,285
INFO	2016-05-15 02:18:41	FixMateInformation	Processed   104,000,000 records.  Elapsed time: 00:38:13s.  Time for last 1,000,000:   21s.  Last read position: chr3:124,969,665
INFO	2016-05-15 02:18:58	FixMateInformation	Processed   105,000,000 records.  Elapsed time: 00:38:31s.  Time for last 1,000,000:   17s.  Last read position: chr1:36,552,757
INFO	2016-05-15 02:19:15	FixMateInformation	Processed   106,000,000 records.  Elapsed time: 00:38:48s.  Time for last 1,000,000:   17s.  Last read position: chr5:147,468,108
INFO	2016-05-15 02:19:34	FixMateInformation	Processed   107,000,000 records.  Elapsed time: 00:39:07s.  Time for last 1,000,000:   18s.  Last read position: chr12:2,022,258
INFO	2016-05-15 02:19:53	FixMateInformation	Processed   108,000,000 records.  Elapsed time: 00:39:26s.  Time for last 1,000,000:   19s.  Last read position: chr22:41,738,539
INFO	2016-05-15 02:20:10	FixMateInformation	Processed   109,000,000 records.  Elapsed time: 00:39:43s.  Time for last 1,000,000:   17s.  Last read position: chr21:45,497,462
INFO	2016-05-15 02:20:31	FixMateInformation	Processed   110,000,000 records.  Elapsed time: 00:40:04s.  Time for last 1,000,000:   20s.  Last read position: chr21:38,792,598
INFO	2016-05-15 02:20:50	FixMateInformation	Processed   111,000,000 records.  Elapsed time: 00:40:23s.  Time for last 1,000,000:   19s.  Last read position: chr3:187,449,613
INFO	2016-05-15 02:21:08	FixMateInformation	Processed   112,000,000 records.  Elapsed time: 00:40:41s.  Time for last 1,000,000:   18s.  Last read position: chr1:171,675,525
INFO	2016-05-15 02:21:27	FixMateInformation	Processed   113,000,000 records.  Elapsed time: 00:40:59s.  Time for last 1,000,000:   18s.  Last read position: chr17:7,221,433
INFO	2016-05-15 02:21:43	FixMateInformation	Processed   114,000,000 records.  Elapsed time: 00:41:16s.  Time for last 1,000,000:   16s.  Last read position: chr16:46,420,816
INFO	2016-05-15 02:22:01	FixMateInformation	Processed   115,000,000 records.  Elapsed time: 00:41:34s.  Time for last 1,000,000:   17s.  Last read position: chr9:116,190,392
INFO	2016-05-15 02:22:20	FixMateInformation	Processed   116,000,000 records.  Elapsed time: 00:41:53s.  Time for last 1,000,000:   18s.  Last read position: chr10:14,974,768
INFO	2016-05-15 02:22:37	FixMateInformation	Processed   117,000,000 records.  Elapsed time: 00:42:09s.  Time for last 1,000,000:   16s.  Last read position: chr2:207,631,491
INFO	2016-05-15 02:22:55	FixMateInformation	Processed   118,000,000 records.  Elapsed time: 00:42:27s.  Time for last 1,000,000:   18s.  Last read position: chr12:110,399,466
INFO	2016-05-15 02:23:12	FixMateInformation	Processed   119,000,000 records.  Elapsed time: 00:42:44s.  Time for last 1,000,000:   16s.  Last read position: chr11:21,857,743
INFO	2016-05-15 02:23:29	FixMateInformation	Processed   120,000,000 records.  Elapsed time: 00:43:02s.  Time for last 1,000,000:   17s.  Last read position: chr12:100,657,419
INFO	2016-05-15 02:23:41	FixMateInformation	Finished processing reads; re-sorting output file.
[Sun May 15 02:53:24 EDT 2016] picard.sam.FixMateInformation done. Elapsed time: 109.04 minutes.
Runtime.totalMemory()=1544028160
