[Fri May 20 00:31:53 EDT 2016] picard.sam.SortSam INPUT=p_DS_bkm_129-T2.sam OUTPUT=p_DS_bkm_129-T2/p_DS_bkm_129-T2.sorted.bam SORT_ORDER=coordinate TMP_DIR=[tmp_WT] VALIDATION_STRINGENCY=LENIENT CREATE_INDEX=true    VERBOSITY=INFO QUIET=false COMPRESSION_LEVEL=5 MAX_RECORDS_IN_RAM=500000 CREATE_MD5_FILE=false GA4GH_CLIENT_SECRETS=client_secrets.json
[Fri May 20 00:31:53 EDT 2016] Executing as abdelrahman@compute-1-12.local on Linux 2.6.32-279.14.1.el6.x86_64 amd64; Java HotSpot(TM) 64-Bit Server VM 1.8.0_45-b14; Picard version: 2.3.0(9a00c87b7ffdb01cfb5a0d6e76556146196babb8_1463071327) IntelDeflater
INFO	2016-05-20 00:35:17	SortSam	Read    10,000,000 records.  Elapsed time: 00:03:23s.  Time for last 10,000,000:  203s.  Last read position: chr11:26,505,791
INFO	2016-05-20 00:38:32	SortSam	Read    20,000,000 records.  Elapsed time: 00:06:38s.  Time for last 10,000,000:  194s.  Last read position: chr2:160,738,716
INFO	2016-05-20 00:41:45	SortSam	Read    30,000,000 records.  Elapsed time: 00:09:51s.  Time for last 10,000,000:  193s.  Last read position: chr3:124,720,791
INFO	2016-05-20 00:44:55	SortSam	Read    40,000,000 records.  Elapsed time: 00:13:01s.  Time for last 10,000,000:  189s.  Last read position: chr10:111,572,129
INFO	2016-05-20 00:48:01	SortSam	Read    50,000,000 records.  Elapsed time: 00:16:07s.  Time for last 10,000,000:  185s.  Last read position: chr5:50,092,874
INFO	2016-05-20 00:51:09	SortSam	Read    60,000,000 records.  Elapsed time: 00:19:15s.  Time for last 10,000,000:  188s.  Last read position: chr19:17,351,475
INFO	2016-05-20 00:54:16	SortSam	Read    70,000,000 records.  Elapsed time: 00:22:22s.  Time for last 10,000,000:  186s.  Last read position: chr1:62,393,401
INFO	2016-05-20 00:57:25	SortSam	Read    80,000,000 records.  Elapsed time: 00:25:31s.  Time for last 10,000,000:  189s.  Last read position: chr1:2,100,761
INFO	2016-05-20 01:00:37	SortSam	Read    90,000,000 records.  Elapsed time: 00:28:42s.  Time for last 10,000,000:  191s.  Last read position: chr12:9,311,083
INFO	2016-05-20 01:03:45	SortSam	Read   100,000,000 records.  Elapsed time: 00:31:51s.  Time for last 10,000,000:  188s.  Last read position: chr17:41,719,204
INFO	2016-05-20 01:06:54	SortSam	Read   110,000,000 records.  Elapsed time: 00:34:59s.  Time for last 10,000,000:  188s.  Last read position: chr6:132,012,568
INFO	2016-05-20 01:10:00	SortSam	Read   120,000,000 records.  Elapsed time: 00:38:05s.  Time for last 10,000,000:  186s.  Last read position: chr5:139,908,042
INFO	2016-05-20 01:13:10	SortSam	Read   130,000,000 records.  Elapsed time: 00:41:16s.  Time for last 10,000,000:  190s.  Last read position: chr19:58,870,455
INFO	2016-05-20 01:16:20	SortSam	Read   140,000,000 records.  Elapsed time: 00:44:25s.  Time for last 10,000,000:  189s.  Last read position: chr2:85,051,132
INFO	2016-05-20 01:16:45	SortSam	Finished reading inputs, merging and writing to output now.
INFO	2016-05-20 01:18:52	SortSam	Wrote    10,000,000 records from a sorting collection.  Elapsed time: 00:46:58s.  Time for last 10,000,000:  121s.  Last read position: chr1:177,249,969
INFO	2016-05-20 01:20:46	SortSam	Wrote    20,000,000 records from a sorting collection.  Elapsed time: 00:48:51s.  Time for last 10,000,000:  113s.  Last read position: chr2:142,301,720
INFO	2016-05-20 01:22:28	SortSam	Wrote    30,000,000 records from a sorting collection.  Elapsed time: 00:50:33s.  Time for last 10,000,000:  101s.  Last read position: chr3:58,552,827
INFO	2016-05-20 01:24:11	SortSam	Wrote    40,000,000 records from a sorting collection.  Elapsed time: 00:52:16s.  Time for last 10,000,000:  102s.  Last read position: chr4:169,383,133
INFO	2016-05-20 01:25:55	SortSam	Wrote    50,000,000 records from a sorting collection.  Elapsed time: 00:54:00s.  Time for last 10,000,000:  104s.  Last read position: chr6:31,922,514
INFO	2016-05-20 01:27:43	SortSam	Wrote    60,000,000 records from a sorting collection.  Elapsed time: 00:55:49s.  Time for last 10,000,000:  108s.  Last read position: chr7:128,457,626
INFO	2016-05-20 01:29:34	SortSam	Wrote    70,000,000 records from a sorting collection.  Elapsed time: 00:57:40s.  Time for last 10,000,000:  110s.  Last read position: chr9:103,109,106
INFO	2016-05-20 01:31:23	SortSam	Wrote    80,000,000 records from a sorting collection.  Elapsed time: 00:59:28s.  Time for last 10,000,000:  108s.  Last read position: chr11:32,437,995
INFO	2016-05-20 01:33:09	SortSam	Wrote    90,000,000 records from a sorting collection.  Elapsed time: 01:01:14s.  Time for last 10,000,000:  106s.  Last read position: chr12:49,156,488
INFO	2016-05-20 01:34:58	SortSam	Wrote   100,000,000 records from a sorting collection.  Elapsed time: 01:03:03s.  Time for last 10,000,000:  109s.  Last read position: chr14:104,278,458
INFO	2016-05-20 01:36:43	SortSam	Wrote   110,000,000 records from a sorting collection.  Elapsed time: 01:04:49s.  Time for last 10,000,000:  105s.  Last read position: chr16:87,445,423
INFO	2016-05-20 01:38:31	SortSam	Wrote   120,000,000 records from a sorting collection.  Elapsed time: 01:06:36s.  Time for last 10,000,000:  107s.  Last read position: chr19:2,247,592
INFO	2016-05-20 01:40:17	SortSam	Wrote   130,000,000 records from a sorting collection.  Elapsed time: 01:08:22s.  Time for last 10,000,000:  105s.  Last read position: chr20:55,974,948
INFO	2016-05-20 01:42:04	SortSam	Wrote   140,000,000 records from a sorting collection.  Elapsed time: 01:10:10s.  Time for last 10,000,000:  107s.  Last read position: chrX:150,869,043
[Fri May 20 01:42:22 EDT 2016] picard.sam.SortSam done. Elapsed time: 70.49 minutes.
Runtime.totalMemory()=1376256000
[Fri May 20 01:42:24 EDT 2016] picard.sam.markduplicates.MarkDuplicates INPUT=[p_DS_bkm_129-T2/p_DS_bkm_129-T2.sorted.bam] OUTPUT=p_DS_bkm_129-T2/p_DS_bkm_129-T2.sorted.MarkDup.bam METRICS_FILE=MarkDup_metrics TMP_DIR=[tmp] VALIDATION_STRINGENCY=SILENT CREATE_INDEX=true    MAX_SEQUENCES_FOR_DISK_READ_ENDS_MAP=50000 MAX_FILE_HANDLES_FOR_READ_ENDS_MAP=8000 SORTING_COLLECTION_SIZE_RATIO=0.25 REMOVE_SEQUENCING_DUPLICATES=false TAGGING_POLICY=DontTag REMOVE_DUPLICATES=false ASSUME_SORTED=false DUPLICATE_SCORING_STRATEGY=SUM_OF_BASE_QUALITIES PROGRAM_RECORD_ID=MarkDuplicates PROGRAM_GROUP_NAME=MarkDuplicates READ_NAME_REGEX=<optimized capture of last three ':' separated fields as numeric values> OPTICAL_DUPLICATE_PIXEL_DISTANCE=100 VERBOSITY=INFO QUIET=false COMPRESSION_LEVEL=5 MAX_RECORDS_IN_RAM=500000 CREATE_MD5_FILE=false GA4GH_CLIENT_SECRETS=client_secrets.json
[Fri May 20 01:42:24 EDT 2016] Executing as abdelrahman@compute-1-12.local on Linux 2.6.32-279.14.1.el6.x86_64 amd64; Java HotSpot(TM) 64-Bit Server VM 1.8.0_45-b14; Picard version: 2.3.0(9a00c87b7ffdb01cfb5a0d6e76556146196babb8_1463071327) IntelDeflater
INFO	2016-05-20 01:42:24	MarkDuplicates	Start of doWork freeMemory: 502229096; totalMemory: 506462208; maxMemory: 13362528256
INFO	2016-05-20 01:42:24	MarkDuplicates	Reading input file and constructing read end information.
INFO	2016-05-20 01:42:24	MarkDuplicates	Will retain up to 51394339 data points before spilling to disk.
INFO	2016-05-20 01:42:31	MarkDuplicates	Read     1,000,000 records.  Elapsed time: 00:00:06s.  Time for last 1,000,000:    6s.  Last read position: chr1:16,530,741
INFO	2016-05-20 01:42:31	MarkDuplicates	Tracking 3116 as yet unmatched pairs. 231 records in RAM.
INFO	2016-05-20 01:42:37	MarkDuplicates	Read     2,000,000 records.  Elapsed time: 00:00:12s.  Time for last 1,000,000:    6s.  Last read position: chr1:32,741,552
INFO	2016-05-20 01:42:37	MarkDuplicates	Tracking 5538 as yet unmatched pairs. 431 records in RAM.
INFO	2016-05-20 01:42:42	MarkDuplicates	Read     3,000,000 records.  Elapsed time: 00:00:17s.  Time for last 1,000,000:    4s.  Last read position: chr1:41,475,891
INFO	2016-05-20 01:42:42	MarkDuplicates	Tracking 7339 as yet unmatched pairs. 539 records in RAM.
INFO	2016-05-20 01:42:47	MarkDuplicates	Read     4,000,000 records.  Elapsed time: 00:00:21s.  Time for last 1,000,000:    4s.  Last read position: chr1:47,045,997
INFO	2016-05-20 01:42:47	MarkDuplicates	Tracking 8896 as yet unmatched pairs. 602 records in RAM.
INFO	2016-05-20 01:42:53	MarkDuplicates	Read     5,000,000 records.  Elapsed time: 00:00:27s.  Time for last 1,000,000:    5s.  Last read position: chr1:68,613,852
INFO	2016-05-20 01:42:53	MarkDuplicates	Tracking 11308 as yet unmatched pairs. 734 records in RAM.
INFO	2016-05-20 01:42:57	MarkDuplicates	Read     6,000,000 records.  Elapsed time: 00:00:32s.  Time for last 1,000,000:    4s.  Last read position: chr1:110,152,612
INFO	2016-05-20 01:42:57	MarkDuplicates	Tracking 14408 as yet unmatched pairs. 781 records in RAM.
INFO	2016-05-20 01:43:04	MarkDuplicates	Read     7,000,000 records.  Elapsed time: 00:00:39s.  Time for last 1,000,000:    6s.  Last read position: chr1:146,766,063
INFO	2016-05-20 01:43:04	MarkDuplicates	Tracking 16840 as yet unmatched pairs. 849 records in RAM.
INFO	2016-05-20 01:43:08	MarkDuplicates	Read     8,000,000 records.  Elapsed time: 00:00:43s.  Time for last 1,000,000:    3s.  Last read position: chr1:154,905,259
INFO	2016-05-20 01:43:08	MarkDuplicates	Tracking 18406 as yet unmatched pairs. 748 records in RAM.
INFO	2016-05-20 01:43:13	MarkDuplicates	Read     9,000,000 records.  Elapsed time: 00:00:48s.  Time for last 1,000,000:    5s.  Last read position: chr1:160,195,362
INFO	2016-05-20 01:43:13	MarkDuplicates	Tracking 19831 as yet unmatched pairs. 765 records in RAM.
INFO	2016-05-20 01:43:19	MarkDuplicates	Read    10,000,000 records.  Elapsed time: 00:00:53s.  Time for last 1,000,000:    5s.  Last read position: chr1:177,249,969
INFO	2016-05-20 01:43:19	MarkDuplicates	Tracking 21917 as yet unmatched pairs. 738 records in RAM.
INFO	2016-05-20 01:43:23	MarkDuplicates	Read    11,000,000 records.  Elapsed time: 00:00:57s.  Time for last 1,000,000:    3s.  Last read position: chr1:201,356,312
INFO	2016-05-20 01:43:23	MarkDuplicates	Tracking 24247 as yet unmatched pairs. 561 records in RAM.
INFO	2016-05-20 01:43:31	MarkDuplicates	Read    12,000,000 records.  Elapsed time: 00:01:06s.  Time for last 1,000,000:    8s.  Last read position: chr1:214,170,539
INFO	2016-05-20 01:43:31	MarkDuplicates	Tracking 26080 as yet unmatched pairs. 457 records in RAM.
INFO	2016-05-20 01:43:35	MarkDuplicates	Read    13,000,000 records.  Elapsed time: 00:01:09s.  Time for last 1,000,000:    3s.  Last read position: chr1:229,606,503
INFO	2016-05-20 01:43:35	MarkDuplicates	Tracking 28080 as yet unmatched pairs. 279 records in RAM.
INFO	2016-05-20 01:43:39	MarkDuplicates	Read    14,000,000 records.  Elapsed time: 00:01:13s.  Time for last 1,000,000:    3s.  Last read position: chr1:246,940,521
INFO	2016-05-20 01:43:39	MarkDuplicates	Tracking 30427 as yet unmatched pairs. 89 records in RAM.
INFO	2016-05-20 01:43:46	MarkDuplicates	Read    15,000,000 records.  Elapsed time: 00:01:21s.  Time for last 1,000,000:    7s.  Last read position: chr2:27,700,945
INFO	2016-05-20 01:43:46	MarkDuplicates	Tracking 33019 as yet unmatched pairs. 4980 records in RAM.
INFO	2016-05-20 01:43:49	MarkDuplicates	Read    16,000,000 records.  Elapsed time: 00:01:24s.  Time for last 1,000,000:    3s.  Last read position: chr2:47,613,754
INFO	2016-05-20 01:43:49	MarkDuplicates	Tracking 52370 as yet unmatched pairs. 4013 records in RAM.
INFO	2016-05-20 01:43:58	MarkDuplicates	Read    17,000,000 records.  Elapsed time: 00:01:33s.  Time for last 1,000,000:    8s.  Last read position: chr2:70,315,281
INFO	2016-05-20 01:43:58	MarkDuplicates	Tracking 54552 as yet unmatched pairs. 3789 records in RAM.
INFO	2016-05-20 01:44:02	MarkDuplicates	Read    18,000,000 records.  Elapsed time: 00:01:36s.  Time for last 1,000,000:    3s.  Last read position: chr2:85,888,527
INFO	2016-05-20 01:44:02	MarkDuplicates	Tracking 55922 as yet unmatched pairs. 3504 records in RAM.
INFO	2016-05-20 01:44:07	MarkDuplicates	Read    19,000,000 records.  Elapsed time: 00:01:42s.  Time for last 1,000,000:    5s.  Last read position: chr2:111,415,090
INFO	2016-05-20 01:44:07	MarkDuplicates	Tracking 58357 as yet unmatched pairs. 3190 records in RAM.
INFO	2016-05-20 01:44:11	MarkDuplicates	Read    20,000,000 records.  Elapsed time: 00:01:46s.  Time for last 1,000,000:    4s.  Last read position: chr2:142,301,720
INFO	2016-05-20 01:44:11	MarkDuplicates	Tracking 61914 as yet unmatched pairs. 2689 records in RAM.
INFO	2016-05-20 01:44:19	MarkDuplicates	Read    21,000,000 records.  Elapsed time: 00:01:54s.  Time for last 1,000,000:    8s.  Last read position: chr2:167,262,861
INFO	2016-05-20 01:44:19	MarkDuplicates	Tracking 64005 as yet unmatched pairs. 2330 records in RAM.
INFO	2016-05-20 01:44:22	MarkDuplicates	Read    22,000,000 records.  Elapsed time: 00:01:57s.  Time for last 1,000,000:    3s.  Last read position: chr2:179,443,541
INFO	2016-05-20 01:44:22	MarkDuplicates	Tracking 65429 as yet unmatched pairs. 2107 records in RAM.
INFO	2016-05-20 01:44:27	MarkDuplicates	Read    23,000,000 records.  Elapsed time: 00:02:02s.  Time for last 1,000,000:    4s.  Last read position: chr2:196,824,985
INFO	2016-05-20 01:44:27	MarkDuplicates	Tracking 66809 as yet unmatched pairs. 1636 records in RAM.
INFO	2016-05-20 01:44:31	MarkDuplicates	Read    24,000,000 records.  Elapsed time: 00:02:05s.  Time for last 1,000,000:    3s.  Last read position: chr2:210,564,952
INFO	2016-05-20 01:44:31	MarkDuplicates	Tracking 68250 as yet unmatched pairs. 1225 records in RAM.
INFO	2016-05-20 01:44:36	MarkDuplicates	Read    25,000,000 records.  Elapsed time: 00:02:11s.  Time for last 1,000,000:    5s.  Last read position: chr2:225,376,074
INFO	2016-05-20 01:44:36	MarkDuplicates	Tracking 69497 as yet unmatched pairs. 784 records in RAM.
INFO	2016-05-20 01:44:40	MarkDuplicates	Read    26,000,000 records.  Elapsed time: 00:02:15s.  Time for last 1,000,000:    3s.  Last read position: chr2:242,002,920
INFO	2016-05-20 01:44:40	MarkDuplicates	Tracking 70707 as yet unmatched pairs. 155 records in RAM.
INFO	2016-05-20 01:44:50	MarkDuplicates	Read    27,000,000 records.  Elapsed time: 00:02:24s.  Time for last 1,000,000:    9s.  Last read position: chr3:16,336,453
INFO	2016-05-20 01:44:50	MarkDuplicates	Tracking 72036 as yet unmatched pairs. 4524 records in RAM.
INFO	2016-05-20 01:44:53	MarkDuplicates	Read    28,000,000 records.  Elapsed time: 00:02:28s.  Time for last 1,000,000:    3s.  Last read position: chr3:44,286,177
INFO	2016-05-20 01:44:53	MarkDuplicates	Tracking 73618 as yet unmatched pairs. 4065 records in RAM.
INFO	2016-05-20 01:44:58	MarkDuplicates	Read    29,000,000 records.  Elapsed time: 00:02:33s.  Time for last 1,000,000:    4s.  Last read position: chr3:49,847,612
INFO	2016-05-20 01:44:58	MarkDuplicates	Tracking 74439 as yet unmatched pairs. 3806 records in RAM.
INFO	2016-05-20 01:45:02	MarkDuplicates	Read    30,000,000 records.  Elapsed time: 00:02:37s.  Time for last 1,000,000:    3s.  Last read position: chr3:58,552,827
INFO	2016-05-20 01:45:02	MarkDuplicates	Tracking 75209 as yet unmatched pairs. 3364 records in RAM.
INFO	2016-05-20 01:45:07	MarkDuplicates	Read    31,000,000 records.  Elapsed time: 00:02:42s.  Time for last 1,000,000:    5s.  Last read position: chr3:111,312,487
INFO	2016-05-20 01:45:07	MarkDuplicates	Tracking 77418 as yet unmatched pairs. 2704 records in RAM.
INFO	2016-05-20 01:45:11	MarkDuplicates	Read    32,000,000 records.  Elapsed time: 00:02:46s.  Time for last 1,000,000:    3s.  Last read position: chr3:127,725,196
INFO	2016-05-20 01:45:11	MarkDuplicates	Tracking 78342 as yet unmatched pairs. 2077 records in RAM.
INFO	2016-05-20 01:45:20	MarkDuplicates	Read    33,000,000 records.  Elapsed time: 00:02:55s.  Time for last 1,000,000:    8s.  Last read position: chr3:149,484,946
INFO	2016-05-20 01:45:20	MarkDuplicates	Tracking 79597 as yet unmatched pairs. 1481 records in RAM.
INFO	2016-05-20 01:45:23	MarkDuplicates	Read    34,000,000 records.  Elapsed time: 00:02:58s.  Time for last 1,000,000:    3s.  Last read position: chr3:183,772,458
INFO	2016-05-20 01:45:23	MarkDuplicates	Tracking 81141 as yet unmatched pairs. 611 records in RAM.
INFO	2016-05-20 01:45:28	MarkDuplicates	Read    35,000,000 records.  Elapsed time: 00:03:03s.  Time for last 1,000,000:    4s.  Last read position: chr4:1,018,232
INFO	2016-05-20 01:45:28	MarkDuplicates	Tracking 82142 as yet unmatched pairs. 5873 records in RAM.
INFO	2016-05-20 01:45:32	MarkDuplicates	Read    36,000,000 records.  Elapsed time: 00:03:06s.  Time for last 1,000,000:    3s.  Last read position: chr4:27,022,609
INFO	2016-05-20 01:45:32	MarkDuplicates	Tracking 83300 as yet unmatched pairs. 5055 records in RAM.
INFO	2016-05-20 01:45:37	MarkDuplicates	Read    37,000,000 records.  Elapsed time: 00:03:12s.  Time for last 1,000,000:    5s.  Last read position: chr4:71,063,495
INFO	2016-05-20 01:45:37	MarkDuplicates	Tracking 85871 as yet unmatched pairs. 3944 records in RAM.
INFO	2016-05-20 01:45:41	MarkDuplicates	Read    38,000,000 records.  Elapsed time: 00:03:16s.  Time for last 1,000,000:    4s.  Last read position: chr4:96,163,509
INFO	2016-05-20 01:45:41	MarkDuplicates	Tracking 87245 as yet unmatched pairs. 3105 records in RAM.
INFO	2016-05-20 01:45:51	MarkDuplicates	Read    39,000,000 records.  Elapsed time: 00:03:26s.  Time for last 1,000,000:    9s.  Last read position: chr4:128,814,659
INFO	2016-05-20 01:45:51	MarkDuplicates	Tracking 88397 as yet unmatched pairs. 2221 records in RAM.
INFO	2016-05-20 01:45:54	MarkDuplicates	Read    40,000,000 records.  Elapsed time: 00:03:29s.  Time for last 1,000,000:    3s.  Last read position: chr4:169,383,133
INFO	2016-05-20 01:45:54	MarkDuplicates	Tracking 89792 as yet unmatched pairs. 1162 records in RAM.
INFO	2016-05-20 01:45:59	MarkDuplicates	Read    41,000,000 records.  Elapsed time: 00:03:34s.  Time for last 1,000,000:    4s.  Last read position: chr5:881,396
INFO	2016-05-20 01:45:59	MarkDuplicates	Tracking 90792 as yet unmatched pairs. 6145 records in RAM.
INFO	2016-05-20 01:46:03	MarkDuplicates	Read    42,000,000 records.  Elapsed time: 00:03:38s.  Time for last 1,000,000:    3s.  Last read position: chr5:40,964,802
INFO	2016-05-20 01:46:03	MarkDuplicates	Tracking 91971 as yet unmatched pairs. 5076 records in RAM.
INFO	2016-05-20 01:46:10	MarkDuplicates	Read    43,000,000 records.  Elapsed time: 00:03:45s.  Time for last 1,000,000:    6s.  Last read position: chr5:80,608,369
INFO	2016-05-20 01:46:10	MarkDuplicates	Tracking 93036 as yet unmatched pairs. 3845 records in RAM.
INFO	2016-05-20 01:46:14	MarkDuplicates	Read    44,000,000 records.  Elapsed time: 00:03:49s.  Time for last 1,000,000:    3s.  Last read position: chr5:132,035,447
INFO	2016-05-20 01:46:14	MarkDuplicates	Tracking 94424 as yet unmatched pairs. 2548 records in RAM.
INFO	2016-05-20 01:46:24	MarkDuplicates	Read    45,000,000 records.  Elapsed time: 00:03:59s.  Time for last 1,000,000:   10s.  Last read position: chr5:140,799,500
INFO	2016-05-20 01:46:24	MarkDuplicates	Tracking 94986 as yet unmatched pairs. 2036 records in RAM.
INFO	2016-05-20 01:46:28	MarkDuplicates	Read    46,000,000 records.  Elapsed time: 00:04:02s.  Time for last 1,000,000:    3s.  Last read position: chr5:158,139,316
INFO	2016-05-20 01:46:28	MarkDuplicates	Tracking 95403 as yet unmatched pairs. 1164 records in RAM.
INFO	2016-05-20 01:46:32	MarkDuplicates	Read    47,000,000 records.  Elapsed time: 00:04:07s.  Time for last 1,000,000:    4s.  Last read position: chr5:178,408,680
INFO	2016-05-20 01:46:32	MarkDuplicates	Tracking 96019 as yet unmatched pairs. 312 records in RAM.
INFO	2016-05-20 01:46:36	MarkDuplicates	Read    48,000,000 records.  Elapsed time: 00:04:11s.  Time for last 1,000,000:    3s.  Last read position: chr6:17,637,883
INFO	2016-05-20 01:46:36	MarkDuplicates	Tracking 96539 as yet unmatched pairs. 6599 records in RAM.
INFO	2016-05-20 01:46:42	MarkDuplicates	Read    49,000,000 records.  Elapsed time: 00:04:17s.  Time for last 1,000,000:    5s.  Last read position: chr6:30,122,190
INFO	2016-05-20 01:46:42	MarkDuplicates	Tracking 97075 as yet unmatched pairs. 5803 records in RAM.
INFO	2016-05-20 01:46:45	MarkDuplicates	Read    50,000,000 records.  Elapsed time: 00:04:20s.  Time for last 1,000,000:    3s.  Last read position: chr6:31,922,514
INFO	2016-05-20 01:46:45	MarkDuplicates	Tracking 97342 as yet unmatched pairs. 5376 records in RAM.
INFO	2016-05-20 01:46:51	MarkDuplicates	Read    51,000,000 records.  Elapsed time: 00:04:26s.  Time for last 1,000,000:    5s.  Last read position: chr6:35,253,984
INFO	2016-05-20 01:46:51	MarkDuplicates	Tracking 97596 as yet unmatched pairs. 4814 records in RAM.
INFO	2016-05-20 01:47:48	MarkDuplicates	Read    52,000,000 records.  Elapsed time: 00:05:23s.  Time for last 1,000,000:   56s.  Last read position: chr6:43,742,067
INFO	2016-05-20 01:47:48	MarkDuplicates	Tracking 98006 as yet unmatched pairs. 4126 records in RAM.
INFO	2016-05-20 01:47:56	MarkDuplicates	Read    53,000,000 records.  Elapsed time: 00:05:31s.  Time for last 1,000,000:    8s.  Last read position: chr6:80,228,483
INFO	2016-05-20 01:47:56	MarkDuplicates	Tracking 98634 as yet unmatched pairs. 3096 records in RAM.
INFO	2016-05-20 01:47:59	MarkDuplicates	Read    54,000,000 records.  Elapsed time: 00:05:34s.  Time for last 1,000,000:    3s.  Last read position: chr6:132,821,576
INFO	2016-05-20 01:47:59	MarkDuplicates	Tracking 99184 as yet unmatched pairs. 1600 records in RAM.
INFO	2016-05-20 01:48:05	MarkDuplicates	Read    55,000,000 records.  Elapsed time: 00:05:40s.  Time for last 1,000,000:    5s.  Last read position: chr7:539,689
INFO	2016-05-20 01:48:05	MarkDuplicates	Tracking 99686 as yet unmatched pairs. 9056 records in RAM.
INFO	2016-05-20 01:48:08	MarkDuplicates	Read    56,000,000 records.  Elapsed time: 00:05:43s.  Time for last 1,000,000:    3s.  Last read position: chr7:26,240,195
INFO	2016-05-20 01:48:08	MarkDuplicates	Tracking 100120 as yet unmatched pairs. 8020 records in RAM.
INFO	2016-05-20 01:48:14	MarkDuplicates	Read    57,000,000 records.  Elapsed time: 00:05:49s.  Time for last 1,000,000:    6s.  Last read position: chr7:50,454,961
INFO	2016-05-20 01:48:14	MarkDuplicates	Tracking 100163 as yet unmatched pairs. 6719 records in RAM.
INFO	2016-05-20 01:48:18	MarkDuplicates	Read    58,000,000 records.  Elapsed time: 00:05:53s.  Time for last 1,000,000:    3s.  Last read position: chr7:90,042,544
INFO	2016-05-20 01:48:18	MarkDuplicates	Tracking 100543 as yet unmatched pairs. 4948 records in RAM.
INFO	2016-05-20 01:48:23	MarkDuplicates	Read    59,000,000 records.  Elapsed time: 00:05:58s.  Time for last 1,000,000:    5s.  Last read position: chr7:100,807,538
INFO	2016-05-20 01:48:23	MarkDuplicates	Tracking 100742 as yet unmatched pairs. 4075 records in RAM.
INFO	2016-05-20 01:48:27	MarkDuplicates	Read    60,000,000 records.  Elapsed time: 00:06:02s.  Time for last 1,000,000:    3s.  Last read position: chr7:128,457,626
INFO	2016-05-20 01:48:27	MarkDuplicates	Tracking 100992 as yet unmatched pairs. 2402 records in RAM.
INFO	2016-05-20 01:48:31	MarkDuplicates	Read    61,000,000 records.  Elapsed time: 00:06:06s.  Time for last 1,000,000:    3s.  Last read position: chr7:143,632,785
INFO	2016-05-20 01:48:31	MarkDuplicates	Tracking 101328 as yet unmatched pairs. 1437 records in RAM.
INFO	2016-05-20 01:48:41	MarkDuplicates	Read    62,000,000 records.  Elapsed time: 00:06:15s.  Time for last 1,000,000:    9s.  Last read position: chr7:157,408,256
INFO	2016-05-20 01:48:41	MarkDuplicates	Tracking 101207 as yet unmatched pairs. 201 records in RAM.
INFO	2016-05-20 01:48:44	MarkDuplicates	Read    63,000,000 records.  Elapsed time: 00:06:19s.  Time for last 1,000,000:    3s.  Last read position: chr8:37,888,076
INFO	2016-05-20 01:48:44	MarkDuplicates	Tracking 101227 as yet unmatched pairs. 5862 records in RAM.
INFO	2016-05-20 01:48:50	MarkDuplicates	Read    64,000,000 records.  Elapsed time: 00:06:25s.  Time for last 1,000,000:    5s.  Last read position: chr8:73,848,400
INFO	2016-05-20 01:48:50	MarkDuplicates	Tracking 101414 as yet unmatched pairs. 4476 records in RAM.
INFO	2016-05-20 01:48:54	MarkDuplicates	Read    65,000,000 records.  Elapsed time: 00:06:29s.  Time for last 1,000,000:    3s.  Last read position: chr8:109,214,122
INFO	2016-05-20 01:48:54	MarkDuplicates	Tracking 101448 as yet unmatched pairs. 2815 records in RAM.
INFO	2016-05-20 01:49:00	MarkDuplicates	Read    66,000,000 records.  Elapsed time: 00:06:34s.  Time for last 1,000,000:    5s.  Last read position: chr8:139,617,035
INFO	2016-05-20 01:49:00	MarkDuplicates	Tracking 101551 as yet unmatched pairs. 1257 records in RAM.
INFO	2016-05-20 01:49:03	MarkDuplicates	Read    67,000,000 records.  Elapsed time: 00:06:38s.  Time for last 1,000,000:    3s.  Last read position: chr8:145,731,405
INFO	2016-05-20 01:49:03	MarkDuplicates	Tracking 101198 as yet unmatched pairs. 274 records in RAM.
INFO	2016-05-20 01:49:09	MarkDuplicates	Read    68,000,000 records.  Elapsed time: 00:06:44s.  Time for last 1,000,000:    6s.  Last read position: chr9:33,294,689
INFO	2016-05-20 01:49:09	MarkDuplicates	Tracking 100945 as yet unmatched pairs. 5584 records in RAM.
INFO	2016-05-20 01:49:13	MarkDuplicates	Read    69,000,000 records.  Elapsed time: 00:06:48s.  Time for last 1,000,000:    3s.  Last read position: chr9:79,259,688
INFO	2016-05-20 01:49:13	MarkDuplicates	Tracking 100669 as yet unmatched pairs. 3996 records in RAM.
INFO	2016-05-20 01:49:23	MarkDuplicates	Read    70,000,000 records.  Elapsed time: 00:06:58s.  Time for last 1,000,000:    9s.  Last read position: chr9:103,109,106
INFO	2016-05-20 01:49:23	MarkDuplicates	Tracking 100517 as yet unmatched pairs. 2620 records in RAM.
INFO	2016-05-20 01:49:26	MarkDuplicates	Read    71,000,000 records.  Elapsed time: 00:07:01s.  Time for last 1,000,000:    3s.  Last read position: chr9:130,715,837
INFO	2016-05-20 01:49:26	MarkDuplicates	Tracking 100178 as yet unmatched pairs. 1123 records in RAM.
INFO	2016-05-20 01:49:31	MarkDuplicates	Read    72,000,000 records.  Elapsed time: 00:07:06s.  Time for last 1,000,000:    4s.  Last read position: chr10:410,454
INFO	2016-05-20 01:49:31	MarkDuplicates	Tracking 99859 as yet unmatched pairs. 9999 records in RAM.
INFO	2016-05-20 01:49:35	MarkDuplicates	Read    73,000,000 records.  Elapsed time: 00:07:09s.  Time for last 1,000,000:    3s.  Last read position: chr10:28,780,231
INFO	2016-05-20 01:49:35	MarkDuplicates	Tracking 99436 as yet unmatched pairs. 8150 records in RAM.
INFO	2016-05-20 01:49:40	MarkDuplicates	Read    74,000,000 records.  Elapsed time: 00:07:15s.  Time for last 1,000,000:    5s.  Last read position: chr10:67,748,503
INFO	2016-05-20 01:49:40	MarkDuplicates	Tracking 99232 as yet unmatched pairs. 5673 records in RAM.
INFO	2016-05-20 01:49:43	MarkDuplicates	Read    75,000,000 records.  Elapsed time: 00:07:18s.  Time for last 1,000,000:    3s.  Last read position: chr10:86,010,095
INFO	2016-05-20 01:49:43	MarkDuplicates	Tracking 98874 as yet unmatched pairs. 4383 records in RAM.
INFO	2016-05-20 01:49:49	MarkDuplicates	Read    76,000,000 records.  Elapsed time: 00:07:24s.  Time for last 1,000,000:    6s.  Last read position: chr10:102,289,676
INFO	2016-05-20 01:49:49	MarkDuplicates	Tracking 98394 as yet unmatched pairs. 2876 records in RAM.
INFO	2016-05-20 01:49:52	MarkDuplicates	Read    77,000,000 records.  Elapsed time: 00:07:27s.  Time for last 1,000,000:    3s.  Last read position: chr10:119,768,699
INFO	2016-05-20 01:49:52	MarkDuplicates	Tracking 97892 as yet unmatched pairs. 1271 records in RAM.
INFO	2016-05-20 01:50:03	MarkDuplicates	Read    78,000,000 records.  Elapsed time: 00:07:38s.  Time for last 1,000,000:   10s.  Last read position: chr11:985,419
INFO	2016-05-20 01:50:03	MarkDuplicates	Tracking 97138 as yet unmatched pairs. 11691 records in RAM.
INFO	2016-05-20 01:50:07	MarkDuplicates	Read    79,000,000 records.  Elapsed time: 00:07:42s.  Time for last 1,000,000:    3s.  Last read position: chr11:7,693,633
INFO	2016-05-20 01:50:07	MarkDuplicates	Tracking 96706 as yet unmatched pairs. 10743 records in RAM.
INFO	2016-05-20 01:50:12	MarkDuplicates	Read    80,000,000 records.  Elapsed time: 00:07:47s.  Time for last 1,000,000:    4s.  Last read position: chr11:32,437,995
INFO	2016-05-20 01:50:12	MarkDuplicates	Tracking 96030 as yet unmatched pairs. 9070 records in RAM.
INFO	2016-05-20 01:50:16	MarkDuplicates	Read    81,000,000 records.  Elapsed time: 00:07:51s.  Time for last 1,000,000:    3s.  Last read position: chr11:57,094,899
INFO	2016-05-20 01:50:16	MarkDuplicates	Tracking 95524 as yet unmatched pairs. 7664 records in RAM.
INFO	2016-05-20 01:50:22	MarkDuplicates	Read    82,000,000 records.  Elapsed time: 00:07:57s.  Time for last 1,000,000:    6s.  Last read position: chr11:63,533,662
INFO	2016-05-20 01:50:22	MarkDuplicates	Tracking 95295 as yet unmatched pairs. 6777 records in RAM.
INFO	2016-05-20 01:50:25	MarkDuplicates	Read    83,000,000 records.  Elapsed time: 00:08:00s.  Time for last 1,000,000:    3s.  Last read position: chr11:66,050,553
INFO	2016-05-20 01:50:25	MarkDuplicates	Tracking 94914 as yet unmatched pairs. 5978 records in RAM.
INFO	2016-05-20 01:50:29	MarkDuplicates	Read    84,000,000 records.  Elapsed time: 00:08:04s.  Time for last 1,000,000:    3s.  Last read position: chr11:71,799,396
INFO	2016-05-20 01:50:29	MarkDuplicates	Tracking 94391 as yet unmatched pairs. 4979 records in RAM.
INFO	2016-05-20 01:50:34	MarkDuplicates	Read    85,000,000 records.  Elapsed time: 00:08:09s.  Time for last 1,000,000:    5s.  Last read position: chr11:82,561,428
INFO	2016-05-20 01:50:34	MarkDuplicates	Tracking 93732 as yet unmatched pairs. 3669 records in RAM.
INFO	2016-05-20 01:50:38	MarkDuplicates	Read    86,000,000 records.  Elapsed time: 00:08:12s.  Time for last 1,000,000:    3s.  Last read position: chr11:104,916,077
INFO	2016-05-20 01:50:38	MarkDuplicates	Tracking 93072 as yet unmatched pairs. 2036 records in RAM.
INFO	2016-05-20 01:50:48	MarkDuplicates	Read    87,000,000 records.  Elapsed time: 00:08:23s.  Time for last 1,000,000:   10s.  Last read position: chr11:128,353,402
INFO	2016-05-20 01:50:48	MarkDuplicates	Tracking 92182 as yet unmatched pairs. 308 records in RAM.
INFO	2016-05-20 01:50:52	MarkDuplicates	Read    88,000,000 records.  Elapsed time: 00:08:27s.  Time for last 1,000,000:    3s.  Last read position: chr12:6,933,855
INFO	2016-05-20 01:50:52	MarkDuplicates	Tracking 91575 as yet unmatched pairs. 11464 records in RAM.
INFO	2016-05-20 01:50:57	MarkDuplicates	Read    89,000,000 records.  Elapsed time: 00:08:32s.  Time for last 1,000,000:    4s.  Last read position: chr12:19,422,707
INFO	2016-05-20 01:50:57	MarkDuplicates	Tracking 90777 as yet unmatched pairs. 10004 records in RAM.
INFO	2016-05-20 01:51:01	MarkDuplicates	Read    90,000,000 records.  Elapsed time: 00:08:36s.  Time for last 1,000,000:    3s.  Last read position: chr12:49,156,488
INFO	2016-05-20 01:51:01	MarkDuplicates	Tracking 89757 as yet unmatched pairs. 8111 records in RAM.
INFO	2016-05-20 01:51:06	MarkDuplicates	Read    91,000,000 records.  Elapsed time: 00:08:41s.  Time for last 1,000,000:    5s.  Last read position: chr12:54,856,969
INFO	2016-05-20 01:51:06	MarkDuplicates	Tracking 89241 as yet unmatched pairs. 7149 records in RAM.
INFO	2016-05-20 01:51:10	MarkDuplicates	Read    92,000,000 records.  Elapsed time: 00:08:45s.  Time for last 1,000,000:    4s.  Last read position: chr12:58,204,752
INFO	2016-05-20 01:51:10	MarkDuplicates	Tracking 88822 as yet unmatched pairs. 6323 records in RAM.
INFO	2016-05-20 01:51:16	MarkDuplicates	Read    93,000,000 records.  Elapsed time: 00:08:51s.  Time for last 1,000,000:    5s.  Last read position: chr12:86,199,219
INFO	2016-05-20 01:51:16	MarkDuplicates	Tracking 87231 as yet unmatched pairs. 3581 records in RAM.
INFO	2016-05-20 01:51:19	MarkDuplicates	Read    94,000,000 records.  Elapsed time: 00:08:54s.  Time for last 1,000,000:    3s.  Last read position: chr12:120,271,963
INFO	2016-05-20 01:51:19	MarkDuplicates	Tracking 85917 as yet unmatched pairs. 1292 records in RAM.
INFO	2016-05-20 01:51:30	MarkDuplicates	Read    95,000,000 records.  Elapsed time: 00:09:05s.  Time for last 1,000,000:   11s.  Last read position: chr13:32,972,309
INFO	2016-05-20 01:51:30	MarkDuplicates	Tracking 84673 as yet unmatched pairs. 3697 records in RAM.
INFO	2016-05-20 01:51:34	MarkDuplicates	Read    96,000,000 records.  Elapsed time: 00:09:08s.  Time for last 1,000,000:    3s.  Last read position: chr13:103,390,431
INFO	2016-05-20 01:51:34	MarkDuplicates	Tracking 82957 as yet unmatched pairs. 725 records in RAM.
INFO	2016-05-20 01:51:39	MarkDuplicates	Read    97,000,000 records.  Elapsed time: 00:09:14s.  Time for last 1,000,000:    5s.  Last read position: chr14:23,993,929
INFO	2016-05-20 01:51:39	MarkDuplicates	Tracking 81914 as yet unmatched pairs. 6681 records in RAM.
INFO	2016-05-20 01:51:43	MarkDuplicates	Read    98,000,000 records.  Elapsed time: 00:09:17s.  Time for last 1,000,000:    3s.  Last read position: chr14:51,452,740
INFO	2016-05-20 01:51:43	MarkDuplicates	Tracking 80776 as yet unmatched pairs. 4856 records in RAM.
INFO	2016-05-20 01:51:49	MarkDuplicates	Read    99,000,000 records.  Elapsed time: 00:09:24s.  Time for last 1,000,000:    6s.  Last read position: chr14:81,728,108
INFO	2016-05-20 01:51:49	MarkDuplicates	Tracking 79263 as yet unmatched pairs. 2486 records in RAM.
INFO	2016-05-20 01:51:52	MarkDuplicates	Read   100,000,000 records.  Elapsed time: 00:09:27s.  Time for last 1,000,000:    3s.  Last read position: chr14:104,278,458
INFO	2016-05-20 01:51:52	MarkDuplicates	Tracking 77952 as yet unmatched pairs. 444 records in RAM.
INFO	2016-05-20 01:51:58	MarkDuplicates	Read   101,000,000 records.  Elapsed time: 00:09:33s.  Time for last 1,000,000:    5s.  Last read position: chr15:39,874,454
INFO	2016-05-20 01:51:58	MarkDuplicates	Tracking 76673 as yet unmatched pairs. 7428 records in RAM.
INFO	2016-05-20 01:52:01	MarkDuplicates	Read   102,000,000 records.  Elapsed time: 00:09:36s.  Time for last 1,000,000:    3s.  Last read position: chr15:45,491,118
INFO	2016-05-20 01:52:01	MarkDuplicates	Tracking 75895 as yet unmatched pairs. 6237 records in RAM.
INFO	2016-05-20 01:52:05	MarkDuplicates	Read   103,000,000 records.  Elapsed time: 00:09:40s.  Time for last 1,000,000:    3s.  Last read position: chr15:65,270,427
INFO	2016-05-20 01:52:05	MarkDuplicates	Tracking 74240 as yet unmatched pairs. 3979 records in RAM.
INFO	2016-05-20 01:53:06	MarkDuplicates	Read   104,000,000 records.  Elapsed time: 00:10:41s.  Time for last 1,000,000:   60s.  Last read position: chr15:78,675,360
INFO	2016-05-20 01:53:06	MarkDuplicates	Tracking 72896 as yet unmatched pairs. 2138 records in RAM.
INFO	2016-05-20 01:54:19	MarkDuplicates	Read   105,000,000 records.  Elapsed time: 00:11:54s.  Time for last 1,000,000:   73s.  Last read position: chr15:99,678,253
INFO	2016-05-20 01:54:19	MarkDuplicates	Tracking 71560 as yet unmatched pairs. 292 records in RAM.
INFO	2016-05-20 01:54:24	MarkDuplicates	Read   106,000,000 records.  Elapsed time: 00:11:59s.  Time for last 1,000,000:    4s.  Last read position: chr16:8,900,184
INFO	2016-05-20 01:54:24	MarkDuplicates	Tracking 70140 as yet unmatched pairs. 9559 records in RAM.
INFO	2016-05-20 01:54:27	MarkDuplicates	Read   107,000,000 records.  Elapsed time: 00:12:02s.  Time for last 1,000,000:    3s.  Last read position: chr16:28,856,716
INFO	2016-05-20 01:54:27	MarkDuplicates	Tracking 68231 as yet unmatched pairs. 7058 records in RAM.
INFO	2016-05-20 01:54:34	MarkDuplicates	Read   108,000,000 records.  Elapsed time: 00:12:09s.  Time for last 1,000,000:    6s.  Last read position: chr16:50,709,576
INFO	2016-05-20 01:54:34	MarkDuplicates	Tracking 66533 as yet unmatched pairs. 4606 records in RAM.
INFO	2016-05-20 01:54:37	MarkDuplicates	Read   109,000,000 records.  Elapsed time: 00:12:12s.  Time for last 1,000,000:    3s.  Last read position: chr16:69,154,599
INFO	2016-05-20 01:54:37	MarkDuplicates	Tracking 65221 as yet unmatched pairs. 2873 records in RAM.
INFO	2016-05-20 01:54:42	MarkDuplicates	Read   110,000,000 records.  Elapsed time: 00:12:17s.  Time for last 1,000,000:    4s.  Last read position: chr16:87,445,423
INFO	2016-05-20 01:54:42	MarkDuplicates	Tracking 63506 as yet unmatched pairs. 620 records in RAM.
INFO	2016-05-20 01:54:46	MarkDuplicates	Read   111,000,000 records.  Elapsed time: 00:12:21s.  Time for last 1,000,000:    3s.  Last read position: chr17:6,943,179
INFO	2016-05-20 01:54:46	MarkDuplicates	Tracking 62147 as yet unmatched pairs. 11331 records in RAM.
INFO	2016-05-20 01:54:51	MarkDuplicates	Read   112,000,000 records.  Elapsed time: 00:12:26s.  Time for last 1,000,000:    5s.  Last read position: chr17:21,117,464
INFO	2016-05-20 01:54:51	MarkDuplicates	Tracking 60787 as yet unmatched pairs. 9662 records in RAM.
INFO	2016-05-20 01:54:55	MarkDuplicates	Read   113,000,000 records.  Elapsed time: 00:12:29s.  Time for last 1,000,000:    3s.  Last read position: chr17:37,618,628
INFO	2016-05-20 01:54:55	MarkDuplicates	Tracking 59262 as yet unmatched pairs. 7729 records in RAM.
INFO	2016-05-20 01:55:00	MarkDuplicates	Read   114,000,000 records.  Elapsed time: 00:12:35s.  Time for last 1,000,000:    5s.  Last read position: chr17:42,328,743
INFO	2016-05-20 01:55:00	MarkDuplicates	Tracking 58224 as yet unmatched pairs. 6419 records in RAM.
INFO	2016-05-20 01:55:03	MarkDuplicates	Read   115,000,000 records.  Elapsed time: 00:12:38s.  Time for last 1,000,000:    3s.  Last read position: chr17:53,828,674
INFO	2016-05-20 01:55:03	MarkDuplicates	Tracking 56770 as yet unmatched pairs. 4665 records in RAM.
INFO	2016-05-20 01:55:09	MarkDuplicates	Read   116,000,000 records.  Elapsed time: 00:12:44s.  Time for last 1,000,000:    5s.  Last read position: chr17:67,029,934
INFO	2016-05-20 01:55:09	MarkDuplicates	Tracking 55152 as yet unmatched pairs. 2681 records in RAM.
INFO	2016-05-20 01:55:13	MarkDuplicates	Read   117,000,000 records.  Elapsed time: 00:12:48s.  Time for last 1,000,000:    3s.  Last read position: chr17:76,887,856
INFO	2016-05-20 01:55:13	MarkDuplicates	Tracking 53782 as yet unmatched pairs. 1042 records in RAM.
INFO	2016-05-20 01:55:22	MarkDuplicates	Read   118,000,000 records.  Elapsed time: 00:12:57s.  Time for last 1,000,000:    8s.  Last read position: chr18:9,708,402
INFO	2016-05-20 01:55:22	MarkDuplicates	Tracking 52261 as yet unmatched pairs. 5347 records in RAM.
INFO	2016-05-20 01:55:26	MarkDuplicates	Read   119,000,000 records.  Elapsed time: 00:13:01s.  Time for last 1,000,000:    3s.  Last read position: chr18:44,409,642
INFO	2016-05-20 01:55:26	MarkDuplicates	Tracking 49953 as yet unmatched pairs. 2549 records in RAM.
INFO	2016-05-20 01:55:30	MarkDuplicates	Read   120,000,000 records.  Elapsed time: 00:13:05s.  Time for last 1,000,000:    4s.  Last read position: chr19:2,247,592
INFO	2016-05-20 01:55:30	MarkDuplicates	Tracking 47308 as yet unmatched pairs. 12034 records in RAM.
INFO	2016-05-20 01:55:35	MarkDuplicates	Read   121,000,000 records.  Elapsed time: 00:13:10s.  Time for last 1,000,000:    4s.  Last read position: chr19:11,222,165
INFO	2016-05-20 01:55:35	MarkDuplicates	Tracking 45479 as yet unmatched pairs. 10007 records in RAM.
INFO	2016-05-20 01:55:39	MarkDuplicates	Read   122,000,000 records.  Elapsed time: 00:13:13s.  Time for last 1,000,000:    3s.  Last read position: chr19:18,392,149
INFO	2016-05-20 01:55:39	MarkDuplicates	Tracking 44118 as yet unmatched pairs. 8466 records in RAM.
INFO	2016-05-20 01:55:45	MarkDuplicates	Read   123,000,000 records.  Elapsed time: 00:13:20s.  Time for last 1,000,000:    6s.  Last read position: chr19:36,545,162
INFO	2016-05-20 01:55:45	MarkDuplicates	Tracking 41923 as yet unmatched pairs. 6059 records in RAM.
INFO	2016-05-20 01:55:48	MarkDuplicates	Read   124,000,000 records.  Elapsed time: 00:13:23s.  Time for last 1,000,000:    3s.  Last read position: chr19:42,595,272
INFO	2016-05-20 01:55:48	MarkDuplicates	Tracking 40608 as yet unmatched pairs. 4587 records in RAM.
INFO	2016-05-20 01:55:53	MarkDuplicates	Read   125,000,000 records.  Elapsed time: 00:13:28s.  Time for last 1,000,000:    5s.  Last read position: chr19:49,936,061
INFO	2016-05-20 01:55:53	MarkDuplicates	Tracking 39059 as yet unmatched pairs. 2859 records in RAM.
INFO	2016-05-20 01:55:57	MarkDuplicates	Read   126,000,000 records.  Elapsed time: 00:13:32s.  Time for last 1,000,000:    3s.  Last read position: chr19:55,451,321
INFO	2016-05-20 01:55:57	MarkDuplicates	Tracking 37537 as yet unmatched pairs. 1167 records in RAM.
INFO	2016-05-20 01:56:03	MarkDuplicates	Read   127,000,000 records.  Elapsed time: 00:13:38s.  Time for last 1,000,000:    6s.  Last read position: chr20:2,641,200
INFO	2016-05-20 01:56:03	MarkDuplicates	Tracking 36226 as yet unmatched pairs. 8121 records in RAM.
INFO	2016-05-20 01:56:07	MarkDuplicates	Read   128,000,000 records.  Elapsed time: 00:13:42s.  Time for last 1,000,000:    3s.  Last read position: chr20:23,615,897
INFO	2016-05-20 01:56:07	MarkDuplicates	Tracking 34123 as yet unmatched pairs. 5800 records in RAM.
INFO	2016-05-20 01:56:15	MarkDuplicates	Read   129,000,000 records.  Elapsed time: 00:13:50s.  Time for last 1,000,000:    8s.  Last read position: chr20:39,726,912
INFO	2016-05-20 01:56:15	MarkDuplicates	Tracking 32026 as yet unmatched pairs. 3361 records in RAM.
INFO	2016-05-20 01:56:19	MarkDuplicates	Read   130,000,000 records.  Elapsed time: 00:13:54s.  Time for last 1,000,000:    3s.  Last read position: chr20:55,974,948
INFO	2016-05-20 01:56:19	MarkDuplicates	Tracking 30169 as yet unmatched pairs. 1333 records in RAM.
INFO	2016-05-20 01:56:24	MarkDuplicates	Read   131,000,000 records.  Elapsed time: 00:13:59s.  Time for last 1,000,000:    4s.  Last read position: chr21:31,768,517
INFO	2016-05-20 01:56:24	MarkDuplicates	Tracking 27105 as yet unmatched pairs. 2630 records in RAM.
INFO	2016-05-20 01:56:28	MarkDuplicates	Read   132,000,000 records.  Elapsed time: 00:14:03s.  Time for last 1,000,000:    3s.  Last read position: chr21:46,086,222
INFO	2016-05-20 01:56:28	MarkDuplicates	Tracking 25092 as yet unmatched pairs. 478 records in RAM.
INFO	2016-05-20 01:56:34	MarkDuplicates	Read   133,000,000 records.  Elapsed time: 00:14:09s.  Time for last 1,000,000:    6s.  Last read position: chr22:24,698,304
INFO	2016-05-20 01:56:34	MarkDuplicates	Tracking 23516 as yet unmatched pairs. 4680 records in RAM.
INFO	2016-05-20 01:56:38	MarkDuplicates	Read   134,000,000 records.  Elapsed time: 00:14:13s.  Time for last 1,000,000:    3s.  Last read position: chr22:37,492,039
INFO	2016-05-20 01:56:38	MarkDuplicates	Tracking 21466 as yet unmatched pairs. 2555 records in RAM.
INFO	2016-05-20 01:56:43	MarkDuplicates	Read   135,000,000 records.  Elapsed time: 00:14:18s.  Time for last 1,000,000:    5s.  Last read position: chr22:46,664,349
INFO	2016-05-20 01:56:43	MarkDuplicates	Tracking 19711 as yet unmatched pairs. 709 records in RAM.
INFO	2016-05-20 01:56:48	MarkDuplicates	Read   136,000,000 records.  Elapsed time: 00:14:22s.  Time for last 1,000,000:    4s.  Last read position: chrX:23,899,095
INFO	2016-05-20 01:56:48	MarkDuplicates	Tracking 16707 as yet unmatched pairs. 13127 records in RAM.
INFO	2016-05-20 01:56:51	MarkDuplicates	Read   137,000,000 records.  Elapsed time: 00:14:26s.  Time for last 1,000,000:    3s.  Last read position: chrX:49,855,128
INFO	2016-05-20 01:56:51	MarkDuplicates	Tracking 13975 as yet unmatched pairs. 10385 records in RAM.
INFO	2016-05-20 01:56:57	MarkDuplicates	Read   138,000,000 records.  Elapsed time: 00:14:32s.  Time for last 1,000,000:    6s.  Last read position: chrX:75,332,299
INFO	2016-05-20 01:56:57	MarkDuplicates	Tracking 11589 as yet unmatched pairs. 7990 records in RAM.
INFO	2016-05-20 01:57:00	MarkDuplicates	Read   139,000,000 records.  Elapsed time: 00:14:35s.  Time for last 1,000,000:    3s.  Last read position: chrX:118,206,138
INFO	2016-05-20 01:57:00	MarkDuplicates	Tracking 8148 as yet unmatched pairs. 4526 records in RAM.
INFO	2016-05-20 01:57:10	MarkDuplicates	Read   140,000,000 records.  Elapsed time: 00:14:45s.  Time for last 1,000,000:    9s.  Last read position: chrX:150,869,043
INFO	2016-05-20 01:57:10	MarkDuplicates	Tracking 4878 as yet unmatched pairs. 1243 records in RAM.
INFO	2016-05-20 01:57:13	MarkDuplicates	Read 140746315 records. 0 pairs never matched.
INFO	2016-05-20 01:58:18	MarkDuplicates	After buildSortedReadEndLists freeMemory: 10123694712; totalMemory: 10214178816; maxMemory: 13362528256
INFO	2016-05-20 01:58:18	MarkDuplicates	Will retain up to 417579008 duplicate indices before spilling to disk.
INFO	2016-05-20 01:58:18	MarkDuplicates	Traversing read pair information and detecting duplicates.
INFO	2016-05-20 01:58:53	MarkDuplicates	Traversing fragment information and detecting duplicates.
INFO	2016-05-20 01:59:45	MarkDuplicates	Sorting list of duplicate records.
INFO	2016-05-20 01:59:48	MarkDuplicates	After generateDuplicateIndexes freeMemory: 6755968936; totalMemory: 10184818688; maxMemory: 13362528256
INFO	2016-05-20 01:59:48	MarkDuplicates	Marking 22256408 records as duplicates.
INFO	2016-05-20 01:59:48	MarkDuplicates	Found 2440 optical duplicate clusters.
INFO	2016-05-20 01:59:48	MarkDuplicates	Reads are assumed to be ordered by: coordinate
INFO	2016-05-20 02:02:08	MarkDuplicates	Written    10,000,000 records.  Elapsed time: 00:02:16s.  Time for last 10,000,000:  136s.  Last read position: chr1:177,249,969
INFO	2016-05-20 02:04:26	MarkDuplicates	Written    20,000,000 records.  Elapsed time: 00:04:34s.  Time for last 10,000,000:  137s.  Last read position: chr2:142,301,720
INFO	2016-05-20 02:06:39	MarkDuplicates	Written    30,000,000 records.  Elapsed time: 00:06:47s.  Time for last 10,000,000:  132s.  Last read position: chr3:58,552,827
INFO	2016-05-20 02:08:56	MarkDuplicates	Written    40,000,000 records.  Elapsed time: 00:09:04s.  Time for last 10,000,000:  137s.  Last read position: chr4:169,383,133
INFO	2016-05-20 02:11:22	MarkDuplicates	Written    50,000,000 records.  Elapsed time: 00:11:30s.  Time for last 10,000,000:  146s.  Last read position: chr6:31,922,514
INFO	2016-05-20 02:13:39	MarkDuplicates	Written    60,000,000 records.  Elapsed time: 00:13:47s.  Time for last 10,000,000:  136s.  Last read position: chr7:128,457,626
INFO	2016-05-20 02:15:52	MarkDuplicates	Written    70,000,000 records.  Elapsed time: 00:16:00s.  Time for last 10,000,000:  133s.  Last read position: chr9:103,109,106
INFO	2016-05-20 02:18:06	MarkDuplicates	Written    80,000,000 records.  Elapsed time: 00:18:14s.  Time for last 10,000,000:  133s.  Last read position: chr11:32,437,995
INFO	2016-05-20 02:20:26	MarkDuplicates	Written    90,000,000 records.  Elapsed time: 00:20:35s.  Time for last 10,000,000:  140s.  Last read position: chr12:49,156,488
INFO	2016-05-20 02:22:45	MarkDuplicates	Written   100,000,000 records.  Elapsed time: 00:22:53s.  Time for last 10,000,000:  138s.  Last read position: chr14:104,278,458
INFO	2016-05-20 02:25:04	MarkDuplicates	Written   110,000,000 records.  Elapsed time: 00:25:12s.  Time for last 10,000,000:  138s.  Last read position: chr16:87,445,423
INFO	2016-05-20 02:27:25	MarkDuplicates	Written   120,000,000 records.  Elapsed time: 00:27:33s.  Time for last 10,000,000:  140s.  Last read position: chr19:2,247,592
INFO	2016-05-20 02:29:42	MarkDuplicates	Written   130,000,000 records.  Elapsed time: 00:29:50s.  Time for last 10,000,000:  137s.  Last read position: chr20:55,974,948
INFO	2016-05-20 02:32:04	MarkDuplicates	Written   140,000,000 records.  Elapsed time: 00:32:13s.  Time for last 10,000,000:  142s.  Last read position: chrX:150,869,043
INFO	2016-05-20 02:32:18	MarkDuplicates	Before output close freeMemory: 10163957408; totalMemory: 10260840448; maxMemory: 13362528256
INFO	2016-05-20 02:32:21	MarkDuplicates	After output close freeMemory: 10171296488; totalMemory: 10268180480; maxMemory: 13362528256
[Fri May 20 02:32:21 EDT 2016] picard.sam.markduplicates.MarkDuplicates done. Elapsed time: 49.95 minutes.
Runtime.totalMemory()=10268180480
[Fri May 20 02:32:22 EDT 2016] picard.sam.AddOrReplaceReadGroups INPUT=p_DS_bkm_129-T2/p_DS_bkm_129-T2.sorted.MarkDup.bam OUTPUT=p_DS_bkm_129-T2/p_DS_bkm_129-T2.sorted.MarkDup.fixed.bam SORT_ORDER=coordinate RGID=id RGLB=bar RGPL=Illumina RGPU=platform RGSM=sample1 TMP_DIR=[tmp] VALIDATION_STRINGENCY=SILENT CREATE_INDEX=true    VERBOSITY=INFO QUIET=false COMPRESSION_LEVEL=5 MAX_RECORDS_IN_RAM=500000 CREATE_MD5_FILE=false GA4GH_CLIENT_SECRETS=client_secrets.json
[Fri May 20 02:32:22 EDT 2016] Executing as abdelrahman@compute-1-12.local on Linux 2.6.32-279.14.1.el6.x86_64 amd64; Java HotSpot(TM) 64-Bit Server VM 1.8.0_45-b14; Picard version: 2.3.0(9a00c87b7ffdb01cfb5a0d6e76556146196babb8_1463071327) IntelDeflater
INFO	2016-05-20 02:32:22	AddOrReplaceReadGroups	Created read group ID=id PL=Illumina LB=bar SM=sample1

INFO	2016-05-20 02:32:36	AddOrReplaceReadGroups	Processed     1,000,000 records.  Elapsed time: 00:00:14s.  Time for last 1,000,000:   14s.  Last read position: chr1:16,530,741
INFO	2016-05-20 02:32:50	AddOrReplaceReadGroups	Processed     2,000,000 records.  Elapsed time: 00:00:28s.  Time for last 1,000,000:   13s.  Last read position: chr1:32,741,552
INFO	2016-05-20 02:33:07	AddOrReplaceReadGroups	Processed     3,000,000 records.  Elapsed time: 00:00:45s.  Time for last 1,000,000:   17s.  Last read position: chr1:41,475,891
INFO	2016-05-20 02:33:20	AddOrReplaceReadGroups	Processed     4,000,000 records.  Elapsed time: 00:00:58s.  Time for last 1,000,000:   12s.  Last read position: chr1:47,045,997
INFO	2016-05-20 02:33:36	AddOrReplaceReadGroups	Processed     5,000,000 records.  Elapsed time: 00:01:14s.  Time for last 1,000,000:   16s.  Last read position: chr1:68,613,852
INFO	2016-05-20 02:33:50	AddOrReplaceReadGroups	Processed     6,000,000 records.  Elapsed time: 00:01:28s.  Time for last 1,000,000:   13s.  Last read position: chr1:110,152,612
INFO	2016-05-20 02:34:08	AddOrReplaceReadGroups	Processed     7,000,000 records.  Elapsed time: 00:01:46s.  Time for last 1,000,000:   18s.  Last read position: chr1:146,766,063
INFO	2016-05-20 02:34:24	AddOrReplaceReadGroups	Processed     8,000,000 records.  Elapsed time: 00:02:02s.  Time for last 1,000,000:   16s.  Last read position: chr1:154,905,259
INFO	2016-05-20 02:34:39	AddOrReplaceReadGroups	Processed     9,000,000 records.  Elapsed time: 00:02:17s.  Time for last 1,000,000:   15s.  Last read position: chr1:160,195,362
INFO	2016-05-20 02:34:53	AddOrReplaceReadGroups	Processed    10,000,000 records.  Elapsed time: 00:02:31s.  Time for last 1,000,000:   13s.  Last read position: chr1:177,249,969
INFO	2016-05-20 02:35:11	AddOrReplaceReadGroups	Processed    11,000,000 records.  Elapsed time: 00:02:48s.  Time for last 1,000,000:   17s.  Last read position: chr1:201,356,312
INFO	2016-05-20 02:35:26	AddOrReplaceReadGroups	Processed    12,000,000 records.  Elapsed time: 00:03:03s.  Time for last 1,000,000:   14s.  Last read position: chr1:214,170,539
INFO	2016-05-20 02:35:39	AddOrReplaceReadGroups	Processed    13,000,000 records.  Elapsed time: 00:03:17s.  Time for last 1,000,000:   13s.  Last read position: chr1:229,606,503
INFO	2016-05-20 02:35:57	AddOrReplaceReadGroups	Processed    14,000,000 records.  Elapsed time: 00:03:35s.  Time for last 1,000,000:   18s.  Last read position: chr1:246,940,521
INFO	2016-05-20 02:36:12	AddOrReplaceReadGroups	Processed    15,000,000 records.  Elapsed time: 00:03:49s.  Time for last 1,000,000:   14s.  Last read position: chr2:27,700,945
INFO	2016-05-20 02:36:26	AddOrReplaceReadGroups	Processed    16,000,000 records.  Elapsed time: 00:04:03s.  Time for last 1,000,000:   13s.  Last read position: chr2:47,613,754
INFO	2016-05-20 02:36:45	AddOrReplaceReadGroups	Processed    17,000,000 records.  Elapsed time: 00:04:22s.  Time for last 1,000,000:   19s.  Last read position: chr2:70,315,281
INFO	2016-05-20 02:36:58	AddOrReplaceReadGroups	Processed    18,000,000 records.  Elapsed time: 00:04:36s.  Time for last 1,000,000:   13s.  Last read position: chr2:85,888,527
INFO	2016-05-20 02:37:16	AddOrReplaceReadGroups	Processed    19,000,000 records.  Elapsed time: 00:04:54s.  Time for last 1,000,000:   17s.  Last read position: chr2:111,415,090
INFO	2016-05-20 02:37:31	AddOrReplaceReadGroups	Processed    20,000,000 records.  Elapsed time: 00:05:09s.  Time for last 1,000,000:   15s.  Last read position: chr2:142,301,720
INFO	2016-05-20 02:37:50	AddOrReplaceReadGroups	Processed    21,000,000 records.  Elapsed time: 00:05:28s.  Time for last 1,000,000:   18s.  Last read position: chr2:167,262,861
INFO	2016-05-20 02:38:04	AddOrReplaceReadGroups	Processed    22,000,000 records.  Elapsed time: 00:05:42s.  Time for last 1,000,000:   13s.  Last read position: chr2:179,443,541
INFO	2016-05-20 02:38:17	AddOrReplaceReadGroups	Processed    23,000,000 records.  Elapsed time: 00:05:55s.  Time for last 1,000,000:   13s.  Last read position: chr2:196,824,985
INFO	2016-05-20 02:38:34	AddOrReplaceReadGroups	Processed    24,000,000 records.  Elapsed time: 00:06:11s.  Time for last 1,000,000:   16s.  Last read position: chr2:210,564,952
INFO	2016-05-20 02:38:48	AddOrReplaceReadGroups	Processed    25,000,000 records.  Elapsed time: 00:06:25s.  Time for last 1,000,000:   14s.  Last read position: chr2:225,376,074
INFO	2016-05-20 02:39:02	AddOrReplaceReadGroups	Processed    26,000,000 records.  Elapsed time: 00:06:40s.  Time for last 1,000,000:   14s.  Last read position: chr2:242,002,920
INFO	2016-05-20 02:39:17	AddOrReplaceReadGroups	Processed    27,000,000 records.  Elapsed time: 00:06:55s.  Time for last 1,000,000:   14s.  Last read position: chr3:16,336,453
INFO	2016-05-20 02:39:31	AddOrReplaceReadGroups	Processed    28,000,000 records.  Elapsed time: 00:07:09s.  Time for last 1,000,000:   14s.  Last read position: chr3:44,286,177
INFO	2016-05-20 02:39:48	AddOrReplaceReadGroups	Processed    29,000,000 records.  Elapsed time: 00:07:26s.  Time for last 1,000,000:   16s.  Last read position: chr3:49,847,612
INFO	2016-05-20 02:40:01	AddOrReplaceReadGroups	Processed    30,000,000 records.  Elapsed time: 00:07:39s.  Time for last 1,000,000:   13s.  Last read position: chr3:58,552,827
INFO	2016-05-20 02:40:19	AddOrReplaceReadGroups	Processed    31,000,000 records.  Elapsed time: 00:07:57s.  Time for last 1,000,000:   17s.  Last read position: chr3:111,312,487
INFO	2016-05-20 02:40:32	AddOrReplaceReadGroups	Processed    32,000,000 records.  Elapsed time: 00:08:10s.  Time for last 1,000,000:   13s.  Last read position: chr3:127,725,196
INFO	2016-05-20 02:40:49	AddOrReplaceReadGroups	Processed    33,000,000 records.  Elapsed time: 00:08:27s.  Time for last 1,000,000:   17s.  Last read position: chr3:149,484,946
INFO	2016-05-20 02:41:03	AddOrReplaceReadGroups	Processed    34,000,000 records.  Elapsed time: 00:08:41s.  Time for last 1,000,000:   13s.  Last read position: chr3:183,772,458
INFO	2016-05-20 02:41:16	AddOrReplaceReadGroups	Processed    35,000,000 records.  Elapsed time: 00:08:54s.  Time for last 1,000,000:   13s.  Last read position: chr4:1,018,232
INFO	2016-05-20 02:41:30	AddOrReplaceReadGroups	Processed    36,000,000 records.  Elapsed time: 00:09:08s.  Time for last 1,000,000:   14s.  Last read position: chr4:27,022,609
INFO	2016-05-20 02:41:44	AddOrReplaceReadGroups	Processed    37,000,000 records.  Elapsed time: 00:09:22s.  Time for last 1,000,000:   13s.  Last read position: chr4:71,063,495
INFO	2016-05-20 02:42:01	AddOrReplaceReadGroups	Processed    38,000,000 records.  Elapsed time: 00:09:39s.  Time for last 1,000,000:   17s.  Last read position: chr4:96,163,509
INFO	2016-05-20 02:42:16	AddOrReplaceReadGroups	Processed    39,000,000 records.  Elapsed time: 00:09:54s.  Time for last 1,000,000:   15s.  Last read position: chr4:128,814,659
INFO	2016-05-20 02:42:34	AddOrReplaceReadGroups	Processed    40,000,000 records.  Elapsed time: 00:10:11s.  Time for last 1,000,000:   17s.  Last read position: chr4:169,383,133
INFO	2016-05-20 02:42:47	AddOrReplaceReadGroups	Processed    41,000,000 records.  Elapsed time: 00:10:25s.  Time for last 1,000,000:   13s.  Last read position: chr5:881,396
INFO	2016-05-20 02:43:04	AddOrReplaceReadGroups	Processed    42,000,000 records.  Elapsed time: 00:10:42s.  Time for last 1,000,000:   17s.  Last read position: chr5:40,964,802
INFO	2016-05-20 02:43:19	AddOrReplaceReadGroups	Processed    43,000,000 records.  Elapsed time: 00:10:57s.  Time for last 1,000,000:   15s.  Last read position: chr5:80,608,369
INFO	2016-05-20 02:43:36	AddOrReplaceReadGroups	Processed    44,000,000 records.  Elapsed time: 00:11:14s.  Time for last 1,000,000:   16s.  Last read position: chr5:132,035,447
INFO	2016-05-20 02:43:50	AddOrReplaceReadGroups	Processed    45,000,000 records.  Elapsed time: 00:11:28s.  Time for last 1,000,000:   13s.  Last read position: chr5:140,799,500
INFO	2016-05-20 02:44:08	AddOrReplaceReadGroups	Processed    46,000,000 records.  Elapsed time: 00:11:46s.  Time for last 1,000,000:   18s.  Last read position: chr5:158,139,316
INFO	2016-05-20 02:44:22	AddOrReplaceReadGroups	Processed    47,000,000 records.  Elapsed time: 00:12:00s.  Time for last 1,000,000:   13s.  Last read position: chr5:178,408,680
INFO	2016-05-20 02:44:37	AddOrReplaceReadGroups	Processed    48,000,000 records.  Elapsed time: 00:12:14s.  Time for last 1,000,000:   14s.  Last read position: chr6:17,637,883
INFO	2016-05-20 02:44:51	AddOrReplaceReadGroups	Processed    49,000,000 records.  Elapsed time: 00:12:29s.  Time for last 1,000,000:   14s.  Last read position: chr6:30,122,190
INFO	2016-05-20 02:45:05	AddOrReplaceReadGroups	Processed    50,000,000 records.  Elapsed time: 00:12:43s.  Time for last 1,000,000:   14s.  Last read position: chr6:31,922,514
INFO	2016-05-20 02:45:22	AddOrReplaceReadGroups	Processed    51,000,000 records.  Elapsed time: 00:13:00s.  Time for last 1,000,000:   17s.  Last read position: chr6:35,253,984
INFO	2016-05-20 02:45:36	AddOrReplaceReadGroups	Processed    52,000,000 records.  Elapsed time: 00:13:13s.  Time for last 1,000,000:   13s.  Last read position: chr6:43,742,067
INFO	2016-05-20 02:45:51	AddOrReplaceReadGroups	Processed    53,000,000 records.  Elapsed time: 00:13:29s.  Time for last 1,000,000:   15s.  Last read position: chr6:80,228,483
INFO	2016-05-20 02:46:05	AddOrReplaceReadGroups	Processed    54,000,000 records.  Elapsed time: 00:13:42s.  Time for last 1,000,000:   13s.  Last read position: chr6:132,821,576
INFO	2016-05-20 02:46:22	AddOrReplaceReadGroups	Processed    55,000,000 records.  Elapsed time: 00:13:59s.  Time for last 1,000,000:   16s.  Last read position: chr7:539,689
INFO	2016-05-20 02:46:36	AddOrReplaceReadGroups	Processed    56,000,000 records.  Elapsed time: 00:14:13s.  Time for last 1,000,000:   13s.  Last read position: chr7:26,240,195
INFO	2016-05-20 02:46:49	AddOrReplaceReadGroups	Processed    57,000,000 records.  Elapsed time: 00:14:27s.  Time for last 1,000,000:   13s.  Last read position: chr7:50,454,961
INFO	2016-05-20 02:47:07	AddOrReplaceReadGroups	Processed    58,000,000 records.  Elapsed time: 00:14:45s.  Time for last 1,000,000:   17s.  Last read position: chr7:90,042,544
INFO	2016-05-20 02:47:21	AddOrReplaceReadGroups	Processed    59,000,000 records.  Elapsed time: 00:14:58s.  Time for last 1,000,000:   13s.  Last read position: chr7:100,807,538
INFO	2016-05-20 02:47:39	AddOrReplaceReadGroups	Processed    60,000,000 records.  Elapsed time: 00:15:16s.  Time for last 1,000,000:   18s.  Last read position: chr7:128,457,626
INFO	2016-05-20 02:47:54	AddOrReplaceReadGroups	Processed    61,000,000 records.  Elapsed time: 00:15:31s.  Time for last 1,000,000:   14s.  Last read position: chr7:143,632,785
INFO	2016-05-20 02:48:12	AddOrReplaceReadGroups	Processed    62,000,000 records.  Elapsed time: 00:15:49s.  Time for last 1,000,000:   17s.  Last read position: chr7:157,408,256
INFO	2016-05-20 02:48:25	AddOrReplaceReadGroups	Processed    63,000,000 records.  Elapsed time: 00:16:03s.  Time for last 1,000,000:   13s.  Last read position: chr8:37,888,076
INFO	2016-05-20 02:48:43	AddOrReplaceReadGroups	Processed    64,000,000 records.  Elapsed time: 00:16:21s.  Time for last 1,000,000:   17s.  Last read position: chr8:73,848,400
INFO	2016-05-20 02:48:57	AddOrReplaceReadGroups	Processed    65,000,000 records.  Elapsed time: 00:16:35s.  Time for last 1,000,000:   14s.  Last read position: chr8:109,214,122
INFO	2016-05-20 02:49:15	AddOrReplaceReadGroups	Processed    66,000,000 records.  Elapsed time: 00:16:52s.  Time for last 1,000,000:   17s.  Last read position: chr8:139,617,035
INFO	2016-05-20 02:49:30	AddOrReplaceReadGroups	Processed    67,000,000 records.  Elapsed time: 00:17:08s.  Time for last 1,000,000:   15s.  Last read position: chr8:145,731,405
INFO	2016-05-20 02:49:47	AddOrReplaceReadGroups	Processed    68,000,000 records.  Elapsed time: 00:17:25s.  Time for last 1,000,000:   17s.  Last read position: chr9:33,294,689
INFO	2016-05-20 02:50:02	AddOrReplaceReadGroups	Processed    69,000,000 records.  Elapsed time: 00:17:40s.  Time for last 1,000,000:   15s.  Last read position: chr9:79,259,688
INFO	2016-05-20 02:50:19	AddOrReplaceReadGroups	Processed    70,000,000 records.  Elapsed time: 00:17:57s.  Time for last 1,000,000:   17s.  Last read position: chr9:103,109,106
INFO	2016-05-20 02:50:34	AddOrReplaceReadGroups	Processed    71,000,000 records.  Elapsed time: 00:18:12s.  Time for last 1,000,000:   14s.  Last read position: chr9:130,715,837
INFO	2016-05-20 02:50:52	AddOrReplaceReadGroups	Processed    72,000,000 records.  Elapsed time: 00:18:30s.  Time for last 1,000,000:   18s.  Last read position: chr10:410,454
INFO	2016-05-20 02:51:06	AddOrReplaceReadGroups	Processed    73,000,000 records.  Elapsed time: 00:18:44s.  Time for last 1,000,000:   14s.  Last read position: chr10:28,780,231
INFO	2016-05-20 02:51:23	AddOrReplaceReadGroups	Processed    74,000,000 records.  Elapsed time: 00:19:01s.  Time for last 1,000,000:   17s.  Last read position: chr10:67,748,503
INFO	2016-05-20 02:51:37	AddOrReplaceReadGroups	Processed    75,000,000 records.  Elapsed time: 00:19:15s.  Time for last 1,000,000:   14s.  Last read position: chr10:86,010,095
INFO	2016-05-20 02:51:56	AddOrReplaceReadGroups	Processed    76,000,000 records.  Elapsed time: 00:19:33s.  Time for last 1,000,000:   18s.  Last read position: chr10:102,289,676
INFO	2016-05-20 02:52:10	AddOrReplaceReadGroups	Processed    77,000,000 records.  Elapsed time: 00:19:48s.  Time for last 1,000,000:   14s.  Last read position: chr10:119,768,699
INFO	2016-05-20 02:52:24	AddOrReplaceReadGroups	Processed    78,000,000 records.  Elapsed time: 00:20:02s.  Time for last 1,000,000:   13s.  Last read position: chr11:985,419
INFO	2016-05-20 02:52:38	AddOrReplaceReadGroups	Processed    79,000,000 records.  Elapsed time: 00:20:16s.  Time for last 1,000,000:   14s.  Last read position: chr11:7,693,633
INFO	2016-05-20 02:52:52	AddOrReplaceReadGroups	Processed    80,000,000 records.  Elapsed time: 00:20:30s.  Time for last 1,000,000:   13s.  Last read position: chr11:32,437,995
INFO	2016-05-20 02:53:08	AddOrReplaceReadGroups	Processed    81,000,000 records.  Elapsed time: 00:20:46s.  Time for last 1,000,000:   16s.  Last read position: chr11:57,094,899
INFO	2016-05-20 02:53:21	AddOrReplaceReadGroups	Processed    82,000,000 records.  Elapsed time: 00:20:59s.  Time for last 1,000,000:   13s.  Last read position: chr11:63,533,662
INFO	2016-05-20 02:53:38	AddOrReplaceReadGroups	Processed    83,000,000 records.  Elapsed time: 00:21:16s.  Time for last 1,000,000:   16s.  Last read position: chr11:66,050,553
INFO	2016-05-20 02:53:52	AddOrReplaceReadGroups	Processed    84,000,000 records.  Elapsed time: 00:21:29s.  Time for last 1,000,000:   13s.  Last read position: chr11:71,799,396
INFO	2016-05-20 02:54:05	AddOrReplaceReadGroups	Processed    85,000,000 records.  Elapsed time: 00:21:43s.  Time for last 1,000,000:   13s.  Last read position: chr11:82,561,428
INFO	2016-05-20 02:54:22	AddOrReplaceReadGroups	Processed    86,000,000 records.  Elapsed time: 00:22:00s.  Time for last 1,000,000:   16s.  Last read position: chr11:104,916,077
INFO	2016-05-20 02:54:37	AddOrReplaceReadGroups	Processed    87,000,000 records.  Elapsed time: 00:22:14s.  Time for last 1,000,000:   14s.  Last read position: chr11:128,353,402
INFO	2016-05-20 02:54:51	AddOrReplaceReadGroups	Processed    88,000,000 records.  Elapsed time: 00:22:28s.  Time for last 1,000,000:   14s.  Last read position: chr12:6,933,855
INFO	2016-05-20 02:55:08	AddOrReplaceReadGroups	Processed    89,000,000 records.  Elapsed time: 00:22:46s.  Time for last 1,000,000:   17s.  Last read position: chr12:19,422,707
INFO	2016-05-20 02:55:22	AddOrReplaceReadGroups	Processed    90,000,000 records.  Elapsed time: 00:23:00s.  Time for last 1,000,000:   13s.  Last read position: chr12:49,156,488
INFO	2016-05-20 02:55:39	AddOrReplaceReadGroups	Processed    91,000,000 records.  Elapsed time: 00:23:17s.  Time for last 1,000,000:   17s.  Last read position: chr12:54,856,969
INFO	2016-05-20 02:55:56	AddOrReplaceReadGroups	Processed    92,000,000 records.  Elapsed time: 00:23:34s.  Time for last 1,000,000:   16s.  Last read position: chr12:58,204,752
INFO	2016-05-20 02:56:11	AddOrReplaceReadGroups	Processed    93,000,000 records.  Elapsed time: 00:23:49s.  Time for last 1,000,000:   14s.  Last read position: chr12:86,199,219
INFO	2016-05-20 02:56:26	AddOrReplaceReadGroups	Processed    94,000,000 records.  Elapsed time: 00:24:04s.  Time for last 1,000,000:   14s.  Last read position: chr12:120,271,963
INFO	2016-05-20 02:56:45	AddOrReplaceReadGroups	Processed    95,000,000 records.  Elapsed time: 00:24:22s.  Time for last 1,000,000:   18s.  Last read position: chr13:32,972,309
INFO	2016-05-20 02:57:00	AddOrReplaceReadGroups	Processed    96,000,000 records.  Elapsed time: 00:24:37s.  Time for last 1,000,000:   15s.  Last read position: chr13:103,390,431
INFO	2016-05-20 02:57:14	AddOrReplaceReadGroups	Processed    97,000,000 records.  Elapsed time: 00:24:52s.  Time for last 1,000,000:   14s.  Last read position: chr14:23,993,929
INFO	2016-05-20 02:57:28	AddOrReplaceReadGroups	Processed    98,000,000 records.  Elapsed time: 00:25:06s.  Time for last 1,000,000:   14s.  Last read position: chr14:51,452,740
INFO	2016-05-20 02:57:46	AddOrReplaceReadGroups	Processed    99,000,000 records.  Elapsed time: 00:25:24s.  Time for last 1,000,000:   17s.  Last read position: chr14:81,728,108
INFO	2016-05-20 02:58:01	AddOrReplaceReadGroups	Processed   100,000,000 records.  Elapsed time: 00:25:39s.  Time for last 1,000,000:   14s.  Last read position: chr14:104,278,458
INFO	2016-05-20 02:58:18	AddOrReplaceReadGroups	Processed   101,000,000 records.  Elapsed time: 00:25:55s.  Time for last 1,000,000:   16s.  Last read position: chr15:39,874,454
INFO	2016-05-20 02:58:32	AddOrReplaceReadGroups	Processed   102,000,000 records.  Elapsed time: 00:26:10s.  Time for last 1,000,000:   14s.  Last read position: chr15:45,491,118
INFO	2016-05-20 02:58:48	AddOrReplaceReadGroups	Processed   103,000,000 records.  Elapsed time: 00:26:26s.  Time for last 1,000,000:   16s.  Last read position: chr15:65,270,427
INFO	2016-05-20 02:59:02	AddOrReplaceReadGroups	Processed   104,000,000 records.  Elapsed time: 00:26:39s.  Time for last 1,000,000:   13s.  Last read position: chr15:78,675,360
INFO	2016-05-20 02:59:18	AddOrReplaceReadGroups	Processed   105,000,000 records.  Elapsed time: 00:26:56s.  Time for last 1,000,000:   16s.  Last read position: chr15:99,678,253
INFO	2016-05-20 02:59:32	AddOrReplaceReadGroups	Processed   106,000,000 records.  Elapsed time: 00:27:10s.  Time for last 1,000,000:   13s.  Last read position: chr16:8,900,184
INFO	2016-05-20 02:59:46	AddOrReplaceReadGroups	Processed   107,000,000 records.  Elapsed time: 00:27:24s.  Time for last 1,000,000:   14s.  Last read position: chr16:28,856,716
INFO	2016-05-20 03:00:01	AddOrReplaceReadGroups	Processed   108,000,000 records.  Elapsed time: 00:27:39s.  Time for last 1,000,000:   14s.  Last read position: chr16:50,709,576
INFO	2016-05-20 03:00:17	AddOrReplaceReadGroups	Processed   109,000,000 records.  Elapsed time: 00:27:55s.  Time for last 1,000,000:   16s.  Last read position: chr16:69,154,599
INFO	2016-05-20 03:00:34	AddOrReplaceReadGroups	Processed   110,000,000 records.  Elapsed time: 00:28:12s.  Time for last 1,000,000:   16s.  Last read position: chr16:87,445,423
INFO	2016-05-20 03:00:49	AddOrReplaceReadGroups	Processed   111,000,000 records.  Elapsed time: 00:28:27s.  Time for last 1,000,000:   15s.  Last read position: chr17:6,943,179
INFO	2016-05-20 03:01:03	AddOrReplaceReadGroups	Processed   112,000,000 records.  Elapsed time: 00:28:41s.  Time for last 1,000,000:   14s.  Last read position: chr17:21,117,464
INFO	2016-05-20 03:01:20	AddOrReplaceReadGroups	Processed   113,000,000 records.  Elapsed time: 00:28:58s.  Time for last 1,000,000:   16s.  Last read position: chr17:37,618,628
INFO	2016-05-20 03:01:34	AddOrReplaceReadGroups	Processed   114,000,000 records.  Elapsed time: 00:29:12s.  Time for last 1,000,000:   14s.  Last read position: chr17:42,328,743
INFO	2016-05-20 03:01:54	AddOrReplaceReadGroups	Processed   115,000,000 records.  Elapsed time: 00:29:31s.  Time for last 1,000,000:   19s.  Last read position: chr17:53,828,674
INFO	2016-05-20 03:02:08	AddOrReplaceReadGroups	Processed   116,000,000 records.  Elapsed time: 00:29:46s.  Time for last 1,000,000:   14s.  Last read position: chr17:67,029,934
INFO	2016-05-20 03:02:27	AddOrReplaceReadGroups	Processed   117,000,000 records.  Elapsed time: 00:30:04s.  Time for last 1,000,000:   18s.  Last read position: chr17:76,887,856
INFO	2016-05-20 03:02:41	AddOrReplaceReadGroups	Processed   118,000,000 records.  Elapsed time: 00:30:19s.  Time for last 1,000,000:   14s.  Last read position: chr18:9,708,402
INFO	2016-05-20 03:03:00	AddOrReplaceReadGroups	Processed   119,000,000 records.  Elapsed time: 00:30:37s.  Time for last 1,000,000:   18s.  Last read position: chr18:44,409,642
INFO	2016-05-20 03:03:14	AddOrReplaceReadGroups	Processed   120,000,000 records.  Elapsed time: 00:30:51s.  Time for last 1,000,000:   14s.  Last read position: chr19:2,247,592
INFO	2016-05-20 03:03:40	AddOrReplaceReadGroups	Processed   121,000,000 records.  Elapsed time: 00:31:17s.  Time for last 1,000,000:   25s.  Last read position: chr19:11,222,165
INFO	2016-05-20 03:03:55	AddOrReplaceReadGroups	Processed   122,000,000 records.  Elapsed time: 00:31:33s.  Time for last 1,000,000:   15s.  Last read position: chr19:18,392,149
INFO	2016-05-20 03:04:12	AddOrReplaceReadGroups	Processed   123,000,000 records.  Elapsed time: 00:31:50s.  Time for last 1,000,000:   16s.  Last read position: chr19:36,545,162
INFO	2016-05-20 03:04:27	AddOrReplaceReadGroups	Processed   124,000,000 records.  Elapsed time: 00:32:05s.  Time for last 1,000,000:   14s.  Last read position: chr19:42,595,272
INFO	2016-05-20 03:04:45	AddOrReplaceReadGroups	Processed   125,000,000 records.  Elapsed time: 00:32:23s.  Time for last 1,000,000:   17s.  Last read position: chr19:49,936,061
INFO	2016-05-20 03:04:59	AddOrReplaceReadGroups	Processed   126,000,000 records.  Elapsed time: 00:32:37s.  Time for last 1,000,000:   14s.  Last read position: chr19:55,451,321
INFO	2016-05-20 03:05:16	AddOrReplaceReadGroups	Processed   127,000,000 records.  Elapsed time: 00:32:54s.  Time for last 1,000,000:   16s.  Last read position: chr20:2,641,200
INFO	2016-05-20 03:05:30	AddOrReplaceReadGroups	Processed   128,000,000 records.  Elapsed time: 00:33:07s.  Time for last 1,000,000:   13s.  Last read position: chr20:23,615,897
INFO	2016-05-20 03:05:47	AddOrReplaceReadGroups	Processed   129,000,000 records.  Elapsed time: 00:33:24s.  Time for last 1,000,000:   17s.  Last read position: chr20:39,726,912
INFO	2016-05-20 03:06:00	AddOrReplaceReadGroups	Processed   130,000,000 records.  Elapsed time: 00:33:38s.  Time for last 1,000,000:   13s.  Last read position: chr20:55,974,948
INFO	2016-05-20 03:06:15	AddOrReplaceReadGroups	Processed   131,000,000 records.  Elapsed time: 00:33:52s.  Time for last 1,000,000:   14s.  Last read position: chr21:31,768,517
INFO	2016-05-20 03:06:38	AddOrReplaceReadGroups	Processed   132,000,000 records.  Elapsed time: 00:34:15s.  Time for last 1,000,000:   22s.  Last read position: chr21:46,086,222
INFO	2016-05-20 03:06:52	AddOrReplaceReadGroups	Processed   133,000,000 records.  Elapsed time: 00:34:30s.  Time for last 1,000,000:   14s.  Last read position: chr22:24,698,304
INFO	2016-05-20 03:07:08	AddOrReplaceReadGroups	Processed   134,000,000 records.  Elapsed time: 00:34:46s.  Time for last 1,000,000:   15s.  Last read position: chr22:37,492,039
INFO	2016-05-20 03:07:22	AddOrReplaceReadGroups	Processed   135,000,000 records.  Elapsed time: 00:34:59s.  Time for last 1,000,000:   13s.  Last read position: chr22:46,664,349
INFO	2016-05-20 03:07:40	AddOrReplaceReadGroups	Processed   136,000,000 records.  Elapsed time: 00:35:18s.  Time for last 1,000,000:   18s.  Last read position: chrX:23,899,095
INFO	2016-05-20 03:07:54	AddOrReplaceReadGroups	Processed   137,000,000 records.  Elapsed time: 00:35:32s.  Time for last 1,000,000:   14s.  Last read position: chrX:49,855,128
INFO	2016-05-20 03:08:11	AddOrReplaceReadGroups	Processed   138,000,000 records.  Elapsed time: 00:35:48s.  Time for last 1,000,000:   16s.  Last read position: chrX:75,332,299
INFO	2016-05-20 03:08:24	AddOrReplaceReadGroups	Processed   139,000,000 records.  Elapsed time: 00:36:02s.  Time for last 1,000,000:   13s.  Last read position: chrX:118,206,138
INFO	2016-05-20 03:08:41	AddOrReplaceReadGroups	Processed   140,000,000 records.  Elapsed time: 00:36:19s.  Time for last 1,000,000:   17s.  Last read position: chrX:150,869,043
INFO	2016-05-20 03:08:55	AddOrReplaceReadGroups	Processed   141,000,000 records.  Elapsed time: 00:36:33s.  Time for last 1,000,000:   14s.  Last read position: */*
[Fri May 20 03:09:00 EDT 2016] picard.sam.AddOrReplaceReadGroups done. Elapsed time: 36.64 minutes.
Runtime.totalMemory()=395313152
[Fri May 20 03:09:01 EDT 2016] picard.sam.FixMateInformation INPUT=[p_DS_bkm_129-T2/p_DS_bkm_129-T2.sorted.MarkDup.fixed.bam] OUTPUT=p_DS_bkm_129-T2/p_DS_bkm_129-T2.sorted.MarkDup.realn.fixed.bam SORT_ORDER=coordinate TMP_DIR=[tmp/flx] VALIDATION_STRINGENCY=LENIENT CREATE_INDEX=true    ASSUME_SORTED=false ADD_MATE_CIGAR=true IGNORE_MISSING_MATES=true VERBOSITY=INFO QUIET=false COMPRESSION_LEVEL=5 MAX_RECORDS_IN_RAM=500000 CREATE_MD5_FILE=false GA4GH_CLIENT_SECRETS=client_secrets.json
[Fri May 20 03:09:01 EDT 2016] Executing as abdelrahman@compute-1-12.local on Linux 2.6.32-279.14.1.el6.x86_64 amd64; Java HotSpot(TM) 64-Bit Server VM 1.8.0_45-b14; Picard version: 2.3.0(9a00c87b7ffdb01cfb5a0d6e76556146196babb8_1463071327) IntelDeflater
INFO	2016-05-20 03:09:01	FixMateInformation	Sorting input into queryname order.
INFO	2016-05-20 03:44:15	FixMateInformation	Sorting by queryname complete.
INFO	2016-05-20 03:44:15	FixMateInformation	Output will be sorted by coordinate
INFO	2016-05-20 03:44:15	FixMateInformation	Traversing query name sorted records and fixing up mate pair information.
INFO	2016-05-20 03:44:36	FixMateInformation	Processed     1,000,000 records.  Elapsed time: 00:00:21s.  Time for last 1,000,000:   21s.  Last read position: chr14:102,449,711
INFO	2016-05-20 03:44:56	FixMateInformation	Processed     2,000,000 records.  Elapsed time: 00:00:40s.  Time for last 1,000,000:   19s.  Last read position: chr14:81,251,708
INFO	2016-05-20 03:45:19	FixMateInformation	Processed     3,000,000 records.  Elapsed time: 00:01:03s.  Time for last 1,000,000:   23s.  Last read position: chr4:89,652,584
INFO	2016-05-20 03:45:36	FixMateInformation	Processed     4,000,000 records.  Elapsed time: 00:01:20s.  Time for last 1,000,000:   16s.  Last read position: chr12:47,471,898
INFO	2016-05-20 03:45:51	FixMateInformation	Processed     5,000,000 records.  Elapsed time: 00:01:36s.  Time for last 1,000,000:   15s.  Last read position: chr17:4,445,884
INFO	2016-05-20 03:46:12	FixMateInformation	Processed     6,000,000 records.  Elapsed time: 00:01:56s.  Time for last 1,000,000:   20s.  Last read position: chr21:19,770,238
INFO	2016-05-20 03:46:28	FixMateInformation	Processed     7,000,000 records.  Elapsed time: 00:02:12s.  Time for last 1,000,000:   15s.  Last read position: chr6:51,606,026
INFO	2016-05-20 03:46:44	FixMateInformation	Processed     8,000,000 records.  Elapsed time: 00:02:28s.  Time for last 1,000,000:   15s.  Last read position: chr4:38,104,604
INFO	2016-05-20 03:47:02	FixMateInformation	Processed     9,000,000 records.  Elapsed time: 00:02:46s.  Time for last 1,000,000:   18s.  Last read position: chr6:41,773,688
INFO	2016-05-20 03:47:22	FixMateInformation	Processed    10,000,000 records.  Elapsed time: 00:03:06s.  Time for last 1,000,000:   19s.  Last read position: chrX:122,536,771
INFO	2016-05-20 03:47:39	FixMateInformation	Processed    11,000,000 records.  Elapsed time: 00:03:23s.  Time for last 1,000,000:   17s.  Last read position: chrX:2,700,115
INFO	2016-05-20 03:47:57	FixMateInformation	Processed    12,000,000 records.  Elapsed time: 00:03:41s.  Time for last 1,000,000:   18s.  Last read position: chr19:39,911,390
INFO	2016-05-20 03:48:13	FixMateInformation	Processed    13,000,000 records.  Elapsed time: 00:03:57s.  Time for last 1,000,000:   16s.  Last read position: chr9:130,491,842
INFO	2016-05-20 03:48:31	FixMateInformation	Processed    14,000,000 records.  Elapsed time: 00:04:16s.  Time for last 1,000,000:   18s.  Last read position: chr1:3,701,695
INFO	2016-05-20 03:48:50	FixMateInformation	Processed    15,000,000 records.  Elapsed time: 00:04:34s.  Time for last 1,000,000:   18s.  Last read position: chr16:57,996,869
INFO	2016-05-20 03:49:07	FixMateInformation	Processed    16,000,000 records.  Elapsed time: 00:04:51s.  Time for last 1,000,000:   17s.  Last read position: chr20:5,922,005
INFO	2016-05-20 03:49:23	FixMateInformation	Processed    17,000,000 records.  Elapsed time: 00:05:07s.  Time for last 1,000,000:   16s.  Last read position: chr15:65,425,238
INFO	2016-05-20 03:49:39	FixMateInformation	Processed    18,000,000 records.  Elapsed time: 00:05:24s.  Time for last 1,000,000:   16s.  Last read position: chr15:69,733,240
INFO	2016-05-20 03:49:57	FixMateInformation	Processed    19,000,000 records.  Elapsed time: 00:05:42s.  Time for last 1,000,000:   18s.  Last read position: chr9:8,526,499
INFO	2016-05-20 03:50:18	FixMateInformation	Processed    20,000,000 records.  Elapsed time: 00:06:02s.  Time for last 1,000,000:   20s.  Last read position: chr18:20,573,014
INFO	2016-05-20 03:50:42	FixMateInformation	Processed    21,000,000 records.  Elapsed time: 00:06:26s.  Time for last 1,000,000:   24s.  Last read position: chr2:191,929,664
INFO	2016-05-20 03:51:17	FixMateInformation	Processed    22,000,000 records.  Elapsed time: 00:07:01s.  Time for last 1,000,000:   34s.  Last read position: chr15:80,414,173
INFO	2016-05-20 03:51:43	FixMateInformation	Processed    23,000,000 records.  Elapsed time: 00:07:27s.  Time for last 1,000,000:   26s.  Last read position: chr5:50,052,965
INFO	2016-05-20 03:52:08	FixMateInformation	Processed    24,000,000 records.  Elapsed time: 00:07:52s.  Time for last 1,000,000:   24s.  Last read position: chr14:105,398,626
INFO	2016-05-20 03:52:43	FixMateInformation	Processed    25,000,000 records.  Elapsed time: 00:08:28s.  Time for last 1,000,000:   35s.  Last read position: chr19:41,847,972
INFO	2016-05-20 03:53:13	FixMateInformation	Processed    26,000,000 records.  Elapsed time: 00:08:57s.  Time for last 1,000,000:   29s.  Last read position: chr22:31,492,727
INFO	2016-05-20 03:53:44	FixMateInformation	Processed    27,000,000 records.  Elapsed time: 00:09:28s.  Time for last 1,000,000:   31s.  Last read position: chr6:32,261,428
INFO	2016-05-20 03:54:19	FixMateInformation	Processed    28,000,000 records.  Elapsed time: 00:10:03s.  Time for last 1,000,000:   34s.  Last read position: chr6:32,184,588
INFO	2016-05-20 03:54:54	FixMateInformation	Processed    29,000,000 records.  Elapsed time: 00:10:38s.  Time for last 1,000,000:   35s.  Last read position: chr11:118,398,230
INFO	2016-05-20 03:55:23	FixMateInformation	Processed    30,000,000 records.  Elapsed time: 00:11:07s.  Time for last 1,000,000:   29s.  Last read position: chr6:155,618,197
INFO	2016-05-20 03:55:44	FixMateInformation	Processed    31,000,000 records.  Elapsed time: 00:11:28s.  Time for last 1,000,000:   20s.  Last read position: chr12:123,661,095
INFO	2016-05-20 03:56:07	FixMateInformation	Processed    32,000,000 records.  Elapsed time: 00:11:52s.  Time for last 1,000,000:   23s.  Last read position: chr11:118,110,893
INFO	2016-05-20 03:56:33	FixMateInformation	Processed    33,000,000 records.  Elapsed time: 00:12:18s.  Time for last 1,000,000:   26s.  Last read position: chr6:158,517,428
INFO	2016-05-20 03:56:55	FixMateInformation	Processed    34,000,000 records.  Elapsed time: 00:12:39s.  Time for last 1,000,000:   21s.  Last read position: chr12:6,687,949
INFO	2016-05-20 03:57:22	FixMateInformation	Processed    35,000,000 records.  Elapsed time: 00:13:06s.  Time for last 1,000,000:   26s.  Last read position: chr11:102,076,678
INFO	2016-05-20 03:57:44	FixMateInformation	Processed    36,000,000 records.  Elapsed time: 00:13:28s.  Time for last 1,000,000:   22s.  Last read position: chr12:133,522,194
INFO	2016-05-20 03:58:10	FixMateInformation	Processed    37,000,000 records.  Elapsed time: 00:13:55s.  Time for last 1,000,000:   26s.  Last read position: chr3:49,758,333
INFO	2016-05-20 03:58:34	FixMateInformation	Processed    38,000,000 records.  Elapsed time: 00:14:18s.  Time for last 1,000,000:   23s.  Last read position: chr2:74,597,383
INFO	2016-05-20 03:58:58	FixMateInformation	Processed    39,000,000 records.  Elapsed time: 00:14:42s.  Time for last 1,000,000:   24s.  Last read position: chr11:34,670,488
INFO	2016-05-20 03:59:23	FixMateInformation	Processed    40,000,000 records.  Elapsed time: 00:15:07s.  Time for last 1,000,000:   24s.  Last read position: chr9:95,765,239
INFO	2016-05-20 03:59:46	FixMateInformation	Processed    41,000,000 records.  Elapsed time: 00:15:30s.  Time for last 1,000,000:   23s.  Last read position: chr17:59,560,218
INFO	2016-05-20 04:01:33	FixMateInformation	Processed    42,000,000 records.  Elapsed time: 00:17:17s.  Time for last 1,000,000:  106s.  Last read position: chr2:55,118,196
INFO	2016-05-20 04:01:51	FixMateInformation	Processed    43,000,000 records.  Elapsed time: 00:17:35s.  Time for last 1,000,000:   18s.  Last read position: chr4:114,530,376
INFO	2016-05-20 04:02:08	FixMateInformation	Processed    44,000,000 records.  Elapsed time: 00:17:52s.  Time for last 1,000,000:   16s.  Last read position: chrX:139,796,016
INFO	2016-05-20 04:02:24	FixMateInformation	Processed    45,000,000 records.  Elapsed time: 00:18:09s.  Time for last 1,000,000:   16s.  Last read position: chr11:46,805,976
INFO	2016-05-20 04:02:41	FixMateInformation	Processed    46,000,000 records.  Elapsed time: 00:18:25s.  Time for last 1,000,000:   16s.  Last read position: chr4:42,122,098
INFO	2016-05-20 04:02:55	FixMateInformation	Processed    47,000,000 records.  Elapsed time: 00:18:39s.  Time for last 1,000,000:   14s.  Last read position: chr1:63,902,528
INFO	2016-05-20 04:03:12	FixMateInformation	Processed    48,000,000 records.  Elapsed time: 00:18:56s.  Time for last 1,000,000:   16s.  Last read position: chr8:145,106,964
INFO	2016-05-20 04:03:27	FixMateInformation	Processed    49,000,000 records.  Elapsed time: 00:19:11s.  Time for last 1,000,000:   15s.  Last read position: chr2:210,679,961
INFO	2016-05-20 04:03:42	FixMateInformation	Processed    50,000,000 records.  Elapsed time: 00:19:26s.  Time for last 1,000,000:   15s.  Last read position: chr2:153,499,971
INFO	2016-05-20 04:03:59	FixMateInformation	Processed    51,000,000 records.  Elapsed time: 00:19:43s.  Time for last 1,000,000:   16s.  Last read position: chr1:89,271,309
INFO	2016-05-20 04:04:13	FixMateInformation	Processed    52,000,000 records.  Elapsed time: 00:19:57s.  Time for last 1,000,000:   13s.  Last read position: chr11:107,497,213
INFO	2016-05-20 04:04:31	FixMateInformation	Processed    53,000,000 records.  Elapsed time: 00:20:15s.  Time for last 1,000,000:   17s.  Last read position: chr2:202,006,131
INFO	2016-05-20 04:04:48	FixMateInformation	Processed    54,000,000 records.  Elapsed time: 00:20:32s.  Time for last 1,000,000:   17s.  Last read position: chr6:88,120,259
INFO	2016-05-20 04:05:03	FixMateInformation	Processed    55,000,000 records.  Elapsed time: 00:20:47s.  Time for last 1,000,000:   15s.  Last read position: chr1:233,490,462
INFO	2016-05-20 04:05:19	FixMateInformation	Processed    56,000,000 records.  Elapsed time: 00:21:03s.  Time for last 1,000,000:   16s.  Last read position: chr2:97,498,289
INFO	2016-05-20 04:05:37	FixMateInformation	Processed    57,000,000 records.  Elapsed time: 00:21:21s.  Time for last 1,000,000:   17s.  Last read position: chr11:1,576,440
INFO	2016-05-20 04:05:52	FixMateInformation	Processed    58,000,000 records.  Elapsed time: 00:21:36s.  Time for last 1,000,000:   14s.  Last read position: chr11:57,509,252
INFO	2016-05-20 04:06:10	FixMateInformation	Processed    59,000,000 records.  Elapsed time: 00:21:54s.  Time for last 1,000,000:   17s.  Last read position: chr14:74,206,641
INFO	2016-05-20 04:06:28	FixMateInformation	Processed    60,000,000 records.  Elapsed time: 00:22:13s.  Time for last 1,000,000:   18s.  Last read position: chr2:152,492,802
INFO	2016-05-20 04:06:49	FixMateInformation	Processed    61,000,000 records.  Elapsed time: 00:22:33s.  Time for last 1,000,000:   20s.  Last read position: chr15:27,772,736
INFO	2016-05-20 04:07:09	FixMateInformation	Processed    62,000,000 records.  Elapsed time: 00:22:53s.  Time for last 1,000,000:   19s.  Last read position: chr12:12,037,234
INFO	2016-05-20 04:07:25	FixMateInformation	Processed    63,000,000 records.  Elapsed time: 00:23:09s.  Time for last 1,000,000:   16s.  Last read position: chr15:30,800,615
INFO	2016-05-20 04:07:45	FixMateInformation	Processed    64,000,000 records.  Elapsed time: 00:23:29s.  Time for last 1,000,000:   19s.  Last read position: chr7:100,484,648
INFO	2016-05-20 04:08:01	FixMateInformation	Processed    65,000,000 records.  Elapsed time: 00:23:45s.  Time for last 1,000,000:   15s.  Last read position: chr11:67,925,224
INFO	2016-05-20 04:08:18	FixMateInformation	Processed    66,000,000 records.  Elapsed time: 00:24:02s.  Time for last 1,000,000:   17s.  Last read position: chr2:219,099,665
INFO	2016-05-20 04:08:36	FixMateInformation	Processed    67,000,000 records.  Elapsed time: 00:24:21s.  Time for last 1,000,000:   18s.  Last read position: chr11:66,468,542
INFO	2016-05-20 04:08:53	FixMateInformation	Processed    68,000,000 records.  Elapsed time: 00:24:37s.  Time for last 1,000,000:   16s.  Last read position: chr1:152,882,977
INFO	2016-05-20 04:09:10	FixMateInformation	Processed    69,000,000 records.  Elapsed time: 00:24:54s.  Time for last 1,000,000:   16s.  Last read position: chr13:26,114,360
INFO	2016-05-20 04:09:27	FixMateInformation	Processed    70,000,000 records.  Elapsed time: 00:25:11s.  Time for last 1,000,000:   17s.  Last read position: chr20:17,610,652
INFO	2016-05-20 04:09:42	FixMateInformation	Processed    71,000,000 records.  Elapsed time: 00:25:26s.  Time for last 1,000,000:   15s.  Last read position: chr17:986,764
INFO	2016-05-20 04:09:58	FixMateInformation	Processed    72,000,000 records.  Elapsed time: 00:25:43s.  Time for last 1,000,000:   16s.  Last read position: chr17:7,370,110
INFO	2016-05-20 04:10:15	FixMateInformation	Processed    73,000,000 records.  Elapsed time: 00:25:59s.  Time for last 1,000,000:   16s.  Last read position: chr7:150,698,230
INFO	2016-05-20 04:10:30	FixMateInformation	Processed    74,000,000 records.  Elapsed time: 00:26:15s.  Time for last 1,000,000:   15s.  Last read position: chr12:121,352,601
INFO	2016-05-20 04:10:46	FixMateInformation	Processed    75,000,000 records.  Elapsed time: 00:26:30s.  Time for last 1,000,000:   15s.  Last read position: chr15:40,756,030
INFO	2016-05-20 04:11:01	FixMateInformation	Processed    76,000,000 records.  Elapsed time: 00:26:46s.  Time for last 1,000,000:   15s.  Last read position: chr1:31,206,320
INFO	2016-05-20 04:11:17	FixMateInformation	Processed    77,000,000 records.  Elapsed time: 00:27:01s.  Time for last 1,000,000:   15s.  Last read position: chr22:29,966,007
INFO	2016-05-20 04:11:33	FixMateInformation	Processed    78,000,000 records.  Elapsed time: 00:27:17s.  Time for last 1,000,000:   16s.  Last read position: chr1:32,098,666
INFO	2016-05-20 04:11:48	FixMateInformation	Processed    79,000,000 records.  Elapsed time: 00:27:32s.  Time for last 1,000,000:   15s.  Last read position: chr13:111,102,143
INFO	2016-05-20 04:12:05	FixMateInformation	Processed    80,000,000 records.  Elapsed time: 00:27:50s.  Time for last 1,000,000:   17s.  Last read position: chrX:41,437,703
INFO	2016-05-20 04:12:23	FixMateInformation	Processed    81,000,000 records.  Elapsed time: 00:28:08s.  Time for last 1,000,000:   18s.  Last read position: chr12:4,920,115
INFO	2016-05-20 04:12:43	FixMateInformation	Processed    82,000,000 records.  Elapsed time: 00:28:28s.  Time for last 1,000,000:   19s.  Last read position: chr19:15,366,976
INFO	2016-05-20 04:13:01	FixMateInformation	Processed    83,000,000 records.  Elapsed time: 00:28:45s.  Time for last 1,000,000:   17s.  Last read position: chr16:81,236,060
INFO	2016-05-20 04:13:17	FixMateInformation	Processed    84,000,000 records.  Elapsed time: 00:29:01s.  Time for last 1,000,000:   16s.  Last read position: chr5:140,347,432
INFO	2016-05-20 04:13:34	FixMateInformation	Processed    85,000,000 records.  Elapsed time: 00:29:19s.  Time for last 1,000,000:   17s.  Last read position: chr1:44,446,994
INFO	2016-05-20 04:13:52	FixMateInformation	Processed    86,000,000 records.  Elapsed time: 00:29:36s.  Time for last 1,000,000:   17s.  Last read position: chr22:42,473,984
INFO	2016-05-20 04:14:11	FixMateInformation	Processed    87,000,000 records.  Elapsed time: 00:29:55s.  Time for last 1,000,000:   19s.  Last read position: chr12:12,510,506
INFO	2016-05-20 04:14:29	FixMateInformation	Processed    88,000,000 records.  Elapsed time: 00:30:13s.  Time for last 1,000,000:   18s.  Last read position: chr8:145,024,746
INFO	2016-05-20 04:14:46	FixMateInformation	Processed    89,000,000 records.  Elapsed time: 00:30:30s.  Time for last 1,000,000:   16s.  Last read position: chr2:197,636,573
INFO	2016-05-20 04:15:04	FixMateInformation	Processed    90,000,000 records.  Elapsed time: 00:30:49s.  Time for last 1,000,000:   18s.  Last read position: chr3:49,750,119
INFO	2016-05-20 04:15:20	FixMateInformation	Processed    91,000,000 records.  Elapsed time: 00:31:04s.  Time for last 1,000,000:   15s.  Last read position: chr10:102,988,226
INFO	2016-05-20 04:15:38	FixMateInformation	Processed    92,000,000 records.  Elapsed time: 00:31:22s.  Time for last 1,000,000:   18s.  Last read position: chrX:57,618,728
INFO	2016-05-20 04:15:56	FixMateInformation	Processed    93,000,000 records.  Elapsed time: 00:31:41s.  Time for last 1,000,000:   18s.  Last read position: chr2:202,245,733
INFO	2016-05-20 04:16:13	FixMateInformation	Processed    94,000,000 records.  Elapsed time: 00:31:57s.  Time for last 1,000,000:   16s.  Last read position: chr14:67,391,006
INFO	2016-05-20 04:16:33	FixMateInformation	Processed    95,000,000 records.  Elapsed time: 00:32:18s.  Time for last 1,000,000:   20s.  Last read position: chr11:61,977,910
INFO	2016-05-20 04:16:50	FixMateInformation	Processed    96,000,000 records.  Elapsed time: 00:32:34s.  Time for last 1,000,000:   16s.  Last read position: chr20:34,063,261
INFO	2016-05-20 04:17:08	FixMateInformation	Processed    97,000,000 records.  Elapsed time: 00:32:52s.  Time for last 1,000,000:   18s.  Last read position: chr16:10,032,176
INFO	2016-05-20 04:17:25	FixMateInformation	Processed    98,000,000 records.  Elapsed time: 00:33:10s.  Time for last 1,000,000:   17s.  Last read position: chr11:4,566,717
INFO	2016-05-20 04:17:45	FixMateInformation	Processed    99,000,000 records.  Elapsed time: 00:33:30s.  Time for last 1,000,000:   20s.  Last read position: chr8:123,964,091
INFO	2016-05-20 04:18:04	FixMateInformation	Processed   100,000,000 records.  Elapsed time: 00:33:48s.  Time for last 1,000,000:   18s.  Last read position: chr10:113,941,444
INFO	2016-05-20 04:18:27	FixMateInformation	Processed   101,000,000 records.  Elapsed time: 00:34:11s.  Time for last 1,000,000:   22s.  Last read position: chr12:56,527,147
INFO	2016-05-20 04:18:51	FixMateInformation	Processed   102,000,000 records.  Elapsed time: 00:34:35s.  Time for last 1,000,000:   24s.  Last read position: chr13:24,844,977
INFO	2016-05-20 04:19:13	FixMateInformation	Processed   103,000,000 records.  Elapsed time: 00:34:57s.  Time for last 1,000,000:   21s.  Last read position: chr3:52,283,866
INFO	2016-05-20 04:19:32	FixMateInformation	Processed   104,000,000 records.  Elapsed time: 00:35:17s.  Time for last 1,000,000:   19s.  Last read position: chr14:20,404,565
INFO	2016-05-20 04:19:53	FixMateInformation	Processed   105,000,000 records.  Elapsed time: 00:35:37s.  Time for last 1,000,000:   20s.  Last read position: chr4:843,708
INFO	2016-05-20 04:20:19	FixMateInformation	Processed   106,000,000 records.  Elapsed time: 00:36:03s.  Time for last 1,000,000:   26s.  Last read position: chr3:150,176,533
INFO	2016-05-20 04:20:41	FixMateInformation	Processed   107,000,000 records.  Elapsed time: 00:36:25s.  Time for last 1,000,000:   21s.  Last read position: chr1:204,379,281
INFO	2016-05-20 04:21:04	FixMateInformation	Processed   108,000,000 records.  Elapsed time: 00:36:49s.  Time for last 1,000,000:   23s.  Last read position: chr10:97,050,540
INFO	2016-05-20 04:21:30	FixMateInformation	Processed   109,000,000 records.  Elapsed time: 00:37:14s.  Time for last 1,000,000:   25s.  Last read position: chr9:4,741,005
INFO	2016-05-20 04:21:52	FixMateInformation	Processed   110,000,000 records.  Elapsed time: 00:37:36s.  Time for last 1,000,000:   21s.  Last read position: chr19:19,105,112
INFO	2016-05-20 04:22:14	FixMateInformation	Processed   111,000,000 records.  Elapsed time: 00:37:58s.  Time for last 1,000,000:   22s.  Last read position: chr19:49,813,736
INFO	2016-05-20 04:22:33	FixMateInformation	Processed   112,000,000 records.  Elapsed time: 00:38:17s.  Time for last 1,000,000:   19s.  Last read position: chr15:72,104,561
INFO	2016-05-20 04:22:54	FixMateInformation	Processed   113,000,000 records.  Elapsed time: 00:38:38s.  Time for last 1,000,000:   20s.  Last read position: chr14:25,325,229
INFO	2016-05-20 04:23:14	FixMateInformation	Processed   114,000,000 records.  Elapsed time: 00:38:58s.  Time for last 1,000,000:   20s.  Last read position: chr17:37,778,058
INFO	2016-05-20 04:23:36	FixMateInformation	Processed   115,000,000 records.  Elapsed time: 00:39:20s.  Time for last 1,000,000:   21s.  Last read position: chr16:58,564,183
INFO	2016-05-20 04:23:55	FixMateInformation	Processed   116,000,000 records.  Elapsed time: 00:39:40s.  Time for last 1,000,000:   19s.  Last read position: chr2:91,767,265
INFO	2016-05-20 04:24:18	FixMateInformation	Processed   117,000,000 records.  Elapsed time: 00:40:02s.  Time for last 1,000,000:   22s.  Last read position: chr7:98,547,135
INFO	2016-05-20 04:24:37	FixMateInformation	Processed   118,000,000 records.  Elapsed time: 00:40:22s.  Time for last 1,000,000:   19s.  Last read position: chr16:67,572,651
INFO	2016-05-20 04:24:55	FixMateInformation	Processed   119,000,000 records.  Elapsed time: 00:40:40s.  Time for last 1,000,000:   17s.  Last read position: chr9:138,714,046
INFO	2016-05-20 04:25:12	FixMateInformation	Processed   120,000,000 records.  Elapsed time: 00:40:56s.  Time for last 1,000,000:   16s.  Last read position: chr4:125,590,373
INFO	2016-05-20 04:25:31	FixMateInformation	Processed   121,000,000 records.  Elapsed time: 00:41:15s.  Time for last 1,000,000:   18s.  Last read position: chr7:73,151,648
INFO	2016-05-20 04:25:55	FixMateInformation	Processed   122,000,000 records.  Elapsed time: 00:41:39s.  Time for last 1,000,000:   24s.  Last read position: chr3:51,429,782
INFO	2016-05-20 04:26:25	FixMateInformation	Processed   123,000,000 records.  Elapsed time: 00:42:09s.  Time for last 1,000,000:   30s.  Last read position: chr7:91,863,758
INFO	2016-05-20 04:26:56	FixMateInformation	Processed   124,000,000 records.  Elapsed time: 00:42:40s.  Time for last 1,000,000:   31s.  Last read position: chr11:71,668,178
INFO	2016-05-20 04:27:27	FixMateInformation	Processed   125,000,000 records.  Elapsed time: 00:43:11s.  Time for last 1,000,000:   30s.  Last read position: chr3:58,574,855
INFO	2016-05-20 04:27:52	FixMateInformation	Processed   126,000,000 records.  Elapsed time: 00:43:36s.  Time for last 1,000,000:   25s.  Last read position: chr16:31,488,853
INFO	2016-05-20 04:28:18	FixMateInformation	Processed   127,000,000 records.  Elapsed time: 00:44:03s.  Time for last 1,000,000:   26s.  Last read position: chr12:122,097,197
INFO	2016-05-20 04:28:43	FixMateInformation	Processed   128,000,000 records.  Elapsed time: 00:44:27s.  Time for last 1,000,000:   24s.  Last read position: chr10:98,781,025
INFO	2016-05-20 04:29:04	FixMateInformation	Processed   129,000,000 records.  Elapsed time: 00:44:48s.  Time for last 1,000,000:   20s.  Last read position: chr2:97,017,639
INFO	2016-05-20 04:29:22	FixMateInformation	Processed   130,000,000 records.  Elapsed time: 00:45:06s.  Time for last 1,000,000:   18s.  Last read position: chr6:155,743,927
INFO	2016-05-20 04:29:40	FixMateInformation	Processed   131,000,000 records.  Elapsed time: 00:45:25s.  Time for last 1,000,000:   18s.  Last read position: chr2:148,730,988
INFO	2016-05-20 04:29:58	FixMateInformation	Processed   132,000,000 records.  Elapsed time: 00:45:42s.  Time for last 1,000,000:   17s.  Last read position: chr12:56,565,126
INFO	2016-05-20 04:30:15	FixMateInformation	Processed   133,000,000 records.  Elapsed time: 00:45:59s.  Time for last 1,000,000:   17s.  Last read position: chr19:55,604,072
INFO	2016-05-20 04:30:31	FixMateInformation	Processed   134,000,000 records.  Elapsed time: 00:46:15s.  Time for last 1,000,000:   16s.  Last read position: chr7:36,338,729
INFO	2016-05-20 04:30:49	FixMateInformation	Processed   135,000,000 records.  Elapsed time: 00:46:33s.  Time for last 1,000,000:   17s.  Last read position: chr17:79,994,610
INFO	2016-05-20 04:31:07	FixMateInformation	Processed   136,000,000 records.  Elapsed time: 00:46:51s.  Time for last 1,000,000:   18s.  Last read position: chr15:50,189,570
INFO	2016-05-20 04:31:23	FixMateInformation	Processed   137,000,000 records.  Elapsed time: 00:47:07s.  Time for last 1,000,000:   16s.  Last read position: chr11:32,997,782
INFO	2016-05-20 04:31:39	FixMateInformation	Processed   138,000,000 records.  Elapsed time: 00:47:23s.  Time for last 1,000,000:   15s.  Last read position: chr16:34,748,837
INFO	2016-05-20 04:31:53	FixMateInformation	Processed   139,000,000 records.  Elapsed time: 00:47:37s.  Time for last 1,000,000:   13s.  Last read position: chr22:41,919,027
INFO	2016-05-20 04:32:06	FixMateInformation	Processed   140,000,000 records.  Elapsed time: 00:47:50s.  Time for last 1,000,000:   13s.  Last read position: chr12:11,183,287
INFO	2016-05-20 04:32:22	FixMateInformation	Processed   141,000,000 records.  Elapsed time: 00:48:06s.  Time for last 1,000,000:   15s.  Last read position: chr15:51,012,149
INFO	2016-05-20 04:32:32	FixMateInformation	Finished processing reads; re-sorting output file.
[Fri May 20 05:04:39 EDT 2016] picard.sam.FixMateInformation done. Elapsed time: 115.65 minutes.
Runtime.totalMemory()=1023934464
