[Sun May 15 14:21:06 EDT 2016] picard.sam.SortSam INPUT=p_DS_bkm_102-N.sam OUTPUT=p_DS_bkm_102-N/p_DS_bkm_102-N.sorted.bam SORT_ORDER=coordinate TMP_DIR=[tmp_WT] VALIDATION_STRINGENCY=LENIENT CREATE_INDEX=true    VERBOSITY=INFO QUIET=false COMPRESSION_LEVEL=5 MAX_RECORDS_IN_RAM=500000 CREATE_MD5_FILE=false GA4GH_CLIENT_SECRETS=client_secrets.json
[Sun May 15 14:21:06 EDT 2016] Executing as abdelrahman@compute-1-14.local on Linux 2.6.32-279.14.1.el6.x86_64 amd64; Java HotSpot(TM) 64-Bit Server VM 1.8.0_45-b14; Picard version: 2.3.0(9a00c87b7ffdb01cfb5a0d6e76556146196babb8_1463071327) IntelDeflater
INFO	2016-05-15 14:32:12	SortSam	Read    10,000,000 records.  Elapsed time: 00:11:05s.  Time for last 10,000,000:  665s.  Last read position: chr3:126,390,641
INFO	2016-05-15 14:42:38	SortSam	Read    20,000,000 records.  Elapsed time: 00:21:32s.  Time for last 10,000,000:  626s.  Last read position: chrX:128,964,197
INFO	2016-05-15 14:52:50	SortSam	Read    30,000,000 records.  Elapsed time: 00:31:43s.  Time for last 10,000,000:  611s.  Last read position: chr2:99,237,962
INFO	2016-05-15 15:04:17	SortSam	Read    40,000,000 records.  Elapsed time: 00:43:11s.  Time for last 10,000,000:  687s.  Last read position: chr1:43,908,913
INFO	2016-05-15 15:15:34	SortSam	Read    50,000,000 records.  Elapsed time: 00:54:27s.  Time for last 10,000,000:  676s.  Last read position: chr3:188,925,404
INFO	2016-05-15 15:27:15	SortSam	Read    60,000,000 records.  Elapsed time: 01:06:08s.  Time for last 10,000,000:  701s.  Last read position: chr21:40,899,146
INFO	2016-05-15 15:37:46	SortSam	Read    70,000,000 records.  Elapsed time: 01:16:39s.  Time for last 10,000,000:  630s.  Last read position: chr7:65,441,054
INFO	2016-05-15 15:47:49	SortSam	Read    80,000,000 records.  Elapsed time: 01:26:43s.  Time for last 10,000,000:  603s.  Last read position: chr9:139,369,279
INFO	2016-05-15 15:56:56	SortSam	Read    90,000,000 records.  Elapsed time: 01:35:49s.  Time for last 10,000,000:  546s.  Last read position: */*
INFO	2016-05-15 16:04:04	SortSam	Read   100,000,000 records.  Elapsed time: 01:42:57s.  Time for last 10,000,000:  427s.  Last read position: chr1:145,586,717
INFO	2016-05-15 16:11:07	SortSam	Read   110,000,000 records.  Elapsed time: 01:50:00s.  Time for last 10,000,000:  423s.  Last read position: chr2:10,192,332
INFO	2016-05-15 16:17:15	SortSam	Read   120,000,000 records.  Elapsed time: 01:56:08s.  Time for last 10,000,000:  368s.  Last read position: chr8:24,261,392
INFO	2016-05-15 16:23:30	SortSam	Read   130,000,000 records.  Elapsed time: 02:02:23s.  Time for last 10,000,000:  374s.  Last read position: chr2:97,019,740
INFO	2016-05-15 16:29:17	SortSam	Finished reading inputs, merging and writing to output now.
INFO	2016-05-15 16:36:29	SortSam	Wrote    10,000,000 records from a sorting collection.  Elapsed time: 02:15:22s.  Time for last 10,000,000:  330s.  Last read position: chr1:176,671,702
INFO	2016-05-15 16:39:51	SortSam	Wrote    20,000,000 records from a sorting collection.  Elapsed time: 02:18:44s.  Time for last 10,000,000:  202s.  Last read position: chr2:172,571,928
INFO	2016-05-15 16:41:35	SortSam	Wrote    30,000,000 records from a sorting collection.  Elapsed time: 02:20:28s.  Time for last 10,000,000:  104s.  Last read position: chr3:141,891,099
INFO	2016-05-15 16:45:27	SortSam	Wrote    40,000,000 records from a sorting collection.  Elapsed time: 02:24:20s.  Time for last 10,000,000:  231s.  Last read position: chr5:79,027,361
INFO	2016-05-15 16:49:24	SortSam	Wrote    50,000,000 records from a sorting collection.  Elapsed time: 02:28:17s.  Time for last 10,000,000:  236s.  Last read position: chr6:132,147,638
INFO	2016-05-15 16:54:39	SortSam	Wrote    60,000,000 records from a sorting collection.  Elapsed time: 02:33:32s.  Time for last 10,000,000:  314s.  Last read position: chr8:53,547,331
INFO	2016-05-15 16:57:22	SortSam	Wrote    70,000,000 records from a sorting collection.  Elapsed time: 02:36:15s.  Time for last 10,000,000:  163s.  Last read position: chr10:45,517,348
INFO	2016-05-15 17:00:56	SortSam	Wrote    80,000,000 records from a sorting collection.  Elapsed time: 02:39:49s.  Time for last 10,000,000:  213s.  Last read position: chr11:89,896,426
INFO	2016-05-15 17:02:45	SortSam	Wrote    90,000,000 records from a sorting collection.  Elapsed time: 02:41:39s.  Time for last 10,000,000:  109s.  Last read position: chr13:36,141,006
INFO	2016-05-15 17:04:50	SortSam	Wrote   100,000,000 records from a sorting collection.  Elapsed time: 02:43:43s.  Time for last 10,000,000:  124s.  Last read position: chr15:83,162,705
INFO	2016-05-15 17:06:57	SortSam	Wrote   110,000,000 records from a sorting collection.  Elapsed time: 02:45:51s.  Time for last 10,000,000:  127s.  Last read position: chr17:39,465,105
INFO	2016-05-15 17:08:49	SortSam	Wrote   120,000,000 records from a sorting collection.  Elapsed time: 02:47:43s.  Time for last 10,000,000:  112s.  Last read position: chr19:37,065,759
INFO	2016-05-15 17:10:38	SortSam	Wrote   130,000,000 records from a sorting collection.  Elapsed time: 02:49:31s.  Time for last 10,000,000:  108s.  Last read position: chr22:36,025,731
[Sun May 15 17:12:14 EDT 2016] picard.sam.SortSam done. Elapsed time: 171.13 minutes.
Runtime.totalMemory()=1065353216
[Sun May 15 17:12:15 EDT 2016] picard.sam.markduplicates.MarkDuplicates INPUT=[p_DS_bkm_102-N/p_DS_bkm_102-N.sorted.bam] OUTPUT=p_DS_bkm_102-N/p_DS_bkm_102-N.sorted.MarkDup.bam METRICS_FILE=MarkDup_metrics TMP_DIR=[tmp] VALIDATION_STRINGENCY=SILENT CREATE_INDEX=true    MAX_SEQUENCES_FOR_DISK_READ_ENDS_MAP=50000 MAX_FILE_HANDLES_FOR_READ_ENDS_MAP=8000 SORTING_COLLECTION_SIZE_RATIO=0.25 REMOVE_SEQUENCING_DUPLICATES=false TAGGING_POLICY=DontTag REMOVE_DUPLICATES=false ASSUME_SORTED=false DUPLICATE_SCORING_STRATEGY=SUM_OF_BASE_QUALITIES PROGRAM_RECORD_ID=MarkDuplicates PROGRAM_GROUP_NAME=MarkDuplicates READ_NAME_REGEX=<optimized capture of last three ':' separated fields as numeric values> OPTICAL_DUPLICATE_PIXEL_DISTANCE=100 VERBOSITY=INFO QUIET=false COMPRESSION_LEVEL=5 MAX_RECORDS_IN_RAM=500000 CREATE_MD5_FILE=false GA4GH_CLIENT_SECRETS=client_secrets.json
[Sun May 15 17:12:15 EDT 2016] Executing as abdelrahman@compute-1-14.local on Linux 2.6.32-279.14.1.el6.x86_64 amd64; Java HotSpot(TM) 64-Bit Server VM 1.8.0_45-b14; Picard version: 2.3.0(9a00c87b7ffdb01cfb5a0d6e76556146196babb8_1463071327) IntelDeflater
INFO	2016-05-15 17:12:15	MarkDuplicates	Start of doWork freeMemory: 376525928; totalMemory: 380108800; maxMemory: 13362528256
INFO	2016-05-15 17:12:15	MarkDuplicates	Reading input file and constructing read end information.
INFO	2016-05-15 17:12:15	MarkDuplicates	Will retain up to 51394339 data points before spilling to disk.
INFO	2016-05-15 17:12:27	MarkDuplicates	Read     1,000,000 records.  Elapsed time: 00:00:11s.  Time for last 1,000,000:   11s.  Last read position: chr1:11,849,484
INFO	2016-05-15 17:12:27	MarkDuplicates	Tracking 5661 as yet unmatched pairs. 546 records in RAM.
INFO	2016-05-15 17:12:35	MarkDuplicates	Read     2,000,000 records.  Elapsed time: 00:00:19s.  Time for last 1,000,000:    7s.  Last read position: chr1:23,954,116
INFO	2016-05-15 17:12:35	MarkDuplicates	Tracking 10850 as yet unmatched pairs. 966 records in RAM.
INFO	2016-05-15 17:12:51	MarkDuplicates	Read     3,000,000 records.  Elapsed time: 00:00:34s.  Time for last 1,000,000:   15s.  Last read position: chr1:35,658,547
INFO	2016-05-15 17:12:51	MarkDuplicates	Tracking 15785 as yet unmatched pairs. 1205 records in RAM.
INFO	2016-05-15 17:12:55	MarkDuplicates	Read     4,000,000 records.  Elapsed time: 00:00:39s.  Time for last 1,000,000:    4s.  Last read position: chr1:45,797,448
INFO	2016-05-15 17:12:55	MarkDuplicates	Tracking 20558 as yet unmatched pairs. 1418 records in RAM.
INFO	2016-05-15 17:13:08	MarkDuplicates	Read     5,000,000 records.  Elapsed time: 00:00:52s.  Time for last 1,000,000:   12s.  Last read position: chr1:66,700,730
INFO	2016-05-15 17:13:08	MarkDuplicates	Tracking 26053 as yet unmatched pairs. 1539 records in RAM.
INFO	2016-05-15 17:13:21	MarkDuplicates	Read     6,000,000 records.  Elapsed time: 00:01:05s.  Time for last 1,000,000:   13s.  Last read position: chr1:96,661,106
INFO	2016-05-15 17:13:21	MarkDuplicates	Tracking 32813 as yet unmatched pairs. 1689 records in RAM.
INFO	2016-05-15 17:13:34	MarkDuplicates	Read     7,000,000 records.  Elapsed time: 00:01:18s.  Time for last 1,000,000:   13s.  Last read position: chr1:118,426,186
INFO	2016-05-15 17:13:34	MarkDuplicates	Tracking 38669 as yet unmatched pairs. 1740 records in RAM.
INFO	2016-05-15 17:13:38	MarkDuplicates	Read     8,000,000 records.  Elapsed time: 00:01:22s.  Time for last 1,000,000:    4s.  Last read position: chr1:153,362,866
INFO	2016-05-15 17:13:38	MarkDuplicates	Tracking 45998 as yet unmatched pairs. 1726 records in RAM.
INFO	2016-05-15 17:13:44	MarkDuplicates	Read     9,000,000 records.  Elapsed time: 00:01:27s.  Time for last 1,000,000:    5s.  Last read position: chr1:159,683,353
INFO	2016-05-15 17:13:44	MarkDuplicates	Tracking 49530 as yet unmatched pairs. 1642 records in RAM.
INFO	2016-05-15 17:13:55	MarkDuplicates	Read    10,000,000 records.  Elapsed time: 00:01:38s.  Time for last 1,000,000:   10s.  Last read position: chr1:176,671,702
INFO	2016-05-15 17:13:55	MarkDuplicates	Tracking 54106 as yet unmatched pairs. 1425 records in RAM.
INFO	2016-05-15 17:14:00	MarkDuplicates	Read    11,000,000 records.  Elapsed time: 00:01:44s.  Time for last 1,000,000:    5s.  Last read position: chr1:201,358,202
INFO	2016-05-15 17:14:00	MarkDuplicates	Tracking 59741 as yet unmatched pairs. 1146 records in RAM.
INFO	2016-05-15 17:14:04	MarkDuplicates	Read    12,000,000 records.  Elapsed time: 00:01:48s.  Time for last 1,000,000:    4s.  Last read position: chr1:217,793,284
INFO	2016-05-15 17:14:04	MarkDuplicates	Tracking 64544 as yet unmatched pairs. 914 records in RAM.
INFO	2016-05-15 17:14:11	MarkDuplicates	Read    13,000,000 records.  Elapsed time: 00:01:55s.  Time for last 1,000,000:    6s.  Last read position: chr1:236,766,132
INFO	2016-05-15 17:14:11	MarkDuplicates	Tracking 69816 as yet unmatched pairs. 319 records in RAM.
INFO	2016-05-15 17:14:16	MarkDuplicates	Read    14,000,000 records.  Elapsed time: 00:01:59s.  Time for last 1,000,000:    4s.  Last read position: chr2:17,941,349
INFO	2016-05-15 17:14:16	MarkDuplicates	Tracking 76153 as yet unmatched pairs. 8489 records in RAM.
INFO	2016-05-15 17:14:24	MarkDuplicates	Read    15,000,000 records.  Elapsed time: 00:02:08s.  Time for last 1,000,000:    8s.  Last read position: chr2:33,091,784
INFO	2016-05-15 17:14:24	MarkDuplicates	Tracking 80636 as yet unmatched pairs. 8416 records in RAM.
INFO	2016-05-15 17:14:29	MarkDuplicates	Read    16,000,000 records.  Elapsed time: 00:02:13s.  Time for last 1,000,000:    5s.  Last read position: chr2:61,713,137
INFO	2016-05-15 17:14:29	MarkDuplicates	Tracking 102312 as yet unmatched pairs. 7151 records in RAM.
INFO	2016-05-15 17:14:38	MarkDuplicates	Read    17,000,000 records.  Elapsed time: 00:02:22s.  Time for last 1,000,000:    9s.  Last read position: chr2:85,850,674
INFO	2016-05-15 17:14:38	MarkDuplicates	Tracking 107113 as yet unmatched pairs. 6811 records in RAM.
INFO	2016-05-15 17:14:42	MarkDuplicates	Read    18,000,000 records.  Elapsed time: 00:02:26s.  Time for last 1,000,000:    3s.  Last read position: chr2:111,907,637
INFO	2016-05-15 17:14:42	MarkDuplicates	Tracking 116554 as yet unmatched pairs. 6226 records in RAM.
INFO	2016-05-15 17:14:50	MarkDuplicates	Read    19,000,000 records.  Elapsed time: 00:02:34s.  Time for last 1,000,000:    8s.  Last read position: chr2:145,147,284
INFO	2016-05-15 17:14:50	MarkDuplicates	Tracking 127834 as yet unmatched pairs. 4908 records in RAM.
INFO	2016-05-15 17:14:55	MarkDuplicates	Read    20,000,000 records.  Elapsed time: 00:02:39s.  Time for last 1,000,000:    4s.  Last read position: chr2:172,571,928
INFO	2016-05-15 17:14:55	MarkDuplicates	Tracking 132392 as yet unmatched pairs. 3812 records in RAM.
INFO	2016-05-15 17:15:06	MarkDuplicates	Read    21,000,000 records.  Elapsed time: 00:02:49s.  Time for last 1,000,000:   10s.  Last read position: chr2:191,073,428
INFO	2016-05-15 17:15:06	MarkDuplicates	Tracking 135889 as yet unmatched pairs. 3058 records in RAM.
INFO	2016-05-15 17:15:10	MarkDuplicates	Read    22,000,000 records.  Elapsed time: 00:02:54s.  Time for last 1,000,000:    4s.  Last read position: chr2:215,802,258
INFO	2016-05-15 17:15:10	MarkDuplicates	Tracking 140375 as yet unmatched pairs. 2079 records in RAM.
INFO	2016-05-15 17:15:15	MarkDuplicates	Read    23,000,000 records.  Elapsed time: 00:02:58s.  Time for last 1,000,000:    4s.  Last read position: chr2:232,612,843
INFO	2016-05-15 17:15:15	MarkDuplicates	Tracking 143981 as yet unmatched pairs. 763 records in RAM.
INFO	2016-05-15 17:15:21	MarkDuplicates	Read    24,000,000 records.  Elapsed time: 00:03:05s.  Time for last 1,000,000:    6s.  Last read position: chr3:9,705,737
INFO	2016-05-15 17:15:21	MarkDuplicates	Tracking 147730 as yet unmatched pairs. 8959 records in RAM.
INFO	2016-05-15 17:15:30	MarkDuplicates	Read    25,000,000 records.  Elapsed time: 00:03:14s.  Time for last 1,000,000:    8s.  Last read position: chr3:36,779,976
INFO	2016-05-15 17:15:30	MarkDuplicates	Tracking 152194 as yet unmatched pairs. 8243 records in RAM.
INFO	2016-05-15 17:15:36	MarkDuplicates	Read    26,000,000 records.  Elapsed time: 00:03:19s.  Time for last 1,000,000:    5s.  Last read position: chr3:48,459,865
INFO	2016-05-15 17:15:36	MarkDuplicates	Tracking 154971 as yet unmatched pairs. 7503 records in RAM.
INFO	2016-05-15 17:15:42	MarkDuplicates	Read    27,000,000 records.  Elapsed time: 00:03:25s.  Time for last 1,000,000:    5s.  Last read position: chr3:53,217,508
INFO	2016-05-15 17:15:42	MarkDuplicates	Tracking 157035 as yet unmatched pairs. 6811 records in RAM.
INFO	2016-05-15 17:15:46	MarkDuplicates	Read    28,000,000 records.  Elapsed time: 00:03:30s.  Time for last 1,000,000:    4s.  Last read position: chr3:99,509,692
INFO	2016-05-15 17:15:46	MarkDuplicates	Tracking 162901 as yet unmatched pairs. 5402 records in RAM.
INFO	2016-05-15 17:15:57	MarkDuplicates	Read    29,000,000 records.  Elapsed time: 00:03:40s.  Time for last 1,000,000:   10s.  Last read position: chr3:123,428,873
INFO	2016-05-15 17:15:57	MarkDuplicates	Tracking 166321 as yet unmatched pairs. 4216 records in RAM.
INFO	2016-05-15 17:16:00	MarkDuplicates	Read    30,000,000 records.  Elapsed time: 00:03:44s.  Time for last 1,000,000:    3s.  Last read position: chr3:141,891,099
INFO	2016-05-15 17:16:00	MarkDuplicates	Tracking 169538 as yet unmatched pairs. 3161 records in RAM.
INFO	2016-05-15 17:16:06	MarkDuplicates	Read    31,000,000 records.  Elapsed time: 00:03:50s.  Time for last 1,000,000:    6s.  Last read position: chr3:178,916,844
INFO	2016-05-15 17:16:06	MarkDuplicates	Tracking 173900 as yet unmatched pairs. 1539 records in RAM.
INFO	2016-05-15 17:16:11	MarkDuplicates	Read    32,000,000 records.  Elapsed time: 00:03:55s.  Time for last 1,000,000:    5s.  Last read position: chr3:197,616,401
INFO	2016-05-15 17:16:11	MarkDuplicates	Tracking 177324 as yet unmatched pairs. 224 records in RAM.
INFO	2016-05-15 17:16:19	MarkDuplicates	Read    33,000,000 records.  Elapsed time: 00:04:02s.  Time for last 1,000,000:    7s.  Last read position: chr4:22,390,250
INFO	2016-05-15 17:16:19	MarkDuplicates	Tracking 180550 as yet unmatched pairs. 11378 records in RAM.
INFO	2016-05-15 17:16:25	MarkDuplicates	Read    34,000,000 records.  Elapsed time: 00:04:09s.  Time for last 1,000,000:    6s.  Last read position: chr4:57,307,847
INFO	2016-05-15 17:16:25	MarkDuplicates	Tracking 188328 as yet unmatched pairs. 8347 records in RAM.
INFO	2016-05-15 17:16:36	MarkDuplicates	Read    35,000,000 records.  Elapsed time: 00:04:20s.  Time for last 1,000,000:   11s.  Last read position: chr4:88,372,715
INFO	2016-05-15 17:16:36	MarkDuplicates	Tracking 192328 as yet unmatched pairs. 6014 records in RAM.
INFO	2016-05-15 17:16:40	MarkDuplicates	Read    36,000,000 records.  Elapsed time: 00:04:24s.  Time for last 1,000,000:    3s.  Last read position: chr4:122,617,576
INFO	2016-05-15 17:16:40	MarkDuplicates	Tracking 195853 as yet unmatched pairs. 4287 records in RAM.
INFO	2016-05-15 17:16:45	MarkDuplicates	Read    37,000,000 records.  Elapsed time: 00:04:29s.  Time for last 1,000,000:    5s.  Last read position: chr4:159,603,212
INFO	2016-05-15 17:16:45	MarkDuplicates	Tracking 199478 as yet unmatched pairs. 2170 records in RAM.
INFO	2016-05-15 17:16:51	MarkDuplicates	Read    38,000,000 records.  Elapsed time: 00:04:35s.  Time for last 1,000,000:    5s.  Last read position: chr5:6,631,894
INFO	2016-05-15 17:16:51	MarkDuplicates	Tracking 203039 as yet unmatched pairs. 13435 records in RAM.
INFO	2016-05-15 17:16:58	MarkDuplicates	Read    39,000,000 records.  Elapsed time: 00:04:42s.  Time for last 1,000,000:    6s.  Last read position: chr5:45,696,099
INFO	2016-05-15 17:16:58	MarkDuplicates	Tracking 206659 as yet unmatched pairs. 11175 records in RAM.
INFO	2016-05-15 17:17:02	MarkDuplicates	Read    40,000,000 records.  Elapsed time: 00:04:46s.  Time for last 1,000,000:    3s.  Last read position: chr5:79,027,361
INFO	2016-05-15 17:17:02	MarkDuplicates	Tracking 209777 as yet unmatched pairs. 8673 records in RAM.
INFO	2016-05-15 17:17:14	MarkDuplicates	Read    41,000,000 records.  Elapsed time: 00:04:58s.  Time for last 1,000,000:   12s.  Last read position: chr5:121,488,461
INFO	2016-05-15 17:17:14	MarkDuplicates	Tracking 213181 as yet unmatched pairs. 6204 records in RAM.
INFO	2016-05-15 17:17:19	MarkDuplicates	Read    42,000,000 records.  Elapsed time: 00:05:03s.  Time for last 1,000,000:    4s.  Last read position: chr5:140,306,498
INFO	2016-05-15 17:17:19	MarkDuplicates	Tracking 215348 as yet unmatched pairs. 4284 records in RAM.
INFO	2016-05-15 17:17:26	MarkDuplicates	Read    43,000,000 records.  Elapsed time: 00:05:09s.  Time for last 1,000,000:    6s.  Last read position: chr5:154,190,774
INFO	2016-05-15 17:17:26	MarkDuplicates	Tracking 216891 as yet unmatched pairs. 2801 records in RAM.
INFO	2016-05-15 17:17:30	MarkDuplicates	Read    44,000,000 records.  Elapsed time: 00:05:14s.  Time for last 1,000,000:    4s.  Last read position: chr5:179,020,490
INFO	2016-05-15 17:17:30	MarkDuplicates	Tracking 218952 as yet unmatched pairs. 528 records in RAM.
INFO	2016-05-15 17:17:37	MarkDuplicates	Read    45,000,000 records.  Elapsed time: 00:05:21s.  Time for last 1,000,000:    7s.  Last read position: chr6:25,762,202
INFO	2016-05-15 17:17:37	MarkDuplicates	Tracking 221178 as yet unmatched pairs. 14478 records in RAM.
INFO	2016-05-15 17:17:42	MarkDuplicates	Read    46,000,000 records.  Elapsed time: 00:05:26s.  Time for last 1,000,000:    4s.  Last read position: chr6:31,931,579
INFO	2016-05-15 17:17:42	MarkDuplicates	Tracking 222339 as yet unmatched pairs. 13442 records in RAM.
INFO	2016-05-15 17:17:53	MarkDuplicates	Read    47,000,000 records.  Elapsed time: 00:05:37s.  Time for last 1,000,000:   11s.  Last read position: chr6:41,773,643
INFO	2016-05-15 17:17:54	MarkDuplicates	Tracking 223417 as yet unmatched pairs. 11799 records in RAM.
INFO	2016-05-15 17:18:00	MarkDuplicates	Read    48,000,000 records.  Elapsed time: 00:05:43s.  Time for last 1,000,000:    6s.  Last read position: chr6:57,457,675
INFO	2016-05-15 17:18:00	MarkDuplicates	Tracking 224722 as yet unmatched pairs. 10028 records in RAM.
INFO	2016-05-15 17:18:06	MarkDuplicates	Read    49,000,000 records.  Elapsed time: 00:05:49s.  Time for last 1,000,000:    5s.  Last read position: chr6:100,006,194
INFO	2016-05-15 17:18:06	MarkDuplicates	Tracking 226823 as yet unmatched pairs. 7069 records in RAM.
INFO	2016-05-15 17:18:09	MarkDuplicates	Read    50,000,000 records.  Elapsed time: 00:05:53s.  Time for last 1,000,000:    3s.  Last read position: chr6:132,147,638
INFO	2016-05-15 17:18:09	MarkDuplicates	Tracking 228533 as yet unmatched pairs. 4347 records in RAM.
INFO	2016-05-15 17:18:17	MarkDuplicates	Read    51,000,000 records.  Elapsed time: 00:06:01s.  Time for last 1,000,000:    7s.  Last read position: chr6:158,505,159
INFO	2016-05-15 17:18:17	MarkDuplicates	Tracking 229837 as yet unmatched pairs. 1549 records in RAM.
INFO	2016-05-15 17:19:58	MarkDuplicates	Read    52,000,000 records.  Elapsed time: 00:07:41s.  Time for last 1,000,000:  100s.  Last read position: chr7:7,516,807
INFO	2016-05-15 17:19:58	MarkDuplicates	Tracking 231130 as yet unmatched pairs. 17466 records in RAM.
INFO	2016-05-15 17:20:03	MarkDuplicates	Read    53,000,000 records.  Elapsed time: 00:07:47s.  Time for last 1,000,000:    5s.  Last read position: chr7:40,172,813
INFO	2016-05-15 17:20:03	MarkDuplicates	Tracking 232522 as yet unmatched pairs. 14872 records in RAM.
INFO	2016-05-15 17:20:07	MarkDuplicates	Read    54,000,000 records.  Elapsed time: 00:07:51s.  Time for last 1,000,000:    3s.  Last read position: chr7:75,393,366
INFO	2016-05-15 17:20:07	MarkDuplicates	Tracking 234648 as yet unmatched pairs. 10943 records in RAM.
INFO	2016-05-15 17:20:16	MarkDuplicates	Read    55,000,000 records.  Elapsed time: 00:08:00s.  Time for last 1,000,000:    9s.  Last read position: chr7:99,689,286
INFO	2016-05-15 17:20:16	MarkDuplicates	Tracking 235766 as yet unmatched pairs. 8435 records in RAM.
INFO	2016-05-15 17:20:24	MarkDuplicates	Read    56,000,000 records.  Elapsed time: 00:08:07s.  Time for last 1,000,000:    7s.  Last read position: chr7:116,600,080
INFO	2016-05-15 17:20:24	MarkDuplicates	Tracking 236559 as yet unmatched pairs. 5676 records in RAM.
INFO	2016-05-15 17:20:28	MarkDuplicates	Read    57,000,000 records.  Elapsed time: 00:08:12s.  Time for last 1,000,000:    4s.  Last read position: chr7:140,378,930
INFO	2016-05-15 17:20:28	MarkDuplicates	Tracking 237485 as yet unmatched pairs. 2934 records in RAM.
INFO	2016-05-15 17:20:40	MarkDuplicates	Read    58,000,000 records.  Elapsed time: 00:08:24s.  Time for last 1,000,000:   11s.  Last read position: chr7:157,361,697
INFO	2016-05-15 17:20:40	MarkDuplicates	Tracking 237949 as yet unmatched pairs. 264 records in RAM.
INFO	2016-05-15 17:20:48	MarkDuplicates	Read    59,000,000 records.  Elapsed time: 00:08:32s.  Time for last 1,000,000:    7s.  Last read position: chr8:25,337,466
INFO	2016-05-15 17:20:48	MarkDuplicates	Tracking 238538 as yet unmatched pairs. 14026 records in RAM.
INFO	2016-05-15 17:20:58	MarkDuplicates	Read    60,000,000 records.  Elapsed time: 00:08:41s.  Time for last 1,000,000:    9s.  Last read position: chr8:53,547,331
INFO	2016-05-15 17:20:58	MarkDuplicates	Tracking 239298 as yet unmatched pairs. 10348 records in RAM.
INFO	2016-05-15 17:21:02	MarkDuplicates	Read    61,000,000 records.  Elapsed time: 00:08:45s.  Time for last 1,000,000:    3s.  Last read position: chr8:92,382,101
INFO	2016-05-15 17:21:02	MarkDuplicates	Tracking 240005 as yet unmatched pairs. 6689 records in RAM.
INFO	2016-05-15 17:21:16	MarkDuplicates	Read    62,000,000 records.  Elapsed time: 00:09:00s.  Time for last 1,000,000:   14s.  Last read position: chr8:125,384,032
INFO	2016-05-15 17:21:16	MarkDuplicates	Tracking 240405 as yet unmatched pairs. 3018 records in RAM.
INFO	2016-05-15 17:21:23	MarkDuplicates	Read    63,000,000 records.  Elapsed time: 00:09:06s.  Time for last 1,000,000:    6s.  Last read position: chr9:407,015
INFO	2016-05-15 17:21:23	MarkDuplicates	Tracking 240318 as yet unmatched pairs. 18054 records in RAM.
INFO	2016-05-15 17:21:29	MarkDuplicates	Read    64,000,000 records.  Elapsed time: 00:09:12s.  Time for last 1,000,000:    6s.  Last read position: chr9:34,660,754
INFO	2016-05-15 17:21:29	MarkDuplicates	Tracking 240526 as yet unmatched pairs. 14565 records in RAM.
INFO	2016-05-15 17:21:32	MarkDuplicates	Read    65,000,000 records.  Elapsed time: 00:09:16s.  Time for last 1,000,000:    3s.  Last read position: chr9:86,556,540
INFO	2016-05-15 17:21:32	MarkDuplicates	Tracking 240342 as yet unmatched pairs. 9607 records in RAM.
INFO	2016-05-15 17:21:38	MarkDuplicates	Read    66,000,000 records.  Elapsed time: 00:09:22s.  Time for last 1,000,000:    5s.  Last read position: chr9:111,651,595
INFO	2016-05-15 17:21:38	MarkDuplicates	Tracking 240242 as yet unmatched pairs. 6444 records in RAM.
INFO	2016-05-15 17:21:52	MarkDuplicates	Read    67,000,000 records.  Elapsed time: 00:09:36s.  Time for last 1,000,000:   14s.  Last read position: chr9:129,961,162
INFO	2016-05-15 17:21:52	MarkDuplicates	Tracking 240082 as yet unmatched pairs. 3591 records in RAM.
INFO	2016-05-15 17:22:03	MarkDuplicates	Read    68,000,000 records.  Elapsed time: 00:09:46s.  Time for last 1,000,000:   10s.  Last read position: chr9:138,644,124
INFO	2016-05-15 17:22:03	MarkDuplicates	Tracking 239759 as yet unmatched pairs. 1163 records in RAM.
INFO	2016-05-15 17:22:08	MarkDuplicates	Read    69,000,000 records.  Elapsed time: 00:09:51s.  Time for last 1,000,000:    4s.  Last read position: chr10:15,154,847
INFO	2016-05-15 17:22:08	MarkDuplicates	Tracking 239035 as yet unmatched pairs. 23356 records in RAM.
INFO	2016-05-15 17:22:13	MarkDuplicates	Read    70,000,000 records.  Elapsed time: 00:09:57s.  Time for last 1,000,000:    5s.  Last read position: chr10:45,517,348
INFO	2016-05-15 17:22:13	MarkDuplicates	Tracking 238851 as yet unmatched pairs. 14775 records in RAM.
INFO	2016-05-15 17:22:17	MarkDuplicates	Read    71,000,000 records.  Elapsed time: 00:10:00s.  Time for last 1,000,000:    3s.  Last read position: chr10:74,269,145
INFO	2016-05-15 17:22:17	MarkDuplicates	Tracking 238406 as yet unmatched pairs. 11473 records in RAM.
INFO	2016-05-15 17:22:25	MarkDuplicates	Read    72,000,000 records.  Elapsed time: 00:10:08s.  Time for last 1,000,000:    8s.  Last read position: chr10:96,966,958
INFO	2016-05-15 17:22:25	MarkDuplicates	Tracking 237725 as yet unmatched pairs. 8084 records in RAM.
INFO	2016-05-15 17:22:31	MarkDuplicates	Read    73,000,000 records.  Elapsed time: 00:10:15s.  Time for last 1,000,000:    6s.  Last read position: chr10:112,352,690
INFO	2016-05-15 17:22:31	MarkDuplicates	Tracking 236490 as yet unmatched pairs. 4274 records in RAM.
INFO	2016-05-15 17:22:42	MarkDuplicates	Read    74,000,000 records.  Elapsed time: 00:10:26s.  Time for last 1,000,000:   11s.  Last read position: chr10:134,726,571
INFO	2016-05-15 17:22:42	MarkDuplicates	Tracking 235423 as yet unmatched pairs. 624 records in RAM.
INFO	2016-05-15 17:22:47	MarkDuplicates	Read    75,000,000 records.  Elapsed time: 00:10:31s.  Time for last 1,000,000:    4s.  Last read position: chr11:6,452,589
INFO	2016-05-15 17:22:47	MarkDuplicates	Tracking 234422 as yet unmatched pairs. 23591 records in RAM.
INFO	2016-05-15 17:22:52	MarkDuplicates	Read    76,000,000 records.  Elapsed time: 00:10:36s.  Time for last 1,000,000:    4s.  Last read position: chr11:22,386,908
INFO	2016-05-15 17:22:52	MarkDuplicates	Tracking 233256 as yet unmatched pairs. 20563 records in RAM.
INFO	2016-05-15 17:22:57	MarkDuplicates	Read    77,000,000 records.  Elapsed time: 00:10:41s.  Time for last 1,000,000:    5s.  Last read position: chr11:55,321,923
INFO	2016-05-15 17:22:57	MarkDuplicates	Tracking 232224 as yet unmatched pairs. 15996 records in RAM.
INFO	2016-05-15 17:23:04	MarkDuplicates	Read    78,000,000 records.  Elapsed time: 00:10:48s.  Time for last 1,000,000:    7s.  Last read position: chr11:63,535,967
INFO	2016-05-15 17:23:04	MarkDuplicates	Tracking 231252 as yet unmatched pairs. 13456 records in RAM.
INFO	2016-05-15 17:23:09	MarkDuplicates	Read    79,000,000 records.  Elapsed time: 00:10:52s.  Time for last 1,000,000:    4s.  Last read position: chr11:68,382,509
INFO	2016-05-15 17:23:09	MarkDuplicates	Tracking 230341 as yet unmatched pairs. 11249 records in RAM.
INFO	2016-05-15 17:23:19	MarkDuplicates	Read    80,000,000 records.  Elapsed time: 00:11:02s.  Time for last 1,000,000:   10s.  Last read position: chr11:89,896,426
INFO	2016-05-15 17:23:19	MarkDuplicates	Tracking 229223 as yet unmatched pairs. 7576 records in RAM.
INFO	2016-05-15 17:23:24	MarkDuplicates	Read    81,000,000 records.  Elapsed time: 00:11:08s.  Time for last 1,000,000:    5s.  Last read position: chr11:117,042,314
INFO	2016-05-15 17:23:24	MarkDuplicates	Tracking 227729 as yet unmatched pairs. 3649 records in RAM.
INFO	2016-05-15 17:23:30	MarkDuplicates	Read    82,000,000 records.  Elapsed time: 00:11:13s.  Time for last 1,000,000:    5s.  Last read position: chr11:129,746,786
INFO	2016-05-15 17:23:30	MarkDuplicates	Tracking 226639 as yet unmatched pairs. 831 records in RAM.
INFO	2016-05-15 17:23:38	MarkDuplicates	Read    83,000,000 records.  Elapsed time: 00:11:21s.  Time for last 1,000,000:    7s.  Last read position: chr12:9,094,476
INFO	2016-05-15 17:23:38	MarkDuplicates	Tracking 225323 as yet unmatched pairs. 25786 records in RAM.
INFO	2016-05-15 17:23:42	MarkDuplicates	Read    84,000,000 records.  Elapsed time: 00:11:26s.  Time for last 1,000,000:    4s.  Last read position: chr12:40,637,541
INFO	2016-05-15 17:23:42	MarkDuplicates	Tracking 223472 as yet unmatched pairs. 21151 records in RAM.
INFO	2016-05-15 17:23:49	MarkDuplicates	Read    85,000,000 records.  Elapsed time: 00:11:32s.  Time for last 1,000,000:    6s.  Last read position: chr12:53,097,172
INFO	2016-05-15 17:23:49	MarkDuplicates	Tracking 222256 as yet unmatched pairs. 18305 records in RAM.
INFO	2016-05-15 17:23:52	MarkDuplicates	Read    86,000,000 records.  Elapsed time: 00:11:36s.  Time for last 1,000,000:    3s.  Last read position: chr12:58,145,020
INFO	2016-05-15 17:23:52	MarkDuplicates	Tracking 221063 as yet unmatched pairs. 15956 records in RAM.
INFO	2016-05-15 17:24:05	MarkDuplicates	Read    87,000,000 records.  Elapsed time: 00:11:49s.  Time for last 1,000,000:   12s.  Last read position: chr12:95,602,793
INFO	2016-05-15 17:24:05	MarkDuplicates	Tracking 217793 as yet unmatched pairs. 9485 records in RAM.
INFO	2016-05-15 17:24:10	MarkDuplicates	Read    88,000,000 records.  Elapsed time: 00:11:53s.  Time for last 1,000,000:    4s.  Last read position: chr12:112,622,360
INFO	2016-05-15 17:24:10	MarkDuplicates	Tracking 215667 as yet unmatched pairs. 5479 records in RAM.
INFO	2016-05-15 17:24:14	MarkDuplicates	Read    89,000,000 records.  Elapsed time: 00:11:58s.  Time for last 1,000,000:    4s.  Last read position: chr12:129,457,612
INFO	2016-05-15 17:24:14	MarkDuplicates	Tracking 213376 as yet unmatched pairs. 1130 records in RAM.
INFO	2016-05-15 17:24:21	MarkDuplicates	Read    90,000,000 records.  Elapsed time: 00:12:05s.  Time for last 1,000,000:    6s.  Last read position: chr13:36,141,006
INFO	2016-05-15 17:24:21	MarkDuplicates	Tracking 211050 as yet unmatched pairs. 11316 records in RAM.
INFO	2016-05-15 17:24:29	MarkDuplicates	Read    91,000,000 records.  Elapsed time: 00:12:12s.  Time for last 1,000,000:    7s.  Last read position: chr13:77,720,291
INFO	2016-05-15 17:24:29	MarkDuplicates	Tracking 208037 as yet unmatched pairs. 5506 records in RAM.
INFO	2016-05-15 17:24:33	MarkDuplicates	Read    92,000,000 records.  Elapsed time: 00:12:17s.  Time for last 1,000,000:    4s.  Last read position: chr14:20,502,204
INFO	2016-05-15 17:24:33	MarkDuplicates	Tracking 204659 as yet unmatched pairs. 18442 records in RAM.
INFO	2016-05-15 17:24:41	MarkDuplicates	Read    93,000,000 records.  Elapsed time: 00:12:25s.  Time for last 1,000,000:    7s.  Last read position: chr14:31,781,999
INFO	2016-05-15 17:24:41	MarkDuplicates	Tracking 202721 as yet unmatched pairs. 15323 records in RAM.
INFO	2016-05-15 17:24:45	MarkDuplicates	Read    94,000,000 records.  Elapsed time: 00:12:29s.  Time for last 1,000,000:    4s.  Last read position: chr14:62,547,800
INFO	2016-05-15 17:24:45	MarkDuplicates	Tracking 199671 as yet unmatched pairs. 10169 records in RAM.
INFO	2016-05-15 17:24:56	MarkDuplicates	Read    95,000,000 records.  Elapsed time: 00:12:39s.  Time for last 1,000,000:   10s.  Last read position: chr14:79,111,588
INFO	2016-05-15 17:24:56	MarkDuplicates	Tracking 197126 as yet unmatched pairs. 5948 records in RAM.
INFO	2016-05-15 17:25:02	MarkDuplicates	Read    96,000,000 records.  Elapsed time: 00:12:46s.  Time for last 1,000,000:    6s.  Last read position: chr14:104,056,341
INFO	2016-05-15 17:25:02	MarkDuplicates	Tracking 194064 as yet unmatched pairs. 981 records in RAM.
INFO	2016-05-15 17:25:10	MarkDuplicates	Read    97,000,000 records.  Elapsed time: 00:12:53s.  Time for last 1,000,000:    7s.  Last read position: chr15:38,804,071
INFO	2016-05-15 17:25:10	MarkDuplicates	Tracking 191174 as yet unmatched pairs. 16140 records in RAM.
INFO	2016-05-15 17:25:15	MarkDuplicates	Read    98,000,000 records.  Elapsed time: 00:12:59s.  Time for last 1,000,000:    5s.  Last read position: chr15:48,623,614
INFO	2016-05-15 17:25:15	MarkDuplicates	Tracking 189095 as yet unmatched pairs. 12952 records in RAM.
INFO	2016-05-15 17:25:22	MarkDuplicates	Read    99,000,000 records.  Elapsed time: 00:13:06s.  Time for last 1,000,000:    6s.  Last read position: chr15:66,222,018
INFO	2016-05-15 17:25:22	MarkDuplicates	Tracking 185990 as yet unmatched pairs. 8381 records in RAM.
INFO	2016-05-15 17:25:27	MarkDuplicates	Read   100,000,000 records.  Elapsed time: 00:13:10s.  Time for last 1,000,000:    4s.  Last read position: chr15:83,162,705
INFO	2016-05-15 17:25:27	MarkDuplicates	Tracking 183072 as yet unmatched pairs. 4061 records in RAM.
INFO	2016-05-15 17:25:30	MarkDuplicates	Read   101,000,000 records.  Elapsed time: 00:13:14s.  Time for last 1,000,000:    3s.  Last read position: chr16:684,963
INFO	2016-05-15 17:25:30	MarkDuplicates	Tracking 180016 as yet unmatched pairs. 27602 records in RAM.
INFO	2016-05-15 17:25:36	MarkDuplicates	Read   102,000,000 records.  Elapsed time: 00:13:20s.  Time for last 1,000,000:    5s.  Last read position: chr16:9,857,955
INFO	2016-05-15 17:25:36	MarkDuplicates	Tracking 177184 as yet unmatched pairs. 23845 records in RAM.
INFO	2016-05-15 17:25:41	MarkDuplicates	Read   103,000,000 records.  Elapsed time: 00:13:24s.  Time for last 1,000,000:    4s.  Last read position: chr16:28,606,841
INFO	2016-05-15 17:25:41	MarkDuplicates	Tracking 173329 as yet unmatched pairs. 18653 records in RAM.
INFO	2016-05-15 17:28:47	MarkDuplicates	Read   104,000,000 records.  Elapsed time: 00:16:30s.  Time for last 1,000,000:  185s.  Last read position: chr16:53,487,459
INFO	2016-05-15 17:28:47	MarkDuplicates	Tracking 168006 as yet unmatched pairs. 10640 records in RAM.
INFO	2016-05-15 17:28:52	MarkDuplicates	Read   105,000,000 records.  Elapsed time: 00:16:36s.  Time for last 1,000,000:    5s.  Last read position: chr16:69,317,957
INFO	2016-05-15 17:28:52	MarkDuplicates	Tracking 164927 as yet unmatched pairs. 6494 records in RAM.
INFO	2016-05-15 17:28:57	MarkDuplicates	Read   106,000,000 records.  Elapsed time: 00:16:41s.  Time for last 1,000,000:    4s.  Last read position: chr16:88,281,381
INFO	2016-05-15 17:28:57	MarkDuplicates	Tracking 160901 as yet unmatched pairs. 1056 records in RAM.
INFO	2016-05-15 17:29:01	MarkDuplicates	Read   107,000,000 records.  Elapsed time: 00:16:45s.  Time for last 1,000,000:    4s.  Last read position: chr17:5,266,190
INFO	2016-05-15 17:29:01	MarkDuplicates	Tracking 158094 as yet unmatched pairs. 28699 records in RAM.
INFO	2016-05-15 17:29:08	MarkDuplicates	Read   108,000,000 records.  Elapsed time: 00:16:52s.  Time for last 1,000,000:    6s.  Last read position: chr17:12,847,294
INFO	2016-05-15 17:29:08	MarkDuplicates	Tracking 155663 as yet unmatched pairs. 25605 records in RAM.
INFO	2016-05-15 17:29:14	MarkDuplicates	Read   109,000,000 records.  Elapsed time: 00:16:58s.  Time for last 1,000,000:    5s.  Last read position: chr17:28,656,385
INFO	2016-05-15 17:29:14	MarkDuplicates	Tracking 151877 as yet unmatched pairs. 20696 records in RAM.
INFO	2016-05-15 17:29:22	MarkDuplicates	Read   110,000,000 records.  Elapsed time: 00:17:06s.  Time for last 1,000,000:    7s.  Last read position: chr17:39,465,105
INFO	2016-05-15 17:29:22	MarkDuplicates	Tracking 148381 as yet unmatched pairs. 16389 records in RAM.
INFO	2016-05-15 17:29:27	MarkDuplicates	Read   111,000,000 records.  Elapsed time: 00:17:11s.  Time for last 1,000,000:    4s.  Last read position: chr17:46,928,433
INFO	2016-05-15 17:29:27	MarkDuplicates	Tracking 144638 as yet unmatched pairs. 11811 records in RAM.
INFO	2016-05-15 17:29:37	MarkDuplicates	Read   112,000,000 records.  Elapsed time: 00:17:20s.  Time for last 1,000,000:    9s.  Last read position: chr17:61,995,058
INFO	2016-05-15 17:29:37	MarkDuplicates	Tracking 141020 as yet unmatched pairs. 7378 records in RAM.
INFO	2016-05-15 17:29:42	MarkDuplicates	Read   113,000,000 records.  Elapsed time: 00:17:26s.  Time for last 1,000,000:    5s.  Last read position: chr17:74,740,260
INFO	2016-05-15 17:29:42	MarkDuplicates	Tracking 137297 as yet unmatched pairs. 2855 records in RAM.
INFO	2016-05-15 17:29:52	MarkDuplicates	Read   114,000,000 records.  Elapsed time: 00:17:35s.  Time for last 1,000,000:    9s.  Last read position: chr18:8,213,441
INFO	2016-05-15 17:29:52	MarkDuplicates	Tracking 133730 as yet unmatched pairs. 15222 records in RAM.
INFO	2016-05-15 17:29:56	MarkDuplicates	Read   115,000,000 records.  Elapsed time: 00:17:39s.  Time for last 1,000,000:    3s.  Last read position: chr18:43,458,343
INFO	2016-05-15 17:29:56	MarkDuplicates	Tracking 126864 as yet unmatched pairs. 6998 records in RAM.
INFO	2016-05-15 17:30:06	MarkDuplicates	Read   116,000,000 records.  Elapsed time: 00:17:50s.  Time for last 1,000,000:   10s.  Last read position: chr19:579,521
INFO	2016-05-15 17:30:06	MarkDuplicates	Tracking 120849 as yet unmatched pairs. 34405 records in RAM.
INFO	2016-05-15 17:30:12	MarkDuplicates	Read   117,000,000 records.  Elapsed time: 00:17:56s.  Time for last 1,000,000:    5s.  Last read position: chr19:6,972,140
INFO	2016-05-15 17:30:12	MarkDuplicates	Tracking 117097 as yet unmatched pairs. 30200 records in RAM.
INFO	2016-05-15 17:30:19	MarkDuplicates	Read   118,000,000 records.  Elapsed time: 00:18:03s.  Time for last 1,000,000:    7s.  Last read position: chr19:12,429,958
INFO	2016-05-15 17:30:19	MarkDuplicates	Tracking 113613 as yet unmatched pairs. 26214 records in RAM.
INFO	2016-05-15 17:30:26	MarkDuplicates	Read   119,000,000 records.  Elapsed time: 00:18:09s.  Time for last 1,000,000:    6s.  Last read position: chr19:18,538,115
INFO	2016-05-15 17:30:26	MarkDuplicates	Tracking 110078 as yet unmatched pairs. 22195 records in RAM.
INFO	2016-05-15 17:30:30	MarkDuplicates	Read   120,000,000 records.  Elapsed time: 00:18:13s.  Time for last 1,000,000:    4s.  Last read position: chr19:37,065,759
INFO	2016-05-15 17:30:30	MarkDuplicates	Tracking 103188 as yet unmatched pairs. 14580 records in RAM.
INFO	2016-05-15 17:30:41	MarkDuplicates	Read   121,000,000 records.  Elapsed time: 00:18:25s.  Time for last 1,000,000:   11s.  Last read position: chr19:43,025,868
INFO	2016-05-15 17:30:41	MarkDuplicates	Tracking 99753 as yet unmatched pairs. 10748 records in RAM.
INFO	2016-05-15 17:30:45	MarkDuplicates	Read   122,000,000 records.  Elapsed time: 00:18:29s.  Time for last 1,000,000:    4s.  Last read position: chr19:49,812,425
INFO	2016-05-15 17:30:45	MarkDuplicates	Tracking 95878 as yet unmatched pairs. 6398 records in RAM.
INFO	2016-05-15 17:30:52	MarkDuplicates	Read   123,000,000 records.  Elapsed time: 00:18:35s.  Time for last 1,000,000:    6s.  Last read position: chr19:55,593,553
INFO	2016-05-15 17:30:52	MarkDuplicates	Tracking 92328 as yet unmatched pairs. 2375 records in RAM.
INFO	2016-05-15 17:30:56	MarkDuplicates	Read   124,000,000 records.  Elapsed time: 00:18:40s.  Time for last 1,000,000:    4s.  Last read position: chr20:3,847,627
INFO	2016-05-15 17:30:56	MarkDuplicates	Tracking 89033 as yet unmatched pairs. 17521 records in RAM.
INFO	2016-05-15 17:31:03	MarkDuplicates	Read   125,000,000 records.  Elapsed time: 00:18:47s.  Time for last 1,000,000:    6s.  Last read position: chr20:32,264,779
INFO	2016-05-15 17:31:03	MarkDuplicates	Tracking 83409 as yet unmatched pairs. 10424 records in RAM.
INFO	2016-05-15 17:31:09	MarkDuplicates	Read   126,000,000 records.  Elapsed time: 00:18:53s.  Time for last 1,000,000:    6s.  Last read position: chr20:45,129,923
INFO	2016-05-15 17:31:09	MarkDuplicates	Tracking 79078 as yet unmatched pairs. 5644 records in RAM.
INFO	2016-05-15 17:31:16	MarkDuplicates	Read   127,000,000 records.  Elapsed time: 00:18:59s.  Time for last 1,000,000:    6s.  Last read position: chr20:62,608,402
INFO	2016-05-15 17:31:16	MarkDuplicates	Tracking 74159 as yet unmatched pairs. 295 records in RAM.
INFO	2016-05-15 17:31:22	MarkDuplicates	Read   128,000,000 records.  Elapsed time: 00:19:05s.  Time for last 1,000,000:    6s.  Last read position: chr21:42,854,468
INFO	2016-05-15 17:31:22	MarkDuplicates	Tracking 64814 as yet unmatched pairs. 2312 records in RAM.
INFO	2016-05-15 17:31:35	MarkDuplicates	Read   129,000,000 records.  Elapsed time: 00:19:18s.  Time for last 1,000,000:   12s.  Last read position: chr22:22,325,387
INFO	2016-05-15 17:31:35	MarkDuplicates	Tracking 60569 as yet unmatched pairs. 11594 records in RAM.
INFO	2016-05-15 17:31:39	MarkDuplicates	Read   130,000,000 records.  Elapsed time: 00:19:23s.  Time for last 1,000,000:    4s.  Last read position: chr22:36,025,731
INFO	2016-05-15 17:31:39	MarkDuplicates	Tracking 55790 as yet unmatched pairs. 6519 records in RAM.
INFO	2016-05-15 17:31:47	MarkDuplicates	Read   131,000,000 records.  Elapsed time: 00:19:31s.  Time for last 1,000,000:    8s.  Last read position: chr22:46,654,414
INFO	2016-05-15 17:31:47	MarkDuplicates	Tracking 51439 as yet unmatched pairs. 1921 records in RAM.
INFO	2016-05-15 17:31:56	MarkDuplicates	Read   132,000,000 records.  Elapsed time: 00:19:40s.  Time for last 1,000,000:    8s.  Last read position: chrX:19,989,467
INFO	2016-05-15 17:31:56	MarkDuplicates	Tracking 44935 as yet unmatched pairs. 33007 records in RAM.
INFO	2016-05-15 17:32:03	MarkDuplicates	Read   133,000,000 records.  Elapsed time: 00:19:47s.  Time for last 1,000,000:    7s.  Last read position: chrX:48,768,919
INFO	2016-05-15 17:32:03	MarkDuplicates	Tracking 38318 as yet unmatched pairs. 26360 records in RAM.
INFO	2016-05-15 17:32:08	MarkDuplicates	Read   134,000,000 records.  Elapsed time: 00:19:52s.  Time for last 1,000,000:    4s.  Last read position: chrX:70,644,128
INFO	2016-05-15 17:32:08	MarkDuplicates	Tracking 32022 as yet unmatched pairs. 20028 records in RAM.
INFO	2016-05-15 17:32:14	MarkDuplicates	Read   135,000,000 records.  Elapsed time: 00:19:58s.  Time for last 1,000,000:    6s.  Last read position: chrX:106,844,719
INFO	2016-05-15 17:32:14	MarkDuplicates	Tracking 24830 as yet unmatched pairs. 12789 records in RAM.
INFO	2016-05-15 17:32:24	MarkDuplicates	Read   136,000,000 records.  Elapsed time: 00:20:08s.  Time for last 1,000,000:    9s.  Last read position: chrX:135,313,951
INFO	2016-05-15 17:32:24	MarkDuplicates	Tracking 17971 as yet unmatched pairs. 5876 records in RAM.
INFO	2016-05-15 17:32:31	MarkDuplicates	Read 136947411 records. 0 pairs never matched.
INFO	2016-05-15 17:34:14	MarkDuplicates	After buildSortedReadEndLists freeMemory: 8863674816; totalMemory: 8954314752; maxMemory: 13362528256
INFO	2016-05-15 17:34:14	MarkDuplicates	Will retain up to 417579008 duplicate indices before spilling to disk.
INFO	2016-05-15 17:34:15	MarkDuplicates	Traversing read pair information and detecting duplicates.
INFO	2016-05-15 17:35:25	MarkDuplicates	Traversing fragment information and detecting duplicates.
INFO	2016-05-15 17:37:09	MarkDuplicates	Sorting list of duplicate records.
INFO	2016-05-15 17:37:10	MarkDuplicates	After generateDuplicateIndexes freeMemory: 6908066656; totalMemory: 10336862208; maxMemory: 13362528256
INFO	2016-05-15 17:37:10	MarkDuplicates	Marking 8272014 records as duplicates.
INFO	2016-05-15 17:37:10	MarkDuplicates	Found 2498 optical duplicate clusters.
INFO	2016-05-15 17:37:11	MarkDuplicates	Reads are assumed to be ordered by: coordinate
INFO	2016-05-15 17:39:42	MarkDuplicates	Written    10,000,000 records.  Elapsed time: 00:02:31s.  Time for last 10,000,000:  151s.  Last read position: chr1:176,671,702
INFO	2016-05-15 17:42:15	MarkDuplicates	Written    20,000,000 records.  Elapsed time: 00:05:04s.  Time for last 10,000,000:  152s.  Last read position: chr2:172,571,928
INFO	2016-05-15 17:44:45	MarkDuplicates	Written    30,000,000 records.  Elapsed time: 00:07:33s.  Time for last 10,000,000:  149s.  Last read position: chr3:141,891,099
INFO	2016-05-15 17:47:19	MarkDuplicates	Written    40,000,000 records.  Elapsed time: 00:10:08s.  Time for last 10,000,000:  154s.  Last read position: chr5:79,027,361
INFO	2016-05-15 17:50:17	MarkDuplicates	Written    50,000,000 records.  Elapsed time: 00:13:05s.  Time for last 10,000,000:  177s.  Last read position: chr6:132,147,638
INFO	2016-05-15 17:52:53	MarkDuplicates	Written    60,000,000 records.  Elapsed time: 00:15:42s.  Time for last 10,000,000:  156s.  Last read position: chr8:53,547,331
INFO	2016-05-15 17:55:36	MarkDuplicates	Written    70,000,000 records.  Elapsed time: 00:18:25s.  Time for last 10,000,000:  163s.  Last read position: chr10:45,517,348
INFO	2016-05-15 17:58:20	MarkDuplicates	Written    80,000,000 records.  Elapsed time: 00:21:09s.  Time for last 10,000,000:  163s.  Last read position: chr11:89,896,426
INFO	2016-05-15 18:01:01	MarkDuplicates	Written    90,000,000 records.  Elapsed time: 00:23:49s.  Time for last 10,000,000:  160s.  Last read position: chr13:36,141,006
INFO	2016-05-15 18:03:34	MarkDuplicates	Written   100,000,000 records.  Elapsed time: 00:26:23s.  Time for last 10,000,000:  153s.  Last read position: chr15:83,162,705
INFO	2016-05-15 18:06:02	MarkDuplicates	Written   110,000,000 records.  Elapsed time: 00:28:51s.  Time for last 10,000,000:  147s.  Last read position: chr17:39,465,105
INFO	2016-05-15 18:08:27	MarkDuplicates	Written   120,000,000 records.  Elapsed time: 00:31:16s.  Time for last 10,000,000:  145s.  Last read position: chr19:37,065,759
INFO	2016-05-15 18:10:53	MarkDuplicates	Written   130,000,000 records.  Elapsed time: 00:33:41s.  Time for last 10,000,000:  145s.  Last read position: chr22:36,025,731
INFO	2016-05-15 18:12:40	MarkDuplicates	Before output close freeMemory: 10319366088; totalMemory: 10417078272; maxMemory: 13362528256
INFO	2016-05-15 18:12:45	MarkDuplicates	After output close freeMemory: 10309927952; totalMemory: 10407641088; maxMemory: 13362528256
[Sun May 15 18:12:46 EDT 2016] picard.sam.markduplicates.MarkDuplicates done. Elapsed time: 60.50 minutes.
Runtime.totalMemory()=10407641088
[Sun May 15 18:12:50 EDT 2016] picard.sam.AddOrReplaceReadGroups INPUT=p_DS_bkm_102-N/p_DS_bkm_102-N.sorted.MarkDup.bam OUTPUT=p_DS_bkm_102-N/p_DS_bkm_102-N.sorted.MarkDup.fixed.bam SORT_ORDER=coordinate RGID=id RGLB=bar RGPL=Illumina RGPU=platform RGSM=sample1 TMP_DIR=[tmp] VALIDATION_STRINGENCY=SILENT CREATE_INDEX=true    VERBOSITY=INFO QUIET=false COMPRESSION_LEVEL=5 MAX_RECORDS_IN_RAM=500000 CREATE_MD5_FILE=false GA4GH_CLIENT_SECRETS=client_secrets.json
[Sun May 15 18:12:50 EDT 2016] Executing as abdelrahman@compute-1-14.local on Linux 2.6.32-279.14.1.el6.x86_64 amd64; Java HotSpot(TM) 64-Bit Server VM 1.8.0_45-b14; Picard version: 2.3.0(9a00c87b7ffdb01cfb5a0d6e76556146196babb8_1463071327) IntelDeflater
INFO	2016-05-15 18:12:50	AddOrReplaceReadGroups	Created read group ID=id PL=Illumina LB=bar SM=sample1

INFO	2016-05-15 18:13:04	AddOrReplaceReadGroups	Processed     1,000,000 records.  Elapsed time: 00:00:14s.  Time for last 1,000,000:   14s.  Last read position: chr1:11,849,484
INFO	2016-05-15 18:13:18	AddOrReplaceReadGroups	Processed     2,000,000 records.  Elapsed time: 00:00:28s.  Time for last 1,000,000:   14s.  Last read position: chr1:23,954,116
INFO	2016-05-15 18:13:37	AddOrReplaceReadGroups	Processed     3,000,000 records.  Elapsed time: 00:00:46s.  Time for last 1,000,000:   18s.  Last read position: chr1:35,658,547
INFO	2016-05-15 18:13:52	AddOrReplaceReadGroups	Processed     4,000,000 records.  Elapsed time: 00:01:01s.  Time for last 1,000,000:   14s.  Last read position: chr1:45,797,448
INFO	2016-05-15 18:14:12	AddOrReplaceReadGroups	Processed     5,000,000 records.  Elapsed time: 00:01:21s.  Time for last 1,000,000:   20s.  Last read position: chr1:66,700,730
INFO	2016-05-15 18:14:29	AddOrReplaceReadGroups	Processed     6,000,000 records.  Elapsed time: 00:01:38s.  Time for last 1,000,000:   16s.  Last read position: chr1:96,661,106
INFO	2016-05-15 18:14:49	AddOrReplaceReadGroups	Processed     7,000,000 records.  Elapsed time: 00:01:59s.  Time for last 1,000,000:   20s.  Last read position: chr1:118,426,186
INFO	2016-05-15 18:15:07	AddOrReplaceReadGroups	Processed     8,000,000 records.  Elapsed time: 00:02:17s.  Time for last 1,000,000:   18s.  Last read position: chr1:153,362,866
INFO	2016-05-15 18:15:24	AddOrReplaceReadGroups	Processed     9,000,000 records.  Elapsed time: 00:02:33s.  Time for last 1,000,000:   16s.  Last read position: chr1:159,683,353
INFO	2016-05-15 18:15:45	AddOrReplaceReadGroups	Processed    10,000,000 records.  Elapsed time: 00:02:54s.  Time for last 1,000,000:   21s.  Last read position: chr1:176,671,702
INFO	2016-05-15 18:16:00	AddOrReplaceReadGroups	Processed    11,000,000 records.  Elapsed time: 00:03:09s.  Time for last 1,000,000:   14s.  Last read position: chr1:201,358,202
INFO	2016-05-15 18:16:15	AddOrReplaceReadGroups	Processed    12,000,000 records.  Elapsed time: 00:03:24s.  Time for last 1,000,000:   14s.  Last read position: chr1:217,793,284
INFO	2016-05-15 18:16:38	AddOrReplaceReadGroups	Processed    13,000,000 records.  Elapsed time: 00:03:47s.  Time for last 1,000,000:   22s.  Last read position: chr1:236,766,132
INFO	2016-05-15 18:16:54	AddOrReplaceReadGroups	Processed    14,000,000 records.  Elapsed time: 00:04:03s.  Time for last 1,000,000:   15s.  Last read position: chr2:17,941,349
INFO	2016-05-15 18:17:09	AddOrReplaceReadGroups	Processed    15,000,000 records.  Elapsed time: 00:04:18s.  Time for last 1,000,000:   15s.  Last read position: chr2:33,091,784
INFO	2016-05-15 18:17:25	AddOrReplaceReadGroups	Processed    16,000,000 records.  Elapsed time: 00:04:35s.  Time for last 1,000,000:   16s.  Last read position: chr2:61,713,137
INFO	2016-05-15 18:17:42	AddOrReplaceReadGroups	Processed    17,000,000 records.  Elapsed time: 00:04:52s.  Time for last 1,000,000:   17s.  Last read position: chr2:85,850,674
INFO	2016-05-15 18:17:57	AddOrReplaceReadGroups	Processed    18,000,000 records.  Elapsed time: 00:05:06s.  Time for last 1,000,000:   14s.  Last read position: chr2:111,907,637
INFO	2016-05-15 18:18:13	AddOrReplaceReadGroups	Processed    19,000,000 records.  Elapsed time: 00:05:23s.  Time for last 1,000,000:   16s.  Last read position: chr2:145,147,284
INFO	2016-05-15 18:18:29	AddOrReplaceReadGroups	Processed    20,000,000 records.  Elapsed time: 00:05:38s.  Time for last 1,000,000:   15s.  Last read position: chr2:172,571,928
INFO	2016-05-15 18:18:47	AddOrReplaceReadGroups	Processed    21,000,000 records.  Elapsed time: 00:05:56s.  Time for last 1,000,000:   17s.  Last read position: chr2:191,073,428
INFO	2016-05-15 18:19:00	AddOrReplaceReadGroups	Processed    22,000,000 records.  Elapsed time: 00:06:09s.  Time for last 1,000,000:   13s.  Last read position: chr2:215,802,258
INFO	2016-05-15 18:19:16	AddOrReplaceReadGroups	Processed    23,000,000 records.  Elapsed time: 00:06:26s.  Time for last 1,000,000:   16s.  Last read position: chr2:232,612,843
INFO	2016-05-15 18:19:30	AddOrReplaceReadGroups	Processed    24,000,000 records.  Elapsed time: 00:06:39s.  Time for last 1,000,000:   13s.  Last read position: chr3:9,705,737
INFO	2016-05-15 18:19:49	AddOrReplaceReadGroups	Processed    25,000,000 records.  Elapsed time: 00:06:58s.  Time for last 1,000,000:   18s.  Last read position: chr3:36,779,976
INFO	2016-05-15 18:20:03	AddOrReplaceReadGroups	Processed    26,000,000 records.  Elapsed time: 00:07:12s.  Time for last 1,000,000:   14s.  Last read position: chr3:48,459,865
INFO	2016-05-15 18:20:21	AddOrReplaceReadGroups	Processed    27,000,000 records.  Elapsed time: 00:07:30s.  Time for last 1,000,000:   17s.  Last read position: chr3:53,217,508
INFO	2016-05-15 18:20:42	AddOrReplaceReadGroups	Processed    28,000,000 records.  Elapsed time: 00:07:51s.  Time for last 1,000,000:   20s.  Last read position: chr3:99,509,692
INFO	2016-05-15 18:20:58	AddOrReplaceReadGroups	Processed    29,000,000 records.  Elapsed time: 00:08:08s.  Time for last 1,000,000:   16s.  Last read position: chr3:123,428,873
INFO	2016-05-15 18:21:16	AddOrReplaceReadGroups	Processed    30,000,000 records.  Elapsed time: 00:08:26s.  Time for last 1,000,000:   18s.  Last read position: chr3:141,891,099
INFO	2016-05-15 18:21:32	AddOrReplaceReadGroups	Processed    31,000,000 records.  Elapsed time: 00:08:41s.  Time for last 1,000,000:   15s.  Last read position: chr3:178,916,844
INFO	2016-05-15 18:21:47	AddOrReplaceReadGroups	Processed    32,000,000 records.  Elapsed time: 00:08:56s.  Time for last 1,000,000:   14s.  Last read position: chr3:197,616,401
INFO	2016-05-15 18:22:05	AddOrReplaceReadGroups	Processed    33,000,000 records.  Elapsed time: 00:09:14s.  Time for last 1,000,000:   17s.  Last read position: chr4:22,390,250
INFO	2016-05-15 18:22:23	AddOrReplaceReadGroups	Processed    34,000,000 records.  Elapsed time: 00:09:32s.  Time for last 1,000,000:   17s.  Last read position: chr4:57,307,847
INFO	2016-05-15 18:22:37	AddOrReplaceReadGroups	Processed    35,000,000 records.  Elapsed time: 00:09:46s.  Time for last 1,000,000:   13s.  Last read position: chr4:88,372,715
INFO	2016-05-15 18:22:57	AddOrReplaceReadGroups	Processed    36,000,000 records.  Elapsed time: 00:10:07s.  Time for last 1,000,000:   20s.  Last read position: chr4:122,617,576
INFO	2016-05-15 18:23:15	AddOrReplaceReadGroups	Processed    37,000,000 records.  Elapsed time: 00:10:24s.  Time for last 1,000,000:   17s.  Last read position: chr4:159,603,212
INFO	2016-05-15 18:23:30	AddOrReplaceReadGroups	Processed    38,000,000 records.  Elapsed time: 00:10:39s.  Time for last 1,000,000:   14s.  Last read position: chr5:6,631,894
INFO	2016-05-15 18:23:44	AddOrReplaceReadGroups	Processed    39,000,000 records.  Elapsed time: 00:10:53s.  Time for last 1,000,000:   14s.  Last read position: chr5:45,696,099
INFO	2016-05-15 18:24:04	AddOrReplaceReadGroups	Processed    40,000,000 records.  Elapsed time: 00:11:14s.  Time for last 1,000,000:   20s.  Last read position: chr5:79,027,361
INFO	2016-05-15 18:24:21	AddOrReplaceReadGroups	Processed    41,000,000 records.  Elapsed time: 00:11:30s.  Time for last 1,000,000:   16s.  Last read position: chr5:121,488,461
INFO	2016-05-15 18:24:38	AddOrReplaceReadGroups	Processed    42,000,000 records.  Elapsed time: 00:11:48s.  Time for last 1,000,000:   17s.  Last read position: chr5:140,306,498
INFO	2016-05-15 18:25:02	AddOrReplaceReadGroups	Processed    43,000,000 records.  Elapsed time: 00:12:12s.  Time for last 1,000,000:   23s.  Last read position: chr5:154,190,774
INFO	2016-05-15 18:25:18	AddOrReplaceReadGroups	Processed    44,000,000 records.  Elapsed time: 00:12:27s.  Time for last 1,000,000:   15s.  Last read position: chr5:179,020,490
INFO	2016-05-15 18:25:38	AddOrReplaceReadGroups	Processed    45,000,000 records.  Elapsed time: 00:12:47s.  Time for last 1,000,000:   20s.  Last read position: chr6:25,762,202
INFO	2016-05-15 18:25:56	AddOrReplaceReadGroups	Processed    46,000,000 records.  Elapsed time: 00:13:05s.  Time for last 1,000,000:   17s.  Last read position: chr6:31,931,579
INFO	2016-05-15 18:26:11	AddOrReplaceReadGroups	Processed    47,000,000 records.  Elapsed time: 00:13:21s.  Time for last 1,000,000:   15s.  Last read position: chr6:41,773,643
INFO	2016-05-15 18:26:33	AddOrReplaceReadGroups	Processed    48,000,000 records.  Elapsed time: 00:13:42s.  Time for last 1,000,000:   21s.  Last read position: chr6:57,457,675
INFO	2016-05-15 18:26:47	AddOrReplaceReadGroups	Processed    49,000,000 records.  Elapsed time: 00:13:57s.  Time for last 1,000,000:   14s.  Last read position: chr6:100,006,194
INFO	2016-05-15 18:27:05	AddOrReplaceReadGroups	Processed    50,000,000 records.  Elapsed time: 00:14:15s.  Time for last 1,000,000:   17s.  Last read position: chr6:132,147,638
INFO	2016-05-15 18:27:21	AddOrReplaceReadGroups	Processed    51,000,000 records.  Elapsed time: 00:14:31s.  Time for last 1,000,000:   16s.  Last read position: chr6:158,505,159
INFO	2016-05-15 18:27:45	AddOrReplaceReadGroups	Processed    52,000,000 records.  Elapsed time: 00:14:54s.  Time for last 1,000,000:   23s.  Last read position: chr7:7,516,807
INFO	2016-05-15 18:27:58	AddOrReplaceReadGroups	Processed    53,000,000 records.  Elapsed time: 00:15:08s.  Time for last 1,000,000:   13s.  Last read position: chr7:40,172,813
INFO	2016-05-15 18:28:16	AddOrReplaceReadGroups	Processed    54,000,000 records.  Elapsed time: 00:15:26s.  Time for last 1,000,000:   18s.  Last read position: chr7:75,393,366
INFO	2016-05-15 18:28:31	AddOrReplaceReadGroups	Processed    55,000,000 records.  Elapsed time: 00:15:40s.  Time for last 1,000,000:   14s.  Last read position: chr7:99,689,286
INFO	2016-05-15 18:28:49	AddOrReplaceReadGroups	Processed    56,000,000 records.  Elapsed time: 00:15:58s.  Time for last 1,000,000:   18s.  Last read position: chr7:116,600,080
INFO	2016-05-15 18:29:03	AddOrReplaceReadGroups	Processed    57,000,000 records.  Elapsed time: 00:16:12s.  Time for last 1,000,000:   13s.  Last read position: chr7:140,378,930
INFO	2016-05-15 18:29:17	AddOrReplaceReadGroups	Processed    58,000,000 records.  Elapsed time: 00:16:26s.  Time for last 1,000,000:   14s.  Last read position: chr7:157,361,697
INFO	2016-05-15 18:29:31	AddOrReplaceReadGroups	Processed    59,000,000 records.  Elapsed time: 00:16:40s.  Time for last 1,000,000:   14s.  Last read position: chr8:25,337,466
INFO	2016-05-15 18:29:49	AddOrReplaceReadGroups	Processed    60,000,000 records.  Elapsed time: 00:16:58s.  Time for last 1,000,000:   18s.  Last read position: chr8:53,547,331
INFO	2016-05-15 18:30:04	AddOrReplaceReadGroups	Processed    61,000,000 records.  Elapsed time: 00:17:13s.  Time for last 1,000,000:   15s.  Last read position: chr8:92,382,101
INFO	2016-05-15 18:30:18	AddOrReplaceReadGroups	Processed    62,000,000 records.  Elapsed time: 00:17:27s.  Time for last 1,000,000:   13s.  Last read position: chr8:125,384,032
INFO	2016-05-15 18:30:31	AddOrReplaceReadGroups	Processed    63,000,000 records.  Elapsed time: 00:17:40s.  Time for last 1,000,000:   13s.  Last read position: chr9:407,015
INFO	2016-05-15 18:30:51	AddOrReplaceReadGroups	Processed    64,000,000 records.  Elapsed time: 00:18:00s.  Time for last 1,000,000:   19s.  Last read position: chr9:34,660,754
INFO	2016-05-15 18:31:06	AddOrReplaceReadGroups	Processed    65,000,000 records.  Elapsed time: 00:18:15s.  Time for last 1,000,000:   15s.  Last read position: chr9:86,556,540
INFO	2016-05-15 18:31:23	AddOrReplaceReadGroups	Processed    66,000,000 records.  Elapsed time: 00:18:33s.  Time for last 1,000,000:   17s.  Last read position: chr9:111,651,595
INFO	2016-05-15 18:31:45	AddOrReplaceReadGroups	Processed    67,000,000 records.  Elapsed time: 00:18:54s.  Time for last 1,000,000:   21s.  Last read position: chr9:129,961,162
INFO	2016-05-15 18:31:59	AddOrReplaceReadGroups	Processed    68,000,000 records.  Elapsed time: 00:19:08s.  Time for last 1,000,000:   14s.  Last read position: chr9:138,644,124
INFO	2016-05-15 18:32:15	AddOrReplaceReadGroups	Processed    69,000,000 records.  Elapsed time: 00:19:25s.  Time for last 1,000,000:   16s.  Last read position: chr10:15,154,847
INFO	2016-05-15 18:32:30	AddOrReplaceReadGroups	Processed    70,000,000 records.  Elapsed time: 00:19:40s.  Time for last 1,000,000:   14s.  Last read position: chr10:45,517,348
INFO	2016-05-15 18:32:50	AddOrReplaceReadGroups	Processed    71,000,000 records.  Elapsed time: 00:19:59s.  Time for last 1,000,000:   19s.  Last read position: chr10:74,269,145
INFO	2016-05-15 18:33:04	AddOrReplaceReadGroups	Processed    72,000,000 records.  Elapsed time: 00:20:14s.  Time for last 1,000,000:   14s.  Last read position: chr10:96,966,958
INFO	2016-05-15 18:33:22	AddOrReplaceReadGroups	Processed    73,000,000 records.  Elapsed time: 00:20:31s.  Time for last 1,000,000:   17s.  Last read position: chr10:112,352,690
INFO	2016-05-15 18:33:35	AddOrReplaceReadGroups	Processed    74,000,000 records.  Elapsed time: 00:20:45s.  Time for last 1,000,000:   13s.  Last read position: chr10:134,726,571
INFO	2016-05-15 18:33:50	AddOrReplaceReadGroups	Processed    75,000,000 records.  Elapsed time: 00:20:59s.  Time for last 1,000,000:   14s.  Last read position: chr11:6,452,589
INFO	2016-05-15 18:34:09	AddOrReplaceReadGroups	Processed    76,000,000 records.  Elapsed time: 00:21:18s.  Time for last 1,000,000:   19s.  Last read position: chr11:22,386,908
INFO	2016-05-15 18:34:27	AddOrReplaceReadGroups	Processed    77,000,000 records.  Elapsed time: 00:21:37s.  Time for last 1,000,000:   18s.  Last read position: chr11:55,321,923
INFO	2016-05-15 18:34:41	AddOrReplaceReadGroups	Processed    78,000,000 records.  Elapsed time: 00:21:50s.  Time for last 1,000,000:   13s.  Last read position: chr11:63,535,967
INFO	2016-05-15 18:34:58	AddOrReplaceReadGroups	Processed    79,000,000 records.  Elapsed time: 00:22:07s.  Time for last 1,000,000:   16s.  Last read position: chr11:68,382,509
INFO	2016-05-15 18:35:11	AddOrReplaceReadGroups	Processed    80,000,000 records.  Elapsed time: 00:22:21s.  Time for last 1,000,000:   13s.  Last read position: chr11:89,896,426
INFO	2016-05-15 18:35:25	AddOrReplaceReadGroups	Processed    81,000,000 records.  Elapsed time: 00:22:34s.  Time for last 1,000,000:   13s.  Last read position: chr11:117,042,314
INFO	2016-05-15 18:35:39	AddOrReplaceReadGroups	Processed    82,000,000 records.  Elapsed time: 00:22:48s.  Time for last 1,000,000:   14s.  Last read position: chr11:129,746,786
INFO	2016-05-15 18:35:53	AddOrReplaceReadGroups	Processed    83,000,000 records.  Elapsed time: 00:23:02s.  Time for last 1,000,000:   13s.  Last read position: chr12:9,094,476
INFO	2016-05-15 18:36:11	AddOrReplaceReadGroups	Processed    84,000,000 records.  Elapsed time: 00:23:20s.  Time for last 1,000,000:   18s.  Last read position: chr12:40,637,541
INFO	2016-05-15 18:36:25	AddOrReplaceReadGroups	Processed    85,000,000 records.  Elapsed time: 00:23:34s.  Time for last 1,000,000:   13s.  Last read position: chr12:53,097,172
INFO	2016-05-15 18:36:38	AddOrReplaceReadGroups	Processed    86,000,000 records.  Elapsed time: 00:23:48s.  Time for last 1,000,000:   13s.  Last read position: chr12:58,145,020
INFO	2016-05-15 18:36:52	AddOrReplaceReadGroups	Processed    87,000,000 records.  Elapsed time: 00:24:02s.  Time for last 1,000,000:   13s.  Last read position: chr12:95,602,793
INFO	2016-05-15 18:37:11	AddOrReplaceReadGroups	Processed    88,000,000 records.  Elapsed time: 00:24:20s.  Time for last 1,000,000:   18s.  Last read position: chr12:112,622,360
INFO	2016-05-15 18:37:24	AddOrReplaceReadGroups	Processed    89,000,000 records.  Elapsed time: 00:24:33s.  Time for last 1,000,000:   12s.  Last read position: chr12:129,457,612
INFO	2016-05-15 18:37:44	AddOrReplaceReadGroups	Processed    90,000,000 records.  Elapsed time: 00:24:53s.  Time for last 1,000,000:   19s.  Last read position: chr13:36,141,006
INFO	2016-05-15 18:37:57	AddOrReplaceReadGroups	Processed    91,000,000 records.  Elapsed time: 00:25:06s.  Time for last 1,000,000:   13s.  Last read position: chr13:77,720,291
INFO	2016-05-15 18:38:16	AddOrReplaceReadGroups	Processed    92,000,000 records.  Elapsed time: 00:25:25s.  Time for last 1,000,000:   18s.  Last read position: chr14:20,502,204
INFO	2016-05-15 18:38:30	AddOrReplaceReadGroups	Processed    93,000,000 records.  Elapsed time: 00:25:39s.  Time for last 1,000,000:   14s.  Last read position: chr14:31,781,999
INFO	2016-05-15 18:38:48	AddOrReplaceReadGroups	Processed    94,000,000 records.  Elapsed time: 00:25:58s.  Time for last 1,000,000:   18s.  Last read position: chr14:62,547,800
INFO	2016-05-15 18:39:01	AddOrReplaceReadGroups	Processed    95,000,000 records.  Elapsed time: 00:26:10s.  Time for last 1,000,000:   12s.  Last read position: chr14:79,111,588
INFO	2016-05-15 18:39:22	AddOrReplaceReadGroups	Processed    96,000,000 records.  Elapsed time: 00:26:31s.  Time for last 1,000,000:   20s.  Last read position: chr14:104,056,341
INFO	2016-05-15 18:39:42	AddOrReplaceReadGroups	Processed    97,000,000 records.  Elapsed time: 00:26:51s.  Time for last 1,000,000:   20s.  Last read position: chr15:38,804,071
INFO	2016-05-15 18:39:56	AddOrReplaceReadGroups	Processed    98,000,000 records.  Elapsed time: 00:27:05s.  Time for last 1,000,000:   13s.  Last read position: chr15:48,623,614
INFO	2016-05-15 18:40:15	AddOrReplaceReadGroups	Processed    99,000,000 records.  Elapsed time: 00:27:24s.  Time for last 1,000,000:   18s.  Last read position: chr15:66,222,018
INFO	2016-05-15 18:40:29	AddOrReplaceReadGroups	Processed   100,000,000 records.  Elapsed time: 00:27:38s.  Time for last 1,000,000:   14s.  Last read position: chr15:83,162,705
INFO	2016-05-15 18:40:43	AddOrReplaceReadGroups	Processed   101,000,000 records.  Elapsed time: 00:27:52s.  Time for last 1,000,000:   14s.  Last read position: chr16:684,963
INFO	2016-05-15 18:40:57	AddOrReplaceReadGroups	Processed   102,000,000 records.  Elapsed time: 00:28:07s.  Time for last 1,000,000:   14s.  Last read position: chr16:9,857,955
INFO	2016-05-15 18:41:10	AddOrReplaceReadGroups	Processed   103,000,000 records.  Elapsed time: 00:28:20s.  Time for last 1,000,000:   12s.  Last read position: chr16:28,606,841
INFO	2016-05-15 18:41:24	AddOrReplaceReadGroups	Processed   104,000,000 records.  Elapsed time: 00:28:33s.  Time for last 1,000,000:   13s.  Last read position: chr16:53,487,459
INFO	2016-05-15 18:41:41	AddOrReplaceReadGroups	Processed   105,000,000 records.  Elapsed time: 00:28:51s.  Time for last 1,000,000:   17s.  Last read position: chr16:69,317,957
INFO	2016-05-15 18:41:55	AddOrReplaceReadGroups	Processed   106,000,000 records.  Elapsed time: 00:29:05s.  Time for last 1,000,000:   14s.  Last read position: chr16:88,281,381
INFO	2016-05-15 18:42:12	AddOrReplaceReadGroups	Processed   107,000,000 records.  Elapsed time: 00:29:21s.  Time for last 1,000,000:   16s.  Last read position: chr17:5,266,190
INFO	2016-05-15 18:42:26	AddOrReplaceReadGroups	Processed   108,000,000 records.  Elapsed time: 00:29:35s.  Time for last 1,000,000:   13s.  Last read position: chr17:12,847,294
INFO	2016-05-15 18:42:44	AddOrReplaceReadGroups	Processed   109,000,000 records.  Elapsed time: 00:29:53s.  Time for last 1,000,000:   18s.  Last read position: chr17:28,656,385
INFO	2016-05-15 18:42:57	AddOrReplaceReadGroups	Processed   110,000,000 records.  Elapsed time: 00:30:07s.  Time for last 1,000,000:   13s.  Last read position: chr17:39,465,105
INFO	2016-05-15 18:43:14	AddOrReplaceReadGroups	Processed   111,000,000 records.  Elapsed time: 00:30:24s.  Time for last 1,000,000:   16s.  Last read position: chr17:46,928,433
INFO	2016-05-15 18:43:28	AddOrReplaceReadGroups	Processed   112,000,000 records.  Elapsed time: 00:30:38s.  Time for last 1,000,000:   13s.  Last read position: chr17:61,995,058
INFO	2016-05-15 18:43:45	AddOrReplaceReadGroups	Processed   113,000,000 records.  Elapsed time: 00:30:54s.  Time for last 1,000,000:   16s.  Last read position: chr17:74,740,260
INFO	2016-05-15 18:43:59	AddOrReplaceReadGroups	Processed   114,000,000 records.  Elapsed time: 00:31:08s.  Time for last 1,000,000:   13s.  Last read position: chr18:8,213,441
INFO	2016-05-15 18:44:20	AddOrReplaceReadGroups	Processed   115,000,000 records.  Elapsed time: 00:31:29s.  Time for last 1,000,000:   21s.  Last read position: chr18:43,458,343
INFO	2016-05-15 18:44:35	AddOrReplaceReadGroups	Processed   116,000,000 records.  Elapsed time: 00:31:44s.  Time for last 1,000,000:   14s.  Last read position: chr19:579,521
INFO	2016-05-15 18:44:52	AddOrReplaceReadGroups	Processed   117,000,000 records.  Elapsed time: 00:32:02s.  Time for last 1,000,000:   17s.  Last read position: chr19:6,972,140
INFO	2016-05-15 18:45:07	AddOrReplaceReadGroups	Processed   118,000,000 records.  Elapsed time: 00:32:16s.  Time for last 1,000,000:   14s.  Last read position: chr19:12,429,958
INFO	2016-05-15 18:45:25	AddOrReplaceReadGroups	Processed   119,000,000 records.  Elapsed time: 00:32:34s.  Time for last 1,000,000:   17s.  Last read position: chr19:18,538,115
INFO	2016-05-15 18:45:38	AddOrReplaceReadGroups	Processed   120,000,000 records.  Elapsed time: 00:32:48s.  Time for last 1,000,000:   13s.  Last read position: chr19:37,065,759
INFO	2016-05-15 18:45:51	AddOrReplaceReadGroups	Processed   121,000,000 records.  Elapsed time: 00:33:01s.  Time for last 1,000,000:   12s.  Last read position: chr19:43,025,868
INFO	2016-05-15 18:46:05	AddOrReplaceReadGroups	Processed   122,000,000 records.  Elapsed time: 00:33:14s.  Time for last 1,000,000:   13s.  Last read position: chr19:49,812,425
INFO	2016-05-15 18:46:22	AddOrReplaceReadGroups	Processed   123,000,000 records.  Elapsed time: 00:33:31s.  Time for last 1,000,000:   17s.  Last read position: chr19:55,593,553
INFO	2016-05-15 18:46:36	AddOrReplaceReadGroups	Processed   124,000,000 records.  Elapsed time: 00:33:45s.  Time for last 1,000,000:   13s.  Last read position: chr20:3,847,627
INFO	2016-05-15 18:46:51	AddOrReplaceReadGroups	Processed   125,000,000 records.  Elapsed time: 00:34:01s.  Time for last 1,000,000:   15s.  Last read position: chr20:32,264,779
INFO	2016-05-15 18:47:04	AddOrReplaceReadGroups	Processed   126,000,000 records.  Elapsed time: 00:34:13s.  Time for last 1,000,000:   12s.  Last read position: chr20:45,129,923
INFO	2016-05-15 18:47:19	AddOrReplaceReadGroups	Processed   127,000,000 records.  Elapsed time: 00:34:28s.  Time for last 1,000,000:   14s.  Last read position: chr20:62,608,402
INFO	2016-05-15 18:47:32	AddOrReplaceReadGroups	Processed   128,000,000 records.  Elapsed time: 00:34:42s.  Time for last 1,000,000:   13s.  Last read position: chr21:42,854,468
INFO	2016-05-15 18:47:45	AddOrReplaceReadGroups	Processed   129,000,000 records.  Elapsed time: 00:34:54s.  Time for last 1,000,000:   12s.  Last read position: chr22:22,325,387
INFO	2016-05-15 18:47:59	AddOrReplaceReadGroups	Processed   130,000,000 records.  Elapsed time: 00:35:08s.  Time for last 1,000,000:   13s.  Last read position: chr22:36,025,731
INFO	2016-05-15 18:48:15	AddOrReplaceReadGroups	Processed   131,000,000 records.  Elapsed time: 00:35:25s.  Time for last 1,000,000:   16s.  Last read position: chr22:46,654,414
INFO	2016-05-15 18:48:30	AddOrReplaceReadGroups	Processed   132,000,000 records.  Elapsed time: 00:35:40s.  Time for last 1,000,000:   15s.  Last read position: chrX:19,989,467
INFO	2016-05-15 18:48:44	AddOrReplaceReadGroups	Processed   133,000,000 records.  Elapsed time: 00:35:54s.  Time for last 1,000,000:   13s.  Last read position: chrX:48,768,919
INFO	2016-05-15 18:48:57	AddOrReplaceReadGroups	Processed   134,000,000 records.  Elapsed time: 00:36:06s.  Time for last 1,000,000:   12s.  Last read position: chrX:70,644,128
INFO	2016-05-15 18:49:15	AddOrReplaceReadGroups	Processed   135,000,000 records.  Elapsed time: 00:36:25s.  Time for last 1,000,000:   18s.  Last read position: chrX:106,844,719
INFO	2016-05-15 18:49:29	AddOrReplaceReadGroups	Processed   136,000,000 records.  Elapsed time: 00:36:38s.  Time for last 1,000,000:   13s.  Last read position: chrX:135,313,951
INFO	2016-05-15 18:49:46	AddOrReplaceReadGroups	Processed   137,000,000 records.  Elapsed time: 00:36:55s.  Time for last 1,000,000:   17s.  Last read position: */*
[Sun May 15 18:49:53 EDT 2016] picard.sam.AddOrReplaceReadGroups done. Elapsed time: 37.06 minutes.
Runtime.totalMemory()=302514176
[Sun May 15 18:49:54 EDT 2016] picard.sam.FixMateInformation INPUT=[p_DS_bkm_102-N/p_DS_bkm_102-N.sorted.MarkDup.fixed.bam] OUTPUT=p_DS_bkm_102-N/p_DS_bkm_102-N.sorted.MarkDup.realn.fixed.bam SORT_ORDER=coordinate TMP_DIR=[tmp/flx] VALIDATION_STRINGENCY=LENIENT CREATE_INDEX=true    ASSUME_SORTED=false ADD_MATE_CIGAR=true IGNORE_MISSING_MATES=true VERBOSITY=INFO QUIET=false COMPRESSION_LEVEL=5 MAX_RECORDS_IN_RAM=500000 CREATE_MD5_FILE=false GA4GH_CLIENT_SECRETS=client_secrets.json
[Sun May 15 18:49:54 EDT 2016] Executing as abdelrahman@compute-1-14.local on Linux 2.6.32-279.14.1.el6.x86_64 amd64; Java HotSpot(TM) 64-Bit Server VM 1.8.0_45-b14; Picard version: 2.3.0(9a00c87b7ffdb01cfb5a0d6e76556146196babb8_1463071327) IntelDeflater
INFO	2016-05-15 18:49:54	FixMateInformation	Sorting input into queryname order.
INFO	2016-05-15 19:20:30	FixMateInformation	Sorting by queryname complete.
INFO	2016-05-15 19:20:30	FixMateInformation	Output will be sorted by coordinate
INFO	2016-05-15 19:20:31	FixMateInformation	Traversing query name sorted records and fixing up mate pair information.
INFO	2016-05-15 19:20:51	FixMateInformation	Processed     1,000,000 records.  Elapsed time: 00:00:20s.  Time for last 1,000,000:   20s.  Last read position: chr1:152,328,195
INFO	2016-05-15 19:21:13	FixMateInformation	Processed     2,000,000 records.  Elapsed time: 00:00:41s.  Time for last 1,000,000:   21s.  Last read position: chr8:145,278,109
INFO	2016-05-15 19:21:33	FixMateInformation	Processed     3,000,000 records.  Elapsed time: 00:01:02s.  Time for last 1,000,000:   20s.  Last read position: chr10:13,214,530
INFO	2016-05-15 19:21:52	FixMateInformation	Processed     4,000,000 records.  Elapsed time: 00:01:20s.  Time for last 1,000,000:   18s.  Last read position: chr7:103,197,438
INFO	2016-05-15 19:22:09	FixMateInformation	Processed     5,000,000 records.  Elapsed time: 00:01:37s.  Time for last 1,000,000:   16s.  Last read position: chr17:4,642,096
INFO	2016-05-15 19:22:27	FixMateInformation	Processed     6,000,000 records.  Elapsed time: 00:01:56s.  Time for last 1,000,000:   18s.  Last read position: chr11:46,900,372
INFO	2016-05-15 19:22:48	FixMateInformation	Processed     7,000,000 records.  Elapsed time: 00:02:17s.  Time for last 1,000,000:   21s.  Last read position: chr11:104,825,699
INFO	2016-05-15 19:23:05	FixMateInformation	Processed     8,000,000 records.  Elapsed time: 00:02:33s.  Time for last 1,000,000:   16s.  Last read position: chr18:8,247,848
INFO	2016-05-15 19:23:23	FixMateInformation	Processed     9,000,000 records.  Elapsed time: 00:02:52s.  Time for last 1,000,000:   18s.  Last read position: chr2:42,484,181
INFO	2016-05-15 19:23:42	FixMateInformation	Processed    10,000,000 records.  Elapsed time: 00:03:11s.  Time for last 1,000,000:   19s.  Last read position: chr19:13,325,413
INFO	2016-05-15 19:24:00	FixMateInformation	Processed    11,000,000 records.  Elapsed time: 00:03:29s.  Time for last 1,000,000:   17s.  Last read position: chr15:42,986,642
INFO	2016-05-15 19:24:19	FixMateInformation	Processed    12,000,000 records.  Elapsed time: 00:03:47s.  Time for last 1,000,000:   18s.  Last read position: chr15:75,113,119
INFO	2016-05-15 19:24:35	FixMateInformation	Processed    13,000,000 records.  Elapsed time: 00:04:04s.  Time for last 1,000,000:   16s.  Last read position: chr8:38,869,144
INFO	2016-05-15 19:24:55	FixMateInformation	Processed    14,000,000 records.  Elapsed time: 00:04:24s.  Time for last 1,000,000:   19s.  Last read position: chr8:27,292,005
INFO	2016-05-15 19:25:12	FixMateInformation	Processed    15,000,000 records.  Elapsed time: 00:04:41s.  Time for last 1,000,000:   17s.  Last read position: chr5:2,748,852
INFO	2016-05-15 19:25:35	FixMateInformation	Processed    16,000,000 records.  Elapsed time: 00:05:04s.  Time for last 1,000,000:   22s.  Last read position: chr16:29,822,798
INFO	2016-05-15 19:25:55	FixMateInformation	Processed    17,000,000 records.  Elapsed time: 00:05:24s.  Time for last 1,000,000:   19s.  Last read position: chr5:141,335,255
INFO	2016-05-15 19:26:14	FixMateInformation	Processed    18,000,000 records.  Elapsed time: 00:05:43s.  Time for last 1,000,000:   18s.  Last read position: chr15:44,153,569
INFO	2016-05-15 19:26:32	FixMateInformation	Processed    19,000,000 records.  Elapsed time: 00:06:01s.  Time for last 1,000,000:   17s.  Last read position: chr16:90,025,623
INFO	2016-05-15 19:26:49	FixMateInformation	Processed    20,000,000 records.  Elapsed time: 00:06:18s.  Time for last 1,000,000:   17s.  Last read position: chr19:7,727,156
INFO	2016-05-15 19:27:07	FixMateInformation	Processed    21,000,000 records.  Elapsed time: 00:06:35s.  Time for last 1,000,000:   17s.  Last read position: chr19:53,117,585
INFO	2016-05-15 19:27:25	FixMateInformation	Processed    22,000,000 records.  Elapsed time: 00:06:53s.  Time for last 1,000,000:   18s.  Last read position: chr3:121,350,691
INFO	2016-05-15 19:27:44	FixMateInformation	Processed    23,000,000 records.  Elapsed time: 00:07:13s.  Time for last 1,000,000:   19s.  Last read position: chr9:137,644,327
INFO	2016-05-15 19:28:02	FixMateInformation	Processed    24,000,000 records.  Elapsed time: 00:07:31s.  Time for last 1,000,000:   18s.  Last read position: chr17:6,800,039
INFO	2016-05-15 19:28:20	FixMateInformation	Processed    25,000,000 records.  Elapsed time: 00:07:49s.  Time for last 1,000,000:   17s.  Last read position: chr3:187,734,508
INFO	2016-05-15 19:28:39	FixMateInformation	Processed    26,000,000 records.  Elapsed time: 00:08:07s.  Time for last 1,000,000:   18s.  Last read position: chr3:145,841,012
INFO	2016-05-15 19:28:58	FixMateInformation	Processed    27,000,000 records.  Elapsed time: 00:08:27s.  Time for last 1,000,000:   19s.  Last read position: chr15:41,364,085
INFO	2016-05-15 19:29:15	FixMateInformation	Processed    28,000,000 records.  Elapsed time: 00:08:43s.  Time for last 1,000,000:   16s.  Last read position: chr17:43,568,232
INFO	2016-05-15 19:29:33	FixMateInformation	Processed    29,000,000 records.  Elapsed time: 00:09:01s.  Time for last 1,000,000:   18s.  Last read position: chr12:48,192,623
INFO	2016-05-15 19:29:52	FixMateInformation	Processed    30,000,000 records.  Elapsed time: 00:09:20s.  Time for last 1,000,000:   18s.  Last read position: chr17:73,629,511
INFO	2016-05-15 19:30:10	FixMateInformation	Processed    31,000,000 records.  Elapsed time: 00:09:38s.  Time for last 1,000,000:   18s.  Last read position: chr17:33,289,145
INFO	2016-05-15 19:30:29	FixMateInformation	Processed    32,000,000 records.  Elapsed time: 00:09:58s.  Time for last 1,000,000:   19s.  Last read position: chr1:152,323,817
INFO	2016-05-15 19:30:49	FixMateInformation	Processed    33,000,000 records.  Elapsed time: 00:10:17s.  Time for last 1,000,000:   19s.  Last read position: chr21:43,533,889
INFO	2016-05-15 19:31:05	FixMateInformation	Processed    34,000,000 records.  Elapsed time: 00:10:34s.  Time for last 1,000,000:   16s.  Last read position: chr15:84,657,463
INFO	2016-05-15 19:31:22	FixMateInformation	Processed    35,000,000 records.  Elapsed time: 00:10:51s.  Time for last 1,000,000:   16s.  Last read position: chr1:94,568,637
INFO	2016-05-15 19:31:36	FixMateInformation	Processed    36,000,000 records.  Elapsed time: 00:11:05s.  Time for last 1,000,000:   14s.  Last read position: chr1:93,426,897
INFO	2016-05-15 19:31:54	FixMateInformation	Processed    37,000,000 records.  Elapsed time: 00:11:22s.  Time for last 1,000,000:   17s.  Last read position: chr3:120,469,811
INFO	2016-05-15 19:32:11	FixMateInformation	Processed    38,000,000 records.  Elapsed time: 00:11:40s.  Time for last 1,000,000:   17s.  Last read position: chr10:85,972,867
INFO	2016-05-15 19:32:28	FixMateInformation	Processed    39,000,000 records.  Elapsed time: 00:11:56s.  Time for last 1,000,000:   16s.  Last read position: chr11:61,559,893
INFO	2016-05-15 19:32:45	FixMateInformation	Processed    40,000,000 records.  Elapsed time: 00:12:14s.  Time for last 1,000,000:   17s.  Last read position: chr16:27,221,578
INFO	2016-05-15 19:33:00	FixMateInformation	Processed    41,000,000 records.  Elapsed time: 00:12:29s.  Time for last 1,000,000:   14s.  Last read position: chr9:72,746,279
INFO	2016-05-15 19:33:16	FixMateInformation	Processed    42,000,000 records.  Elapsed time: 00:12:45s.  Time for last 1,000,000:   16s.  Last read position: chr9:97,315,890
INFO	2016-05-15 19:33:34	FixMateInformation	Processed    43,000,000 records.  Elapsed time: 00:13:03s.  Time for last 1,000,000:   17s.  Last read position: chr9:19,049,869
INFO	2016-05-15 19:33:49	FixMateInformation	Processed    44,000,000 records.  Elapsed time: 00:13:18s.  Time for last 1,000,000:   14s.  Last read position: chr22:28,378,530
INFO	2016-05-15 19:34:06	FixMateInformation	Processed    45,000,000 records.  Elapsed time: 00:13:35s.  Time for last 1,000,000:   17s.  Last read position: */*
INFO	2016-05-15 19:34:22	FixMateInformation	Processed    46,000,000 records.  Elapsed time: 00:13:51s.  Time for last 1,000,000:   16s.  Last read position: chr19:8,167,674
INFO	2016-05-15 19:34:37	FixMateInformation	Processed    47,000,000 records.  Elapsed time: 00:14:06s.  Time for last 1,000,000:   15s.  Last read position: chr1:173,907,867
INFO	2016-05-15 19:34:55	FixMateInformation	Processed    48,000,000 records.  Elapsed time: 00:14:24s.  Time for last 1,000,000:   18s.  Last read position: chr1:115,615,385
INFO	2016-05-15 19:35:16	FixMateInformation	Processed    49,000,000 records.  Elapsed time: 00:14:45s.  Time for last 1,000,000:   20s.  Last read position: chr10:53,814,115
INFO	2016-05-15 19:35:34	FixMateInformation	Processed    50,000,000 records.  Elapsed time: 00:15:02s.  Time for last 1,000,000:   17s.  Last read position: chr11:113,691,899
INFO	2016-05-15 19:35:51	FixMateInformation	Processed    51,000,000 records.  Elapsed time: 00:15:20s.  Time for last 1,000,000:   17s.  Last read position: chr11:93,494,505
INFO	2016-05-15 19:36:06	FixMateInformation	Processed    52,000,000 records.  Elapsed time: 00:15:34s.  Time for last 1,000,000:   14s.  Last read position: chr2:220,159,610
INFO	2016-05-15 19:36:24	FixMateInformation	Processed    53,000,000 records.  Elapsed time: 00:15:52s.  Time for last 1,000,000:   17s.  Last read position: chr7:115,892,653
INFO	2016-05-15 19:36:39	FixMateInformation	Processed    54,000,000 records.  Elapsed time: 00:16:08s.  Time for last 1,000,000:   15s.  Last read position: chr8:41,504,005
INFO	2016-05-15 19:36:57	FixMateInformation	Processed    55,000,000 records.  Elapsed time: 00:16:25s.  Time for last 1,000,000:   17s.  Last read position: chrX:54,208,922
INFO	2016-05-15 19:37:21	FixMateInformation	Processed    56,000,000 records.  Elapsed time: 00:16:49s.  Time for last 1,000,000:   23s.  Last read position: chr2:110,106,981
INFO	2016-05-15 19:37:45	FixMateInformation	Processed    57,000,000 records.  Elapsed time: 00:17:13s.  Time for last 1,000,000:   24s.  Last read position: chr4:71,201,437
INFO	2016-05-15 19:38:07	FixMateInformation	Processed    58,000,000 records.  Elapsed time: 00:17:36s.  Time for last 1,000,000:   22s.  Last read position: chr10:97,397,181
INFO	2016-05-15 19:38:25	FixMateInformation	Processed    59,000,000 records.  Elapsed time: 00:17:53s.  Time for last 1,000,000:   17s.  Last read position: chr11:66,802,252
INFO	2016-05-15 19:38:42	FixMateInformation	Processed    60,000,000 records.  Elapsed time: 00:18:11s.  Time for last 1,000,000:   17s.  Last read position: chrX:106,656,621
INFO	2016-05-15 19:39:03	FixMateInformation	Processed    61,000,000 records.  Elapsed time: 00:18:32s.  Time for last 1,000,000:   21s.  Last read position: chr17:38,567,824
INFO	2016-05-15 19:39:29	FixMateInformation	Processed    62,000,000 records.  Elapsed time: 00:18:57s.  Time for last 1,000,000:   25s.  Last read position: chr11:118,764,723
INFO	2016-05-15 19:39:46	FixMateInformation	Processed    63,000,000 records.  Elapsed time: 00:19:15s.  Time for last 1,000,000:   17s.  Last read position: chr7:21,654,695
INFO	2016-05-15 19:40:08	FixMateInformation	Processed    64,000,000 records.  Elapsed time: 00:19:37s.  Time for last 1,000,000:   22s.  Last read position: chr10:12,020,950
INFO	2016-05-15 19:40:23	FixMateInformation	Processed    65,000,000 records.  Elapsed time: 00:19:52s.  Time for last 1,000,000:   14s.  Last read position: chr15:27,017,978
INFO	2016-05-15 19:40:40	FixMateInformation	Processed    66,000,000 records.  Elapsed time: 00:20:09s.  Time for last 1,000,000:   16s.  Last read position: chr17:40,860,943
INFO	2016-05-15 19:40:55	FixMateInformation	Processed    67,000,000 records.  Elapsed time: 00:20:24s.  Time for last 1,000,000:   15s.  Last read position: chr5:112,228,282
INFO	2016-05-15 19:41:12	FixMateInformation	Processed    68,000,000 records.  Elapsed time: 00:20:41s.  Time for last 1,000,000:   17s.  Last read position: chrX:153,178,278
INFO	2016-05-15 19:41:30	FixMateInformation	Processed    69,000,000 records.  Elapsed time: 00:20:59s.  Time for last 1,000,000:   18s.  Last read position: chr2:55,176,018
INFO	2016-05-15 19:41:47	FixMateInformation	Processed    70,000,000 records.  Elapsed time: 00:21:16s.  Time for last 1,000,000:   16s.  Last read position: chr1:168,060,151
INFO	2016-05-15 19:42:02	FixMateInformation	Processed    71,000,000 records.  Elapsed time: 00:21:31s.  Time for last 1,000,000:   15s.  Last read position: chr1:36,754,848
INFO	2016-05-15 19:42:22	FixMateInformation	Processed    72,000,000 records.  Elapsed time: 00:21:51s.  Time for last 1,000,000:   19s.  Last read position: chr7:98,634,826
INFO	2016-05-15 19:42:42	FixMateInformation	Processed    73,000,000 records.  Elapsed time: 00:22:11s.  Time for last 1,000,000:   19s.  Last read position: chr19:11,144,207
INFO	2016-05-15 19:43:03	FixMateInformation	Processed    74,000,000 records.  Elapsed time: 00:22:32s.  Time for last 1,000,000:   21s.  Last read position: chr1:157,807,327
INFO	2016-05-15 19:43:25	FixMateInformation	Processed    75,000,000 records.  Elapsed time: 00:22:53s.  Time for last 1,000,000:   21s.  Last read position: chr9:100,204,115
INFO	2016-05-15 19:43:45	FixMateInformation	Processed    76,000,000 records.  Elapsed time: 00:23:13s.  Time for last 1,000,000:   19s.  Last read position: chr12:11,000,010
INFO	2016-05-15 19:44:03	FixMateInformation	Processed    77,000,000 records.  Elapsed time: 00:23:32s.  Time for last 1,000,000:   18s.  Last read position: chr17:72,322,524
INFO	2016-05-15 19:44:19	FixMateInformation	Processed    78,000,000 records.  Elapsed time: 00:23:48s.  Time for last 1,000,000:   16s.  Last read position: chr6:131,908,105
INFO	2016-05-15 19:44:39	FixMateInformation	Processed    79,000,000 records.  Elapsed time: 00:24:07s.  Time for last 1,000,000:   19s.  Last read position: chr11:62,648,677
INFO	2016-05-15 19:45:00	FixMateInformation	Processed    80,000,000 records.  Elapsed time: 00:24:28s.  Time for last 1,000,000:   20s.  Last read position: chr21:47,616,247
INFO	2016-05-15 19:45:15	FixMateInformation	Processed    81,000,000 records.  Elapsed time: 00:24:44s.  Time for last 1,000,000:   15s.  Last read position: chrX:53,578,189
INFO	2016-05-15 19:45:33	FixMateInformation	Processed    82,000,000 records.  Elapsed time: 00:25:01s.  Time for last 1,000,000:   17s.  Last read position: chr3:30,885,782
INFO	2016-05-15 19:45:48	FixMateInformation	Processed    83,000,000 records.  Elapsed time: 00:25:17s.  Time for last 1,000,000:   15s.  Last read position: chr7:101,196,575
INFO	2016-05-15 19:46:08	FixMateInformation	Processed    84,000,000 records.  Elapsed time: 00:25:37s.  Time for last 1,000,000:   19s.  Last read position: chr22:26,887,956
INFO	2016-05-15 19:46:24	FixMateInformation	Processed    85,000,000 records.  Elapsed time: 00:25:53s.  Time for last 1,000,000:   16s.  Last read position: chrX:117,575,391
INFO	2016-05-15 19:46:39	FixMateInformation	Processed    86,000,000 records.  Elapsed time: 00:26:08s.  Time for last 1,000,000:   14s.  Last read position: chr1:61,551,913
INFO	2016-05-15 19:46:57	FixMateInformation	Processed    87,000,000 records.  Elapsed time: 00:26:26s.  Time for last 1,000,000:   18s.  Last read position: chr17:78,264,488
INFO	2016-05-15 19:47:13	FixMateInformation	Processed    88,000,000 records.  Elapsed time: 00:26:42s.  Time for last 1,000,000:   16s.  Last read position: chr3:52,777,250
INFO	2016-05-15 19:47:31	FixMateInformation	Processed    89,000,000 records.  Elapsed time: 00:27:00s.  Time for last 1,000,000:   17s.  Last read position: chr1:236,766,653
INFO	2016-05-15 19:47:48	FixMateInformation	Processed    90,000,000 records.  Elapsed time: 00:27:16s.  Time for last 1,000,000:   16s.  Last read position: chr6:46,792,871
INFO	2016-05-15 19:48:03	FixMateInformation	Processed    91,000,000 records.  Elapsed time: 00:27:32s.  Time for last 1,000,000:   15s.  Last read position: chr4:49,637,473
INFO	2016-05-15 19:48:20	FixMateInformation	Processed    92,000,000 records.  Elapsed time: 00:27:48s.  Time for last 1,000,000:   16s.  Last read position: chr20:29,829,616
INFO	2016-05-15 19:48:39	FixMateInformation	Processed    93,000,000 records.  Elapsed time: 00:28:08s.  Time for last 1,000,000:   19s.  Last read position: chr6:35,248,671
INFO	2016-05-15 19:48:58	FixMateInformation	Processed    94,000,000 records.  Elapsed time: 00:28:27s.  Time for last 1,000,000:   18s.  Last read position: chr6:162,990,359
INFO	2016-05-15 19:49:17	FixMateInformation	Processed    95,000,000 records.  Elapsed time: 00:28:46s.  Time for last 1,000,000:   18s.  Last read position: chr7:139,756,762
INFO	2016-05-15 19:49:33	FixMateInformation	Processed    96,000,000 records.  Elapsed time: 00:29:02s.  Time for last 1,000,000:   16s.  Last read position: chr3:47,957,965
INFO	2016-05-15 19:49:50	FixMateInformation	Processed    97,000,000 records.  Elapsed time: 00:29:19s.  Time for last 1,000,000:   17s.  Last read position: chr11:118,211,538
INFO	2016-05-15 19:50:11	FixMateInformation	Processed    98,000,000 records.  Elapsed time: 00:29:40s.  Time for last 1,000,000:   20s.  Last read position: chr9:6,421,028
INFO	2016-05-15 19:50:26	FixMateInformation	Processed    99,000,000 records.  Elapsed time: 00:29:55s.  Time for last 1,000,000:   15s.  Last read position: chr4:18,688,225
INFO	2016-05-15 19:50:41	FixMateInformation	Processed   100,000,000 records.  Elapsed time: 00:30:10s.  Time for last 1,000,000:   14s.  Last read position: chr17:19,561,001
INFO	2016-05-15 19:50:56	FixMateInformation	Processed   101,000,000 records.  Elapsed time: 00:30:25s.  Time for last 1,000,000:   14s.  Last read position: chr20:5,454,380
INFO	2016-05-15 19:51:14	FixMateInformation	Processed   102,000,000 records.  Elapsed time: 00:30:43s.  Time for last 1,000,000:   18s.  Last read position: chr7:83,036,343
INFO	2016-05-15 19:51:29	FixMateInformation	Processed   103,000,000 records.  Elapsed time: 00:30:58s.  Time for last 1,000,000:   14s.  Last read position: chr14:65,246,520
INFO	2016-05-15 19:51:44	FixMateInformation	Processed   104,000,000 records.  Elapsed time: 00:31:13s.  Time for last 1,000,000:   14s.  Last read position: chr1:146,519,737
INFO	2016-05-15 19:51:59	FixMateInformation	Processed   105,000,000 records.  Elapsed time: 00:31:27s.  Time for last 1,000,000:   14s.  Last read position: chr21:44,450,212
INFO	2016-05-15 19:52:14	FixMateInformation	Processed   106,000,000 records.  Elapsed time: 00:31:43s.  Time for last 1,000,000:   15s.  Last read position: chr6:117,025,999
INFO	2016-05-15 19:52:30	FixMateInformation	Processed   107,000,000 records.  Elapsed time: 00:31:59s.  Time for last 1,000,000:   15s.  Last read position: chr1:161,682,877
INFO	2016-05-15 19:52:45	FixMateInformation	Processed   108,000,000 records.  Elapsed time: 00:32:14s.  Time for last 1,000,000:   14s.  Last read position: chr12:121,883,102
INFO	2016-05-15 19:53:00	FixMateInformation	Processed   109,000,000 records.  Elapsed time: 00:32:29s.  Time for last 1,000,000:   15s.  Last read position: chr3:128,720,110
INFO	2016-05-15 19:53:19	FixMateInformation	Processed   110,000,000 records.  Elapsed time: 00:32:48s.  Time for last 1,000,000:   18s.  Last read position: chr19:1,987,166
INFO	2016-05-15 19:53:36	FixMateInformation	Processed   111,000,000 records.  Elapsed time: 00:33:05s.  Time for last 1,000,000:   16s.  Last read position: chr12:117,696,764
INFO	2016-05-15 19:53:59	FixMateInformation	Processed   112,000,000 records.  Elapsed time: 00:33:28s.  Time for last 1,000,000:   23s.  Last read position: chr3:15,537,727
INFO	2016-05-15 19:54:15	FixMateInformation	Processed   113,000,000 records.  Elapsed time: 00:33:44s.  Time for last 1,000,000:   15s.  Last read position: chr1:209,785,044
INFO	2016-05-15 19:54:32	FixMateInformation	Processed   114,000,000 records.  Elapsed time: 00:34:01s.  Time for last 1,000,000:   17s.  Last read position: chr12:110,883,307
INFO	2016-05-15 19:54:51	FixMateInformation	Processed   115,000,000 records.  Elapsed time: 00:34:20s.  Time for last 1,000,000:   18s.  Last read position: chr15:89,402,439
INFO	2016-05-15 19:55:10	FixMateInformation	Processed   116,000,000 records.  Elapsed time: 00:34:39s.  Time for last 1,000,000:   18s.  Last read position: chr18:9,396,271
INFO	2016-05-15 19:55:26	FixMateInformation	Processed   117,000,000 records.  Elapsed time: 00:34:55s.  Time for last 1,000,000:   16s.  Last read position: chr12:65,563,836
INFO	2016-05-15 19:55:43	FixMateInformation	Processed   118,000,000 records.  Elapsed time: 00:35:12s.  Time for last 1,000,000:   17s.  Last read position: chr9:96,222,514
INFO	2016-05-15 19:56:01	FixMateInformation	Processed   119,000,000 records.  Elapsed time: 00:35:30s.  Time for last 1,000,000:   17s.  Last read position: chr2:47,635,613
INFO	2016-05-15 19:56:17	FixMateInformation	Processed   120,000,000 records.  Elapsed time: 00:35:46s.  Time for last 1,000,000:   15s.  Last read position: chr16:2,215,623
INFO	2016-05-15 19:56:35	FixMateInformation	Processed   121,000,000 records.  Elapsed time: 00:36:03s.  Time for last 1,000,000:   17s.  Last read position: chr17:3,491,582
INFO	2016-05-15 19:56:51	FixMateInformation	Processed   122,000,000 records.  Elapsed time: 00:36:20s.  Time for last 1,000,000:   16s.  Last read position: chr2:74,692,296
INFO	2016-05-15 19:57:08	FixMateInformation	Processed   123,000,000 records.  Elapsed time: 00:36:37s.  Time for last 1,000,000:   17s.  Last read position: chr7:150,938,745
INFO	2016-05-15 19:57:24	FixMateInformation	Processed   124,000,000 records.  Elapsed time: 00:36:52s.  Time for last 1,000,000:   15s.  Last read position: chr11:124,908,376
INFO	2016-05-15 19:57:40	FixMateInformation	Processed   125,000,000 records.  Elapsed time: 00:37:09s.  Time for last 1,000,000:   16s.  Last read position: chr3:58,302,452
INFO	2016-05-15 19:58:01	FixMateInformation	Processed   126,000,000 records.  Elapsed time: 00:37:30s.  Time for last 1,000,000:   21s.  Last read position: chr1:57,602,298
INFO	2016-05-15 19:58:17	FixMateInformation	Processed   127,000,000 records.  Elapsed time: 00:37:45s.  Time for last 1,000,000:   15s.  Last read position: chr3:3,171,528
INFO	2016-05-15 19:58:33	FixMateInformation	Processed   128,000,000 records.  Elapsed time: 00:38:02s.  Time for last 1,000,000:   16s.  Last read position: chr8:47,461,278
INFO	2016-05-15 19:58:50	FixMateInformation	Processed   129,000,000 records.  Elapsed time: 00:38:19s.  Time for last 1,000,000:   16s.  Last read position: chr12:48,104,562
INFO	2016-05-15 19:59:05	FixMateInformation	Processed   130,000,000 records.  Elapsed time: 00:38:33s.  Time for last 1,000,000:   14s.  Last read position: chr4:3,250,841
INFO	2016-05-15 19:59:23	FixMateInformation	Processed   131,000,000 records.  Elapsed time: 00:38:51s.  Time for last 1,000,000:   17s.  Last read position: chr1:146,527,059
INFO	2016-05-15 19:59:40	FixMateInformation	Processed   132,000,000 records.  Elapsed time: 00:39:09s.  Time for last 1,000,000:   17s.  Last read position: chr13:112,342,803
INFO	2016-05-15 19:59:59	FixMateInformation	Processed   133,000,000 records.  Elapsed time: 00:39:27s.  Time for last 1,000,000:   18s.  Last read position: chr17:27,041,857
INFO	2016-05-15 20:00:15	FixMateInformation	Processed   134,000,000 records.  Elapsed time: 00:39:43s.  Time for last 1,000,000:   16s.  Last read position: chr1:168,260,361
INFO	2016-05-15 20:00:50	FixMateInformation	Processed   135,000,000 records.  Elapsed time: 00:40:19s.  Time for last 1,000,000:   35s.  Last read position: chr11:64,507,714
INFO	2016-05-15 20:01:11	FixMateInformation	Processed   136,000,000 records.  Elapsed time: 00:40:40s.  Time for last 1,000,000:   21s.  Last read position: chr7:69,212,908
INFO	2016-05-15 20:01:30	FixMateInformation	Processed   137,000,000 records.  Elapsed time: 00:40:58s.  Time for last 1,000,000:   18s.  Last read position: chr14:52,526,879
INFO	2016-05-15 20:01:41	FixMateInformation	Finished processing reads; re-sorting output file.
[Sun May 15 20:33:06 EDT 2016] picard.sam.FixMateInformation done. Elapsed time: 103.21 minutes.
Runtime.totalMemory()=1120927744
