[Sun May 15 02:26:49 EDT 2016] picard.sam.SortSam INPUT=p_DS_bkm_101-N.sam OUTPUT=p_DS_bkm_101-N/p_DS_bkm_101-N.sorted.bam SORT_ORDER=coordinate TMP_DIR=[tmp_WT] VALIDATION_STRINGENCY=LENIENT CREATE_INDEX=true    VERBOSITY=INFO QUIET=false COMPRESSION_LEVEL=5 MAX_RECORDS_IN_RAM=500000 CREATE_MD5_FILE=false GA4GH_CLIENT_SECRETS=client_secrets.json
[Sun May 15 02:26:49 EDT 2016] Executing as abdelrahman@compute-1-13.local on Linux 2.6.32-279.14.1.el6.x86_64 amd64; Java HotSpot(TM) 64-Bit Server VM 1.8.0_45-b14; Picard version: 2.3.0(9a00c87b7ffdb01cfb5a0d6e76556146196babb8_1463071327) IntelDeflater
INFO	2016-05-15 02:33:09	SortSam	Read    10,000,000 records.  Elapsed time: 00:06:19s.  Time for last 10,000,000:  379s.  Last read position: chr15:79,132,887
INFO	2016-05-15 02:38:55	SortSam	Read    20,000,000 records.  Elapsed time: 00:12:05s.  Time for last 10,000,000:  345s.  Last read position: chr16:57,413,565
INFO	2016-05-15 02:44:12	SortSam	Read    30,000,000 records.  Elapsed time: 00:17:22s.  Time for last 10,000,000:  317s.  Last read position: chr7:131,315,201
INFO	2016-05-15 02:49:51	SortSam	Read    40,000,000 records.  Elapsed time: 00:23:01s.  Time for last 10,000,000:  338s.  Last read position: chr10:101,912,267
INFO	2016-05-15 02:55:35	SortSam	Read    50,000,000 records.  Elapsed time: 00:28:45s.  Time for last 10,000,000:  344s.  Last read position: */*
INFO	2016-05-15 03:01:06	SortSam	Read    60,000,000 records.  Elapsed time: 00:34:16s.  Time for last 10,000,000:  330s.  Last read position: chr19:52,196,451
INFO	2016-05-15 03:07:11	SortSam	Read    70,000,000 records.  Elapsed time: 00:40:21s.  Time for last 10,000,000:  364s.  Last read position: chr19:856,048
INFO	2016-05-15 03:13:17	SortSam	Read    80,000,000 records.  Elapsed time: 00:46:27s.  Time for last 10,000,000:  365s.  Last read position: chr6:13,160,343
INFO	2016-05-15 03:19:08	SortSam	Read    90,000,000 records.  Elapsed time: 00:52:18s.  Time for last 10,000,000:  350s.  Last read position: chr11:113,670,017
INFO	2016-05-15 03:24:54	SortSam	Read   100,000,000 records.  Elapsed time: 00:58:04s.  Time for last 10,000,000:  346s.  Last read position: chr16:844,199
INFO	2016-05-15 03:25:32	SortSam	Finished reading inputs, merging and writing to output now.
INFO	2016-05-15 03:30:47	SortSam	Wrote    10,000,000 records from a sorting collection.  Elapsed time: 01:03:57s.  Time for last 10,000,000:  176s.  Last read position: chr2:1,983,201
INFO	2016-05-15 03:32:54	SortSam	Wrote    20,000,000 records from a sorting collection.  Elapsed time: 01:06:04s.  Time for last 10,000,000:  126s.  Last read position: chr3:57,356,923
INFO	2016-05-15 03:34:43	SortSam	Wrote    30,000,000 records from a sorting collection.  Elapsed time: 01:07:53s.  Time for last 10,000,000:  109s.  Last read position: chr5:121,761,130
INFO	2016-05-15 03:36:25	SortSam	Wrote    40,000,000 records from a sorting collection.  Elapsed time: 01:09:35s.  Time for last 10,000,000:  101s.  Last read position: chr7:93,695,712
INFO	2016-05-15 03:38:20	SortSam	Wrote    50,000,000 records from a sorting collection.  Elapsed time: 01:11:30s.  Time for last 10,000,000:  114s.  Last read position: chr9:140,036,393
INFO	2016-05-15 03:40:17	SortSam	Wrote    60,000,000 records from a sorting collection.  Elapsed time: 01:13:27s.  Time for last 10,000,000:  117s.  Last read position: chr11:128,842,329
INFO	2016-05-15 03:42:02	SortSam	Wrote    70,000,000 records from a sorting collection.  Elapsed time: 01:15:12s.  Time for last 10,000,000:  104s.  Last read position: chr14:96,756,917
INFO	2016-05-15 03:43:51	SortSam	Wrote    80,000,000 records from a sorting collection.  Elapsed time: 01:17:01s.  Time for last 10,000,000:  109s.  Last read position: chr17:30,179,163
INFO	2016-05-15 03:45:45	SortSam	Wrote    90,000,000 records from a sorting collection.  Elapsed time: 01:18:56s.  Time for last 10,000,000:  114s.  Last read position: chr19:52,196,282
INFO	2016-05-15 03:47:45	SortSam	Wrote   100,000,000 records from a sorting collection.  Elapsed time: 01:20:55s.  Time for last 10,000,000:  119s.  Last read position: chrX:138,644,220
[Sun May 15 03:48:08 EDT 2016] picard.sam.SortSam done. Elapsed time: 81.32 minutes.
Runtime.totalMemory()=1762131968
[Sun May 15 03:48:09 EDT 2016] picard.sam.markduplicates.MarkDuplicates INPUT=[p_DS_bkm_101-N/p_DS_bkm_101-N.sorted.bam] OUTPUT=p_DS_bkm_101-N/p_DS_bkm_101-N.sorted.MarkDup.bam METRICS_FILE=MarkDup_metrics TMP_DIR=[tmp] VALIDATION_STRINGENCY=SILENT CREATE_INDEX=true    MAX_SEQUENCES_FOR_DISK_READ_ENDS_MAP=50000 MAX_FILE_HANDLES_FOR_READ_ENDS_MAP=8000 SORTING_COLLECTION_SIZE_RATIO=0.25 REMOVE_SEQUENCING_DUPLICATES=false TAGGING_POLICY=DontTag REMOVE_DUPLICATES=false ASSUME_SORTED=false DUPLICATE_SCORING_STRATEGY=SUM_OF_BASE_QUALITIES PROGRAM_RECORD_ID=MarkDuplicates PROGRAM_GROUP_NAME=MarkDuplicates READ_NAME_REGEX=<optimized capture of last three ':' separated fields as numeric values> OPTICAL_DUPLICATE_PIXEL_DISTANCE=100 VERBOSITY=INFO QUIET=false COMPRESSION_LEVEL=5 MAX_RECORDS_IN_RAM=500000 CREATE_MD5_FILE=false GA4GH_CLIENT_SECRETS=client_secrets.json
[Sun May 15 03:48:09 EDT 2016] Executing as abdelrahman@compute-1-13.local on Linux 2.6.32-279.14.1.el6.x86_64 amd64; Java HotSpot(TM) 64-Bit Server VM 1.8.0_45-b14; Picard version: 2.3.0(9a00c87b7ffdb01cfb5a0d6e76556146196babb8_1463071327) IntelDeflater
INFO	2016-05-15 03:48:09	MarkDuplicates	Start of doWork freeMemory: 502229360; totalMemory: 506462208; maxMemory: 13362528256
INFO	2016-05-15 03:48:09	MarkDuplicates	Reading input file and constructing read end information.
INFO	2016-05-15 03:48:09	MarkDuplicates	Will retain up to 51394339 data points before spilling to disk.
INFO	2016-05-15 03:48:20	MarkDuplicates	Read     1,000,000 records.  Elapsed time: 00:00:10s.  Time for last 1,000,000:   10s.  Last read position: chr1:16,389,944
INFO	2016-05-15 03:48:20	MarkDuplicates	Tracking 4509 as yet unmatched pairs. 374 records in RAM.
INFO	2016-05-15 03:48:31	MarkDuplicates	Read     2,000,000 records.  Elapsed time: 00:00:20s.  Time for last 1,000,000:   10s.  Last read position: chr1:32,158,075
INFO	2016-05-15 03:48:31	MarkDuplicates	Tracking 8282 as yet unmatched pairs. 669 records in RAM.
INFO	2016-05-15 03:48:38	MarkDuplicates	Read     3,000,000 records.  Elapsed time: 00:00:27s.  Time for last 1,000,000:    6s.  Last read position: chr1:45,980,161
INFO	2016-05-15 03:48:38	MarkDuplicates	Tracking 11954 as yet unmatched pairs. 827 records in RAM.
INFO	2016-05-15 03:48:46	MarkDuplicates	Read     4,000,000 records.  Elapsed time: 00:00:36s.  Time for last 1,000,000:    8s.  Last read position: chr1:79,383,412
INFO	2016-05-15 03:48:46	MarkDuplicates	Tracking 17090 as yet unmatched pairs. 1050 records in RAM.
INFO	2016-05-15 03:48:55	MarkDuplicates	Read     5,000,000 records.  Elapsed time: 00:00:44s.  Time for last 1,000,000:    8s.  Last read position: chr1:114,437,770
INFO	2016-05-15 03:48:55	MarkDuplicates	Tracking 22488 as yet unmatched pairs. 1113 records in RAM.
INFO	2016-05-15 03:49:03	MarkDuplicates	Read     6,000,000 records.  Elapsed time: 00:00:52s.  Time for last 1,000,000:    8s.  Last read position: chr1:154,112,255
INFO	2016-05-15 03:49:03	MarkDuplicates	Tracking 27951 as yet unmatched pairs. 1047 records in RAM.
INFO	2016-05-15 03:49:26	MarkDuplicates	Read     7,000,000 records.  Elapsed time: 00:01:15s.  Time for last 1,000,000:   23s.  Last read position: chr1:166,818,502
INFO	2016-05-15 03:49:26	MarkDuplicates	Tracking 31008 as yet unmatched pairs. 923 records in RAM.
INFO	2016-05-15 03:49:32	MarkDuplicates	Read     8,000,000 records.  Elapsed time: 00:01:22s.  Time for last 1,000,000:    6s.  Last read position: chr1:200,182,748
INFO	2016-05-15 03:49:32	MarkDuplicates	Tracking 35823 as yet unmatched pairs. 732 records in RAM.
INFO	2016-05-15 03:49:42	MarkDuplicates	Read     9,000,000 records.  Elapsed time: 00:01:32s.  Time for last 1,000,000:    9s.  Last read position: chr1:223,813,437
INFO	2016-05-15 03:49:42	MarkDuplicates	Tracking 39657 as yet unmatched pairs. 528 records in RAM.
INFO	2016-05-15 03:49:50	MarkDuplicates	Read    10,000,000 records.  Elapsed time: 00:01:39s.  Time for last 1,000,000:    7s.  Last read position: chr2:1,983,201
INFO	2016-05-15 03:49:50	MarkDuplicates	Tracking 44052 as yet unmatched pairs. 5226 records in RAM.
INFO	2016-05-15 03:50:04	MarkDuplicates	Read    11,000,000 records.  Elapsed time: 00:01:54s.  Time for last 1,000,000:   14s.  Last read position: chr2:32,475,113
INFO	2016-05-15 03:50:04	MarkDuplicates	Tracking 48367 as yet unmatched pairs. 5360 records in RAM.
INFO	2016-05-15 03:50:11	MarkDuplicates	Read    12,000,000 records.  Elapsed time: 00:02:00s.  Time for last 1,000,000:    6s.  Last read position: chr2:70,315,517
INFO	2016-05-15 03:50:11	MarkDuplicates	Tracking 64446 as yet unmatched pairs. 4568 records in RAM.
INFO	2016-05-15 03:50:19	MarkDuplicates	Read    13,000,000 records.  Elapsed time: 00:02:08s.  Time for last 1,000,000:    7s.  Last read position: chr2:101,644,917
INFO	2016-05-15 03:50:19	MarkDuplicates	Tracking 70080 as yet unmatched pairs. 3976 records in RAM.
INFO	2016-05-15 03:50:29	MarkDuplicates	Read    14,000,000 records.  Elapsed time: 00:02:19s.  Time for last 1,000,000:   10s.  Last read position: chr2:149,447,745
INFO	2016-05-15 03:50:29	MarkDuplicates	Tracking 78514 as yet unmatched pairs. 2998 records in RAM.
INFO	2016-05-15 03:50:39	MarkDuplicates	Read    15,000,000 records.  Elapsed time: 00:02:29s.  Time for last 1,000,000:    9s.  Last read position: chr2:179,454,860
INFO	2016-05-15 03:50:39	MarkDuplicates	Tracking 82318 as yet unmatched pairs. 2381 records in RAM.
INFO	2016-05-15 03:50:45	MarkDuplicates	Read    16,000,000 records.  Elapsed time: 00:02:35s.  Time for last 1,000,000:    6s.  Last read position: chr2:209,086,938
INFO	2016-05-15 03:50:45	MarkDuplicates	Tracking 85774 as yet unmatched pairs. 1533 records in RAM.
INFO	2016-05-15 03:50:54	MarkDuplicates	Read    17,000,000 records.  Elapsed time: 00:02:44s.  Time for last 1,000,000:    9s.  Last read position: chr2:234,269,164
INFO	2016-05-15 03:50:54	MarkDuplicates	Tracking 88914 as yet unmatched pairs. 358 records in RAM.
INFO	2016-05-15 03:51:01	MarkDuplicates	Read    18,000,000 records.  Elapsed time: 00:02:50s.  Time for last 1,000,000:    6s.  Last read position: chr3:15,637,859
INFO	2016-05-15 03:51:01	MarkDuplicates	Tracking 91745 as yet unmatched pairs. 5700 records in RAM.
INFO	2016-05-15 03:51:11	MarkDuplicates	Read    19,000,000 records.  Elapsed time: 00:03:01s.  Time for last 1,000,000:   10s.  Last read position: chr3:47,447,805
INFO	2016-05-15 03:51:11	MarkDuplicates	Tracking 94741 as yet unmatched pairs. 4977 records in RAM.
INFO	2016-05-15 03:51:19	MarkDuplicates	Read    20,000,000 records.  Elapsed time: 00:03:08s.  Time for last 1,000,000:    7s.  Last read position: chr3:57,356,923
INFO	2016-05-15 03:51:19	MarkDuplicates	Tracking 96575 as yet unmatched pairs. 4432 records in RAM.
INFO	2016-05-15 03:51:26	MarkDuplicates	Read    21,000,000 records.  Elapsed time: 00:03:15s.  Time for last 1,000,000:    6s.  Last read position: chr3:114,014,455
INFO	2016-05-15 03:51:26	MarkDuplicates	Tracking 100742 as yet unmatched pairs. 3177 records in RAM.
INFO	2016-05-15 03:51:32	MarkDuplicates	Read    22,000,000 records.  Elapsed time: 00:03:22s.  Time for last 1,000,000:    6s.  Last read position: chr3:140,432,645
INFO	2016-05-15 03:51:32	MarkDuplicates	Tracking 103181 as yet unmatched pairs. 2101 records in RAM.
INFO	2016-05-15 03:51:42	MarkDuplicates	Read    23,000,000 records.  Elapsed time: 00:03:32s.  Time for last 1,000,000:    9s.  Last read position: chr3:184,038,446
INFO	2016-05-15 03:51:42	MarkDuplicates	Tracking 106549 as yet unmatched pairs. 767 records in RAM.
INFO	2016-05-15 03:51:49	MarkDuplicates	Read    24,000,000 records.  Elapsed time: 00:03:39s.  Time for last 1,000,000:    7s.  Last read position: chr4:8,407,763
INFO	2016-05-15 03:51:49	MarkDuplicates	Tracking 108716 as yet unmatched pairs. 7651 records in RAM.
INFO	2016-05-15 03:52:01	MarkDuplicates	Read    25,000,000 records.  Elapsed time: 00:03:50s.  Time for last 1,000,000:   11s.  Last read position: chr4:62,937,279
INFO	2016-05-15 03:52:01	MarkDuplicates	Tracking 114641 as yet unmatched pairs. 5374 records in RAM.
INFO	2016-05-15 03:52:06	MarkDuplicates	Read    26,000,000 records.  Elapsed time: 00:03:56s.  Time for last 1,000,000:    5s.  Last read position: chr4:104,104,631
INFO	2016-05-15 03:52:06	MarkDuplicates	Tracking 117519 as yet unmatched pairs. 3319 records in RAM.
INFO	2016-05-15 03:52:13	MarkDuplicates	Read    27,000,000 records.  Elapsed time: 00:04:03s.  Time for last 1,000,000:    7s.  Last read position: chr4:155,219,763
INFO	2016-05-15 03:52:13	MarkDuplicates	Tracking 120749 as yet unmatched pairs. 1599 records in RAM.
INFO	2016-05-15 03:52:19	MarkDuplicates	Read    28,000,000 records.  Elapsed time: 00:04:09s.  Time for last 1,000,000:    6s.  Last read position: chr5:16,067,709
INFO	2016-05-15 03:52:19	MarkDuplicates	Tracking 123704 as yet unmatched pairs. 8432 records in RAM.
INFO	2016-05-15 03:52:27	MarkDuplicates	Read    29,000,000 records.  Elapsed time: 00:04:17s.  Time for last 1,000,000:    7s.  Last read position: chr5:70,931,043
INFO	2016-05-15 03:52:27	MarkDuplicates	Tracking 126665 as yet unmatched pairs. 6328 records in RAM.
INFO	2016-05-15 03:52:35	MarkDuplicates	Read    30,000,000 records.  Elapsed time: 00:04:24s.  Time for last 1,000,000:    7s.  Last read position: chr5:121,761,130
INFO	2016-05-15 03:52:35	MarkDuplicates	Tracking 128835 as yet unmatched pairs. 3659 records in RAM.
INFO	2016-05-15 03:52:47	MarkDuplicates	Read    31,000,000 records.  Elapsed time: 00:04:37s.  Time for last 1,000,000:   12s.  Last read position: chr5:141,248,673
INFO	2016-05-15 03:52:47	MarkDuplicates	Tracking 130298 as yet unmatched pairs. 2388 records in RAM.
INFO	2016-05-15 03:52:53	MarkDuplicates	Read    32,000,000 records.  Elapsed time: 00:04:43s.  Time for last 1,000,000:    5s.  Last read position: chr5:176,305,579
INFO	2016-05-15 03:52:53	MarkDuplicates	Tracking 131899 as yet unmatched pairs. 521 records in RAM.
INFO	2016-05-15 03:53:01	MarkDuplicates	Read    33,000,000 records.  Elapsed time: 00:04:51s.  Time for last 1,000,000:    8s.  Last read position: chr6:26,252,299
INFO	2016-05-15 03:53:01	MarkDuplicates	Tracking 133329 as yet unmatched pairs. 9054 records in RAM.
INFO	2016-05-15 03:53:10	MarkDuplicates	Read    34,000,000 records.  Elapsed time: 00:05:00s.  Time for last 1,000,000:    8s.  Last read position: chr6:33,636,314
INFO	2016-05-15 03:53:10	MarkDuplicates	Tracking 134136 as yet unmatched pairs. 8123 records in RAM.
INFO	2016-05-15 03:53:19	MarkDuplicates	Read    35,000,000 records.  Elapsed time: 00:05:09s.  Time for last 1,000,000:    9s.  Last read position: chr6:52,957,137
INFO	2016-05-15 03:53:19	MarkDuplicates	Tracking 135039 as yet unmatched pairs. 6665 records in RAM.
INFO	2016-05-15 03:53:29	MarkDuplicates	Read    36,000,000 records.  Elapsed time: 00:05:18s.  Time for last 1,000,000:    9s.  Last read position: chr6:107,070,547
INFO	2016-05-15 03:53:29	MarkDuplicates	Tracking 136906 as yet unmatched pairs. 4262 records in RAM.
INFO	2016-05-15 03:53:40	MarkDuplicates	Read    37,000,000 records.  Elapsed time: 00:05:30s.  Time for last 1,000,000:   11s.  Last read position: chr6:146,234,721
INFO	2016-05-15 03:53:40	MarkDuplicates	Tracking 137955 as yet unmatched pairs. 1786 records in RAM.
INFO	2016-05-15 03:53:46	MarkDuplicates	Read    38,000,000 records.  Elapsed time: 00:05:36s.  Time for last 1,000,000:    6s.  Last read position: chr7:5,879,463
INFO	2016-05-15 03:53:46	MarkDuplicates	Tracking 138839 as yet unmatched pairs. 10582 records in RAM.
INFO	2016-05-15 03:53:53	MarkDuplicates	Read    39,000,000 records.  Elapsed time: 00:05:43s.  Time for last 1,000,000:    7s.  Last read position: chr7:45,143,117
INFO	2016-05-15 03:53:53	MarkDuplicates	Tracking 139711 as yet unmatched pairs. 8352 records in RAM.
INFO	2016-05-15 03:53:59	MarkDuplicates	Read    40,000,000 records.  Elapsed time: 00:05:49s.  Time for last 1,000,000:    5s.  Last read position: chr7:93,695,712
INFO	2016-05-15 03:53:59	MarkDuplicates	Tracking 141038 as yet unmatched pairs. 5422 records in RAM.
INFO	2016-05-15 03:54:06	MarkDuplicates	Read    41,000,000 records.  Elapsed time: 00:05:56s.  Time for last 1,000,000:    7s.  Last read position: chr7:115,890,213
INFO	2016-05-15 03:54:06	MarkDuplicates	Tracking 141683 as yet unmatched pairs. 3412 records in RAM.
INFO	2016-05-15 03:54:14	MarkDuplicates	Read    42,000,000 records.  Elapsed time: 00:06:04s.  Time for last 1,000,000:    8s.  Last read position: chr7:143,657,415
INFO	2016-05-15 03:54:14	MarkDuplicates	Tracking 142505 as yet unmatched pairs. 1398 records in RAM.
INFO	2016-05-15 03:54:27	MarkDuplicates	Read    43,000,000 records.  Elapsed time: 00:06:17s.  Time for last 1,000,000:   13s.  Last read position: chr8:21,939,314
INFO	2016-05-15 03:54:27	MarkDuplicates	Tracking 142916 as yet unmatched pairs. 8975 records in RAM.
INFO	2016-05-15 03:54:36	MarkDuplicates	Read    44,000,000 records.  Elapsed time: 00:06:26s.  Time for last 1,000,000:    9s.  Last read position: chr8:56,364,232
INFO	2016-05-15 03:54:36	MarkDuplicates	Tracking 143317 as yet unmatched pairs. 6209 records in RAM.
INFO	2016-05-15 03:54:45	MarkDuplicates	Read    45,000,000 records.  Elapsed time: 00:06:35s.  Time for last 1,000,000:    8s.  Last read position: chr8:104,778,523
INFO	2016-05-15 03:54:45	MarkDuplicates	Tracking 143569 as yet unmatched pairs. 3094 records in RAM.
INFO	2016-05-15 03:54:53	MarkDuplicates	Read    46,000,000 records.  Elapsed time: 00:06:42s.  Time for last 1,000,000:    7s.  Last read position: chr8:145,638,709
INFO	2016-05-15 03:54:53	MarkDuplicates	Tracking 143664 as yet unmatched pairs. 255 records in RAM.
INFO	2016-05-15 03:55:00	MarkDuplicates	Read    47,000,000 records.  Elapsed time: 00:06:49s.  Time for last 1,000,000:    6s.  Last read position: chr9:35,751,431
INFO	2016-05-15 03:55:00	MarkDuplicates	Tracking 143428 as yet unmatched pairs. 8158 records in RAM.
INFO	2016-05-15 03:55:07	MarkDuplicates	Read    48,000,000 records.  Elapsed time: 00:06:57s.  Time for last 1,000,000:    7s.  Last read position: chr9:100,361,977
INFO	2016-05-15 03:55:07	MarkDuplicates	Tracking 143414 as yet unmatched pairs. 4446 records in RAM.
INFO	2016-05-15 03:55:13	MarkDuplicates	Read    49,000,000 records.  Elapsed time: 00:07:02s.  Time for last 1,000,000:    5s.  Last read position: chr9:128,678,092
INFO	2016-05-15 03:55:13	MarkDuplicates	Tracking 143443 as yet unmatched pairs. 2197 records in RAM.
INFO	2016-05-15 03:55:26	MarkDuplicates	Read    50,000,000 records.  Elapsed time: 00:07:16s.  Time for last 1,000,000:   13s.  Last read position: chr9:140,036,393
INFO	2016-05-15 03:55:26	MarkDuplicates	Tracking 143077 as yet unmatched pairs. 401 records in RAM.
INFO	2016-05-15 03:55:34	MarkDuplicates	Read    51,000,000 records.  Elapsed time: 00:07:23s.  Time for last 1,000,000:    7s.  Last read position: chr10:33,843,406
INFO	2016-05-15 03:55:34	MarkDuplicates	Tracking 142506 as yet unmatched pairs. 11962 records in RAM.
INFO	2016-05-15 03:58:21	MarkDuplicates	Read    52,000,000 records.  Elapsed time: 00:10:11s.  Time for last 1,000,000:  167s.  Last read position: chr10:75,335,443
INFO	2016-05-15 03:58:21	MarkDuplicates	Tracking 142045 as yet unmatched pairs. 6500 records in RAM.
INFO	2016-05-15 03:58:31	MarkDuplicates	Read    53,000,000 records.  Elapsed time: 00:10:21s.  Time for last 1,000,000:   10s.  Last read position: chr10:102,586,872
INFO	2016-05-15 03:58:31	MarkDuplicates	Tracking 141387 as yet unmatched pairs. 3641 records in RAM.
INFO	2016-05-15 03:58:38	MarkDuplicates	Read    54,000,000 records.  Elapsed time: 00:10:28s.  Time for last 1,000,000:    6s.  Last read position: chr10:129,866,473
INFO	2016-05-15 03:58:38	MarkDuplicates	Tracking 140519 as yet unmatched pairs. 759 records in RAM.
INFO	2016-05-15 03:58:46	MarkDuplicates	Read    55,000,000 records.  Elapsed time: 00:10:36s.  Time for last 1,000,000:    8s.  Last read position: chr11:7,022,141
INFO	2016-05-15 03:58:46	MarkDuplicates	Tracking 139641 as yet unmatched pairs. 14442 records in RAM.
INFO	2016-05-15 03:58:55	MarkDuplicates	Read    56,000,000 records.  Elapsed time: 00:10:45s.  Time for last 1,000,000:    8s.  Last read position: chr11:45,234,390
INFO	2016-05-15 03:58:55	MarkDuplicates	Tracking 138466 as yet unmatched pairs. 11158 records in RAM.
INFO	2016-05-15 03:59:09	MarkDuplicates	Read    57,000,000 records.  Elapsed time: 00:10:59s.  Time for last 1,000,000:   14s.  Last read position: chr11:62,601,066
INFO	2016-05-15 03:59:09	MarkDuplicates	Tracking 137671 as yet unmatched pairs. 8621 records in RAM.
INFO	2016-05-15 03:59:17	MarkDuplicates	Read    58,000,000 records.  Elapsed time: 00:11:07s.  Time for last 1,000,000:    7s.  Last read position: chr11:71,946,777
INFO	2016-05-15 03:59:17	MarkDuplicates	Tracking 136882 as yet unmatched pairs. 6794 records in RAM.
INFO	2016-05-15 03:59:24	MarkDuplicates	Read    59,000,000 records.  Elapsed time: 00:11:14s.  Time for last 1,000,000:    6s.  Last read position: chr11:108,172,592
INFO	2016-05-15 03:59:24	MarkDuplicates	Tracking 135505 as yet unmatched pairs. 3263 records in RAM.
INFO	2016-05-15 03:59:38	MarkDuplicates	Read    60,000,000 records.  Elapsed time: 00:11:28s.  Time for last 1,000,000:   13s.  Last read position: chr11:128,842,329
INFO	2016-05-15 03:59:38	MarkDuplicates	Tracking 134464 as yet unmatched pairs. 618 records in RAM.
INFO	2016-05-15 03:59:45	MarkDuplicates	Read    61,000,000 records.  Elapsed time: 00:11:34s.  Time for last 1,000,000:    6s.  Last read position: chr12:14,928,225
INFO	2016-05-15 03:59:45	MarkDuplicates	Tracking 133187 as yet unmatched pairs. 14736 records in RAM.
INFO	2016-05-15 03:59:53	MarkDuplicates	Read    62,000,000 records.  Elapsed time: 00:11:43s.  Time for last 1,000,000:    8s.  Last read position: chr12:50,395,036
INFO	2016-05-15 03:59:53	MarkDuplicates	Tracking 131564 as yet unmatched pairs. 11191 records in RAM.
INFO	2016-05-15 04:00:00	MarkDuplicates	Read    63,000,000 records.  Elapsed time: 00:11:50s.  Time for last 1,000,000:    6s.  Last read position: chr12:58,204,169
INFO	2016-05-15 04:00:00	MarkDuplicates	Tracking 130701 as yet unmatched pairs. 9294 records in RAM.
INFO	2016-05-15 04:00:08	MarkDuplicates	Read    64,000,000 records.  Elapsed time: 00:11:58s.  Time for last 1,000,000:    8s.  Last read position: chr12:104,181,179
INFO	2016-05-15 04:00:08	MarkDuplicates	Tracking 128193 as yet unmatched pairs. 4429 records in RAM.
INFO	2016-05-15 04:00:57	MarkDuplicates	Read    65,000,000 records.  Elapsed time: 00:12:46s.  Time for last 1,000,000:   48s.  Last read position: chr12:123,647,326
INFO	2016-05-15 04:00:57	MarkDuplicates	Tracking 126530 as yet unmatched pairs. 1359 records in RAM.
INFO	2016-05-15 04:01:08	MarkDuplicates	Read    66,000,000 records.  Elapsed time: 00:12:57s.  Time for last 1,000,000:   10s.  Last read position: chr13:39,263,484
INFO	2016-05-15 04:01:08	MarkDuplicates	Tracking 124749 as yet unmatched pairs. 6807 records in RAM.
INFO	2016-05-15 04:01:14	MarkDuplicates	Read    67,000,000 records.  Elapsed time: 00:13:04s.  Time for last 1,000,000:    6s.  Last read position: chr13:103,385,106
INFO	2016-05-15 04:01:14	MarkDuplicates	Tracking 121572 as yet unmatched pairs. 1308 records in RAM.
INFO	2016-05-15 04:01:26	MarkDuplicates	Read    68,000,000 records.  Elapsed time: 00:13:15s.  Time for last 1,000,000:   11s.  Last read position: chr14:24,884,803
INFO	2016-05-15 04:01:26	MarkDuplicates	Tracking 119883 as yet unmatched pairs. 10122 records in RAM.
INFO	2016-05-15 04:01:33	MarkDuplicates	Read    69,000,000 records.  Elapsed time: 00:13:22s.  Time for last 1,000,000:    6s.  Last read position: chr14:67,490,384
INFO	2016-05-15 04:01:33	MarkDuplicates	Tracking 117059 as yet unmatched pairs. 5703 records in RAM.
INFO	2016-05-15 04:01:39	MarkDuplicates	Read    70,000,000 records.  Elapsed time: 00:13:28s.  Time for last 1,000,000:    6s.  Last read position: chr14:96,756,917
INFO	2016-05-15 04:01:39	MarkDuplicates	Tracking 114492 as yet unmatched pairs. 1788 records in RAM.
INFO	2016-05-15 04:01:46	MarkDuplicates	Read    71,000,000 records.  Elapsed time: 00:13:35s.  Time for last 1,000,000:    6s.  Last read position: chr15:37,187,394
INFO	2016-05-15 04:01:46	MarkDuplicates	Tracking 112192 as yet unmatched pairs. 9962 records in RAM.
INFO	2016-05-15 04:01:53	MarkDuplicates	Read    72,000,000 records.  Elapsed time: 00:13:42s.  Time for last 1,000,000:    7s.  Last read position: chr15:53,080,995
INFO	2016-05-15 04:01:53	MarkDuplicates	Tracking 110193 as yet unmatched pairs. 7099 records in RAM.
INFO	2016-05-15 04:01:58	MarkDuplicates	Read    73,000,000 records.  Elapsed time: 00:13:48s.  Time for last 1,000,000:    5s.  Last read position: chr15:76,533,758
INFO	2016-05-15 04:01:58	MarkDuplicates	Tracking 107587 as yet unmatched pairs. 3414 records in RAM.
INFO	2016-05-15 04:02:07	MarkDuplicates	Read    74,000,000 records.  Elapsed time: 00:13:57s.  Time for last 1,000,000:    8s.  Last read position: chr16:722,205
INFO	2016-05-15 04:02:07	MarkDuplicates	Tracking 105114 as yet unmatched pairs. 16008 records in RAM.
INFO	2016-05-15 04:02:14	MarkDuplicates	Read    75,000,000 records.  Elapsed time: 00:14:03s.  Time for last 1,000,000:    6s.  Last read position: chr16:19,184,190
INFO	2016-05-15 04:02:14	MarkDuplicates	Tracking 102434 as yet unmatched pairs. 12539 records in RAM.
INFO	2016-05-15 04:02:26	MarkDuplicates	Read    76,000,000 records.  Elapsed time: 00:14:15s.  Time for last 1,000,000:   12s.  Last read position: chr16:46,509,642
INFO	2016-05-15 04:02:26	MarkDuplicates	Tracking 98888 as yet unmatched pairs. 7163 records in RAM.
INFO	2016-05-15 04:02:31	MarkDuplicates	Read    77,000,000 records.  Elapsed time: 00:14:21s.  Time for last 1,000,000:    5s.  Last read position: chr16:69,833,010
INFO	2016-05-15 04:02:31	MarkDuplicates	Tracking 96191 as yet unmatched pairs. 3567 records in RAM.
INFO	2016-05-15 04:02:39	MarkDuplicates	Read    78,000,000 records.  Elapsed time: 00:14:29s.  Time for last 1,000,000:    7s.  Last read position: chr17:1,547,894
INFO	2016-05-15 04:02:39	MarkDuplicates	Tracking 93306 as yet unmatched pairs. 17581 records in RAM.
INFO	2016-05-15 04:02:45	MarkDuplicates	Read    79,000,000 records.  Elapsed time: 00:14:35s.  Time for last 1,000,000:    6s.  Last read position: chr17:9,578,186
INFO	2016-05-15 04:02:45	MarkDuplicates	Tracking 91479 as yet unmatched pairs. 15270 records in RAM.
INFO	2016-05-15 04:02:52	MarkDuplicates	Read    80,000,000 records.  Elapsed time: 00:14:42s.  Time for last 1,000,000:    6s.  Last read position: chr17:30,179,163
INFO	2016-05-15 04:02:52	MarkDuplicates	Tracking 88705 as yet unmatched pairs. 11707 records in RAM.
INFO	2016-05-15 04:03:00	MarkDuplicates	Read    81,000,000 records.  Elapsed time: 00:14:50s.  Time for last 1,000,000:    7s.  Last read position: chr17:41,598,595
INFO	2016-05-15 04:03:00	MarkDuplicates	Tracking 85993 as yet unmatched pairs. 8402 records in RAM.
INFO	2016-05-15 04:03:05	MarkDuplicates	Read    82,000,000 records.  Elapsed time: 00:14:55s.  Time for last 1,000,000:    5s.  Last read position: chr17:59,808,664
INFO	2016-05-15 04:03:05	MarkDuplicates	Tracking 83017 as yet unmatched pairs. 4716 records in RAM.
INFO	2016-05-15 04:03:14	MarkDuplicates	Read    83,000,000 records.  Elapsed time: 00:15:03s.  Time for last 1,000,000:    8s.  Last read position: chr17:76,430,095
INFO	2016-05-15 04:03:14	MarkDuplicates	Tracking 80272 as yet unmatched pairs. 1354 records in RAM.
INFO	2016-05-15 04:03:20	MarkDuplicates	Read    84,000,000 records.  Elapsed time: 00:15:10s.  Time for last 1,000,000:    6s.  Last read position: chr18:21,660,727
INFO	2016-05-15 04:03:20	MarkDuplicates	Tracking 76206 as yet unmatched pairs. 6526 records in RAM.
INFO	2016-05-15 04:03:34	MarkDuplicates	Read    85,000,000 records.  Elapsed time: 00:15:24s.  Time for last 1,000,000:   14s.  Last read position: chr18:74,876,109
INFO	2016-05-15 04:03:34	MarkDuplicates	Tracking 71023 as yet unmatched pairs. 375 records in RAM.
INFO	2016-05-15 04:03:42	MarkDuplicates	Read    86,000,000 records.  Elapsed time: 00:15:32s.  Time for last 1,000,000:    7s.  Last read position: chr19:8,197,752
INFO	2016-05-15 04:03:42	MarkDuplicates	Tracking 68167 as yet unmatched pairs. 17054 records in RAM.
INFO	2016-05-15 04:03:49	MarkDuplicates	Read    87,000,000 records.  Elapsed time: 00:15:39s.  Time for last 1,000,000:    7s.  Last read position: chr19:15,728,997
INFO	2016-05-15 04:03:49	MarkDuplicates	Tracking 65698 as yet unmatched pairs. 14289 records in RAM.
INFO	2016-05-15 04:03:55	MarkDuplicates	Read    88,000,000 records.  Elapsed time: 00:15:45s.  Time for last 1,000,000:    5s.  Last read position: chr19:36,297,341
INFO	2016-05-15 04:03:55	MarkDuplicates	Tracking 60562 as yet unmatched pairs. 8635 records in RAM.
INFO	2016-05-15 04:04:03	MarkDuplicates	Read    89,000,000 records.  Elapsed time: 00:15:52s.  Time for last 1,000,000:    7s.  Last read position: chr19:44,777,846
INFO	2016-05-15 04:04:03	MarkDuplicates	Tracking 58045 as yet unmatched pairs. 5817 records in RAM.
INFO	2016-05-15 04:04:09	MarkDuplicates	Read    90,000,000 records.  Elapsed time: 00:15:58s.  Time for last 1,000,000:    5s.  Last read position: chr19:52,196,282
INFO	2016-05-15 04:04:09	MarkDuplicates	Tracking 55302 as yet unmatched pairs. 2765 records in RAM.
INFO	2016-05-15 04:04:19	MarkDuplicates	Read    91,000,000 records.  Elapsed time: 00:16:09s.  Time for last 1,000,000:   10s.  Last read position: chr20:2,796,313
INFO	2016-05-15 04:04:19	MarkDuplicates	Tracking 52459 as yet unmatched pairs. 10586 records in RAM.
INFO	2016-05-15 04:04:25	MarkDuplicates	Read    92,000,000 records.  Elapsed time: 00:16:15s.  Time for last 1,000,000:    6s.  Last read position: chr20:34,136,945
INFO	2016-05-15 04:04:25	MarkDuplicates	Tracking 48449 as yet unmatched pairs. 5491 records in RAM.
INFO	2016-05-15 04:04:37	MarkDuplicates	Read    93,000,000 records.  Elapsed time: 00:16:27s.  Time for last 1,000,000:   12s.  Last read position: chr20:57,571,590
INFO	2016-05-15 04:04:37	MarkDuplicates	Tracking 44602 as yet unmatched pairs. 1283 records in RAM.
INFO	2016-05-15 04:04:45	MarkDuplicates	Read    94,000,000 records.  Elapsed time: 00:16:35s.  Time for last 1,000,000:    7s.  Last read position: chr21:40,781,799
INFO	2016-05-15 04:04:45	MarkDuplicates	Tracking 37932 as yet unmatched pairs. 1651 records in RAM.
INFO	2016-05-15 04:04:52	MarkDuplicates	Read    95,000,000 records.  Elapsed time: 00:16:42s.  Time for last 1,000,000:    7s.  Last read position: chr22:24,953,751
INFO	2016-05-15 04:04:52	MarkDuplicates	Tracking 34700 as yet unmatched pairs. 5716 records in RAM.
INFO	2016-05-15 04:04:59	MarkDuplicates	Read    96,000,000 records.  Elapsed time: 00:16:49s.  Time for last 1,000,000:    6s.  Last read position: chr22:41,660,757
INFO	2016-05-15 04:04:59	MarkDuplicates	Tracking 31276 as yet unmatched pairs. 2048 records in RAM.
INFO	2016-05-15 04:05:06	MarkDuplicates	Read    97,000,000 records.  Elapsed time: 00:16:56s.  Time for last 1,000,000:    7s.  Last read position: chrX:19,599,096
INFO	2016-05-15 04:05:06	MarkDuplicates	Tracking 26649 as yet unmatched pairs. 19984 records in RAM.
INFO	2016-05-15 04:05:16	MarkDuplicates	Read    98,000,000 records.  Elapsed time: 00:17:06s.  Time for last 1,000,000:   10s.  Last read position: chrX:53,563,198
INFO	2016-05-15 04:05:16	MarkDuplicates	Tracking 21830 as yet unmatched pairs. 15144 records in RAM.
INFO	2016-05-15 04:05:22	MarkDuplicates	Read    99,000,000 records.  Elapsed time: 00:17:12s.  Time for last 1,000,000:    6s.  Last read position: chrX:100,749,929
INFO	2016-05-15 04:05:22	MarkDuplicates	Tracking 15522 as yet unmatched pairs. 8806 records in RAM.
INFO	2016-05-15 04:05:32	MarkDuplicates	Read   100,000,000 records.  Elapsed time: 00:17:22s.  Time for last 1,000,000:   10s.  Last read position: chrX:138,644,220
INFO	2016-05-15 04:05:32	MarkDuplicates	Tracking 9544 as yet unmatched pairs. 2798 records in RAM.
INFO	2016-05-15 04:05:37	MarkDuplicates	Read 100604628 records. 0 pairs never matched.
INFO	2016-05-15 04:06:43	MarkDuplicates	After buildSortedReadEndLists freeMemory: 8504695032; totalMemory: 12390498304; maxMemory: 13362528256
INFO	2016-05-15 04:06:43	MarkDuplicates	Will retain up to 417579008 duplicate indices before spilling to disk.
INFO	2016-05-15 04:06:44	MarkDuplicates	Traversing read pair information and detecting duplicates.
INFO	2016-05-15 04:06:53	MarkDuplicates	Traversing fragment information and detecting duplicates.
INFO	2016-05-15 04:08:05	MarkDuplicates	Sorting list of duplicate records.
INFO	2016-05-15 04:08:06	MarkDuplicates	After generateDuplicateIndexes freeMemory: 6601278512; totalMemory: 10030153728; maxMemory: 13362528256
INFO	2016-05-15 04:08:06	MarkDuplicates	Marking 11018249 records as duplicates.
INFO	2016-05-15 04:08:06	MarkDuplicates	Found 2438 optical duplicate clusters.
INFO	2016-05-15 04:08:06	MarkDuplicates	Reads are assumed to be ordered by: coordinate
INFO	2016-05-15 04:11:11	MarkDuplicates	Written    10,000,000 records.  Elapsed time: 00:03:03s.  Time for last 10,000,000:  183s.  Last read position: chr2:1,983,201
INFO	2016-05-15 04:13:55	MarkDuplicates	Written    20,000,000 records.  Elapsed time: 00:05:48s.  Time for last 10,000,000:  164s.  Last read position: chr3:57,356,923
INFO	2016-05-15 04:16:23	MarkDuplicates	Written    30,000,000 records.  Elapsed time: 00:08:15s.  Time for last 10,000,000:  147s.  Last read position: chr5:121,761,130
INFO	2016-05-15 04:18:53	MarkDuplicates	Written    40,000,000 records.  Elapsed time: 00:10:45s.  Time for last 10,000,000:  149s.  Last read position: chr7:93,695,712
INFO	2016-05-15 04:21:16	MarkDuplicates	Written    50,000,000 records.  Elapsed time: 00:13:09s.  Time for last 10,000,000:  143s.  Last read position: chr9:140,036,393
INFO	2016-05-15 04:23:38	MarkDuplicates	Written    60,000,000 records.  Elapsed time: 00:15:30s.  Time for last 10,000,000:  141s.  Last read position: chr11:128,842,329
INFO	2016-05-15 04:26:05	MarkDuplicates	Written    70,000,000 records.  Elapsed time: 00:17:57s.  Time for last 10,000,000:  147s.  Last read position: chr14:96,756,917
INFO	2016-05-15 04:28:24	MarkDuplicates	Written    80,000,000 records.  Elapsed time: 00:20:16s.  Time for last 10,000,000:  138s.  Last read position: chr17:30,179,163
INFO	2016-05-15 04:30:40	MarkDuplicates	Written    90,000,000 records.  Elapsed time: 00:22:32s.  Time for last 10,000,000:  136s.  Last read position: chr19:52,196,282
INFO	2016-05-15 04:33:15	MarkDuplicates	Written   100,000,000 records.  Elapsed time: 00:25:08s.  Time for last 10,000,000:  155s.  Last read position: chrX:138,644,220
INFO	2016-05-15 04:33:30	MarkDuplicates	Before output close freeMemory: 10257047120; totalMemory: 10353115136; maxMemory: 13362528256
INFO	2016-05-15 04:33:30	MarkDuplicates	After output close freeMemory: 10287979160; totalMemory: 10384048128; maxMemory: 13362528256
[Sun May 15 04:33:31 EDT 2016] picard.sam.markduplicates.MarkDuplicates done. Elapsed time: 45.36 minutes.
Runtime.totalMemory()=10384048128
[Sun May 15 04:33:33 EDT 2016] picard.sam.AddOrReplaceReadGroups INPUT=p_DS_bkm_101-N/p_DS_bkm_101-N.sorted.MarkDup.bam OUTPUT=p_DS_bkm_101-N/p_DS_bkm_101-N.sorted.MarkDup.fixed.bam SORT_ORDER=coordinate RGID=id RGLB=bar RGPL=Illumina RGPU=platform RGSM=sample1 TMP_DIR=[tmp] VALIDATION_STRINGENCY=SILENT CREATE_INDEX=true    VERBOSITY=INFO QUIET=false COMPRESSION_LEVEL=5 MAX_RECORDS_IN_RAM=500000 CREATE_MD5_FILE=false GA4GH_CLIENT_SECRETS=client_secrets.json
[Sun May 15 04:33:33 EDT 2016] Executing as abdelrahman@compute-1-13.local on Linux 2.6.32-279.14.1.el6.x86_64 amd64; Java HotSpot(TM) 64-Bit Server VM 1.8.0_45-b14; Picard version: 2.3.0(9a00c87b7ffdb01cfb5a0d6e76556146196babb8_1463071327) IntelDeflater
INFO	2016-05-15 04:33:34	AddOrReplaceReadGroups	Created read group ID=id PL=Illumina LB=bar SM=sample1

INFO	2016-05-15 04:33:48	AddOrReplaceReadGroups	Processed     1,000,000 records.  Elapsed time: 00:00:13s.  Time for last 1,000,000:   13s.  Last read position: chr1:16,389,944
INFO	2016-05-15 04:34:01	AddOrReplaceReadGroups	Processed     2,000,000 records.  Elapsed time: 00:00:26s.  Time for last 1,000,000:   13s.  Last read position: chr1:32,158,075
INFO	2016-05-15 04:34:18	AddOrReplaceReadGroups	Processed     3,000,000 records.  Elapsed time: 00:00:43s.  Time for last 1,000,000:   17s.  Last read position: chr1:45,980,161
INFO	2016-05-15 04:34:32	AddOrReplaceReadGroups	Processed     4,000,000 records.  Elapsed time: 00:00:57s.  Time for last 1,000,000:   13s.  Last read position: chr1:79,383,412
INFO	2016-05-15 04:34:47	AddOrReplaceReadGroups	Processed     5,000,000 records.  Elapsed time: 00:01:12s.  Time for last 1,000,000:   14s.  Last read position: chr1:114,437,770
INFO	2016-05-15 04:35:00	AddOrReplaceReadGroups	Processed     6,000,000 records.  Elapsed time: 00:01:25s.  Time for last 1,000,000:   13s.  Last read position: chr1:154,112,255
INFO	2016-05-15 04:35:16	AddOrReplaceReadGroups	Processed     7,000,000 records.  Elapsed time: 00:01:42s.  Time for last 1,000,000:   16s.  Last read position: chr1:166,818,502
INFO	2016-05-15 04:35:30	AddOrReplaceReadGroups	Processed     8,000,000 records.  Elapsed time: 00:01:55s.  Time for last 1,000,000:   13s.  Last read position: chr1:200,182,748
INFO	2016-05-15 04:35:57	AddOrReplaceReadGroups	Processed     9,000,000 records.  Elapsed time: 00:02:23s.  Time for last 1,000,000:   27s.  Last read position: chr1:223,813,437
INFO	2016-05-15 04:36:14	AddOrReplaceReadGroups	Processed    10,000,000 records.  Elapsed time: 00:02:39s.  Time for last 1,000,000:   16s.  Last read position: chr2:1,983,201
INFO	2016-05-15 04:36:27	AddOrReplaceReadGroups	Processed    11,000,000 records.  Elapsed time: 00:02:52s.  Time for last 1,000,000:   12s.  Last read position: chr2:32,475,113
INFO	2016-05-15 04:36:40	AddOrReplaceReadGroups	Processed    12,000,000 records.  Elapsed time: 00:03:05s.  Time for last 1,000,000:   13s.  Last read position: chr2:70,315,517
INFO	2016-05-15 04:36:57	AddOrReplaceReadGroups	Processed    13,000,000 records.  Elapsed time: 00:03:22s.  Time for last 1,000,000:   17s.  Last read position: chr2:101,644,917
INFO	2016-05-15 04:37:11	AddOrReplaceReadGroups	Processed    14,000,000 records.  Elapsed time: 00:03:37s.  Time for last 1,000,000:   14s.  Last read position: chr2:149,447,745
INFO	2016-05-15 04:37:27	AddOrReplaceReadGroups	Processed    15,000,000 records.  Elapsed time: 00:03:52s.  Time for last 1,000,000:   15s.  Last read position: chr2:179,454,860
INFO	2016-05-15 04:37:40	AddOrReplaceReadGroups	Processed    16,000,000 records.  Elapsed time: 00:04:05s.  Time for last 1,000,000:   12s.  Last read position: chr2:209,086,938
INFO	2016-05-15 04:37:56	AddOrReplaceReadGroups	Processed    17,000,000 records.  Elapsed time: 00:04:21s.  Time for last 1,000,000:   15s.  Last read position: chr2:234,269,164
INFO	2016-05-15 04:38:09	AddOrReplaceReadGroups	Processed    18,000,000 records.  Elapsed time: 00:04:35s.  Time for last 1,000,000:   13s.  Last read position: chr3:15,637,859
INFO	2016-05-15 04:38:22	AddOrReplaceReadGroups	Processed    19,000,000 records.  Elapsed time: 00:04:48s.  Time for last 1,000,000:   13s.  Last read position: chr3:47,447,805
INFO	2016-05-15 04:38:36	AddOrReplaceReadGroups	Processed    20,000,000 records.  Elapsed time: 00:05:02s.  Time for last 1,000,000:   13s.  Last read position: chr3:57,356,923
INFO	2016-05-15 04:38:50	AddOrReplaceReadGroups	Processed    21,000,000 records.  Elapsed time: 00:05:15s.  Time for last 1,000,000:   13s.  Last read position: chr3:114,014,455
INFO	2016-05-15 04:39:03	AddOrReplaceReadGroups	Processed    22,000,000 records.  Elapsed time: 00:05:28s.  Time for last 1,000,000:   12s.  Last read position: chr3:140,432,645
INFO	2016-05-15 04:39:19	AddOrReplaceReadGroups	Processed    23,000,000 records.  Elapsed time: 00:05:44s.  Time for last 1,000,000:   16s.  Last read position: chr3:184,038,446
INFO	2016-05-15 04:39:33	AddOrReplaceReadGroups	Processed    24,000,000 records.  Elapsed time: 00:05:58s.  Time for last 1,000,000:   13s.  Last read position: chr4:8,407,763
INFO	2016-05-15 04:39:47	AddOrReplaceReadGroups	Processed    25,000,000 records.  Elapsed time: 00:06:12s.  Time for last 1,000,000:   13s.  Last read position: chr4:62,937,279
INFO	2016-05-15 04:40:00	AddOrReplaceReadGroups	Processed    26,000,000 records.  Elapsed time: 00:06:26s.  Time for last 1,000,000:   13s.  Last read position: chr4:104,104,631
INFO	2016-05-15 04:40:13	AddOrReplaceReadGroups	Processed    27,000,000 records.  Elapsed time: 00:06:38s.  Time for last 1,000,000:   12s.  Last read position: chr4:155,219,763
INFO	2016-05-15 04:40:30	AddOrReplaceReadGroups	Processed    28,000,000 records.  Elapsed time: 00:06:55s.  Time for last 1,000,000:   16s.  Last read position: chr5:16,067,709
INFO	2016-05-15 04:40:43	AddOrReplaceReadGroups	Processed    29,000,000 records.  Elapsed time: 00:07:08s.  Time for last 1,000,000:   12s.  Last read position: chr5:70,931,043
INFO	2016-05-15 04:40:55	AddOrReplaceReadGroups	Processed    30,000,000 records.  Elapsed time: 00:07:20s.  Time for last 1,000,000:   12s.  Last read position: chr5:121,761,130
INFO	2016-05-15 04:41:08	AddOrReplaceReadGroups	Processed    31,000,000 records.  Elapsed time: 00:07:33s.  Time for last 1,000,000:   13s.  Last read position: chr5:141,248,673
INFO	2016-05-15 04:41:26	AddOrReplaceReadGroups	Processed    32,000,000 records.  Elapsed time: 00:07:52s.  Time for last 1,000,000:   18s.  Last read position: chr5:176,305,579
INFO	2016-05-15 04:41:40	AddOrReplaceReadGroups	Processed    33,000,000 records.  Elapsed time: 00:08:05s.  Time for last 1,000,000:   13s.  Last read position: chr6:26,252,299
INFO	2016-05-15 04:41:57	AddOrReplaceReadGroups	Processed    34,000,000 records.  Elapsed time: 00:08:22s.  Time for last 1,000,000:   16s.  Last read position: chr6:33,636,314
INFO	2016-05-15 04:42:11	AddOrReplaceReadGroups	Processed    35,000,000 records.  Elapsed time: 00:08:36s.  Time for last 1,000,000:   14s.  Last read position: chr6:52,957,137
INFO	2016-05-15 04:42:27	AddOrReplaceReadGroups	Processed    36,000,000 records.  Elapsed time: 00:08:53s.  Time for last 1,000,000:   16s.  Last read position: chr6:107,070,547
INFO	2016-05-15 04:42:42	AddOrReplaceReadGroups	Processed    37,000,000 records.  Elapsed time: 00:09:07s.  Time for last 1,000,000:   14s.  Last read position: chr6:146,234,721
INFO	2016-05-15 04:42:59	AddOrReplaceReadGroups	Processed    38,000,000 records.  Elapsed time: 00:09:24s.  Time for last 1,000,000:   16s.  Last read position: chr7:5,879,463
INFO	2016-05-15 04:43:13	AddOrReplaceReadGroups	Processed    39,000,000 records.  Elapsed time: 00:09:38s.  Time for last 1,000,000:   14s.  Last read position: chr7:45,143,117
INFO	2016-05-15 04:43:26	AddOrReplaceReadGroups	Processed    40,000,000 records.  Elapsed time: 00:09:51s.  Time for last 1,000,000:   12s.  Last read position: chr7:93,695,712
INFO	2016-05-15 04:43:40	AddOrReplaceReadGroups	Processed    41,000,000 records.  Elapsed time: 00:10:05s.  Time for last 1,000,000:   14s.  Last read position: chr7:115,890,213
INFO	2016-05-15 04:43:58	AddOrReplaceReadGroups	Processed    42,000,000 records.  Elapsed time: 00:10:23s.  Time for last 1,000,000:   17s.  Last read position: chr7:143,657,415
INFO	2016-05-15 04:44:12	AddOrReplaceReadGroups	Processed    43,000,000 records.  Elapsed time: 00:10:37s.  Time for last 1,000,000:   13s.  Last read position: chr8:21,939,314
INFO	2016-05-15 04:44:28	AddOrReplaceReadGroups	Processed    44,000,000 records.  Elapsed time: 00:10:53s.  Time for last 1,000,000:   16s.  Last read position: chr8:56,364,232
INFO	2016-05-15 04:44:41	AddOrReplaceReadGroups	Processed    45,000,000 records.  Elapsed time: 00:11:07s.  Time for last 1,000,000:   13s.  Last read position: chr8:104,778,523
INFO	2016-05-15 04:44:58	AddOrReplaceReadGroups	Processed    46,000,000 records.  Elapsed time: 00:11:23s.  Time for last 1,000,000:   16s.  Last read position: chr8:145,638,709
INFO	2016-05-15 04:45:12	AddOrReplaceReadGroups	Processed    47,000,000 records.  Elapsed time: 00:11:38s.  Time for last 1,000,000:   14s.  Last read position: chr9:35,751,431
INFO	2016-05-15 04:45:29	AddOrReplaceReadGroups	Processed    48,000,000 records.  Elapsed time: 00:11:55s.  Time for last 1,000,000:   17s.  Last read position: chr9:100,361,977
INFO	2016-05-15 04:45:42	AddOrReplaceReadGroups	Processed    49,000,000 records.  Elapsed time: 00:12:08s.  Time for last 1,000,000:   12s.  Last read position: chr9:128,678,092
INFO	2016-05-15 04:46:00	AddOrReplaceReadGroups	Processed    50,000,000 records.  Elapsed time: 00:12:25s.  Time for last 1,000,000:   17s.  Last read position: chr9:140,036,393
INFO	2016-05-15 04:46:14	AddOrReplaceReadGroups	Processed    51,000,000 records.  Elapsed time: 00:12:39s.  Time for last 1,000,000:   13s.  Last read position: chr10:33,843,406
INFO	2016-05-15 04:46:30	AddOrReplaceReadGroups	Processed    52,000,000 records.  Elapsed time: 00:12:56s.  Time for last 1,000,000:   16s.  Last read position: chr10:75,335,443
INFO	2016-05-15 04:46:44	AddOrReplaceReadGroups	Processed    53,000,000 records.  Elapsed time: 00:13:09s.  Time for last 1,000,000:   13s.  Last read position: chr10:102,586,872
INFO	2016-05-15 04:47:01	AddOrReplaceReadGroups	Processed    54,000,000 records.  Elapsed time: 00:13:26s.  Time for last 1,000,000:   17s.  Last read position: chr10:129,866,473
INFO	2016-05-15 04:47:15	AddOrReplaceReadGroups	Processed    55,000,000 records.  Elapsed time: 00:13:40s.  Time for last 1,000,000:   13s.  Last read position: chr11:7,022,141
INFO	2016-05-15 04:47:31	AddOrReplaceReadGroups	Processed    56,000,000 records.  Elapsed time: 00:13:56s.  Time for last 1,000,000:   16s.  Last read position: chr11:45,234,390
INFO	2016-05-15 04:47:46	AddOrReplaceReadGroups	Processed    57,000,000 records.  Elapsed time: 00:14:11s.  Time for last 1,000,000:   14s.  Last read position: chr11:62,601,066
INFO	2016-05-15 04:48:03	AddOrReplaceReadGroups	Processed    58,000,000 records.  Elapsed time: 00:14:28s.  Time for last 1,000,000:   17s.  Last read position: chr11:71,946,777
INFO	2016-05-15 04:48:16	AddOrReplaceReadGroups	Processed    59,000,000 records.  Elapsed time: 00:14:41s.  Time for last 1,000,000:   13s.  Last read position: chr11:108,172,592
INFO	2016-05-15 04:48:33	AddOrReplaceReadGroups	Processed    60,000,000 records.  Elapsed time: 00:14:58s.  Time for last 1,000,000:   16s.  Last read position: chr11:128,842,329
INFO	2016-05-15 04:48:47	AddOrReplaceReadGroups	Processed    61,000,000 records.  Elapsed time: 00:15:12s.  Time for last 1,000,000:   13s.  Last read position: chr12:14,928,225
INFO	2016-05-15 04:49:03	AddOrReplaceReadGroups	Processed    62,000,000 records.  Elapsed time: 00:15:29s.  Time for last 1,000,000:   16s.  Last read position: chr12:50,395,036
INFO	2016-05-15 04:49:17	AddOrReplaceReadGroups	Processed    63,000,000 records.  Elapsed time: 00:15:42s.  Time for last 1,000,000:   13s.  Last read position: chr12:58,204,169
INFO	2016-05-15 04:49:35	AddOrReplaceReadGroups	Processed    64,000,000 records.  Elapsed time: 00:16:00s.  Time for last 1,000,000:   17s.  Last read position: chr12:104,181,179
INFO	2016-05-15 04:49:48	AddOrReplaceReadGroups	Processed    65,000,000 records.  Elapsed time: 00:16:13s.  Time for last 1,000,000:   13s.  Last read position: chr12:123,647,326
INFO	2016-05-15 04:50:02	AddOrReplaceReadGroups	Processed    66,000,000 records.  Elapsed time: 00:16:27s.  Time for last 1,000,000:   13s.  Last read position: chr13:39,263,484
INFO	2016-05-15 04:50:16	AddOrReplaceReadGroups	Processed    67,000,000 records.  Elapsed time: 00:16:41s.  Time for last 1,000,000:   13s.  Last read position: chr13:103,385,106
INFO	2016-05-15 04:50:30	AddOrReplaceReadGroups	Processed    68,000,000 records.  Elapsed time: 00:16:55s.  Time for last 1,000,000:   14s.  Last read position: chr14:24,884,803
INFO	2016-05-15 04:50:47	AddOrReplaceReadGroups	Processed    69,000,000 records.  Elapsed time: 00:17:12s.  Time for last 1,000,000:   16s.  Last read position: chr14:67,490,384
INFO	2016-05-15 04:51:00	AddOrReplaceReadGroups	Processed    70,000,000 records.  Elapsed time: 00:17:25s.  Time for last 1,000,000:   13s.  Last read position: chr14:96,756,917
INFO	2016-05-15 04:51:17	AddOrReplaceReadGroups	Processed    71,000,000 records.  Elapsed time: 00:17:42s.  Time for last 1,000,000:   16s.  Last read position: chr15:37,187,394
INFO	2016-05-15 04:51:31	AddOrReplaceReadGroups	Processed    72,000,000 records.  Elapsed time: 00:17:56s.  Time for last 1,000,000:   13s.  Last read position: chr15:53,080,995
INFO	2016-05-15 04:51:48	AddOrReplaceReadGroups	Processed    73,000,000 records.  Elapsed time: 00:18:13s.  Time for last 1,000,000:   17s.  Last read position: chr15:76,533,758
INFO	2016-05-15 04:52:02	AddOrReplaceReadGroups	Processed    74,000,000 records.  Elapsed time: 00:18:28s.  Time for last 1,000,000:   14s.  Last read position: chr16:722,205
INFO	2016-05-15 04:52:19	AddOrReplaceReadGroups	Processed    75,000,000 records.  Elapsed time: 00:18:44s.  Time for last 1,000,000:   16s.  Last read position: chr16:19,184,190
INFO	2016-05-15 04:52:31	AddOrReplaceReadGroups	Processed    76,000,000 records.  Elapsed time: 00:18:57s.  Time for last 1,000,000:   12s.  Last read position: chr16:46,509,642
INFO	2016-05-15 04:52:44	AddOrReplaceReadGroups	Processed    77,000,000 records.  Elapsed time: 00:19:10s.  Time for last 1,000,000:   12s.  Last read position: chr16:69,833,010
INFO	2016-05-15 04:53:04	AddOrReplaceReadGroups	Processed    78,000,000 records.  Elapsed time: 00:19:30s.  Time for last 1,000,000:   20s.  Last read position: chr17:1,547,894
INFO	2016-05-15 04:53:21	AddOrReplaceReadGroups	Processed    79,000,000 records.  Elapsed time: 00:19:46s.  Time for last 1,000,000:   16s.  Last read position: chr17:9,578,186
INFO	2016-05-15 04:53:35	AddOrReplaceReadGroups	Processed    80,000,000 records.  Elapsed time: 00:20:00s.  Time for last 1,000,000:   13s.  Last read position: chr17:30,179,163
INFO	2016-05-15 04:53:49	AddOrReplaceReadGroups	Processed    81,000,000 records.  Elapsed time: 00:20:14s.  Time for last 1,000,000:   14s.  Last read position: chr17:41,598,595
INFO	2016-05-15 04:54:06	AddOrReplaceReadGroups	Processed    82,000,000 records.  Elapsed time: 00:20:32s.  Time for last 1,000,000:   17s.  Last read position: chr17:59,808,664
INFO	2016-05-15 04:54:21	AddOrReplaceReadGroups	Processed    83,000,000 records.  Elapsed time: 00:20:46s.  Time for last 1,000,000:   14s.  Last read position: chr17:76,430,095
INFO	2016-05-15 04:54:34	AddOrReplaceReadGroups	Processed    84,000,000 records.  Elapsed time: 00:20:59s.  Time for last 1,000,000:   13s.  Last read position: chr18:21,660,727
INFO	2016-05-15 04:54:48	AddOrReplaceReadGroups	Processed    85,000,000 records.  Elapsed time: 00:21:13s.  Time for last 1,000,000:   13s.  Last read position: chr18:74,876,109
INFO	2016-05-15 04:55:06	AddOrReplaceReadGroups	Processed    86,000,000 records.  Elapsed time: 00:21:31s.  Time for last 1,000,000:   17s.  Last read position: chr19:8,197,752
INFO	2016-05-15 04:55:20	AddOrReplaceReadGroups	Processed    87,000,000 records.  Elapsed time: 00:21:45s.  Time for last 1,000,000:   14s.  Last read position: chr19:15,728,997
INFO	2016-05-15 04:55:33	AddOrReplaceReadGroups	Processed    88,000,000 records.  Elapsed time: 00:21:58s.  Time for last 1,000,000:   13s.  Last read position: chr19:36,297,341
INFO	2016-05-15 04:55:46	AddOrReplaceReadGroups	Processed    89,000,000 records.  Elapsed time: 00:22:11s.  Time for last 1,000,000:   12s.  Last read position: chr19:44,777,846
INFO	2016-05-15 04:56:03	AddOrReplaceReadGroups	Processed    90,000,000 records.  Elapsed time: 00:22:28s.  Time for last 1,000,000:   16s.  Last read position: chr19:52,196,282
INFO	2016-05-15 04:56:17	AddOrReplaceReadGroups	Processed    91,000,000 records.  Elapsed time: 00:22:43s.  Time for last 1,000,000:   14s.  Last read position: chr20:2,796,313
INFO	2016-05-15 04:56:34	AddOrReplaceReadGroups	Processed    92,000,000 records.  Elapsed time: 00:22:59s.  Time for last 1,000,000:   16s.  Last read position: chr20:34,136,945
INFO	2016-05-15 04:56:48	AddOrReplaceReadGroups	Processed    93,000,000 records.  Elapsed time: 00:23:13s.  Time for last 1,000,000:   13s.  Last read position: chr20:57,571,590
INFO	2016-05-15 04:57:05	AddOrReplaceReadGroups	Processed    94,000,000 records.  Elapsed time: 00:23:30s.  Time for last 1,000,000:   17s.  Last read position: chr21:40,781,799
INFO	2016-05-15 04:57:19	AddOrReplaceReadGroups	Processed    95,000,000 records.  Elapsed time: 00:23:44s.  Time for last 1,000,000:   13s.  Last read position: chr22:24,953,751
INFO	2016-05-15 04:57:32	AddOrReplaceReadGroups	Processed    96,000,000 records.  Elapsed time: 00:23:57s.  Time for last 1,000,000:   13s.  Last read position: chr22:41,660,757
INFO	2016-05-15 04:57:45	AddOrReplaceReadGroups	Processed    97,000,000 records.  Elapsed time: 00:24:11s.  Time for last 1,000,000:   13s.  Last read position: chrX:19,599,096
INFO	2016-05-15 04:57:58	AddOrReplaceReadGroups	Processed    98,000,000 records.  Elapsed time: 00:24:23s.  Time for last 1,000,000:   12s.  Last read position: chrX:53,563,198
INFO	2016-05-15 04:58:11	AddOrReplaceReadGroups	Processed    99,000,000 records.  Elapsed time: 00:24:36s.  Time for last 1,000,000:   12s.  Last read position: chrX:100,749,929
INFO	2016-05-15 04:58:31	AddOrReplaceReadGroups	Processed   100,000,000 records.  Elapsed time: 00:24:56s.  Time for last 1,000,000:   19s.  Last read position: chrX:138,644,220
[Sun May 15 04:58:44 EDT 2016] picard.sam.AddOrReplaceReadGroups done. Elapsed time: 25.17 minutes.
Runtime.totalMemory()=439353344
[Sun May 15 04:58:44 EDT 2016] picard.sam.FixMateInformation INPUT=[p_DS_bkm_101-N/p_DS_bkm_101-N.sorted.MarkDup.fixed.bam] OUTPUT=p_DS_bkm_101-N/p_DS_bkm_101-N.sorted.MarkDup.realn.fixed.bam SORT_ORDER=coordinate TMP_DIR=[tmp/flx] VALIDATION_STRINGENCY=LENIENT CREATE_INDEX=true    ASSUME_SORTED=false ADD_MATE_CIGAR=true IGNORE_MISSING_MATES=true VERBOSITY=INFO QUIET=false COMPRESSION_LEVEL=5 MAX_RECORDS_IN_RAM=500000 CREATE_MD5_FILE=false GA4GH_CLIENT_SECRETS=client_secrets.json
[Sun May 15 04:58:44 EDT 2016] Executing as abdelrahman@compute-1-13.local on Linux 2.6.32-279.14.1.el6.x86_64 amd64; Java HotSpot(TM) 64-Bit Server VM 1.8.0_45-b14; Picard version: 2.3.0(9a00c87b7ffdb01cfb5a0d6e76556146196babb8_1463071327) IntelDeflater
INFO	2016-05-15 04:58:44	FixMateInformation	Sorting input into queryname order.
INFO	2016-05-15 05:20:37	FixMateInformation	Sorting by queryname complete.
INFO	2016-05-15 05:20:37	FixMateInformation	Output will be sorted by coordinate
INFO	2016-05-15 05:20:38	FixMateInformation	Traversing query name sorted records and fixing up mate pair information.
INFO	2016-05-15 05:20:53	FixMateInformation	Processed     1,000,000 records.  Elapsed time: 00:00:15s.  Time for last 1,000,000:   15s.  Last read position: chr2:29,451,847
INFO	2016-05-15 05:21:08	FixMateInformation	Processed     2,000,000 records.  Elapsed time: 00:00:30s.  Time for last 1,000,000:   15s.  Last read position: chr12:50,484,170
INFO	2016-05-15 05:21:26	FixMateInformation	Processed     3,000,000 records.  Elapsed time: 00:00:48s.  Time for last 1,000,000:   18s.  Last read position: chrX:129,205,247
INFO	2016-05-15 05:21:39	FixMateInformation	Processed     4,000,000 records.  Elapsed time: 00:01:01s.  Time for last 1,000,000:   13s.  Last read position: chr15:58,465,296
INFO	2016-05-15 05:21:56	FixMateInformation	Processed     5,000,000 records.  Elapsed time: 00:01:18s.  Time for last 1,000,000:   16s.  Last read position: chr14:55,154,085
INFO	2016-05-15 05:22:09	FixMateInformation	Processed     6,000,000 records.  Elapsed time: 00:01:31s.  Time for last 1,000,000:   12s.  Last read position: chr6:31,830,377
INFO	2016-05-15 05:22:24	FixMateInformation	Processed     7,000,000 records.  Elapsed time: 00:01:46s.  Time for last 1,000,000:   15s.  Last read position: chr12:106,461,352
INFO	2016-05-15 05:22:37	FixMateInformation	Processed     8,000,000 records.  Elapsed time: 00:01:59s.  Time for last 1,000,000:   12s.  Last read position: chr5:118,969,834
INFO	2016-05-15 05:22:54	FixMateInformation	Processed     9,000,000 records.  Elapsed time: 00:02:16s.  Time for last 1,000,000:   16s.  Last read position: chr8:145,697,341
INFO	2016-05-15 05:23:09	FixMateInformation	Processed    10,000,000 records.  Elapsed time: 00:02:31s.  Time for last 1,000,000:   15s.  Last read position: chr3:129,249,568
INFO	2016-05-15 05:23:24	FixMateInformation	Processed    11,000,000 records.  Elapsed time: 00:02:46s.  Time for last 1,000,000:   14s.  Last read position: chr18:55,102,957
INFO	2016-05-15 05:23:39	FixMateInformation	Processed    12,000,000 records.  Elapsed time: 00:03:01s.  Time for last 1,000,000:   15s.  Last read position: chr5:179,390,377
INFO	2016-05-15 05:23:55	FixMateInformation	Processed    13,000,000 records.  Elapsed time: 00:03:17s.  Time for last 1,000,000:   15s.  Last read position: chr15:74,703,184
INFO	2016-05-15 05:24:08	FixMateInformation	Processed    14,000,000 records.  Elapsed time: 00:03:30s.  Time for last 1,000,000:   13s.  Last read position: chr9:33,294,044
INFO	2016-05-15 05:24:24	FixMateInformation	Processed    15,000,000 records.  Elapsed time: 00:03:46s.  Time for last 1,000,000:   15s.  Last read position: chrX:67,433,691
INFO	2016-05-15 05:24:39	FixMateInformation	Processed    16,000,000 records.  Elapsed time: 00:04:01s.  Time for last 1,000,000:   15s.  Last read position: chr19:49,654,745
INFO	2016-05-15 05:24:54	FixMateInformation	Processed    17,000,000 records.  Elapsed time: 00:04:16s.  Time for last 1,000,000:   15s.  Last read position: chr16:17,046,520
INFO	2016-05-15 05:25:09	FixMateInformation	Processed    18,000,000 records.  Elapsed time: 00:04:31s.  Time for last 1,000,000:   14s.  Last read position: chrX:48,830,280
INFO	2016-05-15 05:25:23	FixMateInformation	Processed    19,000,000 records.  Elapsed time: 00:04:45s.  Time for last 1,000,000:   14s.  Last read position: chr3:96,308,452
INFO	2016-05-15 05:25:38	FixMateInformation	Processed    20,000,000 records.  Elapsed time: 00:05:00s.  Time for last 1,000,000:   15s.  Last read position: chr7:103,322,392
INFO	2016-05-15 05:25:53	FixMateInformation	Processed    21,000,000 records.  Elapsed time: 00:05:15s.  Time for last 1,000,000:   14s.  Last read position: chr2:202,539,923
INFO	2016-05-15 05:26:06	FixMateInformation	Processed    22,000,000 records.  Elapsed time: 00:05:28s.  Time for last 1,000,000:   13s.  Last read position: chrX:105,187,959
INFO	2016-05-15 05:26:20	FixMateInformation	Processed    23,000,000 records.  Elapsed time: 00:05:42s.  Time for last 1,000,000:   13s.  Last read position: chr17:76,167,900
INFO	2016-05-15 05:26:34	FixMateInformation	Processed    24,000,000 records.  Elapsed time: 00:05:56s.  Time for last 1,000,000:   13s.  Last read position: chr6:25,778,056
INFO	2016-05-15 05:26:48	FixMateInformation	Processed    25,000,000 records.  Elapsed time: 00:06:10s.  Time for last 1,000,000:   14s.  Last read position: chr1:211,749,431
INFO	2016-05-15 05:27:02	FixMateInformation	Processed    26,000,000 records.  Elapsed time: 00:06:24s.  Time for last 1,000,000:   14s.  Last read position: chr10:92,294,900
INFO	2016-05-15 05:27:17	FixMateInformation	Processed    27,000,000 records.  Elapsed time: 00:06:39s.  Time for last 1,000,000:   14s.  Last read position: chr7:43,506,153
INFO	2016-05-15 05:27:30	FixMateInformation	Processed    28,000,000 records.  Elapsed time: 00:06:52s.  Time for last 1,000,000:   13s.  Last read position: chr1:146,683,922
INFO	2016-05-15 05:27:45	FixMateInformation	Processed    29,000,000 records.  Elapsed time: 00:07:06s.  Time for last 1,000,000:   14s.  Last read position: chr2:50,966,342
INFO	2016-05-15 05:27:59	FixMateInformation	Processed    30,000,000 records.  Elapsed time: 00:07:21s.  Time for last 1,000,000:   14s.  Last read position: chr5:176,889,350
INFO	2016-05-15 05:28:13	FixMateInformation	Processed    31,000,000 records.  Elapsed time: 00:07:35s.  Time for last 1,000,000:   14s.  Last read position: chr2:10,912,546
INFO	2016-05-15 05:28:27	FixMateInformation	Processed    32,000,000 records.  Elapsed time: 00:07:49s.  Time for last 1,000,000:   14s.  Last read position: chr19:33,090,585
INFO	2016-05-15 05:28:42	FixMateInformation	Processed    33,000,000 records.  Elapsed time: 00:08:04s.  Time for last 1,000,000:   14s.  Last read position: chr20:23,421,097
INFO	2016-05-15 05:28:55	FixMateInformation	Processed    34,000,000 records.  Elapsed time: 00:08:17s.  Time for last 1,000,000:   12s.  Last read position: chr9:112,898,481
INFO	2016-05-15 05:29:10	FixMateInformation	Processed    35,000,000 records.  Elapsed time: 00:08:32s.  Time for last 1,000,000:   15s.  Last read position: chr2:166,789,483
INFO	2016-05-15 05:29:24	FixMateInformation	Processed    36,000,000 records.  Elapsed time: 00:08:46s.  Time for last 1,000,000:   13s.  Last read position: chrX:13,639,163
INFO	2016-05-15 05:29:40	FixMateInformation	Processed    37,000,000 records.  Elapsed time: 00:09:02s.  Time for last 1,000,000:   15s.  Last read position: chr4:123,167,760
INFO	2016-05-15 05:29:53	FixMateInformation	Processed    38,000,000 records.  Elapsed time: 00:09:15s.  Time for last 1,000,000:   13s.  Last read position: chr14:74,193,657
INFO	2016-05-15 05:30:09	FixMateInformation	Processed    39,000,000 records.  Elapsed time: 00:09:31s.  Time for last 1,000,000:   16s.  Last read position: chr17:51,902,179
INFO	2016-05-15 05:30:23	FixMateInformation	Processed    40,000,000 records.  Elapsed time: 00:09:45s.  Time for last 1,000,000:   14s.  Last read position: chr12:113,711,135
INFO	2016-05-15 05:30:39	FixMateInformation	Processed    41,000,000 records.  Elapsed time: 00:10:01s.  Time for last 1,000,000:   15s.  Last read position: chr1:44,820,522
INFO	2016-05-15 05:30:52	FixMateInformation	Processed    42,000,000 records.  Elapsed time: 00:10:14s.  Time for last 1,000,000:   12s.  Last read position: chr2:125,547,445
INFO	2016-05-15 05:31:05	FixMateInformation	Processed    43,000,000 records.  Elapsed time: 00:10:27s.  Time for last 1,000,000:   13s.  Last read position: chr12:41,966,514
INFO	2016-05-15 05:31:20	FixMateInformation	Processed    44,000,000 records.  Elapsed time: 00:10:42s.  Time for last 1,000,000:   14s.  Last read position: chr3:185,993,216
INFO	2016-05-15 05:31:34	FixMateInformation	Processed    45,000,000 records.  Elapsed time: 00:10:56s.  Time for last 1,000,000:   13s.  Last read position: chr8:30,701,450
INFO	2016-05-15 05:31:48	FixMateInformation	Processed    46,000,000 records.  Elapsed time: 00:11:10s.  Time for last 1,000,000:   14s.  Last read position: chr4:5,399,677
INFO	2016-05-15 05:32:02	FixMateInformation	Processed    47,000,000 records.  Elapsed time: 00:11:24s.  Time for last 1,000,000:   13s.  Last read position: chr3:151,154,368
INFO	2016-05-15 05:32:16	FixMateInformation	Processed    48,000,000 records.  Elapsed time: 00:11:38s.  Time for last 1,000,000:   14s.  Last read position: chr2:227,967,865
INFO	2016-05-15 05:32:30	FixMateInformation	Processed    49,000,000 records.  Elapsed time: 00:11:51s.  Time for last 1,000,000:   13s.  Last read position: chr8:99,608,245
INFO	2016-05-15 05:32:44	FixMateInformation	Processed    50,000,000 records.  Elapsed time: 00:12:06s.  Time for last 1,000,000:   14s.  Last read position: chr20:33,867,331
INFO	2016-05-15 05:32:56	FixMateInformation	Processed    51,000,000 records.  Elapsed time: 00:12:18s.  Time for last 1,000,000:   12s.  Last read position: chr22:41,620,816
INFO	2016-05-15 05:33:09	FixMateInformation	Processed    52,000,000 records.  Elapsed time: 00:12:31s.  Time for last 1,000,000:   13s.  Last read position: chr5:140,735,641
INFO	2016-05-15 05:33:23	FixMateInformation	Processed    53,000,000 records.  Elapsed time: 00:12:45s.  Time for last 1,000,000:   13s.  Last read position: chr13:20,641,378
INFO	2016-05-15 05:33:37	FixMateInformation	Processed    54,000,000 records.  Elapsed time: 00:12:59s.  Time for last 1,000,000:   13s.  Last read position: chr17:43,595,654
INFO	2016-05-15 05:33:51	FixMateInformation	Processed    55,000,000 records.  Elapsed time: 00:13:12s.  Time for last 1,000,000:   13s.  Last read position: chrX:12,938,749
INFO	2016-05-15 05:34:04	FixMateInformation	Processed    56,000,000 records.  Elapsed time: 00:13:26s.  Time for last 1,000,000:   13s.  Last read position: chr6:153,043,160
INFO	2016-05-15 05:34:19	FixMateInformation	Processed    57,000,000 records.  Elapsed time: 00:13:41s.  Time for last 1,000,000:   15s.  Last read position: chr9:71,226,737
INFO	2016-05-15 05:34:33	FixMateInformation	Processed    58,000,000 records.  Elapsed time: 00:13:55s.  Time for last 1,000,000:   13s.  Last read position: chr22:21,157,343
INFO	2016-05-15 05:34:49	FixMateInformation	Processed    59,000,000 records.  Elapsed time: 00:14:11s.  Time for last 1,000,000:   16s.  Last read position: chr19:13,319,750
INFO	2016-05-15 05:35:02	FixMateInformation	Processed    60,000,000 records.  Elapsed time: 00:14:24s.  Time for last 1,000,000:   13s.  Last read position: chr11:984,794
INFO	2016-05-15 05:35:17	FixMateInformation	Processed    61,000,000 records.  Elapsed time: 00:14:39s.  Time for last 1,000,000:   14s.  Last read position: chr6:15,520,390
INFO	2016-05-15 05:35:30	FixMateInformation	Processed    62,000,000 records.  Elapsed time: 00:14:52s.  Time for last 1,000,000:   13s.  Last read position: chr4:42,402,941
INFO	2016-05-15 05:35:43	FixMateInformation	Processed    63,000,000 records.  Elapsed time: 00:15:05s.  Time for last 1,000,000:   12s.  Last read position: chr1:206,651,441
INFO	2016-05-15 05:35:56	FixMateInformation	Processed    64,000,000 records.  Elapsed time: 00:15:18s.  Time for last 1,000,000:   13s.  Last read position: chr14:58,955,436
INFO	2016-05-15 05:36:09	FixMateInformation	Processed    65,000,000 records.  Elapsed time: 00:15:31s.  Time for last 1,000,000:   12s.  Last read position: chr11:62,301,505
INFO	2016-05-15 05:36:24	FixMateInformation	Processed    66,000,000 records.  Elapsed time: 00:15:46s.  Time for last 1,000,000:   14s.  Last read position: chr2:33,810,110
INFO	2016-05-15 05:36:37	FixMateInformation	Processed    67,000,000 records.  Elapsed time: 00:15:59s.  Time for last 1,000,000:   13s.  Last read position: chr2:19,552,082
INFO	2016-05-15 05:36:51	FixMateInformation	Processed    68,000,000 records.  Elapsed time: 00:16:13s.  Time for last 1,000,000:   14s.  Last read position: chr16:62,621,187
INFO	2016-05-15 05:37:06	FixMateInformation	Processed    69,000,000 records.  Elapsed time: 00:16:28s.  Time for last 1,000,000:   14s.  Last read position: chr2:179,497,434
INFO	2016-05-15 05:37:20	FixMateInformation	Processed    70,000,000 records.  Elapsed time: 00:16:42s.  Time for last 1,000,000:   14s.  Last read position: chr6:119,669,722
INFO	2016-05-15 05:37:34	FixMateInformation	Processed    71,000,000 records.  Elapsed time: 00:16:56s.  Time for last 1,000,000:   14s.  Last read position: chr5:20,861,136
INFO	2016-05-15 05:37:48	FixMateInformation	Processed    72,000,000 records.  Elapsed time: 00:17:10s.  Time for last 1,000,000:   13s.  Last read position: chr15:31,322,940
INFO	2016-05-15 05:38:03	FixMateInformation	Processed    73,000,000 records.  Elapsed time: 00:17:24s.  Time for last 1,000,000:   14s.  Last read position: chr19:45,854,223
INFO	2016-05-15 05:38:17	FixMateInformation	Processed    74,000,000 records.  Elapsed time: 00:17:39s.  Time for last 1,000,000:   14s.  Last read position: chr20:6,759,496
INFO	2016-05-15 05:38:31	FixMateInformation	Processed    75,000,000 records.  Elapsed time: 00:17:53s.  Time for last 1,000,000:   14s.  Last read position: chr9:20,862,602
INFO	2016-05-15 05:38:45	FixMateInformation	Processed    76,000,000 records.  Elapsed time: 00:18:07s.  Time for last 1,000,000:   14s.  Last read position: chr20:44,047,889
INFO	2016-05-15 05:39:01	FixMateInformation	Processed    77,000,000 records.  Elapsed time: 00:18:23s.  Time for last 1,000,000:   15s.  Last read position: chr2:33,811,646
INFO	2016-05-15 05:39:15	FixMateInformation	Processed    78,000,000 records.  Elapsed time: 00:18:37s.  Time for last 1,000,000:   14s.  Last read position: chr17:38,954,278
INFO	2016-05-15 05:39:29	FixMateInformation	Processed    79,000,000 records.  Elapsed time: 00:18:51s.  Time for last 1,000,000:   14s.  Last read position: chr22:50,927,725
INFO	2016-05-15 05:39:43	FixMateInformation	Processed    80,000,000 records.  Elapsed time: 00:19:05s.  Time for last 1,000,000:   13s.  Last read position: chr2:10,585,193
INFO	2016-05-15 05:39:57	FixMateInformation	Processed    81,000,000 records.  Elapsed time: 00:19:19s.  Time for last 1,000,000:   13s.  Last read position: chr21:28,210,849
INFO	2016-05-15 05:40:11	FixMateInformation	Processed    82,000,000 records.  Elapsed time: 00:19:33s.  Time for last 1,000,000:   14s.  Last read position: chr2:27,589,988
INFO	2016-05-15 05:40:27	FixMateInformation	Processed    83,000,000 records.  Elapsed time: 00:19:49s.  Time for last 1,000,000:   15s.  Last read position: chr2:54,022,951
INFO	2016-05-15 05:40:42	FixMateInformation	Processed    84,000,000 records.  Elapsed time: 00:20:04s.  Time for last 1,000,000:   15s.  Last read position: chr6:91,157,954
INFO	2016-05-15 05:40:57	FixMateInformation	Processed    85,000,000 records.  Elapsed time: 00:20:19s.  Time for last 1,000,000:   15s.  Last read position: chr15:30,337,473
INFO	2016-05-15 05:41:11	FixMateInformation	Processed    86,000,000 records.  Elapsed time: 00:20:33s.  Time for last 1,000,000:   14s.  Last read position: chr20:35,751,869
INFO	2016-05-15 05:41:25	FixMateInformation	Processed    87,000,000 records.  Elapsed time: 00:20:47s.  Time for last 1,000,000:   13s.  Last read position: chr22:43,592,782
INFO	2016-05-15 05:41:40	FixMateInformation	Processed    88,000,000 records.  Elapsed time: 00:21:02s.  Time for last 1,000,000:   15s.  Last read position: chr7:43,990,387
INFO	2016-05-15 05:41:56	FixMateInformation	Processed    89,000,000 records.  Elapsed time: 00:21:18s.  Time for last 1,000,000:   15s.  Last read position: chr3:9,290,442
INFO	2016-05-15 05:42:09	FixMateInformation	Processed    90,000,000 records.  Elapsed time: 00:21:31s.  Time for last 1,000,000:   13s.  Last read position: chr13:31,498,430
INFO	2016-05-15 05:42:23	FixMateInformation	Processed    91,000,000 records.  Elapsed time: 00:21:45s.  Time for last 1,000,000:   13s.  Last read position: chr1:74,671,074
INFO	2016-05-15 05:42:36	FixMateInformation	Processed    92,000,000 records.  Elapsed time: 00:21:58s.  Time for last 1,000,000:   13s.  Last read position: chr1:93,699,532
INFO	2016-05-15 05:42:50	FixMateInformation	Processed    93,000,000 records.  Elapsed time: 00:22:12s.  Time for last 1,000,000:   13s.  Last read position: chr3:46,874,941
INFO	2016-05-15 05:43:03	FixMateInformation	Processed    94,000,000 records.  Elapsed time: 00:22:24s.  Time for last 1,000,000:   12s.  Last read position: chr12:46,480,679
INFO	2016-05-15 05:43:17	FixMateInformation	Processed    95,000,000 records.  Elapsed time: 00:22:38s.  Time for last 1,000,000:   14s.  Last read position: chr19:17,837,489
INFO	2016-05-15 05:43:29	FixMateInformation	Processed    96,000,000 records.  Elapsed time: 00:22:51s.  Time for last 1,000,000:   12s.  Last read position: chr22:30,074,158
INFO	2016-05-15 05:43:44	FixMateInformation	Processed    97,000,000 records.  Elapsed time: 00:23:06s.  Time for last 1,000,000:   15s.  Last read position: chr8:120,118,236
INFO	2016-05-15 05:43:58	FixMateInformation	Processed    98,000,000 records.  Elapsed time: 00:23:19s.  Time for last 1,000,000:   13s.  Last read position: chr2:121,736,008
INFO	2016-05-15 05:44:11	FixMateInformation	Processed    99,000,000 records.  Elapsed time: 00:23:33s.  Time for last 1,000,000:   13s.  Last read position: chrX:73,964,214
INFO	2016-05-15 05:44:24	FixMateInformation	Processed   100,000,000 records.  Elapsed time: 00:23:46s.  Time for last 1,000,000:   12s.  Last read position: chr8:145,666,483
INFO	2016-05-15 05:44:42	FixMateInformation	Finished processing reads; re-sorting output file.
[Sun May 15 06:03:02 EDT 2016] picard.sam.FixMateInformation done. Elapsed time: 64.30 minutes.
Runtime.totalMemory()=1920466944
