[Thu May 19 00:26:42 EDT 2016] picard.sam.SortSam INPUT=p_DS_bkm_132-N.sam OUTPUT=p_DS_bkm_132-N/p_DS_bkm_132-N.sorted.bam SORT_ORDER=coordinate TMP_DIR=[tmp_WT] VALIDATION_STRINGENCY=LENIENT CREATE_INDEX=true    VERBOSITY=INFO QUIET=false COMPRESSION_LEVEL=5 MAX_RECORDS_IN_RAM=500000 CREATE_MD5_FILE=false GA4GH_CLIENT_SECRETS=client_secrets.json
[Thu May 19 00:26:42 EDT 2016] Executing as abdelrahman@compute-1-12.local on Linux 2.6.32-279.14.1.el6.x86_64 amd64; Java HotSpot(TM) 64-Bit Server VM 1.8.0_45-b14; Picard version: 2.3.0(9a00c87b7ffdb01cfb5a0d6e76556146196babb8_1463071327) IntelDeflater
INFO	2016-05-19 00:30:27	SortSam	Read    10,000,000 records.  Elapsed time: 00:03:44s.  Time for last 10,000,000:  224s.  Last read position: chr19:34,884,653
INFO	2016-05-19 00:34:09	SortSam	Read    20,000,000 records.  Elapsed time: 00:07:26s.  Time for last 10,000,000:  221s.  Last read position: chr12:133,721,008
INFO	2016-05-19 00:37:47	SortSam	Read    30,000,000 records.  Elapsed time: 00:11:04s.  Time for last 10,000,000:  218s.  Last read position: chr2:214,012,317
INFO	2016-05-19 00:41:31	SortSam	Read    40,000,000 records.  Elapsed time: 00:14:48s.  Time for last 10,000,000:  223s.  Last read position: chr15:91,474,770
INFO	2016-05-19 00:45:05	SortSam	Read    50,000,000 records.  Elapsed time: 00:18:21s.  Time for last 10,000,000:  213s.  Last read position: chr2:152,514,732
INFO	2016-05-19 00:48:45	SortSam	Read    60,000,000 records.  Elapsed time: 00:22:02s.  Time for last 10,000,000:  220s.  Last read position: chr11:108,464,306
INFO	2016-05-19 00:52:31	SortSam	Read    70,000,000 records.  Elapsed time: 00:25:47s.  Time for last 10,000,000:  225s.  Last read position: chr12:132,400,468
INFO	2016-05-19 00:53:16	SortSam	Finished reading inputs, merging and writing to output now.
INFO	2016-05-19 00:55:36	SortSam	Wrote    10,000,000 records from a sorting collection.  Elapsed time: 00:28:53s.  Time for last 10,000,000:  111s.  Last read position: chr2:149,226,892
INFO	2016-05-19 00:57:47	SortSam	Wrote    20,000,000 records from a sorting collection.  Elapsed time: 00:31:04s.  Time for last 10,000,000:  131s.  Last read position: chr5:32,074,339
INFO	2016-05-19 00:59:50	SortSam	Wrote    30,000,000 records from a sorting collection.  Elapsed time: 00:33:06s.  Time for last 10,000,000:  122s.  Last read position: chr7:150,093,888
INFO	2016-05-19 01:01:42	SortSam	Wrote    40,000,000 records from a sorting collection.  Elapsed time: 00:34:59s.  Time for last 10,000,000:  112s.  Last read position: chr11:48,142,703
INFO	2016-05-19 01:03:28	SortSam	Wrote    50,000,000 records from a sorting collection.  Elapsed time: 00:36:45s.  Time for last 10,000,000:  106s.  Last read position: chr14:102,494,332
INFO	2016-05-19 01:05:18	SortSam	Wrote    60,000,000 records from a sorting collection.  Elapsed time: 00:38:34s.  Time for last 10,000,000:  109s.  Last read position: chr18:21,759,710
INFO	2016-05-19 01:06:57	SortSam	Wrote    70,000,000 records from a sorting collection.  Elapsed time: 00:40:14s.  Time for last 10,000,000:   99s.  Last read position: chrX:49,855,375
[Thu May 19 01:07:27 EDT 2016] picard.sam.SortSam done. Elapsed time: 40.76 minutes.
Runtime.totalMemory()=4035444736
[Thu May 19 01:07:31 EDT 2016] picard.sam.markduplicates.MarkDuplicates INPUT=[p_DS_bkm_132-N/p_DS_bkm_132-N.sorted.bam] OUTPUT=p_DS_bkm_132-N/p_DS_bkm_132-N.sorted.MarkDup.bam METRICS_FILE=MarkDup_metrics TMP_DIR=[tmp] VALIDATION_STRINGENCY=SILENT CREATE_INDEX=true    MAX_SEQUENCES_FOR_DISK_READ_ENDS_MAP=50000 MAX_FILE_HANDLES_FOR_READ_ENDS_MAP=8000 SORTING_COLLECTION_SIZE_RATIO=0.25 REMOVE_SEQUENCING_DUPLICATES=false TAGGING_POLICY=DontTag REMOVE_DUPLICATES=false ASSUME_SORTED=false DUPLICATE_SCORING_STRATEGY=SUM_OF_BASE_QUALITIES PROGRAM_RECORD_ID=MarkDuplicates PROGRAM_GROUP_NAME=MarkDuplicates READ_NAME_REGEX=<optimized capture of last three ':' separated fields as numeric values> OPTICAL_DUPLICATE_PIXEL_DISTANCE=100 VERBOSITY=INFO QUIET=false COMPRESSION_LEVEL=5 MAX_RECORDS_IN_RAM=500000 CREATE_MD5_FILE=false GA4GH_CLIENT_SECRETS=client_secrets.json
[Thu May 19 01:07:31 EDT 2016] Executing as abdelrahman@compute-1-12.local on Linux 2.6.32-279.14.1.el6.x86_64 amd64; Java HotSpot(TM) 64-Bit Server VM 1.8.0_45-b14; Picard version: 2.3.0(9a00c87b7ffdb01cfb5a0d6e76556146196babb8_1463071327) IntelDeflater
INFO	2016-05-19 01:07:31	MarkDuplicates	Start of doWork freeMemory: 502229736; totalMemory: 506462208; maxMemory: 13362528256
INFO	2016-05-19 01:07:31	MarkDuplicates	Reading input file and constructing read end information.
INFO	2016-05-19 01:07:31	MarkDuplicates	Will retain up to 51394339 data points before spilling to disk.
INFO	2016-05-19 01:07:37	MarkDuplicates	Read     1,000,000 records.  Elapsed time: 00:00:06s.  Time for last 1,000,000:    6s.  Last read position: chr1:22,222,716
INFO	2016-05-19 01:07:37	MarkDuplicates	Tracking 3455 as yet unmatched pairs. 319 records in RAM.
INFO	2016-05-19 01:07:43	MarkDuplicates	Read     2,000,000 records.  Elapsed time: 00:00:11s.  Time for last 1,000,000:    5s.  Last read position: chr1:43,812,316
INFO	2016-05-19 01:07:43	MarkDuplicates	Tracking 6728 as yet unmatched pairs. 541 records in RAM.
INFO	2016-05-19 01:07:47	MarkDuplicates	Read     3,000,000 records.  Elapsed time: 00:00:15s.  Time for last 1,000,000:    4s.  Last read position: chr1:87,040,197
INFO	2016-05-19 01:07:47	MarkDuplicates	Tracking 10821 as yet unmatched pairs. 615 records in RAM.
INFO	2016-05-19 01:07:52	MarkDuplicates	Read     4,000,000 records.  Elapsed time: 00:00:20s.  Time for last 1,000,000:    4s.  Last read position: chr1:150,484,732
INFO	2016-05-19 01:07:52	MarkDuplicates	Tracking 15574 as yet unmatched pairs. 631 records in RAM.
INFO	2016-05-19 01:07:58	MarkDuplicates	Read     5,000,000 records.  Elapsed time: 00:00:26s.  Time for last 1,000,000:    5s.  Last read position: chr1:162,372,407
INFO	2016-05-19 01:07:58	MarkDuplicates	Tracking 18259 as yet unmatched pairs. 667 records in RAM.
INFO	2016-05-19 01:08:02	MarkDuplicates	Read     6,000,000 records.  Elapsed time: 00:00:31s.  Time for last 1,000,000:    4s.  Last read position: chr1:204,170,682
INFO	2016-05-19 01:08:02	MarkDuplicates	Tracking 21979 as yet unmatched pairs. 381 records in RAM.
INFO	2016-05-19 01:08:09	MarkDuplicates	Read     7,000,000 records.  Elapsed time: 00:00:37s.  Time for last 1,000,000:    6s.  Last read position: chr1:241,936,171
INFO	2016-05-19 01:08:09	MarkDuplicates	Tracking 25642 as yet unmatched pairs. 156 records in RAM.
INFO	2016-05-19 01:08:13	MarkDuplicates	Read     8,000,000 records.  Elapsed time: 00:00:42s.  Time for last 1,000,000:    4s.  Last read position: chr2:36,824,852
INFO	2016-05-19 01:08:13	MarkDuplicates	Tracking 37186 as yet unmatched pairs. 2708 records in RAM.
INFO	2016-05-19 01:08:17	MarkDuplicates	Read     9,000,000 records.  Elapsed time: 00:00:45s.  Time for last 1,000,000:    3s.  Last read position: chr2:86,255,148
INFO	2016-05-19 01:08:17	MarkDuplicates	Tracking 40861 as yet unmatched pairs. 2442 records in RAM.
INFO	2016-05-19 01:08:22	MarkDuplicates	Read    10,000,000 records.  Elapsed time: 00:00:50s.  Time for last 1,000,000:    5s.  Last read position: chr2:149,226,892
INFO	2016-05-19 01:08:22	MarkDuplicates	Tracking 47166 as yet unmatched pairs. 1806 records in RAM.
INFO	2016-05-19 01:08:25	MarkDuplicates	Read    11,000,000 records.  Elapsed time: 00:00:54s.  Time for last 1,000,000:    3s.  Last read position: chr2:190,338,916
INFO	2016-05-19 01:08:25	MarkDuplicates	Tracking 50157 as yet unmatched pairs. 1199 records in RAM.
INFO	2016-05-19 01:08:32	MarkDuplicates	Read    12,000,000 records.  Elapsed time: 00:01:01s.  Time for last 1,000,000:    7s.  Last read position: chr2:230,667,003
INFO	2016-05-19 01:08:32	MarkDuplicates	Tracking 52988 as yet unmatched pairs. 354 records in RAM.
INFO	2016-05-19 01:08:36	MarkDuplicates	Read    13,000,000 records.  Elapsed time: 00:01:04s.  Time for last 1,000,000:    3s.  Last read position: chr3:27,353,553
INFO	2016-05-19 01:08:36	MarkDuplicates	Tracking 55500 as yet unmatched pairs. 3228 records in RAM.
INFO	2016-05-19 01:08:41	MarkDuplicates	Read    14,000,000 records.  Elapsed time: 00:01:09s.  Time for last 1,000,000:    5s.  Last read position: chr3:51,273,750
INFO	2016-05-19 01:08:41	MarkDuplicates	Tracking 57362 as yet unmatched pairs. 2784 records in RAM.
INFO	2016-05-19 01:08:45	MarkDuplicates	Read    15,000,000 records.  Elapsed time: 00:01:13s.  Time for last 1,000,000:    3s.  Last read position: chr3:113,672,401
INFO	2016-05-19 01:08:45	MarkDuplicates	Tracking 60265 as yet unmatched pairs. 1827 records in RAM.
INFO	2016-05-19 01:08:53	MarkDuplicates	Read    16,000,000 records.  Elapsed time: 00:01:21s.  Time for last 1,000,000:    7s.  Last read position: chr3:156,175,110
INFO	2016-05-19 01:08:53	MarkDuplicates	Tracking 62522 as yet unmatched pairs. 898 records in RAM.
INFO	2016-05-19 01:08:56	MarkDuplicates	Read    17,000,000 records.  Elapsed time: 00:01:24s.  Time for last 1,000,000:    3s.  Last read position: chr4:3,444,367
INFO	2016-05-19 01:08:56	MarkDuplicates	Tracking 64898 as yet unmatched pairs. 4332 records in RAM.
INFO	2016-05-19 01:09:01	MarkDuplicates	Read    18,000,000 records.  Elapsed time: 00:01:30s.  Time for last 1,000,000:    5s.  Last read position: chr4:74,442,116
INFO	2016-05-19 01:09:01	MarkDuplicates	Tracking 68695 as yet unmatched pairs. 2739 records in RAM.
INFO	2016-05-19 01:09:05	MarkDuplicates	Read    19,000,000 records.  Elapsed time: 00:01:33s.  Time for last 1,000,000:    3s.  Last read position: chr4:141,237,346
INFO	2016-05-19 01:09:05	MarkDuplicates	Tracking 71209 as yet unmatched pairs. 1226 records in RAM.
INFO	2016-05-19 01:09:09	MarkDuplicates	Read    20,000,000 records.  Elapsed time: 00:01:37s.  Time for last 1,000,000:    3s.  Last read position: chr5:32,074,339
INFO	2016-05-19 01:09:09	MarkDuplicates	Tracking 73850 as yet unmatched pairs. 4705 records in RAM.
INFO	2016-05-19 01:09:14	MarkDuplicates	Read    21,000,000 records.  Elapsed time: 00:01:42s.  Time for last 1,000,000:    5s.  Last read position: chr5:94,114,697
INFO	2016-05-19 01:09:14	MarkDuplicates	Tracking 75666 as yet unmatched pairs. 2890 records in RAM.
INFO	2016-05-19 01:09:18	MarkDuplicates	Read    22,000,000 records.  Elapsed time: 00:01:46s.  Time for last 1,000,000:    3s.  Last read position: chr5:140,929,915
INFO	2016-05-19 01:09:18	MarkDuplicates	Tracking 77342 as yet unmatched pairs. 1478 records in RAM.
INFO	2016-05-19 01:09:27	MarkDuplicates	Read    23,000,000 records.  Elapsed time: 00:01:55s.  Time for last 1,000,000:    9s.  Last read position: chr5:180,662,632
INFO	2016-05-19 01:09:27	MarkDuplicates	Tracking 78612 as yet unmatched pairs. 100 records in RAM.
INFO	2016-05-19 01:09:30	MarkDuplicates	Read    24,000,000 records.  Elapsed time: 00:01:59s.  Time for last 1,000,000:    3s.  Last read position: chr6:32,134,542
INFO	2016-05-19 01:09:30	MarkDuplicates	Tracking 79595 as yet unmatched pairs. 5046 records in RAM.
INFO	2016-05-19 01:09:36	MarkDuplicates	Read    25,000,000 records.  Elapsed time: 00:02:04s.  Time for last 1,000,000:    5s.  Last read position: chr6:56,481,262
INFO	2016-05-19 01:09:36	MarkDuplicates	Tracking 80487 as yet unmatched pairs. 3937 records in RAM.
INFO	2016-05-19 01:09:39	MarkDuplicates	Read    26,000,000 records.  Elapsed time: 00:02:08s.  Time for last 1,000,000:    3s.  Last read position: chr6:129,937,370
INFO	2016-05-19 01:09:39	MarkDuplicates	Tracking 81605 as yet unmatched pairs. 1779 records in RAM.
INFO	2016-05-19 01:09:45	MarkDuplicates	Read    27,000,000 records.  Elapsed time: 00:02:13s.  Time for last 1,000,000:    5s.  Last read position: chr7:5,360,890
INFO	2016-05-19 01:09:45	MarkDuplicates	Tracking 82446 as yet unmatched pairs. 6541 records in RAM.
INFO	2016-05-19 01:09:49	MarkDuplicates	Read    28,000,000 records.  Elapsed time: 00:02:17s.  Time for last 1,000,000:    3s.  Last read position: chr7:72,436,775
INFO	2016-05-19 01:09:49	MarkDuplicates	Tracking 83368 as yet unmatched pairs. 4276 records in RAM.
INFO	2016-05-19 01:09:58	MarkDuplicates	Read    29,000,000 records.  Elapsed time: 00:02:27s.  Time for last 1,000,000:    9s.  Last read position: chr7:106,300,987
INFO	2016-05-19 01:09:58	MarkDuplicates	Tracking 83842 as yet unmatched pairs. 2551 records in RAM.
INFO	2016-05-19 01:10:02	MarkDuplicates	Read    30,000,000 records.  Elapsed time: 00:02:30s.  Time for last 1,000,000:    3s.  Last read position: chr7:150,093,888
INFO	2016-05-19 01:10:02	MarkDuplicates	Tracking 84642 as yet unmatched pairs. 655 records in RAM.
INFO	2016-05-19 01:10:07	MarkDuplicates	Read    31,000,000 records.  Elapsed time: 00:02:36s.  Time for last 1,000,000:    5s.  Last read position: chr8:38,175,379
INFO	2016-05-19 01:10:07	MarkDuplicates	Tracking 84865 as yet unmatched pairs. 4619 records in RAM.
INFO	2016-05-19 01:10:11	MarkDuplicates	Read    32,000,000 records.  Elapsed time: 00:02:39s.  Time for last 1,000,000:    3s.  Last read position: chr8:106,456,628
INFO	2016-05-19 01:10:11	MarkDuplicates	Tracking 85147 as yet unmatched pairs. 1854 records in RAM.
INFO	2016-05-19 01:10:17	MarkDuplicates	Read    33,000,000 records.  Elapsed time: 00:02:45s.  Time for last 1,000,000:    5s.  Last read position: chr9:17,309,033
INFO	2016-05-19 01:10:17	MarkDuplicates	Tracking 85052 as yet unmatched pairs. 5755 records in RAM.
INFO	2016-05-19 01:10:21	MarkDuplicates	Read    34,000,000 records.  Elapsed time: 00:02:49s.  Time for last 1,000,000:    3s.  Last read position: chr9:96,938,213
INFO	2016-05-19 01:10:21	MarkDuplicates	Tracking 84840 as yet unmatched pairs. 2950 records in RAM.
INFO	2016-05-19 01:10:31	MarkDuplicates	Read    35,000,000 records.  Elapsed time: 00:02:59s.  Time for last 1,000,000:    9s.  Last read position: chr9:131,589,272
INFO	2016-05-19 01:10:31	MarkDuplicates	Tracking 84694 as yet unmatched pairs. 1068 records in RAM.
INFO	2016-05-19 01:10:34	MarkDuplicates	Read    36,000,000 records.  Elapsed time: 00:03:02s.  Time for last 1,000,000:    3s.  Last read position: chr10:21,124,405
INFO	2016-05-19 01:10:34	MarkDuplicates	Tracking 84145 as yet unmatched pairs. 7396 records in RAM.
INFO	2016-05-19 01:10:39	MarkDuplicates	Read    37,000,000 records.  Elapsed time: 00:03:07s.  Time for last 1,000,000:    4s.  Last read position: chr10:76,735,265
INFO	2016-05-19 01:10:39	MarkDuplicates	Tracking 84060 as yet unmatched pairs. 3848 records in RAM.
INFO	2016-05-19 01:10:43	MarkDuplicates	Read    38,000,000 records.  Elapsed time: 00:03:11s.  Time for last 1,000,000:    3s.  Last read position: chr10:115,417,245
INFO	2016-05-19 01:10:43	MarkDuplicates	Tracking 83397 as yet unmatched pairs. 1447 records in RAM.
INFO	2016-05-19 01:10:49	MarkDuplicates	Read    39,000,000 records.  Elapsed time: 00:03:17s.  Time for last 1,000,000:    6s.  Last read position: chr11:6,422,209
INFO	2016-05-19 01:10:49	MarkDuplicates	Tracking 82578 as yet unmatched pairs. 8701 records in RAM.
INFO	2016-05-19 01:10:52	MarkDuplicates	Read    40,000,000 records.  Elapsed time: 00:03:20s.  Time for last 1,000,000:    3s.  Last read position: chr11:48,142,703
INFO	2016-05-19 01:10:52	MarkDuplicates	Tracking 81759 as yet unmatched pairs. 6251 records in RAM.
INFO	2016-05-19 01:11:02	MarkDuplicates	Read    41,000,000 records.  Elapsed time: 00:03:30s.  Time for last 1,000,000:    9s.  Last read position: chr11:66,454,372
INFO	2016-05-19 01:11:02	MarkDuplicates	Tracking 81211 as yet unmatched pairs. 4626 records in RAM.
INFO	2016-05-19 01:11:05	MarkDuplicates	Read    42,000,000 records.  Elapsed time: 00:03:34s.  Time for last 1,000,000:    3s.  Last read position: chr11:108,383,317
INFO	2016-05-19 01:11:05	MarkDuplicates	Tracking 80269 as yet unmatched pairs. 2046 records in RAM.
INFO	2016-05-19 01:11:10	MarkDuplicates	Read    43,000,000 records.  Elapsed time: 00:03:39s.  Time for last 1,000,000:    4s.  Last read position: chr12:4,920,883
INFO	2016-05-19 01:11:10	MarkDuplicates	Tracking 79203 as yet unmatched pairs. 9703 records in RAM.
INFO	2016-05-19 01:11:14	MarkDuplicates	Read    44,000,000 records.  Elapsed time: 00:03:42s.  Time for last 1,000,000:    3s.  Last read position: chr12:49,158,829
INFO	2016-05-19 01:11:14	MarkDuplicates	Tracking 77941 as yet unmatched pairs. 6961 records in RAM.
INFO	2016-05-19 01:11:20	MarkDuplicates	Read    45,000,000 records.  Elapsed time: 00:03:48s.  Time for last 1,000,000:    5s.  Last read position: chr12:67,072,623
INFO	2016-05-19 01:11:20	MarkDuplicates	Tracking 76924 as yet unmatched pairs. 4820 records in RAM.
INFO	2016-05-19 01:11:23	MarkDuplicates	Read    46,000,000 records.  Elapsed time: 00:03:51s.  Time for last 1,000,000:    3s.  Last read position: chr12:115,117,232
INFO	2016-05-19 01:11:23	MarkDuplicates	Tracking 75383 as yet unmatched pairs. 1719 records in RAM.
INFO	2016-05-19 01:11:29	MarkDuplicates	Read    47,000,000 records.  Elapsed time: 00:03:57s.  Time for last 1,000,000:    5s.  Last read position: chr13:37,591,389
INFO	2016-05-19 01:11:29	MarkDuplicates	Tracking 73816 as yet unmatched pairs. 4018 records in RAM.
INFO	2016-05-19 01:11:32	MarkDuplicates	Read    48,000,000 records.  Elapsed time: 00:04:00s.  Time for last 1,000,000:    3s.  Last read position: chr14:20,876,333
INFO	2016-05-19 01:11:32	MarkDuplicates	Tracking 71485 as yet unmatched pairs. 6673 records in RAM.
INFO	2016-05-19 01:11:42	MarkDuplicates	Read    49,000,000 records.  Elapsed time: 00:04:11s.  Time for last 1,000,000:   10s.  Last read position: chr14:61,451,448
INFO	2016-05-19 01:11:42	MarkDuplicates	Tracking 69611 as yet unmatched pairs. 3761 records in RAM.
INFO	2016-05-19 01:11:46	MarkDuplicates	Read    50,000,000 records.  Elapsed time: 00:04:14s.  Time for last 1,000,000:    3s.  Last read position: chr14:102,494,332
INFO	2016-05-19 01:11:46	MarkDuplicates	Tracking 67597 as yet unmatched pairs. 562 records in RAM.
INFO	2016-05-19 01:11:51	MarkDuplicates	Read    51,000,000 records.  Elapsed time: 00:04:19s.  Time for last 1,000,000:    5s.  Last read position: chr15:43,990,158
INFO	2016-05-19 01:11:51	MarkDuplicates	Tracking 65939 as yet unmatched pairs. 5237 records in RAM.
INFO	2016-05-19 01:12:50	MarkDuplicates	Read    52,000,000 records.  Elapsed time: 00:05:19s.  Time for last 1,000,000:   59s.  Last read position: chr15:75,890,838
INFO	2016-05-19 01:12:50	MarkDuplicates	Tracking 63857 as yet unmatched pairs. 2207 records in RAM.
INFO	2016-05-19 01:12:55	MarkDuplicates	Read    53,000,000 records.  Elapsed time: 00:05:24s.  Time for last 1,000,000:    4s.  Last read position: chr16:2,669,859
INFO	2016-05-19 01:12:55	MarkDuplicates	Tracking 61838 as yet unmatched pairs. 8823 records in RAM.
INFO	2016-05-19 01:12:59	MarkDuplicates	Read    54,000,000 records.  Elapsed time: 00:05:27s.  Time for last 1,000,000:    3s.  Last read position: chr16:30,744,822
INFO	2016-05-19 01:12:59	MarkDuplicates	Tracking 59689 as yet unmatched pairs. 5913 records in RAM.
INFO	2016-05-19 01:13:04	MarkDuplicates	Read    55,000,000 records.  Elapsed time: 00:05:32s.  Time for last 1,000,000:    4s.  Last read position: chr16:71,052,115
INFO	2016-05-19 01:13:04	MarkDuplicates	Tracking 57065 as yet unmatched pairs. 2052 records in RAM.
INFO	2016-05-19 01:13:07	MarkDuplicates	Read    56,000,000 records.  Elapsed time: 00:05:36s.  Time for last 1,000,000:    3s.  Last read position: chr17:6,616,541
INFO	2016-05-19 01:13:07	MarkDuplicates	Tracking 54638 as yet unmatched pairs. 10203 records in RAM.
INFO	2016-05-19 01:13:13	MarkDuplicates	Read    57,000,000 records.  Elapsed time: 00:05:41s.  Time for last 1,000,000:    5s.  Last read position: chr17:27,963,688
INFO	2016-05-19 01:13:13	MarkDuplicates	Tracking 52497 as yet unmatched pairs. 7552 records in RAM.
INFO	2016-05-19 01:13:16	MarkDuplicates	Read    58,000,000 records.  Elapsed time: 00:05:44s.  Time for last 1,000,000:    3s.  Last read position: chr17:43,884,395
INFO	2016-05-19 01:13:16	MarkDuplicates	Tracking 50407 as yet unmatched pairs. 4955 records in RAM.
INFO	2016-05-19 01:13:25	MarkDuplicates	Read    59,000,000 records.  Elapsed time: 00:05:53s.  Time for last 1,000,000:    8s.  Last read position: chr17:73,036,272
INFO	2016-05-19 01:13:25	MarkDuplicates	Tracking 47692 as yet unmatched pairs. 1642 records in RAM.
INFO	2016-05-19 01:13:29	MarkDuplicates	Read    60,000,000 records.  Elapsed time: 00:05:57s.  Time for last 1,000,000:    3s.  Last read position: chr18:21,759,710
INFO	2016-05-19 01:13:29	MarkDuplicates	Tracking 44851 as yet unmatched pairs. 3640 records in RAM.
INFO	2016-05-19 01:13:33	MarkDuplicates	Read    61,000,000 records.  Elapsed time: 00:06:01s.  Time for last 1,000,000:    4s.  Last read position: chr19:3,204,586
INFO	2016-05-19 01:13:33	MarkDuplicates	Tracking 41224 as yet unmatched pairs. 11245 records in RAM.
INFO	2016-05-19 01:13:37	MarkDuplicates	Read    62,000,000 records.  Elapsed time: 00:06:05s.  Time for last 1,000,000:    3s.  Last read position: chr19:14,038,876
INFO	2016-05-19 01:13:37	MarkDuplicates	Tracking 38769 as yet unmatched pairs. 8512 records in RAM.
INFO	2016-05-19 01:13:41	MarkDuplicates	Read    63,000,000 records.  Elapsed time: 00:06:09s.  Time for last 1,000,000:    3s.  Last read position: chr19:37,976,026
INFO	2016-05-19 01:13:41	MarkDuplicates	Tracking 35690 as yet unmatched pairs. 5109 records in RAM.
INFO	2016-05-19 01:13:46	MarkDuplicates	Read    64,000,000 records.  Elapsed time: 00:06:14s.  Time for last 1,000,000:    5s.  Last read position: chr19:49,337,715
INFO	2016-05-19 01:13:46	MarkDuplicates	Tracking 33280 as yet unmatched pairs. 2420 records in RAM.
INFO	2016-05-19 01:13:49	MarkDuplicates	Read    65,000,000 records.  Elapsed time: 00:06:18s.  Time for last 1,000,000:    3s.  Last read position: chr20:425,848
INFO	2016-05-19 01:13:49	MarkDuplicates	Tracking 31051 as yet unmatched pairs. 6471 records in RAM.
INFO	2016-05-19 01:13:55	MarkDuplicates	Read    66,000,000 records.  Elapsed time: 00:06:23s.  Time for last 1,000,000:    5s.  Last read position: chr20:39,802,058
INFO	2016-05-19 01:13:55	MarkDuplicates	Tracking 27871 as yet unmatched pairs. 2632 records in RAM.
INFO	2016-05-19 01:13:58	MarkDuplicates	Read    67,000,000 records.  Elapsed time: 00:06:27s.  Time for last 1,000,000:    3s.  Last read position: chr21:33,691,540
INFO	2016-05-19 01:13:58	MarkDuplicates	Tracking 23092 as yet unmatched pairs. 1860 records in RAM.
INFO	2016-05-19 01:14:08	MarkDuplicates	Read    68,000,000 records.  Elapsed time: 00:06:36s.  Time for last 1,000,000:    9s.  Last read position: chr22:26,423,300
INFO	2016-05-19 01:14:08	MarkDuplicates	Tracking 20154 as yet unmatched pairs. 3540 records in RAM.
INFO	2016-05-19 01:14:11	MarkDuplicates	Read    69,000,000 records.  Elapsed time: 00:06:40s.  Time for last 1,000,000:    3s.  Last read position: chr22:50,682,580
INFO	2016-05-19 01:14:11	MarkDuplicates	Tracking 17094 as yet unmatched pairs. 301 records in RAM.
INFO	2016-05-19 01:14:16	MarkDuplicates	Read    70,000,000 records.  Elapsed time: 00:06:45s.  Time for last 1,000,000:    4s.  Last read position: chrX:49,855,375
INFO	2016-05-19 01:14:16	MarkDuplicates	Tracking 12836 as yet unmatched pairs. 9285 records in RAM.
INFO	2016-05-19 01:14:20	MarkDuplicates	Read    71,000,000 records.  Elapsed time: 00:06:48s.  Time for last 1,000,000:    3s.  Last read position: chrX:109,560,830
INFO	2016-05-19 01:14:20	MarkDuplicates	Tracking 8023 as yet unmatched pairs. 4447 records in RAM.
INFO	2016-05-19 01:14:26	MarkDuplicates	Read 71906038 records. 0 pairs never matched.
INFO	2016-05-19 01:14:51	MarkDuplicates	After buildSortedReadEndLists freeMemory: 6804093528; totalMemory: 9661054976; maxMemory: 13362528256
INFO	2016-05-19 01:14:51	MarkDuplicates	Will retain up to 417579008 duplicate indices before spilling to disk.
INFO	2016-05-19 01:14:52	MarkDuplicates	Traversing read pair information and detecting duplicates.
INFO	2016-05-19 01:14:59	MarkDuplicates	Traversing fragment information and detecting duplicates.
INFO	2016-05-19 01:15:26	MarkDuplicates	Sorting list of duplicate records.
INFO	2016-05-19 01:15:27	MarkDuplicates	After generateDuplicateIndexes freeMemory: 9217414832; totalMemory: 12645302272; maxMemory: 13362528256
INFO	2016-05-19 01:15:27	MarkDuplicates	Marking 7318143 records as duplicates.
INFO	2016-05-19 01:15:27	MarkDuplicates	Found 1691 optical duplicate clusters.
INFO	2016-05-19 01:15:27	MarkDuplicates	Reads are assumed to be ordered by: coordinate
INFO	2016-05-19 01:17:44	MarkDuplicates	Written    10,000,000 records.  Elapsed time: 00:02:16s.  Time for last 10,000,000:  136s.  Last read position: chr2:149,226,892
INFO	2016-05-19 01:20:07	MarkDuplicates	Written    20,000,000 records.  Elapsed time: 00:04:39s.  Time for last 10,000,000:  142s.  Last read position: chr5:32,074,339
INFO	2016-05-19 01:22:33	MarkDuplicates	Written    30,000,000 records.  Elapsed time: 00:07:05s.  Time for last 10,000,000:  146s.  Last read position: chr7:150,093,888
INFO	2016-05-19 01:24:53	MarkDuplicates	Written    40,000,000 records.  Elapsed time: 00:09:25s.  Time for last 10,000,000:  140s.  Last read position: chr11:48,142,703
INFO	2016-05-19 01:27:11	MarkDuplicates	Written    50,000,000 records.  Elapsed time: 00:11:43s.  Time for last 10,000,000:  137s.  Last read position: chr14:102,494,332
INFO	2016-05-19 01:29:35	MarkDuplicates	Written    60,000,000 records.  Elapsed time: 00:14:07s.  Time for last 10,000,000:  143s.  Last read position: chr18:21,759,710
INFO	2016-05-19 01:31:41	MarkDuplicates	Written    70,000,000 records.  Elapsed time: 00:16:13s.  Time for last 10,000,000:  126s.  Last read position: chrX:49,855,375
INFO	2016-05-19 01:32:12	MarkDuplicates	Before output close freeMemory: 12808278120; totalMemory: 12902727680; maxMemory: 13362528256
INFO	2016-05-19 01:32:15	MarkDuplicates	After output close freeMemory: 12879056048; totalMemory: 12973506560; maxMemory: 13362528256
[Thu May 19 01:32:15 EDT 2016] picard.sam.markduplicates.MarkDuplicates done. Elapsed time: 24.74 minutes.
Runtime.totalMemory()=12973506560
[Thu May 19 01:32:16 EDT 2016] picard.sam.AddOrReplaceReadGroups INPUT=p_DS_bkm_132-N/p_DS_bkm_132-N.sorted.MarkDup.bam OUTPUT=p_DS_bkm_132-N/p_DS_bkm_132-N.sorted.MarkDup.fixed.bam SORT_ORDER=coordinate RGID=id RGLB=bar RGPL=Illumina RGPU=platform RGSM=sample1 TMP_DIR=[tmp] VALIDATION_STRINGENCY=SILENT CREATE_INDEX=true    VERBOSITY=INFO QUIET=false COMPRESSION_LEVEL=5 MAX_RECORDS_IN_RAM=500000 CREATE_MD5_FILE=false GA4GH_CLIENT_SECRETS=client_secrets.json
[Thu May 19 01:32:16 EDT 2016] Executing as abdelrahman@compute-1-12.local on Linux 2.6.32-279.14.1.el6.x86_64 amd64; Java HotSpot(TM) 64-Bit Server VM 1.8.0_45-b14; Picard version: 2.3.0(9a00c87b7ffdb01cfb5a0d6e76556146196babb8_1463071327) IntelDeflater
INFO	2016-05-19 01:32:16	AddOrReplaceReadGroups	Created read group ID=id PL=Illumina LB=bar SM=sample1

INFO	2016-05-19 01:32:29	AddOrReplaceReadGroups	Processed     1,000,000 records.  Elapsed time: 00:00:13s.  Time for last 1,000,000:   13s.  Last read position: chr1:22,222,716
INFO	2016-05-19 01:32:41	AddOrReplaceReadGroups	Processed     2,000,000 records.  Elapsed time: 00:00:25s.  Time for last 1,000,000:   12s.  Last read position: chr1:43,812,316
INFO	2016-05-19 01:32:57	AddOrReplaceReadGroups	Processed     3,000,000 records.  Elapsed time: 00:00:41s.  Time for last 1,000,000:   15s.  Last read position: chr1:87,040,197
INFO	2016-05-19 01:33:10	AddOrReplaceReadGroups	Processed     4,000,000 records.  Elapsed time: 00:00:53s.  Time for last 1,000,000:   12s.  Last read position: chr1:150,484,732
INFO	2016-05-19 01:33:23	AddOrReplaceReadGroups	Processed     5,000,000 records.  Elapsed time: 00:01:06s.  Time for last 1,000,000:   12s.  Last read position: chr1:162,372,407
INFO	2016-05-19 01:33:40	AddOrReplaceReadGroups	Processed     6,000,000 records.  Elapsed time: 00:01:24s.  Time for last 1,000,000:   17s.  Last read position: chr1:204,170,682
INFO	2016-05-19 01:33:53	AddOrReplaceReadGroups	Processed     7,000,000 records.  Elapsed time: 00:01:36s.  Time for last 1,000,000:   12s.  Last read position: chr1:241,936,171
INFO	2016-05-19 01:34:10	AddOrReplaceReadGroups	Processed     8,000,000 records.  Elapsed time: 00:01:53s.  Time for last 1,000,000:   17s.  Last read position: chr2:36,824,852
INFO	2016-05-19 01:34:22	AddOrReplaceReadGroups	Processed     9,000,000 records.  Elapsed time: 00:02:06s.  Time for last 1,000,000:   12s.  Last read position: chr2:86,255,148
INFO	2016-05-19 01:34:35	AddOrReplaceReadGroups	Processed    10,000,000 records.  Elapsed time: 00:02:19s.  Time for last 1,000,000:   12s.  Last read position: chr2:149,226,892
INFO	2016-05-19 01:34:48	AddOrReplaceReadGroups	Processed    11,000,000 records.  Elapsed time: 00:02:31s.  Time for last 1,000,000:   12s.  Last read position: chr2:190,338,916
INFO	2016-05-19 01:35:03	AddOrReplaceReadGroups	Processed    12,000,000 records.  Elapsed time: 00:02:47s.  Time for last 1,000,000:   15s.  Last read position: chr2:230,667,003
INFO	2016-05-19 01:35:16	AddOrReplaceReadGroups	Processed    13,000,000 records.  Elapsed time: 00:03:00s.  Time for last 1,000,000:   12s.  Last read position: chr3:27,353,553
INFO	2016-05-19 01:35:28	AddOrReplaceReadGroups	Processed    14,000,000 records.  Elapsed time: 00:03:12s.  Time for last 1,000,000:   12s.  Last read position: chr3:51,273,750
INFO	2016-05-19 01:35:45	AddOrReplaceReadGroups	Processed    15,000,000 records.  Elapsed time: 00:03:29s.  Time for last 1,000,000:   17s.  Last read position: chr3:113,672,401
INFO	2016-05-19 01:35:58	AddOrReplaceReadGroups	Processed    16,000,000 records.  Elapsed time: 00:03:42s.  Time for last 1,000,000:   12s.  Last read position: chr3:156,175,110
INFO	2016-05-19 01:36:14	AddOrReplaceReadGroups	Processed    17,000,000 records.  Elapsed time: 00:03:57s.  Time for last 1,000,000:   15s.  Last read position: chr4:3,444,367
INFO	2016-05-19 01:36:26	AddOrReplaceReadGroups	Processed    18,000,000 records.  Elapsed time: 00:04:10s.  Time for last 1,000,000:   12s.  Last read position: chr4:74,442,116
INFO	2016-05-19 01:36:39	AddOrReplaceReadGroups	Processed    19,000,000 records.  Elapsed time: 00:04:22s.  Time for last 1,000,000:   12s.  Last read position: chr4:141,237,346
INFO	2016-05-19 01:36:54	AddOrReplaceReadGroups	Processed    20,000,000 records.  Elapsed time: 00:04:38s.  Time for last 1,000,000:   15s.  Last read position: chr5:32,074,339
INFO	2016-05-19 01:37:06	AddOrReplaceReadGroups	Processed    21,000,000 records.  Elapsed time: 00:04:50s.  Time for last 1,000,000:   12s.  Last read position: chr5:94,114,697
INFO	2016-05-19 01:37:19	AddOrReplaceReadGroups	Processed    22,000,000 records.  Elapsed time: 00:05:03s.  Time for last 1,000,000:   12s.  Last read position: chr5:140,929,915
INFO	2016-05-19 01:37:32	AddOrReplaceReadGroups	Processed    23,000,000 records.  Elapsed time: 00:05:16s.  Time for last 1,000,000:   12s.  Last read position: chr5:180,662,632
INFO	2016-05-19 01:37:45	AddOrReplaceReadGroups	Processed    24,000,000 records.  Elapsed time: 00:05:29s.  Time for last 1,000,000:   12s.  Last read position: chr6:32,134,542
INFO	2016-05-19 01:37:57	AddOrReplaceReadGroups	Processed    25,000,000 records.  Elapsed time: 00:05:41s.  Time for last 1,000,000:   12s.  Last read position: chr6:56,481,262
INFO	2016-05-19 01:38:10	AddOrReplaceReadGroups	Processed    26,000,000 records.  Elapsed time: 00:05:54s.  Time for last 1,000,000:   12s.  Last read position: chr6:129,937,370
INFO	2016-05-19 01:38:23	AddOrReplaceReadGroups	Processed    27,000,000 records.  Elapsed time: 00:06:06s.  Time for last 1,000,000:   12s.  Last read position: chr7:5,360,890
INFO	2016-05-19 01:38:35	AddOrReplaceReadGroups	Processed    28,000,000 records.  Elapsed time: 00:06:19s.  Time for last 1,000,000:   12s.  Last read position: chr7:72,436,775
INFO	2016-05-19 01:38:51	AddOrReplaceReadGroups	Processed    29,000,000 records.  Elapsed time: 00:06:35s.  Time for last 1,000,000:   15s.  Last read position: chr7:106,300,987
INFO	2016-05-19 01:39:04	AddOrReplaceReadGroups	Processed    30,000,000 records.  Elapsed time: 00:06:47s.  Time for last 1,000,000:   12s.  Last read position: chr7:150,093,888
INFO	2016-05-19 01:39:16	AddOrReplaceReadGroups	Processed    31,000,000 records.  Elapsed time: 00:07:00s.  Time for last 1,000,000:   12s.  Last read position: chr8:38,175,379
INFO	2016-05-19 01:39:29	AddOrReplaceReadGroups	Processed    32,000,000 records.  Elapsed time: 00:07:12s.  Time for last 1,000,000:   12s.  Last read position: chr8:106,456,628
INFO	2016-05-19 01:39:47	AddOrReplaceReadGroups	Processed    33,000,000 records.  Elapsed time: 00:07:31s.  Time for last 1,000,000:   18s.  Last read position: chr9:17,309,033
INFO	2016-05-19 01:40:02	AddOrReplaceReadGroups	Processed    34,000,000 records.  Elapsed time: 00:07:45s.  Time for last 1,000,000:   14s.  Last read position: chr9:96,938,213
INFO	2016-05-19 01:40:21	AddOrReplaceReadGroups	Processed    35,000,000 records.  Elapsed time: 00:08:05s.  Time for last 1,000,000:   19s.  Last read position: chr9:131,589,272
INFO	2016-05-19 01:40:34	AddOrReplaceReadGroups	Processed    36,000,000 records.  Elapsed time: 00:08:18s.  Time for last 1,000,000:   12s.  Last read position: chr10:21,124,405
INFO	2016-05-19 01:40:50	AddOrReplaceReadGroups	Processed    37,000,000 records.  Elapsed time: 00:08:34s.  Time for last 1,000,000:   16s.  Last read position: chr10:76,735,265
INFO	2016-05-19 01:41:03	AddOrReplaceReadGroups	Processed    38,000,000 records.  Elapsed time: 00:08:47s.  Time for last 1,000,000:   12s.  Last read position: chr10:115,417,245
INFO	2016-05-19 01:41:16	AddOrReplaceReadGroups	Processed    39,000,000 records.  Elapsed time: 00:09:00s.  Time for last 1,000,000:   12s.  Last read position: chr11:6,422,209
INFO	2016-05-19 01:41:29	AddOrReplaceReadGroups	Processed    40,000,000 records.  Elapsed time: 00:09:13s.  Time for last 1,000,000:   13s.  Last read position: chr11:48,142,703
INFO	2016-05-19 01:41:42	AddOrReplaceReadGroups	Processed    41,000,000 records.  Elapsed time: 00:09:25s.  Time for last 1,000,000:   12s.  Last read position: chr11:66,454,372
INFO	2016-05-19 01:41:55	AddOrReplaceReadGroups	Processed    42,000,000 records.  Elapsed time: 00:09:38s.  Time for last 1,000,000:   12s.  Last read position: chr11:108,383,317
INFO	2016-05-19 01:42:13	AddOrReplaceReadGroups	Processed    43,000,000 records.  Elapsed time: 00:09:56s.  Time for last 1,000,000:   17s.  Last read position: chr12:4,920,883
INFO	2016-05-19 01:42:25	AddOrReplaceReadGroups	Processed    44,000,000 records.  Elapsed time: 00:10:09s.  Time for last 1,000,000:   12s.  Last read position: chr12:49,158,829
INFO	2016-05-19 01:42:38	AddOrReplaceReadGroups	Processed    45,000,000 records.  Elapsed time: 00:10:22s.  Time for last 1,000,000:   12s.  Last read position: chr12:67,072,623
INFO	2016-05-19 01:42:50	AddOrReplaceReadGroups	Processed    46,000,000 records.  Elapsed time: 00:10:34s.  Time for last 1,000,000:   12s.  Last read position: chr12:115,117,232
INFO	2016-05-19 01:43:06	AddOrReplaceReadGroups	Processed    47,000,000 records.  Elapsed time: 00:10:50s.  Time for last 1,000,000:   15s.  Last read position: chr13:37,591,389
INFO	2016-05-19 01:43:19	AddOrReplaceReadGroups	Processed    48,000,000 records.  Elapsed time: 00:11:02s.  Time for last 1,000,000:   12s.  Last read position: chr14:20,876,333
INFO	2016-05-19 01:43:36	AddOrReplaceReadGroups	Processed    49,000,000 records.  Elapsed time: 00:11:19s.  Time for last 1,000,000:   16s.  Last read position: chr14:61,451,448
INFO	2016-05-19 01:43:49	AddOrReplaceReadGroups	Processed    50,000,000 records.  Elapsed time: 00:11:32s.  Time for last 1,000,000:   12s.  Last read position: chr14:102,494,332
INFO	2016-05-19 01:44:05	AddOrReplaceReadGroups	Processed    51,000,000 records.  Elapsed time: 00:11:49s.  Time for last 1,000,000:   16s.  Last read position: chr15:43,990,158
INFO	2016-05-19 01:44:18	AddOrReplaceReadGroups	Processed    52,000,000 records.  Elapsed time: 00:12:02s.  Time for last 1,000,000:   12s.  Last read position: chr15:75,890,838
INFO	2016-05-19 01:44:36	AddOrReplaceReadGroups	Processed    53,000,000 records.  Elapsed time: 00:12:19s.  Time for last 1,000,000:   17s.  Last read position: chr16:2,669,859
INFO	2016-05-19 01:44:48	AddOrReplaceReadGroups	Processed    54,000,000 records.  Elapsed time: 00:12:32s.  Time for last 1,000,000:   12s.  Last read position: chr16:30,744,822
INFO	2016-05-19 01:45:01	AddOrReplaceReadGroups	Processed    55,000,000 records.  Elapsed time: 00:12:45s.  Time for last 1,000,000:   12s.  Last read position: chr16:71,052,115
INFO	2016-05-19 01:45:14	AddOrReplaceReadGroups	Processed    56,000,000 records.  Elapsed time: 00:12:58s.  Time for last 1,000,000:   13s.  Last read position: chr17:6,616,541
INFO	2016-05-19 01:45:27	AddOrReplaceReadGroups	Processed    57,000,000 records.  Elapsed time: 00:13:11s.  Time for last 1,000,000:   12s.  Last read position: chr17:27,963,688
INFO	2016-05-19 01:45:45	AddOrReplaceReadGroups	Processed    58,000,000 records.  Elapsed time: 00:13:29s.  Time for last 1,000,000:   17s.  Last read position: chr17:43,884,395
INFO	2016-05-19 01:45:58	AddOrReplaceReadGroups	Processed    59,000,000 records.  Elapsed time: 00:13:41s.  Time for last 1,000,000:   12s.  Last read position: chr17:73,036,272
INFO	2016-05-19 01:46:14	AddOrReplaceReadGroups	Processed    60,000,000 records.  Elapsed time: 00:13:58s.  Time for last 1,000,000:   16s.  Last read position: chr18:21,759,710
INFO	2016-05-19 01:46:27	AddOrReplaceReadGroups	Processed    61,000,000 records.  Elapsed time: 00:14:10s.  Time for last 1,000,000:   12s.  Last read position: chr19:3,204,586
INFO	2016-05-19 01:46:40	AddOrReplaceReadGroups	Processed    62,000,000 records.  Elapsed time: 00:14:24s.  Time for last 1,000,000:   13s.  Last read position: chr19:14,038,876
INFO	2016-05-19 01:46:53	AddOrReplaceReadGroups	Processed    63,000,000 records.  Elapsed time: 00:14:37s.  Time for last 1,000,000:   13s.  Last read position: chr19:37,976,026
INFO	2016-05-19 01:47:09	AddOrReplaceReadGroups	Processed    64,000,000 records.  Elapsed time: 00:14:53s.  Time for last 1,000,000:   16s.  Last read position: chr19:49,337,715
INFO	2016-05-19 01:47:22	AddOrReplaceReadGroups	Processed    65,000,000 records.  Elapsed time: 00:15:05s.  Time for last 1,000,000:   12s.  Last read position: chr20:425,848
INFO	2016-05-19 01:47:39	AddOrReplaceReadGroups	Processed    66,000,000 records.  Elapsed time: 00:15:22s.  Time for last 1,000,000:   17s.  Last read position: chr20:39,802,058
INFO	2016-05-19 01:47:51	AddOrReplaceReadGroups	Processed    67,000,000 records.  Elapsed time: 00:15:35s.  Time for last 1,000,000:   12s.  Last read position: chr21:33,691,540
INFO	2016-05-19 01:48:07	AddOrReplaceReadGroups	Processed    68,000,000 records.  Elapsed time: 00:15:50s.  Time for last 1,000,000:   15s.  Last read position: chr22:26,423,300
INFO	2016-05-19 01:48:19	AddOrReplaceReadGroups	Processed    69,000,000 records.  Elapsed time: 00:16:03s.  Time for last 1,000,000:   12s.  Last read position: chr22:50,682,580
INFO	2016-05-19 01:48:35	AddOrReplaceReadGroups	Processed    70,000,000 records.  Elapsed time: 00:16:19s.  Time for last 1,000,000:   15s.  Last read position: chrX:49,855,375
INFO	2016-05-19 01:48:47	AddOrReplaceReadGroups	Processed    71,000,000 records.  Elapsed time: 00:16:31s.  Time for last 1,000,000:   12s.  Last read position: chrX:109,560,830
INFO	2016-05-19 01:49:00	AddOrReplaceReadGroups	Processed    72,000,000 records.  Elapsed time: 00:16:44s.  Time for last 1,000,000:   12s.  Last read position: */*
[Thu May 19 01:49:05 EDT 2016] picard.sam.AddOrReplaceReadGroups done. Elapsed time: 16.83 minutes.
Runtime.totalMemory()=414187520
[Thu May 19 01:49:06 EDT 2016] picard.sam.FixMateInformation INPUT=[p_DS_bkm_132-N/p_DS_bkm_132-N.sorted.MarkDup.fixed.bam] OUTPUT=p_DS_bkm_132-N/p_DS_bkm_132-N.sorted.MarkDup.realn.fixed.bam SORT_ORDER=coordinate TMP_DIR=[tmp/flx] VALIDATION_STRINGENCY=LENIENT CREATE_INDEX=true    ASSUME_SORTED=false ADD_MATE_CIGAR=true IGNORE_MISSING_MATES=true VERBOSITY=INFO QUIET=false COMPRESSION_LEVEL=5 MAX_RECORDS_IN_RAM=500000 CREATE_MD5_FILE=false GA4GH_CLIENT_SECRETS=client_secrets.json
[Thu May 19 01:49:06 EDT 2016] Executing as abdelrahman@compute-1-12.local on Linux 2.6.32-279.14.1.el6.x86_64 amd64; Java HotSpot(TM) 64-Bit Server VM 1.8.0_45-b14; Picard version: 2.3.0(9a00c87b7ffdb01cfb5a0d6e76556146196babb8_1463071327) IntelDeflater
INFO	2016-05-19 01:49:06	FixMateInformation	Sorting input into queryname order.
INFO	2016-05-19 02:02:43	FixMateInformation	Sorting by queryname complete.
INFO	2016-05-19 02:02:43	FixMateInformation	Output will be sorted by coordinate
INFO	2016-05-19 02:02:43	FixMateInformation	Traversing query name sorted records and fixing up mate pair information.
INFO	2016-05-19 02:02:51	FixMateInformation	Processed     1,000,000 records.  Elapsed time: 00:00:08s.  Time for last 1,000,000:    8s.  Last read position: chr7:92,734,301
INFO	2016-05-19 02:03:04	FixMateInformation	Processed     2,000,000 records.  Elapsed time: 00:00:21s.  Time for last 1,000,000:   13s.  Last read position: chr11:60,567,339
INFO	2016-05-19 02:03:17	FixMateInformation	Processed     3,000,000 records.  Elapsed time: 00:00:34s.  Time for last 1,000,000:   12s.  Last read position: chr14:92,958,556
INFO	2016-05-19 02:03:32	FixMateInformation	Processed     4,000,000 records.  Elapsed time: 00:00:48s.  Time for last 1,000,000:   14s.  Last read position: chr19:36,135,210
INFO	2016-05-19 02:03:47	FixMateInformation	Processed     5,000,000 records.  Elapsed time: 00:01:03s.  Time for last 1,000,000:   14s.  Last read position: chr2:234,749,708
INFO	2016-05-19 02:04:01	FixMateInformation	Processed     6,000,000 records.  Elapsed time: 00:01:17s.  Time for last 1,000,000:   13s.  Last read position: chr2:141,707,805
INFO	2016-05-19 02:04:15	FixMateInformation	Processed     7,000,000 records.  Elapsed time: 00:01:32s.  Time for last 1,000,000:   14s.  Last read position: chr1:203,681,222
INFO	2016-05-19 02:04:31	FixMateInformation	Processed     8,000,000 records.  Elapsed time: 00:01:47s.  Time for last 1,000,000:   15s.  Last read position: chr19:1,234,739
INFO	2016-05-19 02:04:45	FixMateInformation	Processed     9,000,000 records.  Elapsed time: 00:02:02s.  Time for last 1,000,000:   14s.  Last read position: chr14:78,174,131
INFO	2016-05-19 02:04:58	FixMateInformation	Processed    10,000,000 records.  Elapsed time: 00:02:15s.  Time for last 1,000,000:   12s.  Last read position: chr4:74,607,764
INFO	2016-05-19 02:05:10	FixMateInformation	Processed    11,000,000 records.  Elapsed time: 00:02:27s.  Time for last 1,000,000:   12s.  Last read position: chr1:117,632,818
INFO	2016-05-19 02:05:23	FixMateInformation	Processed    12,000,000 records.  Elapsed time: 00:02:39s.  Time for last 1,000,000:   12s.  Last read position: chr2:191,792,020
INFO	2016-05-19 02:05:35	FixMateInformation	Processed    13,000,000 records.  Elapsed time: 00:02:52s.  Time for last 1,000,000:   12s.  Last read position: chr14:31,952,674
INFO	2016-05-19 02:05:47	FixMateInformation	Processed    14,000,000 records.  Elapsed time: 00:03:04s.  Time for last 1,000,000:   12s.  Last read position: chr4:70,722,977
INFO	2016-05-19 02:06:04	FixMateInformation	Processed    15,000,000 records.  Elapsed time: 00:03:21s.  Time for last 1,000,000:   16s.  Last read position: chr8:22,034,045
INFO	2016-05-19 02:06:16	FixMateInformation	Processed    16,000,000 records.  Elapsed time: 00:03:33s.  Time for last 1,000,000:   12s.  Last read position: chr7:1,515,915
INFO	2016-05-19 02:06:29	FixMateInformation	Processed    17,000,000 records.  Elapsed time: 00:03:45s.  Time for last 1,000,000:   12s.  Last read position: chr15:52,402,019
INFO	2016-05-19 02:06:41	FixMateInformation	Processed    18,000,000 records.  Elapsed time: 00:03:58s.  Time for last 1,000,000:   12s.  Last read position: chrX:3,195,094
INFO	2016-05-19 02:06:54	FixMateInformation	Processed    19,000,000 records.  Elapsed time: 00:04:10s.  Time for last 1,000,000:   12s.  Last read position: chr9:129,870,676
INFO	2016-05-19 02:07:06	FixMateInformation	Processed    20,000,000 records.  Elapsed time: 00:04:22s.  Time for last 1,000,000:   12s.  Last read position: chr2:206,921,516
INFO	2016-05-19 02:07:18	FixMateInformation	Processed    21,000,000 records.  Elapsed time: 00:04:35s.  Time for last 1,000,000:   12s.  Last read position: chr11:73,362,735
INFO	2016-05-19 02:07:31	FixMateInformation	Processed    22,000,000 records.  Elapsed time: 00:04:47s.  Time for last 1,000,000:   12s.  Last read position: chr9:127,963,197
INFO	2016-05-19 02:07:44	FixMateInformation	Processed    23,000,000 records.  Elapsed time: 00:05:00s.  Time for last 1,000,000:   12s.  Last read position: chr7:20,687,768
INFO	2016-05-19 02:07:56	FixMateInformation	Processed    24,000,000 records.  Elapsed time: 00:05:12s.  Time for last 1,000,000:   12s.  Last read position: chr9:131,414,063
INFO	2016-05-19 02:08:09	FixMateInformation	Processed    25,000,000 records.  Elapsed time: 00:05:25s.  Time for last 1,000,000:   12s.  Last read position: chr8:68,112,344
INFO	2016-05-19 02:08:22	FixMateInformation	Processed    26,000,000 records.  Elapsed time: 00:05:38s.  Time for last 1,000,000:   12s.  Last read position: chr10:19,498,357
INFO	2016-05-19 02:08:36	FixMateInformation	Processed    27,000,000 records.  Elapsed time: 00:05:52s.  Time for last 1,000,000:   14s.  Last read position: chr20:56,928,436
INFO	2016-05-19 02:08:49	FixMateInformation	Processed    28,000,000 records.  Elapsed time: 00:06:06s.  Time for last 1,000,000:   13s.  Last read position: chr2:47,183,997
INFO	2016-05-19 02:09:02	FixMateInformation	Processed    29,000,000 records.  Elapsed time: 00:06:19s.  Time for last 1,000,000:   12s.  Last read position: chr11:6,007,272
INFO	2016-05-19 02:09:14	FixMateInformation	Processed    30,000,000 records.  Elapsed time: 00:06:31s.  Time for last 1,000,000:   12s.  Last read position: chr3:57,233,713
INFO	2016-05-19 02:09:27	FixMateInformation	Processed    31,000,000 records.  Elapsed time: 00:06:43s.  Time for last 1,000,000:   12s.  Last read position: chr11:82,642,870
INFO	2016-05-19 02:09:39	FixMateInformation	Processed    32,000,000 records.  Elapsed time: 00:06:56s.  Time for last 1,000,000:   12s.  Last read position: chr11:124,766,605
INFO	2016-05-19 02:09:51	FixMateInformation	Processed    33,000,000 records.  Elapsed time: 00:07:08s.  Time for last 1,000,000:   12s.  Last read position: chr15:42,644,413
INFO	2016-05-19 02:10:03	FixMateInformation	Processed    34,000,000 records.  Elapsed time: 00:07:20s.  Time for last 1,000,000:   12s.  Last read position: chr3:108,822,937
INFO	2016-05-19 02:10:16	FixMateInformation	Processed    35,000,000 records.  Elapsed time: 00:07:32s.  Time for last 1,000,000:   12s.  Last read position: chr6:2,749,419
INFO	2016-05-19 02:10:28	FixMateInformation	Processed    36,000,000 records.  Elapsed time: 00:07:45s.  Time for last 1,000,000:   12s.  Last read position: chr16:30,964,625
INFO	2016-05-19 02:10:40	FixMateInformation	Processed    37,000,000 records.  Elapsed time: 00:07:57s.  Time for last 1,000,000:   12s.  Last read position: chr15:81,199,204
INFO	2016-05-19 02:10:53	FixMateInformation	Processed    38,000,000 records.  Elapsed time: 00:08:09s.  Time for last 1,000,000:   12s.  Last read position: chr9:134,366,783
INFO	2016-05-19 02:11:05	FixMateInformation	Processed    39,000,000 records.  Elapsed time: 00:08:21s.  Time for last 1,000,000:   12s.  Last read position: chr12:56,553,978
INFO	2016-05-19 02:11:17	FixMateInformation	Processed    40,000,000 records.  Elapsed time: 00:08:34s.  Time for last 1,000,000:   12s.  Last read position: chr1:100,797,946
INFO	2016-05-19 02:11:30	FixMateInformation	Processed    41,000,000 records.  Elapsed time: 00:08:46s.  Time for last 1,000,000:   12s.  Last read position: chr19:6,185,662
INFO	2016-05-19 02:11:43	FixMateInformation	Processed    42,000,000 records.  Elapsed time: 00:08:59s.  Time for last 1,000,000:   12s.  Last read position: chr14:69,392,271
INFO	2016-05-19 02:11:54	FixMateInformation	Processed    43,000,000 records.  Elapsed time: 00:09:11s.  Time for last 1,000,000:   11s.  Last read position: chr1:21,054,010
INFO	2016-05-19 02:12:06	FixMateInformation	Processed    44,000,000 records.  Elapsed time: 00:09:23s.  Time for last 1,000,000:   11s.  Last read position: chr1:208,224,630
INFO	2016-05-19 02:12:18	FixMateInformation	Processed    45,000,000 records.  Elapsed time: 00:09:35s.  Time for last 1,000,000:   11s.  Last read position: chr17:38,557,025
INFO	2016-05-19 02:12:30	FixMateInformation	Processed    46,000,000 records.  Elapsed time: 00:09:47s.  Time for last 1,000,000:   11s.  Last read position: chr11:76,429,116
INFO	2016-05-19 02:12:43	FixMateInformation	Processed    47,000,000 records.  Elapsed time: 00:10:00s.  Time for last 1,000,000:   12s.  Last read position: chr10:104,620,243
INFO	2016-05-19 02:12:56	FixMateInformation	Processed    48,000,000 records.  Elapsed time: 00:10:12s.  Time for last 1,000,000:   12s.  Last read position: chr3:38,037,154
INFO	2016-05-19 02:13:08	FixMateInformation	Processed    49,000,000 records.  Elapsed time: 00:10:25s.  Time for last 1,000,000:   12s.  Last read position: chr7:4,002,132
INFO	2016-05-19 02:13:20	FixMateInformation	Processed    50,000,000 records.  Elapsed time: 00:10:37s.  Time for last 1,000,000:   12s.  Last read position: chr2:131,521,815
INFO	2016-05-19 02:13:33	FixMateInformation	Processed    51,000,000 records.  Elapsed time: 00:10:49s.  Time for last 1,000,000:   12s.  Last read position: chr10:101,715,278
INFO	2016-05-19 02:13:46	FixMateInformation	Processed    52,000,000 records.  Elapsed time: 00:11:02s.  Time for last 1,000,000:   13s.  Last read position: chrX:24,075,799
INFO	2016-05-19 02:13:58	FixMateInformation	Processed    53,000,000 records.  Elapsed time: 00:11:14s.  Time for last 1,000,000:   12s.  Last read position: chr2:98,409,373
INFO	2016-05-19 02:14:10	FixMateInformation	Processed    54,000,000 records.  Elapsed time: 00:11:26s.  Time for last 1,000,000:   11s.  Last read position: chr1:147,313,179
INFO	2016-05-19 02:14:22	FixMateInformation	Processed    55,000,000 records.  Elapsed time: 00:11:39s.  Time for last 1,000,000:   12s.  Last read position: chr15:55,710,669
INFO	2016-05-19 02:14:35	FixMateInformation	Processed    56,000,000 records.  Elapsed time: 00:11:52s.  Time for last 1,000,000:   12s.  Last read position: chr8:2,027,483
INFO	2016-05-19 02:14:48	FixMateInformation	Processed    57,000,000 records.  Elapsed time: 00:12:04s.  Time for last 1,000,000:   12s.  Last read position: chr2:219,483,278
INFO	2016-05-19 02:15:01	FixMateInformation	Processed    58,000,000 records.  Elapsed time: 00:12:17s.  Time for last 1,000,000:   13s.  Last read position: chr9:32,784,814
INFO	2016-05-19 02:15:13	FixMateInformation	Processed    59,000,000 records.  Elapsed time: 00:12:30s.  Time for last 1,000,000:   12s.  Last read position: chr7:150,490,747
INFO	2016-05-19 02:15:26	FixMateInformation	Processed    60,000,000 records.  Elapsed time: 00:12:42s.  Time for last 1,000,000:   12s.  Last read position: chr7:73,625,519
INFO	2016-05-19 02:15:40	FixMateInformation	Processed    61,000,000 records.  Elapsed time: 00:12:56s.  Time for last 1,000,000:   14s.  Last read position: chr9:117,014,913
INFO	2016-05-19 02:15:54	FixMateInformation	Processed    62,000,000 records.  Elapsed time: 00:13:10s.  Time for last 1,000,000:   13s.  Last read position: chr6:101,337,527
INFO	2016-05-19 02:16:06	FixMateInformation	Processed    63,000,000 records.  Elapsed time: 00:13:23s.  Time for last 1,000,000:   12s.  Last read position: chr19:12,223,228
INFO	2016-05-19 02:16:21	FixMateInformation	Processed    64,000,000 records.  Elapsed time: 00:13:38s.  Time for last 1,000,000:   15s.  Last read position: chr9:85,863,014
INFO	2016-05-19 02:16:34	FixMateInformation	Processed    65,000,000 records.  Elapsed time: 00:13:50s.  Time for last 1,000,000:   12s.  Last read position: chr9:124,590,055
INFO	2016-05-19 02:16:47	FixMateInformation	Processed    66,000,000 records.  Elapsed time: 00:14:03s.  Time for last 1,000,000:   12s.  Last read position: chrX:153,184,550
INFO	2016-05-19 02:17:00	FixMateInformation	Processed    67,000,000 records.  Elapsed time: 00:14:16s.  Time for last 1,000,000:   12s.  Last read position: chr1:182,442,720
INFO	2016-05-19 02:17:12	FixMateInformation	Processed    68,000,000 records.  Elapsed time: 00:14:29s.  Time for last 1,000,000:   12s.  Last read position: chr5:150,578,533
INFO	2016-05-19 02:17:24	FixMateInformation	Processed    69,000,000 records.  Elapsed time: 00:14:41s.  Time for last 1,000,000:   12s.  Last read position: chr16:69,970,266
INFO	2016-05-19 02:17:38	FixMateInformation	Processed    70,000,000 records.  Elapsed time: 00:14:54s.  Time for last 1,000,000:   13s.  Last read position: chr17:19,318,973
INFO	2016-05-19 02:17:50	FixMateInformation	Processed    71,000,000 records.  Elapsed time: 00:15:07s.  Time for last 1,000,000:   12s.  Last read position: chr2:219,297,451
INFO	2016-05-19 02:18:03	FixMateInformation	Processed    72,000,000 records.  Elapsed time: 00:15:20s.  Time for last 1,000,000:   13s.  Last read position: chr3:48,623,295
INFO	2016-05-19 02:18:12	FixMateInformation	Finished processing reads; re-sorting output file.
[Thu May 19 02:31:53 EDT 2016] picard.sam.FixMateInformation done. Elapsed time: 42.79 minutes.
Runtime.totalMemory()=2529689600
