[Sun May 15 14:21:06 EDT 2016] picard.sam.SortSam INPUT=p_DS_bkm_105-N.sam OUTPUT=p_DS_bkm_105-N/p_DS_bkm_105-N.sorted.bam SORT_ORDER=coordinate TMP_DIR=[tmp_WT] VALIDATION_STRINGENCY=LENIENT CREATE_INDEX=true    VERBOSITY=INFO QUIET=false COMPRESSION_LEVEL=5 MAX_RECORDS_IN_RAM=500000 CREATE_MD5_FILE=false GA4GH_CLIENT_SECRETS=client_secrets.json
[Sun May 15 14:21:06 EDT 2016] Executing as abdelrahman@compute-1-14.local on Linux 2.6.32-279.14.1.el6.x86_64 amd64; Java HotSpot(TM) 64-Bit Server VM 1.8.0_45-b14; Picard version: 2.3.0(9a00c87b7ffdb01cfb5a0d6e76556146196babb8_1463071327) IntelDeflater
INFO	2016-05-15 14:32:10	SortSam	Read    10,000,000 records.  Elapsed time: 00:11:03s.  Time for last 10,000,000:  663s.  Last read position: chr2:198,051,718
INFO	2016-05-15 14:42:30	SortSam	Read    20,000,000 records.  Elapsed time: 00:21:23s.  Time for last 10,000,000:  619s.  Last read position: chr10:32,328,312
INFO	2016-05-15 14:52:48	SortSam	Read    30,000,000 records.  Elapsed time: 00:31:41s.  Time for last 10,000,000:  618s.  Last read position: chrX:153,633,322
INFO	2016-05-15 15:04:17	SortSam	Read    40,000,000 records.  Elapsed time: 00:43:10s.  Time for last 10,000,000:  688s.  Last read position: chr8:113,841,832
INFO	2016-05-15 15:15:33	SortSam	Read    50,000,000 records.  Elapsed time: 00:54:26s.  Time for last 10,000,000:  676s.  Last read position: chr4:40,936,411
INFO	2016-05-15 15:27:15	SortSam	Read    60,000,000 records.  Elapsed time: 01:06:08s.  Time for last 10,000,000:  701s.  Last read position: chr15:22,872,285
INFO	2016-05-15 15:36:56	SortSam	Read    70,000,000 records.  Elapsed time: 01:15:49s.  Time for last 10,000,000:  581s.  Last read position: chr3:136,141,317
INFO	2016-05-15 15:47:33	SortSam	Read    80,000,000 records.  Elapsed time: 01:26:26s.  Time for last 10,000,000:  636s.  Last read position: chr12:21,487,409
INFO	2016-05-15 15:56:33	SortSam	Read    90,000,000 records.  Elapsed time: 01:35:26s.  Time for last 10,000,000:  539s.  Last read position: chr2:190,593,470
INFO	2016-05-15 16:03:59	SortSam	Read   100,000,000 records.  Elapsed time: 01:42:51s.  Time for last 10,000,000:  445s.  Last read position: chr4:166,963,509
INFO	2016-05-15 16:08:41	SortSam	Finished reading inputs, merging and writing to output now.
INFO	2016-05-15 16:24:44	SortSam	Wrote    10,000,000 records from a sorting collection.  Elapsed time: 02:03:37s.  Time for last 10,000,000:  875s.  Last read position: chr1:234,445,007
INFO	2016-05-15 16:27:23	SortSam	Wrote    20,000,000 records from a sorting collection.  Elapsed time: 02:06:16s.  Time for last 10,000,000:  159s.  Last read position: chr3:47,163,494
INFO	2016-05-15 16:29:27	SortSam	Wrote    30,000,000 records from a sorting collection.  Elapsed time: 02:08:20s.  Time for last 10,000,000:  123s.  Last read position: chr5:43,656,897
INFO	2016-05-15 16:31:21	SortSam	Wrote    40,000,000 records from a sorting collection.  Elapsed time: 02:10:14s.  Time for last 10,000,000:  114s.  Last read position: chr7:6,628,354
INFO	2016-05-15 16:33:32	SortSam	Wrote    50,000,000 records from a sorting collection.  Elapsed time: 02:12:25s.  Time for last 10,000,000:  131s.  Last read position: chr9:89,249,585
INFO	2016-05-15 16:36:04	SortSam	Wrote    60,000,000 records from a sorting collection.  Elapsed time: 02:14:57s.  Time for last 10,000,000:  151s.  Last read position: chr11:63,987,215
INFO	2016-05-15 16:38:50	SortSam	Wrote    70,000,000 records from a sorting collection.  Elapsed time: 02:17:43s.  Time for last 10,000,000:  166s.  Last read position: chr13:75,930,206
INFO	2016-05-15 16:41:06	SortSam	Wrote    80,000,000 records from a sorting collection.  Elapsed time: 02:19:59s.  Time for last 10,000,000:  135s.  Last read position: chr16:48,227,883
INFO	2016-05-15 16:44:15	SortSam	Wrote    90,000,000 records from a sorting collection.  Elapsed time: 02:23:08s.  Time for last 10,000,000:  189s.  Last read position: chr19:4,171,610
INFO	2016-05-15 16:47:35	SortSam	Wrote   100,000,000 records from a sorting collection.  Elapsed time: 02:26:28s.  Time for last 10,000,000:  200s.  Last read position: chr22:25,124,278
[Sun May 15 16:49:51 EDT 2016] picard.sam.SortSam done. Elapsed time: 148.76 minutes.
Runtime.totalMemory()=1861746688
[Sun May 15 16:49:52 EDT 2016] picard.sam.markduplicates.MarkDuplicates INPUT=[p_DS_bkm_105-N/p_DS_bkm_105-N.sorted.bam] OUTPUT=p_DS_bkm_105-N/p_DS_bkm_105-N.sorted.MarkDup.bam METRICS_FILE=MarkDup_metrics TMP_DIR=[tmp] VALIDATION_STRINGENCY=SILENT CREATE_INDEX=true    MAX_SEQUENCES_FOR_DISK_READ_ENDS_MAP=50000 MAX_FILE_HANDLES_FOR_READ_ENDS_MAP=8000 SORTING_COLLECTION_SIZE_RATIO=0.25 REMOVE_SEQUENCING_DUPLICATES=false TAGGING_POLICY=DontTag REMOVE_DUPLICATES=false ASSUME_SORTED=false DUPLICATE_SCORING_STRATEGY=SUM_OF_BASE_QUALITIES PROGRAM_RECORD_ID=MarkDuplicates PROGRAM_GROUP_NAME=MarkDuplicates READ_NAME_REGEX=<optimized capture of last three ':' separated fields as numeric values> OPTICAL_DUPLICATE_PIXEL_DISTANCE=100 VERBOSITY=INFO QUIET=false COMPRESSION_LEVEL=5 MAX_RECORDS_IN_RAM=500000 CREATE_MD5_FILE=false GA4GH_CLIENT_SECRETS=client_secrets.json
[Sun May 15 16:49:52 EDT 2016] Executing as abdelrahman@compute-1-14.local on Linux 2.6.32-279.14.1.el6.x86_64 amd64; Java HotSpot(TM) 64-Bit Server VM 1.8.0_45-b14; Picard version: 2.3.0(9a00c87b7ffdb01cfb5a0d6e76556146196babb8_1463071327) IntelDeflater
INFO	2016-05-15 16:49:52	MarkDuplicates	Start of doWork freeMemory: 376525992; totalMemory: 380108800; maxMemory: 13362528256
INFO	2016-05-15 16:49:52	MarkDuplicates	Reading input file and constructing read end information.
INFO	2016-05-15 16:49:52	MarkDuplicates	Will retain up to 51394339 data points before spilling to disk.
INFO	2016-05-15 16:50:11	MarkDuplicates	Read     1,000,000 records.  Elapsed time: 00:00:14s.  Time for last 1,000,000:   13s.  Last read position: chr1:16,133,978
INFO	2016-05-15 16:50:11	MarkDuplicates	Tracking 4195 as yet unmatched pairs. 383 records in RAM.
INFO	2016-05-15 16:50:20	MarkDuplicates	Read     2,000,000 records.  Elapsed time: 00:00:23s.  Time for last 1,000,000:    8s.  Last read position: chr1:29,145,190
INFO	2016-05-15 16:50:20	MarkDuplicates	Tracking 7330 as yet unmatched pairs. 495 records in RAM.
INFO	2016-05-15 16:50:25	MarkDuplicates	Read     3,000,000 records.  Elapsed time: 00:00:28s.  Time for last 1,000,000:    5s.  Last read position: chr1:44,084,623
INFO	2016-05-15 16:50:25	MarkDuplicates	Tracking 10947 as yet unmatched pairs. 839 records in RAM.
INFO	2016-05-15 16:50:32	MarkDuplicates	Read     4,000,000 records.  Elapsed time: 00:00:35s.  Time for last 1,000,000:    6s.  Last read position: chr1:68,151,765
INFO	2016-05-15 16:50:32	MarkDuplicates	Tracking 14836 as yet unmatched pairs. 924 records in RAM.
INFO	2016-05-15 16:50:39	MarkDuplicates	Read     5,000,000 records.  Elapsed time: 00:00:42s.  Time for last 1,000,000:    7s.  Last read position: chr1:109,824,449
INFO	2016-05-15 16:50:39	MarkDuplicates	Tracking 20250 as yet unmatched pairs. 988 records in RAM.
INFO	2016-05-15 16:50:48	MarkDuplicates	Read     6,000,000 records.  Elapsed time: 00:00:51s.  Time for last 1,000,000:    8s.  Last read position: chr1:151,214,342
INFO	2016-05-15 16:50:48	MarkDuplicates	Tracking 25504 as yet unmatched pairs. 914 records in RAM.
INFO	2016-05-15 16:51:00	MarkDuplicates	Read     7,000,000 records.  Elapsed time: 00:01:03s.  Time for last 1,000,000:   12s.  Last read position: chr1:159,163,463
INFO	2016-05-15 16:51:00	MarkDuplicates	Tracking 28290 as yet unmatched pairs. 1027 records in RAM.
INFO	2016-05-15 16:51:14	MarkDuplicates	Read     8,000,000 records.  Elapsed time: 00:01:17s.  Time for last 1,000,000:   13s.  Last read position: chr1:181,689,764
INFO	2016-05-15 16:51:14	MarkDuplicates	Tracking 31823 as yet unmatched pairs. 826 records in RAM.
INFO	2016-05-15 16:51:26	MarkDuplicates	Read     9,000,000 records.  Elapsed time: 00:01:29s.  Time for last 1,000,000:   12s.  Last read position: chr1:207,095,314
INFO	2016-05-15 16:51:26	MarkDuplicates	Tracking 35640 as yet unmatched pairs. 636 records in RAM.
INFO	2016-05-15 16:51:45	MarkDuplicates	Read    10,000,000 records.  Elapsed time: 00:01:48s.  Time for last 1,000,000:   19s.  Last read position: chr1:234,445,007
INFO	2016-05-15 16:51:45	MarkDuplicates	Tracking 39697 as yet unmatched pairs. 270 records in RAM.
INFO	2016-05-15 16:51:50	MarkDuplicates	Read    11,000,000 records.  Elapsed time: 00:01:53s.  Time for last 1,000,000:    4s.  Last read position: chr2:21,365,913
INFO	2016-05-15 16:51:50	MarkDuplicates	Tracking 44287 as yet unmatched pairs. 5124 records in RAM.
INFO	2016-05-15 16:52:12	MarkDuplicates	Read    12,000,000 records.  Elapsed time: 00:02:14s.  Time for last 1,000,000:   21s.  Last read position: chr2:44,065,565
INFO	2016-05-15 16:52:12	MarkDuplicates	Tracking 58971 as yet unmatched pairs. 4168 records in RAM.
INFO	2016-05-15 16:52:17	MarkDuplicates	Read    13,000,000 records.  Elapsed time: 00:02:20s.  Time for last 1,000,000:    5s.  Last read position: chr2:74,732,635
INFO	2016-05-15 16:52:17	MarkDuplicates	Tracking 62971 as yet unmatched pairs. 4091 records in RAM.
INFO	2016-05-15 16:52:36	MarkDuplicates	Read    14,000,000 records.  Elapsed time: 00:02:39s.  Time for last 1,000,000:   18s.  Last read position: chr2:113,081,778
INFO	2016-05-15 16:52:36	MarkDuplicates	Tracking 68752 as yet unmatched pairs. 3494 records in RAM.
INFO	2016-05-15 16:52:42	MarkDuplicates	Read    15,000,000 records.  Elapsed time: 00:02:44s.  Time for last 1,000,000:    5s.  Last read position: chr2:160,239,280
INFO	2016-05-15 16:52:42	MarkDuplicates	Tracking 75313 as yet unmatched pairs. 2580 records in RAM.
Java HotSpot(TM) 64-Bit Server VM warning: INFO: os::commit_memory(0x00000004bf280000, 447741952, 0) failed; error='Cannot allocate memory' (errno=12)
[Sun May 15 16:52:58 EDT 2016] picard.sam.AddOrReplaceReadGroups INPUT=p_DS_bkm_105-N/p_DS_bkm_105-N.sorted.MarkDup.bam OUTPUT=p_DS_bkm_105-N/p_DS_bkm_105-N.sorted.MarkDup.fixed.bam SORT_ORDER=coordinate RGID=id RGLB=bar RGPL=Illumina RGPU=platform RGSM=sample1 TMP_DIR=[tmp] VALIDATION_STRINGENCY=SILENT CREATE_INDEX=true    VERBOSITY=INFO QUIET=false COMPRESSION_LEVEL=5 MAX_RECORDS_IN_RAM=500000 CREATE_MD5_FILE=false GA4GH_CLIENT_SECRETS=client_secrets.json
[Sun May 15 16:52:58 EDT 2016] Executing as abdelrahman@compute-1-14.local on Linux 2.6.32-279.14.1.el6.x86_64 amd64; Java HotSpot(TM) 64-Bit Server VM 1.8.0_45-b14; Picard version: 2.3.0(9a00c87b7ffdb01cfb5a0d6e76556146196babb8_1463071327) IntelDeflater
[Sun May 15 16:52:58 EDT 2016] picard.sam.AddOrReplaceReadGroups done. Elapsed time: 0.01 minutes.
Runtime.totalMemory()=380108800
To get help, see http://broadinstitute.github.io/picard/index.html#GettingHelp
Exception in thread "main" htsjdk.samtools.SAMException: Cannot read non-existent file: /archive/NabaviLab/TNBC_Project/fastq_raw_data/Project_5065_F/Patients/BWA_output/p_DS_bkm_105-N/p_DS_bkm_105-N.sorted.MarkDup.bam
	at htsjdk.samtools.util.IOUtil.assertFileIsReadable(IOUtil.java:338)
	at htsjdk.samtools.util.IOUtil.assertFileIsReadable(IOUtil.java:325)
	at htsjdk.samtools.util.IOUtil.assertInputIsValid(IOUtil.java:301)
	at picard.sam.AddOrReplaceReadGroups.doWork(AddOrReplaceReadGroups.java:107)
	at picard.cmdline.CommandLineProgram.instanceMain(CommandLineProgram.java:209)
	at picard.cmdline.PicardCommandLine.instanceMain(PicardCommandLine.java:95)
	at picard.cmdline.PicardCommandLine.main(PicardCommandLine.java:105)
[Sun May 15 16:52:59 EDT 2016] picard.sam.FixMateInformation INPUT=[p_DS_bkm_105-N/p_DS_bkm_105-N.sorted.MarkDup.fixed.bam] OUTPUT=p_DS_bkm_105-N/p_DS_bkm_105-N.sorted.MarkDup.realn.fixed.bam SORT_ORDER=coordinate TMP_DIR=[tmp/flx] VALIDATION_STRINGENCY=LENIENT CREATE_INDEX=true    ASSUME_SORTED=false ADD_MATE_CIGAR=true IGNORE_MISSING_MATES=true VERBOSITY=INFO QUIET=false COMPRESSION_LEVEL=5 MAX_RECORDS_IN_RAM=500000 CREATE_MD5_FILE=false GA4GH_CLIENT_SECRETS=client_secrets.json
[Sun May 15 16:52:59 EDT 2016] Executing as abdelrahman@compute-1-14.local on Linux 2.6.32-279.14.1.el6.x86_64 amd64; Java HotSpot(TM) 64-Bit Server VM 1.8.0_45-b14; Picard version: 2.3.0(9a00c87b7ffdb01cfb5a0d6e76556146196babb8_1463071327) IntelDeflater
[Sun May 15 16:52:59 EDT 2016] picard.sam.FixMateInformation done. Elapsed time: 0.00 minutes.
Runtime.totalMemory()=380108800
To get help, see http://broadinstitute.github.io/picard/index.html#GettingHelp
Exception in thread "main" htsjdk.samtools.SAMException: Cannot read non-existent file: /archive/NabaviLab/TNBC_Project/fastq_raw_data/Project_5065_F/Patients/BWA_output/p_DS_bkm_105-N/p_DS_bkm_105-N.sorted.MarkDup.fixed.bam
	at htsjdk.samtools.util.IOUtil.assertFileIsReadable(IOUtil.java:338)
	at htsjdk.samtools.util.IOUtil.assertFileIsReadable(IOUtil.java:325)
	at picard.sam.FixMateInformation.doWork(FixMateInformation.java:119)
	at picard.cmdline.CommandLineProgram.instanceMain(CommandLineProgram.java:209)
	at picard.cmdline.PicardCommandLine.instanceMain(PicardCommandLine.java:95)
	at picard.cmdline.PicardCommandLine.main(PicardCommandLine.java:105)
