[Mon May 16 00:18:04 EDT 2016] picard.sam.SortSam INPUT=p_DS_bkm_114-N.sam OUTPUT=p_DS_bkm_114-N/p_DS_bkm_114-N.sorted.bam SORT_ORDER=coordinate TMP_DIR=[tmp_WT] VALIDATION_STRINGENCY=LENIENT CREATE_INDEX=true    VERBOSITY=INFO QUIET=false COMPRESSION_LEVEL=5 MAX_RECORDS_IN_RAM=500000 CREATE_MD5_FILE=false GA4GH_CLIENT_SECRETS=client_secrets.json
[Mon May 16 00:18:04 EDT 2016] Executing as abdelrahman@compute-1-5.local on Linux 2.6.32-279.14.1.el6.x86_64 amd64; Java HotSpot(TM) 64-Bit Server VM 1.8.0_45-b14; Picard version: 2.3.0(9a00c87b7ffdb01cfb5a0d6e76556146196babb8_1463071327) IntelDeflater
INFO	2016-05-16 00:25:03	SortSam	Read    10,000,000 records.  Elapsed time: 00:06:56s.  Time for last 10,000,000:  415s.  Last read position: chr1:18,021,641
INFO	2016-05-16 00:34:00	SortSam	Read    20,000,000 records.  Elapsed time: 00:15:52s.  Time for last 10,000,000:  536s.  Last read position: chr1:235,618,829
INFO	2016-05-16 00:43:18	SortSam	Read    30,000,000 records.  Elapsed time: 00:25:10s.  Time for last 10,000,000:  558s.  Last read position: chr7:43,958,995
INFO	2016-05-16 00:52:35	SortSam	Read    40,000,000 records.  Elapsed time: 00:34:27s.  Time for last 10,000,000:  557s.  Last read position: chr10:98,188,291
INFO	2016-05-16 01:01:24	SortSam	Read    50,000,000 records.  Elapsed time: 00:43:16s.  Time for last 10,000,000:  528s.  Last read position: chr20:37,638,969
INFO	2016-05-16 01:10:00	SortSam	Read    60,000,000 records.  Elapsed time: 00:51:52s.  Time for last 10,000,000:  516s.  Last read position: chr10:23,481,514
INFO	2016-05-16 01:17:45	SortSam	Read    70,000,000 records.  Elapsed time: 00:59:37s.  Time for last 10,000,000:  464s.  Last read position: chr16:15,095,510
INFO	2016-05-16 01:26:15	SortSam	Read    80,000,000 records.  Elapsed time: 01:08:07s.  Time for last 10,000,000:  509s.  Last read position: chr11:105,881,280
INFO	2016-05-16 01:34:24	SortSam	Read    90,000,000 records.  Elapsed time: 01:16:16s.  Time for last 10,000,000:  489s.  Last read position: chr13:114,780,782
INFO	2016-05-16 01:42:27	SortSam	Read   100,000,000 records.  Elapsed time: 01:24:20s.  Time for last 10,000,000:  483s.  Last read position: chr1:36,926,855
INFO	2016-05-16 01:50:38	SortSam	Read   110,000,000 records.  Elapsed time: 01:32:30s.  Time for last 10,000,000:  490s.  Last read position: chr9:105,767,325
INFO	2016-05-16 01:59:40	SortSam	Read   120,000,000 records.  Elapsed time: 01:41:32s.  Time for last 10,000,000:  542s.  Last read position: chr12:7,294,659
INFO	2016-05-16 02:07:35	SortSam	Read   130,000,000 records.  Elapsed time: 01:49:28s.  Time for last 10,000,000:  475s.  Last read position: chr1:29,319,943
INFO	2016-05-16 02:16:29	SortSam	Read   140,000,000 records.  Elapsed time: 01:58:21s.  Time for last 10,000,000:  533s.  Last read position: chr1:202,609,886
INFO	2016-05-16 02:17:04	SortSam	Finished reading inputs, merging and writing to output now.
INFO	2016-05-16 02:23:45	SortSam	Wrote    10,000,000 records from a sorting collection.  Elapsed time: 02:05:37s.  Time for last 10,000,000:  305s.  Last read position: chr1:169,764,203
INFO	2016-05-16 02:26:46	SortSam	Wrote    20,000,000 records from a sorting collection.  Elapsed time: 02:08:38s.  Time for last 10,000,000:  180s.  Last read position: chr2:162,197,333
INFO	2016-05-16 02:29:49	SortSam	Wrote    30,000,000 records from a sorting collection.  Elapsed time: 02:11:41s.  Time for last 10,000,000:  182s.  Last read position: chr3:126,161,207
INFO	2016-05-16 02:32:03	SortSam	Wrote    40,000,000 records from a sorting collection.  Elapsed time: 02:13:55s.  Time for last 10,000,000:  134s.  Last read position: chr5:53,752,194
INFO	2016-05-16 02:33:48	SortSam	Wrote    50,000,000 records from a sorting collection.  Elapsed time: 02:15:40s.  Time for last 10,000,000:  104s.  Last read position: chr6:90,458,992
INFO	2016-05-16 02:36:03	SortSam	Wrote    60,000,000 records from a sorting collection.  Elapsed time: 02:17:55s.  Time for last 10,000,000:  135s.  Last read position: chr8:19,687,952
INFO	2016-05-16 02:38:15	SortSam	Wrote    70,000,000 records from a sorting collection.  Elapsed time: 02:20:07s.  Time for last 10,000,000:  132s.  Last read position: chr10:468,939
INFO	2016-05-16 02:40:40	SortSam	Wrote    80,000,000 records from a sorting collection.  Elapsed time: 02:22:32s.  Time for last 10,000,000:  145s.  Last read position: chr11:64,981,707
INFO	2016-05-16 02:42:51	SortSam	Wrote    90,000,000 records from a sorting collection.  Elapsed time: 02:24:43s.  Time for last 10,000,000:  130s.  Last read position: chr12:112,512,423
INFO	2016-05-16 02:44:50	SortSam	Wrote   100,000,000 records from a sorting collection.  Elapsed time: 02:26:42s.  Time for last 10,000,000:  118s.  Last read position: chr15:43,996,046
INFO	2016-05-16 02:47:15	SortSam	Wrote   110,000,000 records from a sorting collection.  Elapsed time: 02:29:07s.  Time for last 10,000,000:  145s.  Last read position: chr17:7,727,530
INFO	2016-05-16 02:49:23	SortSam	Wrote   120,000,000 records from a sorting collection.  Elapsed time: 02:31:15s.  Time for last 10,000,000:  127s.  Last read position: chr19:7,992,927
INFO	2016-05-16 02:51:24	SortSam	Wrote   130,000,000 records from a sorting collection.  Elapsed time: 02:33:16s.  Time for last 10,000,000:  120s.  Last read position: chr20:61,488,737
INFO	2016-05-16 02:53:18	SortSam	Wrote   140,000,000 records from a sorting collection.  Elapsed time: 02:35:10s.  Time for last 10,000,000:  114s.  Last read position: chrX:153,228,842
[Mon May 16 02:53:54 EDT 2016] picard.sam.SortSam done. Elapsed time: 155.84 minutes.
Runtime.totalMemory()=1016594432
[Mon May 16 02:53:58 EDT 2016] picard.sam.markduplicates.MarkDuplicates INPUT=[p_DS_bkm_114-N/p_DS_bkm_114-N.sorted.bam] OUTPUT=p_DS_bkm_114-N/p_DS_bkm_114-N.sorted.MarkDup.bam METRICS_FILE=MarkDup_metrics TMP_DIR=[tmp] VALIDATION_STRINGENCY=SILENT CREATE_INDEX=true    MAX_SEQUENCES_FOR_DISK_READ_ENDS_MAP=50000 MAX_FILE_HANDLES_FOR_READ_ENDS_MAP=8000 SORTING_COLLECTION_SIZE_RATIO=0.25 REMOVE_SEQUENCING_DUPLICATES=false TAGGING_POLICY=DontTag REMOVE_DUPLICATES=false ASSUME_SORTED=false DUPLICATE_SCORING_STRATEGY=SUM_OF_BASE_QUALITIES PROGRAM_RECORD_ID=MarkDuplicates PROGRAM_GROUP_NAME=MarkDuplicates READ_NAME_REGEX=<optimized capture of last three ':' separated fields as numeric values> OPTICAL_DUPLICATE_PIXEL_DISTANCE=100 VERBOSITY=INFO QUIET=false COMPRESSION_LEVEL=5 MAX_RECORDS_IN_RAM=500000 CREATE_MD5_FILE=false GA4GH_CLIENT_SECRETS=client_secrets.json
[Mon May 16 02:53:58 EDT 2016] Executing as abdelrahman@compute-1-5.local on Linux 2.6.32-279.14.1.el6.x86_64 amd64; Java HotSpot(TM) 64-Bit Server VM 1.8.0_45-b14; Picard version: 2.3.0(9a00c87b7ffdb01cfb5a0d6e76556146196babb8_1463071327) IntelDeflater
INFO	2016-05-16 02:53:58	MarkDuplicates	Start of doWork freeMemory: 502228744; totalMemory: 506462208; maxMemory: 13362528256
INFO	2016-05-16 02:53:58	MarkDuplicates	Reading input file and constructing read end information.
INFO	2016-05-16 02:53:58	MarkDuplicates	Will retain up to 51394339 data points before spilling to disk.
INFO	2016-05-16 02:54:10	MarkDuplicates	Read     1,000,000 records.  Elapsed time: 00:00:11s.  Time for last 1,000,000:   11s.  Last read position: chr1:11,740,343
INFO	2016-05-16 02:54:10	MarkDuplicates	Tracking 3715 as yet unmatched pairs. 408 records in RAM.
INFO	2016-05-16 02:54:19	MarkDuplicates	Read     2,000,000 records.  Elapsed time: 00:00:20s.  Time for last 1,000,000:    9s.  Last read position: chr1:23,409,833
INFO	2016-05-16 02:54:19	MarkDuplicates	Tracking 6444 as yet unmatched pairs. 554 records in RAM.
INFO	2016-05-16 02:54:28	MarkDuplicates	Read     3,000,000 records.  Elapsed time: 00:00:29s.  Time for last 1,000,000:    8s.  Last read position: chr1:34,046,362
INFO	2016-05-16 02:54:28	MarkDuplicates	Tracking 9304 as yet unmatched pairs. 803 records in RAM.
INFO	2016-05-16 02:54:36	MarkDuplicates	Read     4,000,000 records.  Elapsed time: 00:00:37s.  Time for last 1,000,000:    8s.  Last read position: chr1:44,450,486
INFO	2016-05-16 02:54:36	MarkDuplicates	Tracking 12009 as yet unmatched pairs. 866 records in RAM.
INFO	2016-05-16 02:54:44	MarkDuplicates	Read     5,000,000 records.  Elapsed time: 00:00:45s.  Time for last 1,000,000:    8s.  Last read position: chr1:62,588,647
INFO	2016-05-16 02:54:44	MarkDuplicates	Tracking 15300 as yet unmatched pairs. 1002 records in RAM.
INFO	2016-05-16 02:54:54	MarkDuplicates	Read     6,000,000 records.  Elapsed time: 00:00:55s.  Time for last 1,000,000:   10s.  Last read position: chr1:92,185,451
INFO	2016-05-16 02:54:54	MarkDuplicates	Tracking 19803 as yet unmatched pairs. 1137 records in RAM.
INFO	2016-05-16 02:55:06	MarkDuplicates	Read     7,000,000 records.  Elapsed time: 00:01:07s.  Time for last 1,000,000:   11s.  Last read position: chr1:114,437,453
INFO	2016-05-16 02:55:06	MarkDuplicates	Tracking 23638 as yet unmatched pairs. 1074 records in RAM.
INFO	2016-05-16 02:55:10	MarkDuplicates	Read     8,000,000 records.  Elapsed time: 00:01:11s.  Time for last 1,000,000:    4s.  Last read position: chr1:151,381,039
INFO	2016-05-16 02:55:10	MarkDuplicates	Tracking 28476 as yet unmatched pairs. 1193 records in RAM.
INFO	2016-05-16 02:55:19	MarkDuplicates	Read     9,000,000 records.  Elapsed time: 00:01:20s.  Time for last 1,000,000:    9s.  Last read position: chr1:156,811,214
INFO	2016-05-16 02:55:19	MarkDuplicates	Tracking 30423 as yet unmatched pairs. 1115 records in RAM.
INFO	2016-05-16 02:55:27	MarkDuplicates	Read    10,000,000 records.  Elapsed time: 00:01:28s.  Time for last 1,000,000:    7s.  Last read position: chr1:169,764,203
INFO	2016-05-16 02:55:27	MarkDuplicates	Tracking 32827 as yet unmatched pairs. 996 records in RAM.
INFO	2016-05-16 02:55:40	MarkDuplicates	Read    11,000,000 records.  Elapsed time: 00:01:41s.  Time for last 1,000,000:   13s.  Last read position: chr1:191,940,263
INFO	2016-05-16 02:55:40	MarkDuplicates	Tracking 36094 as yet unmatched pairs. 777 records in RAM.
INFO	2016-05-16 02:55:45	MarkDuplicates	Read    12,000,000 records.  Elapsed time: 00:01:46s.  Time for last 1,000,000:    5s.  Last read position: chr1:207,755,424
INFO	2016-05-16 02:55:45	MarkDuplicates	Tracking 39069 as yet unmatched pairs. 664 records in RAM.
INFO	2016-05-16 02:55:59	MarkDuplicates	Read    13,000,000 records.  Elapsed time: 00:01:59s.  Time for last 1,000,000:   13s.  Last read position: chr1:228,680,791
INFO	2016-05-16 02:55:59	MarkDuplicates	Tracking 42466 as yet unmatched pairs. 406 records in RAM.
INFO	2016-05-16 02:56:06	MarkDuplicates	Read    14,000,000 records.  Elapsed time: 00:02:07s.  Time for last 1,000,000:    7s.  Last read position: chr2:1,657,411
INFO	2016-05-16 02:56:06	MarkDuplicates	Tracking 46069 as yet unmatched pairs. 6141 records in RAM.
INFO	2016-05-16 02:56:13	MarkDuplicates	Read    15,000,000 records.  Elapsed time: 00:02:14s.  Time for last 1,000,000:    6s.  Last read position: chr2:27,463,812
INFO	2016-05-16 02:56:13	MarkDuplicates	Tracking 49569 as yet unmatched pairs. 6322 records in RAM.
INFO	2016-05-16 02:56:21	MarkDuplicates	Read    16,000,000 records.  Elapsed time: 00:02:22s.  Time for last 1,000,000:    8s.  Last read position: chr2:45,530,563
INFO	2016-05-16 02:56:21	MarkDuplicates	Tracking 70064 as yet unmatched pairs. 4853 records in RAM.
INFO	2016-05-16 02:56:34	MarkDuplicates	Read    17,000,000 records.  Elapsed time: 00:02:35s.  Time for last 1,000,000:   12s.  Last read position: chr2:72,960,240
INFO	2016-05-16 02:56:34	MarkDuplicates	Tracking 73636 as yet unmatched pairs. 4637 records in RAM.
INFO	2016-05-16 02:56:40	MarkDuplicates	Read    18,000,000 records.  Elapsed time: 00:02:41s.  Time for last 1,000,000:    5s.  Last read position: chr2:98,350,134
INFO	2016-05-16 02:56:40	MarkDuplicates	Tracking 78330 as yet unmatched pairs. 4188 records in RAM.
INFO	2016-05-16 02:56:48	MarkDuplicates	Read    19,000,000 records.  Elapsed time: 00:02:49s.  Time for last 1,000,000:    7s.  Last read position: chr2:128,394,472
INFO	2016-05-16 02:56:48	MarkDuplicates	Tracking 81709 as yet unmatched pairs. 3832 records in RAM.
INFO	2016-05-16 02:56:55	MarkDuplicates	Read    20,000,000 records.  Elapsed time: 00:02:56s.  Time for last 1,000,000:    7s.  Last read position: chr2:162,197,333
INFO	2016-05-16 02:56:55	MarkDuplicates	Tracking 88163 as yet unmatched pairs. 2865 records in RAM.
INFO	2016-05-16 02:57:12	MarkDuplicates	Read    21,000,000 records.  Elapsed time: 00:03:13s.  Time for last 1,000,000:   16s.  Last read position: chr2:179,457,528
INFO	2016-05-16 02:57:12	MarkDuplicates	Tracking 90741 as yet unmatched pairs. 2551 records in RAM.
INFO	2016-05-16 02:57:18	MarkDuplicates	Read    22,000,000 records.  Elapsed time: 00:03:19s.  Time for last 1,000,000:    5s.  Last read position: chr2:202,027,723
INFO	2016-05-16 02:57:18	MarkDuplicates	Tracking 93295 as yet unmatched pairs. 1985 records in RAM.
INFO	2016-05-16 02:57:25	MarkDuplicates	Read    23,000,000 records.  Elapsed time: 00:03:26s.  Time for last 1,000,000:    6s.  Last read position: chr2:220,033,389
INFO	2016-05-16 02:57:25	MarkDuplicates	Tracking 95501 as yet unmatched pairs. 1319 records in RAM.
INFO	2016-05-16 02:57:32	MarkDuplicates	Read    24,000,000 records.  Elapsed time: 00:03:33s.  Time for last 1,000,000:    6s.  Last read position: chr2:238,253,398
INFO	2016-05-16 02:57:32	MarkDuplicates	Tracking 97907 as yet unmatched pairs. 399 records in RAM.
INFO	2016-05-16 02:57:42	MarkDuplicates	Read    25,000,000 records.  Elapsed time: 00:03:43s.  Time for last 1,000,000:   10s.  Last read position: chr3:13,190,488
INFO	2016-05-16 02:57:42	MarkDuplicates	Tracking 99724 as yet unmatched pairs. 6193 records in RAM.
INFO	2016-05-16 02:57:49	MarkDuplicates	Read    26,000,000 records.  Elapsed time: 00:03:50s.  Time for last 1,000,000:    7s.  Last read position: chr3:39,175,639
INFO	2016-05-16 02:57:49	MarkDuplicates	Tracking 102320 as yet unmatched pairs. 5685 records in RAM.
INFO	2016-05-16 02:58:05	MarkDuplicates	Read    27,000,000 records.  Elapsed time: 00:04:06s.  Time for last 1,000,000:   15s.  Last read position: chr3:49,152,666
INFO	2016-05-16 02:58:05	MarkDuplicates	Tracking 103791 as yet unmatched pairs. 5269 records in RAM.
INFO	2016-05-16 02:58:16	MarkDuplicates	Read    28,000,000 records.  Elapsed time: 00:04:16s.  Time for last 1,000,000:   10s.  Last read position: chr3:57,356,477
INFO	2016-05-16 02:58:16	MarkDuplicates	Tracking 105145 as yet unmatched pairs. 4749 records in RAM.
INFO	2016-05-16 02:58:22	MarkDuplicates	Read    29,000,000 records.  Elapsed time: 00:04:23s.  Time for last 1,000,000:    6s.  Last read position: chr3:107,096,615
INFO	2016-05-16 02:58:22	MarkDuplicates	Tracking 108810 as yet unmatched pairs. 3735 records in RAM.
INFO	2016-05-16 02:58:27	MarkDuplicates	Read    30,000,000 records.  Elapsed time: 00:04:28s.  Time for last 1,000,000:    5s.  Last read position: chr3:126,161,207
INFO	2016-05-16 02:58:27	MarkDuplicates	Tracking 110549 as yet unmatched pairs. 2838 records in RAM.
INFO	2016-05-16 02:58:35	MarkDuplicates	Read    31,000,000 records.  Elapsed time: 00:04:36s.  Time for last 1,000,000:    7s.  Last read position: chr3:146,177,421
INFO	2016-05-16 02:58:35	MarkDuplicates	Tracking 112535 as yet unmatched pairs. 2091 records in RAM.
INFO	2016-05-16 02:58:43	MarkDuplicates	Read    32,000,000 records.  Elapsed time: 00:04:43s.  Time for last 1,000,000:    7s.  Last read position: chr3:182,740,330
INFO	2016-05-16 02:58:43	MarkDuplicates	Tracking 115264 as yet unmatched pairs. 941 records in RAM.
INFO	2016-05-16 02:58:57	MarkDuplicates	Read    33,000,000 records.  Elapsed time: 00:04:58s.  Time for last 1,000,000:   14s.  Last read position: chr4:882,801
INFO	2016-05-16 02:58:57	MarkDuplicates	Tracking 116946 as yet unmatched pairs. 8298 records in RAM.
INFO	2016-05-16 02:59:03	MarkDuplicates	Read    34,000,000 records.  Elapsed time: 00:05:04s.  Time for last 1,000,000:    5s.  Last read position: chr4:25,674,684
INFO	2016-05-16 02:59:03	MarkDuplicates	Tracking 118897 as yet unmatched pairs. 7430 records in RAM.
INFO	2016-05-16 02:59:09	MarkDuplicates	Read    35,000,000 records.  Elapsed time: 00:05:10s.  Time for last 1,000,000:    6s.  Last read position: chr4:68,376,844
INFO	2016-05-16 02:59:09	MarkDuplicates	Tracking 123932 as yet unmatched pairs. 5443 records in RAM.
INFO	2016-05-16 02:59:15	MarkDuplicates	Read    36,000,000 records.  Elapsed time: 00:05:15s.  Time for last 1,000,000:    5s.  Last read position: chr4:89,589,524
INFO	2016-05-16 02:59:15	MarkDuplicates	Tracking 125971 as yet unmatched pairs. 4076 records in RAM.
INFO	2016-05-16 02:59:27	MarkDuplicates	Read    37,000,000 records.  Elapsed time: 00:05:28s.  Time for last 1,000,000:   12s.  Last read position: chr4:123,274,284
INFO	2016-05-16 02:59:27	MarkDuplicates	Tracking 128113 as yet unmatched pairs. 2893 records in RAM.
INFO	2016-05-16 02:59:33	MarkDuplicates	Read    38,000,000 records.  Elapsed time: 00:05:33s.  Time for last 1,000,000:    5s.  Last read position: chr4:164,069,425
INFO	2016-05-16 02:59:33	MarkDuplicates	Tracking 130455 as yet unmatched pairs. 1448 records in RAM.
INFO	2016-05-16 02:59:38	MarkDuplicates	Read    39,000,000 records.  Elapsed time: 00:05:39s.  Time for last 1,000,000:    5s.  Last read position: chr5:10,393,915
INFO	2016-05-16 02:59:38	MarkDuplicates	Tracking 132680 as yet unmatched pairs. 8785 records in RAM.
INFO	2016-05-16 02:59:51	MarkDuplicates	Read    40,000,000 records.  Elapsed time: 00:05:52s.  Time for last 1,000,000:   13s.  Last read position: chr5:53,752,194
INFO	2016-05-16 02:59:51	MarkDuplicates	Tracking 135088 as yet unmatched pairs. 7297 records in RAM.
INFO	2016-05-16 02:59:57	MarkDuplicates	Read    41,000,000 records.  Elapsed time: 00:05:57s.  Time for last 1,000,000:    5s.  Last read position: chr5:79,733,583
INFO	2016-05-16 02:59:57	MarkDuplicates	Tracking 136560 as yet unmatched pairs. 5623 records in RAM.
INFO	2016-05-16 03:00:03	MarkDuplicates	Read    42,000,000 records.  Elapsed time: 00:06:04s.  Time for last 1,000,000:    6s.  Last read position: chr5:123,976,949
INFO	2016-05-16 03:00:03	MarkDuplicates	Tracking 138708 as yet unmatched pairs. 3779 records in RAM.
INFO	2016-05-16 03:00:08	MarkDuplicates	Read    43,000,000 records.  Elapsed time: 00:06:08s.  Time for last 1,000,000:    4s.  Last read position: chr5:140,431,961
INFO	2016-05-16 03:00:08	MarkDuplicates	Tracking 140017 as yet unmatched pairs. 2815 records in RAM.
INFO	2016-05-16 03:01:17	MarkDuplicates	Read    44,000,000 records.  Elapsed time: 00:07:17s.  Time for last 1,000,000:   68s.  Last read position: chr5:153,835,567
INFO	2016-05-16 03:01:17	MarkDuplicates	Tracking 140852 as yet unmatched pairs. 1765 records in RAM.
INFO	2016-05-16 03:01:22	MarkDuplicates	Read    45,000,000 records.  Elapsed time: 00:07:23s.  Time for last 1,000,000:    5s.  Last read position: chr5:178,460,228
INFO	2016-05-16 03:01:22	MarkDuplicates	Tracking 141979 as yet unmatched pairs. 329 records in RAM.
INFO	2016-05-16 03:01:51	MarkDuplicates	Read    46,000,000 records.  Elapsed time: 00:07:52s.  Time for last 1,000,000:   28s.  Last read position: chr6:24,843,310
INFO	2016-05-16 03:01:51	MarkDuplicates	Tracking 143462 as yet unmatched pairs. 9800 records in RAM.
INFO	2016-05-16 03:01:56	MarkDuplicates	Read    47,000,000 records.  Elapsed time: 00:07:57s.  Time for last 1,000,000:    4s.  Last read position: chr6:31,760,205
INFO	2016-05-16 03:01:56	MarkDuplicates	Tracking 143988 as yet unmatched pairs. 8966 records in RAM.
INFO	2016-05-16 03:02:03	MarkDuplicates	Read    48,000,000 records.  Elapsed time: 00:08:04s.  Time for last 1,000,000:    7s.  Last read position: chr6:39,387,718
INFO	2016-05-16 03:02:03	MarkDuplicates	Tracking 144423 as yet unmatched pairs. 7963 records in RAM.
INFO	2016-05-16 03:02:12	MarkDuplicates	Read    49,000,000 records.  Elapsed time: 00:08:13s.  Time for last 1,000,000:    9s.  Last read position: chr6:55,196,541
INFO	2016-05-16 03:02:12	MarkDuplicates	Tracking 145202 as yet unmatched pairs. 6906 records in RAM.
INFO	2016-05-16 03:02:21	MarkDuplicates	Read    50,000,000 records.  Elapsed time: 00:08:22s.  Time for last 1,000,000:    8s.  Last read position: chr6:90,458,992
INFO	2016-05-16 03:02:21	MarkDuplicates	Tracking 146401 as yet unmatched pairs. 5277 records in RAM.
INFO	2016-05-16 03:02:32	MarkDuplicates	Read    51,000,000 records.  Elapsed time: 00:08:33s.  Time for last 1,000,000:   11s.  Last read position: chr6:127,476,456
INFO	2016-05-16 03:02:32	MarkDuplicates	Tracking 147376 as yet unmatched pairs. 3249 records in RAM.
INFO	2016-05-16 03:04:03	MarkDuplicates	Read    52,000,000 records.  Elapsed time: 00:10:03s.  Time for last 1,000,000:   90s.  Last read position: chr6:152,555,036
INFO	2016-05-16 03:04:03	MarkDuplicates	Tracking 148260 as yet unmatched pairs. 1601 records in RAM.
INFO	2016-05-16 03:04:11	MarkDuplicates	Read    53,000,000 records.  Elapsed time: 00:10:12s.  Time for last 1,000,000:    8s.  Last read position: chr7:4,259,932
INFO	2016-05-16 03:04:11	MarkDuplicates	Tracking 148757 as yet unmatched pairs. 11895 records in RAM.
INFO	2016-05-16 03:04:18	MarkDuplicates	Read    54,000,000 records.  Elapsed time: 00:10:19s.  Time for last 1,000,000:    7s.  Last read position: chr7:32,909,774
INFO	2016-05-16 03:04:18	MarkDuplicates	Tracking 149647 as yet unmatched pairs. 10308 records in RAM.
INFO	2016-05-16 03:04:26	MarkDuplicates	Read    55,000,000 records.  Elapsed time: 00:10:27s.  Time for last 1,000,000:    8s.  Last read position: chr7:70,231,083
INFO	2016-05-16 03:04:26	MarkDuplicates	Tracking 150488 as yet unmatched pairs. 8058 records in RAM.
INFO	2016-05-16 03:04:38	MarkDuplicates	Read    56,000,000 records.  Elapsed time: 00:10:39s.  Time for last 1,000,000:   11s.  Last read position: chr7:96,639,061
INFO	2016-05-16 03:04:38	MarkDuplicates	Tracking 150876 as yet unmatched pairs. 5986 records in RAM.
INFO	2016-05-16 03:04:44	MarkDuplicates	Read    57,000,000 records.  Elapsed time: 00:10:45s.  Time for last 1,000,000:    6s.  Last read position: chr7:105,987,337
INFO	2016-05-16 03:04:44	MarkDuplicates	Tracking 151019 as yet unmatched pairs. 4570 records in RAM.
INFO	2016-05-16 03:04:53	MarkDuplicates	Read    58,000,000 records.  Elapsed time: 00:10:54s.  Time for last 1,000,000:    9s.  Last read position: chr7:133,876,365
INFO	2016-05-16 03:04:53	MarkDuplicates	Tracking 151784 as yet unmatched pairs. 2603 records in RAM.
INFO	2016-05-16 03:05:00	MarkDuplicates	Read    59,000,000 records.  Elapsed time: 00:11:01s.  Time for last 1,000,000:    6s.  Last read position: chr7:150,500,457
INFO	2016-05-16 03:05:00	MarkDuplicates	Tracking 152185 as yet unmatched pairs. 991 records in RAM.
INFO	2016-05-16 03:05:16	MarkDuplicates	Read    60,000,000 records.  Elapsed time: 00:11:16s.  Time for last 1,000,000:   15s.  Last read position: chr8:19,687,952
INFO	2016-05-16 03:05:16	MarkDuplicates	Tracking 152391 as yet unmatched pairs. 9749 records in RAM.
INFO	2016-05-16 03:05:24	MarkDuplicates	Read    61,000,000 records.  Elapsed time: 00:11:25s.  Time for last 1,000,000:    8s.  Last read position: chr8:39,581,112
INFO	2016-05-16 03:05:24	MarkDuplicates	Tracking 152535 as yet unmatched pairs. 8015 records in RAM.
INFO	2016-05-16 03:05:32	MarkDuplicates	Read    62,000,000 records.  Elapsed time: 00:11:33s.  Time for last 1,000,000:    7s.  Last read position: chr8:74,912,026
INFO	2016-05-16 03:05:32	MarkDuplicates	Tracking 152842 as yet unmatched pairs. 5496 records in RAM.
INFO	2016-05-16 03:05:40	MarkDuplicates	Read    63,000,000 records.  Elapsed time: 00:11:41s.  Time for last 1,000,000:    8s.  Last read position: chr8:110,453,329
INFO	2016-05-16 03:05:40	MarkDuplicates	Tracking 153068 as yet unmatched pairs. 3020 records in RAM.
INFO	2016-05-16 03:05:47	MarkDuplicates	Read    64,000,000 records.  Elapsed time: 00:11:48s.  Time for last 1,000,000:    6s.  Last read position: chr8:144,802,437
INFO	2016-05-16 03:05:47	MarkDuplicates	Tracking 153069 as yet unmatched pairs. 606 records in RAM.
INFO	2016-05-16 03:05:57	MarkDuplicates	Read    65,000,000 records.  Elapsed time: 00:11:58s.  Time for last 1,000,000:   10s.  Last read position: chr9:21,326,977
INFO	2016-05-16 03:05:57	MarkDuplicates	Tracking 152712 as yet unmatched pairs. 9729 records in RAM.
INFO	2016-05-16 03:06:03	MarkDuplicates	Read    66,000,000 records.  Elapsed time: 00:12:04s.  Time for last 1,000,000:    5s.  Last read position: chr9:72,926,209
INFO	2016-05-16 03:06:03	MarkDuplicates	Tracking 152639 as yet unmatched pairs. 7073 records in RAM.
INFO	2016-05-16 03:06:12	MarkDuplicates	Read    67,000,000 records.  Elapsed time: 00:12:13s.  Time for last 1,000,000:    8s.  Last read position: chr9:100,317,790
INFO	2016-05-16 03:06:12	MarkDuplicates	Tracking 152622 as yet unmatched pairs. 4972 records in RAM.
INFO	2016-05-16 03:06:20	MarkDuplicates	Read    68,000,000 records.  Elapsed time: 00:12:21s.  Time for last 1,000,000:    7s.  Last read position: chr9:123,313,091
INFO	2016-05-16 03:06:20	MarkDuplicates	Tracking 152431 as yet unmatched pairs. 3116 records in RAM.
INFO	2016-05-16 03:06:36	MarkDuplicates	Read    69,000,000 records.  Elapsed time: 00:12:36s.  Time for last 1,000,000:   15s.  Last read position: chr9:133,805,087
INFO	2016-05-16 03:06:36	MarkDuplicates	Tracking 151981 as yet unmatched pairs. 1435 records in RAM.
INFO	2016-05-16 03:06:42	MarkDuplicates	Read    70,000,000 records.  Elapsed time: 00:12:43s.  Time for last 1,000,000:    6s.  Last read position: chr10:468,939
INFO	2016-05-16 03:06:42	MarkDuplicates	Tracking 151519 as yet unmatched pairs. 15854 records in RAM.
INFO	2016-05-16 03:06:51	MarkDuplicates	Read    71,000,000 records.  Elapsed time: 00:12:52s.  Time for last 1,000,000:    8s.  Last read position: chr10:28,970,258
INFO	2016-05-16 03:06:51	MarkDuplicates	Tracking 151138 as yet unmatched pairs. 13381 records in RAM.
INFO	2016-05-16 03:06:59	MarkDuplicates	Read    72,000,000 records.  Elapsed time: 00:13:00s.  Time for last 1,000,000:    8s.  Last read position: chr10:67,679,880
INFO	2016-05-16 03:06:59	MarkDuplicates	Tracking 151076 as yet unmatched pairs. 8055 records in RAM.
INFO	2016-05-16 03:07:08	MarkDuplicates	Read    73,000,000 records.  Elapsed time: 00:13:09s.  Time for last 1,000,000:    9s.  Last read position: chr10:88,635,737
INFO	2016-05-16 03:07:08	MarkDuplicates	Tracking 150560 as yet unmatched pairs. 6041 records in RAM.
INFO	2016-05-16 03:07:16	MarkDuplicates	Read    74,000,000 records.  Elapsed time: 00:13:17s.  Time for last 1,000,000:    7s.  Last read position: chr10:102,777,178
INFO	2016-05-16 03:07:16	MarkDuplicates	Tracking 149854 as yet unmatched pairs. 3906 records in RAM.
INFO	2016-05-16 03:07:26	MarkDuplicates	Read    75,000,000 records.  Elapsed time: 00:13:27s.  Time for last 1,000,000:    9s.  Last read position: chr10:122,626,596
INFO	2016-05-16 03:07:26	MarkDuplicates	Tracking 149224 as yet unmatched pairs. 1641 records in RAM.
INFO	2016-05-16 03:07:35	MarkDuplicates	Read    76,000,000 records.  Elapsed time: 00:13:36s.  Time for last 1,000,000:    9s.  Last read position: chr11:1,482,000
INFO	2016-05-16 03:07:35	MarkDuplicates	Tracking 148244 as yet unmatched pairs. 16024 records in RAM.
INFO	2016-05-16 03:07:54	MarkDuplicates	Read    77,000,000 records.  Elapsed time: 00:13:55s.  Time for last 1,000,000:   18s.  Last read position: chr11:10,328,180
INFO	2016-05-16 03:07:54	MarkDuplicates	Tracking 147679 as yet unmatched pairs. 14597 records in RAM.
INFO	2016-05-16 03:08:01	MarkDuplicates	Read    78,000,000 records.  Elapsed time: 00:14:02s.  Time for last 1,000,000:    6s.  Last read position: chr11:36,248,822
INFO	2016-05-16 03:08:01	MarkDuplicates	Tracking 146707 as yet unmatched pairs. 12034 records in RAM.
INFO	2016-05-16 03:08:11	MarkDuplicates	Read    79,000,000 records.  Elapsed time: 00:14:11s.  Time for last 1,000,000:    9s.  Last read position: chr11:59,344,053
INFO	2016-05-16 03:08:11	MarkDuplicates	Tracking 146131 as yet unmatched pairs. 9774 records in RAM.
INFO	2016-05-16 03:08:16	MarkDuplicates	Read    80,000,000 records.  Elapsed time: 00:14:17s.  Time for last 1,000,000:    5s.  Last read position: chr11:64,981,707
INFO	2016-05-16 03:08:16	MarkDuplicates	Tracking 145468 as yet unmatched pairs. 8317 records in RAM.
INFO	2016-05-16 03:08:28	MarkDuplicates	Read    81,000,000 records.  Elapsed time: 00:14:28s.  Time for last 1,000,000:   11s.  Last read position: chr11:72,470,391
INFO	2016-05-16 03:08:28	MarkDuplicates	Tracking 144758 as yet unmatched pairs. 6837 records in RAM.
INFO	2016-05-16 03:08:44	MarkDuplicates	Read    82,000,000 records.  Elapsed time: 00:14:45s.  Time for last 1,000,000:   16s.  Last read position: chr11:100,978,965
INFO	2016-05-16 03:08:44	MarkDuplicates	Tracking 143697 as yet unmatched pairs. 4116 records in RAM.
INFO	2016-05-16 03:08:55	MarkDuplicates	Read    83,000,000 records.  Elapsed time: 00:14:55s.  Time for last 1,000,000:   10s.  Last read position: chr11:118,642,571
INFO	2016-05-16 03:08:55	MarkDuplicates	Tracking 142741 as yet unmatched pairs. 1914 records in RAM.
INFO	2016-05-16 03:09:07	MarkDuplicates	Read    84,000,000 records.  Elapsed time: 00:15:07s.  Time for last 1,000,000:   12s.  Last read position: chr12:459,799
INFO	2016-05-16 03:09:07	MarkDuplicates	Tracking 141973 as yet unmatched pairs. 17982 records in RAM.
INFO	2016-05-16 03:09:13	MarkDuplicates	Read    85,000,000 records.  Elapsed time: 00:15:14s.  Time for last 1,000,000:    6s.  Last read position: chr12:11,463,174
INFO	2016-05-16 03:09:13	MarkDuplicates	Tracking 141236 as yet unmatched pairs. 16387 records in RAM.
INFO	2016-05-16 03:09:27	MarkDuplicates	Read    86,000,000 records.  Elapsed time: 00:15:28s.  Time for last 1,000,000:   14s.  Last read position: chr12:43,846,292
INFO	2016-05-16 03:09:27	MarkDuplicates	Tracking 139928 as yet unmatched pairs. 13486 records in RAM.
INFO	2016-05-16 03:09:36	MarkDuplicates	Read    87,000,000 records.  Elapsed time: 00:15:37s.  Time for last 1,000,000:    8s.  Last read position: chr12:53,589,641
INFO	2016-05-16 03:09:36	MarkDuplicates	Tracking 138865 as yet unmatched pairs. 11644 records in RAM.
INFO	2016-05-16 03:09:46	MarkDuplicates	Read    88,000,000 records.  Elapsed time: 00:15:47s.  Time for last 1,000,000:    9s.  Last read position: chr12:59,271,295
INFO	2016-05-16 03:09:46	MarkDuplicates	Tracking 138192 as yet unmatched pairs. 10259 records in RAM.
INFO	2016-05-16 03:09:53	MarkDuplicates	Read    89,000,000 records.  Elapsed time: 00:15:54s.  Time for last 1,000,000:    7s.  Last read position: chr12:96,131,699
INFO	2016-05-16 03:09:53	MarkDuplicates	Tracking 136127 as yet unmatched pairs. 6115 records in RAM.
INFO	2016-05-16 03:10:02	MarkDuplicates	Read    90,000,000 records.  Elapsed time: 00:16:03s.  Time for last 1,000,000:    9s.  Last read position: chr12:112,512,423
INFO	2016-05-16 03:10:02	MarkDuplicates	Tracking 134648 as yet unmatched pairs. 3454 records in RAM.
INFO	2016-05-16 03:10:08	MarkDuplicates	Read    91,000,000 records.  Elapsed time: 00:16:08s.  Time for last 1,000,000:    5s.  Last read position: chr12:125,609,554
INFO	2016-05-16 03:10:08	MarkDuplicates	Tracking 133408 as yet unmatched pairs. 1240 records in RAM.
INFO	2016-05-16 03:10:29	MarkDuplicates	Read    92,000,000 records.  Elapsed time: 00:16:30s.  Time for last 1,000,000:   21s.  Last read position: chr13:33,017,205
INFO	2016-05-16 03:10:29	MarkDuplicates	Tracking 131763 as yet unmatched pairs. 7903 records in RAM.
INFO	2016-05-16 03:10:54	MarkDuplicates	Read    93,000,000 records.  Elapsed time: 00:16:55s.  Time for last 1,000,000:   24s.  Last read position: chr13:75,930,217
INFO	2016-05-16 03:10:54	MarkDuplicates	Tracking 129369 as yet unmatched pairs. 3789 records in RAM.
INFO	2016-05-16 03:11:10	MarkDuplicates	Read    94,000,000 records.  Elapsed time: 00:17:11s.  Time for last 1,000,000:   15s.  Last read position: chr13:114,776,380
INFO	2016-05-16 03:11:10	MarkDuplicates	Tracking 127190 as yet unmatched pairs. 104 records in RAM.
INFO	2016-05-16 03:11:17	MarkDuplicates	Read    95,000,000 records.  Elapsed time: 00:17:18s.  Time for last 1,000,000:    7s.  Last read position: chr14:24,906,258
INFO	2016-05-16 03:11:17	MarkDuplicates	Tracking 126215 as yet unmatched pairs. 10789 records in RAM.
INFO	2016-05-16 03:11:30	MarkDuplicates	Read    96,000,000 records.  Elapsed time: 00:17:31s.  Time for last 1,000,000:   13s.  Last read position: chr14:58,934,483
INFO	2016-05-16 03:11:30	MarkDuplicates	Tracking 123909 as yet unmatched pairs. 7182 records in RAM.
INFO	2016-05-16 03:11:40	MarkDuplicates	Read    97,000,000 records.  Elapsed time: 00:17:41s.  Time for last 1,000,000:    9s.  Last read position: chr14:76,045,782
INFO	2016-05-16 03:11:40	MarkDuplicates	Tracking 122283 as yet unmatched pairs. 4641 records in RAM.
INFO	2016-05-16 03:11:50	MarkDuplicates	Read    98,000,000 records.  Elapsed time: 00:17:51s.  Time for last 1,000,000:   10s.  Last read position: chr14:101,506,636
INFO	2016-05-16 03:11:50	MarkDuplicates	Tracking 120015 as yet unmatched pairs. 1186 records in RAM.
INFO	2016-05-16 03:12:03	MarkDuplicates	Read    99,000,000 records.  Elapsed time: 00:18:04s.  Time for last 1,000,000:   13s.  Last read position: chr15:33,938,533
INFO	2016-05-16 03:12:03	MarkDuplicates	Tracking 118238 as yet unmatched pairs. 11204 records in RAM.
INFO	2016-05-16 03:12:12	MarkDuplicates	Read   100,000,000 records.  Elapsed time: 00:18:13s.  Time for last 1,000,000:    8s.  Last read position: chr15:43,996,046
INFO	2016-05-16 03:12:12	MarkDuplicates	Tracking 116761 as yet unmatched pairs. 9106 records in RAM.
INFO	2016-05-16 03:12:26	MarkDuplicates	Read   101,000,000 records.  Elapsed time: 00:18:26s.  Time for last 1,000,000:   13s.  Last read position: chr15:63,088,284
INFO	2016-05-16 03:12:26	MarkDuplicates	Tracking 114837 as yet unmatched pairs. 6272 records in RAM.
INFO	2016-05-16 03:12:36	MarkDuplicates	Read   102,000,000 records.  Elapsed time: 00:18:37s.  Time for last 1,000,000:   10s.  Last read position: chr15:76,301,555
INFO	2016-05-16 03:12:36	MarkDuplicates	Tracking 113066 as yet unmatched pairs. 3824 records in RAM.
INFO	2016-05-16 03:12:59	MarkDuplicates	Read   103,000,000 records.  Elapsed time: 00:19:00s.  Time for last 1,000,000:   22s.  Last read position: chr15:93,567,758
INFO	2016-05-16 03:12:59	MarkDuplicates	Tracking 111216 as yet unmatched pairs. 1168 records in RAM.
INFO	2016-05-16 03:15:51	MarkDuplicates	Read   104,000,000 records.  Elapsed time: 00:21:52s.  Time for last 1,000,000:  172s.  Last read position: chr16:3,265,623
INFO	2016-05-16 03:15:51	MarkDuplicates	Tracking 109439 as yet unmatched pairs. 15303 records in RAM.
INFO	2016-05-16 03:16:00	MarkDuplicates	Read   105,000,000 records.  Elapsed time: 00:22:00s.  Time for last 1,000,000:    8s.  Last read position: chr16:21,272,636
INFO	2016-05-16 03:16:00	MarkDuplicates	Tracking 107153 as yet unmatched pairs. 12274 records in RAM.
INFO	2016-05-16 03:16:05	MarkDuplicates	Read   106,000,000 records.  Elapsed time: 00:22:06s.  Time for last 1,000,000:    5s.  Last read position: chr16:31,437,352
INFO	2016-05-16 03:16:05	MarkDuplicates	Tracking 105278 as yet unmatched pairs. 9880 records in RAM.
INFO	2016-05-16 03:16:15	MarkDuplicates	Read   107,000,000 records.  Elapsed time: 00:22:16s.  Time for last 1,000,000:    9s.  Last read position: chr16:66,946,963
INFO	2016-05-16 03:16:15	MarkDuplicates	Tracking 101954 as yet unmatched pairs. 4783 records in RAM.
INFO	2016-05-16 03:16:20	MarkDuplicates	Read   108,000,000 records.  Elapsed time: 00:22:21s.  Time for last 1,000,000:    5s.  Last read position: chr16:75,512,669
INFO	2016-05-16 03:16:20	MarkDuplicates	Tracking 100369 as yet unmatched pairs. 2593 records in RAM.
INFO	2016-05-16 03:16:32	MarkDuplicates	Read   109,000,000 records.  Elapsed time: 00:22:33s.  Time for last 1,000,000:   12s.  Last read position: chr17:1,985,101
INFO	2016-05-16 03:16:32	MarkDuplicates	Tracking 97972 as yet unmatched pairs. 18334 records in RAM.
INFO	2016-05-16 03:16:44	MarkDuplicates	Read   110,000,000 records.  Elapsed time: 00:22:45s.  Time for last 1,000,000:   12s.  Last read position: chr17:7,727,530
INFO	2016-05-16 03:16:44	MarkDuplicates	Tracking 96590 as yet unmatched pairs. 16601 records in RAM.
INFO	2016-05-16 03:16:59	MarkDuplicates	Read   111,000,000 records.  Elapsed time: 00:23:00s.  Time for last 1,000,000:   15s.  Last read position: chr17:19,318,201
INFO	2016-05-16 03:16:59	MarkDuplicates	Tracking 94798 as yet unmatched pairs. 14381 records in RAM.
INFO	2016-05-16 03:17:06	MarkDuplicates	Read   112,000,000 records.  Elapsed time: 00:23:07s.  Time for last 1,000,000:    6s.  Last read position: chr17:34,398,376
INFO	2016-05-16 03:17:06	MarkDuplicates	Tracking 92295 as yet unmatched pairs. 11164 records in RAM.
INFO	2016-05-16 03:17:12	MarkDuplicates	Read   113,000,000 records.  Elapsed time: 00:23:13s.  Time for last 1,000,000:    6s.  Last read position: chr17:41,004,701
INFO	2016-05-16 03:17:12	MarkDuplicates	Tracking 90833 as yet unmatched pairs. 9372 records in RAM.
INFO	2016-05-16 03:17:30	MarkDuplicates	Read   114,000,000 records.  Elapsed time: 00:23:31s.  Time for last 1,000,000:   17s.  Last read position: chr17:49,067,227
INFO	2016-05-16 03:17:30	MarkDuplicates	Tracking 88695 as yet unmatched pairs. 6764 records in RAM.
INFO	2016-05-16 03:17:38	MarkDuplicates	Read   115,000,000 records.  Elapsed time: 00:23:39s.  Time for last 1,000,000:    8s.  Last read position: chr17:66,202,278
INFO	2016-05-16 03:17:38	MarkDuplicates	Tracking 86097 as yet unmatched pairs. 3601 records in RAM.
INFO	2016-05-16 03:17:47	MarkDuplicates	Read   116,000,000 records.  Elapsed time: 00:23:48s.  Time for last 1,000,000:    8s.  Last read position: chr17:77,528,878
INFO	2016-05-16 03:17:47	MarkDuplicates	Tracking 84100 as yet unmatched pairs. 1141 records in RAM.
INFO	2016-05-16 03:17:57	MarkDuplicates	Read   117,000,000 records.  Elapsed time: 00:23:58s.  Time for last 1,000,000:    9s.  Last read position: chr18:12,673,264
INFO	2016-05-16 03:17:57	MarkDuplicates	Tracking 81714 as yet unmatched pairs. 8627 records in RAM.
INFO	2016-05-16 03:18:07	MarkDuplicates	Read   118,000,000 records.  Elapsed time: 00:24:08s.  Time for last 1,000,000:   10s.  Last read position: chr18:47,566,468
INFO	2016-05-16 03:18:07	MarkDuplicates	Tracking 77585 as yet unmatched pairs. 3679 records in RAM.
INFO	2016-05-16 03:18:17	MarkDuplicates	Read   119,000,000 records.  Elapsed time: 00:24:17s.  Time for last 1,000,000:    9s.  Last read position: chr19:1,496,420
INFO	2016-05-16 03:18:17	MarkDuplicates	Tracking 74063 as yet unmatched pairs. 20108 records in RAM.
INFO	2016-05-16 03:18:28	MarkDuplicates	Read   120,000,000 records.  Elapsed time: 00:24:29s.  Time for last 1,000,000:   11s.  Last read position: chr19:7,992,927
INFO	2016-05-16 03:18:28	MarkDuplicates	Tracking 71776 as yet unmatched pairs. 17594 records in RAM.
INFO	2016-05-16 03:18:40	MarkDuplicates	Read   121,000,000 records.  Elapsed time: 00:24:41s.  Time for last 1,000,000:   11s.  Last read position: chr19:12,996,079
INFO	2016-05-16 03:18:40	MarkDuplicates	Tracking 69750 as yet unmatched pairs. 15295 records in RAM.
INFO	2016-05-16 03:18:49	MarkDuplicates	Read   122,000,000 records.  Elapsed time: 00:24:50s.  Time for last 1,000,000:    9s.  Last read position: chr19:19,031,357
INFO	2016-05-16 03:18:49	MarkDuplicates	Tracking 67917 as yet unmatched pairs. 13229 records in RAM.
INFO	2016-05-16 03:18:58	MarkDuplicates	Read   123,000,000 records.  Elapsed time: 00:24:58s.  Time for last 1,000,000:    8s.  Last read position: chr19:37,644,295
INFO	2016-05-16 03:18:58	MarkDuplicates	Tracking 63906 as yet unmatched pairs. 8832 records in RAM.
INFO	2016-05-16 03:19:10	MarkDuplicates	Read   124,000,000 records.  Elapsed time: 00:25:11s.  Time for last 1,000,000:   12s.  Last read position: chr19:43,092,977
INFO	2016-05-16 03:19:10	MarkDuplicates	Tracking 62048 as yet unmatched pairs. 6746 records in RAM.
INFO	2016-05-16 03:19:18	MarkDuplicates	Read   125,000,000 records.  Elapsed time: 00:25:18s.  Time for last 1,000,000:    7s.  Last read position: chr19:49,632,014
INFO	2016-05-16 03:19:18	MarkDuplicates	Tracking 59603 as yet unmatched pairs. 4040 records in RAM.
INFO	2016-05-16 03:19:25	MarkDuplicates	Read   126,000,000 records.  Elapsed time: 00:25:26s.  Time for last 1,000,000:    7s.  Last read position: chr19:55,085,607
INFO	2016-05-16 03:19:25	MarkDuplicates	Tracking 57587 as yet unmatched pairs. 1789 records in RAM.
INFO	2016-05-16 03:19:35	MarkDuplicates	Read   127,000,000 records.  Elapsed time: 00:25:36s.  Time for last 1,000,000:   10s.  Last read position: chr20:2,847,046
INFO	2016-05-16 03:19:35	MarkDuplicates	Tracking 55569 as yet unmatched pairs. 10633 records in RAM.
INFO	2016-05-16 03:19:44	MarkDuplicates	Read   128,000,000 records.  Elapsed time: 00:25:45s.  Time for last 1,000,000:    8s.  Last read position: chr20:30,914,512
INFO	2016-05-16 03:19:44	MarkDuplicates	Tracking 52403 as yet unmatched pairs. 6567 records in RAM.
INFO	2016-05-16 03:19:59	MarkDuplicates	Read   129,000,000 records.  Elapsed time: 00:26:00s.  Time for last 1,000,000:   14s.  Last read position: chr20:43,940,534
INFO	2016-05-16 03:19:59	MarkDuplicates	Tracking 49639 as yet unmatched pairs. 3567 records in RAM.
INFO	2016-05-16 03:20:33	MarkDuplicates	Read   130,000,000 records.  Elapsed time: 00:26:34s.  Time for last 1,000,000:   34s.  Last read position: chr20:61,488,737
INFO	2016-05-16 03:20:33	MarkDuplicates	Tracking 47172 as yet unmatched pairs. 841 records in RAM.
INFO	2016-05-16 03:20:49	MarkDuplicates	Read   131,000,000 records.  Elapsed time: 00:26:50s.  Time for last 1,000,000:   15s.  Last read position: chr21:38,126,383
INFO	2016-05-16 03:20:49	MarkDuplicates	Tracking 41114 as yet unmatched pairs. 2247 records in RAM.
INFO	2016-05-16 03:21:00	MarkDuplicates	Read   132,000,000 records.  Elapsed time: 00:27:01s.  Time for last 1,000,000:   10s.  Last read position: chr22:19,918,542
INFO	2016-05-16 03:21:00	MarkDuplicates	Tracking 38354 as yet unmatched pairs. 7461 records in RAM.
INFO	2016-05-16 03:21:08	MarkDuplicates	Read   133,000,000 records.  Elapsed time: 00:27:09s.  Time for last 1,000,000:    8s.  Last read position: chr22:31,493,068
INFO	2016-05-16 03:21:08	MarkDuplicates	Tracking 36045 as yet unmatched pairs. 5014 records in RAM.
INFO	2016-05-16 03:21:15	MarkDuplicates	Read   134,000,000 records.  Elapsed time: 00:27:16s.  Time for last 1,000,000:    6s.  Last read position: chr22:42,392,813
INFO	2016-05-16 03:21:15	MarkDuplicates	Tracking 33193 as yet unmatched pairs. 2020 records in RAM.
INFO	2016-05-16 03:21:28	MarkDuplicates	Read   135,000,000 records.  Elapsed time: 00:27:28s.  Time for last 1,000,000:   12s.  Last read position: chrX:13,798,991
INFO	2016-05-16 03:21:28	MarkDuplicates	Tracking 29483 as yet unmatched pairs. 22097 records in RAM.
INFO	2016-05-16 03:21:33	MarkDuplicates	Read   136,000,000 records.  Elapsed time: 00:27:34s.  Time for last 1,000,000:    5s.  Last read position: chrX:44,919,828
INFO	2016-05-16 03:21:33	MarkDuplicates	Tracking 25064 as yet unmatched pairs. 17657 records in RAM.
INFO	2016-05-16 03:21:42	MarkDuplicates	Read   137,000,000 records.  Elapsed time: 00:27:42s.  Time for last 1,000,000:    8s.  Last read position: chrX:64,753,528
INFO	2016-05-16 03:21:42	MarkDuplicates	Tracking 21582 as yet unmatched pairs. 14148 records in RAM.
INFO	2016-05-16 03:21:50	MarkDuplicates	Read   138,000,000 records.  Elapsed time: 00:27:51s.  Time for last 1,000,000:    8s.  Last read position: chrX:100,417,769
INFO	2016-05-16 03:21:50	MarkDuplicates	Tracking 16674 as yet unmatched pairs. 9215 records in RAM.
INFO	2016-05-16 03:22:04	MarkDuplicates	Read   139,000,000 records.  Elapsed time: 00:28:05s.  Time for last 1,000,000:   13s.  Last read position: chrX:127,585,065
INFO	2016-05-16 03:22:04	MarkDuplicates	Tracking 12418 as yet unmatched pairs. 4939 records in RAM.
INFO	2016-05-16 03:22:10	MarkDuplicates	Read   140,000,000 records.  Elapsed time: 00:28:11s.  Time for last 1,000,000:    6s.  Last read position: chrX:153,228,842
INFO	2016-05-16 03:22:10	MarkDuplicates	Tracking 8232 as yet unmatched pairs. 736 records in RAM.
INFO	2016-05-16 03:22:13	MarkDuplicates	Read 140275622 records. 0 pairs never matched.
INFO	2016-05-16 03:23:57	MarkDuplicates	After buildSortedReadEndLists freeMemory: 9471974112; totalMemory: 9563537408; maxMemory: 13362528256
INFO	2016-05-16 03:23:57	MarkDuplicates	Will retain up to 417579008 duplicate indices before spilling to disk.
INFO	2016-05-16 03:23:58	MarkDuplicates	Traversing read pair information and detecting duplicates.
INFO	2016-05-16 03:25:25	MarkDuplicates	Traversing fragment information and detecting duplicates.
INFO	2016-05-16 03:28:44	MarkDuplicates	Sorting list of duplicate records.
INFO	2016-05-16 03:28:46	MarkDuplicates	After generateDuplicateIndexes freeMemory: 6274394592; totalMemory: 9702998016; maxMemory: 13362528256
INFO	2016-05-16 03:28:46	MarkDuplicates	Marking 15331220 records as duplicates.
INFO	2016-05-16 03:28:46	MarkDuplicates	Found 2688 optical duplicate clusters.
INFO	2016-05-16 03:28:47	MarkDuplicates	Reads are assumed to be ordered by: coordinate
INFO	2016-05-16 03:31:46	MarkDuplicates	Written    10,000,000 records.  Elapsed time: 00:02:55s.  Time for last 10,000,000:  175s.  Last read position: chr1:169,764,203
INFO	2016-05-16 03:34:58	MarkDuplicates	Written    20,000,000 records.  Elapsed time: 00:06:07s.  Time for last 10,000,000:  191s.  Last read position: chr2:162,197,333
INFO	2016-05-16 03:38:07	MarkDuplicates	Written    30,000,000 records.  Elapsed time: 00:09:17s.  Time for last 10,000,000:  189s.  Last read position: chr3:126,161,207
INFO	2016-05-16 03:41:07	MarkDuplicates	Written    40,000,000 records.  Elapsed time: 00:12:16s.  Time for last 10,000,000:  179s.  Last read position: chr5:53,752,194
INFO	2016-05-16 03:43:49	MarkDuplicates	Written    50,000,000 records.  Elapsed time: 00:14:59s.  Time for last 10,000,000:  162s.  Last read position: chr6:90,458,992
INFO	2016-05-16 03:46:37	MarkDuplicates	Written    60,000,000 records.  Elapsed time: 00:17:47s.  Time for last 10,000,000:  167s.  Last read position: chr8:19,687,952
INFO	2016-05-16 03:49:21	MarkDuplicates	Written    70,000,000 records.  Elapsed time: 00:20:30s.  Time for last 10,000,000:  163s.  Last read position: chr10:468,939
INFO	2016-05-16 03:52:30	MarkDuplicates	Written    80,000,000 records.  Elapsed time: 00:23:39s.  Time for last 10,000,000:  188s.  Last read position: chr11:64,981,707
INFO	2016-05-16 03:54:46	MarkDuplicates	Written    90,000,000 records.  Elapsed time: 00:25:55s.  Time for last 10,000,000:  136s.  Last read position: chr12:112,512,423
INFO	2016-05-16 03:57:27	MarkDuplicates	Written   100,000,000 records.  Elapsed time: 00:28:37s.  Time for last 10,000,000:  161s.  Last read position: chr15:43,996,046
INFO	2016-05-16 03:59:50	MarkDuplicates	Written   110,000,000 records.  Elapsed time: 00:30:59s.  Time for last 10,000,000:  142s.  Last read position: chr17:7,727,530
INFO	2016-05-16 04:03:03	MarkDuplicates	Written   120,000,000 records.  Elapsed time: 00:34:13s.  Time for last 10,000,000:  193s.  Last read position: chr19:7,992,927
INFO	2016-05-16 04:05:41	MarkDuplicates	Written   130,000,000 records.  Elapsed time: 00:36:50s.  Time for last 10,000,000:  157s.  Last read position: chr20:61,488,737
INFO	2016-05-16 04:08:31	MarkDuplicates	Written   140,000,000 records.  Elapsed time: 00:39:41s.  Time for last 10,000,000:  170s.  Last read position: chrX:153,228,842
INFO	2016-05-16 04:08:43	MarkDuplicates	Before output close freeMemory: 9826460456; totalMemory: 9926868992; maxMemory: 13362528256
INFO	2016-05-16 04:08:44	MarkDuplicates	After output close freeMemory: 9834323824; totalMemory: 9934733312; maxMemory: 13362528256
[Mon May 16 04:08:44 EDT 2016] picard.sam.markduplicates.MarkDuplicates done. Elapsed time: 74.76 minutes.
Runtime.totalMemory()=9934733312
[Mon May 16 04:08:46 EDT 2016] picard.sam.AddOrReplaceReadGroups INPUT=p_DS_bkm_114-N/p_DS_bkm_114-N.sorted.MarkDup.bam OUTPUT=p_DS_bkm_114-N/p_DS_bkm_114-N.sorted.MarkDup.fixed.bam SORT_ORDER=coordinate RGID=id RGLB=bar RGPL=Illumina RGPU=platform RGSM=sample1 TMP_DIR=[tmp] VALIDATION_STRINGENCY=SILENT CREATE_INDEX=true    VERBOSITY=INFO QUIET=false COMPRESSION_LEVEL=5 MAX_RECORDS_IN_RAM=500000 CREATE_MD5_FILE=false GA4GH_CLIENT_SECRETS=client_secrets.json
[Mon May 16 04:08:46 EDT 2016] Executing as abdelrahman@compute-1-5.local on Linux 2.6.32-279.14.1.el6.x86_64 amd64; Java HotSpot(TM) 64-Bit Server VM 1.8.0_45-b14; Picard version: 2.3.0(9a00c87b7ffdb01cfb5a0d6e76556146196babb8_1463071327) IntelDeflater
INFO	2016-05-16 04:08:47	AddOrReplaceReadGroups	Created read group ID=id PL=Illumina LB=bar SM=sample1

INFO	2016-05-16 04:09:01	AddOrReplaceReadGroups	Processed     1,000,000 records.  Elapsed time: 00:00:14s.  Time for last 1,000,000:   14s.  Last read position: chr1:11,740,343
INFO	2016-05-16 04:09:16	AddOrReplaceReadGroups	Processed     2,000,000 records.  Elapsed time: 00:00:28s.  Time for last 1,000,000:   14s.  Last read position: chr1:23,409,833
INFO	2016-05-16 04:09:30	AddOrReplaceReadGroups	Processed     3,000,000 records.  Elapsed time: 00:00:42s.  Time for last 1,000,000:   14s.  Last read position: chr1:34,046,362
INFO	2016-05-16 04:09:44	AddOrReplaceReadGroups	Processed     4,000,000 records.  Elapsed time: 00:00:56s.  Time for last 1,000,000:   13s.  Last read position: chr1:44,450,486
INFO	2016-05-16 04:10:04	AddOrReplaceReadGroups	Processed     5,000,000 records.  Elapsed time: 00:01:16s.  Time for last 1,000,000:   19s.  Last read position: chr1:62,588,647
INFO	2016-05-16 04:10:19	AddOrReplaceReadGroups	Processed     6,000,000 records.  Elapsed time: 00:01:31s.  Time for last 1,000,000:   14s.  Last read position: chr1:92,185,451
INFO	2016-05-16 04:10:42	AddOrReplaceReadGroups	Processed     7,000,000 records.  Elapsed time: 00:01:54s.  Time for last 1,000,000:   23s.  Last read position: chr1:114,437,453
INFO	2016-05-16 04:11:01	AddOrReplaceReadGroups	Processed     8,000,000 records.  Elapsed time: 00:02:13s.  Time for last 1,000,000:   19s.  Last read position: chr1:151,381,039
INFO	2016-05-16 04:11:15	AddOrReplaceReadGroups	Processed     9,000,000 records.  Elapsed time: 00:02:27s.  Time for last 1,000,000:   13s.  Last read position: chr1:156,811,214
INFO	2016-05-16 04:11:29	AddOrReplaceReadGroups	Processed    10,000,000 records.  Elapsed time: 00:02:42s.  Time for last 1,000,000:   14s.  Last read position: chr1:169,764,203
INFO	2016-05-16 04:11:51	AddOrReplaceReadGroups	Processed    11,000,000 records.  Elapsed time: 00:03:03s.  Time for last 1,000,000:   21s.  Last read position: chr1:191,940,263
INFO	2016-05-16 04:12:12	AddOrReplaceReadGroups	Processed    12,000,000 records.  Elapsed time: 00:03:24s.  Time for last 1,000,000:   20s.  Last read position: chr1:207,755,424
INFO	2016-05-16 04:12:27	AddOrReplaceReadGroups	Processed    13,000,000 records.  Elapsed time: 00:03:39s.  Time for last 1,000,000:   15s.  Last read position: chr1:228,680,791
INFO	2016-05-16 04:12:46	AddOrReplaceReadGroups	Processed    14,000,000 records.  Elapsed time: 00:03:58s.  Time for last 1,000,000:   19s.  Last read position: chr2:1,657,411
INFO	2016-05-16 04:13:00	AddOrReplaceReadGroups	Processed    15,000,000 records.  Elapsed time: 00:04:13s.  Time for last 1,000,000:   14s.  Last read position: chr2:27,463,812
INFO	2016-05-16 04:13:15	AddOrReplaceReadGroups	Processed    16,000,000 records.  Elapsed time: 00:04:27s.  Time for last 1,000,000:   14s.  Last read position: chr2:45,530,563
INFO	2016-05-16 04:13:29	AddOrReplaceReadGroups	Processed    17,000,000 records.  Elapsed time: 00:04:41s.  Time for last 1,000,000:   13s.  Last read position: chr2:72,960,240
INFO	2016-05-16 04:13:48	AddOrReplaceReadGroups	Processed    18,000,000 records.  Elapsed time: 00:05:00s.  Time for last 1,000,000:   19s.  Last read position: chr2:98,350,134
INFO	2016-05-16 04:14:02	AddOrReplaceReadGroups	Processed    19,000,000 records.  Elapsed time: 00:05:14s.  Time for last 1,000,000:   13s.  Last read position: chr2:128,394,472
INFO	2016-05-16 04:14:24	AddOrReplaceReadGroups	Processed    20,000,000 records.  Elapsed time: 00:05:36s.  Time for last 1,000,000:   22s.  Last read position: chr2:162,197,333
INFO	2016-05-16 04:14:39	AddOrReplaceReadGroups	Processed    21,000,000 records.  Elapsed time: 00:05:51s.  Time for last 1,000,000:   14s.  Last read position: chr2:179,457,528
INFO	2016-05-16 04:14:58	AddOrReplaceReadGroups	Processed    22,000,000 records.  Elapsed time: 00:06:10s.  Time for last 1,000,000:   18s.  Last read position: chr2:202,027,723
INFO	2016-05-16 04:15:11	AddOrReplaceReadGroups	Processed    23,000,000 records.  Elapsed time: 00:06:23s.  Time for last 1,000,000:   13s.  Last read position: chr2:220,033,389
INFO	2016-05-16 04:15:31	AddOrReplaceReadGroups	Processed    24,000,000 records.  Elapsed time: 00:06:44s.  Time for last 1,000,000:   20s.  Last read position: chr2:238,253,398
INFO	2016-05-16 04:15:52	AddOrReplaceReadGroups	Processed    25,000,000 records.  Elapsed time: 00:07:04s.  Time for last 1,000,000:   20s.  Last read position: chr3:13,190,488
INFO	2016-05-16 04:16:07	AddOrReplaceReadGroups	Processed    26,000,000 records.  Elapsed time: 00:07:19s.  Time for last 1,000,000:   14s.  Last read position: chr3:39,175,639
INFO	2016-05-16 04:16:28	AddOrReplaceReadGroups	Processed    27,000,000 records.  Elapsed time: 00:07:41s.  Time for last 1,000,000:   21s.  Last read position: chr3:49,152,666
INFO	2016-05-16 04:16:45	AddOrReplaceReadGroups	Processed    28,000,000 records.  Elapsed time: 00:07:57s.  Time for last 1,000,000:   16s.  Last read position: chr3:57,356,477
INFO	2016-05-16 04:17:01	AddOrReplaceReadGroups	Processed    29,000,000 records.  Elapsed time: 00:08:14s.  Time for last 1,000,000:   16s.  Last read position: chr3:107,096,615
INFO	2016-05-16 04:17:14	AddOrReplaceReadGroups	Processed    30,000,000 records.  Elapsed time: 00:08:27s.  Time for last 1,000,000:   13s.  Last read position: chr3:126,161,207
INFO	2016-05-16 04:17:34	AddOrReplaceReadGroups	Processed    31,000,000 records.  Elapsed time: 00:08:47s.  Time for last 1,000,000:   19s.  Last read position: chr3:146,177,421
INFO	2016-05-16 04:17:50	AddOrReplaceReadGroups	Processed    32,000,000 records.  Elapsed time: 00:09:02s.  Time for last 1,000,000:   15s.  Last read position: chr3:182,740,330
INFO	2016-05-16 04:18:10	AddOrReplaceReadGroups	Processed    33,000,000 records.  Elapsed time: 00:09:23s.  Time for last 1,000,000:   20s.  Last read position: chr4:882,801
INFO	2016-05-16 04:18:33	AddOrReplaceReadGroups	Processed    34,000,000 records.  Elapsed time: 00:09:45s.  Time for last 1,000,000:   22s.  Last read position: chr4:25,674,684
INFO	2016-05-16 04:18:47	AddOrReplaceReadGroups	Processed    35,000,000 records.  Elapsed time: 00:09:59s.  Time for last 1,000,000:   14s.  Last read position: chr4:68,376,844
INFO	2016-05-16 04:19:12	AddOrReplaceReadGroups	Processed    36,000,000 records.  Elapsed time: 00:10:25s.  Time for last 1,000,000:   25s.  Last read position: chr4:89,589,524
INFO	2016-05-16 04:19:28	AddOrReplaceReadGroups	Processed    37,000,000 records.  Elapsed time: 00:10:40s.  Time for last 1,000,000:   15s.  Last read position: chr4:123,274,284
INFO	2016-05-16 04:19:46	AddOrReplaceReadGroups	Processed    38,000,000 records.  Elapsed time: 00:10:59s.  Time for last 1,000,000:   18s.  Last read position: chr4:164,069,425
INFO	2016-05-16 04:20:01	AddOrReplaceReadGroups	Processed    39,000,000 records.  Elapsed time: 00:11:14s.  Time for last 1,000,000:   15s.  Last read position: chr5:10,393,915
INFO	2016-05-16 04:20:19	AddOrReplaceReadGroups	Processed    40,000,000 records.  Elapsed time: 00:11:31s.  Time for last 1,000,000:   17s.  Last read position: chr5:53,752,194
INFO	2016-05-16 04:20:34	AddOrReplaceReadGroups	Processed    41,000,000 records.  Elapsed time: 00:11:46s.  Time for last 1,000,000:   14s.  Last read position: chr5:79,733,583
INFO	2016-05-16 04:20:52	AddOrReplaceReadGroups	Processed    42,000,000 records.  Elapsed time: 00:12:04s.  Time for last 1,000,000:   17s.  Last read position: chr5:123,976,949
INFO	2016-05-16 04:21:05	AddOrReplaceReadGroups	Processed    43,000,000 records.  Elapsed time: 00:12:17s.  Time for last 1,000,000:   13s.  Last read position: chr5:140,431,961
INFO	2016-05-16 04:21:20	AddOrReplaceReadGroups	Processed    44,000,000 records.  Elapsed time: 00:12:33s.  Time for last 1,000,000:   15s.  Last read position: chr5:153,835,567
INFO	2016-05-16 04:21:34	AddOrReplaceReadGroups	Processed    45,000,000 records.  Elapsed time: 00:12:46s.  Time for last 1,000,000:   13s.  Last read position: chr5:178,460,228
INFO	2016-05-16 04:21:46	AddOrReplaceReadGroups	Processed    46,000,000 records.  Elapsed time: 00:12:59s.  Time for last 1,000,000:   12s.  Last read position: chr6:24,843,310
INFO	2016-05-16 04:22:01	AddOrReplaceReadGroups	Processed    47,000,000 records.  Elapsed time: 00:13:13s.  Time for last 1,000,000:   14s.  Last read position: chr6:31,760,205
INFO	2016-05-16 04:22:14	AddOrReplaceReadGroups	Processed    48,000,000 records.  Elapsed time: 00:13:27s.  Time for last 1,000,000:   13s.  Last read position: chr6:39,387,718
INFO	2016-05-16 04:22:27	AddOrReplaceReadGroups	Processed    49,000,000 records.  Elapsed time: 00:13:40s.  Time for last 1,000,000:   12s.  Last read position: chr6:55,196,541
INFO	2016-05-16 04:22:42	AddOrReplaceReadGroups	Processed    50,000,000 records.  Elapsed time: 00:13:54s.  Time for last 1,000,000:   14s.  Last read position: chr6:90,458,992
INFO	2016-05-16 04:22:54	AddOrReplaceReadGroups	Processed    51,000,000 records.  Elapsed time: 00:14:07s.  Time for last 1,000,000:   12s.  Last read position: chr6:127,476,456
INFO	2016-05-16 04:23:24	AddOrReplaceReadGroups	Processed    52,000,000 records.  Elapsed time: 00:14:37s.  Time for last 1,000,000:   30s.  Last read position: chr6:152,555,036
INFO	2016-05-16 04:23:41	AddOrReplaceReadGroups	Processed    53,000,000 records.  Elapsed time: 00:14:54s.  Time for last 1,000,000:   16s.  Last read position: chr7:4,259,932
INFO	2016-05-16 04:23:55	AddOrReplaceReadGroups	Processed    54,000,000 records.  Elapsed time: 00:15:07s.  Time for last 1,000,000:   13s.  Last read position: chr7:32,909,774
INFO	2016-05-16 04:24:10	AddOrReplaceReadGroups	Processed    55,000,000 records.  Elapsed time: 00:15:22s.  Time for last 1,000,000:   14s.  Last read position: chr7:70,231,083
INFO	2016-05-16 04:24:29	AddOrReplaceReadGroups	Processed    56,000,000 records.  Elapsed time: 00:15:41s.  Time for last 1,000,000:   19s.  Last read position: chr7:96,639,061
INFO	2016-05-16 04:24:50	AddOrReplaceReadGroups	Processed    57,000,000 records.  Elapsed time: 00:16:02s.  Time for last 1,000,000:   20s.  Last read position: chr7:105,987,337
INFO	2016-05-16 04:25:03	AddOrReplaceReadGroups	Processed    58,000,000 records.  Elapsed time: 00:16:16s.  Time for last 1,000,000:   13s.  Last read position: chr7:133,876,365
INFO	2016-05-16 04:25:18	AddOrReplaceReadGroups	Processed    59,000,000 records.  Elapsed time: 00:16:31s.  Time for last 1,000,000:   14s.  Last read position: chr7:150,500,457
INFO	2016-05-16 04:25:32	AddOrReplaceReadGroups	Processed    60,000,000 records.  Elapsed time: 00:16:44s.  Time for last 1,000,000:   13s.  Last read position: chr8:19,687,952
INFO	2016-05-16 04:25:56	AddOrReplaceReadGroups	Processed    61,000,000 records.  Elapsed time: 00:17:08s.  Time for last 1,000,000:   23s.  Last read position: chr8:39,581,112
INFO	2016-05-16 04:26:11	AddOrReplaceReadGroups	Processed    62,000,000 records.  Elapsed time: 00:17:23s.  Time for last 1,000,000:   15s.  Last read position: chr8:74,912,026
INFO	2016-05-16 04:26:30	AddOrReplaceReadGroups	Processed    63,000,000 records.  Elapsed time: 00:17:43s.  Time for last 1,000,000:   19s.  Last read position: chr8:110,453,329
INFO	2016-05-16 04:26:44	AddOrReplaceReadGroups	Processed    64,000,000 records.  Elapsed time: 00:17:56s.  Time for last 1,000,000:   13s.  Last read position: chr8:144,802,437
INFO	2016-05-16 04:27:01	AddOrReplaceReadGroups	Processed    65,000,000 records.  Elapsed time: 00:18:13s.  Time for last 1,000,000:   17s.  Last read position: chr9:21,326,977
INFO	2016-05-16 04:27:14	AddOrReplaceReadGroups	Processed    66,000,000 records.  Elapsed time: 00:18:26s.  Time for last 1,000,000:   13s.  Last read position: chr9:72,926,209
INFO	2016-05-16 04:27:28	AddOrReplaceReadGroups	Processed    67,000,000 records.  Elapsed time: 00:18:40s.  Time for last 1,000,000:   13s.  Last read position: chr9:100,317,790
INFO	2016-05-16 04:27:41	AddOrReplaceReadGroups	Processed    68,000,000 records.  Elapsed time: 00:18:53s.  Time for last 1,000,000:   12s.  Last read position: chr9:123,313,091
INFO	2016-05-16 04:27:58	AddOrReplaceReadGroups	Processed    69,000,000 records.  Elapsed time: 00:19:10s.  Time for last 1,000,000:   17s.  Last read position: chr9:133,805,087
INFO	2016-05-16 04:28:14	AddOrReplaceReadGroups	Processed    70,000,000 records.  Elapsed time: 00:19:26s.  Time for last 1,000,000:   15s.  Last read position: chr10:468,939
INFO	2016-05-16 04:28:34	AddOrReplaceReadGroups	Processed    71,000,000 records.  Elapsed time: 00:19:46s.  Time for last 1,000,000:   20s.  Last read position: chr10:28,970,258
INFO	2016-05-16 04:29:08	AddOrReplaceReadGroups	Processed    72,000,000 records.  Elapsed time: 00:20:20s.  Time for last 1,000,000:   34s.  Last read position: chr10:67,679,880
INFO	2016-05-16 04:29:25	AddOrReplaceReadGroups	Processed    73,000,000 records.  Elapsed time: 00:20:37s.  Time for last 1,000,000:   16s.  Last read position: chr10:88,635,737
INFO	2016-05-16 04:29:43	AddOrReplaceReadGroups	Processed    74,000,000 records.  Elapsed time: 00:20:55s.  Time for last 1,000,000:   18s.  Last read position: chr10:102,777,178
INFO	2016-05-16 04:29:56	AddOrReplaceReadGroups	Processed    75,000,000 records.  Elapsed time: 00:21:08s.  Time for last 1,000,000:   12s.  Last read position: chr10:122,626,596
INFO	2016-05-16 04:30:14	AddOrReplaceReadGroups	Processed    76,000,000 records.  Elapsed time: 00:21:26s.  Time for last 1,000,000:   18s.  Last read position: chr11:1,482,000
INFO	2016-05-16 04:30:28	AddOrReplaceReadGroups	Processed    77,000,000 records.  Elapsed time: 00:21:40s.  Time for last 1,000,000:   13s.  Last read position: chr11:10,328,180
INFO	2016-05-16 04:30:49	AddOrReplaceReadGroups	Processed    78,000,000 records.  Elapsed time: 00:22:01s.  Time for last 1,000,000:   20s.  Last read position: chr11:36,248,822
INFO	2016-05-16 04:31:05	AddOrReplaceReadGroups	Processed    79,000,000 records.  Elapsed time: 00:22:17s.  Time for last 1,000,000:   16s.  Last read position: chr11:59,344,053
INFO	2016-05-16 04:31:20	AddOrReplaceReadGroups	Processed    80,000,000 records.  Elapsed time: 00:22:32s.  Time for last 1,000,000:   14s.  Last read position: chr11:64,981,707
INFO	2016-05-16 04:31:43	AddOrReplaceReadGroups	Processed    81,000,000 records.  Elapsed time: 00:22:56s.  Time for last 1,000,000:   23s.  Last read position: chr11:72,470,391
INFO	2016-05-16 04:31:59	AddOrReplaceReadGroups	Processed    82,000,000 records.  Elapsed time: 00:23:11s.  Time for last 1,000,000:   15s.  Last read position: chr11:100,978,965
INFO	2016-05-16 04:32:17	AddOrReplaceReadGroups	Processed    83,000,000 records.  Elapsed time: 00:23:30s.  Time for last 1,000,000:   18s.  Last read position: chr11:118,642,571
INFO	2016-05-16 04:32:31	AddOrReplaceReadGroups	Processed    84,000,000 records.  Elapsed time: 00:23:44s.  Time for last 1,000,000:   13s.  Last read position: chr12:459,799
INFO	2016-05-16 04:32:50	AddOrReplaceReadGroups	Processed    85,000,000 records.  Elapsed time: 00:24:02s.  Time for last 1,000,000:   18s.  Last read position: chr12:11,463,174
INFO	2016-05-16 04:33:11	AddOrReplaceReadGroups	Processed    86,000,000 records.  Elapsed time: 00:24:23s.  Time for last 1,000,000:   21s.  Last read position: chr12:43,846,292
INFO	2016-05-16 04:33:26	AddOrReplaceReadGroups	Processed    87,000,000 records.  Elapsed time: 00:24:39s.  Time for last 1,000,000:   15s.  Last read position: chr12:53,589,641
INFO	2016-05-16 04:33:47	AddOrReplaceReadGroups	Processed    88,000,000 records.  Elapsed time: 00:24:59s.  Time for last 1,000,000:   20s.  Last read position: chr12:59,271,295
INFO	2016-05-16 04:34:02	AddOrReplaceReadGroups	Processed    89,000,000 records.  Elapsed time: 00:25:15s.  Time for last 1,000,000:   15s.  Last read position: chr12:96,131,699
INFO	2016-05-16 04:34:20	AddOrReplaceReadGroups	Processed    90,000,000 records.  Elapsed time: 00:25:32s.  Time for last 1,000,000:   17s.  Last read position: chr12:112,512,423
INFO	2016-05-16 04:34:35	AddOrReplaceReadGroups	Processed    91,000,000 records.  Elapsed time: 00:25:47s.  Time for last 1,000,000:   14s.  Last read position: chr12:125,609,554
INFO	2016-05-16 04:34:55	AddOrReplaceReadGroups	Processed    92,000,000 records.  Elapsed time: 00:26:08s.  Time for last 1,000,000:   20s.  Last read position: chr13:33,017,205
INFO	2016-05-16 04:35:14	AddOrReplaceReadGroups	Processed    93,000,000 records.  Elapsed time: 00:26:26s.  Time for last 1,000,000:   18s.  Last read position: chr13:75,930,217
INFO	2016-05-16 04:35:36	AddOrReplaceReadGroups	Processed    94,000,000 records.  Elapsed time: 00:26:48s.  Time for last 1,000,000:   21s.  Last read position: chr13:114,776,380
INFO	2016-05-16 04:36:00	AddOrReplaceReadGroups	Processed    95,000,000 records.  Elapsed time: 00:27:12s.  Time for last 1,000,000:   24s.  Last read position: chr14:24,906,258
INFO	2016-05-16 04:36:18	AddOrReplaceReadGroups	Processed    96,000,000 records.  Elapsed time: 00:27:30s.  Time for last 1,000,000:   17s.  Last read position: chr14:58,934,483
INFO	2016-05-16 04:36:44	AddOrReplaceReadGroups	Processed    97,000,000 records.  Elapsed time: 00:27:56s.  Time for last 1,000,000:   26s.  Last read position: chr14:76,045,782
INFO	2016-05-16 04:37:03	AddOrReplaceReadGroups	Processed    98,000,000 records.  Elapsed time: 00:28:15s.  Time for last 1,000,000:   18s.  Last read position: chr14:101,506,636
INFO	2016-05-16 04:37:20	AddOrReplaceReadGroups	Processed    99,000,000 records.  Elapsed time: 00:28:32s.  Time for last 1,000,000:   17s.  Last read position: chr15:33,938,533
INFO	2016-05-16 04:37:39	AddOrReplaceReadGroups	Processed   100,000,000 records.  Elapsed time: 00:28:51s.  Time for last 1,000,000:   19s.  Last read position: chr15:43,996,046
INFO	2016-05-16 04:37:54	AddOrReplaceReadGroups	Processed   101,000,000 records.  Elapsed time: 00:29:06s.  Time for last 1,000,000:   15s.  Last read position: chr15:63,088,284
INFO	2016-05-16 04:38:14	AddOrReplaceReadGroups	Processed   102,000,000 records.  Elapsed time: 00:29:26s.  Time for last 1,000,000:   20s.  Last read position: chr15:76,301,555
INFO	2016-05-16 04:38:44	AddOrReplaceReadGroups	Processed   103,000,000 records.  Elapsed time: 00:29:57s.  Time for last 1,000,000:   30s.  Last read position: chr15:93,567,758
INFO	2016-05-16 04:39:00	AddOrReplaceReadGroups	Processed   104,000,000 records.  Elapsed time: 00:30:13s.  Time for last 1,000,000:   15s.  Last read position: chr16:3,265,623
INFO	2016-05-16 04:39:19	AddOrReplaceReadGroups	Processed   105,000,000 records.  Elapsed time: 00:30:32s.  Time for last 1,000,000:   19s.  Last read position: chr16:21,272,636
INFO	2016-05-16 04:39:34	AddOrReplaceReadGroups	Processed   106,000,000 records.  Elapsed time: 00:30:46s.  Time for last 1,000,000:   14s.  Last read position: chr16:31,437,352
INFO	2016-05-16 04:39:53	AddOrReplaceReadGroups	Processed   107,000,000 records.  Elapsed time: 00:31:05s.  Time for last 1,000,000:   19s.  Last read position: chr16:66,946,963
INFO	2016-05-16 04:40:08	AddOrReplaceReadGroups	Processed   108,000,000 records.  Elapsed time: 00:31:20s.  Time for last 1,000,000:   14s.  Last read position: chr16:75,512,669
INFO	2016-05-16 04:40:23	AddOrReplaceReadGroups	Processed   109,000,000 records.  Elapsed time: 00:31:35s.  Time for last 1,000,000:   14s.  Last read position: chr17:1,985,101
INFO	2016-05-16 04:40:37	AddOrReplaceReadGroups	Processed   110,000,000 records.  Elapsed time: 00:31:49s.  Time for last 1,000,000:   13s.  Last read position: chr17:7,727,530
INFO	2016-05-16 04:40:58	AddOrReplaceReadGroups	Processed   111,000,000 records.  Elapsed time: 00:32:10s.  Time for last 1,000,000:   21s.  Last read position: chr17:19,318,201
INFO	2016-05-16 04:41:11	AddOrReplaceReadGroups	Processed   112,000,000 records.  Elapsed time: 00:32:24s.  Time for last 1,000,000:   13s.  Last read position: chr17:34,398,376
INFO	2016-05-16 04:41:33	AddOrReplaceReadGroups	Processed   113,000,000 records.  Elapsed time: 00:32:46s.  Time for last 1,000,000:   22s.  Last read position: chr17:41,004,701
INFO	2016-05-16 04:42:01	AddOrReplaceReadGroups	Processed   114,000,000 records.  Elapsed time: 00:33:14s.  Time for last 1,000,000:   27s.  Last read position: chr17:49,067,227
INFO	2016-05-16 04:42:14	AddOrReplaceReadGroups	Processed   115,000,000 records.  Elapsed time: 00:33:27s.  Time for last 1,000,000:   12s.  Last read position: chr17:66,202,278
INFO	2016-05-16 04:42:30	AddOrReplaceReadGroups	Processed   116,000,000 records.  Elapsed time: 00:33:42s.  Time for last 1,000,000:   15s.  Last read position: chr17:77,528,878
INFO	2016-05-16 04:42:46	AddOrReplaceReadGroups	Processed   117,000,000 records.  Elapsed time: 00:33:58s.  Time for last 1,000,000:   16s.  Last read position: chr18:12,673,264
INFO	2016-05-16 04:43:00	AddOrReplaceReadGroups	Processed   118,000,000 records.  Elapsed time: 00:34:12s.  Time for last 1,000,000:   13s.  Last read position: chr18:47,566,468
INFO	2016-05-16 04:43:14	AddOrReplaceReadGroups	Processed   119,000,000 records.  Elapsed time: 00:34:26s.  Time for last 1,000,000:   13s.  Last read position: chr19:1,496,420
INFO	2016-05-16 04:43:33	AddOrReplaceReadGroups	Processed   120,000,000 records.  Elapsed time: 00:34:45s.  Time for last 1,000,000:   18s.  Last read position: chr19:7,992,927
INFO	2016-05-16 04:43:53	AddOrReplaceReadGroups	Processed   121,000,000 records.  Elapsed time: 00:35:05s.  Time for last 1,000,000:   20s.  Last read position: chr19:12,996,079
INFO	2016-05-16 04:44:10	AddOrReplaceReadGroups	Processed   122,000,000 records.  Elapsed time: 00:35:22s.  Time for last 1,000,000:   16s.  Last read position: chr19:19,031,357
INFO	2016-05-16 04:44:36	AddOrReplaceReadGroups	Processed   123,000,000 records.  Elapsed time: 00:35:49s.  Time for last 1,000,000:   26s.  Last read position: chr19:37,644,295
INFO	2016-05-16 04:44:52	AddOrReplaceReadGroups	Processed   124,000,000 records.  Elapsed time: 00:36:04s.  Time for last 1,000,000:   15s.  Last read position: chr19:43,092,977
INFO	2016-05-16 04:45:11	AddOrReplaceReadGroups	Processed   125,000,000 records.  Elapsed time: 00:36:23s.  Time for last 1,000,000:   19s.  Last read position: chr19:49,632,014
INFO	2016-05-16 04:45:35	AddOrReplaceReadGroups	Processed   126,000,000 records.  Elapsed time: 00:36:48s.  Time for last 1,000,000:   24s.  Last read position: chr19:55,085,607
INFO	2016-05-16 04:45:51	AddOrReplaceReadGroups	Processed   127,000,000 records.  Elapsed time: 00:37:03s.  Time for last 1,000,000:   15s.  Last read position: chr20:2,847,046
INFO	2016-05-16 04:46:10	AddOrReplaceReadGroups	Processed   128,000,000 records.  Elapsed time: 00:37:22s.  Time for last 1,000,000:   18s.  Last read position: chr20:30,914,512
INFO	2016-05-16 04:46:24	AddOrReplaceReadGroups	Processed   129,000,000 records.  Elapsed time: 00:37:36s.  Time for last 1,000,000:   14s.  Last read position: chr20:43,940,534
INFO	2016-05-16 04:46:47	AddOrReplaceReadGroups	Processed   130,000,000 records.  Elapsed time: 00:38:00s.  Time for last 1,000,000:   23s.  Last read position: chr20:61,488,737
INFO	2016-05-16 04:47:07	AddOrReplaceReadGroups	Processed   131,000,000 records.  Elapsed time: 00:38:19s.  Time for last 1,000,000:   19s.  Last read position: chr21:38,126,383
INFO	2016-05-16 04:47:23	AddOrReplaceReadGroups	Processed   132,000,000 records.  Elapsed time: 00:38:35s.  Time for last 1,000,000:   16s.  Last read position: chr22:19,918,542
INFO	2016-05-16 04:47:46	AddOrReplaceReadGroups	Processed   133,000,000 records.  Elapsed time: 00:38:59s.  Time for last 1,000,000:   23s.  Last read position: chr22:31,493,068
INFO	2016-05-16 04:48:02	AddOrReplaceReadGroups	Processed   134,000,000 records.  Elapsed time: 00:39:15s.  Time for last 1,000,000:   15s.  Last read position: chr22:42,392,813
INFO	2016-05-16 04:48:22	AddOrReplaceReadGroups	Processed   135,000,000 records.  Elapsed time: 00:39:35s.  Time for last 1,000,000:   19s.  Last read position: chrX:13,798,991
INFO	2016-05-16 04:48:37	AddOrReplaceReadGroups	Processed   136,000,000 records.  Elapsed time: 00:39:49s.  Time for last 1,000,000:   14s.  Last read position: chrX:44,919,828
INFO	2016-05-16 04:48:56	AddOrReplaceReadGroups	Processed   137,000,000 records.  Elapsed time: 00:40:08s.  Time for last 1,000,000:   18s.  Last read position: chrX:64,753,528
INFO	2016-05-16 04:49:14	AddOrReplaceReadGroups	Processed   138,000,000 records.  Elapsed time: 00:40:27s.  Time for last 1,000,000:   18s.  Last read position: chrX:100,417,769
INFO	2016-05-16 04:49:30	AddOrReplaceReadGroups	Processed   139,000,000 records.  Elapsed time: 00:40:43s.  Time for last 1,000,000:   16s.  Last read position: chrX:127,585,065
INFO	2016-05-16 04:49:45	AddOrReplaceReadGroups	Processed   140,000,000 records.  Elapsed time: 00:40:57s.  Time for last 1,000,000:   14s.  Last read position: chrX:153,228,842
[Mon May 16 04:50:00 EDT 2016] picard.sam.AddOrReplaceReadGroups done. Elapsed time: 41.24 minutes.
Runtime.totalMemory()=881328128
[Mon May 16 04:50:02 EDT 2016] picard.sam.FixMateInformation INPUT=[p_DS_bkm_114-N/p_DS_bkm_114-N.sorted.MarkDup.fixed.bam] OUTPUT=p_DS_bkm_114-N/p_DS_bkm_114-N.sorted.MarkDup.realn.fixed.bam SORT_ORDER=coordinate TMP_DIR=[tmp/flx] VALIDATION_STRINGENCY=LENIENT CREATE_INDEX=true    ASSUME_SORTED=false ADD_MATE_CIGAR=true IGNORE_MISSING_MATES=true VERBOSITY=INFO QUIET=false COMPRESSION_LEVEL=5 MAX_RECORDS_IN_RAM=500000 CREATE_MD5_FILE=false GA4GH_CLIENT_SECRETS=client_secrets.json
[Mon May 16 04:50:02 EDT 2016] Executing as abdelrahman@compute-1-5.local on Linux 2.6.32-279.14.1.el6.x86_64 amd64; Java HotSpot(TM) 64-Bit Server VM 1.8.0_45-b14; Picard version: 2.3.0(9a00c87b7ffdb01cfb5a0d6e76556146196babb8_1463071327) IntelDeflater
INFO	2016-05-16 04:50:02	FixMateInformation	Sorting input into queryname order.
INFO	2016-05-16 05:24:19	FixMateInformation	Sorting by queryname complete.
INFO	2016-05-16 05:24:19	FixMateInformation	Output will be sorted by coordinate
INFO	2016-05-16 05:24:19	FixMateInformation	Traversing query name sorted records and fixing up mate pair information.
INFO	2016-05-16 05:24:43	FixMateInformation	Processed     1,000,000 records.  Elapsed time: 00:00:24s.  Time for last 1,000,000:   24s.  Last read position: chr7:96,746,993
INFO	2016-05-16 05:25:11	FixMateInformation	Processed     2,000,000 records.  Elapsed time: 00:00:51s.  Time for last 1,000,000:   27s.  Last read position: chr5:176,759,023
INFO	2016-05-16 05:25:31	FixMateInformation	Processed     3,000,000 records.  Elapsed time: 00:01:11s.  Time for last 1,000,000:   20s.  Last read position: chr20:6,011,989
INFO	2016-05-16 05:25:46	FixMateInformation	Processed     4,000,000 records.  Elapsed time: 00:01:27s.  Time for last 1,000,000:   15s.  Last read position: chr17:28,473,541
INFO	2016-05-16 05:26:02	FixMateInformation	Processed     5,000,000 records.  Elapsed time: 00:01:43s.  Time for last 1,000,000:   16s.  Last read position: chr6:168,507,390
INFO	2016-05-16 05:26:16	FixMateInformation	Processed     6,000,000 records.  Elapsed time: 00:01:57s.  Time for last 1,000,000:   13s.  Last read position: chr7:44,148,970
INFO	2016-05-16 05:26:42	FixMateInformation	Processed     7,000,000 records.  Elapsed time: 00:02:23s.  Time for last 1,000,000:   26s.  Last read position: chr18:9,255,519
INFO	2016-05-16 05:26:58	FixMateInformation	Processed     8,000,000 records.  Elapsed time: 00:02:39s.  Time for last 1,000,000:   16s.  Last read position: chr7:100,808,073
INFO	2016-05-16 05:27:19	FixMateInformation	Processed     9,000,000 records.  Elapsed time: 00:03:00s.  Time for last 1,000,000:   20s.  Last read position: chr19:7,607,181
INFO	2016-05-16 05:27:32	FixMateInformation	Processed    10,000,000 records.  Elapsed time: 00:03:13s.  Time for last 1,000,000:   13s.  Last read position: chr9:75,309,363
INFO	2016-05-16 05:27:48	FixMateInformation	Processed    11,000,000 records.  Elapsed time: 00:03:29s.  Time for last 1,000,000:   15s.  Last read position: chr11:5,799,565
INFO	2016-05-16 05:28:07	FixMateInformation	Processed    12,000,000 records.  Elapsed time: 00:03:47s.  Time for last 1,000,000:   18s.  Last read position: chr1:24,124,613
INFO	2016-05-16 05:28:21	FixMateInformation	Processed    13,000,000 records.  Elapsed time: 00:04:01s.  Time for last 1,000,000:   14s.  Last read position: chrX:25,087,653
INFO	2016-05-16 05:28:40	FixMateInformation	Processed    14,000,000 records.  Elapsed time: 00:04:21s.  Time for last 1,000,000:   19s.  Last read position: chr16:31,504,448
INFO	2016-05-16 05:28:55	FixMateInformation	Processed    15,000,000 records.  Elapsed time: 00:04:36s.  Time for last 1,000,000:   15s.  Last read position: chr13:109,792,661
INFO	2016-05-16 05:29:16	FixMateInformation	Processed    16,000,000 records.  Elapsed time: 00:04:57s.  Time for last 1,000,000:   20s.  Last read position: chr1:174,219,679
INFO	2016-05-16 05:29:33	FixMateInformation	Processed    17,000,000 records.  Elapsed time: 00:05:14s.  Time for last 1,000,000:   16s.  Last read position: chr1:31,657,973
INFO	2016-05-16 05:29:53	FixMateInformation	Processed    18,000,000 records.  Elapsed time: 00:05:33s.  Time for last 1,000,000:   19s.  Last read position: chr3:160,119,480
INFO	2016-05-16 05:30:07	FixMateInformation	Processed    19,000,000 records.  Elapsed time: 00:05:48s.  Time for last 1,000,000:   14s.  Last read position: chr10:118,368,479
INFO	2016-05-16 05:30:23	FixMateInformation	Processed    20,000,000 records.  Elapsed time: 00:06:03s.  Time for last 1,000,000:   15s.  Last read position: chr17:73,132,153
INFO	2016-05-16 05:30:40	FixMateInformation	Processed    21,000,000 records.  Elapsed time: 00:06:21s.  Time for last 1,000,000:   17s.  Last read position: chr12:110,939,724
INFO	2016-05-16 05:30:55	FixMateInformation	Processed    22,000,000 records.  Elapsed time: 00:06:35s.  Time for last 1,000,000:   14s.  Last read position: chr1:203,708,948
INFO	2016-05-16 05:31:10	FixMateInformation	Processed    23,000,000 records.  Elapsed time: 00:06:51s.  Time for last 1,000,000:   15s.  Last read position: */*
INFO	2016-05-16 05:31:25	FixMateInformation	Processed    24,000,000 records.  Elapsed time: 00:07:05s.  Time for last 1,000,000:   14s.  Last read position: chrX:153,553,626
INFO	2016-05-16 05:31:41	FixMateInformation	Processed    25,000,000 records.  Elapsed time: 00:07:21s.  Time for last 1,000,000:   16s.  Last read position: chr10:19,377,037
INFO	2016-05-16 05:31:53	FixMateInformation	Processed    26,000,000 records.  Elapsed time: 00:07:34s.  Time for last 1,000,000:   12s.  Last read position: chr12:57,589,837
INFO	2016-05-16 05:32:06	FixMateInformation	Processed    27,000,000 records.  Elapsed time: 00:07:47s.  Time for last 1,000,000:   13s.  Last read position: chr2:187,626,151
INFO	2016-05-16 05:32:24	FixMateInformation	Processed    28,000,000 records.  Elapsed time: 00:08:05s.  Time for last 1,000,000:   17s.  Last read position: chr1:23,418,160
INFO	2016-05-16 05:32:40	FixMateInformation	Processed    29,000,000 records.  Elapsed time: 00:08:20s.  Time for last 1,000,000:   15s.  Last read position: chr3:43,078,655
INFO	2016-05-16 05:32:55	FixMateInformation	Processed    30,000,000 records.  Elapsed time: 00:08:36s.  Time for last 1,000,000:   15s.  Last read position: chrX:47,486,168
INFO	2016-05-16 05:33:08	FixMateInformation	Processed    31,000,000 records.  Elapsed time: 00:08:48s.  Time for last 1,000,000:   12s.  Last read position: chr4:79,351,546
INFO	2016-05-16 05:33:25	FixMateInformation	Processed    32,000,000 records.  Elapsed time: 00:09:05s.  Time for last 1,000,000:   16s.  Last read position: chr1:101,487,265
INFO	2016-05-16 05:33:38	FixMateInformation	Processed    33,000,000 records.  Elapsed time: 00:09:19s.  Time for last 1,000,000:   13s.  Last read position: chr21:28,215,937
INFO	2016-05-16 05:33:58	FixMateInformation	Processed    34,000,000 records.  Elapsed time: 00:09:38s.  Time for last 1,000,000:   19s.  Last read position: chr5:65,084,117
INFO	2016-05-16 05:34:13	FixMateInformation	Processed    35,000,000 records.  Elapsed time: 00:09:54s.  Time for last 1,000,000:   15s.  Last read position: chr12:124,228,700
INFO	2016-05-16 05:34:30	FixMateInformation	Processed    36,000,000 records.  Elapsed time: 00:10:11s.  Time for last 1,000,000:   16s.  Last read position: chr17:79,826,165
INFO	2016-05-16 05:34:46	FixMateInformation	Processed    37,000,000 records.  Elapsed time: 00:10:27s.  Time for last 1,000,000:   16s.  Last read position: chr10:128,834,102
INFO	2016-05-16 05:35:01	FixMateInformation	Processed    38,000,000 records.  Elapsed time: 00:10:41s.  Time for last 1,000,000:   14s.  Last read position: chr16:1,630,730
INFO	2016-05-16 05:35:19	FixMateInformation	Processed    39,000,000 records.  Elapsed time: 00:10:59s.  Time for last 1,000,000:   17s.  Last read position: chr11:68,582,633
INFO	2016-05-16 05:35:35	FixMateInformation	Processed    40,000,000 records.  Elapsed time: 00:11:15s.  Time for last 1,000,000:   16s.  Last read position: chr17:1,786,879
INFO	2016-05-16 05:35:50	FixMateInformation	Processed    41,000,000 records.  Elapsed time: 00:11:30s.  Time for last 1,000,000:   14s.  Last read position: chr2:201,729,001
INFO	2016-05-16 05:36:07	FixMateInformation	Processed    42,000,000 records.  Elapsed time: 00:11:47s.  Time for last 1,000,000:   17s.  Last read position: chr14:76,211,557
INFO	2016-05-16 05:36:23	FixMateInformation	Processed    43,000,000 records.  Elapsed time: 00:12:03s.  Time for last 1,000,000:   16s.  Last read position: chr15:41,862,385
INFO	2016-05-16 05:36:38	FixMateInformation	Processed    44,000,000 records.  Elapsed time: 00:12:19s.  Time for last 1,000,000:   15s.  Last read position: chr4:515,884
INFO	2016-05-16 05:36:52	FixMateInformation	Processed    45,000,000 records.  Elapsed time: 00:12:33s.  Time for last 1,000,000:   14s.  Last read position: chr6:106,553,218
INFO	2016-05-16 05:37:09	FixMateInformation	Processed    46,000,000 records.  Elapsed time: 00:12:50s.  Time for last 1,000,000:   17s.  Last read position: chr19:40,964,318
INFO	2016-05-16 05:37:25	FixMateInformation	Processed    47,000,000 records.  Elapsed time: 00:13:06s.  Time for last 1,000,000:   15s.  Last read position: chr11:67,433,008
INFO	2016-05-16 05:37:42	FixMateInformation	Processed    48,000,000 records.  Elapsed time: 00:13:22s.  Time for last 1,000,000:   16s.  Last read position: chr6:51,875,129
INFO	2016-05-16 05:37:57	FixMateInformation	Processed    49,000,000 records.  Elapsed time: 00:13:37s.  Time for last 1,000,000:   15s.  Last read position: chr17:76,045,692
INFO	2016-05-16 05:38:15	FixMateInformation	Processed    50,000,000 records.  Elapsed time: 00:13:56s.  Time for last 1,000,000:   18s.  Last read position: chr8:41,561,594
INFO	2016-05-16 05:38:32	FixMateInformation	Processed    51,000,000 records.  Elapsed time: 00:14:12s.  Time for last 1,000,000:   16s.  Last read position: chr1:23,637,224
INFO	2016-05-16 05:38:50	FixMateInformation	Processed    52,000,000 records.  Elapsed time: 00:14:30s.  Time for last 1,000,000:   17s.  Last read position: chr15:75,970,873
INFO	2016-05-16 05:39:05	FixMateInformation	Processed    53,000,000 records.  Elapsed time: 00:14:45s.  Time for last 1,000,000:   15s.  Last read position: chr2:135,744,662
INFO	2016-05-16 05:39:21	FixMateInformation	Processed    54,000,000 records.  Elapsed time: 00:15:02s.  Time for last 1,000,000:   16s.  Last read position: chr19:7,075,659
INFO	2016-05-16 05:39:37	FixMateInformation	Processed    55,000,000 records.  Elapsed time: 00:15:17s.  Time for last 1,000,000:   15s.  Last read position: chr2:152,495,611
INFO	2016-05-16 05:39:55	FixMateInformation	Processed    56,000,000 records.  Elapsed time: 00:15:35s.  Time for last 1,000,000:   17s.  Last read position: chr1:164,781,267
INFO	2016-05-16 05:40:13	FixMateInformation	Processed    57,000,000 records.  Elapsed time: 00:15:53s.  Time for last 1,000,000:   17s.  Last read position: chr20:62,705,518
INFO	2016-05-16 05:40:28	FixMateInformation	Processed    58,000,000 records.  Elapsed time: 00:16:09s.  Time for last 1,000,000:   15s.  Last read position: chr15:25,427,497
INFO	2016-05-16 05:40:44	FixMateInformation	Processed    59,000,000 records.  Elapsed time: 00:16:25s.  Time for last 1,000,000:   16s.  Last read position: chr6:7,182,220
INFO	2016-05-16 05:41:00	FixMateInformation	Processed    60,000,000 records.  Elapsed time: 00:16:40s.  Time for last 1,000,000:   15s.  Last read position: chr9:115,014,874
INFO	2016-05-16 05:41:18	FixMateInformation	Processed    61,000,000 records.  Elapsed time: 00:16:58s.  Time for last 1,000,000:   17s.  Last read position: chr19:6,744,372
INFO	2016-05-16 05:41:36	FixMateInformation	Processed    62,000,000 records.  Elapsed time: 00:17:17s.  Time for last 1,000,000:   18s.  Last read position: chr17:43,333,775
INFO	2016-05-16 05:41:52	FixMateInformation	Processed    63,000,000 records.  Elapsed time: 00:17:32s.  Time for last 1,000,000:   15s.  Last read position: chr11:62,557,499
INFO	2016-05-16 05:42:06	FixMateInformation	Processed    64,000,000 records.  Elapsed time: 00:17:47s.  Time for last 1,000,000:   14s.  Last read position: chr17:46,058,487
INFO	2016-05-16 05:42:20	FixMateInformation	Processed    65,000,000 records.  Elapsed time: 00:18:01s.  Time for last 1,000,000:   13s.  Last read position: chr3:53,353,409
INFO	2016-05-16 05:42:36	FixMateInformation	Processed    66,000,000 records.  Elapsed time: 00:18:16s.  Time for last 1,000,000:   15s.  Last read position: chr11:58,606,026
INFO	2016-05-16 05:42:51	FixMateInformation	Processed    67,000,000 records.  Elapsed time: 00:18:31s.  Time for last 1,000,000:   14s.  Last read position: chr12:76,772,242
INFO	2016-05-16 05:43:08	FixMateInformation	Processed    68,000,000 records.  Elapsed time: 00:18:48s.  Time for last 1,000,000:   17s.  Last read position: chr22:20,922,603
INFO	2016-05-16 05:43:22	FixMateInformation	Processed    69,000,000 records.  Elapsed time: 00:19:02s.  Time for last 1,000,000:   13s.  Last read position: chr22:42,486,737
INFO	2016-05-16 05:43:39	FixMateInformation	Processed    70,000,000 records.  Elapsed time: 00:19:20s.  Time for last 1,000,000:   17s.  Last read position: chr6:30,879,415
INFO	2016-05-16 05:43:55	FixMateInformation	Processed    71,000,000 records.  Elapsed time: 00:19:36s.  Time for last 1,000,000:   15s.  Last read position: chr11:621,245
INFO	2016-05-16 05:44:11	FixMateInformation	Processed    72,000,000 records.  Elapsed time: 00:19:51s.  Time for last 1,000,000:   15s.  Last read position: chr16:3,980,913
INFO	2016-05-16 05:44:26	FixMateInformation	Processed    73,000,000 records.  Elapsed time: 00:20:07s.  Time for last 1,000,000:   15s.  Last read position: chr14:64,061,035
INFO	2016-05-16 05:44:42	FixMateInformation	Processed    74,000,000 records.  Elapsed time: 00:20:23s.  Time for last 1,000,000:   16s.  Last read position: chr2:220,358,037
INFO	2016-05-16 05:44:57	FixMateInformation	Processed    75,000,000 records.  Elapsed time: 00:20:38s.  Time for last 1,000,000:   14s.  Last read position: chr8:11,414,047
INFO	2016-05-16 05:45:15	FixMateInformation	Processed    76,000,000 records.  Elapsed time: 00:20:55s.  Time for last 1,000,000:   17s.  Last read position: chr12:7,528,380
INFO	2016-05-16 05:45:39	FixMateInformation	Processed    77,000,000 records.  Elapsed time: 00:21:20s.  Time for last 1,000,000:   24s.  Last read position: chr3:74,185,072
INFO	2016-05-16 05:45:57	FixMateInformation	Processed    78,000,000 records.  Elapsed time: 00:21:38s.  Time for last 1,000,000:   17s.  Last read position: chr3:38,601,704
INFO	2016-05-16 05:46:11	FixMateInformation	Processed    79,000,000 records.  Elapsed time: 00:21:52s.  Time for last 1,000,000:   14s.  Last read position: chr3:49,662,369
INFO	2016-05-16 05:46:26	FixMateInformation	Processed    80,000,000 records.  Elapsed time: 00:22:07s.  Time for last 1,000,000:   14s.  Last read position: chr17:80,721,855
INFO	2016-05-16 05:46:45	FixMateInformation	Processed    81,000,000 records.  Elapsed time: 00:22:25s.  Time for last 1,000,000:   18s.  Last read position: chr12:39,726,717
INFO	2016-05-16 05:46:59	FixMateInformation	Processed    82,000,000 records.  Elapsed time: 00:22:40s.  Time for last 1,000,000:   14s.  Last read position: chr7:21,934,200
INFO	2016-05-16 05:47:14	FixMateInformation	Processed    83,000,000 records.  Elapsed time: 00:22:55s.  Time for last 1,000,000:   15s.  Last read position: chr11:124,500,952
INFO	2016-05-16 05:47:32	FixMateInformation	Processed    84,000,000 records.  Elapsed time: 00:23:12s.  Time for last 1,000,000:   17s.  Last read position: chr11:47,444,266
INFO	2016-05-16 05:47:47	FixMateInformation	Processed    85,000,000 records.  Elapsed time: 00:23:28s.  Time for last 1,000,000:   15s.  Last read position: chrX:53,439,702
INFO	2016-05-16 05:48:03	FixMateInformation	Processed    86,000,000 records.  Elapsed time: 00:23:44s.  Time for last 1,000,000:   15s.  Last read position: chr1:3,383,708
INFO	2016-05-16 05:48:22	FixMateInformation	Processed    87,000,000 records.  Elapsed time: 00:24:03s.  Time for last 1,000,000:   18s.  Last read position: chr4:104,007,604
INFO	2016-05-16 05:48:37	FixMateInformation	Processed    88,000,000 records.  Elapsed time: 00:24:18s.  Time for last 1,000,000:   15s.  Last read position: chr1:47,746,618
INFO	2016-05-16 05:48:57	FixMateInformation	Processed    89,000,000 records.  Elapsed time: 00:24:37s.  Time for last 1,000,000:   19s.  Last read position: chrX:41,555,761
INFO	2016-05-16 05:49:13	FixMateInformation	Processed    90,000,000 records.  Elapsed time: 00:24:54s.  Time for last 1,000,000:   16s.  Last read position: chr3:186,570,835
INFO	2016-05-16 05:49:30	FixMateInformation	Processed    91,000,000 records.  Elapsed time: 00:25:11s.  Time for last 1,000,000:   16s.  Last read position: chr7:77,408,053
INFO	2016-05-16 05:49:47	FixMateInformation	Processed    92,000,000 records.  Elapsed time: 00:25:28s.  Time for last 1,000,000:   17s.  Last read position: chr2:65,604,656
INFO	2016-05-16 05:50:04	FixMateInformation	Processed    93,000,000 records.  Elapsed time: 00:25:45s.  Time for last 1,000,000:   17s.  Last read position: chr2:141,128,362
INFO	2016-05-16 05:50:22	FixMateInformation	Processed    94,000,000 records.  Elapsed time: 00:26:02s.  Time for last 1,000,000:   17s.  Last read position: chr1:11,832,019
INFO	2016-05-16 05:50:37	FixMateInformation	Processed    95,000,000 records.  Elapsed time: 00:26:17s.  Time for last 1,000,000:   14s.  Last read position: chr6:31,752,111
INFO	2016-05-16 05:50:53	FixMateInformation	Processed    96,000,000 records.  Elapsed time: 00:26:34s.  Time for last 1,000,000:   16s.  Last read position: chr17:10,295,708
INFO	2016-05-16 05:51:07	FixMateInformation	Processed    97,000,000 records.  Elapsed time: 00:26:47s.  Time for last 1,000,000:   13s.  Last read position: chr19:1,223,236
INFO	2016-05-16 05:51:24	FixMateInformation	Processed    98,000,000 records.  Elapsed time: 00:27:05s.  Time for last 1,000,000:   17s.  Last read position: chrX:69,510,318
INFO	2016-05-16 05:51:38	FixMateInformation	Processed    99,000,000 records.  Elapsed time: 00:27:19s.  Time for last 1,000,000:   14s.  Last read position: chr12:54,955,363
INFO	2016-05-16 05:51:54	FixMateInformation	Processed   100,000,000 records.  Elapsed time: 00:27:34s.  Time for last 1,000,000:   15s.  Last read position: chr14:73,733,269
INFO	2016-05-16 05:52:08	FixMateInformation	Processed   101,000,000 records.  Elapsed time: 00:27:48s.  Time for last 1,000,000:   13s.  Last read position: chr8:72,951,968
INFO	2016-05-16 05:52:25	FixMateInformation	Processed   102,000,000 records.  Elapsed time: 00:28:06s.  Time for last 1,000,000:   17s.  Last read position: chr3:183,976,069
INFO	2016-05-16 05:52:40	FixMateInformation	Processed   103,000,000 records.  Elapsed time: 00:28:21s.  Time for last 1,000,000:   14s.  Last read position: chr17:27,010,331
INFO	2016-05-16 05:52:56	FixMateInformation	Processed   104,000,000 records.  Elapsed time: 00:28:36s.  Time for last 1,000,000:   15s.  Last read position: chr19:54,780,502
INFO	2016-05-16 05:53:12	FixMateInformation	Processed   105,000,000 records.  Elapsed time: 00:28:52s.  Time for last 1,000,000:   15s.  Last read position: chr10:74,969,916
INFO	2016-05-16 05:53:29	FixMateInformation	Processed   106,000,000 records.  Elapsed time: 00:29:09s.  Time for last 1,000,000:   17s.  Last read position: chr11:121,008,537
INFO	2016-05-16 05:53:46	FixMateInformation	Processed   107,000,000 records.  Elapsed time: 00:29:26s.  Time for last 1,000,000:   16s.  Last read position: chr10:121,431,794
INFO	2016-05-16 05:54:01	FixMateInformation	Processed   108,000,000 records.  Elapsed time: 00:29:42s.  Time for last 1,000,000:   15s.  Last read position: chr4:20,852,042
INFO	2016-05-16 05:54:20	FixMateInformation	Processed   109,000,000 records.  Elapsed time: 00:30:00s.  Time for last 1,000,000:   18s.  Last read position: chrX:56,591,044
INFO	2016-05-16 05:54:35	FixMateInformation	Processed   110,000,000 records.  Elapsed time: 00:30:16s.  Time for last 1,000,000:   15s.  Last read position: chr13:26,789,014
INFO	2016-05-16 05:54:52	FixMateInformation	Processed   111,000,000 records.  Elapsed time: 00:30:33s.  Time for last 1,000,000:   17s.  Last read position: chr19:3,779,349
INFO	2016-05-16 05:55:10	FixMateInformation	Processed   112,000,000 records.  Elapsed time: 00:30:51s.  Time for last 1,000,000:   17s.  Last read position: chr12:26,275,896
INFO	2016-05-16 05:55:25	FixMateInformation	Processed   113,000,000 records.  Elapsed time: 00:31:05s.  Time for last 1,000,000:   14s.  Last read position: chr2:45,879,171
INFO	2016-05-16 05:55:40	FixMateInformation	Processed   114,000,000 records.  Elapsed time: 00:31:21s.  Time for last 1,000,000:   15s.  Last read position: chr21:45,511,867
INFO	2016-05-16 05:55:57	FixMateInformation	Processed   115,000,000 records.  Elapsed time: 00:31:38s.  Time for last 1,000,000:   16s.  Last read position: chr9:102,958,037
INFO	2016-05-16 05:56:14	FixMateInformation	Processed   116,000,000 records.  Elapsed time: 00:31:54s.  Time for last 1,000,000:   16s.  Last read position: chr11:75,439,760
INFO	2016-05-16 05:56:30	FixMateInformation	Processed   117,000,000 records.  Elapsed time: 00:32:10s.  Time for last 1,000,000:   15s.  Last read position: chr7:121,738,493
INFO	2016-05-16 05:56:47	FixMateInformation	Processed   118,000,000 records.  Elapsed time: 00:32:28s.  Time for last 1,000,000:   17s.  Last read position: chr3:113,186,955
INFO	2016-05-16 05:57:01	FixMateInformation	Processed   119,000,000 records.  Elapsed time: 00:32:41s.  Time for last 1,000,000:   13s.  Last read position: chr1:74,833,588
INFO	2016-05-16 05:57:15	FixMateInformation	Processed   120,000,000 records.  Elapsed time: 00:32:55s.  Time for last 1,000,000:   13s.  Last read position: chr8:110,382,752
INFO	2016-05-16 05:57:32	FixMateInformation	Processed   121,000,000 records.  Elapsed time: 00:33:12s.  Time for last 1,000,000:   16s.  Last read position: chr1:144,930,399
INFO	2016-05-16 05:57:46	FixMateInformation	Processed   122,000,000 records.  Elapsed time: 00:33:27s.  Time for last 1,000,000:   14s.  Last read position: chrX:134,989,082
INFO	2016-05-16 05:58:01	FixMateInformation	Processed   123,000,000 records.  Elapsed time: 00:33:42s.  Time for last 1,000,000:   14s.  Last read position: chr9:140,397,146
INFO	2016-05-16 05:58:19	FixMateInformation	Processed   124,000,000 records.  Elapsed time: 00:33:59s.  Time for last 1,000,000:   17s.  Last read position: chr1:90,178,464
INFO	2016-05-16 05:58:33	FixMateInformation	Processed   125,000,000 records.  Elapsed time: 00:34:13s.  Time for last 1,000,000:   13s.  Last read position: chr6:155,619,470
INFO	2016-05-16 05:58:47	FixMateInformation	Processed   126,000,000 records.  Elapsed time: 00:34:27s.  Time for last 1,000,000:   13s.  Last read position: chr12:55,714,989
INFO	2016-05-16 05:59:05	FixMateInformation	Processed   127,000,000 records.  Elapsed time: 00:34:46s.  Time for last 1,000,000:   18s.  Last read position: chr6:83,851,544
INFO	2016-05-16 05:59:20	FixMateInformation	Processed   128,000,000 records.  Elapsed time: 00:35:00s.  Time for last 1,000,000:   14s.  Last read position: chr18:23,901,149
INFO	2016-05-16 05:59:36	FixMateInformation	Processed   129,000,000 records.  Elapsed time: 00:35:16s.  Time for last 1,000,000:   15s.  Last read position: chr15:43,027,798
INFO	2016-05-16 05:59:57	FixMateInformation	Processed   130,000,000 records.  Elapsed time: 00:35:38s.  Time for last 1,000,000:   21s.  Last read position: chr3:16,308,802
INFO	2016-05-16 06:00:12	FixMateInformation	Processed   131,000,000 records.  Elapsed time: 00:35:52s.  Time for last 1,000,000:   14s.  Last read position: chr1:12,677,205
INFO	2016-05-16 06:00:29	FixMateInformation	Processed   132,000,000 records.  Elapsed time: 00:36:09s.  Time for last 1,000,000:   17s.  Last read position: chr2:26,800,298
INFO	2016-05-16 06:00:43	FixMateInformation	Processed   133,000,000 records.  Elapsed time: 00:36:24s.  Time for last 1,000,000:   14s.  Last read position: chr6:31,926,967
INFO	2016-05-16 06:00:59	FixMateInformation	Processed   134,000,000 records.  Elapsed time: 00:36:39s.  Time for last 1,000,000:   15s.  Last read position: chr20:61,981,243
INFO	2016-05-16 06:01:21	FixMateInformation	Processed   135,000,000 records.  Elapsed time: 00:37:02s.  Time for last 1,000,000:   22s.  Last read position: chr17:72,848,759
INFO	2016-05-16 06:01:39	FixMateInformation	Processed   136,000,000 records.  Elapsed time: 00:37:19s.  Time for last 1,000,000:   17s.  Last read position: chr13:25,352,576
INFO	2016-05-16 06:01:59	FixMateInformation	Processed   137,000,000 records.  Elapsed time: 00:37:39s.  Time for last 1,000,000:   20s.  Last read position: chr1:103,474,077
INFO	2016-05-16 06:02:13	FixMateInformation	Processed   138,000,000 records.  Elapsed time: 00:37:54s.  Time for last 1,000,000:   14s.  Last read position: chr1:193,149,749
INFO	2016-05-16 06:02:26	FixMateInformation	Processed   139,000,000 records.  Elapsed time: 00:38:07s.  Time for last 1,000,000:   12s.  Last read position: chr16:841,035
INFO	2016-05-16 06:02:42	FixMateInformation	Processed   140,000,000 records.  Elapsed time: 00:38:23s.  Time for last 1,000,000:   16s.  Last read position: chr1:245,809,353
INFO	2016-05-16 06:02:59	FixMateInformation	Finished processing reads; re-sorting output file.
[Mon May 16 06:31:08 EDT 2016] picard.sam.FixMateInformation done. Elapsed time: 101.11 minutes.
Runtime.totalMemory()=1040711680
