WARNING: Cannot restart automatically because the previous log file '/archive/NabaviLab/TNBC_Project/fastq_raw_data/RNAseq_30814792/SNabavi_FFPE_RNASeq_May2016-30814792/045_normal/fusioncatcher.log' cannot be found!
The workflow will be restarted from the beginning with step 1!
overlap = 15
Reading...
 -  /archive/NabaviLab/TNBC_Project/fastq_raw_data/RNAseq_30814792/SNabavi_FFPE_RNASeq_May2016-30814792/045_normal/init-f-0_R1.fastq
 -  /archive/NabaviLab/TNBC_Project/fastq_raw_data/RNAseq_30814792/SNabavi_FFPE_RNASeq_May2016-30814792/045_normal/init-r-1_R2.fastq
Using 8 process(es)...
Reading... 10000000 reads
Reading... 20000000 reads
Reading... 30000000 reads
Reading... 40000000 reads
Total count mate reads = 48492343
Read length = 76
Writing the statistics... /archive/NabaviLab/TNBC_Project/fastq_raw_data/RNAseq_30814792/SNabavi_FFPE_RNASeq_May2016-30814792/045_normal/log_overlaps_fr_0.txt
Count overlapping pair-reads = 24032612 [49.560%]
Count wasted nucleotides = 1208560100 [33.084%]
Most common fragment size = 105 [442617 counts]
Starting...
No changes are done!
Done.
Converting...
Auto-detect found SANGER FASTQ format!
The end.
Using 8 process(es)...
Read '05ANA/2' found mapping on 1225 genes!
Using 8 process(es)...
Read '006xc/1' found mapping on 1225 genes!
Found 93252 reads with poly-A/C/G/T/N tails (equal or more 12 repeat nucleotides)
Total number of input reads = 8320215
Total number of reads written in the output = 8313657
Using 8 process(es)...
0.19936 % reads clipped due to low quality (less or equal than Q5) at 3' end (16574 out of 8313657)!
Found 5012 reads with poly-A/C/G/T/N tails (equal or more 12 repeat nucleotides)
Total number of input reads = 1045593
Total number of reads written in the output = 1045555
Using 8 process(es)...
1.06317 % reads clipped due to low quality (less or equal than Q5) at 3' end (11116 out of 1045555)!
8 processor(s) found!
8 CPU(s) will be used!
Counting the records in the input file...
 - 899595 records found in the input file!
Splitting the input file into 8 pieces...
 - writing part 1
       wrote 112450 sequences
 - writing part 2
       wrote 112450 sequences
 - writing part 3
       wrote 112450 sequences
 - writing part 4
       wrote 112450 sequences
 - writing part 5
       wrote 112450 sequences
 - writing part 6
       wrote 112450 sequences
 - writing part 7
       wrote 112450 sequences
 - writing part 8
       wrote 112445 sequences
Launching BLAT in parallel...
-->JOB:1-----------------------------------------------------------------
/home/abdelrahman/fusioncatcher/bin/blat-filter-fusion.sh /archive/NabaviLab/TNBC_Project/fastq_raw_data/RNAseq_30814792/SNabavi_FFPE_RNASeq_May2016-30814792/045_normal/gene-gene.2bit /archive/NabaviLab/TNBC_Project/fastq_raw_data/RNAseq_30814792/SNabavi_FFPE_RNASeq_May2016-30814792/045_normal/tmp/tmpserAex /archive/NabaviLab/TNBC_Project/fastq_raw_data/RNAseq_30814792/SNabavi_FFPE_RNASeq_May2016-30814792/045_normal/tmp/tmp05sGQk /archive/NabaviLab/TNBC_Project/fastq_raw_data/RNAseq_30814792/SNabavi_FFPE_RNASeq_May2016-30814792/045_normal/tmp/tmp2KJuJJ -noHead -stepSize=5 -tileSize=11 -minScore=30 -t=DNA -q=RNA -repMatch=2253 -minIdentity=30 -maxIntron=1154948
-->JOB:2-----------------------------------------------------------------
/home/abdelrahman/fusioncatcher/bin/blat-filter-fusion.sh /archive/NabaviLab/TNBC_Project/fastq_raw_data/RNAseq_30814792/SNabavi_FFPE_RNASeq_May2016-30814792/045_normal/gene-gene.2bit /archive/NabaviLab/TNBC_Project/fastq_raw_data/RNAseq_30814792/SNabavi_FFPE_RNASeq_May2016-30814792/045_normal/tmp/tmpur_CH5 /archive/NabaviLab/TNBC_Project/fastq_raw_data/RNAseq_30814792/SNabavi_FFPE_RNASeq_May2016-30814792/045_normal/tmp/tmpsufxCj /archive/NabaviLab/TNBC_Project/fastq_raw_data/RNAseq_30814792/SNabavi_FFPE_RNASeq_May2016-30814792/045_normal/tmp/tmphEPLil -noHead -stepSize=5 -tileSize=11 -minScore=30 -t=DNA -q=RNA -repMatch=2253 -minIdentity=30 -maxIntron=1154948
-->JOB:3-----------------------------------------------------------------
/home/abdelrahman/fusioncatcher/bin/blat-filter-fusion.sh /archive/NabaviLab/TNBC_Project/fastq_raw_data/RNAseq_30814792/SNabavi_FFPE_RNASeq_May2016-30814792/045_normal/gene-gene.2bit /archive/NabaviLab/TNBC_Project/fastq_raw_data/RNAseq_30814792/SNabavi_FFPE_RNASeq_May2016-30814792/045_normal/tmp/tmpycPRdk /archive/NabaviLab/TNBC_Project/fastq_raw_data/RNAseq_30814792/SNabavi_FFPE_RNASeq_May2016-30814792/045_normal/tmp/tmpRX54D2 /archive/NabaviLab/TNBC_Project/fastq_raw_data/RNAseq_30814792/SNabavi_FFPE_RNASeq_May2016-30814792/045_normal/tmp/tmplelsmM -noHead -stepSize=5 -tileSize=11 -minScore=30 -t=DNA -q=RNA -repMatch=2253 -minIdentity=30 -maxIntron=1154948
-->JOB:4-----------------------------------------------------------------
/home/abdelrahman/fusioncatcher/bin/blat-filter-fusion.sh /archive/NabaviLab/TNBC_Project/fastq_raw_data/RNAseq_30814792/SNabavi_FFPE_RNASeq_May2016-30814792/045_normal/gene-gene.2bit /archive/NabaviLab/TNBC_Project/fastq_raw_data/RNAseq_30814792/SNabavi_FFPE_RNASeq_May2016-30814792/045_normal/tmp/tmpKXpRbd /archive/NabaviLab/TNBC_Project/fastq_raw_data/RNAseq_30814792/SNabavi_FFPE_RNASeq_May2016-30814792/045_normal/tmp/tmpevBNmL /archive/NabaviLab/TNBC_Project/fastq_raw_data/RNAseq_30814792/SNabavi_FFPE_RNASeq_May2016-30814792/045_normal/tmp/tmpTEG4xf -noHead -stepSize=5 -tileSize=11 -minScore=30 -t=DNA -q=RNA -repMatch=2253 -minIdentity=30 -maxIntron=1154948
-->JOB:5-----------------------------------------------------------------
/home/abdelrahman/fusioncatcher/bin/blat-filter-fusion.sh /archive/NabaviLab/TNBC_Project/fastq_raw_data/RNAseq_30814792/SNabavi_FFPE_RNASeq_May2016-30814792/045_normal/gene-gene.2bit /archive/NabaviLab/TNBC_Project/fastq_raw_data/RNAseq_30814792/SNabavi_FFPE_RNASeq_May2016-30814792/045_normal/tmp/tmpcDn3_b /archive/NabaviLab/TNBC_Project/fastq_raw_data/RNAseq_30814792/SNabavi_FFPE_RNASeq_May2016-30814792/045_normal/tmp/tmpRohp9p /archive/NabaviLab/TNBC_Project/fastq_raw_data/RNAseq_30814792/SNabavi_FFPE_RNASeq_May2016-30814792/045_normal/tmp/tmpzRykj_ -noHead -stepSize=5 -tileSize=11 -minScore=30 -t=DNA -q=RNA -repMatch=2253 -minIdentity=30 -maxIntron=1154948
-->JOB:6-----------------------------------------------------------------
/home/abdelrahman/fusioncatcher/bin/blat-filter-fusion.sh /archive/NabaviLab/TNBC_Project/fastq_raw_data/RNAseq_30814792/SNabavi_FFPE_RNASeq_May2016-30814792/045_normal/gene-gene.2bit /archive/NabaviLab/TNBC_Project/fastq_raw_data/RNAseq_30814792/SNabavi_FFPE_RNASeq_May2016-30814792/045_normal/tmp/tmppCvOfP /archive/NabaviLab/TNBC_Project/fastq_raw_data/RNAseq_30814792/SNabavi_FFPE_RNASeq_May2016-30814792/045_normal/tmp/tmpxTsVQQ /archive/NabaviLab/TNBC_Project/fastq_raw_data/RNAseq_30814792/SNabavi_FFPE_RNASeq_May2016-30814792/045_normal/tmp/tmpKlXCea -noHead -stepSize=5 -tileSize=11 -minScore=30 -t=DNA -q=RNA -repMatch=2253 -minIdentity=30 -maxIntron=1154948
-->JOB:7-----------------------------------------------------------------
/home/abdelrahman/fusioncatcher/bin/blat-filter-fusion.sh /archive/NabaviLab/TNBC_Project/fastq_raw_data/RNAseq_30814792/SNabavi_FFPE_RNASeq_May2016-30814792/045_normal/gene-gene.2bit /archive/NabaviLab/TNBC_Project/fastq_raw_data/RNAseq_30814792/SNabavi_FFPE_RNASeq_May2016-30814792/045_normal/tmp/tmpH0pjoI /archive/NabaviLab/TNBC_Project/fastq_raw_data/RNAseq_30814792/SNabavi_FFPE_RNASeq_May2016-30814792/045_normal/tmp/tmpWFsLzi /archive/NabaviLab/TNBC_Project/fastq_raw_data/RNAseq_30814792/SNabavi_FFPE_RNASeq_May2016-30814792/045_normal/tmp/tmpAlRBU0 -noHead -stepSize=5 -tileSize=11 -minScore=30 -t=DNA -q=RNA -repMatch=2253 -minIdentity=30 -maxIntron=1154948
-->JOB:8-----------------------------------------------------------------
/home/abdelrahman/fusioncatcher/bin/blat-filter-fusion.sh /archive/NabaviLab/TNBC_Project/fastq_raw_data/RNAseq_30814792/SNabavi_FFPE_RNASeq_May2016-30814792/045_normal/gene-gene.2bit /archive/NabaviLab/TNBC_Project/fastq_raw_data/RNAseq_30814792/SNabavi_FFPE_RNASeq_May2016-30814792/045_normal/tmp/tmpgtATHC /archive/NabaviLab/TNBC_Project/fastq_raw_data/RNAseq_30814792/SNabavi_FFPE_RNASeq_May2016-30814792/045_normal/tmp/tmpUt9KZ2 /archive/NabaviLab/TNBC_Project/fastq_raw_data/RNAseq_30814792/SNabavi_FFPE_RNASeq_May2016-30814792/045_normal/tmp/tmp2iq1Zf -noHead -stepSize=5 -tileSize=11 -minScore=30 -t=DNA -q=RNA -repMatch=2253 -minIdentity=30 -maxIntron=1154948
-------------------------------------------------------------------------
Waiting for BLAT to finish running...
BLAT finished running.
-------------------------------------------------------------------------
Joining BLAT's output files...
Done.
Fixing PSL...
Sorting PSL...
Processing PSL...
Sorting again...
The end.
Fixing PSL...
Sorting PSL...
Processing PSL...
Sorting again...
The end.
Reading the list of fusion genes...
Reading the transcripts' sequences...
Parsing the GTF file...
Building the database of exons and CDSes...
Predicting effect...
Reading liftover chains
Mapping coordinates
