WARNING: Cannot restart automatically because the previous log file '/archive/NabaviLab/TNBC_Project/fastq_raw_data/RNAseq_30814792/SNabavi_FFPE_RNASeq_May2016-30814792/069_TNBC_responder/fusioncatcher.log' cannot be found!
The workflow will be restarted from the beginning with step 1!
overlap = 15
Reading...
 -  /archive/NabaviLab/TNBC_Project/fastq_raw_data/RNAseq_30814792/SNabavi_FFPE_RNASeq_May2016-30814792/069_TNBC_responder/init-f-0_R1.fastq
 -  /archive/NabaviLab/TNBC_Project/fastq_raw_data/RNAseq_30814792/SNabavi_FFPE_RNASeq_May2016-30814792/069_TNBC_responder/init-r-1_R2.fastq
Using 4 process(es)...
Reading... 10000000 reads
Reading... 20000000 reads
Reading... 30000000 reads
Reading... 40000000 reads
Reading... 50000000 reads
Reading... 60000000 reads
Total count mate reads = 69166145
Read length = 76
Writing the statistics... /archive/NabaviLab/TNBC_Project/fastq_raw_data/RNAseq_30814792/SNabavi_FFPE_RNASeq_May2016-30814792/069_TNBC_responder/log_overlaps_fr_0.txt
Count overlapping pair-reads = 31211163 [45.125%]
Count wasted nucleotides = 1619291318 [34.133%]
Most common fragment size = 113 [555196 counts]
Starting...
No changes are done!
Done.
Converting...
Auto-detect found SANGER FASTQ format!
The end.
Using 4 process(es)...
Read '03QFs/2' found mapping on 1225 genes!
Using 4 process(es)...
Read '0009w/2' found mapping on 1225 genes!
Found 152957 reads with poly-A/C/G/T/N tails (equal or more 12 repeat nucleotides)
Total number of input reads = 9536862
Total number of reads written in the output = 9525982
Using 4 process(es)...
0.25553 % reads clipped due to low quality (less or equal than Q5) at 3' end (24342 out of 9525982)!
Found 11 reads with poly-A/C/G/T/N tails (equal or more 12 repeat nucleotides)
Total number of input reads = 554
Total number of reads written in the output = 554
Using 4 process(es)...
0.00000 % reads clipped due to low quality (less or equal than Q5) at 3' end (0 out of 554)!
8 processor(s) found!
4 CPU(s) will be used!
Counting the records in the input file...
 - 404 records found in the input file!
Splitting the input file into 4 pieces...
 - writing part 1
       wrote 101 sequences
 - writing part 2
       wrote 101 sequences
 - writing part 3
       wrote 101 sequences
 - writing part 4
       wrote 101 sequences
Launching BLAT in parallel...
-->JOB:1-----------------------------------------------------------------
/home/abdelrahman/fusioncatcher/bin/blat-filter-fusion.sh /archive/NabaviLab/TNBC_Project/fastq_raw_data/RNAseq_30814792/SNabavi_FFPE_RNASeq_May2016-30814792/069_TNBC_responder/gene-gene.2bit /archive/NabaviLab/TNBC_Project/fastq_raw_data/RNAseq_30814792/SNabavi_FFPE_RNASeq_May2016-30814792/069_TNBC_responder/tmp/tmppYhKIE /archive/NabaviLab/TNBC_Project/fastq_raw_data/RNAseq_30814792/SNabavi_FFPE_RNASeq_May2016-30814792/069_TNBC_responder/tmp/tmpyDMjkC /archive/NabaviLab/TNBC_Project/fastq_raw_data/RNAseq_30814792/SNabavi_FFPE_RNASeq_May2016-30814792/069_TNBC_responder/tmp/tmpvGThnL -noHead -stepSize=5 -tileSize=11 -minScore=30 -t=DNA -q=RNA -repMatch=2253 -minIdentity=30 -maxIntron=137508
-->JOB:2-----------------------------------------------------------------
/home/abdelrahman/fusioncatcher/bin/blat-filter-fusion.sh /archive/NabaviLab/TNBC_Project/fastq_raw_data/RNAseq_30814792/SNabavi_FFPE_RNASeq_May2016-30814792/069_TNBC_responder/gene-gene.2bit /archive/NabaviLab/TNBC_Project/fastq_raw_data/RNAseq_30814792/SNabavi_FFPE_RNASeq_May2016-30814792/069_TNBC_responder/tmp/tmpiXPJU6 /archive/NabaviLab/TNBC_Project/fastq_raw_data/RNAseq_30814792/SNabavi_FFPE_RNASeq_May2016-30814792/069_TNBC_responder/tmp/tmpGUMssQ /archive/NabaviLab/TNBC_Project/fastq_raw_data/RNAseq_30814792/SNabavi_FFPE_RNASeq_May2016-30814792/069_TNBC_responder/tmp/tmpWopcgn -noHead -stepSize=5 -tileSize=11 -minScore=30 -t=DNA -q=RNA -repMatch=2253 -minIdentity=30 -maxIntron=137508
-->JOB:3-----------------------------------------------------------------
/home/abdelrahman/fusioncatcher/bin/blat-filter-fusion.sh /archive/NabaviLab/TNBC_Project/fastq_raw_data/RNAseq_30814792/SNabavi_FFPE_RNASeq_May2016-30814792/069_TNBC_responder/gene-gene.2bit /archive/NabaviLab/TNBC_Project/fastq_raw_data/RNAseq_30814792/SNabavi_FFPE_RNASeq_May2016-30814792/069_TNBC_responder/tmp/tmptX9gx0 /archive/NabaviLab/TNBC_Project/fastq_raw_data/RNAseq_30814792/SNabavi_FFPE_RNASeq_May2016-30814792/069_TNBC_responder/tmp/tmpZQs0EB /archive/NabaviLab/TNBC_Project/fastq_raw_data/RNAseq_30814792/SNabavi_FFPE_RNASeq_May2016-30814792/069_TNBC_responder/tmp/tmpxeU_ua -noHead -stepSize=5 -tileSize=11 -minScore=30 -t=DNA -q=RNA -repMatch=2253 -minIdentity=30 -maxIntron=137508
-->JOB:4-----------------------------------------------------------------
/home/abdelrahman/fusioncatcher/bin/blat-filter-fusion.sh /archive/NabaviLab/TNBC_Project/fastq_raw_data/RNAseq_30814792/SNabavi_FFPE_RNASeq_May2016-30814792/069_TNBC_responder/gene-gene.2bit /archive/NabaviLab/TNBC_Project/fastq_raw_data/RNAseq_30814792/SNabavi_FFPE_RNASeq_May2016-30814792/069_TNBC_responder/tmp/tmpJTeqEy /archive/NabaviLab/TNBC_Project/fastq_raw_data/RNAseq_30814792/SNabavi_FFPE_RNASeq_May2016-30814792/069_TNBC_responder/tmp/tmpbLSDsl /archive/NabaviLab/TNBC_Project/fastq_raw_data/RNAseq_30814792/SNabavi_FFPE_RNASeq_May2016-30814792/069_TNBC_responder/tmp/tmpa6xLrY -noHead -stepSize=5 -tileSize=11 -minScore=30 -t=DNA -q=RNA -repMatch=2253 -minIdentity=30 -maxIntron=137508
-------------------------------------------------------------------------
Waiting for BLAT to finish running...
BLAT finished running.
-------------------------------------------------------------------------
Joining BLAT's output files...
Done.
Fixing PSL...
Sorting PSL...
Processing PSL...
Sorting again...
The end.
Fixing PSL...
Sorting PSL...
Processing PSL...
Sorting again...
The end.
Reading the list of fusion genes...
