WARNING: Cannot restart automatically because the previous log file '/archive/NabaviLab/TNBC_Project/fastq_raw_data/RNAseq_30814792/SNabavi_FFPE_RNASeq_May2016-30814792/047_EOS_non-responder/fusioncatcher.log' cannot be found!
The workflow will be restarted from the beginning with step 1!
overlap = 15
Reading...
 -  /archive/NabaviLab/TNBC_Project/fastq_raw_data/RNAseq_30814792/SNabavi_FFPE_RNASeq_May2016-30814792/047_EOS_non-responder/init-f-0_R1.fastq
 -  /archive/NabaviLab/TNBC_Project/fastq_raw_data/RNAseq_30814792/SNabavi_FFPE_RNASeq_May2016-30814792/047_EOS_non-responder/init-r-1_R2.fastq
Using 8 process(es)...
Reading... 10000000 reads
Reading... 20000000 reads
Reading... 30000000 reads
Reading... 40000000 reads
Reading... 50000000 reads
Reading... 60000000 reads
Total count mate reads = 60070372
Read length = 76
Writing the statistics... /archive/NabaviLab/TNBC_Project/fastq_raw_data/RNAseq_30814792/SNabavi_FFPE_RNASeq_May2016-30814792/047_EOS_non-responder/log_overlaps_fr_0.txt
Count overlapping pair-reads = 37592457 [62.581%]
Count wasted nucleotides = 1866923916 [32.672%]
Most common fragment size = 113 [728613 counts]
Starting...
No changes are done!
Done.
Converting...
Auto-detect found SANGER FASTQ format!
The end.
Using 8 process(es)...
Read '00VBx/2' found mapping on 1225 genes!
Using 8 process(es)...
Read '000WK/2' found mapping on 1225 genes!
Found 96303 reads with poly-A/C/G/T/N tails (equal or more 12 repeat nucleotides)
Total number of input reads = 9226428
Total number of reads written in the output = 9220328
Using 8 process(es)...
0.23873 % reads clipped due to low quality (less or equal than Q5) at 3' end (22012 out of 9220328)!
Found 781 reads with poly-A/C/G/T/N tails (equal or more 12 repeat nucleotides)
Total number of input reads = 192757
Total number of reads written in the output = 192756
Using 8 process(es)...
0.00467 % reads clipped due to low quality (less or equal than Q5) at 3' end (9 out of 192756)!
8 processor(s) found!
8 CPU(s) will be used!
Counting the records in the input file...
 - 169423 records found in the input file!
Splitting the input file into 8 pieces...
 - writing part 1
       wrote 21178 sequences
 - writing part 2
       wrote 21178 sequences
 - writing part 3
       wrote 21178 sequences
 - writing part 4
       wrote 21178 sequences
 - writing part 5
       wrote 21178 sequences
 - writing part 6
       wrote 21178 sequences
 - writing part 7
       wrote 21178 sequences
 - writing part 8
       wrote 21177 sequences
Launching BLAT in parallel...
-->JOB:1-----------------------------------------------------------------
/home/abdelrahman/fusioncatcher/bin/blat-filter-fusion.sh /archive/NabaviLab/TNBC_Project/fastq_raw_data/RNAseq_30814792/SNabavi_FFPE_RNASeq_May2016-30814792/047_EOS_non-responder/gene-gene.2bit /archive/NabaviLab/TNBC_Project/fastq_raw_data/RNAseq_30814792/SNabavi_FFPE_RNASeq_May2016-30814792/047_EOS_non-responder/tmp/tmpSdoxAY /archive/NabaviLab/TNBC_Project/fastq_raw_data/RNAseq_30814792/SNabavi_FFPE_RNASeq_May2016-30814792/047_EOS_non-responder/tmp/tmplRwQpp /archive/NabaviLab/TNBC_Project/fastq_raw_data/RNAseq_30814792/SNabavi_FFPE_RNASeq_May2016-30814792/047_EOS_non-responder/tmp/tmpQ5tzAo -noHead -stepSize=5 -tileSize=11 -minScore=30 -t=DNA -q=RNA -repMatch=2253 -minIdentity=30 -maxIntron=264304
-->JOB:2-----------------------------------------------------------------
/home/abdelrahman/fusioncatcher/bin/blat-filter-fusion.sh /archive/NabaviLab/TNBC_Project/fastq_raw_data/RNAseq_30814792/SNabavi_FFPE_RNASeq_May2016-30814792/047_EOS_non-responder/gene-gene.2bit /archive/NabaviLab/TNBC_Project/fastq_raw_data/RNAseq_30814792/SNabavi_FFPE_RNASeq_May2016-30814792/047_EOS_non-responder/tmp/tmpGVAK4z /archive/NabaviLab/TNBC_Project/fastq_raw_data/RNAseq_30814792/SNabavi_FFPE_RNASeq_May2016-30814792/047_EOS_non-responder/tmp/tmpv6zpfb /archive/NabaviLab/TNBC_Project/fastq_raw_data/RNAseq_30814792/SNabavi_FFPE_RNASeq_May2016-30814792/047_EOS_non-responder/tmp/tmpdVMVIw -noHead -stepSize=5 -tileSize=11 -minScore=30 -t=DNA -q=RNA -repMatch=2253 -minIdentity=30 -maxIntron=264304
-->JOB:3-----------------------------------------------------------------
/home/abdelrahman/fusioncatcher/bin/blat-filter-fusion.sh /archive/NabaviLab/TNBC_Project/fastq_raw_data/RNAseq_30814792/SNabavi_FFPE_RNASeq_May2016-30814792/047_EOS_non-responder/gene-gene.2bit /archive/NabaviLab/TNBC_Project/fastq_raw_data/RNAseq_30814792/SNabavi_FFPE_RNASeq_May2016-30814792/047_EOS_non-responder/tmp/tmp70X6X3 /archive/NabaviLab/TNBC_Project/fastq_raw_data/RNAseq_30814792/SNabavi_FFPE_RNASeq_May2016-30814792/047_EOS_non-responder/tmp/tmppdg159 /archive/NabaviLab/TNBC_Project/fastq_raw_data/RNAseq_30814792/SNabavi_FFPE_RNASeq_May2016-30814792/047_EOS_non-responder/tmp/tmpwEJyPi -noHead -stepSize=5 -tileSize=11 -minScore=30 -t=DNA -q=RNA -repMatch=2253 -minIdentity=30 -maxIntron=264304
-->JOB:4-----------------------------------------------------------------
/home/abdelrahman/fusioncatcher/bin/blat-filter-fusion.sh /archive/NabaviLab/TNBC_Project/fastq_raw_data/RNAseq_30814792/SNabavi_FFPE_RNASeq_May2016-30814792/047_EOS_non-responder/gene-gene.2bit /archive/NabaviLab/TNBC_Project/fastq_raw_data/RNAseq_30814792/SNabavi_FFPE_RNASeq_May2016-30814792/047_EOS_non-responder/tmp/tmp1lM7Ff /archive/NabaviLab/TNBC_Project/fastq_raw_data/RNAseq_30814792/SNabavi_FFPE_RNASeq_May2016-30814792/047_EOS_non-responder/tmp/tmp0KaURM /archive/NabaviLab/TNBC_Project/fastq_raw_data/RNAseq_30814792/SNabavi_FFPE_RNASeq_May2016-30814792/047_EOS_non-responder/tmp/tmp3LCffU -noHead -stepSize=5 -tileSize=11 -minScore=30 -t=DNA -q=RNA -repMatch=2253 -minIdentity=30 -maxIntron=264304
-->JOB:5-----------------------------------------------------------------
/home/abdelrahman/fusioncatcher/bin/blat-filter-fusion.sh /archive/NabaviLab/TNBC_Project/fastq_raw_data/RNAseq_30814792/SNabavi_FFPE_RNASeq_May2016-30814792/047_EOS_non-responder/gene-gene.2bit /archive/NabaviLab/TNBC_Project/fastq_raw_data/RNAseq_30814792/SNabavi_FFPE_RNASeq_May2016-30814792/047_EOS_non-responder/tmp/tmp12ccXB /archive/NabaviLab/TNBC_Project/fastq_raw_data/RNAseq_30814792/SNabavi_FFPE_RNASeq_May2016-30814792/047_EOS_non-responder/tmp/tmpt3cbxW /archive/NabaviLab/TNBC_Project/fastq_raw_data/RNAseq_30814792/SNabavi_FFPE_RNASeq_May2016-30814792/047_EOS_non-responder/tmp/tmpTsnofs -noHead -stepSize=5 -tileSize=11 -minScore=30 -t=DNA -q=RNA -repMatch=2253 -minIdentity=30 -maxIntron=264304
-->JOB:6-----------------------------------------------------------------
/home/abdelrahman/fusioncatcher/bin/blat-filter-fusion.sh /archive/NabaviLab/TNBC_Project/fastq_raw_data/RNAseq_30814792/SNabavi_FFPE_RNASeq_May2016-30814792/047_EOS_non-responder/gene-gene.2bit /archive/NabaviLab/TNBC_Project/fastq_raw_data/RNAseq_30814792/SNabavi_FFPE_RNASeq_May2016-30814792/047_EOS_non-responder/tmp/tmp98XV7r /archive/NabaviLab/TNBC_Project/fastq_raw_data/RNAseq_30814792/SNabavi_FFPE_RNASeq_May2016-30814792/047_EOS_non-responder/tmp/tmpfKibs0 /archive/NabaviLab/TNBC_Project/fastq_raw_data/RNAseq_30814792/SNabavi_FFPE_RNASeq_May2016-30814792/047_EOS_non-responder/tmp/tmpXw2Myq -noHead -stepSize=5 -tileSize=11 -minScore=30 -t=DNA -q=RNA -repMatch=2253 -minIdentity=30 -maxIntron=264304
-->JOB:7-----------------------------------------------------------------
/home/abdelrahman/fusioncatcher/bin/blat-filter-fusion.sh /archive/NabaviLab/TNBC_Project/fastq_raw_data/RNAseq_30814792/SNabavi_FFPE_RNASeq_May2016-30814792/047_EOS_non-responder/gene-gene.2bit /archive/NabaviLab/TNBC_Project/fastq_raw_data/RNAseq_30814792/SNabavi_FFPE_RNASeq_May2016-30814792/047_EOS_non-responder/tmp/tmpuIzGOE /archive/NabaviLab/TNBC_Project/fastq_raw_data/RNAseq_30814792/SNabavi_FFPE_RNASeq_May2016-30814792/047_EOS_non-responder/tmp/tmpFXDUNj /archive/NabaviLab/TNBC_Project/fastq_raw_data/RNAseq_30814792/SNabavi_FFPE_RNASeq_May2016-30814792/047_EOS_non-responder/tmp/tmpH7mLey -noHead -stepSize=5 -tileSize=11 -minScore=30 -t=DNA -q=RNA -repMatch=2253 -minIdentity=30 -maxIntron=264304
-->JOB:8-----------------------------------------------------------------
/home/abdelrahman/fusioncatcher/bin/blat-filter-fusion.sh /archive/NabaviLab/TNBC_Project/fastq_raw_data/RNAseq_30814792/SNabavi_FFPE_RNASeq_May2016-30814792/047_EOS_non-responder/gene-gene.2bit /archive/NabaviLab/TNBC_Project/fastq_raw_data/RNAseq_30814792/SNabavi_FFPE_RNASeq_May2016-30814792/047_EOS_non-responder/tmp/tmpvs5E2i /archive/NabaviLab/TNBC_Project/fastq_raw_data/RNAseq_30814792/SNabavi_FFPE_RNASeq_May2016-30814792/047_EOS_non-responder/tmp/tmpR2t5Bu /archive/NabaviLab/TNBC_Project/fastq_raw_data/RNAseq_30814792/SNabavi_FFPE_RNASeq_May2016-30814792/047_EOS_non-responder/tmp/tmpadnf52 -noHead -stepSize=5 -tileSize=11 -minScore=30 -t=DNA -q=RNA -repMatch=2253 -minIdentity=30 -maxIntron=264304
-------------------------------------------------------------------------
Waiting for BLAT to finish running...
BLAT finished running.
-------------------------------------------------------------------------
Joining BLAT's output files...
Done.
Fixing PSL...
Sorting PSL...
Processing PSL...
Sorting again...
The end.
Fixing PSL...
Sorting PSL...
Processing PSL...
Sorting again...
The end.
Reading the list of fusion genes...
Reading the transcripts' sequences...
Parsing the GTF file...
Building the database of exons and CDSes...
Predicting effect...
Reading liftover chains
Mapping coordinates
