WARNING: Cannot restart automatically because the previous log file '/archive/NabaviLab/TNBC_Project/fastq_raw_data/RNAseq_30814792/SNabavi_FFPE_RNASeq_May2016-30814792/017_EOS_responder/fusioncatcher.log' cannot be found!
The workflow will be restarted from the beginning with step 1!
overlap = 15
Reading...
 -  /archive/NabaviLab/TNBC_Project/fastq_raw_data/RNAseq_30814792/SNabavi_FFPE_RNASeq_May2016-30814792/017_EOS_responder/init-f-0_R1.fastq
 -  /archive/NabaviLab/TNBC_Project/fastq_raw_data/RNAseq_30814792/SNabavi_FFPE_RNASeq_May2016-30814792/017_EOS_responder/init-r-1_R2.fastq
Using 4 process(es)...
Reading... 10000000 reads
Reading... 20000000 reads
Reading... 30000000 reads
Reading... 40000000 reads
Reading... 50000000 reads
Reading... 60000000 reads
Total count mate reads = 65201596
Read length = 76
Writing the statistics... /archive/NabaviLab/TNBC_Project/fastq_raw_data/RNAseq_30814792/SNabavi_FFPE_RNASeq_May2016-30814792/017_EOS_responder/log_overlaps_fr_0.txt
Count overlapping pair-reads = 40444826 [62.030%]
Count wasted nucleotides = 2187246916 [35.579%]
Most common fragment size = 104 [698052 counts]
Starting...
No changes are done!
Done.
Converting...
Auto-detect found SANGER FASTQ format!
The end.
Using 4 process(es)...
Read '0136R/2' found mapping on 1225 genes!
Using 4 process(es)...
Read '000b1/2' found mapping on 1225 genes!
Found 133871 reads with poly-A/C/G/T/N tails (equal or more 12 repeat nucleotides)
Total number of input reads = 10082974
Total number of reads written in the output = 10073698
Using 4 process(es)...
0.24300 % reads clipped due to low quality (less or equal than Q5) at 3' end (24479 out of 10073698)!
Found 2189 reads with poly-A/C/G/T/N tails (equal or more 12 repeat nucleotides)
Total number of input reads = 499082
Total number of reads written in the output = 499061
Using 4 process(es)...
0.00441 % reads clipped due to low quality (less or equal than Q5) at 3' end (22 out of 499061)!
8 processor(s) found!
4 CPU(s) will be used!
Counting the records in the input file...
 - 422986 records found in the input file!
Splitting the input file into 4 pieces...
 - writing part 1
       wrote 105747 sequences
 - writing part 2
       wrote 105747 sequences
 - writing part 3
       wrote 105747 sequences
 - writing part 4
       wrote 105745 sequences
Launching BLAT in parallel...
-->JOB:1-----------------------------------------------------------------
/home/abdelrahman/fusioncatcher/bin/blat-filter-fusion.sh /archive/NabaviLab/TNBC_Project/fastq_raw_data/RNAseq_30814792/SNabavi_FFPE_RNASeq_May2016-30814792/017_EOS_responder/gene-gene.2bit /archive/NabaviLab/TNBC_Project/fastq_raw_data/RNAseq_30814792/SNabavi_FFPE_RNASeq_May2016-30814792/017_EOS_responder/tmp/tmpDTJrpa /archive/NabaviLab/TNBC_Project/fastq_raw_data/RNAseq_30814792/SNabavi_FFPE_RNASeq_May2016-30814792/017_EOS_responder/tmp/tmpfng0ld /archive/NabaviLab/TNBC_Project/fastq_raw_data/RNAseq_30814792/SNabavi_FFPE_RNASeq_May2016-30814792/017_EOS_responder/tmp/tmpLtp798 -noHead -stepSize=5 -tileSize=11 -minScore=30 -t=DNA -q=RNA -repMatch=2253 -minIdentity=30 -maxIntron=1150379
-->JOB:2-----------------------------------------------------------------
/home/abdelrahman/fusioncatcher/bin/blat-filter-fusion.sh /archive/NabaviLab/TNBC_Project/fastq_raw_data/RNAseq_30814792/SNabavi_FFPE_RNASeq_May2016-30814792/017_EOS_responder/gene-gene.2bit /archive/NabaviLab/TNBC_Project/fastq_raw_data/RNAseq_30814792/SNabavi_FFPE_RNASeq_May2016-30814792/017_EOS_responder/tmp/tmptJWyKF /archive/NabaviLab/TNBC_Project/fastq_raw_data/RNAseq_30814792/SNabavi_FFPE_RNASeq_May2016-30814792/017_EOS_responder/tmp/tmp2X2wlk /archive/NabaviLab/TNBC_Project/fastq_raw_data/RNAseq_30814792/SNabavi_FFPE_RNASeq_May2016-30814792/017_EOS_responder/tmp/tmpiC_Zvx -noHead -stepSize=5 -tileSize=11 -minScore=30 -t=DNA -q=RNA -repMatch=2253 -minIdentity=30 -maxIntron=1150379
-->JOB:3-----------------------------------------------------------------
/home/abdelrahman/fusioncatcher/bin/blat-filter-fusion.sh /archive/NabaviLab/TNBC_Project/fastq_raw_data/RNAseq_30814792/SNabavi_FFPE_RNASeq_May2016-30814792/017_EOS_responder/gene-gene.2bit /archive/NabaviLab/TNBC_Project/fastq_raw_data/RNAseq_30814792/SNabavi_FFPE_RNASeq_May2016-30814792/017_EOS_responder/tmp/tmpRelrgu /archive/NabaviLab/TNBC_Project/fastq_raw_data/RNAseq_30814792/SNabavi_FFPE_RNASeq_May2016-30814792/017_EOS_responder/tmp/tmpL1eEYg /archive/NabaviLab/TNBC_Project/fastq_raw_data/RNAseq_30814792/SNabavi_FFPE_RNASeq_May2016-30814792/017_EOS_responder/tmp/tmpBFzjxh -noHead -stepSize=5 -tileSize=11 -minScore=30 -t=DNA -q=RNA -repMatch=2253 -minIdentity=30 -maxIntron=1150379
-->JOB:4-----------------------------------------------------------------
/home/abdelrahman/fusioncatcher/bin/blat-filter-fusion.sh /archive/NabaviLab/TNBC_Project/fastq_raw_data/RNAseq_30814792/SNabavi_FFPE_RNASeq_May2016-30814792/017_EOS_responder/gene-gene.2bit /archive/NabaviLab/TNBC_Project/fastq_raw_data/RNAseq_30814792/SNabavi_FFPE_RNASeq_May2016-30814792/017_EOS_responder/tmp/tmpjazIrp /archive/NabaviLab/TNBC_Project/fastq_raw_data/RNAseq_30814792/SNabavi_FFPE_RNASeq_May2016-30814792/017_EOS_responder/tmp/tmppRBTHF /archive/NabaviLab/TNBC_Project/fastq_raw_data/RNAseq_30814792/SNabavi_FFPE_RNASeq_May2016-30814792/017_EOS_responder/tmp/tmpq4KAUO -noHead -stepSize=5 -tileSize=11 -minScore=30 -t=DNA -q=RNA -repMatch=2253 -minIdentity=30 -maxIntron=1150379
-------------------------------------------------------------------------
Waiting for BLAT to finish running...
BLAT finished running.
-------------------------------------------------------------------------
Joining BLAT's output files...
Done.
Fixing PSL...
Sorting PSL...
Processing PSL...
Sorting again...
The end.
Fixing PSL...
Sorting PSL...
Processing PSL...
Sorting again...
The end.
Reading the list of fusion genes...
Reading the transcripts' sequences...
Parsing the GTF file...
Building the database of exons and CDSes...
Predicting effect...
Reading liftover chains
Mapping coordinates
