Starting...
No changes are done!
Done.
Converting...
Auto-detect found SANGER FASTQ format!
The end.
Using 4 process(es)...
Read '004df/2' found mapping on 1225 genes!
Using 4 process(es)...
Read '000I7/2' found mapping on 1225 genes!
Found 143574 reads with poly-A/C/G/T/N tails (equal or more 12 repeat nucleotides)
Total number of input reads = 6003893
Total number of reads written in the output = 5991336
Using 4 process(es)...
0.21698 % reads clipped due to low quality (less or equal than Q5) at 3' end (13000 out of 5991336)!
Found 3239 reads with poly-A/C/G/T/N tails (equal or more 12 repeat nucleotides)
Total number of input reads = 486408
Total number of reads written in the output = 486390
Using 4 process(es)...
1.07897 % reads clipped due to low quality (less or equal than Q5) at 3' end (5248 out of 486390)!
8 processor(s) found!
4 CPU(s) will be used!
Counting the records in the input file...
 - 418163 records found in the input file!
Splitting the input file into 4 pieces...
 - writing part 1
       wrote 104541 sequences
 - writing part 2
       wrote 104541 sequences
 - writing part 3
       wrote 104541 sequences
 - writing part 4
       wrote 104540 sequences
Launching BLAT in parallel...
-->JOB:1-----------------------------------------------------------------
/home/abdelrahman/fusioncatcher/bin/blat-filter-fusion.sh /archive/NabaviLab/TNBC_Project/fastq_raw_data/RNAseq_30814792/SNabavi_FFPE_RNASeq_May2016-30814792/031_EOC_responder/gene-gene.2bit /archive/NabaviLab/TNBC_Project/fastq_raw_data/RNAseq_30814792/SNabavi_FFPE_RNASeq_May2016-30814792/031_EOC_responder/tmp/tmpDkVPot /archive/NabaviLab/TNBC_Project/fastq_raw_data/RNAseq_30814792/SNabavi_FFPE_RNASeq_May2016-30814792/031_EOC_responder/tmp/tmpjnvJbS /archive/NabaviLab/TNBC_Project/fastq_raw_data/RNAseq_30814792/SNabavi_FFPE_RNASeq_May2016-30814792/031_EOC_responder/tmp/tmpSKL76t -noHead -stepSize=5 -tileSize=11 -minScore=30 -t=DNA -q=RNA -repMatch=2253 -minIdentity=30 -maxIntron=1127031
-->JOB:2-----------------------------------------------------------------
/home/abdelrahman/fusioncatcher/bin/blat-filter-fusion.sh /archive/NabaviLab/TNBC_Project/fastq_raw_data/RNAseq_30814792/SNabavi_FFPE_RNASeq_May2016-30814792/031_EOC_responder/gene-gene.2bit /archive/NabaviLab/TNBC_Project/fastq_raw_data/RNAseq_30814792/SNabavi_FFPE_RNASeq_May2016-30814792/031_EOC_responder/tmp/tmpm3m3xI /archive/NabaviLab/TNBC_Project/fastq_raw_data/RNAseq_30814792/SNabavi_FFPE_RNASeq_May2016-30814792/031_EOC_responder/tmp/tmpE7bwMt /archive/NabaviLab/TNBC_Project/fastq_raw_data/RNAseq_30814792/SNabavi_FFPE_RNASeq_May2016-30814792/031_EOC_responder/tmp/tmpjmKZMm -noHead -stepSize=5 -tileSize=11 -minScore=30 -t=DNA -q=RNA -repMatch=2253 -minIdentity=30 -maxIntron=1127031
-->JOB:3-----------------------------------------------------------------
/home/abdelrahman/fusioncatcher/bin/blat-filter-fusion.sh /archive/NabaviLab/TNBC_Project/fastq_raw_data/RNAseq_30814792/SNabavi_FFPE_RNASeq_May2016-30814792/031_EOC_responder/gene-gene.2bit /archive/NabaviLab/TNBC_Project/fastq_raw_data/RNAseq_30814792/SNabavi_FFPE_RNASeq_May2016-30814792/031_EOC_responder/tmp/tmpvkpBwk /archive/NabaviLab/TNBC_Project/fastq_raw_data/RNAseq_30814792/SNabavi_FFPE_RNASeq_May2016-30814792/031_EOC_responder/tmp/tmpFvDC3i /archive/NabaviLab/TNBC_Project/fastq_raw_data/RNAseq_30814792/SNabavi_FFPE_RNASeq_May2016-30814792/031_EOC_responder/tmp/tmpcpqCwM -noHead -stepSize=5 -tileSize=11 -minScore=30 -t=DNA -q=RNA -repMatch=2253 -minIdentity=30 -maxIntron=1127031
-->JOB:4-----------------------------------------------------------------
/home/abdelrahman/fusioncatcher/bin/blat-filter-fusion.sh /archive/NabaviLab/TNBC_Project/fastq_raw_data/RNAseq_30814792/SNabavi_FFPE_RNASeq_May2016-30814792/031_EOC_responder/gene-gene.2bit /archive/NabaviLab/TNBC_Project/fastq_raw_data/RNAseq_30814792/SNabavi_FFPE_RNASeq_May2016-30814792/031_EOC_responder/tmp/tmpk7iuj0 /archive/NabaviLab/TNBC_Project/fastq_raw_data/RNAseq_30814792/SNabavi_FFPE_RNASeq_May2016-30814792/031_EOC_responder/tmp/tmpSTNOPZ /archive/NabaviLab/TNBC_Project/fastq_raw_data/RNAseq_30814792/SNabavi_FFPE_RNASeq_May2016-30814792/031_EOC_responder/tmp/tmpfAPSmd -noHead -stepSize=5 -tileSize=11 -minScore=30 -t=DNA -q=RNA -repMatch=2253 -minIdentity=30 -maxIntron=1127031
-------------------------------------------------------------------------
Waiting for BLAT to finish running...
BLAT finished running.
-------------------------------------------------------------------------
Joining BLAT's output files...
Done.
Fixing PSL...
Sorting PSL...
Processing PSL...
Sorting again...
The end.
Fixing PSL...
Sorting PSL...
Processing PSL...
Sorting again...
The end.
Fixing PSL...
Sorting PSL...
Processing PSL...
Sorting again...
The end.
Reading the list of fusion genes...
Reading the transcripts' sequences...
Parsing the GTF file...
Building the database of exons and CDSes...
Predicting effect...
Reading liftover chains
Mapping coordinates
