WARNING: Cannot restart automatically because the previous log file '/archive/NabaviLab/TNBC_Project/fastq_raw_data/RNAseq_30814792/SNabavi_FFPE_RNASeq_May2016-30814792/044_TNBC_non-responder/fusioncatcher.log' cannot be found!
The workflow will be restarted from the beginning with step 1!
overlap = 15
Reading...
 -  /archive/NabaviLab/TNBC_Project/fastq_raw_data/RNAseq_30814792/SNabavi_FFPE_RNASeq_May2016-30814792/044_TNBC_non-responder/init-f-0_R1.fastq
 -  /archive/NabaviLab/TNBC_Project/fastq_raw_data/RNAseq_30814792/SNabavi_FFPE_RNASeq_May2016-30814792/044_TNBC_non-responder/init-r-1_R2.fastq
Using 8 process(es)...
Reading... 10000000 reads
Reading... 20000000 reads
Reading... 30000000 reads
Reading... 40000000 reads
Reading... 50000000 reads
Reading... 60000000 reads
Total count mate reads = 61900327
Read length = 76
Writing the statistics... /archive/NabaviLab/TNBC_Project/fastq_raw_data/RNAseq_30814792/SNabavi_FFPE_RNASeq_May2016-30814792/044_TNBC_non-responder/log_overlaps_fr_0.txt
Count overlapping pair-reads = 26878457 [43.422%]
Count wasted nucleotides = 1213667492 [29.707%]
Most common fragment size = 124 [595259 counts]
Starting...
No changes are done!
Done.
Converting...
Auto-detect found SANGER FASTQ format!
The end.
Using 8 process(es)...
Read '012x2/1' found mapping on 1225 genes!
Using 8 process(es)...
Read '001Zm/1' found mapping on 1225 genes!
Found 146468 reads with poly-A/C/G/T/N tails (equal or more 12 repeat nucleotides)
Total number of input reads = 10464188
Total number of reads written in the output = 10453110
Using 8 process(es)...
0.20645 % reads clipped due to low quality (less or equal than Q5) at 3' end (21580 out of 10453110)!
Found 4291 reads with poly-A/C/G/T/N tails (equal or more 12 repeat nucleotides)
Total number of input reads = 949099
Total number of reads written in the output = 949067
Using 8 process(es)...
0.90689 % reads clipped due to low quality (less or equal than Q5) at 3' end (8607 out of 949067)!
8 processor(s) found!
8 CPU(s) will be used!
Counting the records in the input file...
 - 836448 records found in the input file!
Splitting the input file into 8 pieces...
 - writing part 1
       wrote 104556 sequences
 - writing part 2
       wrote 104556 sequences
 - writing part 3
       wrote 104556 sequences
 - writing part 4
       wrote 104556 sequences
 - writing part 5
       wrote 104556 sequences
 - writing part 6
       wrote 104556 sequences
 - writing part 7
       wrote 104556 sequences
 - writing part 8
       wrote 104556 sequences
Launching BLAT in parallel...
-->JOB:1-----------------------------------------------------------------
/home/abdelrahman/fusioncatcher/bin/blat-filter-fusion.sh /archive/NabaviLab/TNBC_Project/fastq_raw_data/RNAseq_30814792/SNabavi_FFPE_RNASeq_May2016-30814792/044_TNBC_non-responder/gene-gene.2bit /archive/NabaviLab/TNBC_Project/fastq_raw_data/RNAseq_30814792/SNabavi_FFPE_RNASeq_May2016-30814792/044_TNBC_non-responder/tmp/tmptoANca /archive/NabaviLab/TNBC_Project/fastq_raw_data/RNAseq_30814792/SNabavi_FFPE_RNASeq_May2016-30814792/044_TNBC_non-responder/tmp/tmp9Ks3ST /archive/NabaviLab/TNBC_Project/fastq_raw_data/RNAseq_30814792/SNabavi_FFPE_RNASeq_May2016-30814792/044_TNBC_non-responder/tmp/tmp_EUmub -noHead -stepSize=5 -tileSize=11 -minScore=30 -t=DNA -q=RNA -repMatch=2253 -minIdentity=30 -maxIntron=873070
-->JOB:2-----------------------------------------------------------------
/home/abdelrahman/fusioncatcher/bin/blat-filter-fusion.sh /archive/NabaviLab/TNBC_Project/fastq_raw_data/RNAseq_30814792/SNabavi_FFPE_RNASeq_May2016-30814792/044_TNBC_non-responder/gene-gene.2bit /archive/NabaviLab/TNBC_Project/fastq_raw_data/RNAseq_30814792/SNabavi_FFPE_RNASeq_May2016-30814792/044_TNBC_non-responder/tmp/tmpuJLcJp /archive/NabaviLab/TNBC_Project/fastq_raw_data/RNAseq_30814792/SNabavi_FFPE_RNASeq_May2016-30814792/044_TNBC_non-responder/tmp/tmprF_TRZ /archive/NabaviLab/TNBC_Project/fastq_raw_data/RNAseq_30814792/SNabavi_FFPE_RNASeq_May2016-30814792/044_TNBC_non-responder/tmp/tmpkkVyHX -noHead -stepSize=5 -tileSize=11 -minScore=30 -t=DNA -q=RNA -repMatch=2253 -minIdentity=30 -maxIntron=873070
-->JOB:3-----------------------------------------------------------------
/home/abdelrahman/fusioncatcher/bin/blat-filter-fusion.sh /archive/NabaviLab/TNBC_Project/fastq_raw_data/RNAseq_30814792/SNabavi_FFPE_RNASeq_May2016-30814792/044_TNBC_non-responder/gene-gene.2bit /archive/NabaviLab/TNBC_Project/fastq_raw_data/RNAseq_30814792/SNabavi_FFPE_RNASeq_May2016-30814792/044_TNBC_non-responder/tmp/tmptbspcn /archive/NabaviLab/TNBC_Project/fastq_raw_data/RNAseq_30814792/SNabavi_FFPE_RNASeq_May2016-30814792/044_TNBC_non-responder/tmp/tmp971uAV /archive/NabaviLab/TNBC_Project/fastq_raw_data/RNAseq_30814792/SNabavi_FFPE_RNASeq_May2016-30814792/044_TNBC_non-responder/tmp/tmpVPhaBq -noHead -stepSize=5 -tileSize=11 -minScore=30 -t=DNA -q=RNA -repMatch=2253 -minIdentity=30 -maxIntron=873070
-->JOB:4-----------------------------------------------------------------
/home/abdelrahman/fusioncatcher/bin/blat-filter-fusion.sh /archive/NabaviLab/TNBC_Project/fastq_raw_data/RNAseq_30814792/SNabavi_FFPE_RNASeq_May2016-30814792/044_TNBC_non-responder/gene-gene.2bit /archive/NabaviLab/TNBC_Project/fastq_raw_data/RNAseq_30814792/SNabavi_FFPE_RNASeq_May2016-30814792/044_TNBC_non-responder/tmp/tmpKMrsyc /archive/NabaviLab/TNBC_Project/fastq_raw_data/RNAseq_30814792/SNabavi_FFPE_RNASeq_May2016-30814792/044_TNBC_non-responder/tmp/tmpSjOwBM /archive/NabaviLab/TNBC_Project/fastq_raw_data/RNAseq_30814792/SNabavi_FFPE_RNASeq_May2016-30814792/044_TNBC_non-responder/tmp/tmpmf4rq9 -noHead -stepSize=5 -tileSize=11 -minScore=30 -t=DNA -q=RNA -repMatch=2253 -minIdentity=30 -maxIntron=873070
-->JOB:5-----------------------------------------------------------------
/home/abdelrahman/fusioncatcher/bin/blat-filter-fusion.sh /archive/NabaviLab/TNBC_Project/fastq_raw_data/RNAseq_30814792/SNabavi_FFPE_RNASeq_May2016-30814792/044_TNBC_non-responder/gene-gene.2bit /archive/NabaviLab/TNBC_Project/fastq_raw_data/RNAseq_30814792/SNabavi_FFPE_RNASeq_May2016-30814792/044_TNBC_non-responder/tmp/tmphFLaiN /archive/NabaviLab/TNBC_Project/fastq_raw_data/RNAseq_30814792/SNabavi_FFPE_RNASeq_May2016-30814792/044_TNBC_non-responder/tmp/tmpREeOgx /archive/NabaviLab/TNBC_Project/fastq_raw_data/RNAseq_30814792/SNabavi_FFPE_RNASeq_May2016-30814792/044_TNBC_non-responder/tmp/tmpyJ6hAe -noHead -stepSize=5 -tileSize=11 -minScore=30 -t=DNA -q=RNA -repMatch=2253 -minIdentity=30 -maxIntron=873070
-->JOB:6-----------------------------------------------------------------
/home/abdelrahman/fusioncatcher/bin/blat-filter-fusion.sh /archive/NabaviLab/TNBC_Project/fastq_raw_data/RNAseq_30814792/SNabavi_FFPE_RNASeq_May2016-30814792/044_TNBC_non-responder/gene-gene.2bit /archive/NabaviLab/TNBC_Project/fastq_raw_data/RNAseq_30814792/SNabavi_FFPE_RNASeq_May2016-30814792/044_TNBC_non-responder/tmp/tmpwPCGct /archive/NabaviLab/TNBC_Project/fastq_raw_data/RNAseq_30814792/SNabavi_FFPE_RNASeq_May2016-30814792/044_TNBC_non-responder/tmp/tmp4Px_zj /archive/NabaviLab/TNBC_Project/fastq_raw_data/RNAseq_30814792/SNabavi_FFPE_RNASeq_May2016-30814792/044_TNBC_non-responder/tmp/tmpzHCCn1 -noHead -stepSize=5 -tileSize=11 -minScore=30 -t=DNA -q=RNA -repMatch=2253 -minIdentity=30 -maxIntron=873070
-->JOB:7-----------------------------------------------------------------
/home/abdelrahman/fusioncatcher/bin/blat-filter-fusion.sh /archive/NabaviLab/TNBC_Project/fastq_raw_data/RNAseq_30814792/SNabavi_FFPE_RNASeq_May2016-30814792/044_TNBC_non-responder/gene-gene.2bit /archive/NabaviLab/TNBC_Project/fastq_raw_data/RNAseq_30814792/SNabavi_FFPE_RNASeq_May2016-30814792/044_TNBC_non-responder/tmp/tmppJ4dyQ /archive/NabaviLab/TNBC_Project/fastq_raw_data/RNAseq_30814792/SNabavi_FFPE_RNASeq_May2016-30814792/044_TNBC_non-responder/tmp/tmpeXECUM /archive/NabaviLab/TNBC_Project/fastq_raw_data/RNAseq_30814792/SNabavi_FFPE_RNASeq_May2016-30814792/044_TNBC_non-responder/tmp/tmpocTGt2 -noHead -stepSize=5 -tileSize=11 -minScore=30 -t=DNA -q=RNA -repMatch=2253 -minIdentity=30 -maxIntron=873070
-->JOB:8-----------------------------------------------------------------
/home/abdelrahman/fusioncatcher/bin/blat-filter-fusion.sh /archive/NabaviLab/TNBC_Project/fastq_raw_data/RNAseq_30814792/SNabavi_FFPE_RNASeq_May2016-30814792/044_TNBC_non-responder/gene-gene.2bit /archive/NabaviLab/TNBC_Project/fastq_raw_data/RNAseq_30814792/SNabavi_FFPE_RNASeq_May2016-30814792/044_TNBC_non-responder/tmp/tmpRYVf9L /archive/NabaviLab/TNBC_Project/fastq_raw_data/RNAseq_30814792/SNabavi_FFPE_RNASeq_May2016-30814792/044_TNBC_non-responder/tmp/tmpZlPkEz /archive/NabaviLab/TNBC_Project/fastq_raw_data/RNAseq_30814792/SNabavi_FFPE_RNASeq_May2016-30814792/044_TNBC_non-responder/tmp/tmpeTBHSd -noHead -stepSize=5 -tileSize=11 -minScore=30 -t=DNA -q=RNA -repMatch=2253 -minIdentity=30 -maxIntron=873070
-------------------------------------------------------------------------
Waiting for BLAT to finish running...
BLAT finished running.
-------------------------------------------------------------------------
Joining BLAT's output files...
Done.
Fixing PSL...
Sorting PSL...
Processing PSL...
Sorting again...
The end.
Fixing PSL...
Sorting PSL...
Processing PSL...
Sorting again...
The end.
Reading the list of fusion genes...
Reading the transcripts' sequences...
Parsing the GTF file...
Building the database of exons and CDSes...
Predicting effect...
Reading liftover chains
Mapping coordinates
