WARNING: Cannot restart automatically because the previous log file '/archive/NabaviLab/TNBC_Project/fastq_raw_data/RNAseq_30814792/SNabavi_FFPE_RNASeq_May2016-30814792/012_normal/fusioncatcher.log' cannot be found!
The workflow will be restarted from the beginning with step 1!
overlap = 15
Reading...
 -  /archive/NabaviLab/TNBC_Project/fastq_raw_data/RNAseq_30814792/SNabavi_FFPE_RNASeq_May2016-30814792/012_normal/init-f-0_R1.fastq
 -  /archive/NabaviLab/TNBC_Project/fastq_raw_data/RNAseq_30814792/SNabavi_FFPE_RNASeq_May2016-30814792/012_normal/init-r-1_R2.fastq
Using 4 process(es)...
Reading... 10000000 reads
Reading... 20000000 reads
Reading... 30000000 reads
Reading... 40000000 reads
Total count mate reads = 48097338
Read length = 76
Writing the statistics... /archive/NabaviLab/TNBC_Project/fastq_raw_data/RNAseq_30814792/SNabavi_FFPE_RNASeq_May2016-30814792/012_normal/log_overlaps_fr_0.txt
Count overlapping pair-reads = 31995553 [66.523%]
Count wasted nucleotides = 1729841713 [35.569%]
Most common fragment size = 104 [597241 counts]
Starting...
No changes are done!
Done.
Converting...
Auto-detect found SANGER FASTQ format!
The end.
Using 4 process(es)...
Read '05Yht/1' found mapping on 1225 genes!
Using 4 process(es)...
Read '003d0/2' found mapping on 1225 genes!
Found 109759 reads with poly-A/C/G/T/N tails (equal or more 12 repeat nucleotides)
Total number of input reads = 9730585
Total number of reads written in the output = 9723039
Using 4 process(es)...
0.16756 % reads clipped due to low quality (less or equal than Q5) at 3' end (16292 out of 9723039)!
Reading the list of fusion genes...
