concatenated sample Sample_DS-bkm-087-N/
concatenated sample Sample_DS-bkm-087-T/
concatenated sample Sample_DS-bkm-094-N/
concatenated sample Sample_DS-bkm-094-T/
concatenated sample Sample_DS-bkm-098-N/
concatenated sample Sample_DS-bkm-098-T/
concatenated sample Sample_DS-bkm-102-N/
concatenated sample Sample_DS-bkm-102-T/
concatenated sample Sample_DS-bkm-110-N/
concatenated sample Sample_DS-bkm-110-T/
concatenated sample Sample_DS-bkm-117-N/
concatenated sample Sample_DS-bkm-117-T/
concatenated sample Sample_DS-bkm-119-N/
concatenated sample Sample_DS-bkm-119-T/
concatenated sample Sample_DS-bkm-125-N/
concatenated sample Sample_DS-bkm-125-T/
done concatenating all samples from instrument /archive/NabaviLab/TNBC_Project/fastq_raw_data/Project_5065_F/BRAD_0020_AC6EF0ANXX
concatenated sample Sample_DS-bkm-085-N/
concatenated sample Sample_DS-bkm-085-T/
concatenated sample Sample_DS-bkm-086-N/
concatenated sample Sample_DS-bkm-086-T/
concatenated sample Sample_DS-bkm-093-N/
concatenated sample Sample_DS-bkm-093-T/
concatenated sample Sample_DS-bkm-095-N/
concatenated sample Sample_DS-bkm-095-T/
concatenated sample Sample_DS-bkm-097-N/
concatenated sample Sample_DS-bkm-097-T/
concatenated sample Sample_DS-bkm-099-N/
concatenated sample Sample_DS-bkm-099-T/
concatenated sample Sample_DS-bkm-100-N/
concatenated sample Sample_DS-bkm-100-T/
concatenated sample Sample_DS-bkm-101-N/
concatenated sample Sample_DS-bkm-101-T/
concatenated sample Sample_DS-bkm-105-N/
concatenated sample Sample_DS-bkm-105-T/
concatenated sample Sample_DS-bkm-107-N/
concatenated sample Sample_DS-bkm-107-T/
concatenated sample Sample_DS-bkm-108-N/
concatenated sample Sample_DS-bkm-108-T/
concatenated sample Sample_DS-bkm-109-N/
concatenated sample Sample_DS-bkm-109-T/
concatenated sample Sample_DS-bkm-111-N/
concatenated sample Sample_DS-bkm-111-T/
concatenated sample Sample_DS-bkm-112-N/
concatenated sample Sample_DS-bkm-112-T/
concatenated sample Sample_DS-bkm-113-N/
concatenated sample Sample_DS-bkm-113-T/
concatenated sample Sample_DS-bkm-114-N/
concatenated sample Sample_DS-bkm-114-T/
concatenated sample Sample_DS-bkm-116-N/
concatenated sample Sample_DS-bkm-116-T/
concatenated sample Sample_DS-bkm-119-N/
concatenated sample Sample_DS-bkm-119-T/
concatenated sample Sample_DS-bkm-120-N/
concatenated sample Sample_DS-bkm-120-T/
concatenated sample Sample_DS-bkm-122-N/
concatenated sample Sample_DS-bkm-122-T/
concatenated sample Sample_DS-bkm-123-N/
concatenated sample Sample_DS-bkm-123-T/
concatenated sample Sample_DS-bkm-124-N/
concatenated sample Sample_DS-bkm-124-T/
concatenated sample Sample_DS-bkm-126-N/
concatenated sample Sample_DS-bkm-126-T/
concatenated sample Sample_DS-bkm-128-N/
concatenated sample Sample_DS-bkm-128-T/
concatenated sample Sample_DS-bkm-129-N/
concatenated sample Sample_DS-bkm-129-T1/
concatenated sample Sample_DS-bkm-129-T2/
concatenated sample Sample_DS-bkm-130-N/
concatenated sample Sample_DS-bkm-130-T/
concatenated sample Sample_DS-bkm-131-N/
concatenated sample Sample_DS-bkm-131-T/
concatenated sample Sample_DS-bkm-132-N/
concatenated sample Sample_DS-bkm-132-T/
concatenated sample Sample_DS-bkm-133-N/
concatenated sample Sample_DS-bkm-133-T/
concatenated sample Sample_DS-bkm-134-N/
concatenated sample Sample_DS-bkm-134-T/
concatenated sample Sample_DS-bkm-135-T/
concatenated sample Sample_DS-bkm-136-N/
concatenated sample Sample_DS-bkm-136-T/
concatenated sample Sample_DS-bkm-140-N/
done concatenating all samples from instrument /archive/NabaviLab/TNBC_Project/fastq_raw_data/Project_5065_F/KIM_0290_BC6833ANXX
concatenated sample Sample_DS-bkm-085-N/
concatenated sample Sample_DS-bkm-085-T/
concatenated sample Sample_DS-bkm-086-N/
concatenated sample Sample_DS-bkm-086-T/
concatenated sample Sample_DS-bkm-093-N/
concatenated sample Sample_DS-bkm-093-T/
concatenated sample Sample_DS-bkm-095-N/
concatenated sample Sample_DS-bkm-095-T/
concatenated sample Sample_DS-bkm-097-N/
concatenated sample Sample_DS-bkm-097-T/
concatenated sample Sample_DS-bkm-099-N/
concatenated sample Sample_DS-bkm-099-T/
concatenated sample Sample_DS-bkm-100-N/
concatenated sample Sample_DS-bkm-100-T/
concatenated sample Sample_DS-bkm-101-N/
concatenated sample Sample_DS-bkm-101-T/
concatenated sample Sample_DS-bkm-105-N/
concatenated sample Sample_DS-bkm-105-T/
concatenated sample Sample_DS-bkm-107-N/
concatenated sample Sample_DS-bkm-107-T/
concatenated sample Sample_DS-bkm-108-N/
concatenated sample Sample_DS-bkm-108-T/
concatenated sample Sample_DS-bkm-109-N/
concatenated sample Sample_DS-bkm-109-T/
concatenated sample Sample_DS-bkm-111-N/
concatenated sample Sample_DS-bkm-111-T/
concatenated sample Sample_DS-bkm-126-N/
concatenated sample Sample_DS-bkm-126-T/
concatenated sample Sample_DS-bkm-128-N/
concatenated sample Sample_DS-bkm-128-T/
concatenated sample Sample_DS-bkm-129-N/
concatenated sample Sample_DS-bkm-129-T1/
concatenated sample Sample_DS-bkm-129-T2/
concatenated sample Sample_DS-bkm-130-N/
concatenated sample Sample_DS-bkm-130-T/
concatenated sample Sample_DS-bkm-131-N/
concatenated sample Sample_DS-bkm-131-T/
concatenated sample Sample_DS-bkm-132-N/
concatenated sample Sample_DS-bkm-132-T/
concatenated sample Sample_DS-bkm-133-N/
concatenated sample Sample_DS-bkm-133-T/
concatenated sample Sample_DS-bkm-134-N/
concatenated sample Sample_DS-bkm-134-T/
concatenated sample Sample_DS-bkm-135-T/
concatenated sample Sample_DS-bkm-136-N/
concatenated sample Sample_DS-bkm-136-T/
concatenated sample Sample_DS-bkm-140-N/
done concatenating all samples from instrument /archive/NabaviLab/TNBC_Project/fastq_raw_data/Project_5065_F/MOMO_0046_AC683AANXX
concatenated sample Sample_DS-bkm-085-N/
concatenated sample Sample_DS-bkm-085-T/
concatenated sample Sample_DS-bkm-086-N/
concatenated sample Sample_DS-bkm-086-T/
concatenated sample Sample_DS-bkm-093-N/
concatenated sample Sample_DS-bkm-093-T/
concatenated sample Sample_DS-bkm-095-N/
concatenated sample Sample_DS-bkm-095-T/
concatenated sample Sample_DS-bkm-097-N/
concatenated sample Sample_DS-bkm-097-T/
concatenated sample Sample_DS-bkm-099-N/
concatenated sample Sample_DS-bkm-099-T/
concatenated sample Sample_DS-bkm-100-N/
concatenated sample Sample_DS-bkm-100-T/
concatenated sample Sample_DS-bkm-101-N/
concatenated sample Sample_DS-bkm-101-T/
concatenated sample Sample_DS-bkm-105-N/
concatenated sample Sample_DS-bkm-105-T/
concatenated sample Sample_DS-bkm-107-N/
concatenated sample Sample_DS-bkm-107-T/
concatenated sample Sample_DS-bkm-108-N/
concatenated sample Sample_DS-bkm-108-T/
concatenated sample Sample_DS-bkm-109-N/
concatenated sample Sample_DS-bkm-109-T/
concatenated sample Sample_DS-bkm-111-N/
concatenated sample Sample_DS-bkm-111-T/
concatenated sample Sample_DS-bkm-126-N/
concatenated sample Sample_DS-bkm-126-T/
concatenated sample Sample_DS-bkm-128-N/
concatenated sample Sample_DS-bkm-128-T/
concatenated sample Sample_DS-bkm-129-N/
concatenated sample Sample_DS-bkm-129-T1/
concatenated sample Sample_DS-bkm-129-T2/
concatenated sample Sample_DS-bkm-130-N/
concatenated sample Sample_DS-bkm-130-T/
concatenated sample Sample_DS-bkm-131-N/
concatenated sample Sample_DS-bkm-131-T/
concatenated sample Sample_DS-bkm-132-N/
concatenated sample Sample_DS-bkm-132-T/
concatenated sample Sample_DS-bkm-133-N/
concatenated sample Sample_DS-bkm-133-T/
concatenated sample Sample_DS-bkm-134-N/
concatenated sample Sample_DS-bkm-134-T/
concatenated sample Sample_DS-bkm-135-N/
concatenated sample Sample_DS-bkm-135-T/
concatenated sample Sample_DS-bkm-136-N/
concatenated sample Sample_DS-bkm-136-T/
done concatenating all samples from instrument /archive/NabaviLab/TNBC_Project/fastq_raw_data/Project_5065_F/MOMO_0047_BC67W3ANXX
