[Fri Jun 03 12:59:03 EDT 2016] picard.sam.SortSam INPUT=p_DS_bkm_097-N.sam OUTPUT=p_DS_bkm_097-N/p_DS_bkm_097-N.sorted.bam SORT_ORDER=coordinate TMP_DIR=[tmp_WT] VALIDATION_STRINGENCY=LENIENT CREATE_INDEX=true    VERBOSITY=INFO QUIET=false COMPRESSION_LEVEL=5 MAX_RECORDS_IN_RAM=500000 CREATE_MD5_FILE=false GA4GH_CLIENT_SECRETS=client_secrets.json
[Fri Jun 03 12:59:03 EDT 2016] Executing as abdelrahman@compute-1-5.local on Linux 2.6.32-279.14.1.el6.x86_64 amd64; Java HotSpot(TM) 64-Bit Server VM 1.8.0_45-b14; Picard version: 2.3.0(9a00c87b7ffdb01cfb5a0d6e76556146196babb8_1463071327) IntelDeflater
INFO	2016-06-03 13:02:31	SortSam	Read    10,000,000 records.  Elapsed time: 00:03:27s.  Time for last 10,000,000:  207s.  Last read position: chr2:114,036,071
INFO	2016-06-03 13:05:54	SortSam	Read    20,000,000 records.  Elapsed time: 00:06:50s.  Time for last 10,000,000:  203s.  Last read position: chr10:7,830,057
INFO	2016-06-03 13:09:08	SortSam	Read    30,000,000 records.  Elapsed time: 00:10:04s.  Time for last 10,000,000:  193s.  Last read position: chr10:73,578,818
INFO	2016-06-03 13:12:10	SortSam	Read    40,000,000 records.  Elapsed time: 00:13:05s.  Time for last 10,000,000:  181s.  Last read position: chr17:26,715,627
INFO	2016-06-03 13:15:15	SortSam	Read    50,000,000 records.  Elapsed time: 00:16:11s.  Time for last 10,000,000:  185s.  Last read position: chr1:24,859,828
INFO	2016-06-03 13:18:17	SortSam	Read    60,000,000 records.  Elapsed time: 00:19:13s.  Time for last 10,000,000:  182s.  Last read position: chr13:46,802,813
INFO	2016-06-03 13:21:16	SortSam	Read    70,000,000 records.  Elapsed time: 00:22:12s.  Time for last 10,000,000:  178s.  Last read position: chr15:31,218,167
INFO	2016-06-03 13:24:13	SortSam	Read    80,000,000 records.  Elapsed time: 00:25:09s.  Time for last 10,000,000:  176s.  Last read position: chr2:113,343,836
INFO	2016-06-03 13:27:20	SortSam	Read    90,000,000 records.  Elapsed time: 00:28:15s.  Time for last 10,000,000:  186s.  Last read position: chr14:75,505,067
INFO	2016-06-03 13:30:32	SortSam	Read   100,000,000 records.  Elapsed time: 00:31:27s.  Time for last 10,000,000:  191s.  Last read position: chr11:108,172,282
INFO	2016-06-03 13:33:38	SortSam	Read   110,000,000 records.  Elapsed time: 00:34:34s.  Time for last 10,000,000:  186s.  Last read position: chr10:27,023,595
INFO	2016-06-03 13:36:39	SortSam	Read   120,000,000 records.  Elapsed time: 00:37:34s.  Time for last 10,000,000:  180s.  Last read position: chr8:143,958,430
INFO	2016-06-03 13:36:48	SortSam	Finished reading inputs, merging and writing to output now.
INFO	2016-06-03 13:39:00	SortSam	Wrote    10,000,000 records from a sorting collection.  Elapsed time: 00:39:55s.  Time for last 10,000,000:  125s.  Last read position: chr1:204,228,606
INFO	2016-06-03 13:40:47	SortSam	Wrote    20,000,000 records from a sorting collection.  Elapsed time: 00:41:43s.  Time for last 10,000,000:  107s.  Last read position: chr2:230,045,550
INFO	2016-06-03 13:42:36	SortSam	Wrote    30,000,000 records from a sorting collection.  Elapsed time: 00:43:31s.  Time for last 10,000,000:  108s.  Last read position: chr4:72,897,676
INFO	2016-06-03 13:44:26	SortSam	Wrote    40,000,000 records from a sorting collection.  Elapsed time: 00:45:21s.  Time for last 10,000,000:  109s.  Last read position: chr6:31,907,010
INFO	2016-06-03 13:46:14	SortSam	Wrote    50,000,000 records from a sorting collection.  Elapsed time: 00:47:09s.  Time for last 10,000,000:  108s.  Last read position: chr7:148,895,707
INFO	2016-06-03 13:47:57	SortSam	Wrote    60,000,000 records from a sorting collection.  Elapsed time: 00:48:53s.  Time for last 10,000,000:  103s.  Last read position: chr10:15,658,565
INFO	2016-06-03 13:49:46	SortSam	Wrote    70,000,000 records from a sorting collection.  Elapsed time: 00:50:41s.  Time for last 10,000,000:  108s.  Last read position: chr11:104,212,179
INFO	2016-06-03 13:51:34	SortSam	Wrote    80,000,000 records from a sorting collection.  Elapsed time: 00:52:30s.  Time for last 10,000,000:  108s.  Last read position: chr13:114,321,845
INFO	2016-06-03 13:53:25	SortSam	Wrote    90,000,000 records from a sorting collection.  Elapsed time: 00:54:20s.  Time for last 10,000,000:  110s.  Last read position: chr16:30,005,124
INFO	2016-06-03 13:55:06	SortSam	Wrote   100,000,000 records from a sorting collection.  Elapsed time: 00:56:02s.  Time for last 10,000,000:  101s.  Last read position: chr18:18,821,916
INFO	2016-06-03 13:56:58	SortSam	Wrote   110,000,000 records from a sorting collection.  Elapsed time: 00:57:53s.  Time for last 10,000,000:  111s.  Last read position: chr20:35,672,439
INFO	2016-06-03 13:58:45	SortSam	Wrote   120,000,000 records from a sorting collection.  Elapsed time: 00:59:41s.  Time for last 10,000,000:  107s.  Last read position: chrX:153,743,982
[Fri Jun 03 13:58:55 EDT 2016] picard.sam.SortSam done. Elapsed time: 59.87 minutes.
Runtime.totalMemory()=1477443584
[Fri Jun 03 13:58:57 EDT 2016] picard.sam.markduplicates.MarkDuplicates INPUT=[p_DS_bkm_097-N/p_DS_bkm_097-N.sorted.bam] OUTPUT=p_DS_bkm_097-N/p_DS_bkm_097-N.sorted.MarkDup.bam METRICS_FILE=MarkDup_metrics TMP_DIR=[tmp] VALIDATION_STRINGENCY=SILENT CREATE_INDEX=true    MAX_SEQUENCES_FOR_DISK_READ_ENDS_MAP=50000 MAX_FILE_HANDLES_FOR_READ_ENDS_MAP=8000 SORTING_COLLECTION_SIZE_RATIO=0.25 REMOVE_SEQUENCING_DUPLICATES=false TAGGING_POLICY=DontTag REMOVE_DUPLICATES=false ASSUME_SORTED=false DUPLICATE_SCORING_STRATEGY=SUM_OF_BASE_QUALITIES PROGRAM_RECORD_ID=MarkDuplicates PROGRAM_GROUP_NAME=MarkDuplicates READ_NAME_REGEX=<optimized capture of last three ':' separated fields as numeric values> OPTICAL_DUPLICATE_PIXEL_DISTANCE=100 VERBOSITY=INFO QUIET=false COMPRESSION_LEVEL=5 MAX_RECORDS_IN_RAM=500000 CREATE_MD5_FILE=false GA4GH_CLIENT_SECRETS=client_secrets.json
[Fri Jun 03 13:58:57 EDT 2016] Executing as abdelrahman@compute-1-5.local on Linux 2.6.32-279.14.1.el6.x86_64 amd64; Java HotSpot(TM) 64-Bit Server VM 1.8.0_45-b14; Picard version: 2.3.0(9a00c87b7ffdb01cfb5a0d6e76556146196babb8_1463071327) IntelDeflater
INFO	2016-06-03 13:58:57	MarkDuplicates	Start of doWork freeMemory: 502229304; totalMemory: 506462208; maxMemory: 13362528256
INFO	2016-06-03 13:58:57	MarkDuplicates	Reading input file and constructing read end information.
INFO	2016-06-03 13:58:57	MarkDuplicates	Will retain up to 51394339 data points before spilling to disk.
INFO	2016-06-03 13:59:03	MarkDuplicates	Read     1,000,000 records.  Elapsed time: 00:00:06s.  Time for last 1,000,000:    6s.  Last read position: chr1:12,711,314
INFO	2016-06-03 13:59:03	MarkDuplicates	Tracking 4274 as yet unmatched pairs. 373 records in RAM.
INFO	2016-06-03 13:59:09	MarkDuplicates	Read     2,000,000 records.  Elapsed time: 00:00:12s.  Time for last 1,000,000:    6s.  Last read position: chr1:26,526,217
INFO	2016-06-03 13:59:09	MarkDuplicates	Tracking 7769 as yet unmatched pairs. 538 records in RAM.
INFO	2016-06-03 13:59:15	MarkDuplicates	Read     3,000,000 records.  Elapsed time: 00:00:17s.  Time for last 1,000,000:    5s.  Last read position: chr1:39,798,438
INFO	2016-06-03 13:59:15	MarkDuplicates	Tracking 11631 as yet unmatched pairs. 856 records in RAM.
INFO	2016-06-03 13:59:21	MarkDuplicates	Read     4,000,000 records.  Elapsed time: 00:00:23s.  Time for last 1,000,000:    6s.  Last read position: chr1:52,991,573
INFO	2016-06-03 13:59:21	MarkDuplicates	Tracking 15278 as yet unmatched pairs. 1049 records in RAM.
INFO	2016-06-03 13:59:27	MarkDuplicates	Read     5,000,000 records.  Elapsed time: 00:00:29s.  Time for last 1,000,000:    6s.  Last read position: chr1:86,957,104
INFO	2016-06-03 13:59:27	MarkDuplicates	Tracking 20411 as yet unmatched pairs. 1110 records in RAM.
INFO	2016-06-03 13:59:32	MarkDuplicates	Read     6,000,000 records.  Elapsed time: 00:00:34s.  Time for last 1,000,000:    4s.  Last read position: chr1:114,309,901
INFO	2016-06-03 13:59:32	MarkDuplicates	Tracking 25588 as yet unmatched pairs. 1162 records in RAM.
INFO	2016-06-03 13:59:39	MarkDuplicates	Read     7,000,000 records.  Elapsed time: 00:00:41s.  Time for last 1,000,000:    6s.  Last read position: chr1:152,284,320
INFO	2016-06-03 13:59:39	MarkDuplicates	Tracking 30918 as yet unmatched pairs. 1141 records in RAM.
INFO	2016-06-03 13:59:46	MarkDuplicates	Read     8,000,000 records.  Elapsed time: 00:00:48s.  Time for last 1,000,000:    7s.  Last read position: chr1:159,779,461
INFO	2016-06-03 13:59:46	MarkDuplicates	Tracking 33770 as yet unmatched pairs. 1142 records in RAM.
INFO	2016-06-03 13:59:50	MarkDuplicates	Read     9,000,000 records.  Elapsed time: 00:00:52s.  Time for last 1,000,000:    4s.  Last read position: chr1:179,564,850
INFO	2016-06-03 13:59:50	MarkDuplicates	Tracking 37734 as yet unmatched pairs. 1042 records in RAM.
INFO	2016-06-03 13:59:59	MarkDuplicates	Read    10,000,000 records.  Elapsed time: 00:01:01s.  Time for last 1,000,000:    8s.  Last read position: chr1:204,228,606
INFO	2016-06-03 13:59:59	MarkDuplicates	Tracking 42048 as yet unmatched pairs. 803 records in RAM.
INFO	2016-06-03 14:00:03	MarkDuplicates	Read    11,000,000 records.  Elapsed time: 00:01:05s.  Time for last 1,000,000:    4s.  Last read position: chr1:227,222,460
INFO	2016-06-03 14:00:03	MarkDuplicates	Tracking 46258 as yet unmatched pairs. 450 records in RAM.
INFO	2016-06-03 14:00:14	MarkDuplicates	Read    12,000,000 records.  Elapsed time: 00:01:16s.  Time for last 1,000,000:   10s.  Last read position: chr2:3,193,735
INFO	2016-06-03 14:00:14	MarkDuplicates	Tracking 50761 as yet unmatched pairs. 5921 records in RAM.
INFO	2016-06-03 14:00:18	MarkDuplicates	Read    13,000,000 records.  Elapsed time: 00:01:20s.  Time for last 1,000,000:    4s.  Last read position: chr2:28,627,102
INFO	2016-06-03 14:00:18	MarkDuplicates	Tracking 55077 as yet unmatched pairs. 6222 records in RAM.
INFO	2016-06-03 14:00:27	MarkDuplicates	Read    14,000,000 records.  Elapsed time: 00:01:29s.  Time for last 1,000,000:    8s.  Last read position: chr2:58,315,544
INFO	2016-06-03 14:00:27	MarkDuplicates	Tracking 72873 as yet unmatched pairs. 5103 records in RAM.
INFO	2016-06-03 14:00:31	MarkDuplicates	Read    15,000,000 records.  Elapsed time: 00:01:33s.  Time for last 1,000,000:    4s.  Last read position: chr2:86,267,230
INFO	2016-06-03 14:00:31	MarkDuplicates	Tracking 76656 as yet unmatched pairs. 4678 records in RAM.
INFO	2016-06-03 14:00:40	MarkDuplicates	Read    16,000,000 records.  Elapsed time: 00:01:42s.  Time for last 1,000,000:    9s.  Last read position: chr2:119,748,041
INFO	2016-06-03 14:00:40	MarkDuplicates	Tracking 82876 as yet unmatched pairs. 4187 records in RAM.
INFO	2016-06-03 14:00:44	MarkDuplicates	Read    17,000,000 records.  Elapsed time: 00:01:47s.  Time for last 1,000,000:    4s.  Last read position: chr2:160,303,243
INFO	2016-06-03 14:00:44	MarkDuplicates	Tracking 90774 as yet unmatched pairs. 3204 records in RAM.
INFO	2016-06-03 14:00:54	MarkDuplicates	Read    18,000,000 records.  Elapsed time: 00:01:57s.  Time for last 1,000,000:    9s.  Last read position: chr2:179,582,451
INFO	2016-06-03 14:00:54	MarkDuplicates	Tracking 93870 as yet unmatched pairs. 2623 records in RAM.
INFO	2016-06-03 14:00:58	MarkDuplicates	Read    19,000,000 records.  Elapsed time: 00:02:01s.  Time for last 1,000,000:    3s.  Last read position: chr2:207,173,958
INFO	2016-06-03 14:00:58	MarkDuplicates	Tracking 97460 as yet unmatched pairs. 1858 records in RAM.
INFO	2016-06-03 14:01:04	MarkDuplicates	Read    20,000,000 records.  Elapsed time: 00:02:07s.  Time for last 1,000,000:    6s.  Last read position: chr2:230,045,550
INFO	2016-06-03 14:01:04	MarkDuplicates	Tracking 100482 as yet unmatched pairs. 763 records in RAM.
INFO	2016-06-03 14:01:08	MarkDuplicates	Read    21,000,000 records.  Elapsed time: 00:02:11s.  Time for last 1,000,000:    3s.  Last read position: chr3:9,478,662
INFO	2016-06-03 14:01:08	MarkDuplicates	Tracking 103188 as yet unmatched pairs. 6558 records in RAM.
INFO	2016-06-03 14:01:21	MarkDuplicates	Read    22,000,000 records.  Elapsed time: 00:02:23s.  Time for last 1,000,000:   12s.  Last read position: chr3:38,052,831
INFO	2016-06-03 14:01:21	MarkDuplicates	Tracking 106470 as yet unmatched pairs. 5911 records in RAM.
INFO	2016-06-03 14:01:25	MarkDuplicates	Read    23,000,000 records.  Elapsed time: 00:02:27s.  Time for last 1,000,000:    3s.  Last read position: chr3:49,138,223
INFO	2016-06-03 14:01:25	MarkDuplicates	Tracking 108556 as yet unmatched pairs. 5389 records in RAM.
INFO	2016-06-03 14:01:30	MarkDuplicates	Read    24,000,000 records.  Elapsed time: 00:02:32s.  Time for last 1,000,000:    4s.  Last read position: chr3:58,817,477
INFO	2016-06-03 14:01:30	MarkDuplicates	Tracking 110452 as yet unmatched pairs. 4852 records in RAM.
INFO	2016-06-03 14:01:33	MarkDuplicates	Read    25,000,000 records.  Elapsed time: 00:02:36s.  Time for last 1,000,000:    3s.  Last read position: chr3:113,377,581
INFO	2016-06-03 14:01:33	MarkDuplicates	Tracking 114880 as yet unmatched pairs. 3591 records in RAM.
INFO	2016-06-03 14:01:41	MarkDuplicates	Read    26,000,000 records.  Elapsed time: 00:02:43s.  Time for last 1,000,000:    7s.  Last read position: chr3:133,379,830
INFO	2016-06-03 14:01:41	MarkDuplicates	Tracking 117169 as yet unmatched pairs. 2635 records in RAM.
INFO	2016-06-03 14:01:45	MarkDuplicates	Read    27,000,000 records.  Elapsed time: 00:02:47s.  Time for last 1,000,000:    3s.  Last read position: chr3:170,198,083
INFO	2016-06-03 14:01:45	MarkDuplicates	Tracking 120584 as yet unmatched pairs. 1492 records in RAM.
INFO	2016-06-03 14:01:55	MarkDuplicates	Read    28,000,000 records.  Elapsed time: 00:02:58s.  Time for last 1,000,000:   10s.  Last read position: chr3:197,421,517
INFO	2016-06-03 14:01:55	MarkDuplicates	Tracking 123138 as yet unmatched pairs. 82 records in RAM.
INFO	2016-06-03 14:02:00	MarkDuplicates	Read    29,000,000 records.  Elapsed time: 00:03:03s.  Time for last 1,000,000:    4s.  Last read position: chr4:26,641,847
INFO	2016-06-03 14:02:00	MarkDuplicates	Tracking 125767 as yet unmatched pairs. 7724 records in RAM.
INFO	2016-06-03 14:02:06	MarkDuplicates	Read    30,000,000 records.  Elapsed time: 00:03:08s.  Time for last 1,000,000:    5s.  Last read position: chr4:72,897,676
INFO	2016-06-03 14:02:06	MarkDuplicates	Tracking 131072 as yet unmatched pairs. 5436 records in RAM.
INFO	2016-06-03 14:02:10	MarkDuplicates	Read    31,000,000 records.  Elapsed time: 00:03:12s.  Time for last 1,000,000:    3s.  Last read position: chr4:106,744,061
INFO	2016-06-03 14:02:10	MarkDuplicates	Tracking 133976 as yet unmatched pairs. 3686 records in RAM.
INFO	2016-06-03 14:02:20	MarkDuplicates	Read    32,000,000 records.  Elapsed time: 00:03:23s.  Time for last 1,000,000:   10s.  Last read position: chr4:152,054,000
INFO	2016-06-03 14:02:20	MarkDuplicates	Tracking 137007 as yet unmatched pairs. 1871 records in RAM.
INFO	2016-06-03 14:02:24	MarkDuplicates	Read    33,000,000 records.  Elapsed time: 00:03:27s.  Time for last 1,000,000:    4s.  Last read position: chr5:1,401,088
INFO	2016-06-03 14:02:24	MarkDuplicates	Tracking 139782 as yet unmatched pairs. 10017 records in RAM.
INFO	2016-06-03 14:02:36	MarkDuplicates	Read    34,000,000 records.  Elapsed time: 00:03:38s.  Time for last 1,000,000:   11s.  Last read position: chr5:53,846,461
INFO	2016-06-03 14:02:36	MarkDuplicates	Tracking 142613 as yet unmatched pairs. 7966 records in RAM.
INFO	2016-06-03 14:02:40	MarkDuplicates	Read    35,000,000 records.  Elapsed time: 00:03:42s.  Time for last 1,000,000:    4s.  Last read position: chr5:89,816,265
INFO	2016-06-03 14:02:40	MarkDuplicates	Tracking 144687 as yet unmatched pairs. 5775 records in RAM.
INFO	2016-06-03 14:02:46	MarkDuplicates	Read    36,000,000 records.  Elapsed time: 00:03:48s.  Time for last 1,000,000:    5s.  Last read position: chr5:133,537,650
INFO	2016-06-03 14:02:46	MarkDuplicates	Tracking 147088 as yet unmatched pairs. 3582 records in RAM.
INFO	2016-06-03 14:02:50	MarkDuplicates	Read    37,000,000 records.  Elapsed time: 00:03:52s.  Time for last 1,000,000:    4s.  Last read position: chr5:147,821,425
INFO	2016-06-03 14:02:50	MarkDuplicates	Tracking 148435 as yet unmatched pairs. 2362 records in RAM.
INFO	2016-06-03 14:02:57	MarkDuplicates	Read    38,000,000 records.  Elapsed time: 00:04:00s.  Time for last 1,000,000:    7s.  Last read position: chr5:176,308,807
INFO	2016-06-03 14:02:57	MarkDuplicates	Tracking 150089 as yet unmatched pairs. 676 records in RAM.
INFO	2016-06-03 14:03:02	MarkDuplicates	Read    39,000,000 records.  Elapsed time: 00:04:04s.  Time for last 1,000,000:    4s.  Last read position: chr6:20,558,659
INFO	2016-06-03 14:03:02	MarkDuplicates	Tracking 151553 as yet unmatched pairs. 10705 records in RAM.
INFO	2016-06-03 14:03:14	MarkDuplicates	Read    40,000,000 records.  Elapsed time: 00:04:17s.  Time for last 1,000,000:   12s.  Last read position: chr6:31,907,010
INFO	2016-06-03 14:03:14	MarkDuplicates	Tracking 152626 as yet unmatched pairs. 9625 records in RAM.
INFO	2016-06-03 14:03:18	MarkDuplicates	Read    41,000,000 records.  Elapsed time: 00:04:21s.  Time for last 1,000,000:    4s.  Last read position: chr6:42,637,971
INFO	2016-06-03 14:03:18	MarkDuplicates	Tracking 153366 as yet unmatched pairs. 8364 records in RAM.
INFO	2016-06-03 14:03:23	MarkDuplicates	Read    42,000,000 records.  Elapsed time: 00:04:25s.  Time for last 1,000,000:    4s.  Last read position: chr6:72,011,600
INFO	2016-06-03 14:03:23	MarkDuplicates	Tracking 154770 as yet unmatched pairs. 6572 records in RAM.
INFO	2016-06-03 14:03:28	MarkDuplicates	Read    43,000,000 records.  Elapsed time: 00:04:31s.  Time for last 1,000,000:    5s.  Last read position: chr6:111,650,731
INFO	2016-06-03 14:03:28	MarkDuplicates	Tracking 156167 as yet unmatched pairs. 4388 records in RAM.
INFO	2016-06-03 14:03:32	MarkDuplicates	Read    44,000,000 records.  Elapsed time: 00:04:35s.  Time for last 1,000,000:    3s.  Last read position: chr6:147,006,363
INFO	2016-06-03 14:03:32	MarkDuplicates	Tracking 157274 as yet unmatched pairs. 1920 records in RAM.
INFO	2016-06-03 14:03:40	MarkDuplicates	Read    45,000,000 records.  Elapsed time: 00:04:43s.  Time for last 1,000,000:    8s.  Last read position: chr7:2,646,810
INFO	2016-06-03 14:03:40	MarkDuplicates	Tracking 158246 as yet unmatched pairs. 12774 records in RAM.
INFO	2016-06-03 14:03:44	MarkDuplicates	Read    46,000,000 records.  Elapsed time: 00:04:47s.  Time for last 1,000,000:    3s.  Last read position: chr7:36,713,347
INFO	2016-06-03 14:03:44	MarkDuplicates	Tracking 159275 as yet unmatched pairs. 10512 records in RAM.
INFO	2016-06-03 14:03:54	MarkDuplicates	Read    47,000,000 records.  Elapsed time: 00:04:57s.  Time for last 1,000,000:    9s.  Last read position: chr7:76,062,282
INFO	2016-06-03 14:03:54	MarkDuplicates	Tracking 160305 as yet unmatched pairs. 7754 records in RAM.
INFO	2016-06-03 14:03:58	MarkDuplicates	Read    48,000,000 records.  Elapsed time: 00:05:01s.  Time for last 1,000,000:    4s.  Last read position: chr7:100,285,577
INFO	2016-06-03 14:03:58	MarkDuplicates	Tracking 160978 as yet unmatched pairs. 5725 records in RAM.
INFO	2016-06-03 14:04:15	MarkDuplicates	Read    49,000,000 records.  Elapsed time: 00:05:17s.  Time for last 1,000,000:   16s.  Last read position: chr7:127,953,324
INFO	2016-06-03 14:04:15	MarkDuplicates	Tracking 161740 as yet unmatched pairs. 3285 records in RAM.
INFO	2016-06-03 14:04:19	MarkDuplicates	Read    50,000,000 records.  Elapsed time: 00:05:22s.  Time for last 1,000,000:    4s.  Last read position: chr7:148,895,707
INFO	2016-06-03 14:04:19	MarkDuplicates	Tracking 162325 as yet unmatched pairs. 1228 records in RAM.
INFO	2016-06-03 14:04:25	MarkDuplicates	Read    51,000,000 records.  Elapsed time: 00:05:28s.  Time for last 1,000,000:    6s.  Last read position: chr8:19,675,538
INFO	2016-06-03 14:04:25	MarkDuplicates	Tracking 162640 as yet unmatched pairs. 10052 records in RAM.
INFO	2016-06-03 14:05:26	MarkDuplicates	Read    52,000,000 records.  Elapsed time: 00:06:28s.  Time for last 1,000,000:   60s.  Last read position: chr8:42,611,689
INFO	2016-06-03 14:05:26	MarkDuplicates	Tracking 163075 as yet unmatched pairs. 8084 records in RAM.
INFO	2016-06-03 14:05:31	MarkDuplicates	Read    53,000,000 records.  Elapsed time: 00:06:33s.  Time for last 1,000,000:    4s.  Last read position: chr8:92,256,829
INFO	2016-06-03 14:05:31	MarkDuplicates	Tracking 163538 as yet unmatched pairs. 4585 records in RAM.
INFO	2016-06-03 14:05:35	MarkDuplicates	Read    54,000,000 records.  Elapsed time: 00:06:37s.  Time for last 1,000,000:    4s.  Last read position: chr8:133,153,518
INFO	2016-06-03 14:05:35	MarkDuplicates	Tracking 164124 as yet unmatched pairs. 1785 records in RAM.
INFO	2016-06-03 14:05:41	MarkDuplicates	Read    55,000,000 records.  Elapsed time: 00:06:43s.  Time for last 1,000,000:    6s.  Last read position: chr9:8,636,643
INFO	2016-06-03 14:05:41	MarkDuplicates	Tracking 163865 as yet unmatched pairs. 11792 records in RAM.
INFO	2016-06-03 14:05:45	MarkDuplicates	Read    56,000,000 records.  Elapsed time: 00:06:47s.  Time for last 1,000,000:    3s.  Last read position: chr9:46,093,234
INFO	2016-06-03 14:05:45	MarkDuplicates	Tracking 163622 as yet unmatched pairs. 8737 records in RAM.
INFO	2016-06-03 14:05:51	MarkDuplicates	Read    57,000,000 records.  Elapsed time: 00:06:54s.  Time for last 1,000,000:    6s.  Last read position: chr9:100,843,073
INFO	2016-06-03 14:05:51	MarkDuplicates	Tracking 163714 as yet unmatched pairs. 5332 records in RAM.
INFO	2016-06-03 14:05:56	MarkDuplicates	Read    58,000,000 records.  Elapsed time: 00:06:58s.  Time for last 1,000,000:    4s.  Last read position: chr9:125,772,729
INFO	2016-06-03 14:05:56	MarkDuplicates	Tracking 163463 as yet unmatched pairs. 2919 records in RAM.
INFO	2016-06-03 14:06:06	MarkDuplicates	Read    59,000,000 records.  Elapsed time: 00:07:08s.  Time for last 1,000,000:   10s.  Last read position: chr9:137,166,692
INFO	2016-06-03 14:06:06	MarkDuplicates	Tracking 163077 as yet unmatched pairs. 888 records in RAM.
INFO	2016-06-03 14:06:11	MarkDuplicates	Read    60,000,000 records.  Elapsed time: 00:07:13s.  Time for last 1,000,000:    4s.  Last read position: chr10:15,658,565
INFO	2016-06-03 14:06:11	MarkDuplicates	Tracking 162719 as yet unmatched pairs. 15401 records in RAM.
INFO	2016-06-03 14:06:16	MarkDuplicates	Read    61,000,000 records.  Elapsed time: 00:07:19s.  Time for last 1,000,000:    5s.  Last read position: chr10:52,008,351
INFO	2016-06-03 14:06:16	MarkDuplicates	Tracking 162221 as yet unmatched pairs. 9853 records in RAM.
INFO	2016-06-03 14:06:21	MarkDuplicates	Read    62,000,000 records.  Elapsed time: 00:07:23s.  Time for last 1,000,000:    4s.  Last read position: chr10:82,111,765
INFO	2016-06-03 14:06:21	MarkDuplicates	Tracking 161644 as yet unmatched pairs. 7073 records in RAM.
INFO	2016-06-03 14:06:27	MarkDuplicates	Read    63,000,000 records.  Elapsed time: 00:07:29s.  Time for last 1,000,000:    6s.  Last read position: chr10:103,436,271
INFO	2016-06-03 14:06:27	MarkDuplicates	Tracking 160818 as yet unmatched pairs. 4219 records in RAM.
INFO	2016-06-03 14:06:31	MarkDuplicates	Read    64,000,000 records.  Elapsed time: 00:07:33s.  Time for last 1,000,000:    3s.  Last read position: chr10:127,210,695
INFO	2016-06-03 14:06:31	MarkDuplicates	Tracking 159951 as yet unmatched pairs. 1219 records in RAM.
INFO	2016-06-03 14:06:38	MarkDuplicates	Read    65,000,000 records.  Elapsed time: 00:07:41s.  Time for last 1,000,000:    7s.  Last read position: chr11:5,345,122
INFO	2016-06-03 14:06:38	MarkDuplicates	Tracking 158867 as yet unmatched pairs. 17184 records in RAM.
INFO	2016-06-03 14:06:42	MarkDuplicates	Read    66,000,000 records.  Elapsed time: 00:07:45s.  Time for last 1,000,000:    3s.  Last read position: chr11:20,077,323
INFO	2016-06-03 14:06:42	MarkDuplicates	Tracking 157961 as yet unmatched pairs. 14932 records in RAM.
INFO	2016-06-03 14:06:52	MarkDuplicates	Read    67,000,000 records.  Elapsed time: 00:07:54s.  Time for last 1,000,000:    9s.  Last read position: chr11:56,396,993
INFO	2016-06-03 14:06:52	MarkDuplicates	Tracking 156616 as yet unmatched pairs. 11230 records in RAM.
INFO	2016-06-03 14:06:56	MarkDuplicates	Read    68,000,000 records.  Elapsed time: 00:07:58s.  Time for last 1,000,000:    4s.  Last read position: chr11:64,591,920
INFO	2016-06-03 14:06:56	MarkDuplicates	Tracking 155855 as yet unmatched pairs. 9327 records in RAM.
INFO	2016-06-03 14:07:01	MarkDuplicates	Read    69,000,000 records.  Elapsed time: 00:08:03s.  Time for last 1,000,000:    5s.  Last read position: chr11:72,437,717
INFO	2016-06-03 14:07:01	MarkDuplicates	Tracking 154976 as yet unmatched pairs. 7364 records in RAM.
INFO	2016-06-03 14:07:05	MarkDuplicates	Read    70,000,000 records.  Elapsed time: 00:08:07s.  Time for last 1,000,000:    4s.  Last read position: chr11:104,212,179
INFO	2016-06-03 14:07:05	MarkDuplicates	Tracking 153842 as yet unmatched pairs. 4016 records in RAM.
INFO	2016-06-03 14:07:11	MarkDuplicates	Read    71,000,000 records.  Elapsed time: 00:08:13s.  Time for last 1,000,000:    5s.  Last read position: chr11:122,831,425
INFO	2016-06-03 14:07:11	MarkDuplicates	Tracking 152805 as yet unmatched pairs. 1464 records in RAM.
INFO	2016-06-03 14:07:15	MarkDuplicates	Read    72,000,000 records.  Elapsed time: 00:08:18s.  Time for last 1,000,000:    4s.  Last read position: chr12:6,927,672
INFO	2016-06-03 14:07:15	MarkDuplicates	Tracking 151733 as yet unmatched pairs. 18212 records in RAM.
INFO	2016-06-03 14:07:19	MarkDuplicates	Read    73,000,000 records.  Elapsed time: 00:08:22s.  Time for last 1,000,000:    4s.  Last read position: chr12:32,135,864
INFO	2016-06-03 14:07:19	MarkDuplicates	Tracking 150452 as yet unmatched pairs. 15251 records in RAM.
INFO	2016-06-03 14:07:25	MarkDuplicates	Read    74,000,000 records.  Elapsed time: 00:08:28s.  Time for last 1,000,000:    6s.  Last read position: chr12:53,070,929
INFO	2016-06-03 14:07:25	MarkDuplicates	Tracking 149093 as yet unmatched pairs. 12424 records in RAM.
INFO	2016-06-03 14:07:30	MarkDuplicates	Read    75,000,000 records.  Elapsed time: 00:08:32s.  Time for last 1,000,000:    4s.  Last read position: chr12:62,877,797
INFO	2016-06-03 14:07:30	MarkDuplicates	Tracking 147996 as yet unmatched pairs. 10226 records in RAM.
INFO	2016-06-03 14:07:40	MarkDuplicates	Read    76,000,000 records.  Elapsed time: 00:08:43s.  Time for last 1,000,000:   10s.  Last read position: chr12:101,723,181
INFO	2016-06-03 14:07:40	MarkDuplicates	Tracking 145739 as yet unmatched pairs. 5657 records in RAM.
INFO	2016-06-03 14:07:44	MarkDuplicates	Read    77,000,000 records.  Elapsed time: 00:08:47s.  Time for last 1,000,000:    4s.  Last read position: chr12:120,628,003
INFO	2016-06-03 14:07:44	MarkDuplicates	Tracking 144052 as yet unmatched pairs. 2486 records in RAM.
INFO	2016-06-03 14:07:50	MarkDuplicates	Read    78,000,000 records.  Elapsed time: 00:08:52s.  Time for last 1,000,000:    5s.  Last read position: chr13:25,068,688
INFO	2016-06-03 14:07:50	MarkDuplicates	Tracking 142275 as yet unmatched pairs. 9600 records in RAM.
INFO	2016-06-03 14:07:54	MarkDuplicates	Read    79,000,000 records.  Elapsed time: 00:08:56s.  Time for last 1,000,000:    4s.  Last read position: chr13:52,718,900
INFO	2016-06-03 14:07:54	MarkDuplicates	Tracking 140169 as yet unmatched pairs. 5905 records in RAM.
INFO	2016-06-03 14:08:00	MarkDuplicates	Read    80,000,000 records.  Elapsed time: 00:09:03s.  Time for last 1,000,000:    6s.  Last read position: chr13:114,321,845
INFO	2016-06-03 14:08:00	MarkDuplicates	Tracking 136923 as yet unmatched pairs. 290 records in RAM.
INFO	2016-06-03 14:08:05	MarkDuplicates	Read    81,000,000 records.  Elapsed time: 00:09:08s.  Time for last 1,000,000:    4s.  Last read position: chr14:31,774,115
INFO	2016-06-03 14:08:05	MarkDuplicates	Tracking 135261 as yet unmatched pairs. 10649 records in RAM.
INFO	2016-06-03 14:08:12	MarkDuplicates	Read    82,000,000 records.  Elapsed time: 00:09:14s.  Time for last 1,000,000:    6s.  Last read position: chr14:65,210,154
INFO	2016-06-03 14:08:12	MarkDuplicates	Tracking 132686 as yet unmatched pairs. 6529 records in RAM.
INFO	2016-06-03 14:08:16	MarkDuplicates	Read    83,000,000 records.  Elapsed time: 00:09:18s.  Time for last 1,000,000:    4s.  Last read position: chr14:92,251,419
INFO	2016-06-03 14:08:16	MarkDuplicates	Tracking 130299 as yet unmatched pairs. 2746 records in RAM.
INFO	2016-06-03 14:08:27	MarkDuplicates	Read    84,000,000 records.  Elapsed time: 00:09:30s.  Time for last 1,000,000:   11s.  Last read position: chr15:23,811,425
INFO	2016-06-03 14:08:27	MarkDuplicates	Tracking 128328 as yet unmatched pairs. 13328 records in RAM.
INFO	2016-06-03 14:08:31	MarkDuplicates	Read    85,000,000 records.  Elapsed time: 00:09:34s.  Time for last 1,000,000:    3s.  Last read position: chr15:42,984,269
INFO	2016-06-03 14:08:31	MarkDuplicates	Tracking 126304 as yet unmatched pairs. 10289 records in RAM.
INFO	2016-06-03 14:08:36	MarkDuplicates	Read    86,000,000 records.  Elapsed time: 00:09:39s.  Time for last 1,000,000:    5s.  Last read position: chr15:62,994,887
INFO	2016-06-03 14:08:36	MarkDuplicates	Tracking 123839 as yet unmatched pairs. 6677 records in RAM.
INFO	2016-06-03 14:08:40	MarkDuplicates	Read    87,000,000 records.  Elapsed time: 00:09:43s.  Time for last 1,000,000:    4s.  Last read position: chr15:78,878,920
INFO	2016-06-03 14:08:40	MarkDuplicates	Tracking 121509 as yet unmatched pairs. 3362 records in RAM.
INFO	2016-06-03 14:08:49	MarkDuplicates	Read    88,000,000 records.  Elapsed time: 00:09:51s.  Time for last 1,000,000:    8s.  Last read position: chr16:425,131
INFO	2016-06-03 14:08:49	MarkDuplicates	Tracking 119142 as yet unmatched pairs. 17691 records in RAM.
INFO	2016-06-03 14:08:53	MarkDuplicates	Read    89,000,000 records.  Elapsed time: 00:09:55s.  Time for last 1,000,000:    4s.  Last read position: chr16:11,000,873
INFO	2016-06-03 14:08:53	MarkDuplicates	Tracking 117157 as yet unmatched pairs. 15025 records in RAM.
INFO	2016-06-03 14:09:00	MarkDuplicates	Read    90,000,000 records.  Elapsed time: 00:10:03s.  Time for last 1,000,000:    7s.  Last read position: chr16:30,005,124
INFO	2016-06-03 14:09:00	MarkDuplicates	Tracking 114579 as yet unmatched pairs. 11557 records in RAM.
INFO	2016-06-03 14:09:05	MarkDuplicates	Read    91,000,000 records.  Elapsed time: 00:10:07s.  Time for last 1,000,000:    4s.  Last read position: chr16:57,735,825
INFO	2016-06-03 14:09:05	MarkDuplicates	Tracking 111004 as yet unmatched pairs. 6246 records in RAM.
INFO	2016-06-03 14:09:21	MarkDuplicates	Read    92,000,000 records.  Elapsed time: 00:10:23s.  Time for last 1,000,000:   16s.  Last read position: chr16:72,984,448
INFO	2016-06-03 14:09:21	MarkDuplicates	Tracking 108804 as yet unmatched pairs. 3107 records in RAM.
INFO	2016-06-03 14:09:25	MarkDuplicates	Read    93,000,000 records.  Elapsed time: 00:10:28s.  Time for last 1,000,000:    4s.  Last read position: chr17:2,276,243
INFO	2016-06-03 14:09:25	MarkDuplicates	Tracking 105894 as yet unmatched pairs. 20484 records in RAM.
INFO	2016-06-03 14:09:29	MarkDuplicates	Read    94,000,000 records.  Elapsed time: 00:10:32s.  Time for last 1,000,000:    4s.  Last read position: chr17:8,160,267
INFO	2016-06-03 14:09:29	MarkDuplicates	Tracking 104147 as yet unmatched pairs. 18270 records in RAM.
INFO	2016-06-03 14:09:35	MarkDuplicates	Read    95,000,000 records.  Elapsed time: 00:10:38s.  Time for last 1,000,000:    5s.  Last read position: chr17:27,005,086
INFO	2016-06-03 14:09:35	MarkDuplicates	Tracking 101364 as yet unmatched pairs. 14686 records in RAM.
INFO	2016-06-03 14:09:39	MarkDuplicates	Read    96,000,000 records.  Elapsed time: 00:10:42s.  Time for last 1,000,000:    4s.  Last read position: chr17:38,508,431
INFO	2016-06-03 14:09:39	MarkDuplicates	Tracking 98786 as yet unmatched pairs. 11504 records in RAM.
INFO	2016-06-03 14:09:47	MarkDuplicates	Read    97,000,000 records.  Elapsed time: 00:10:50s.  Time for last 1,000,000:    7s.  Last read position: chr17:46,259,721
INFO	2016-06-03 14:09:47	MarkDuplicates	Tracking 96238 as yet unmatched pairs. 8354 records in RAM.
INFO	2016-06-03 14:09:52	MarkDuplicates	Read    98,000,000 records.  Elapsed time: 00:10:54s.  Time for last 1,000,000:    4s.  Last read position: chr17:62,530,717
INFO	2016-06-03 14:09:52	MarkDuplicates	Tracking 93475 as yet unmatched pairs. 4938 records in RAM.
INFO	2016-06-03 14:10:01	MarkDuplicates	Read    99,000,000 records.  Elapsed time: 00:11:03s.  Time for last 1,000,000:    9s.  Last read position: chr17:76,886,715
INFO	2016-06-03 14:10:01	MarkDuplicates	Tracking 90610 as yet unmatched pairs. 1431 records in RAM.
INFO	2016-06-03 14:10:05	MarkDuplicates	Read   100,000,000 records.  Elapsed time: 00:11:08s.  Time for last 1,000,000:    4s.  Last read position: chr18:18,821,916
INFO	2016-06-03 14:10:05	MarkDuplicates	Tracking 86824 as yet unmatched pairs. 8016 records in RAM.
INFO	2016-06-03 14:10:12	MarkDuplicates	Read   101,000,000 records.  Elapsed time: 00:11:15s.  Time for last 1,000,000:    6s.  Last read position: chr18:58,039,209
INFO	2016-06-03 14:10:12	MarkDuplicates	Tracking 82412 as yet unmatched pairs. 2714 records in RAM.
INFO	2016-06-03 14:10:16	MarkDuplicates	Read   102,000,000 records.  Elapsed time: 00:11:19s.  Time for last 1,000,000:    4s.  Last read position: chr19:4,307,955
INFO	2016-06-03 14:10:16	MarkDuplicates	Tracking 78555 as yet unmatched pairs. 21548 records in RAM.
INFO	2016-06-03 14:10:32	MarkDuplicates	Read   103,000,000 records.  Elapsed time: 00:11:34s.  Time for last 1,000,000:   15s.  Last read position: chr19:10,747,336
INFO	2016-06-03 14:10:32	MarkDuplicates	Tracking 75962 as yet unmatched pairs. 18644 records in RAM.
INFO	2016-06-03 14:12:38	MarkDuplicates	Read   104,000,000 records.  Elapsed time: 00:13:40s.  Time for last 1,000,000:  126s.  Last read position: chr19:17,430,620
INFO	2016-06-03 14:12:38	MarkDuplicates	Tracking 73317 as yet unmatched pairs. 15663 records in RAM.
INFO	2016-06-03 14:12:42	MarkDuplicates	Read   105,000,000 records.  Elapsed time: 00:13:45s.  Time for last 1,000,000:    4s.  Last read position: chr19:36,370,009
INFO	2016-06-03 14:12:42	MarkDuplicates	Tracking 68394 as yet unmatched pairs. 10256 records in RAM.
INFO	2016-06-03 14:12:46	MarkDuplicates	Read   106,000,000 records.  Elapsed time: 00:13:49s.  Time for last 1,000,000:    3s.  Last read position: chr19:42,872,403
INFO	2016-06-03 14:12:46	MarkDuplicates	Tracking 65975 as yet unmatched pairs. 7578 records in RAM.
INFO	2016-06-03 14:12:52	MarkDuplicates	Read   107,000,000 records.  Elapsed time: 00:13:54s.  Time for last 1,000,000:    5s.  Last read position: chr19:49,954,670
INFO	2016-06-03 14:12:52	MarkDuplicates	Tracking 63232 as yet unmatched pairs. 4504 records in RAM.
INFO	2016-06-03 14:12:55	MarkDuplicates	Read   108,000,000 records.  Elapsed time: 00:13:58s.  Time for last 1,000,000:    3s.  Last read position: chr19:56,052,265
INFO	2016-06-03 14:12:55	MarkDuplicates	Tracking 60600 as yet unmatched pairs. 1523 records in RAM.
INFO	2016-06-03 14:13:02	MarkDuplicates	Read   109,000,000 records.  Elapsed time: 00:14:05s.  Time for last 1,000,000:    7s.  Last read position: chr20:10,644,596
INFO	2016-06-03 14:13:02	MarkDuplicates	Tracking 57385 as yet unmatched pairs. 10769 records in RAM.
INFO	2016-06-03 14:13:06	MarkDuplicates	Read   110,000,000 records.  Elapsed time: 00:14:09s.  Time for last 1,000,000:    3s.  Last read position: chr20:35,672,439
INFO	2016-06-03 14:13:06	MarkDuplicates	Tracking 53562 as yet unmatched pairs. 5979 records in RAM.
INFO	2016-06-03 14:13:10	MarkDuplicates	Read   111,000,000 records.  Elapsed time: 00:14:12s.  Time for last 1,000,000:    3s.  Last read position: chr20:56,794,324
INFO	2016-06-03 14:13:10	MarkDuplicates	Tracking 49657 as yet unmatched pairs. 1744 records in RAM.
INFO	2016-06-03 14:13:16	MarkDuplicates	Read   112,000,000 records.  Elapsed time: 00:14:19s.  Time for last 1,000,000:    6s.  Last read position: chr21:35,107,625
INFO	2016-06-03 14:13:16	MarkDuplicates	Tracking 43340 as yet unmatched pairs. 2992 records in RAM.
INFO	2016-06-03 14:13:20	MarkDuplicates	Read   113,000,000 records.  Elapsed time: 00:14:23s.  Time for last 1,000,000:    4s.  Last read position: chr22:19,960,394
INFO	2016-06-03 14:13:20	MarkDuplicates	Tracking 39860 as yet unmatched pairs. 8374 records in RAM.
INFO	2016-06-03 14:13:31	MarkDuplicates	Read   114,000,000 records.  Elapsed time: 00:14:33s.  Time for last 1,000,000:   10s.  Last read position: chr22:32,546,862
INFO	2016-06-03 14:13:31	MarkDuplicates	Tracking 36624 as yet unmatched pairs. 4964 records in RAM.
INFO	2016-06-03 14:13:35	MarkDuplicates	Read   115,000,000 records.  Elapsed time: 00:14:38s.  Time for last 1,000,000:    4s.  Last read position: chr22:46,653,244
INFO	2016-06-03 14:13:35	MarkDuplicates	Tracking 33250 as yet unmatched pairs. 1383 records in RAM.
INFO	2016-06-03 14:13:42	MarkDuplicates	Read   116,000,000 records.  Elapsed time: 00:14:44s.  Time for last 1,000,000:    6s.  Last read position: chrX:24,330,382
INFO	2016-06-03 14:13:42	MarkDuplicates	Tracking 28095 as yet unmatched pairs. 21899 records in RAM.
INFO	2016-06-03 14:13:45	MarkDuplicates	Read   117,000,000 records.  Elapsed time: 00:14:48s.  Time for last 1,000,000:    3s.  Last read position: chrX:53,228,231
INFO	2016-06-03 14:13:45	MarkDuplicates	Tracking 23246 as yet unmatched pairs. 17031 records in RAM.
INFO	2016-06-03 14:13:52	MarkDuplicates	Read   118,000,000 records.  Elapsed time: 00:14:54s.  Time for last 1,000,000:    6s.  Last read position: chrX:84,363,069
INFO	2016-06-03 14:13:52	MarkDuplicates	Tracking 18100 as yet unmatched pairs. 11864 records in RAM.
INFO	2016-06-03 14:13:55	MarkDuplicates	Read   119,000,000 records.  Elapsed time: 00:14:58s.  Time for last 1,000,000:    3s.  Last read position: chrX:124,456,489
INFO	2016-06-03 14:13:55	MarkDuplicates	Tracking 12160 as yet unmatched pairs. 5874 records in RAM.
INFO	2016-06-03 14:14:01	MarkDuplicates	Read   120,000,000 records.  Elapsed time: 00:15:03s.  Time for last 1,000,000:    5s.  Last read position: chrX:153,743,982
INFO	2016-06-03 14:14:01	MarkDuplicates	Tracking 6783 as yet unmatched pairs. 476 records in RAM.
INFO	2016-06-03 14:14:02	MarkDuplicates	Read 120119774 records. 0 pairs never matched.
INFO	2016-06-03 14:14:32	MarkDuplicates	After buildSortedReadEndLists freeMemory: 7054322264; totalMemory: 7146569728; maxMemory: 13362528256
INFO	2016-06-03 14:14:32	MarkDuplicates	Will retain up to 417579008 duplicate indices before spilling to disk.
INFO	2016-06-03 14:14:32	MarkDuplicates	Traversing read pair information and detecting duplicates.
INFO	2016-06-03 14:15:13	MarkDuplicates	Traversing fragment information and detecting duplicates.
INFO	2016-06-03 14:16:05	MarkDuplicates	Sorting list of duplicate records.
INFO	2016-06-03 14:16:07	MarkDuplicates	After generateDuplicateIndexes freeMemory: 7235623120; totalMemory: 10664542208; maxMemory: 13362528256
INFO	2016-06-03 14:16:07	MarkDuplicates	Marking 12141060 records as duplicates.
INFO	2016-06-03 14:16:07	MarkDuplicates	Found 3080 optical duplicate clusters.
INFO	2016-06-03 14:16:07	MarkDuplicates	Reads are assumed to be ordered by: coordinate
INFO	2016-06-03 14:18:24	MarkDuplicates	Written    10,000,000 records.  Elapsed time: 00:02:16s.  Time for last 10,000,000:  136s.  Last read position: chr1:204,228,606
INFO	2016-06-03 14:20:47	MarkDuplicates	Written    20,000,000 records.  Elapsed time: 00:04:39s.  Time for last 10,000,000:  142s.  Last read position: chr2:230,045,550
INFO	2016-06-03 14:23:10	MarkDuplicates	Written    30,000,000 records.  Elapsed time: 00:07:02s.  Time for last 10,000,000:  142s.  Last read position: chr4:72,897,676
INFO	2016-06-03 14:25:37	MarkDuplicates	Written    40,000,000 records.  Elapsed time: 00:09:29s.  Time for last 10,000,000:  146s.  Last read position: chr6:31,907,010
INFO	2016-06-03 14:28:01	MarkDuplicates	Written    50,000,000 records.  Elapsed time: 00:11:53s.  Time for last 10,000,000:  144s.  Last read position: chr7:148,895,707
INFO	2016-06-03 14:30:26	MarkDuplicates	Written    60,000,000 records.  Elapsed time: 00:14:18s.  Time for last 10,000,000:  144s.  Last read position: chr10:15,658,565
INFO	2016-06-03 14:32:55	MarkDuplicates	Written    70,000,000 records.  Elapsed time: 00:16:47s.  Time for last 10,000,000:  148s.  Last read position: chr11:104,212,179
INFO	2016-06-03 14:35:12	MarkDuplicates	Written    80,000,000 records.  Elapsed time: 00:19:04s.  Time for last 10,000,000:  137s.  Last read position: chr13:114,321,845
INFO	2016-06-03 14:37:33	MarkDuplicates	Written    90,000,000 records.  Elapsed time: 00:21:25s.  Time for last 10,000,000:  140s.  Last read position: chr16:30,005,124
INFO	2016-06-03 14:40:03	MarkDuplicates	Written   100,000,000 records.  Elapsed time: 00:23:55s.  Time for last 10,000,000:  150s.  Last read position: chr18:18,821,916
INFO	2016-06-03 14:42:23	MarkDuplicates	Written   110,000,000 records.  Elapsed time: 00:26:16s.  Time for last 10,000,000:  140s.  Last read position: chr20:35,672,439
INFO	2016-06-03 14:44:42	MarkDuplicates	Written   120,000,000 records.  Elapsed time: 00:28:34s.  Time for last 10,000,000:  138s.  Last read position: chrX:153,743,982
INFO	2016-06-03 14:44:48	MarkDuplicates	Before output close freeMemory: 10562665552; totalMemory: 10657726464; maxMemory: 13362528256
INFO	2016-06-03 14:44:51	MarkDuplicates	After output close freeMemory: 10577868952; totalMemory: 10672930816; maxMemory: 13362528256
[Fri Jun 03 14:44:51 EDT 2016] picard.sam.markduplicates.MarkDuplicates done. Elapsed time: 45.91 minutes.
Runtime.totalMemory()=10672930816
[Fri Jun 03 14:44:52 EDT 2016] picard.sam.AddOrReplaceReadGroups INPUT=p_DS_bkm_097-N/p_DS_bkm_097-N.sorted.MarkDup.bam OUTPUT=p_DS_bkm_097-N/p_DS_bkm_097-N.sorted.MarkDup.fixed.bam SORT_ORDER=coordinate RGID=id RGLB=bar RGPL=Illumina RGPU=platform RGSM=sample1 TMP_DIR=[tmp] VALIDATION_STRINGENCY=SILENT CREATE_INDEX=true    VERBOSITY=INFO QUIET=false COMPRESSION_LEVEL=5 MAX_RECORDS_IN_RAM=500000 CREATE_MD5_FILE=false GA4GH_CLIENT_SECRETS=client_secrets.json
[Fri Jun 03 14:44:52 EDT 2016] Executing as abdelrahman@compute-1-5.local on Linux 2.6.32-279.14.1.el6.x86_64 amd64; Java HotSpot(TM) 64-Bit Server VM 1.8.0_45-b14; Picard version: 2.3.0(9a00c87b7ffdb01cfb5a0d6e76556146196babb8_1463071327) IntelDeflater
INFO	2016-06-03 14:44:53	AddOrReplaceReadGroups	Created read group ID=id PL=Illumina LB=bar SM=sample1

INFO	2016-06-03 14:45:07	AddOrReplaceReadGroups	Processed     1,000,000 records.  Elapsed time: 00:00:14s.  Time for last 1,000,000:   14s.  Last read position: chr1:12,711,314
INFO	2016-06-03 14:45:22	AddOrReplaceReadGroups	Processed     2,000,000 records.  Elapsed time: 00:00:28s.  Time for last 1,000,000:   14s.  Last read position: chr1:26,526,217
INFO	2016-06-03 14:45:40	AddOrReplaceReadGroups	Processed     3,000,000 records.  Elapsed time: 00:00:46s.  Time for last 1,000,000:   18s.  Last read position: chr1:39,798,438
INFO	2016-06-03 14:45:54	AddOrReplaceReadGroups	Processed     4,000,000 records.  Elapsed time: 00:01:01s.  Time for last 1,000,000:   14s.  Last read position: chr1:52,991,573
INFO	2016-06-03 14:46:09	AddOrReplaceReadGroups	Processed     5,000,000 records.  Elapsed time: 00:01:15s.  Time for last 1,000,000:   14s.  Last read position: chr1:86,957,104
INFO	2016-06-03 14:46:23	AddOrReplaceReadGroups	Processed     6,000,000 records.  Elapsed time: 00:01:30s.  Time for last 1,000,000:   14s.  Last read position: chr1:114,309,901
INFO	2016-06-03 14:46:41	AddOrReplaceReadGroups	Processed     7,000,000 records.  Elapsed time: 00:01:48s.  Time for last 1,000,000:   18s.  Last read position: chr1:152,284,320
INFO	2016-06-03 14:46:56	AddOrReplaceReadGroups	Processed     8,000,000 records.  Elapsed time: 00:02:03s.  Time for last 1,000,000:   15s.  Last read position: chr1:159,779,461
INFO	2016-06-03 14:47:11	AddOrReplaceReadGroups	Processed     9,000,000 records.  Elapsed time: 00:02:18s.  Time for last 1,000,000:   15s.  Last read position: chr1:179,564,850
INFO	2016-06-03 14:47:28	AddOrReplaceReadGroups	Processed    10,000,000 records.  Elapsed time: 00:02:35s.  Time for last 1,000,000:   17s.  Last read position: chr1:204,228,606
INFO	2016-06-03 14:47:42	AddOrReplaceReadGroups	Processed    11,000,000 records.  Elapsed time: 00:02:49s.  Time for last 1,000,000:   14s.  Last read position: chr1:227,222,460
INFO	2016-06-03 14:47:59	AddOrReplaceReadGroups	Processed    12,000,000 records.  Elapsed time: 00:03:06s.  Time for last 1,000,000:   16s.  Last read position: chr2:3,193,735
INFO	2016-06-03 14:48:13	AddOrReplaceReadGroups	Processed    13,000,000 records.  Elapsed time: 00:03:20s.  Time for last 1,000,000:   14s.  Last read position: chr2:28,627,102
INFO	2016-06-03 14:48:30	AddOrReplaceReadGroups	Processed    14,000,000 records.  Elapsed time: 00:03:37s.  Time for last 1,000,000:   16s.  Last read position: chr2:58,315,544
INFO	2016-06-03 14:48:45	AddOrReplaceReadGroups	Processed    15,000,000 records.  Elapsed time: 00:03:51s.  Time for last 1,000,000:   14s.  Last read position: chr2:86,267,230
INFO	2016-06-03 14:48:59	AddOrReplaceReadGroups	Processed    16,000,000 records.  Elapsed time: 00:04:06s.  Time for last 1,000,000:   14s.  Last read position: chr2:119,748,041
INFO	2016-06-03 14:49:16	AddOrReplaceReadGroups	Processed    17,000,000 records.  Elapsed time: 00:04:22s.  Time for last 1,000,000:   16s.  Last read position: chr2:160,303,243
INFO	2016-06-03 14:49:29	AddOrReplaceReadGroups	Processed    18,000,000 records.  Elapsed time: 00:04:36s.  Time for last 1,000,000:   13s.  Last read position: chr2:179,582,451
INFO	2016-06-03 14:49:47	AddOrReplaceReadGroups	Processed    19,000,000 records.  Elapsed time: 00:04:53s.  Time for last 1,000,000:   17s.  Last read position: chr2:207,173,958
INFO	2016-06-03 14:50:00	AddOrReplaceReadGroups	Processed    20,000,000 records.  Elapsed time: 00:05:07s.  Time for last 1,000,000:   13s.  Last read position: chr2:230,045,550
INFO	2016-06-03 14:50:16	AddOrReplaceReadGroups	Processed    21,000,000 records.  Elapsed time: 00:05:23s.  Time for last 1,000,000:   16s.  Last read position: chr3:9,478,662
INFO	2016-06-03 14:50:30	AddOrReplaceReadGroups	Processed    22,000,000 records.  Elapsed time: 00:05:37s.  Time for last 1,000,000:   13s.  Last read position: chr3:38,052,831
INFO	2016-06-03 14:50:47	AddOrReplaceReadGroups	Processed    23,000,000 records.  Elapsed time: 00:05:53s.  Time for last 1,000,000:   16s.  Last read position: chr3:49,138,223
INFO	2016-06-03 14:51:02	AddOrReplaceReadGroups	Processed    24,000,000 records.  Elapsed time: 00:06:09s.  Time for last 1,000,000:   15s.  Last read position: chr3:58,817,477
INFO	2016-06-03 14:51:19	AddOrReplaceReadGroups	Processed    25,000,000 records.  Elapsed time: 00:06:26s.  Time for last 1,000,000:   17s.  Last read position: chr3:113,377,581
INFO	2016-06-03 14:51:34	AddOrReplaceReadGroups	Processed    26,000,000 records.  Elapsed time: 00:06:41s.  Time for last 1,000,000:   14s.  Last read position: chr3:133,379,830
INFO	2016-06-03 14:51:50	AddOrReplaceReadGroups	Processed    27,000,000 records.  Elapsed time: 00:06:57s.  Time for last 1,000,000:   16s.  Last read position: chr3:170,198,083
INFO	2016-06-03 14:52:05	AddOrReplaceReadGroups	Processed    28,000,000 records.  Elapsed time: 00:07:12s.  Time for last 1,000,000:   14s.  Last read position: chr3:197,421,517
INFO	2016-06-03 14:52:18	AddOrReplaceReadGroups	Processed    29,000,000 records.  Elapsed time: 00:07:25s.  Time for last 1,000,000:   13s.  Last read position: chr4:26,641,847
INFO	2016-06-03 14:52:37	AddOrReplaceReadGroups	Processed    30,000,000 records.  Elapsed time: 00:07:44s.  Time for last 1,000,000:   18s.  Last read position: chr4:72,897,676
INFO	2016-06-03 14:52:51	AddOrReplaceReadGroups	Processed    31,000,000 records.  Elapsed time: 00:07:58s.  Time for last 1,000,000:   14s.  Last read position: chr4:106,744,061
INFO	2016-06-03 14:53:07	AddOrReplaceReadGroups	Processed    32,000,000 records.  Elapsed time: 00:08:14s.  Time for last 1,000,000:   16s.  Last read position: chr4:152,054,000
INFO	2016-06-03 14:53:21	AddOrReplaceReadGroups	Processed    33,000,000 records.  Elapsed time: 00:08:28s.  Time for last 1,000,000:   14s.  Last read position: chr5:1,401,088
INFO	2016-06-03 14:53:36	AddOrReplaceReadGroups	Processed    34,000,000 records.  Elapsed time: 00:08:43s.  Time for last 1,000,000:   14s.  Last read position: chr5:53,846,461
INFO	2016-06-03 14:53:52	AddOrReplaceReadGroups	Processed    35,000,000 records.  Elapsed time: 00:08:58s.  Time for last 1,000,000:   15s.  Last read position: chr5:89,816,265
INFO	2016-06-03 14:54:06	AddOrReplaceReadGroups	Processed    36,000,000 records.  Elapsed time: 00:09:13s.  Time for last 1,000,000:   14s.  Last read position: chr5:133,537,650
INFO	2016-06-03 14:54:20	AddOrReplaceReadGroups	Processed    37,000,000 records.  Elapsed time: 00:09:26s.  Time for last 1,000,000:   13s.  Last read position: chr5:147,821,425
INFO	2016-06-03 14:54:37	AddOrReplaceReadGroups	Processed    38,000,000 records.  Elapsed time: 00:09:44s.  Time for last 1,000,000:   17s.  Last read position: chr5:176,308,807
INFO	2016-06-03 14:54:51	AddOrReplaceReadGroups	Processed    39,000,000 records.  Elapsed time: 00:09:58s.  Time for last 1,000,000:   14s.  Last read position: chr6:20,558,659
INFO	2016-06-03 14:55:10	AddOrReplaceReadGroups	Processed    40,000,000 records.  Elapsed time: 00:10:16s.  Time for last 1,000,000:   18s.  Last read position: chr6:31,907,010
INFO	2016-06-03 14:55:24	AddOrReplaceReadGroups	Processed    41,000,000 records.  Elapsed time: 00:10:31s.  Time for last 1,000,000:   14s.  Last read position: chr6:42,637,971
INFO	2016-06-03 14:55:41	AddOrReplaceReadGroups	Processed    42,000,000 records.  Elapsed time: 00:10:48s.  Time for last 1,000,000:   16s.  Last read position: chr6:72,011,600
INFO	2016-06-03 14:55:54	AddOrReplaceReadGroups	Processed    43,000,000 records.  Elapsed time: 00:11:01s.  Time for last 1,000,000:   13s.  Last read position: chr6:111,650,731
INFO	2016-06-03 14:56:10	AddOrReplaceReadGroups	Processed    44,000,000 records.  Elapsed time: 00:11:17s.  Time for last 1,000,000:   16s.  Last read position: chr6:147,006,363
INFO	2016-06-03 14:56:24	AddOrReplaceReadGroups	Processed    45,000,000 records.  Elapsed time: 00:11:30s.  Time for last 1,000,000:   13s.  Last read position: chr7:2,646,810
INFO	2016-06-03 14:56:41	AddOrReplaceReadGroups	Processed    46,000,000 records.  Elapsed time: 00:11:48s.  Time for last 1,000,000:   17s.  Last read position: chr7:36,713,347
INFO	2016-06-03 14:56:59	AddOrReplaceReadGroups	Processed    47,000,000 records.  Elapsed time: 00:12:05s.  Time for last 1,000,000:   17s.  Last read position: chr7:76,062,282
INFO	2016-06-03 14:57:12	AddOrReplaceReadGroups	Processed    48,000,000 records.  Elapsed time: 00:12:19s.  Time for last 1,000,000:   13s.  Last read position: chr7:100,285,577
INFO	2016-06-03 14:57:27	AddOrReplaceReadGroups	Processed    49,000,000 records.  Elapsed time: 00:12:34s.  Time for last 1,000,000:   14s.  Last read position: chr7:127,953,324
INFO	2016-06-03 14:57:42	AddOrReplaceReadGroups	Processed    50,000,000 records.  Elapsed time: 00:12:49s.  Time for last 1,000,000:   14s.  Last read position: chr7:148,895,707
INFO	2016-06-03 14:57:57	AddOrReplaceReadGroups	Processed    51,000,000 records.  Elapsed time: 00:13:03s.  Time for last 1,000,000:   14s.  Last read position: chr8:19,675,538
INFO	2016-06-03 14:58:12	AddOrReplaceReadGroups	Processed    52,000,000 records.  Elapsed time: 00:13:18s.  Time for last 1,000,000:   14s.  Last read position: chr8:42,611,689
INFO	2016-06-03 14:58:24	AddOrReplaceReadGroups	Processed    53,000,000 records.  Elapsed time: 00:13:31s.  Time for last 1,000,000:   12s.  Last read position: chr8:92,256,829
INFO	2016-06-03 14:58:42	AddOrReplaceReadGroups	Processed    54,000,000 records.  Elapsed time: 00:13:48s.  Time for last 1,000,000:   17s.  Last read position: chr8:133,153,518
INFO	2016-06-03 14:58:55	AddOrReplaceReadGroups	Processed    55,000,000 records.  Elapsed time: 00:14:02s.  Time for last 1,000,000:   13s.  Last read position: chr9:8,636,643
INFO	2016-06-03 14:59:09	AddOrReplaceReadGroups	Processed    56,000,000 records.  Elapsed time: 00:14:16s.  Time for last 1,000,000:   14s.  Last read position: chr9:46,093,234
INFO	2016-06-03 14:59:24	AddOrReplaceReadGroups	Processed    57,000,000 records.  Elapsed time: 00:14:31s.  Time for last 1,000,000:   14s.  Last read position: chr9:100,843,073
INFO	2016-06-03 14:59:42	AddOrReplaceReadGroups	Processed    58,000,000 records.  Elapsed time: 00:14:48s.  Time for last 1,000,000:   17s.  Last read position: chr9:125,772,729
INFO	2016-06-03 14:59:56	AddOrReplaceReadGroups	Processed    59,000,000 records.  Elapsed time: 00:15:02s.  Time for last 1,000,000:   13s.  Last read position: chr9:137,166,692
INFO	2016-06-03 15:00:14	AddOrReplaceReadGroups	Processed    60,000,000 records.  Elapsed time: 00:15:21s.  Time for last 1,000,000:   18s.  Last read position: chr10:15,658,565
INFO	2016-06-03 15:00:28	AddOrReplaceReadGroups	Processed    61,000,000 records.  Elapsed time: 00:15:35s.  Time for last 1,000,000:   13s.  Last read position: chr10:52,008,351
INFO	2016-06-03 15:00:45	AddOrReplaceReadGroups	Processed    62,000,000 records.  Elapsed time: 00:15:52s.  Time for last 1,000,000:   17s.  Last read position: chr10:82,111,765
INFO	2016-06-03 15:00:59	AddOrReplaceReadGroups	Processed    63,000,000 records.  Elapsed time: 00:16:06s.  Time for last 1,000,000:   13s.  Last read position: chr10:103,436,271
INFO	2016-06-03 15:01:14	AddOrReplaceReadGroups	Processed    64,000,000 records.  Elapsed time: 00:16:21s.  Time for last 1,000,000:   15s.  Last read position: chr10:127,210,695
INFO	2016-06-03 15:01:31	AddOrReplaceReadGroups	Processed    65,000,000 records.  Elapsed time: 00:16:38s.  Time for last 1,000,000:   16s.  Last read position: chr11:5,345,122
INFO	2016-06-03 15:01:45	AddOrReplaceReadGroups	Processed    66,000,000 records.  Elapsed time: 00:16:52s.  Time for last 1,000,000:   14s.  Last read position: chr11:20,077,323
INFO	2016-06-03 15:02:01	AddOrReplaceReadGroups	Processed    67,000,000 records.  Elapsed time: 00:17:07s.  Time for last 1,000,000:   15s.  Last read position: chr11:56,396,993
INFO	2016-06-03 15:02:15	AddOrReplaceReadGroups	Processed    68,000,000 records.  Elapsed time: 00:17:22s.  Time for last 1,000,000:   14s.  Last read position: chr11:64,591,920
INFO	2016-06-03 15:02:32	AddOrReplaceReadGroups	Processed    69,000,000 records.  Elapsed time: 00:17:39s.  Time for last 1,000,000:   17s.  Last read position: chr11:72,437,717
INFO	2016-06-03 15:02:46	AddOrReplaceReadGroups	Processed    70,000,000 records.  Elapsed time: 00:17:53s.  Time for last 1,000,000:   13s.  Last read position: chr11:104,212,179
INFO	2016-06-03 15:03:01	AddOrReplaceReadGroups	Processed    71,000,000 records.  Elapsed time: 00:18:08s.  Time for last 1,000,000:   14s.  Last read position: chr11:122,831,425
INFO	2016-06-03 15:03:20	AddOrReplaceReadGroups	Processed    72,000,000 records.  Elapsed time: 00:18:27s.  Time for last 1,000,000:   18s.  Last read position: chr12:6,927,672
INFO	2016-06-03 15:03:33	AddOrReplaceReadGroups	Processed    73,000,000 records.  Elapsed time: 00:18:40s.  Time for last 1,000,000:   13s.  Last read position: chr12:32,135,864
INFO	2016-06-03 15:03:47	AddOrReplaceReadGroups	Processed    74,000,000 records.  Elapsed time: 00:18:53s.  Time for last 1,000,000:   13s.  Last read position: chr12:53,070,929
INFO	2016-06-03 15:04:03	AddOrReplaceReadGroups	Processed    75,000,000 records.  Elapsed time: 00:19:10s.  Time for last 1,000,000:   16s.  Last read position: chr12:62,877,797
INFO	2016-06-03 15:04:16	AddOrReplaceReadGroups	Processed    76,000,000 records.  Elapsed time: 00:19:23s.  Time for last 1,000,000:   13s.  Last read position: chr12:101,723,181
INFO	2016-06-03 15:04:34	AddOrReplaceReadGroups	Processed    77,000,000 records.  Elapsed time: 00:19:40s.  Time for last 1,000,000:   17s.  Last read position: chr12:120,628,003
INFO	2016-06-03 15:04:48	AddOrReplaceReadGroups	Processed    78,000,000 records.  Elapsed time: 00:19:54s.  Time for last 1,000,000:   14s.  Last read position: chr13:25,068,688
INFO	2016-06-03 15:05:04	AddOrReplaceReadGroups	Processed    79,000,000 records.  Elapsed time: 00:20:11s.  Time for last 1,000,000:   16s.  Last read position: chr13:52,718,900
INFO	2016-06-03 15:05:17	AddOrReplaceReadGroups	Processed    80,000,000 records.  Elapsed time: 00:20:24s.  Time for last 1,000,000:   12s.  Last read position: chr13:114,321,845
INFO	2016-06-03 15:05:33	AddOrReplaceReadGroups	Processed    81,000,000 records.  Elapsed time: 00:20:40s.  Time for last 1,000,000:   16s.  Last read position: chr14:31,774,115
INFO	2016-06-03 15:05:47	AddOrReplaceReadGroups	Processed    82,000,000 records.  Elapsed time: 00:20:54s.  Time for last 1,000,000:   14s.  Last read position: chr14:65,210,154
INFO	2016-06-03 15:06:05	AddOrReplaceReadGroups	Processed    83,000,000 records.  Elapsed time: 00:21:11s.  Time for last 1,000,000:   17s.  Last read position: chr14:92,251,419
INFO	2016-06-03 15:06:19	AddOrReplaceReadGroups	Processed    84,000,000 records.  Elapsed time: 00:21:26s.  Time for last 1,000,000:   14s.  Last read position: chr15:23,811,425
INFO	2016-06-03 15:06:36	AddOrReplaceReadGroups	Processed    85,000,000 records.  Elapsed time: 00:21:42s.  Time for last 1,000,000:   16s.  Last read position: chr15:42,984,269
INFO	2016-06-03 15:06:49	AddOrReplaceReadGroups	Processed    86,000,000 records.  Elapsed time: 00:21:56s.  Time for last 1,000,000:   13s.  Last read position: chr15:62,994,887
INFO	2016-06-03 15:07:06	AddOrReplaceReadGroups	Processed    87,000,000 records.  Elapsed time: 00:22:13s.  Time for last 1,000,000:   16s.  Last read position: chr15:78,878,920
INFO	2016-06-03 15:07:22	AddOrReplaceReadGroups	Processed    88,000,000 records.  Elapsed time: 00:22:29s.  Time for last 1,000,000:   15s.  Last read position: chr16:425,131
INFO	2016-06-03 15:07:38	AddOrReplaceReadGroups	Processed    89,000,000 records.  Elapsed time: 00:22:45s.  Time for last 1,000,000:   15s.  Last read position: chr16:11,000,873
INFO	2016-06-03 15:07:55	AddOrReplaceReadGroups	Processed    90,000,000 records.  Elapsed time: 00:23:02s.  Time for last 1,000,000:   17s.  Last read position: chr16:30,005,124
INFO	2016-06-03 15:08:10	AddOrReplaceReadGroups	Processed    91,000,000 records.  Elapsed time: 00:23:16s.  Time for last 1,000,000:   14s.  Last read position: chr16:57,735,825
INFO	2016-06-03 15:08:23	AddOrReplaceReadGroups	Processed    92,000,000 records.  Elapsed time: 00:23:29s.  Time for last 1,000,000:   13s.  Last read position: chr16:72,984,448
INFO	2016-06-03 15:08:36	AddOrReplaceReadGroups	Processed    93,000,000 records.  Elapsed time: 00:23:43s.  Time for last 1,000,000:   13s.  Last read position: chr17:2,276,243
INFO	2016-06-03 15:08:49	AddOrReplaceReadGroups	Processed    94,000,000 records.  Elapsed time: 00:23:56s.  Time for last 1,000,000:   13s.  Last read position: chr17:8,160,267
INFO	2016-06-03 15:09:06	AddOrReplaceReadGroups	Processed    95,000,000 records.  Elapsed time: 00:24:13s.  Time for last 1,000,000:   16s.  Last read position: chr17:27,005,086
INFO	2016-06-03 15:09:20	AddOrReplaceReadGroups	Processed    96,000,000 records.  Elapsed time: 00:24:27s.  Time for last 1,000,000:   14s.  Last read position: chr17:38,508,431
INFO	2016-06-03 15:09:35	AddOrReplaceReadGroups	Processed    97,000,000 records.  Elapsed time: 00:24:42s.  Time for last 1,000,000:   14s.  Last read position: chr17:46,259,721
INFO	2016-06-03 15:09:50	AddOrReplaceReadGroups	Processed    98,000,000 records.  Elapsed time: 00:24:57s.  Time for last 1,000,000:   14s.  Last read position: chr17:62,530,717
INFO	2016-06-03 15:10:04	AddOrReplaceReadGroups	Processed    99,000,000 records.  Elapsed time: 00:25:11s.  Time for last 1,000,000:   14s.  Last read position: chr17:76,886,715
INFO	2016-06-03 15:10:19	AddOrReplaceReadGroups	Processed   100,000,000 records.  Elapsed time: 00:25:26s.  Time for last 1,000,000:   14s.  Last read position: chr18:18,821,916
INFO	2016-06-03 15:10:33	AddOrReplaceReadGroups	Processed   101,000,000 records.  Elapsed time: 00:25:40s.  Time for last 1,000,000:   14s.  Last read position: chr18:58,039,209
INFO	2016-06-03 15:10:47	AddOrReplaceReadGroups	Processed   102,000,000 records.  Elapsed time: 00:25:53s.  Time for last 1,000,000:   13s.  Last read position: chr19:4,307,955
INFO	2016-06-03 15:11:04	AddOrReplaceReadGroups	Processed   103,000,000 records.  Elapsed time: 00:26:11s.  Time for last 1,000,000:   17s.  Last read position: chr19:10,747,336
INFO	2016-06-03 15:11:20	AddOrReplaceReadGroups	Processed   104,000,000 records.  Elapsed time: 00:26:27s.  Time for last 1,000,000:   16s.  Last read position: chr19:17,430,620
INFO	2016-06-03 15:11:38	AddOrReplaceReadGroups	Processed   105,000,000 records.  Elapsed time: 00:26:44s.  Time for last 1,000,000:   17s.  Last read position: chr19:36,370,009
INFO	2016-06-03 15:11:51	AddOrReplaceReadGroups	Processed   106,000,000 records.  Elapsed time: 00:26:58s.  Time for last 1,000,000:   13s.  Last read position: chr19:42,872,403
INFO	2016-06-03 15:12:04	AddOrReplaceReadGroups	Processed   107,000,000 records.  Elapsed time: 00:27:11s.  Time for last 1,000,000:   13s.  Last read position: chr19:49,954,670
INFO	2016-06-03 15:12:23	AddOrReplaceReadGroups	Processed   108,000,000 records.  Elapsed time: 00:27:29s.  Time for last 1,000,000:   18s.  Last read position: chr19:56,052,265
INFO	2016-06-03 15:12:36	AddOrReplaceReadGroups	Processed   109,000,000 records.  Elapsed time: 00:27:43s.  Time for last 1,000,000:   13s.  Last read position: chr20:10,644,596
INFO	2016-06-03 15:12:50	AddOrReplaceReadGroups	Processed   110,000,000 records.  Elapsed time: 00:27:56s.  Time for last 1,000,000:   13s.  Last read position: chr20:35,672,439
INFO	2016-06-03 15:13:07	AddOrReplaceReadGroups	Processed   111,000,000 records.  Elapsed time: 00:28:14s.  Time for last 1,000,000:   17s.  Last read position: chr20:56,794,324
INFO	2016-06-03 15:13:21	AddOrReplaceReadGroups	Processed   112,000,000 records.  Elapsed time: 00:28:28s.  Time for last 1,000,000:   13s.  Last read position: chr21:35,107,625
INFO	2016-06-03 15:13:39	AddOrReplaceReadGroups	Processed   113,000,000 records.  Elapsed time: 00:28:45s.  Time for last 1,000,000:   17s.  Last read position: chr22:19,960,394
INFO	2016-06-03 15:13:52	AddOrReplaceReadGroups	Processed   114,000,000 records.  Elapsed time: 00:28:59s.  Time for last 1,000,000:   13s.  Last read position: chr22:32,546,862
INFO	2016-06-03 15:14:08	AddOrReplaceReadGroups	Processed   115,000,000 records.  Elapsed time: 00:29:15s.  Time for last 1,000,000:   16s.  Last read position: chr22:46,653,244
INFO	2016-06-03 15:14:22	AddOrReplaceReadGroups	Processed   116,000,000 records.  Elapsed time: 00:29:28s.  Time for last 1,000,000:   13s.  Last read position: chrX:24,330,382
INFO	2016-06-03 15:14:39	AddOrReplaceReadGroups	Processed   117,000,000 records.  Elapsed time: 00:29:46s.  Time for last 1,000,000:   17s.  Last read position: chrX:53,228,231
INFO	2016-06-03 15:14:52	AddOrReplaceReadGroups	Processed   118,000,000 records.  Elapsed time: 00:29:59s.  Time for last 1,000,000:   12s.  Last read position: chrX:84,363,069
INFO	2016-06-03 15:15:10	AddOrReplaceReadGroups	Processed   119,000,000 records.  Elapsed time: 00:30:16s.  Time for last 1,000,000:   17s.  Last read position: chrX:124,456,489
INFO	2016-06-03 15:15:24	AddOrReplaceReadGroups	Processed   120,000,000 records.  Elapsed time: 00:30:30s.  Time for last 1,000,000:   14s.  Last read position: chrX:153,743,982
[Fri Jun 03 15:15:33 EDT 2016] picard.sam.AddOrReplaceReadGroups done. Elapsed time: 30.68 minutes.
Runtime.totalMemory()=414711808
[Fri Jun 03 15:15:34 EDT 2016] picard.sam.FixMateInformation INPUT=[p_DS_bkm_097-N/p_DS_bkm_097-N.sorted.MarkDup.fixed.bam] OUTPUT=p_DS_bkm_097-N/p_DS_bkm_097-N.sorted.MarkDup.realn.fixed.bam SORT_ORDER=coordinate TMP_DIR=[tmp/flx] VALIDATION_STRINGENCY=LENIENT CREATE_INDEX=true    ASSUME_SORTED=false ADD_MATE_CIGAR=true IGNORE_MISSING_MATES=true VERBOSITY=INFO QUIET=false COMPRESSION_LEVEL=5 MAX_RECORDS_IN_RAM=500000 CREATE_MD5_FILE=false GA4GH_CLIENT_SECRETS=client_secrets.json
[Fri Jun 03 15:15:34 EDT 2016] Executing as abdelrahman@compute-1-5.local on Linux 2.6.32-279.14.1.el6.x86_64 amd64; Java HotSpot(TM) 64-Bit Server VM 1.8.0_45-b14; Picard version: 2.3.0(9a00c87b7ffdb01cfb5a0d6e76556146196babb8_1463071327) IntelDeflater
INFO	2016-06-03 15:15:34	FixMateInformation	Sorting input into queryname order.
INFO	2016-06-03 15:39:00	FixMateInformation	Sorting by queryname complete.
INFO	2016-06-03 15:39:00	FixMateInformation	Output will be sorted by coordinate
INFO	2016-06-03 15:39:01	FixMateInformation	Traversing query name sorted records and fixing up mate pair information.
INFO	2016-06-03 15:39:13	FixMateInformation	Processed     1,000,000 records.  Elapsed time: 00:00:11s.  Time for last 1,000,000:   11s.  Last read position: chr2:179,914,628
INFO	2016-06-03 15:39:28	FixMateInformation	Processed     2,000,000 records.  Elapsed time: 00:00:27s.  Time for last 1,000,000:   15s.  Last read position: chr3:41,278,016
INFO	2016-06-03 15:39:42	FixMateInformation	Processed     3,000,000 records.  Elapsed time: 00:00:40s.  Time for last 1,000,000:   13s.  Last read position: chr15:25,324,186
INFO	2016-06-03 15:39:56	FixMateInformation	Processed     4,000,000 records.  Elapsed time: 00:00:55s.  Time for last 1,000,000:   14s.  Last read position: chr16:1,270,719
INFO	2016-06-03 15:40:10	FixMateInformation	Processed     5,000,000 records.  Elapsed time: 00:01:08s.  Time for last 1,000,000:   13s.  Last read position: chr21:28,338,181
INFO	2016-06-03 15:40:25	FixMateInformation	Processed     6,000,000 records.  Elapsed time: 00:01:23s.  Time for last 1,000,000:   15s.  Last read position: chr7:107,394,372
INFO	2016-06-03 15:40:38	FixMateInformation	Processed     7,000,000 records.  Elapsed time: 00:01:36s.  Time for last 1,000,000:   12s.  Last read position: chr19:4,095,414
INFO	2016-06-03 15:40:53	FixMateInformation	Processed     8,000,000 records.  Elapsed time: 00:01:51s.  Time for last 1,000,000:   14s.  Last read position: chr6:33,652,382
INFO	2016-06-03 15:41:07	FixMateInformation	Processed     9,000,000 records.  Elapsed time: 00:02:05s.  Time for last 1,000,000:   13s.  Last read position: chr19:2,444,466
INFO	2016-06-03 15:41:21	FixMateInformation	Processed    10,000,000 records.  Elapsed time: 00:02:19s.  Time for last 1,000,000:   13s.  Last read position: chr4:367,549
INFO	2016-06-03 15:41:35	FixMateInformation	Processed    11,000,000 records.  Elapsed time: 00:02:33s.  Time for last 1,000,000:   14s.  Last read position: chr11:120,925,791
INFO	2016-06-03 15:41:50	FixMateInformation	Processed    12,000,000 records.  Elapsed time: 00:02:48s.  Time for last 1,000,000:   14s.  Last read position: chr6:76,595,760
INFO	2016-06-03 15:42:03	FixMateInformation	Processed    13,000,000 records.  Elapsed time: 00:03:02s.  Time for last 1,000,000:   13s.  Last read position: chr8:103,306,062
INFO	2016-06-03 15:42:17	FixMateInformation	Processed    14,000,000 records.  Elapsed time: 00:03:16s.  Time for last 1,000,000:   14s.  Last read position: chr7:105,891,361
INFO	2016-06-03 15:42:32	FixMateInformation	Processed    15,000,000 records.  Elapsed time: 00:03:30s.  Time for last 1,000,000:   14s.  Last read position: chrX:15,610,321
INFO	2016-06-03 15:42:45	FixMateInformation	Processed    16,000,000 records.  Elapsed time: 00:03:43s.  Time for last 1,000,000:   13s.  Last read position: chr18:59,610,937
INFO	2016-06-03 15:43:00	FixMateInformation	Processed    17,000,000 records.  Elapsed time: 00:03:58s.  Time for last 1,000,000:   14s.  Last read position: chr11:43,852,552
INFO	2016-06-03 15:43:14	FixMateInformation	Processed    18,000,000 records.  Elapsed time: 00:04:12s.  Time for last 1,000,000:   14s.  Last read position: chr17:60,503,552
INFO	2016-06-03 15:43:27	FixMateInformation	Processed    19,000,000 records.  Elapsed time: 00:04:26s.  Time for last 1,000,000:   13s.  Last read position: chr17:30,179,126
INFO	2016-06-03 15:43:41	FixMateInformation	Processed    20,000,000 records.  Elapsed time: 00:04:39s.  Time for last 1,000,000:   13s.  Last read position: chr3:110,837,464
INFO	2016-06-03 15:43:55	FixMateInformation	Processed    21,000,000 records.  Elapsed time: 00:04:53s.  Time for last 1,000,000:   14s.  Last read position: chr16:67,709,602
INFO	2016-06-03 15:44:08	FixMateInformation	Processed    22,000,000 records.  Elapsed time: 00:05:07s.  Time for last 1,000,000:   13s.  Last read position: chr18:43,667,331
INFO	2016-06-03 15:44:22	FixMateInformation	Processed    23,000,000 records.  Elapsed time: 00:05:20s.  Time for last 1,000,000:   13s.  Last read position: chr2:33,784,470
INFO	2016-06-03 15:44:35	FixMateInformation	Processed    24,000,000 records.  Elapsed time: 00:05:34s.  Time for last 1,000,000:   13s.  Last read position: chr1:241,932,755
INFO	2016-06-03 15:44:49	FixMateInformation	Processed    25,000,000 records.  Elapsed time: 00:05:48s.  Time for last 1,000,000:   14s.  Last read position: chr3:5,024,895
INFO	2016-06-03 15:45:03	FixMateInformation	Processed    26,000,000 records.  Elapsed time: 00:06:01s.  Time for last 1,000,000:   13s.  Last read position: chr9:23,762,062
INFO	2016-06-03 15:45:17	FixMateInformation	Processed    27,000,000 records.  Elapsed time: 00:06:15s.  Time for last 1,000,000:   14s.  Last read position: chr1:109,806,287
INFO	2016-06-03 15:45:32	FixMateInformation	Processed    28,000,000 records.  Elapsed time: 00:06:30s.  Time for last 1,000,000:   14s.  Last read position: chr16:616,962
INFO	2016-06-03 15:45:50	FixMateInformation	Processed    29,000,000 records.  Elapsed time: 00:06:49s.  Time for last 1,000,000:   18s.  Last read position: chr17:40,087,000
INFO	2016-06-03 15:46:05	FixMateInformation	Processed    30,000,000 records.  Elapsed time: 00:07:03s.  Time for last 1,000,000:   14s.  Last read position: chr19:15,918,443
INFO	2016-06-03 15:46:19	FixMateInformation	Processed    31,000,000 records.  Elapsed time: 00:07:18s.  Time for last 1,000,000:   14s.  Last read position: chr16:81,712,041
INFO	2016-06-03 15:46:34	FixMateInformation	Processed    32,000,000 records.  Elapsed time: 00:07:33s.  Time for last 1,000,000:   15s.  Last read position: chr19:14,162,353
INFO	2016-06-03 15:46:49	FixMateInformation	Processed    33,000,000 records.  Elapsed time: 00:07:47s.  Time for last 1,000,000:   14s.  Last read position: chr17:73,598,371
INFO	2016-06-03 15:47:02	FixMateInformation	Processed    34,000,000 records.  Elapsed time: 00:08:01s.  Time for last 1,000,000:   13s.  Last read position: chr14:23,612,337
INFO	2016-06-03 15:47:17	FixMateInformation	Processed    35,000,000 records.  Elapsed time: 00:08:15s.  Time for last 1,000,000:   14s.  Last read position: chr9:131,607,545
INFO	2016-06-03 15:47:32	FixMateInformation	Processed    36,000,000 records.  Elapsed time: 00:08:30s.  Time for last 1,000,000:   14s.  Last read position: chr1:232,183,733
INFO	2016-06-03 15:47:46	FixMateInformation	Processed    37,000,000 records.  Elapsed time: 00:08:45s.  Time for last 1,000,000:   14s.  Last read position: chr9:116,060,363
INFO	2016-06-03 15:48:00	FixMateInformation	Processed    38,000,000 records.  Elapsed time: 00:08:59s.  Time for last 1,000,000:   13s.  Last read position: chr12:102,122,872
INFO	2016-06-03 15:48:15	FixMateInformation	Processed    39,000,000 records.  Elapsed time: 00:09:13s.  Time for last 1,000,000:   14s.  Last read position: chr1:34,023,621
INFO	2016-06-03 15:48:30	FixMateInformation	Processed    40,000,000 records.  Elapsed time: 00:09:28s.  Time for last 1,000,000:   14s.  Last read position: chr19:35,761,680
INFO	2016-06-03 15:48:45	FixMateInformation	Processed    41,000,000 records.  Elapsed time: 00:09:43s.  Time for last 1,000,000:   15s.  Last read position: chr20:44,471,740
INFO	2016-06-03 15:48:59	FixMateInformation	Processed    42,000,000 records.  Elapsed time: 00:09:57s.  Time for last 1,000,000:   14s.  Last read position: chr2:28,748,078
INFO	2016-06-03 15:49:14	FixMateInformation	Processed    43,000,000 records.  Elapsed time: 00:10:12s.  Time for last 1,000,000:   14s.  Last read position: chr22:19,230,372
INFO	2016-06-03 15:49:30	FixMateInformation	Processed    44,000,000 records.  Elapsed time: 00:10:28s.  Time for last 1,000,000:   15s.  Last read position: chr2:220,029,049
INFO	2016-06-03 15:49:45	FixMateInformation	Processed    45,000,000 records.  Elapsed time: 00:10:44s.  Time for last 1,000,000:   15s.  Last read position: chr2:97,164,932
INFO	2016-06-03 15:50:01	FixMateInformation	Processed    46,000,000 records.  Elapsed time: 00:10:59s.  Time for last 1,000,000:   15s.  Last read position: chr5:178,505,846
INFO	2016-06-03 15:50:18	FixMateInformation	Processed    47,000,000 records.  Elapsed time: 00:11:16s.  Time for last 1,000,000:   16s.  Last read position: chr5:80,064,077
INFO	2016-06-03 15:50:33	FixMateInformation	Processed    48,000,000 records.  Elapsed time: 00:11:31s.  Time for last 1,000,000:   15s.  Last read position: chr16:1,498,875
INFO	2016-06-03 15:50:50	FixMateInformation	Processed    49,000,000 records.  Elapsed time: 00:11:48s.  Time for last 1,000,000:   16s.  Last read position: chr17:48,258,257
INFO	2016-06-03 15:51:04	FixMateInformation	Processed    50,000,000 records.  Elapsed time: 00:12:03s.  Time for last 1,000,000:   14s.  Last read position: chr12:56,713,208
INFO	2016-06-03 15:51:20	FixMateInformation	Processed    51,000,000 records.  Elapsed time: 00:12:19s.  Time for last 1,000,000:   15s.  Last read position: chr2:54,586,162
INFO	2016-06-03 15:51:35	FixMateInformation	Processed    52,000,000 records.  Elapsed time: 00:12:34s.  Time for last 1,000,000:   15s.  Last read position: chr17:65,908,054
INFO	2016-06-03 15:51:51	FixMateInformation	Processed    53,000,000 records.  Elapsed time: 00:12:49s.  Time for last 1,000,000:   15s.  Last read position: chr16:4,241,306
INFO	2016-06-03 15:52:06	FixMateInformation	Processed    54,000,000 records.  Elapsed time: 00:13:04s.  Time for last 1,000,000:   14s.  Last read position: chr1:66,091,820
INFO	2016-06-03 15:52:21	FixMateInformation	Processed    55,000,000 records.  Elapsed time: 00:13:19s.  Time for last 1,000,000:   14s.  Last read position: chr11:118,890,025
INFO	2016-06-03 15:52:35	FixMateInformation	Processed    56,000,000 records.  Elapsed time: 00:13:33s.  Time for last 1,000,000:   14s.  Last read position: chr10:97,787,010
INFO	2016-06-03 15:52:51	FixMateInformation	Processed    57,000,000 records.  Elapsed time: 00:13:49s.  Time for last 1,000,000:   15s.  Last read position: chr4:110,685,565
INFO	2016-06-03 15:53:05	FixMateInformation	Processed    58,000,000 records.  Elapsed time: 00:14:04s.  Time for last 1,000,000:   14s.  Last read position: chr22:22,599,289
INFO	2016-06-03 15:53:20	FixMateInformation	Processed    59,000,000 records.  Elapsed time: 00:14:19s.  Time for last 1,000,000:   14s.  Last read position: chr19:58,989,442
INFO	2016-06-03 15:53:34	FixMateInformation	Processed    60,000,000 records.  Elapsed time: 00:14:33s.  Time for last 1,000,000:   13s.  Last read position: chr15:42,873,153
INFO	2016-06-03 15:53:49	FixMateInformation	Processed    61,000,000 records.  Elapsed time: 00:14:47s.  Time for last 1,000,000:   14s.  Last read position: chr3:100,096,545
INFO	2016-06-03 15:54:02	FixMateInformation	Processed    62,000,000 records.  Elapsed time: 00:15:01s.  Time for last 1,000,000:   13s.  Last read position: chr13:29,284,885
INFO	2016-06-03 15:54:17	FixMateInformation	Processed    63,000,000 records.  Elapsed time: 00:15:15s.  Time for last 1,000,000:   14s.  Last read position: chr1:3,800,012
INFO	2016-06-03 15:54:32	FixMateInformation	Processed    64,000,000 records.  Elapsed time: 00:15:30s.  Time for last 1,000,000:   14s.  Last read position: chr6:70,669,725
INFO	2016-06-03 15:54:57	FixMateInformation	Processed    65,000,000 records.  Elapsed time: 00:15:55s.  Time for last 1,000,000:   25s.  Last read position: chr5:38,955,685
INFO	2016-06-03 15:55:13	FixMateInformation	Processed    66,000,000 records.  Elapsed time: 00:16:11s.  Time for last 1,000,000:   15s.  Last read position: chr3:97,591,669
INFO	2016-06-03 15:55:27	FixMateInformation	Processed    67,000,000 records.  Elapsed time: 00:16:25s.  Time for last 1,000,000:   14s.  Last read position: chr7:100,281,791
INFO	2016-06-03 15:55:41	FixMateInformation	Processed    68,000,000 records.  Elapsed time: 00:16:40s.  Time for last 1,000,000:   14s.  Last read position: chr12:8,281,965
INFO	2016-06-03 15:55:55	FixMateInformation	Processed    69,000,000 records.  Elapsed time: 00:16:53s.  Time for last 1,000,000:   13s.  Last read position: chr17:10,366,366
INFO	2016-06-03 15:56:12	FixMateInformation	Processed    70,000,000 records.  Elapsed time: 00:17:10s.  Time for last 1,000,000:   17s.  Last read position: chr13:99,853,624
INFO	2016-06-03 15:56:27	FixMateInformation	Processed    71,000,000 records.  Elapsed time: 00:17:25s.  Time for last 1,000,000:   14s.  Last read position: chr16:47,694,644
INFO	2016-06-03 15:56:42	FixMateInformation	Processed    72,000,000 records.  Elapsed time: 00:17:40s.  Time for last 1,000,000:   14s.  Last read position: chr19:2,987,105
INFO	2016-06-03 15:56:55	FixMateInformation	Processed    73,000,000 records.  Elapsed time: 00:17:54s.  Time for last 1,000,000:   13s.  Last read position: chr12:46,555,398
INFO	2016-06-03 15:57:10	FixMateInformation	Processed    74,000,000 records.  Elapsed time: 00:18:08s.  Time for last 1,000,000:   14s.  Last read position: chr16:2,121,759
INFO	2016-06-03 15:57:25	FixMateInformation	Processed    75,000,000 records.  Elapsed time: 00:18:23s.  Time for last 1,000,000:   14s.  Last read position: chr19:14,866,561
INFO	2016-06-03 15:57:39	FixMateInformation	Processed    76,000,000 records.  Elapsed time: 00:18:37s.  Time for last 1,000,000:   13s.  Last read position: chr15:79,748,786
INFO	2016-06-03 15:57:53	FixMateInformation	Processed    77,000,000 records.  Elapsed time: 00:18:52s.  Time for last 1,000,000:   14s.  Last read position: chr2:240,112,849
INFO	2016-06-03 15:58:08	FixMateInformation	Processed    78,000,000 records.  Elapsed time: 00:19:06s.  Time for last 1,000,000:   14s.  Last read position: chr19:50,920,986
INFO	2016-06-03 15:58:21	FixMateInformation	Processed    79,000,000 records.  Elapsed time: 00:19:20s.  Time for last 1,000,000:   13s.  Last read position: chr14:45,639,951
INFO	2016-06-03 15:58:36	FixMateInformation	Processed    80,000,000 records.  Elapsed time: 00:19:34s.  Time for last 1,000,000:   14s.  Last read position: chr10:73,577,132
INFO	2016-06-03 15:58:50	FixMateInformation	Processed    81,000,000 records.  Elapsed time: 00:19:48s.  Time for last 1,000,000:   13s.  Last read position: chr2:71,361,318
INFO	2016-06-03 15:59:03	FixMateInformation	Processed    82,000,000 records.  Elapsed time: 00:20:01s.  Time for last 1,000,000:   13s.  Last read position: chr19:51,918,029
INFO	2016-06-03 15:59:17	FixMateInformation	Processed    83,000,000 records.  Elapsed time: 00:20:15s.  Time for last 1,000,000:   13s.  Last read position: chr1:31,744,335
INFO	2016-06-03 15:59:32	FixMateInformation	Processed    84,000,000 records.  Elapsed time: 00:20:30s.  Time for last 1,000,000:   15s.  Last read position: chr1:161,641,073
INFO	2016-06-03 15:59:45	FixMateInformation	Processed    85,000,000 records.  Elapsed time: 00:20:44s.  Time for last 1,000,000:   13s.  Last read position: chr19:54,926,767
INFO	2016-06-03 15:59:58	FixMateInformation	Processed    86,000,000 records.  Elapsed time: 00:20:56s.  Time for last 1,000,000:   12s.  Last read position: chr19:44,791,932
INFO	2016-06-03 16:00:13	FixMateInformation	Processed    87,000,000 records.  Elapsed time: 00:21:12s.  Time for last 1,000,000:   15s.  Last read position: chr2:190,530,818
INFO	2016-06-03 16:00:28	FixMateInformation	Processed    88,000,000 records.  Elapsed time: 00:21:27s.  Time for last 1,000,000:   14s.  Last read position: chrX:117,677,466
INFO	2016-06-03 16:00:42	FixMateInformation	Processed    89,000,000 records.  Elapsed time: 00:21:41s.  Time for last 1,000,000:   14s.  Last read position: chr2:217,288,305
INFO	2016-06-03 16:00:57	FixMateInformation	Processed    90,000,000 records.  Elapsed time: 00:21:55s.  Time for last 1,000,000:   14s.  Last read position: chr20:32,005,559
INFO	2016-06-03 16:01:13	FixMateInformation	Processed    91,000,000 records.  Elapsed time: 00:22:12s.  Time for last 1,000,000:   16s.  Last read position: chr15:89,866,472
INFO	2016-06-03 16:01:29	FixMateInformation	Processed    92,000,000 records.  Elapsed time: 00:22:27s.  Time for last 1,000,000:   15s.  Last read position: chr15:25,936,875
INFO	2016-06-03 16:01:44	FixMateInformation	Processed    93,000,000 records.  Elapsed time: 00:22:42s.  Time for last 1,000,000:   14s.  Last read position: chr14:77,492,384
INFO	2016-06-03 16:01:58	FixMateInformation	Processed    94,000,000 records.  Elapsed time: 00:22:56s.  Time for last 1,000,000:   14s.  Last read position: chr1:12,569,110
INFO	2016-06-03 16:02:13	FixMateInformation	Processed    95,000,000 records.  Elapsed time: 00:23:11s.  Time for last 1,000,000:   15s.  Last read position: chr19:54,926,196
INFO	2016-06-03 16:02:30	FixMateInformation	Processed    96,000,000 records.  Elapsed time: 00:23:28s.  Time for last 1,000,000:   16s.  Last read position: chr9:141,015,900
INFO	2016-06-03 16:02:45	FixMateInformation	Processed    97,000,000 records.  Elapsed time: 00:23:43s.  Time for last 1,000,000:   15s.  Last read position: chr12:52,407,916
INFO	2016-06-03 16:02:59	FixMateInformation	Processed    98,000,000 records.  Elapsed time: 00:23:57s.  Time for last 1,000,000:   13s.  Last read position: chrX:24,332,207
INFO	2016-06-03 16:03:12	FixMateInformation	Processed    99,000,000 records.  Elapsed time: 00:24:10s.  Time for last 1,000,000:   13s.  Last read position: chr3:185,822,848
INFO	2016-06-03 16:03:26	FixMateInformation	Processed   100,000,000 records.  Elapsed time: 00:24:24s.  Time for last 1,000,000:   13s.  Last read position: chr8:36,694,370
INFO	2016-06-03 16:03:39	FixMateInformation	Processed   101,000,000 records.  Elapsed time: 00:24:37s.  Time for last 1,000,000:   12s.  Last read position: chr11:25,533,536
INFO	2016-06-03 16:03:53	FixMateInformation	Processed   102,000,000 records.  Elapsed time: 00:24:51s.  Time for last 1,000,000:   13s.  Last read position: chr3:25,900,213
INFO	2016-06-03 16:04:06	FixMateInformation	Processed   103,000,000 records.  Elapsed time: 00:25:05s.  Time for last 1,000,000:   13s.  Last read position: chr4:38,937,386
INFO	2016-06-03 16:04:20	FixMateInformation	Processed   104,000,000 records.  Elapsed time: 00:25:18s.  Time for last 1,000,000:   13s.  Last read position: chr16:2,287,594
INFO	2016-06-03 16:04:34	FixMateInformation	Processed   105,000,000 records.  Elapsed time: 00:25:32s.  Time for last 1,000,000:   13s.  Last read position: chr16:18,846,371
INFO	2016-06-03 16:04:47	FixMateInformation	Processed   106,000,000 records.  Elapsed time: 00:25:45s.  Time for last 1,000,000:   13s.  Last read position: chr1:17,025,884
INFO	2016-06-03 16:05:02	FixMateInformation	Processed   107,000,000 records.  Elapsed time: 00:26:01s.  Time for last 1,000,000:   15s.  Last read position: chr11:63,991,415
INFO	2016-06-03 16:05:15	FixMateInformation	Processed   108,000,000 records.  Elapsed time: 00:26:13s.  Time for last 1,000,000:   12s.  Last read position: chr6:116,784,490
INFO	2016-06-03 16:05:30	FixMateInformation	Processed   109,000,000 records.  Elapsed time: 00:26:28s.  Time for last 1,000,000:   15s.  Last read position: chr3:50,824,882
INFO	2016-06-03 16:05:44	FixMateInformation	Processed   110,000,000 records.  Elapsed time: 00:26:43s.  Time for last 1,000,000:   14s.  Last read position: chrX:114,424,218
INFO	2016-06-03 16:05:59	FixMateInformation	Processed   111,000,000 records.  Elapsed time: 00:26:57s.  Time for last 1,000,000:   14s.  Last read position: chr17:7,749,582
INFO	2016-06-03 16:06:14	FixMateInformation	Processed   112,000,000 records.  Elapsed time: 00:27:12s.  Time for last 1,000,000:   14s.  Last read position: chrX:24,766,400
INFO	2016-06-03 16:06:28	FixMateInformation	Processed   113,000,000 records.  Elapsed time: 00:27:26s.  Time for last 1,000,000:   14s.  Last read position: chr4:113,280,890
INFO	2016-06-03 16:06:43	FixMateInformation	Processed   114,000,000 records.  Elapsed time: 00:27:41s.  Time for last 1,000,000:   14s.  Last read position: chr4:49,112,720
INFO	2016-06-03 16:06:56	FixMateInformation	Processed   115,000,000 records.  Elapsed time: 00:27:55s.  Time for last 1,000,000:   13s.  Last read position: chr11:82,878,226
INFO	2016-06-03 16:07:11	FixMateInformation	Processed   116,000,000 records.  Elapsed time: 00:28:09s.  Time for last 1,000,000:   14s.  Last read position: chr1:74,940,970
INFO	2016-06-03 16:07:25	FixMateInformation	Processed   117,000,000 records.  Elapsed time: 00:28:23s.  Time for last 1,000,000:   14s.  Last read position: chr10:95,791,660
INFO	2016-06-03 16:07:38	FixMateInformation	Processed   118,000,000 records.  Elapsed time: 00:28:36s.  Time for last 1,000,000:   13s.  Last read position: chr1:879,298
INFO	2016-06-03 16:07:52	FixMateInformation	Processed   119,000,000 records.  Elapsed time: 00:28:50s.  Time for last 1,000,000:   14s.  Last read position: chr3:38,350,544
INFO	2016-06-03 16:08:06	FixMateInformation	Processed   120,000,000 records.  Elapsed time: 00:29:04s.  Time for last 1,000,000:   14s.  Last read position: chr19:4,028,937
INFO	2016-06-03 16:08:16	FixMateInformation	Finished processing reads; re-sorting output file.
[Fri Jun 03 16:33:33 EDT 2016] picard.sam.FixMateInformation done. Elapsed time: 77.98 minutes.
Runtime.totalMemory()=1150812160
