[Wed May 18 11:11:26 EDT 2016] picard.sam.SortSam INPUT=p_DS_bkm_128-N.sam OUTPUT=p_DS_bkm_128-N/p_DS_bkm_128-N.sorted.bam SORT_ORDER=coordinate TMP_DIR=[tmp_WT] VALIDATION_STRINGENCY=LENIENT CREATE_INDEX=true    VERBOSITY=INFO QUIET=false COMPRESSION_LEVEL=5 MAX_RECORDS_IN_RAM=500000 CREATE_MD5_FILE=false GA4GH_CLIENT_SECRETS=client_secrets.json
[Wed May 18 11:11:26 EDT 2016] Executing as abdelrahman@compute-1-13.local on Linux 2.6.32-279.14.1.el6.x86_64 amd64; Java HotSpot(TM) 64-Bit Server VM 1.8.0_45-b14; Picard version: 2.3.0(9a00c87b7ffdb01cfb5a0d6e76556146196babb8_1463071327) IntelDeflater
INFO	2016-05-18 11:17:26	SortSam	Read    10,000,000 records.  Elapsed time: 00:05:57s.  Time for last 10,000,000:  357s.  Last read position: chr14:73,192,005
INFO	2016-05-18 11:24:11	SortSam	Read    20,000,000 records.  Elapsed time: 00:12:42s.  Time for last 10,000,000:  404s.  Last read position: chr1:181,036,232
INFO	2016-05-18 11:28:49	SortSam	Read    30,000,000 records.  Elapsed time: 00:17:20s.  Time for last 10,000,000:  278s.  Last read position: chr19:42,400,784
INFO	2016-05-18 11:32:51	SortSam	Read    40,000,000 records.  Elapsed time: 00:21:22s.  Time for last 10,000,000:  242s.  Last read position: chr13:44,734,874
INFO	2016-05-18 11:39:50	SortSam	Read    50,000,000 records.  Elapsed time: 00:28:21s.  Time for last 10,000,000:  419s.  Last read position: chr11:613,013
INFO	2016-05-18 11:46:54	SortSam	Read    60,000,000 records.  Elapsed time: 00:35:25s.  Time for last 10,000,000:  424s.  Last read position: chr5:52,405,466
INFO	2016-05-18 11:51:05	SortSam	Read    70,000,000 records.  Elapsed time: 00:39:36s.  Time for last 10,000,000:  250s.  Last read position: chrX:49,099,588
INFO	2016-05-18 11:54:29	SortSam	Read    80,000,000 records.  Elapsed time: 00:43:00s.  Time for last 10,000,000:  203s.  Last read position: chr16:33,869,924
INFO	2016-05-18 11:58:10	SortSam	Read    90,000,000 records.  Elapsed time: 00:46:41s.  Time for last 10,000,000:  221s.  Last read position: chr12:57,994,612
INFO	2016-05-18 12:01:33	SortSam	Read   100,000,000 records.  Elapsed time: 00:50:04s.  Time for last 10,000,000:  202s.  Last read position: chr3:169,555,353
INFO	2016-05-18 12:02:17	SortSam	Finished reading inputs, merging and writing to output now.
INFO	2016-05-18 12:10:04	SortSam	Wrote    10,000,000 records from a sorting collection.  Elapsed time: 00:58:35s.  Time for last 10,000,000:  187s.  Last read position: chr1:247,587,732
INFO	2016-05-18 12:11:36	SortSam	Wrote    20,000,000 records from a sorting collection.  Elapsed time: 01:00:07s.  Time for last 10,000,000:   91s.  Last read position: chr3:52,539,229
INFO	2016-05-18 12:13:27	SortSam	Wrote    30,000,000 records from a sorting collection.  Elapsed time: 01:01:58s.  Time for last 10,000,000:  111s.  Last read position: chr5:102,486,890
INFO	2016-05-18 12:16:09	SortSam	Wrote    40,000,000 records from a sorting collection.  Elapsed time: 01:04:40s.  Time for last 10,000,000:  161s.  Last read position: chr7:77,210,682
INFO	2016-05-18 12:18:56	SortSam	Wrote    50,000,000 records from a sorting collection.  Elapsed time: 01:07:27s.  Time for last 10,000,000:  167s.  Last read position: chr9:134,504,441
INFO	2016-05-18 12:21:41	SortSam	Wrote    60,000,000 records from a sorting collection.  Elapsed time: 01:10:12s.  Time for last 10,000,000:  164s.  Last read position: chr11:117,708,915
INFO	2016-05-18 12:23:14	SortSam	Wrote    70,000,000 records from a sorting collection.  Elapsed time: 01:11:45s.  Time for last 10,000,000:   93s.  Last read position: chr14:73,703,811
INFO	2016-05-18 12:24:59	SortSam	Wrote    80,000,000 records from a sorting collection.  Elapsed time: 01:13:30s.  Time for last 10,000,000:  104s.  Last read position: chr17:10,307,805
INFO	2016-05-18 12:26:39	SortSam	Wrote    90,000,000 records from a sorting collection.  Elapsed time: 01:15:10s.  Time for last 10,000,000:   99s.  Last read position: chr19:42,858,117
INFO	2016-05-18 12:28:20	SortSam	Wrote   100,000,000 records from a sorting collection.  Elapsed time: 01:16:51s.  Time for last 10,000,000:  101s.  Last read position: chrX:75,003,634
[Wed May 18 12:29:34 EDT 2016] picard.sam.SortSam done. Elapsed time: 78.13 minutes.
Runtime.totalMemory()=1590165504
[Wed May 18 12:29:35 EDT 2016] picard.sam.markduplicates.MarkDuplicates INPUT=[p_DS_bkm_128-N/p_DS_bkm_128-N.sorted.bam] OUTPUT=p_DS_bkm_128-N/p_DS_bkm_128-N.sorted.MarkDup.bam METRICS_FILE=MarkDup_metrics TMP_DIR=[tmp] VALIDATION_STRINGENCY=SILENT CREATE_INDEX=true    MAX_SEQUENCES_FOR_DISK_READ_ENDS_MAP=50000 MAX_FILE_HANDLES_FOR_READ_ENDS_MAP=8000 SORTING_COLLECTION_SIZE_RATIO=0.25 REMOVE_SEQUENCING_DUPLICATES=false TAGGING_POLICY=DontTag REMOVE_DUPLICATES=false ASSUME_SORTED=false DUPLICATE_SCORING_STRATEGY=SUM_OF_BASE_QUALITIES PROGRAM_RECORD_ID=MarkDuplicates PROGRAM_GROUP_NAME=MarkDuplicates READ_NAME_REGEX=<optimized capture of last three ':' separated fields as numeric values> OPTICAL_DUPLICATE_PIXEL_DISTANCE=100 VERBOSITY=INFO QUIET=false COMPRESSION_LEVEL=5 MAX_RECORDS_IN_RAM=500000 CREATE_MD5_FILE=false GA4GH_CLIENT_SECRETS=client_secrets.json
[Wed May 18 12:29:35 EDT 2016] Executing as abdelrahman@compute-1-13.local on Linux 2.6.32-279.14.1.el6.x86_64 amd64; Java HotSpot(TM) 64-Bit Server VM 1.8.0_45-b14; Picard version: 2.3.0(9a00c87b7ffdb01cfb5a0d6e76556146196babb8_1463071327) IntelDeflater
INFO	2016-05-18 12:29:35	MarkDuplicates	Start of doWork freeMemory: 502229104; totalMemory: 506462208; maxMemory: 13362528256
INFO	2016-05-18 12:29:35	MarkDuplicates	Reading input file and constructing read end information.
INFO	2016-05-18 12:29:35	MarkDuplicates	Will retain up to 51394339 data points before spilling to disk.
INFO	2016-05-18 12:29:41	MarkDuplicates	Read     1,000,000 records.  Elapsed time: 00:00:05s.  Time for last 1,000,000:    5s.  Last read position: chr1:16,272,620
INFO	2016-05-18 12:29:41	MarkDuplicates	Tracking 3942 as yet unmatched pairs. 351 records in RAM.
INFO	2016-05-18 12:29:46	MarkDuplicates	Read     2,000,000 records.  Elapsed time: 00:00:10s.  Time for last 1,000,000:    5s.  Last read position: chr1:31,732,841
INFO	2016-05-18 12:29:46	MarkDuplicates	Tracking 7517 as yet unmatched pairs. 675 records in RAM.
INFO	2016-05-18 12:29:51	MarkDuplicates	Read     3,000,000 records.  Elapsed time: 00:00:15s.  Time for last 1,000,000:    4s.  Last read position: chr1:45,276,248
INFO	2016-05-18 12:29:51	MarkDuplicates	Tracking 10748 as yet unmatched pairs. 730 records in RAM.
INFO	2016-05-18 12:29:56	MarkDuplicates	Read     4,000,000 records.  Elapsed time: 00:00:20s.  Time for last 1,000,000:    4s.  Last read position: chr1:76,293,483
INFO	2016-05-18 12:29:56	MarkDuplicates	Tracking 15041 as yet unmatched pairs. 821 records in RAM.
INFO	2016-05-18 12:30:01	MarkDuplicates	Read     5,000,000 records.  Elapsed time: 00:00:25s.  Time for last 1,000,000:    5s.  Last read position: chr1:112,524,717
INFO	2016-05-18 12:30:01	MarkDuplicates	Tracking 19928 as yet unmatched pairs. 1023 records in RAM.
INFO	2016-05-18 12:30:06	MarkDuplicates	Read     6,000,000 records.  Elapsed time: 00:00:30s.  Time for last 1,000,000:    4s.  Last read position: chr1:153,588,284
INFO	2016-05-18 12:30:06	MarkDuplicates	Tracking 24823 as yet unmatched pairs. 924 records in RAM.
INFO	2016-05-18 12:30:12	MarkDuplicates	Read     7,000,000 records.  Elapsed time: 00:00:36s.  Time for last 1,000,000:    5s.  Last read position: chr1:161,680,317
INFO	2016-05-18 12:30:12	MarkDuplicates	Tracking 27420 as yet unmatched pairs. 894 records in RAM.
INFO	2016-05-18 12:30:15	MarkDuplicates	Read     8,000,000 records.  Elapsed time: 00:00:39s.  Time for last 1,000,000:    3s.  Last read position: chr1:193,181,607
INFO	2016-05-18 12:30:15	MarkDuplicates	Tracking 31452 as yet unmatched pairs. 679 records in RAM.
INFO	2016-05-18 12:30:20	MarkDuplicates	Read     9,000,000 records.  Elapsed time: 00:00:44s.  Time for last 1,000,000:    4s.  Last read position: chr1:220,142,220
INFO	2016-05-18 12:30:20	MarkDuplicates	Tracking 35202 as yet unmatched pairs. 468 records in RAM.
INFO	2016-05-18 12:30:25	MarkDuplicates	Read    10,000,000 records.  Elapsed time: 00:00:49s.  Time for last 1,000,000:    5s.  Last read position: chr1:247,587,732
INFO	2016-05-18 12:30:25	MarkDuplicates	Tracking 39375 as yet unmatched pairs. 91 records in RAM.
INFO	2016-05-18 12:30:29	MarkDuplicates	Read    11,000,000 records.  Elapsed time: 00:00:53s.  Time for last 1,000,000:    3s.  Last read position: chr2:28,627,016
INFO	2016-05-18 12:30:29	MarkDuplicates	Tracking 43439 as yet unmatched pairs. 5247 records in RAM.
INFO	2016-05-18 12:30:36	MarkDuplicates	Read    12,000,000 records.  Elapsed time: 00:01:00s.  Time for last 1,000,000:    6s.  Last read position: chr2:64,147,069
INFO	2016-05-18 12:30:36	MarkDuplicates	Tracking 59223 as yet unmatched pairs. 4081 records in RAM.
INFO	2016-05-18 12:30:39	MarkDuplicates	Read    13,000,000 records.  Elapsed time: 00:01:03s.  Time for last 1,000,000:    3s.  Last read position: chr2:97,543,706
INFO	2016-05-18 12:30:39	MarkDuplicates	Tracking 64225 as yet unmatched pairs. 3673 records in RAM.
INFO	2016-05-18 12:30:44	MarkDuplicates	Read    14,000,000 records.  Elapsed time: 00:01:08s.  Time for last 1,000,000:    5s.  Last read position: chr2:136,479,647
INFO	2016-05-18 12:30:44	MarkDuplicates	Tracking 71303 as yet unmatched pairs. 2908 records in RAM.
INFO	2016-05-18 12:30:48	MarkDuplicates	Read    15,000,000 records.  Elapsed time: 00:01:12s.  Time for last 1,000,000:    3s.  Last read position: chr2:177,033,910
INFO	2016-05-18 12:30:48	MarkDuplicates	Tracking 75175 as yet unmatched pairs. 2218 records in RAM.
INFO	2016-05-18 12:30:51	MarkDuplicates	Read    16,000,000 records.  Elapsed time: 00:01:15s.  Time for last 1,000,000:    3s.  Last read position: chr2:203,826,020
INFO	2016-05-18 12:30:51	MarkDuplicates	Tracking 78082 as yet unmatched pairs. 1566 records in RAM.
INFO	2016-05-18 12:30:59	MarkDuplicates	Read    17,000,000 records.  Elapsed time: 00:01:23s.  Time for last 1,000,000:    8s.  Last read position: chr2:231,157,316
INFO	2016-05-18 12:30:59	MarkDuplicates	Tracking 80983 as yet unmatched pairs. 557 records in RAM.
INFO	2016-05-18 12:31:03	MarkDuplicates	Read    18,000,000 records.  Elapsed time: 00:01:27s.  Time for last 1,000,000:    3s.  Last read position: chr3:11,849,170
INFO	2016-05-18 12:31:03	MarkDuplicates	Tracking 83445 as yet unmatched pairs. 5306 records in RAM.
INFO	2016-05-18 12:31:08	MarkDuplicates	Read    19,000,000 records.  Elapsed time: 00:01:32s.  Time for last 1,000,000:    5s.  Last read position: chr3:44,620,901
INFO	2016-05-18 12:31:08	MarkDuplicates	Tracking 86284 as yet unmatched pairs. 4630 records in RAM.
INFO	2016-05-18 12:31:12	MarkDuplicates	Read    20,000,000 records.  Elapsed time: 00:01:36s.  Time for last 1,000,000:    3s.  Last read position: chr3:52,539,229
INFO	2016-05-18 12:31:12	MarkDuplicates	Tracking 87780 as yet unmatched pairs. 4118 records in RAM.
INFO	2016-05-18 12:31:18	MarkDuplicates	Read    21,000,000 records.  Elapsed time: 00:01:42s.  Time for last 1,000,000:    6s.  Last read position: chr3:108,107,790
INFO	2016-05-18 12:31:18	MarkDuplicates	Tracking 91530 as yet unmatched pairs. 3026 records in RAM.
INFO	2016-05-18 12:31:21	MarkDuplicates	Read    22,000,000 records.  Elapsed time: 00:01:45s.  Time for last 1,000,000:    3s.  Last read position: chr3:132,218,558
INFO	2016-05-18 12:31:21	MarkDuplicates	Tracking 93657 as yet unmatched pairs. 2196 records in RAM.
INFO	2016-05-18 12:31:30	MarkDuplicates	Read    23,000,000 records.  Elapsed time: 00:01:54s.  Time for last 1,000,000:    8s.  Last read position: chr3:174,951,691
INFO	2016-05-18 12:31:30	MarkDuplicates	Tracking 96508 as yet unmatched pairs. 982 records in RAM.
INFO	2016-05-18 12:31:34	MarkDuplicates	Read    24,000,000 records.  Elapsed time: 00:01:58s.  Time for last 1,000,000:    3s.  Last read position: chr4:2,733,589
INFO	2016-05-18 12:31:34	MarkDuplicates	Tracking 98842 as yet unmatched pairs. 6862 records in RAM.
INFO	2016-05-18 12:31:39	MarkDuplicates	Read    25,000,000 records.  Elapsed time: 00:02:03s.  Time for last 1,000,000:    5s.  Last read position: chr4:48,384,956
INFO	2016-05-18 12:31:39	MarkDuplicates	Tracking 101565 as yet unmatched pairs. 5592 records in RAM.
INFO	2016-05-18 12:31:42	MarkDuplicates	Read    26,000,000 records.  Elapsed time: 00:02:06s.  Time for last 1,000,000:    3s.  Last read position: chr4:89,349,588
INFO	2016-05-18 12:31:42	MarkDuplicates	Tracking 105983 as yet unmatched pairs. 3386 records in RAM.
INFO	2016-05-18 12:31:47	MarkDuplicates	Read    27,000,000 records.  Elapsed time: 00:02:11s.  Time for last 1,000,000:    5s.  Last read position: chr4:143,130,115
INFO	2016-05-18 12:31:47	MarkDuplicates	Tracking 108988 as yet unmatched pairs. 1811 records in RAM.
INFO	2016-05-18 12:32:09	MarkDuplicates	Read    28,000,000 records.  Elapsed time: 00:02:33s.  Time for last 1,000,000:   21s.  Last read position: chr5:1,038,348
INFO	2016-05-18 12:32:09	MarkDuplicates	Tracking 111696 as yet unmatched pairs. 7799 records in RAM.
INFO	2016-05-18 12:32:19	MarkDuplicates	Read    29,000,000 records.  Elapsed time: 00:02:43s.  Time for last 1,000,000:   10s.  Last read position: chr5:56,231,507
INFO	2016-05-18 12:32:19	MarkDuplicates	Tracking 114230 as yet unmatched pairs. 6140 records in RAM.
INFO	2016-05-18 12:32:23	MarkDuplicates	Read    30,000,000 records.  Elapsed time: 00:02:47s.  Time for last 1,000,000:    3s.  Last read position: chr5:102,486,890
INFO	2016-05-18 12:32:23	MarkDuplicates	Tracking 116146 as yet unmatched pairs. 3937 records in RAM.
INFO	2016-05-18 12:32:28	MarkDuplicates	Read    31,000,000 records.  Elapsed time: 00:02:52s.  Time for last 1,000,000:    4s.  Last read position: chr5:140,207,973
INFO	2016-05-18 12:32:28	MarkDuplicates	Tracking 118088 as yet unmatched pairs. 2426 records in RAM.
INFO	2016-05-18 12:32:31	MarkDuplicates	Read    32,000,000 records.  Elapsed time: 00:02:55s.  Time for last 1,000,000:    3s.  Last read position: chr5:167,477,263
INFO	2016-05-18 12:32:31	MarkDuplicates	Tracking 119174 as yet unmatched pairs. 848 records in RAM.
INFO	2016-05-18 12:32:37	MarkDuplicates	Read    33,000,000 records.  Elapsed time: 00:03:01s.  Time for last 1,000,000:    6s.  Last read position: chr6:12,677,824
INFO	2016-05-18 12:32:37	MarkDuplicates	Tracking 120490 as yet unmatched pairs. 8589 records in RAM.
INFO	2016-05-18 12:32:41	MarkDuplicates	Read    34,000,000 records.  Elapsed time: 00:03:05s.  Time for last 1,000,000:    3s.  Last read position: chr6:31,915,807
INFO	2016-05-18 12:32:41	MarkDuplicates	Tracking 121531 as yet unmatched pairs. 7392 records in RAM.
INFO	2016-05-18 12:32:50	MarkDuplicates	Read    35,000,000 records.  Elapsed time: 00:03:14s.  Time for last 1,000,000:    9s.  Last read position: chr6:43,472,818
INFO	2016-05-18 12:32:50	MarkDuplicates	Tracking 122158 as yet unmatched pairs. 6329 records in RAM.
INFO	2016-05-18 12:32:54	MarkDuplicates	Read    36,000,000 records.  Elapsed time: 00:03:18s.  Time for last 1,000,000:    3s.  Last read position: chr6:87,738,564
INFO	2016-05-18 12:32:54	MarkDuplicates	Tracking 123455 as yet unmatched pairs. 4375 records in RAM.
INFO	2016-05-18 12:32:58	MarkDuplicates	Read    37,000,000 records.  Elapsed time: 00:03:23s.  Time for last 1,000,000:    4s.  Last read position: chr6:132,713,281
INFO	2016-05-18 12:32:58	MarkDuplicates	Tracking 124791 as yet unmatched pairs. 2386 records in RAM.
INFO	2016-05-18 12:33:02	MarkDuplicates	Read    38,000,000 records.  Elapsed time: 00:03:26s.  Time for last 1,000,000:    3s.  Last read position: chr6:168,343,732
INFO	2016-05-18 12:33:02	MarkDuplicates	Tracking 125904 as yet unmatched pairs. 220 records in RAM.
INFO	2016-05-18 12:33:08	MarkDuplicates	Read    39,000,000 records.  Elapsed time: 00:03:32s.  Time for last 1,000,000:    5s.  Last read position: chr7:32,091,913
INFO	2016-05-18 12:33:08	MarkDuplicates	Tracking 126643 as yet unmatched pairs. 8672 records in RAM.
INFO	2016-05-18 12:33:11	MarkDuplicates	Read    40,000,000 records.  Elapsed time: 00:03:35s.  Time for last 1,000,000:    3s.  Last read position: chr7:77,210,682
INFO	2016-05-18 12:33:11	MarkDuplicates	Tracking 127773 as yet unmatched pairs. 6148 records in RAM.
INFO	2016-05-18 12:33:21	MarkDuplicates	Read    41,000,000 records.  Elapsed time: 00:03:45s.  Time for last 1,000,000:    9s.  Last read position: chr7:100,954,079
INFO	2016-05-18 12:33:21	MarkDuplicates	Tracking 128329 as yet unmatched pairs. 4445 records in RAM.
INFO	2016-05-18 12:33:24	MarkDuplicates	Read    42,000,000 records.  Elapsed time: 00:03:48s.  Time for last 1,000,000:    3s.  Last read position: chr7:135,390,708
INFO	2016-05-18 12:33:24	MarkDuplicates	Tracking 128722 as yet unmatched pairs. 1930 records in RAM.
INFO	2016-05-18 12:33:29	MarkDuplicates	Read    43,000,000 records.  Elapsed time: 00:03:53s.  Time for last 1,000,000:    4s.  Last read position: chr8:1,649,498
INFO	2016-05-18 12:33:29	MarkDuplicates	Tracking 129293 as yet unmatched pairs. 9335 records in RAM.
INFO	2016-05-18 12:33:33	MarkDuplicates	Read    44,000,000 records.  Elapsed time: 00:03:57s.  Time for last 1,000,000:    3s.  Last read position: chr8:37,963,532
INFO	2016-05-18 12:33:33	MarkDuplicates	Tracking 129513 as yet unmatched pairs. 7127 records in RAM.
INFO	2016-05-18 12:33:38	MarkDuplicates	Read    45,000,000 records.  Elapsed time: 00:04:02s.  Time for last 1,000,000:    5s.  Last read position: chr8:87,424,036
INFO	2016-05-18 12:33:38	MarkDuplicates	Tracking 129817 as yet unmatched pairs. 4091 records in RAM.
INFO	2016-05-18 12:33:42	MarkDuplicates	Read    46,000,000 records.  Elapsed time: 00:04:06s.  Time for last 1,000,000:    3s.  Last read position: chr8:134,296,830
INFO	2016-05-18 12:33:42	MarkDuplicates	Tracking 129945 as yet unmatched pairs. 1196 records in RAM.
INFO	2016-05-18 12:33:48	MarkDuplicates	Read    47,000,000 records.  Elapsed time: 00:04:12s.  Time for last 1,000,000:    5s.  Last read position: chr9:21,011,625
INFO	2016-05-18 12:33:48	MarkDuplicates	Tracking 129642 as yet unmatched pairs. 8560 records in RAM.
INFO	2016-05-18 12:33:51	MarkDuplicates	Read    48,000,000 records.  Elapsed time: 00:04:15s.  Time for last 1,000,000:    3s.  Last read position: chr9:85,620,326
INFO	2016-05-18 12:33:51	MarkDuplicates	Tracking 129519 as yet unmatched pairs. 5377 records in RAM.
INFO	2016-05-18 12:34:03	MarkDuplicates	Read    49,000,000 records.  Elapsed time: 00:04:27s.  Time for last 1,000,000:   11s.  Last read position: chr9:116,171,175
INFO	2016-05-18 12:34:03	MarkDuplicates	Tracking 129324 as yet unmatched pairs. 3083 records in RAM.
INFO	2016-05-18 12:34:07	MarkDuplicates	Read    50,000,000 records.  Elapsed time: 00:04:31s.  Time for last 1,000,000:    3s.  Last read position: chr9:134,504,441
INFO	2016-05-18 12:34:07	MarkDuplicates	Tracking 129018 as yet unmatched pairs. 1142 records in RAM.
INFO	2016-05-18 12:34:12	MarkDuplicates	Read    51,000,000 records.  Elapsed time: 00:04:36s.  Time for last 1,000,000:    5s.  Last read position: chr10:14,572,521
INFO	2016-05-18 12:34:12	MarkDuplicates	Tracking 128423 as yet unmatched pairs. 12130 records in RAM.
INFO	2016-05-18 12:35:12	MarkDuplicates	Read    52,000,000 records.  Elapsed time: 00:05:36s.  Time for last 1,000,000:   59s.  Last read position: chr10:60,573,823
INFO	2016-05-18 12:35:12	MarkDuplicates	Tracking 128385 as yet unmatched pairs. 7395 records in RAM.
INFO	2016-05-18 12:35:17	MarkDuplicates	Read    53,000,000 records.  Elapsed time: 00:05:41s.  Time for last 1,000,000:    4s.  Last read position: chr10:93,024,185
INFO	2016-05-18 12:35:17	MarkDuplicates	Tracking 127774 as yet unmatched pairs. 4864 records in RAM.
INFO	2016-05-18 12:35:20	MarkDuplicates	Read    54,000,000 records.  Elapsed time: 00:05:44s.  Time for last 1,000,000:    3s.  Last read position: chr10:114,889,586
INFO	2016-05-18 12:35:20	MarkDuplicates	Tracking 126937 as yet unmatched pairs. 2118 records in RAM.
INFO	2016-05-18 12:35:26	MarkDuplicates	Read    55,000,000 records.  Elapsed time: 00:05:50s.  Time for last 1,000,000:    5s.  Last read position: chr11:1,220,129
INFO	2016-05-18 12:35:26	MarkDuplicates	Tracking 126107 as yet unmatched pairs. 13717 records in RAM.
INFO	2016-05-18 12:35:29	MarkDuplicates	Read    56,000,000 records.  Elapsed time: 00:05:53s.  Time for last 1,000,000:    3s.  Last read position: chr11:17,577,440
INFO	2016-05-18 12:35:29	MarkDuplicates	Tracking 125479 as yet unmatched pairs. 11885 records in RAM.
INFO	2016-05-18 12:35:36	MarkDuplicates	Read    57,000,000 records.  Elapsed time: 00:06:00s.  Time for last 1,000,000:    6s.  Last read position: chr11:56,344,219
INFO	2016-05-18 12:35:36	MarkDuplicates	Tracking 124613 as yet unmatched pairs. 9031 records in RAM.
INFO	2016-05-18 12:35:39	MarkDuplicates	Read    58,000,000 records.  Elapsed time: 00:06:03s.  Time for last 1,000,000:    3s.  Last read position: chr11:65,311,011
INFO	2016-05-18 12:35:39	MarkDuplicates	Tracking 123746 as yet unmatched pairs. 7136 records in RAM.
INFO	2016-05-18 12:35:48	MarkDuplicates	Read    59,000,000 records.  Elapsed time: 00:06:12s.  Time for last 1,000,000:    8s.  Last read position: chr11:78,369,310
INFO	2016-05-18 12:35:48	MarkDuplicates	Tracking 123099 as yet unmatched pairs. 5318 records in RAM.
INFO	2016-05-18 12:35:51	MarkDuplicates	Read    60,000,000 records.  Elapsed time: 00:06:15s.  Time for last 1,000,000:    3s.  Last read position: chr11:117,708,915
INFO	2016-05-18 12:35:51	MarkDuplicates	Tracking 121627 as yet unmatched pairs. 1874 records in RAM.
INFO	2016-05-18 12:35:55	MarkDuplicates	Read    61,000,000 records.  Elapsed time: 00:06:19s.  Time for last 1,000,000:    3s.  Last read position: chr12:3,310,475
INFO	2016-05-18 12:35:55	MarkDuplicates	Tracking 120698 as yet unmatched pairs. 14829 records in RAM.
INFO	2016-05-18 12:36:00	MarkDuplicates	Read    62,000,000 records.  Elapsed time: 00:06:24s.  Time for last 1,000,000:    4s.  Last read position: chr12:29,494,575
INFO	2016-05-18 12:36:00	MarkDuplicates	Tracking 119629 as yet unmatched pairs. 12368 records in RAM.
INFO	2016-05-18 12:36:03	MarkDuplicates	Read    63,000,000 records.  Elapsed time: 00:06:27s.  Time for last 1,000,000:    3s.  Last read position: chr12:53,587,622
INFO	2016-05-18 12:36:03	MarkDuplicates	Tracking 118486 as yet unmatched pairs. 9833 records in RAM.
INFO	2016-05-18 12:36:09	MarkDuplicates	Read    64,000,000 records.  Elapsed time: 00:06:33s.  Time for last 1,000,000:    5s.  Last read position: chr12:71,551,527
INFO	2016-05-18 12:36:09	MarkDuplicates	Tracking 116985 as yet unmatched pairs. 6908 records in RAM.
INFO	2016-05-18 12:36:13	MarkDuplicates	Read    65,000,000 records.  Elapsed time: 00:06:37s.  Time for last 1,000,000:    3s.  Last read position: chr12:110,231,345
INFO	2016-05-18 12:36:13	MarkDuplicates	Tracking 115205 as yet unmatched pairs. 3356 records in RAM.
INFO	2016-05-18 12:36:18	MarkDuplicates	Read    66,000,000 records.  Elapsed time: 00:06:42s.  Time for last 1,000,000:    5s.  Last read position: chr12:132,465,921
INFO	2016-05-18 12:36:18	MarkDuplicates	Tracking 113562 as yet unmatched pairs. 366 records in RAM.
INFO	2016-05-18 12:36:22	MarkDuplicates	Read    67,000,000 records.  Elapsed time: 00:06:46s.  Time for last 1,000,000:    3s.  Last read position: chr13:47,469,872
INFO	2016-05-18 12:36:22	MarkDuplicates	Tracking 111725 as yet unmatched pairs. 4922 records in RAM.
INFO	2016-05-18 12:36:30	MarkDuplicates	Read    68,000,000 records.  Elapsed time: 00:06:54s.  Time for last 1,000,000:    8s.  Last read position: chr13:113,899,290
INFO	2016-05-18 12:36:30	MarkDuplicates	Tracking 109145 as yet unmatched pairs. 335 records in RAM.
INFO	2016-05-18 12:36:34	MarkDuplicates	Read    69,000,000 records.  Elapsed time: 00:06:58s.  Time for last 1,000,000:    3s.  Last read position: chr14:38,060,895
INFO	2016-05-18 12:36:34	MarkDuplicates	Tracking 107419 as yet unmatched pairs. 7824 records in RAM.
INFO	2016-05-18 12:36:38	MarkDuplicates	Read    70,000,000 records.  Elapsed time: 00:07:03s.  Time for last 1,000,000:    4s.  Last read position: chr14:73,703,811
INFO	2016-05-18 12:36:38	MarkDuplicates	Tracking 105178 as yet unmatched pairs. 4227 records in RAM.
INFO	2016-05-18 12:36:42	MarkDuplicates	Read    71,000,000 records.  Elapsed time: 00:07:06s.  Time for last 1,000,000:    3s.  Last read position: chr14:102,900,640
INFO	2016-05-18 12:36:42	MarkDuplicates	Tracking 103191 as yet unmatched pairs. 916 records in RAM.
INFO	2016-05-18 12:36:48	MarkDuplicates	Read    72,000,000 records.  Elapsed time: 00:07:12s.  Time for last 1,000,000:    5s.  Last read position: chr15:41,482,270
INFO	2016-05-18 12:36:48	MarkDuplicates	Tracking 101016 as yet unmatched pairs. 8546 records in RAM.
INFO	2016-05-18 12:36:51	MarkDuplicates	Read    73,000,000 records.  Elapsed time: 00:07:15s.  Time for last 1,000,000:    3s.  Last read position: chr15:59,564,599
INFO	2016-05-18 12:36:51	MarkDuplicates	Tracking 98975 as yet unmatched pairs. 5597 records in RAM.
INFO	2016-05-18 12:36:58	MarkDuplicates	Read    74,000,000 records.  Elapsed time: 00:07:22s.  Time for last 1,000,000:    6s.  Last read position: chr15:81,046,388
INFO	2016-05-18 12:36:58	MarkDuplicates	Tracking 96920 as yet unmatched pairs. 2556 records in RAM.
INFO	2016-05-18 12:37:01	MarkDuplicates	Read    75,000,000 records.  Elapsed time: 00:07:25s.  Time for last 1,000,000:    3s.  Last read position: chr16:1,633,487
INFO	2016-05-18 12:37:01	MarkDuplicates	Tracking 94716 as yet unmatched pairs. 14075 records in RAM.
INFO	2016-05-18 12:37:11	MarkDuplicates	Read    76,000,000 records.  Elapsed time: 00:07:35s.  Time for last 1,000,000:    9s.  Last read position: chr16:21,008,809
INFO	2016-05-18 12:37:11	MarkDuplicates	Tracking 92407 as yet unmatched pairs. 10976 records in RAM.
INFO	2016-05-18 12:37:15	MarkDuplicates	Read    77,000,000 records.  Elapsed time: 00:07:39s.  Time for last 1,000,000:    3s.  Last read position: chr16:49,671,615
INFO	2016-05-18 12:37:15	MarkDuplicates	Tracking 89215 as yet unmatched pairs. 6128 records in RAM.
INFO	2016-05-18 12:37:19	MarkDuplicates	Read    78,000,000 records.  Elapsed time: 00:07:43s.  Time for last 1,000,000:    4s.  Last read position: chr16:70,916,624
INFO	2016-05-18 12:37:19	MarkDuplicates	Tracking 87111 as yet unmatched pairs. 3218 records in RAM.
INFO	2016-05-18 12:37:23	MarkDuplicates	Read    79,000,000 records.  Elapsed time: 00:07:47s.  Time for last 1,000,000:    3s.  Last read position: chr17:1,990,376
INFO	2016-05-18 12:37:23	MarkDuplicates	Tracking 84346 as yet unmatched pairs. 16107 records in RAM.
INFO	2016-05-18 12:37:29	MarkDuplicates	Read    80,000,000 records.  Elapsed time: 00:07:53s.  Time for last 1,000,000:    5s.  Last read position: chr17:10,307,805
INFO	2016-05-18 12:37:29	MarkDuplicates	Tracking 82619 as yet unmatched pairs. 13940 records in RAM.
INFO	2016-05-18 12:37:32	MarkDuplicates	Read    81,000,000 records.  Elapsed time: 00:07:56s.  Time for last 1,000,000:    3s.  Last read position: chr17:30,529,894
INFO	2016-05-18 12:37:32	MarkDuplicates	Tracking 80059 as yet unmatched pairs. 10592 records in RAM.
INFO	2016-05-18 12:37:36	MarkDuplicates	Read    82,000,000 records.  Elapsed time: 00:08:00s.  Time for last 1,000,000:    3s.  Last read position: chr17:41,832,933
INFO	2016-05-18 12:37:36	MarkDuplicates	Tracking 77789 as yet unmatched pairs. 7793 records in RAM.
INFO	2016-05-18 12:37:41	MarkDuplicates	Read    83,000,000 records.  Elapsed time: 00:08:05s.  Time for last 1,000,000:    5s.  Last read position: chr17:59,482,445
INFO	2016-05-18 12:37:41	MarkDuplicates	Tracking 75129 as yet unmatched pairs. 4528 records in RAM.
INFO	2016-05-18 12:37:44	MarkDuplicates	Read    84,000,000 records.  Elapsed time: 00:08:08s.  Time for last 1,000,000:    3s.  Last read position: chr17:76,128,053
INFO	2016-05-18 12:37:44	MarkDuplicates	Tracking 72524 as yet unmatched pairs. 1394 records in RAM.
INFO	2016-05-18 12:37:54	MarkDuplicates	Read    85,000,000 records.  Elapsed time: 00:08:18s.  Time for last 1,000,000:    9s.  Last read position: chr18:21,100,048
INFO	2016-05-18 12:37:54	MarkDuplicates	Tracking 69131 as yet unmatched pairs. 6034 records in RAM.
INFO	2016-05-18 12:37:57	MarkDuplicates	Read    86,000,000 records.  Elapsed time: 00:08:21s.  Time for last 1,000,000:    3s.  Last read position: chr18:72,344,146
INFO	2016-05-18 12:37:57	MarkDuplicates	Tracking 64643 as yet unmatched pairs. 710 records in RAM.
INFO	2016-05-18 12:38:02	MarkDuplicates	Read    87,000,000 records.  Elapsed time: 00:08:26s.  Time for last 1,000,000:    5s.  Last read position: chr19:7,688,098
INFO	2016-05-18 12:38:02	MarkDuplicates	Tracking 61888 as yet unmatched pairs. 16004 records in RAM.
INFO	2016-05-18 12:38:06	MarkDuplicates	Read    88,000,000 records.  Elapsed time: 00:08:30s.  Time for last 1,000,000:    3s.  Last read position: chr19:14,817,330
INFO	2016-05-18 12:38:06	MarkDuplicates	Tracking 59394 as yet unmatched pairs. 13205 records in RAM.
INFO	2016-05-18 12:38:12	MarkDuplicates	Read    89,000,000 records.  Elapsed time: 00:08:36s.  Time for last 1,000,000:    5s.  Last read position: chr19:35,646,266
INFO	2016-05-18 12:38:12	MarkDuplicates	Tracking 55404 as yet unmatched pairs. 8792 records in RAM.
INFO	2016-05-18 12:38:15	MarkDuplicates	Read    90,000,000 records.  Elapsed time: 00:08:39s.  Time for last 1,000,000:    3s.  Last read position: chr19:42,858,117
INFO	2016-05-18 12:38:15	MarkDuplicates	Tracking 52888 as yet unmatched pairs. 6000 records in RAM.
INFO	2016-05-18 12:38:31	MarkDuplicates	Read    91,000,000 records.  Elapsed time: 00:08:55s.  Time for last 1,000,000:   15s.  Last read position: chr19:50,758,360
INFO	2016-05-18 12:38:31	MarkDuplicates	Tracking 50286 as yet unmatched pairs. 3116 records in RAM.
INFO	2016-05-18 12:38:37	MarkDuplicates	Read    92,000,000 records.  Elapsed time: 00:09:01s.  Time for last 1,000,000:    6s.  Last read position: chr19:58,551,763
INFO	2016-05-18 12:38:37	MarkDuplicates	Tracking 47794 as yet unmatched pairs. 302 records in RAM.
INFO	2016-05-18 12:38:43	MarkDuplicates	Read    93,000,000 records.  Elapsed time: 00:09:07s.  Time for last 1,000,000:    5s.  Last read position: chr20:31,024,548
INFO	2016-05-18 12:38:43	MarkDuplicates	Tracking 44298 as yet unmatched pairs. 5974 records in RAM.
INFO	2016-05-18 12:38:47	MarkDuplicates	Read    94,000,000 records.  Elapsed time: 00:09:11s.  Time for last 1,000,000:    3s.  Last read position: chr20:48,049,195
INFO	2016-05-18 12:38:47	MarkDuplicates	Tracking 40983 as yet unmatched pairs. 2368 records in RAM.
INFO	2016-05-18 12:38:57	MarkDuplicates	Read    95,000,000 records.  Elapsed time: 00:09:21s.  Time for last 1,000,000:   10s.  Last read position: chr21:33,956,390
INFO	2016-05-18 12:38:57	MarkDuplicates	Tracking 35201 as yet unmatched pairs. 2768 records in RAM.
INFO	2016-05-18 12:39:01	MarkDuplicates	Read    96,000,000 records.  Elapsed time: 00:09:25s.  Time for last 1,000,000:    3s.  Last read position: chr22:20,760,786
INFO	2016-05-18 12:39:01	MarkDuplicates	Tracking 31862 as yet unmatched pairs. 6431 records in RAM.
INFO	2016-05-18 12:39:05	MarkDuplicates	Read    97,000,000 records.  Elapsed time: 00:09:29s.  Time for last 1,000,000:    4s.  Last read position: chr22:37,706,978
INFO	2016-05-18 12:39:05	MarkDuplicates	Tracking 28772 as yet unmatched pairs. 3159 records in RAM.
INFO	2016-05-18 12:39:09	MarkDuplicates	Read    98,000,000 records.  Elapsed time: 00:09:33s.  Time for last 1,000,000:    4s.  Last read position: chrX:6,301,761
INFO	2016-05-18 12:39:09	MarkDuplicates	Tracking 25181 as yet unmatched pairs. 19286 records in RAM.
INFO	2016-05-18 12:39:15	MarkDuplicates	Read    99,000,000 records.  Elapsed time: 00:09:39s.  Time for last 1,000,000:    5s.  Last read position: chrX:47,662,649
INFO	2016-05-18 12:39:15	MarkDuplicates	Tracking 20095 as yet unmatched pairs. 14171 records in RAM.
INFO	2016-05-18 12:39:19	MarkDuplicates	Read   100,000,000 records.  Elapsed time: 00:09:43s.  Time for last 1,000,000:    3s.  Last read position: chrX:75,003,634
INFO	2016-05-18 12:39:19	MarkDuplicates	Tracking 16079 as yet unmatched pairs. 10132 records in RAM.
INFO	2016-05-18 12:39:22	MarkDuplicates	Read   101,000,000 records.  Elapsed time: 00:09:46s.  Time for last 1,000,000:    3s.  Last read position: chrX:127,185,260
INFO	2016-05-18 12:39:22	MarkDuplicates	Tracking 10275 as yet unmatched pairs. 4287 records in RAM.
INFO	2016-05-18 12:39:27	MarkDuplicates	Read 101927732 records. 0 pairs never matched.
INFO	2016-05-18 12:40:27	MarkDuplicates	After buildSortedReadEndLists freeMemory: 8831479048; totalMemory: 12760645632; maxMemory: 13362528256
INFO	2016-05-18 12:40:27	MarkDuplicates	Will retain up to 417579008 duplicate indices before spilling to disk.
INFO	2016-05-18 12:40:28	MarkDuplicates	Traversing read pair information and detecting duplicates.
INFO	2016-05-18 12:40:37	MarkDuplicates	Traversing fragment information and detecting duplicates.
INFO	2016-05-18 12:41:17	MarkDuplicates	Sorting list of duplicate records.
INFO	2016-05-18 12:41:19	MarkDuplicates	After generateDuplicateIndexes freeMemory: 6965756456; totalMemory: 10394533888; maxMemory: 13362528256
INFO	2016-05-18 12:41:19	MarkDuplicates	Marking 10007329 records as duplicates.
INFO	2016-05-18 12:41:19	MarkDuplicates	Found 2763 optical duplicate clusters.
INFO	2016-05-18 12:41:19	MarkDuplicates	Reads are assumed to be ordered by: coordinate
INFO	2016-05-18 12:43:43	MarkDuplicates	Written    10,000,000 records.  Elapsed time: 00:02:24s.  Time for last 10,000,000:  144s.  Last read position: chr1:247,587,732
INFO	2016-05-18 12:46:16	MarkDuplicates	Written    20,000,000 records.  Elapsed time: 00:04:57s.  Time for last 10,000,000:  153s.  Last read position: chr3:52,539,229
INFO	2016-05-18 12:48:40	MarkDuplicates	Written    30,000,000 records.  Elapsed time: 00:07:21s.  Time for last 10,000,000:  144s.  Last read position: chr5:102,486,890
INFO	2016-05-18 12:51:01	MarkDuplicates	Written    40,000,000 records.  Elapsed time: 00:09:41s.  Time for last 10,000,000:  140s.  Last read position: chr7:77,210,682
INFO	2016-05-18 12:53:23	MarkDuplicates	Written    50,000,000 records.  Elapsed time: 00:12:04s.  Time for last 10,000,000:  142s.  Last read position: chr9:134,504,441
INFO	2016-05-18 12:55:42	MarkDuplicates	Written    60,000,000 records.  Elapsed time: 00:14:23s.  Time for last 10,000,000:  138s.  Last read position: chr11:117,708,915
INFO	2016-05-18 12:57:58	MarkDuplicates	Written    70,000,000 records.  Elapsed time: 00:16:39s.  Time for last 10,000,000:  135s.  Last read position: chr14:73,703,811
INFO	2016-05-18 13:00:13	MarkDuplicates	Written    80,000,000 records.  Elapsed time: 00:18:54s.  Time for last 10,000,000:  135s.  Last read position: chr17:10,307,805
INFO	2016-05-18 13:02:23	MarkDuplicates	Written    90,000,000 records.  Elapsed time: 00:21:03s.  Time for last 10,000,000:  129s.  Last read position: chr19:42,858,117
INFO	2016-05-18 13:04:38	MarkDuplicates	Written   100,000,000 records.  Elapsed time: 00:23:19s.  Time for last 10,000,000:  135s.  Last read position: chrX:75,003,634
INFO	2016-05-18 13:05:08	MarkDuplicates	Before output close freeMemory: 10284151768; totalMemory: 10379329536; maxMemory: 13362528256
INFO	2016-05-18 13:05:12	MarkDuplicates	After output close freeMemory: 10251644960; totalMemory: 10346823680; maxMemory: 13362528256
[Wed May 18 13:05:12 EDT 2016] picard.sam.markduplicates.MarkDuplicates done. Elapsed time: 35.62 minutes.
Runtime.totalMemory()=10346823680
[Wed May 18 13:05:13 EDT 2016] picard.sam.AddOrReplaceReadGroups INPUT=p_DS_bkm_128-N/p_DS_bkm_128-N.sorted.MarkDup.bam OUTPUT=p_DS_bkm_128-N/p_DS_bkm_128-N.sorted.MarkDup.fixed.bam SORT_ORDER=coordinate RGID=id RGLB=bar RGPL=Illumina RGPU=platform RGSM=sample1 TMP_DIR=[tmp] VALIDATION_STRINGENCY=SILENT CREATE_INDEX=true    VERBOSITY=INFO QUIET=false COMPRESSION_LEVEL=5 MAX_RECORDS_IN_RAM=500000 CREATE_MD5_FILE=false GA4GH_CLIENT_SECRETS=client_secrets.json
[Wed May 18 13:05:13 EDT 2016] Executing as abdelrahman@compute-1-13.local on Linux 2.6.32-279.14.1.el6.x86_64 amd64; Java HotSpot(TM) 64-Bit Server VM 1.8.0_45-b14; Picard version: 2.3.0(9a00c87b7ffdb01cfb5a0d6e76556146196babb8_1463071327) IntelDeflater
INFO	2016-05-18 13:05:13	AddOrReplaceReadGroups	Created read group ID=id PL=Illumina LB=bar SM=sample1

INFO	2016-05-18 13:05:27	AddOrReplaceReadGroups	Processed     1,000,000 records.  Elapsed time: 00:00:14s.  Time for last 1,000,000:   13s.  Last read position: chr1:16,272,620
INFO	2016-05-18 13:05:41	AddOrReplaceReadGroups	Processed     2,000,000 records.  Elapsed time: 00:00:27s.  Time for last 1,000,000:   13s.  Last read position: chr1:31,732,841
INFO	2016-05-18 13:05:57	AddOrReplaceReadGroups	Processed     3,000,000 records.  Elapsed time: 00:00:44s.  Time for last 1,000,000:   16s.  Last read position: chr1:45,276,248
INFO	2016-05-18 13:06:11	AddOrReplaceReadGroups	Processed     4,000,000 records.  Elapsed time: 00:00:57s.  Time for last 1,000,000:   13s.  Last read position: chr1:76,293,483
INFO	2016-05-18 13:06:24	AddOrReplaceReadGroups	Processed     5,000,000 records.  Elapsed time: 00:01:10s.  Time for last 1,000,000:   13s.  Last read position: chr1:112,524,717
INFO	2016-05-18 13:06:43	AddOrReplaceReadGroups	Processed     6,000,000 records.  Elapsed time: 00:01:29s.  Time for last 1,000,000:   18s.  Last read position: chr1:153,588,284
INFO	2016-05-18 13:06:56	AddOrReplaceReadGroups	Processed     7,000,000 records.  Elapsed time: 00:01:42s.  Time for last 1,000,000:   13s.  Last read position: chr1:161,680,317
INFO	2016-05-18 13:07:09	AddOrReplaceReadGroups	Processed     8,000,000 records.  Elapsed time: 00:01:56s.  Time for last 1,000,000:   13s.  Last read position: chr1:193,181,607
INFO	2016-05-18 13:07:22	AddOrReplaceReadGroups	Processed     9,000,000 records.  Elapsed time: 00:02:08s.  Time for last 1,000,000:   12s.  Last read position: chr1:220,142,220
INFO	2016-05-18 13:07:39	AddOrReplaceReadGroups	Processed    10,000,000 records.  Elapsed time: 00:02:25s.  Time for last 1,000,000:   16s.  Last read position: chr1:247,587,732
INFO	2016-05-18 13:07:51	AddOrReplaceReadGroups	Processed    11,000,000 records.  Elapsed time: 00:02:38s.  Time for last 1,000,000:   12s.  Last read position: chr2:28,627,016
INFO	2016-05-18 13:08:04	AddOrReplaceReadGroups	Processed    12,000,000 records.  Elapsed time: 00:02:50s.  Time for last 1,000,000:   12s.  Last read position: chr2:64,147,069
INFO	2016-05-18 13:08:17	AddOrReplaceReadGroups	Processed    13,000,000 records.  Elapsed time: 00:03:03s.  Time for last 1,000,000:   13s.  Last read position: chr2:97,543,706
INFO	2016-05-18 13:08:30	AddOrReplaceReadGroups	Processed    14,000,000 records.  Elapsed time: 00:03:16s.  Time for last 1,000,000:   12s.  Last read position: chr2:136,479,647
INFO	2016-05-18 13:08:46	AddOrReplaceReadGroups	Processed    15,000,000 records.  Elapsed time: 00:03:33s.  Time for last 1,000,000:   16s.  Last read position: chr2:177,033,910
INFO	2016-05-18 13:08:59	AddOrReplaceReadGroups	Processed    16,000,000 records.  Elapsed time: 00:03:45s.  Time for last 1,000,000:   12s.  Last read position: chr2:203,826,020
INFO	2016-05-18 13:09:15	AddOrReplaceReadGroups	Processed    17,000,000 records.  Elapsed time: 00:04:02s.  Time for last 1,000,000:   16s.  Last read position: chr2:231,157,316
INFO	2016-05-18 13:09:28	AddOrReplaceReadGroups	Processed    18,000,000 records.  Elapsed time: 00:04:15s.  Time for last 1,000,000:   12s.  Last read position: chr3:11,849,170
INFO	2016-05-18 13:09:44	AddOrReplaceReadGroups	Processed    19,000,000 records.  Elapsed time: 00:04:30s.  Time for last 1,000,000:   15s.  Last read position: chr3:44,620,901
INFO	2016-05-18 13:09:57	AddOrReplaceReadGroups	Processed    20,000,000 records.  Elapsed time: 00:04:43s.  Time for last 1,000,000:   12s.  Last read position: chr3:52,539,229
INFO	2016-05-18 13:10:09	AddOrReplaceReadGroups	Processed    21,000,000 records.  Elapsed time: 00:04:55s.  Time for last 1,000,000:   12s.  Last read position: chr3:108,107,790
INFO	2016-05-18 13:10:22	AddOrReplaceReadGroups	Processed    22,000,000 records.  Elapsed time: 00:05:08s.  Time for last 1,000,000:   12s.  Last read position: chr3:132,218,558
INFO	2016-05-18 13:10:34	AddOrReplaceReadGroups	Processed    23,000,000 records.  Elapsed time: 00:05:20s.  Time for last 1,000,000:   12s.  Last read position: chr3:174,951,691
INFO	2016-05-18 13:10:50	AddOrReplaceReadGroups	Processed    24,000,000 records.  Elapsed time: 00:05:36s.  Time for last 1,000,000:   15s.  Last read position: chr4:2,733,589
INFO	2016-05-18 13:11:03	AddOrReplaceReadGroups	Processed    25,000,000 records.  Elapsed time: 00:05:49s.  Time for last 1,000,000:   12s.  Last read position: chr4:48,384,956
INFO	2016-05-18 13:11:18	AddOrReplaceReadGroups	Processed    26,000,000 records.  Elapsed time: 00:06:05s.  Time for last 1,000,000:   15s.  Last read position: chr4:89,349,588
INFO	2016-05-18 13:11:31	AddOrReplaceReadGroups	Processed    27,000,000 records.  Elapsed time: 00:06:17s.  Time for last 1,000,000:   12s.  Last read position: chr4:143,130,115
INFO	2016-05-18 13:11:47	AddOrReplaceReadGroups	Processed    28,000,000 records.  Elapsed time: 00:06:33s.  Time for last 1,000,000:   15s.  Last read position: chr5:1,038,348
INFO	2016-05-18 13:12:00	AddOrReplaceReadGroups	Processed    29,000,000 records.  Elapsed time: 00:06:46s.  Time for last 1,000,000:   13s.  Last read position: chr5:56,231,507
INFO	2016-05-18 13:12:13	AddOrReplaceReadGroups	Processed    30,000,000 records.  Elapsed time: 00:06:59s.  Time for last 1,000,000:   12s.  Last read position: chr5:102,486,890
INFO	2016-05-18 13:12:25	AddOrReplaceReadGroups	Processed    31,000,000 records.  Elapsed time: 00:07:12s.  Time for last 1,000,000:   12s.  Last read position: chr5:140,207,973
INFO	2016-05-18 13:12:42	AddOrReplaceReadGroups	Processed    32,000,000 records.  Elapsed time: 00:07:28s.  Time for last 1,000,000:   16s.  Last read position: chr5:167,477,263
INFO	2016-05-18 13:12:54	AddOrReplaceReadGroups	Processed    33,000,000 records.  Elapsed time: 00:07:40s.  Time for last 1,000,000:   12s.  Last read position: chr6:12,677,824
INFO	2016-05-18 13:13:10	AddOrReplaceReadGroups	Processed    34,000,000 records.  Elapsed time: 00:07:56s.  Time for last 1,000,000:   15s.  Last read position: chr6:31,915,807
INFO	2016-05-18 13:13:22	AddOrReplaceReadGroups	Processed    35,000,000 records.  Elapsed time: 00:08:09s.  Time for last 1,000,000:   12s.  Last read position: chr6:43,472,818
INFO	2016-05-18 13:13:35	AddOrReplaceReadGroups	Processed    36,000,000 records.  Elapsed time: 00:08:21s.  Time for last 1,000,000:   12s.  Last read position: chr6:87,738,564
INFO	2016-05-18 13:13:48	AddOrReplaceReadGroups	Processed    37,000,000 records.  Elapsed time: 00:08:34s.  Time for last 1,000,000:   12s.  Last read position: chr6:132,713,281
INFO	2016-05-18 13:14:01	AddOrReplaceReadGroups	Processed    38,000,000 records.  Elapsed time: 00:08:47s.  Time for last 1,000,000:   12s.  Last read position: chr6:168,343,732
INFO	2016-05-18 13:14:13	AddOrReplaceReadGroups	Processed    39,000,000 records.  Elapsed time: 00:08:59s.  Time for last 1,000,000:   12s.  Last read position: chr7:32,091,913
INFO	2016-05-18 13:14:26	AddOrReplaceReadGroups	Processed    40,000,000 records.  Elapsed time: 00:09:12s.  Time for last 1,000,000:   12s.  Last read position: chr7:77,210,682
INFO	2016-05-18 13:14:42	AddOrReplaceReadGroups	Processed    41,000,000 records.  Elapsed time: 00:09:28s.  Time for last 1,000,000:   16s.  Last read position: chr7:100,954,079
INFO	2016-05-18 13:14:55	AddOrReplaceReadGroups	Processed    42,000,000 records.  Elapsed time: 00:09:41s.  Time for last 1,000,000:   12s.  Last read position: chr7:135,390,708
INFO	2016-05-18 13:15:08	AddOrReplaceReadGroups	Processed    43,000,000 records.  Elapsed time: 00:09:54s.  Time for last 1,000,000:   12s.  Last read position: chr8:1,649,498
INFO	2016-05-18 13:15:20	AddOrReplaceReadGroups	Processed    44,000,000 records.  Elapsed time: 00:10:06s.  Time for last 1,000,000:   12s.  Last read position: chr8:37,963,532
INFO	2016-05-18 13:15:33	AddOrReplaceReadGroups	Processed    45,000,000 records.  Elapsed time: 00:10:19s.  Time for last 1,000,000:   12s.  Last read position: chr8:87,424,036
INFO	2016-05-18 13:15:49	AddOrReplaceReadGroups	Processed    46,000,000 records.  Elapsed time: 00:10:35s.  Time for last 1,000,000:   16s.  Last read position: chr8:134,296,830
INFO	2016-05-18 13:16:02	AddOrReplaceReadGroups	Processed    47,000,000 records.  Elapsed time: 00:10:48s.  Time for last 1,000,000:   12s.  Last read position: chr9:21,011,625
INFO	2016-05-18 13:16:18	AddOrReplaceReadGroups	Processed    48,000,000 records.  Elapsed time: 00:11:04s.  Time for last 1,000,000:   16s.  Last read position: chr9:85,620,326
INFO	2016-05-18 13:16:31	AddOrReplaceReadGroups	Processed    49,000,000 records.  Elapsed time: 00:11:17s.  Time for last 1,000,000:   12s.  Last read position: chr9:116,171,175
INFO	2016-05-18 13:16:47	AddOrReplaceReadGroups	Processed    50,000,000 records.  Elapsed time: 00:11:33s.  Time for last 1,000,000:   16s.  Last read position: chr9:134,504,441
INFO	2016-05-18 13:17:00	AddOrReplaceReadGroups	Processed    51,000,000 records.  Elapsed time: 00:11:46s.  Time for last 1,000,000:   12s.  Last read position: chr10:14,572,521
INFO	2016-05-18 13:17:13	AddOrReplaceReadGroups	Processed    52,000,000 records.  Elapsed time: 00:11:59s.  Time for last 1,000,000:   13s.  Last read position: chr10:60,573,823
INFO	2016-05-18 13:17:26	AddOrReplaceReadGroups	Processed    53,000,000 records.  Elapsed time: 00:12:12s.  Time for last 1,000,000:   12s.  Last read position: chr10:93,024,185
INFO	2016-05-18 13:17:39	AddOrReplaceReadGroups	Processed    54,000,000 records.  Elapsed time: 00:12:25s.  Time for last 1,000,000:   12s.  Last read position: chr10:114,889,586
INFO	2016-05-18 13:17:55	AddOrReplaceReadGroups	Processed    55,000,000 records.  Elapsed time: 00:12:41s.  Time for last 1,000,000:   16s.  Last read position: chr11:1,220,129
INFO	2016-05-18 13:18:08	AddOrReplaceReadGroups	Processed    56,000,000 records.  Elapsed time: 00:12:54s.  Time for last 1,000,000:   12s.  Last read position: chr11:17,577,440
INFO	2016-05-18 13:18:24	AddOrReplaceReadGroups	Processed    57,000,000 records.  Elapsed time: 00:13:10s.  Time for last 1,000,000:   15s.  Last read position: chr11:56,344,219
INFO	2016-05-18 13:18:36	AddOrReplaceReadGroups	Processed    58,000,000 records.  Elapsed time: 00:13:22s.  Time for last 1,000,000:   12s.  Last read position: chr11:65,311,011
INFO	2016-05-18 13:18:49	AddOrReplaceReadGroups	Processed    59,000,000 records.  Elapsed time: 00:13:35s.  Time for last 1,000,000:   12s.  Last read position: chr11:78,369,310
INFO	2016-05-18 13:19:01	AddOrReplaceReadGroups	Processed    60,000,000 records.  Elapsed time: 00:13:48s.  Time for last 1,000,000:   12s.  Last read position: chr11:117,708,915
INFO	2016-05-18 13:19:15	AddOrReplaceReadGroups	Processed    61,000,000 records.  Elapsed time: 00:14:01s.  Time for last 1,000,000:   13s.  Last read position: chr12:3,310,475
INFO	2016-05-18 13:19:27	AddOrReplaceReadGroups	Processed    62,000,000 records.  Elapsed time: 00:14:13s.  Time for last 1,000,000:   12s.  Last read position: chr12:29,494,575
INFO	2016-05-18 13:19:44	AddOrReplaceReadGroups	Processed    63,000,000 records.  Elapsed time: 00:14:30s.  Time for last 1,000,000:   16s.  Last read position: chr12:53,587,622
INFO	2016-05-18 13:19:56	AddOrReplaceReadGroups	Processed    64,000,000 records.  Elapsed time: 00:14:42s.  Time for last 1,000,000:   12s.  Last read position: chr12:71,551,527
INFO	2016-05-18 13:20:09	AddOrReplaceReadGroups	Processed    65,000,000 records.  Elapsed time: 00:14:55s.  Time for last 1,000,000:   12s.  Last read position: chr12:110,231,345
INFO	2016-05-18 13:20:22	AddOrReplaceReadGroups	Processed    66,000,000 records.  Elapsed time: 00:15:08s.  Time for last 1,000,000:   12s.  Last read position: chr12:132,465,921
INFO	2016-05-18 13:20:34	AddOrReplaceReadGroups	Processed    67,000,000 records.  Elapsed time: 00:15:21s.  Time for last 1,000,000:   12s.  Last read position: chr13:47,469,872
INFO	2016-05-18 13:20:51	AddOrReplaceReadGroups	Processed    68,000,000 records.  Elapsed time: 00:15:37s.  Time for last 1,000,000:   16s.  Last read position: chr13:113,899,290
INFO	2016-05-18 13:21:04	AddOrReplaceReadGroups	Processed    69,000,000 records.  Elapsed time: 00:15:50s.  Time for last 1,000,000:   12s.  Last read position: chr14:38,060,895
INFO	2016-05-18 13:21:20	AddOrReplaceReadGroups	Processed    70,000,000 records.  Elapsed time: 00:16:06s.  Time for last 1,000,000:   16s.  Last read position: chr14:73,703,811
INFO	2016-05-18 13:21:33	AddOrReplaceReadGroups	Processed    71,000,000 records.  Elapsed time: 00:16:19s.  Time for last 1,000,000:   12s.  Last read position: chr14:102,900,640
INFO	2016-05-18 13:21:49	AddOrReplaceReadGroups	Processed    72,000,000 records.  Elapsed time: 00:16:35s.  Time for last 1,000,000:   15s.  Last read position: chr15:41,482,270
INFO	2016-05-18 13:22:01	AddOrReplaceReadGroups	Processed    73,000,000 records.  Elapsed time: 00:16:48s.  Time for last 1,000,000:   12s.  Last read position: chr15:59,564,599
INFO	2016-05-18 13:22:18	AddOrReplaceReadGroups	Processed    74,000,000 records.  Elapsed time: 00:17:04s.  Time for last 1,000,000:   16s.  Last read position: chr15:81,046,388
INFO	2016-05-18 13:22:31	AddOrReplaceReadGroups	Processed    75,000,000 records.  Elapsed time: 00:17:17s.  Time for last 1,000,000:   12s.  Last read position: chr16:1,633,487
INFO	2016-05-18 13:22:43	AddOrReplaceReadGroups	Processed    76,000,000 records.  Elapsed time: 00:17:30s.  Time for last 1,000,000:   12s.  Last read position: chr16:21,008,809
INFO	2016-05-18 13:23:00	AddOrReplaceReadGroups	Processed    77,000,000 records.  Elapsed time: 00:17:46s.  Time for last 1,000,000:   16s.  Last read position: chr16:49,671,615
INFO	2016-05-18 13:23:13	AddOrReplaceReadGroups	Processed    78,000,000 records.  Elapsed time: 00:17:59s.  Time for last 1,000,000:   12s.  Last read position: chr16:70,916,624
INFO	2016-05-18 13:23:29	AddOrReplaceReadGroups	Processed    79,000,000 records.  Elapsed time: 00:18:15s.  Time for last 1,000,000:   15s.  Last read position: chr17:1,990,376
INFO	2016-05-18 13:23:42	AddOrReplaceReadGroups	Processed    80,000,000 records.  Elapsed time: 00:18:28s.  Time for last 1,000,000:   12s.  Last read position: chr17:10,307,805
INFO	2016-05-18 13:23:55	AddOrReplaceReadGroups	Processed    81,000,000 records.  Elapsed time: 00:18:41s.  Time for last 1,000,000:   12s.  Last read position: chr17:30,529,894
INFO	2016-05-18 13:24:08	AddOrReplaceReadGroups	Processed    82,000,000 records.  Elapsed time: 00:18:54s.  Time for last 1,000,000:   12s.  Last read position: chr17:41,832,933
INFO	2016-05-18 13:24:20	AddOrReplaceReadGroups	Processed    83,000,000 records.  Elapsed time: 00:19:07s.  Time for last 1,000,000:   12s.  Last read position: chr17:59,482,445
INFO	2016-05-18 13:24:33	AddOrReplaceReadGroups	Processed    84,000,000 records.  Elapsed time: 00:19:19s.  Time for last 1,000,000:   12s.  Last read position: chr17:76,128,053
INFO	2016-05-18 13:24:46	AddOrReplaceReadGroups	Processed    85,000,000 records.  Elapsed time: 00:19:32s.  Time for last 1,000,000:   12s.  Last read position: chr18:21,100,048
INFO	2016-05-18 13:25:02	AddOrReplaceReadGroups	Processed    86,000,000 records.  Elapsed time: 00:19:48s.  Time for last 1,000,000:   15s.  Last read position: chr18:72,344,146
INFO	2016-05-18 13:25:15	AddOrReplaceReadGroups	Processed    87,000,000 records.  Elapsed time: 00:20:01s.  Time for last 1,000,000:   13s.  Last read position: chr19:7,688,098
INFO	2016-05-18 13:25:28	AddOrReplaceReadGroups	Processed    88,000,000 records.  Elapsed time: 00:20:14s.  Time for last 1,000,000:   12s.  Last read position: chr19:14,817,330
INFO	2016-05-18 13:25:41	AddOrReplaceReadGroups	Processed    89,000,000 records.  Elapsed time: 00:20:27s.  Time for last 1,000,000:   12s.  Last read position: chr19:35,646,266
INFO	2016-05-18 13:25:57	AddOrReplaceReadGroups	Processed    90,000,000 records.  Elapsed time: 00:20:43s.  Time for last 1,000,000:   15s.  Last read position: chr19:42,858,117
INFO	2016-05-18 13:26:09	AddOrReplaceReadGroups	Processed    91,000,000 records.  Elapsed time: 00:20:56s.  Time for last 1,000,000:   12s.  Last read position: chr19:50,758,360
INFO	2016-05-18 13:26:26	AddOrReplaceReadGroups	Processed    92,000,000 records.  Elapsed time: 00:21:12s.  Time for last 1,000,000:   16s.  Last read position: chr19:58,551,763
INFO	2016-05-18 13:26:39	AddOrReplaceReadGroups	Processed    93,000,000 records.  Elapsed time: 00:21:25s.  Time for last 1,000,000:   12s.  Last read position: chr20:31,024,548
INFO	2016-05-18 13:26:54	AddOrReplaceReadGroups	Processed    94,000,000 records.  Elapsed time: 00:21:41s.  Time for last 1,000,000:   15s.  Last read position: chr20:48,049,195
INFO	2016-05-18 13:27:07	AddOrReplaceReadGroups	Processed    95,000,000 records.  Elapsed time: 00:21:53s.  Time for last 1,000,000:   12s.  Last read position: chr21:33,956,390
INFO	2016-05-18 13:27:23	AddOrReplaceReadGroups	Processed    96,000,000 records.  Elapsed time: 00:22:09s.  Time for last 1,000,000:   15s.  Last read position: chr22:20,760,786
INFO	2016-05-18 13:27:36	AddOrReplaceReadGroups	Processed    97,000,000 records.  Elapsed time: 00:22:22s.  Time for last 1,000,000:   12s.  Last read position: chr22:37,706,978
INFO	2016-05-18 13:27:49	AddOrReplaceReadGroups	Processed    98,000,000 records.  Elapsed time: 00:22:35s.  Time for last 1,000,000:   12s.  Last read position: chrX:6,301,761
INFO	2016-05-18 13:28:01	AddOrReplaceReadGroups	Processed    99,000,000 records.  Elapsed time: 00:22:47s.  Time for last 1,000,000:   12s.  Last read position: chrX:47,662,649
INFO	2016-05-18 13:28:19	AddOrReplaceReadGroups	Processed   100,000,000 records.  Elapsed time: 00:23:05s.  Time for last 1,000,000:   17s.  Last read position: chrX:75,003,634
INFO	2016-05-18 13:28:35	AddOrReplaceReadGroups	Processed   101,000,000 records.  Elapsed time: 00:23:21s.  Time for last 1,000,000:   16s.  Last read position: chrX:127,185,260
INFO	2016-05-18 13:28:48	AddOrReplaceReadGroups	Processed   102,000,000 records.  Elapsed time: 00:23:34s.  Time for last 1,000,000:   12s.  Last read position: */*
[Wed May 18 13:28:54 EDT 2016] picard.sam.AddOrReplaceReadGroups done. Elapsed time: 23.68 minutes.
Runtime.totalMemory()=412090368
[Wed May 18 13:28:54 EDT 2016] picard.sam.FixMateInformation INPUT=[p_DS_bkm_128-N/p_DS_bkm_128-N.sorted.MarkDup.fixed.bam] OUTPUT=p_DS_bkm_128-N/p_DS_bkm_128-N.sorted.MarkDup.realn.fixed.bam SORT_ORDER=coordinate TMP_DIR=[tmp/flx] VALIDATION_STRINGENCY=LENIENT CREATE_INDEX=true    ASSUME_SORTED=false ADD_MATE_CIGAR=true IGNORE_MISSING_MATES=true VERBOSITY=INFO QUIET=false COMPRESSION_LEVEL=5 MAX_RECORDS_IN_RAM=500000 CREATE_MD5_FILE=false GA4GH_CLIENT_SECRETS=client_secrets.json
[Wed May 18 13:28:54 EDT 2016] Executing as abdelrahman@compute-1-13.local on Linux 2.6.32-279.14.1.el6.x86_64 amd64; Java HotSpot(TM) 64-Bit Server VM 1.8.0_45-b14; Picard version: 2.3.0(9a00c87b7ffdb01cfb5a0d6e76556146196babb8_1463071327) IntelDeflater
INFO	2016-05-18 13:28:54	FixMateInformation	Sorting input into queryname order.
INFO	2016-05-18 13:48:01	FixMateInformation	Sorting by queryname complete.
INFO	2016-05-18 13:48:01	FixMateInformation	Output will be sorted by coordinate
INFO	2016-05-18 13:48:01	FixMateInformation	Traversing query name sorted records and fixing up mate pair information.
INFO	2016-05-18 13:48:12	FixMateInformation	Processed     1,000,000 records.  Elapsed time: 00:00:10s.  Time for last 1,000,000:   10s.  Last read position: chr20:42,168,767
INFO	2016-05-18 13:48:25	FixMateInformation	Processed     2,000,000 records.  Elapsed time: 00:00:23s.  Time for last 1,000,000:   13s.  Last read position: chr12:56,120,615
INFO	2016-05-18 13:48:38	FixMateInformation	Processed     3,000,000 records.  Elapsed time: 00:00:37s.  Time for last 1,000,000:   13s.  Last read position: chr8:53,074,065
INFO	2016-05-18 13:48:51	FixMateInformation	Processed     4,000,000 records.  Elapsed time: 00:00:50s.  Time for last 1,000,000:   12s.  Last read position: chr5:80,408,484
INFO	2016-05-18 13:49:05	FixMateInformation	Processed     5,000,000 records.  Elapsed time: 00:01:03s.  Time for last 1,000,000:   13s.  Last read position: chr17:2,227,798
INFO	2016-05-18 13:49:18	FixMateInformation	Processed     6,000,000 records.  Elapsed time: 00:01:17s.  Time for last 1,000,000:   13s.  Last read position: chr8:98,701,197
INFO	2016-05-18 13:49:43	FixMateInformation	Processed     7,000,000 records.  Elapsed time: 00:01:41s.  Time for last 1,000,000:   24s.  Last read position: chr6:46,849,922
INFO	2016-05-18 13:49:56	FixMateInformation	Processed     8,000,000 records.  Elapsed time: 00:01:55s.  Time for last 1,000,000:   13s.  Last read position: chr11:43,391,730
INFO	2016-05-18 13:50:09	FixMateInformation	Processed     9,000,000 records.  Elapsed time: 00:02:07s.  Time for last 1,000,000:   12s.  Last read position: chr3:38,544,996
INFO	2016-05-18 13:50:22	FixMateInformation	Processed    10,000,000 records.  Elapsed time: 00:02:21s.  Time for last 1,000,000:   13s.  Last read position: chr9:117,354,874
INFO	2016-05-18 13:50:35	FixMateInformation	Processed    11,000,000 records.  Elapsed time: 00:02:34s.  Time for last 1,000,000:   13s.  Last read position: chr7:139,106,998
INFO	2016-05-18 13:50:49	FixMateInformation	Processed    12,000,000 records.  Elapsed time: 00:02:48s.  Time for last 1,000,000:   14s.  Last read position: chr6:27,858,080
INFO	2016-05-18 13:51:09	FixMateInformation	Processed    13,000,000 records.  Elapsed time: 00:03:07s.  Time for last 1,000,000:   19s.  Last read position: chr16:56,485,117
INFO	2016-05-18 13:51:22	FixMateInformation	Processed    14,000,000 records.  Elapsed time: 00:03:20s.  Time for last 1,000,000:   13s.  Last read position: chr14:24,663,896
INFO	2016-05-18 13:51:35	FixMateInformation	Processed    15,000,000 records.  Elapsed time: 00:03:34s.  Time for last 1,000,000:   13s.  Last read position: chrX:9,915,025
INFO	2016-05-18 13:51:49	FixMateInformation	Processed    16,000,000 records.  Elapsed time: 00:03:47s.  Time for last 1,000,000:   13s.  Last read position: chr6:31,084,098
INFO	2016-05-18 13:52:03	FixMateInformation	Processed    17,000,000 records.  Elapsed time: 00:04:01s.  Time for last 1,000,000:   14s.  Last read position: chr8:74,938,875
INFO	2016-05-18 13:52:17	FixMateInformation	Processed    18,000,000 records.  Elapsed time: 00:04:15s.  Time for last 1,000,000:   13s.  Last read position: chr4:111,441,415
INFO	2016-05-18 13:52:30	FixMateInformation	Processed    19,000,000 records.  Elapsed time: 00:04:28s.  Time for last 1,000,000:   13s.  Last read position: chr17:42,295,432
INFO	2016-05-18 13:52:43	FixMateInformation	Processed    20,000,000 records.  Elapsed time: 00:04:42s.  Time for last 1,000,000:   13s.  Last read position: chr3:128,202,819
INFO	2016-05-18 13:52:57	FixMateInformation	Processed    21,000,000 records.  Elapsed time: 00:04:55s.  Time for last 1,000,000:   13s.  Last read position: chr3:45,837,938
INFO	2016-05-18 13:53:10	FixMateInformation	Processed    22,000,000 records.  Elapsed time: 00:05:08s.  Time for last 1,000,000:   12s.  Last read position: chr6:27,925,784
INFO	2016-05-18 13:53:22	FixMateInformation	Processed    23,000,000 records.  Elapsed time: 00:05:21s.  Time for last 1,000,000:   12s.  Last read position: chr1:240,070,997
INFO	2016-05-18 13:53:35	FixMateInformation	Processed    24,000,000 records.  Elapsed time: 00:05:33s.  Time for last 1,000,000:   12s.  Last read position: chr22:40,815,259
INFO	2016-05-18 13:53:48	FixMateInformation	Processed    25,000,000 records.  Elapsed time: 00:05:46s.  Time for last 1,000,000:   13s.  Last read position: chr7:142,247,284
INFO	2016-05-18 13:54:10	FixMateInformation	Processed    26,000,000 records.  Elapsed time: 00:06:08s.  Time for last 1,000,000:   21s.  Last read position: chr3:44,986,732
INFO	2016-05-18 13:54:24	FixMateInformation	Processed    27,000,000 records.  Elapsed time: 00:06:22s.  Time for last 1,000,000:   14s.  Last read position: chr10:47,257,377
INFO	2016-05-18 13:54:39	FixMateInformation	Processed    28,000,000 records.  Elapsed time: 00:06:37s.  Time for last 1,000,000:   14s.  Last read position: chr16:67,200,353
INFO	2016-05-18 13:54:52	FixMateInformation	Processed    29,000,000 records.  Elapsed time: 00:06:50s.  Time for last 1,000,000:   13s.  Last read position: chr10:13,705,525
INFO	2016-05-18 13:55:06	FixMateInformation	Processed    30,000,000 records.  Elapsed time: 00:07:04s.  Time for last 1,000,000:   13s.  Last read position: chr9:75,568,053
INFO	2016-05-18 13:55:24	FixMateInformation	Processed    31,000,000 records.  Elapsed time: 00:07:22s.  Time for last 1,000,000:   18s.  Last read position: chr1:114,948,054
INFO	2016-05-18 13:55:47	FixMateInformation	Processed    32,000,000 records.  Elapsed time: 00:07:45s.  Time for last 1,000,000:   23s.  Last read position: chr4:46,060,310
INFO	2016-05-18 13:56:08	FixMateInformation	Processed    33,000,000 records.  Elapsed time: 00:08:06s.  Time for last 1,000,000:   20s.  Last read position: chr1:156,567,753
INFO	2016-05-18 13:56:29	FixMateInformation	Processed    34,000,000 records.  Elapsed time: 00:08:27s.  Time for last 1,000,000:   21s.  Last read position: chr19:10,398,362
INFO	2016-05-18 13:56:53	FixMateInformation	Processed    35,000,000 records.  Elapsed time: 00:08:51s.  Time for last 1,000,000:   24s.  Last read position: chr4:128,732,618
INFO	2016-05-18 13:57:12	FixMateInformation	Processed    36,000,000 records.  Elapsed time: 00:09:11s.  Time for last 1,000,000:   19s.  Last read position: chr6:155,088,703
INFO	2016-05-18 13:57:33	FixMateInformation	Processed    37,000,000 records.  Elapsed time: 00:09:31s.  Time for last 1,000,000:   20s.  Last read position: chr12:50,100,778
INFO	2016-05-18 13:57:54	FixMateInformation	Processed    38,000,000 records.  Elapsed time: 00:09:52s.  Time for last 1,000,000:   20s.  Last read position: chr6:35,747,253
INFO	2016-05-18 13:58:16	FixMateInformation	Processed    39,000,000 records.  Elapsed time: 00:10:14s.  Time for last 1,000,000:   22s.  Last read position: chr17:56,424,489
INFO	2016-05-18 13:58:37	FixMateInformation	Processed    40,000,000 records.  Elapsed time: 00:10:36s.  Time for last 1,000,000:   21s.  Last read position: chr9:112,899,513
INFO	2016-05-18 13:59:01	FixMateInformation	Processed    41,000,000 records.  Elapsed time: 00:10:59s.  Time for last 1,000,000:   23s.  Last read position: chr17:28,434,926
INFO	2016-05-18 13:59:35	FixMateInformation	Processed    42,000,000 records.  Elapsed time: 00:11:33s.  Time for last 1,000,000:   34s.  Last read position: chr4:154,504,365
INFO	2016-05-18 13:59:56	FixMateInformation	Processed    43,000,000 records.  Elapsed time: 00:11:55s.  Time for last 1,000,000:   21s.  Last read position: chr3:197,241,116
INFO	2016-05-18 14:00:19	FixMateInformation	Processed    44,000,000 records.  Elapsed time: 00:12:17s.  Time for last 1,000,000:   22s.  Last read position: chr10:111,875,876
INFO	2016-05-18 14:00:41	FixMateInformation	Processed    45,000,000 records.  Elapsed time: 00:12:40s.  Time for last 1,000,000:   22s.  Last read position: chr7:23,482,184
INFO	2016-05-18 14:01:04	FixMateInformation	Processed    46,000,000 records.  Elapsed time: 00:13:03s.  Time for last 1,000,000:   22s.  Last read position: chr6:53,948,336
INFO	2016-05-18 14:01:17	FixMateInformation	Processed    47,000,000 records.  Elapsed time: 00:13:15s.  Time for last 1,000,000:   12s.  Last read position: chr21:42,273,500
INFO	2016-05-18 14:01:31	FixMateInformation	Processed    48,000,000 records.  Elapsed time: 00:13:29s.  Time for last 1,000,000:   13s.  Last read position: chr13:74,420,000
INFO	2016-05-18 14:01:55	FixMateInformation	Processed    49,000,000 records.  Elapsed time: 00:13:53s.  Time for last 1,000,000:   23s.  Last read position: chr16:69,632,823
INFO	2016-05-18 14:02:07	FixMateInformation	Processed    50,000,000 records.  Elapsed time: 00:14:06s.  Time for last 1,000,000:   12s.  Last read position: chr1:110,301,152
INFO	2016-05-18 14:02:21	FixMateInformation	Processed    51,000,000 records.  Elapsed time: 00:14:20s.  Time for last 1,000,000:   13s.  Last read position: chr19:45,559,653
INFO	2016-05-18 14:02:35	FixMateInformation	Processed    52,000,000 records.  Elapsed time: 00:14:33s.  Time for last 1,000,000:   13s.  Last read position: chr16:8,948,901
INFO	2016-05-18 14:02:51	FixMateInformation	Processed    53,000,000 records.  Elapsed time: 00:14:50s.  Time for last 1,000,000:   16s.  Last read position: chr3:10,967,756
INFO	2016-05-18 14:03:04	FixMateInformation	Processed    54,000,000 records.  Elapsed time: 00:15:02s.  Time for last 1,000,000:   12s.  Last read position: chr6:3,299,058
INFO	2016-05-18 14:03:16	FixMateInformation	Processed    55,000,000 records.  Elapsed time: 00:15:15s.  Time for last 1,000,000:   12s.  Last read position: chr7:98,438,243
INFO	2016-05-18 14:03:30	FixMateInformation	Processed    56,000,000 records.  Elapsed time: 00:15:29s.  Time for last 1,000,000:   13s.  Last read position: chr12:123,583,278
INFO	2016-05-18 14:03:45	FixMateInformation	Processed    57,000,000 records.  Elapsed time: 00:15:43s.  Time for last 1,000,000:   14s.  Last read position: chr8:143,427,231
INFO	2016-05-18 14:03:58	FixMateInformation	Processed    58,000,000 records.  Elapsed time: 00:15:56s.  Time for last 1,000,000:   12s.  Last read position: chr22:19,130,239
INFO	2016-05-18 14:04:11	FixMateInformation	Processed    59,000,000 records.  Elapsed time: 00:16:09s.  Time for last 1,000,000:   13s.  Last read position: chr20:23,065,702
INFO	2016-05-18 14:04:25	FixMateInformation	Processed    60,000,000 records.  Elapsed time: 00:16:23s.  Time for last 1,000,000:   14s.  Last read position: chr19:51,189,611
INFO	2016-05-18 14:04:39	FixMateInformation	Processed    61,000,000 records.  Elapsed time: 00:16:37s.  Time for last 1,000,000:   14s.  Last read position: chr20:25,199,117
INFO	2016-05-18 14:04:55	FixMateInformation	Processed    62,000,000 records.  Elapsed time: 00:16:54s.  Time for last 1,000,000:   16s.  Last read position: chr11:103,112,299
INFO	2016-05-18 14:05:09	FixMateInformation	Processed    63,000,000 records.  Elapsed time: 00:17:07s.  Time for last 1,000,000:   13s.  Last read position: chr20:33,874,601
INFO	2016-05-18 14:05:22	FixMateInformation	Processed    64,000,000 records.  Elapsed time: 00:17:20s.  Time for last 1,000,000:   13s.  Last read position: chr12:49,890,615
INFO	2016-05-18 14:05:40	FixMateInformation	Processed    65,000,000 records.  Elapsed time: 00:17:39s.  Time for last 1,000,000:   18s.  Last read position: chr9:14,722,652
INFO	2016-05-18 14:05:54	FixMateInformation	Processed    66,000,000 records.  Elapsed time: 00:17:52s.  Time for last 1,000,000:   13s.  Last read position: chr17:44,101,497
INFO	2016-05-18 14:06:07	FixMateInformation	Processed    67,000,000 records.  Elapsed time: 00:18:05s.  Time for last 1,000,000:   12s.  Last read position: chr10:78,533,858
INFO	2016-05-18 14:06:22	FixMateInformation	Processed    68,000,000 records.  Elapsed time: 00:18:20s.  Time for last 1,000,000:   15s.  Last read position: chr2:74,682,250
INFO	2016-05-18 14:06:35	FixMateInformation	Processed    69,000,000 records.  Elapsed time: 00:18:33s.  Time for last 1,000,000:   13s.  Last read position: chr3:169,485,551
INFO	2016-05-18 14:06:48	FixMateInformation	Processed    70,000,000 records.  Elapsed time: 00:18:46s.  Time for last 1,000,000:   13s.  Last read position: chr13:102,670,922
INFO	2016-05-18 14:07:00	FixMateInformation	Processed    71,000,000 records.  Elapsed time: 00:18:58s.  Time for last 1,000,000:   12s.  Last read position: chr14:105,350,441
INFO	2016-05-18 14:07:13	FixMateInformation	Processed    72,000,000 records.  Elapsed time: 00:19:11s.  Time for last 1,000,000:   12s.  Last read position: chr16:32,857,191
INFO	2016-05-18 14:07:25	FixMateInformation	Processed    73,000,000 records.  Elapsed time: 00:19:24s.  Time for last 1,000,000:   12s.  Last read position: chr19:156,834
INFO	2016-05-18 14:07:38	FixMateInformation	Processed    74,000,000 records.  Elapsed time: 00:19:36s.  Time for last 1,000,000:   12s.  Last read position: chr17:48,652,860
INFO	2016-05-18 14:07:51	FixMateInformation	Processed    75,000,000 records.  Elapsed time: 00:19:49s.  Time for last 1,000,000:   12s.  Last read position: chrX:114,245,273
INFO	2016-05-18 14:08:09	FixMateInformation	Processed    76,000,000 records.  Elapsed time: 00:20:07s.  Time for last 1,000,000:   18s.  Last read position: chr12:21,971,075
INFO	2016-05-18 14:08:21	FixMateInformation	Processed    77,000,000 records.  Elapsed time: 00:20:20s.  Time for last 1,000,000:   12s.  Last read position: chr16:66,968,008
INFO	2016-05-18 14:08:34	FixMateInformation	Processed    78,000,000 records.  Elapsed time: 00:20:32s.  Time for last 1,000,000:   12s.  Last read position: chr14:50,901,652
INFO	2016-05-18 14:08:46	FixMateInformation	Processed    79,000,000 records.  Elapsed time: 00:20:45s.  Time for last 1,000,000:   12s.  Last read position: chr18:29,793,496
INFO	2016-05-18 14:09:00	FixMateInformation	Processed    80,000,000 records.  Elapsed time: 00:20:58s.  Time for last 1,000,000:   13s.  Last read position: chr3:33,601,874
INFO	2016-05-18 14:09:12	FixMateInformation	Processed    81,000,000 records.  Elapsed time: 00:21:10s.  Time for last 1,000,000:   12s.  Last read position: chr5:78,944,350
INFO	2016-05-18 14:09:24	FixMateInformation	Processed    82,000,000 records.  Elapsed time: 00:21:22s.  Time for last 1,000,000:   12s.  Last read position: chr8:126,369,476
INFO	2016-05-18 14:09:38	FixMateInformation	Processed    83,000,000 records.  Elapsed time: 00:21:36s.  Time for last 1,000,000:   13s.  Last read position: chr4:99,960,435
INFO	2016-05-18 14:09:50	FixMateInformation	Processed    84,000,000 records.  Elapsed time: 00:21:49s.  Time for last 1,000,000:   12s.  Last read position: chr3:35,771,066
INFO	2016-05-18 14:10:04	FixMateInformation	Processed    85,000,000 records.  Elapsed time: 00:22:02s.  Time for last 1,000,000:   13s.  Last read position: chr17:2,203,029
INFO	2016-05-18 14:10:16	FixMateInformation	Processed    86,000,000 records.  Elapsed time: 00:22:14s.  Time for last 1,000,000:   12s.  Last read position: chr14:52,164,810
INFO	2016-05-18 14:10:28	FixMateInformation	Processed    87,000,000 records.  Elapsed time: 00:22:27s.  Time for last 1,000,000:   12s.  Last read position: chr18:6,983,122
INFO	2016-05-18 14:10:41	FixMateInformation	Processed    88,000,000 records.  Elapsed time: 00:22:39s.  Time for last 1,000,000:   12s.  Last read position: chr1:203,137,704
INFO	2016-05-18 14:10:55	FixMateInformation	Processed    89,000,000 records.  Elapsed time: 00:22:53s.  Time for last 1,000,000:   14s.  Last read position: chr5:176,836,474
INFO	2016-05-18 14:11:09	FixMateInformation	Processed    90,000,000 records.  Elapsed time: 00:23:07s.  Time for last 1,000,000:   13s.  Last read position: chr21:45,709,758
INFO	2016-05-18 14:11:21	FixMateInformation	Processed    91,000,000 records.  Elapsed time: 00:23:20s.  Time for last 1,000,000:   12s.  Last read position: chr2:211,159,095
INFO	2016-05-18 14:11:34	FixMateInformation	Processed    92,000,000 records.  Elapsed time: 00:23:32s.  Time for last 1,000,000:   12s.  Last read position: chr19:45,555,401
INFO	2016-05-18 14:11:48	FixMateInformation	Processed    93,000,000 records.  Elapsed time: 00:23:46s.  Time for last 1,000,000:   14s.  Last read position: chr1:111,439,286
INFO	2016-05-18 14:12:02	FixMateInformation	Processed    94,000,000 records.  Elapsed time: 00:24:00s.  Time for last 1,000,000:   13s.  Last read position: chr9:135,202,001
INFO	2016-05-18 14:12:15	FixMateInformation	Processed    95,000,000 records.  Elapsed time: 00:24:14s.  Time for last 1,000,000:   13s.  Last read position: chr7:82,784,764
INFO	2016-05-18 14:12:27	FixMateInformation	Processed    96,000,000 records.  Elapsed time: 00:24:26s.  Time for last 1,000,000:   12s.  Last read position: chr6:76,538,300
INFO	2016-05-18 14:12:40	FixMateInformation	Processed    97,000,000 records.  Elapsed time: 00:24:38s.  Time for last 1,000,000:   12s.  Last read position: chr13:103,421,844
INFO	2016-05-18 14:12:51	FixMateInformation	Processed    98,000,000 records.  Elapsed time: 00:24:50s.  Time for last 1,000,000:   11s.  Last read position: chr4:79,236,735
INFO	2016-05-18 14:13:04	FixMateInformation	Processed    99,000,000 records.  Elapsed time: 00:25:02s.  Time for last 1,000,000:   12s.  Last read position: chr9:35,685,496
INFO	2016-05-18 14:13:18	FixMateInformation	Processed   100,000,000 records.  Elapsed time: 00:25:17s.  Time for last 1,000,000:   14s.  Last read position: chr22:37,266,584
INFO	2016-05-18 14:13:30	FixMateInformation	Processed   101,000,000 records.  Elapsed time: 00:25:29s.  Time for last 1,000,000:   11s.  Last read position: chr15:72,597,041
INFO	2016-05-18 14:13:43	FixMateInformation	Processed   102,000,000 records.  Elapsed time: 00:25:41s.  Time for last 1,000,000:   12s.  Last read position: chr3:42,742,008
INFO	2016-05-18 14:13:51	FixMateInformation	Finished processing reads; re-sorting output file.
[Wed May 18 14:32:04 EDT 2016] picard.sam.FixMateInformation done. Elapsed time: 63.16 minutes.
Runtime.totalMemory()=1820852224
