[Mon May 16 00:17:48 EDT 2016] picard.sam.SortSam INPUT=p_DS_bkm_105-N.sam OUTPUT=p_DS_bkm_105-N/p_DS_bkm_105-N.sorted.bam SORT_ORDER=coordinate TMP_DIR=[tmp_WT] VALIDATION_STRINGENCY=LENIENT CREATE_INDEX=true    VERBOSITY=INFO QUIET=false COMPRESSION_LEVEL=5 MAX_RECORDS_IN_RAM=500000 CREATE_MD5_FILE=false GA4GH_CLIENT_SECRETS=client_secrets.json
[Mon May 16 00:17:48 EDT 2016] Executing as abdelrahman@compute-1-2.local on Linux 2.6.32-279.14.1.el6.x86_64 amd64; Java HotSpot(TM) 64-Bit Server VM 1.8.0_45-b14; Picard version: 2.3.0(9a00c87b7ffdb01cfb5a0d6e76556146196babb8_1463071327) IntelDeflater
INFO	2016-05-16 00:28:28	SortSam	Read    10,000,000 records.  Elapsed time: 00:10:38s.  Time for last 10,000,000:  638s.  Last read position: chr2:198,051,718
INFO	2016-05-16 00:37:59	SortSam	Read    20,000,000 records.  Elapsed time: 00:20:09s.  Time for last 10,000,000:  571s.  Last read position: chr10:32,328,312
INFO	2016-05-16 00:46:19	SortSam	Read    30,000,000 records.  Elapsed time: 00:28:29s.  Time for last 10,000,000:  500s.  Last read position: chrX:153,633,322
INFO	2016-05-16 00:55:22	SortSam	Read    40,000,000 records.  Elapsed time: 00:37:32s.  Time for last 10,000,000:  543s.  Last read position: chr8:113,841,832
INFO	2016-05-16 01:05:24	SortSam	Read    50,000,000 records.  Elapsed time: 00:47:34s.  Time for last 10,000,000:  601s.  Last read position: chr4:40,936,411
INFO	2016-05-16 01:14:19	SortSam	Read    60,000,000 records.  Elapsed time: 00:56:29s.  Time for last 10,000,000:  534s.  Last read position: chr15:22,872,285
INFO	2016-05-16 01:24:23	SortSam	Read    70,000,000 records.  Elapsed time: 01:06:33s.  Time for last 10,000,000:  604s.  Last read position: chr3:136,141,317
INFO	2016-05-16 01:34:34	SortSam	Read    80,000,000 records.  Elapsed time: 01:16:44s.  Time for last 10,000,000:  611s.  Last read position: chr12:21,487,409
INFO	2016-05-16 01:43:35	SortSam	Read    90,000,000 records.  Elapsed time: 01:25:45s.  Time for last 10,000,000:  540s.  Last read position: chr2:190,593,470
INFO	2016-05-16 01:52:00	SortSam	Read   100,000,000 records.  Elapsed time: 01:34:10s.  Time for last 10,000,000:  505s.  Last read position: chr4:166,963,509
INFO	2016-05-16 01:57:04	SortSam	Finished reading inputs, merging and writing to output now.
INFO	2016-05-16 02:06:48	SortSam	Wrote    10,000,000 records from a sorting collection.  Elapsed time: 01:48:58s.  Time for last 10,000,000:  402s.  Last read position: chr1:234,445,007
INFO	2016-05-16 02:09:47	SortSam	Wrote    20,000,000 records from a sorting collection.  Elapsed time: 01:51:57s.  Time for last 10,000,000:  179s.  Last read position: chr3:47,163,494
INFO	2016-05-16 02:11:55	SortSam	Wrote    30,000,000 records from a sorting collection.  Elapsed time: 01:54:05s.  Time for last 10,000,000:  127s.  Last read position: chr5:43,656,897
INFO	2016-05-16 02:14:23	SortSam	Wrote    40,000,000 records from a sorting collection.  Elapsed time: 01:56:33s.  Time for last 10,000,000:  148s.  Last read position: chr7:6,628,354
INFO	2016-05-16 02:17:02	SortSam	Wrote    50,000,000 records from a sorting collection.  Elapsed time: 01:59:12s.  Time for last 10,000,000:  158s.  Last read position: chr9:89,249,585
INFO	2016-05-16 02:19:22	SortSam	Wrote    60,000,000 records from a sorting collection.  Elapsed time: 02:01:32s.  Time for last 10,000,000:  140s.  Last read position: chr11:63,987,215
INFO	2016-05-16 02:22:02	SortSam	Wrote    70,000,000 records from a sorting collection.  Elapsed time: 02:04:12s.  Time for last 10,000,000:  159s.  Last read position: chr13:75,930,206
INFO	2016-05-16 02:28:22	SortSam	Wrote    80,000,000 records from a sorting collection.  Elapsed time: 02:10:32s.  Time for last 10,000,000:  380s.  Last read position: chr16:48,227,883
INFO	2016-05-16 02:31:24	SortSam	Wrote    90,000,000 records from a sorting collection.  Elapsed time: 02:13:34s.  Time for last 10,000,000:  182s.  Last read position: chr19:4,171,610
INFO	2016-05-16 02:34:15	SortSam	Wrote   100,000,000 records from a sorting collection.  Elapsed time: 02:16:25s.  Time for last 10,000,000:  171s.  Last read position: chr22:25,124,278
[Mon May 16 02:36:20 EDT 2016] picard.sam.SortSam done. Elapsed time: 138.53 minutes.
Runtime.totalMemory()=1156579328
[Mon May 16 02:36:32 EDT 2016] picard.sam.markduplicates.MarkDuplicates INPUT=[p_DS_bkm_105-N/p_DS_bkm_105-N.sorted.bam] OUTPUT=p_DS_bkm_105-N/p_DS_bkm_105-N.sorted.MarkDup.bam METRICS_FILE=MarkDup_metrics TMP_DIR=[tmp] VALIDATION_STRINGENCY=SILENT CREATE_INDEX=true    MAX_SEQUENCES_FOR_DISK_READ_ENDS_MAP=50000 MAX_FILE_HANDLES_FOR_READ_ENDS_MAP=8000 SORTING_COLLECTION_SIZE_RATIO=0.25 REMOVE_SEQUENCING_DUPLICATES=false TAGGING_POLICY=DontTag REMOVE_DUPLICATES=false ASSUME_SORTED=false DUPLICATE_SCORING_STRATEGY=SUM_OF_BASE_QUALITIES PROGRAM_RECORD_ID=MarkDuplicates PROGRAM_GROUP_NAME=MarkDuplicates READ_NAME_REGEX=<optimized capture of last three ':' separated fields as numeric values> OPTICAL_DUPLICATE_PIXEL_DISTANCE=100 VERBOSITY=INFO QUIET=false COMPRESSION_LEVEL=5 MAX_RECORDS_IN_RAM=500000 CREATE_MD5_FILE=false GA4GH_CLIENT_SECRETS=client_secrets.json
[Mon May 16 02:36:32 EDT 2016] Executing as abdelrahman@compute-1-2.local on Linux 2.6.32-279.14.1.el6.x86_64 amd64; Java HotSpot(TM) 64-Bit Server VM 1.8.0_45-b14; Picard version: 2.3.0(9a00c87b7ffdb01cfb5a0d6e76556146196babb8_1463071327) IntelDeflater
INFO	2016-05-16 02:36:32	MarkDuplicates	Start of doWork freeMemory: 502229384; totalMemory: 506462208; maxMemory: 13362528256
INFO	2016-05-16 02:36:32	MarkDuplicates	Reading input file and constructing read end information.
INFO	2016-05-16 02:36:32	MarkDuplicates	Will retain up to 51394339 data points before spilling to disk.
INFO	2016-05-16 02:36:51	MarkDuplicates	Read     1,000,000 records.  Elapsed time: 00:00:15s.  Time for last 1,000,000:   15s.  Last read position: chr1:16,133,978
INFO	2016-05-16 02:36:51	MarkDuplicates	Tracking 4195 as yet unmatched pairs. 383 records in RAM.
INFO	2016-05-16 02:36:59	MarkDuplicates	Read     2,000,000 records.  Elapsed time: 00:00:24s.  Time for last 1,000,000:    8s.  Last read position: chr1:29,145,190
INFO	2016-05-16 02:36:59	MarkDuplicates	Tracking 7330 as yet unmatched pairs. 495 records in RAM.
INFO	2016-05-16 02:37:13	MarkDuplicates	Read     3,000,000 records.  Elapsed time: 00:00:37s.  Time for last 1,000,000:   13s.  Last read position: chr1:44,084,623
INFO	2016-05-16 02:37:13	MarkDuplicates	Tracking 10947 as yet unmatched pairs. 839 records in RAM.
INFO	2016-05-16 02:37:26	MarkDuplicates	Read     4,000,000 records.  Elapsed time: 00:00:50s.  Time for last 1,000,000:   13s.  Last read position: chr1:68,151,765
INFO	2016-05-16 02:37:26	MarkDuplicates	Tracking 14836 as yet unmatched pairs. 924 records in RAM.
INFO	2016-05-16 02:37:37	MarkDuplicates	Read     5,000,000 records.  Elapsed time: 00:01:01s.  Time for last 1,000,000:   10s.  Last read position: chr1:109,824,449
INFO	2016-05-16 02:37:37	MarkDuplicates	Tracking 20250 as yet unmatched pairs. 988 records in RAM.
INFO	2016-05-16 02:37:45	MarkDuplicates	Read     6,000,000 records.  Elapsed time: 00:01:09s.  Time for last 1,000,000:    8s.  Last read position: chr1:151,214,342
INFO	2016-05-16 02:37:45	MarkDuplicates	Tracking 25504 as yet unmatched pairs. 914 records in RAM.
INFO	2016-05-16 02:38:00	MarkDuplicates	Read     7,000,000 records.  Elapsed time: 00:01:24s.  Time for last 1,000,000:   14s.  Last read position: chr1:159,163,463
INFO	2016-05-16 02:38:00	MarkDuplicates	Tracking 28290 as yet unmatched pairs. 1027 records in RAM.
INFO	2016-05-16 02:38:06	MarkDuplicates	Read     8,000,000 records.  Elapsed time: 00:01:30s.  Time for last 1,000,000:    6s.  Last read position: chr1:181,689,764
INFO	2016-05-16 02:38:06	MarkDuplicates	Tracking 31823 as yet unmatched pairs. 826 records in RAM.
INFO	2016-05-16 02:38:17	MarkDuplicates	Read     9,000,000 records.  Elapsed time: 00:01:41s.  Time for last 1,000,000:   10s.  Last read position: chr1:207,095,314
INFO	2016-05-16 02:38:17	MarkDuplicates	Tracking 35640 as yet unmatched pairs. 636 records in RAM.
INFO	2016-05-16 02:38:27	MarkDuplicates	Read    10,000,000 records.  Elapsed time: 00:01:52s.  Time for last 1,000,000:   10s.  Last read position: chr1:234,445,007
INFO	2016-05-16 02:38:27	MarkDuplicates	Tracking 39697 as yet unmatched pairs. 270 records in RAM.
INFO	2016-05-16 02:38:51	MarkDuplicates	Read    11,000,000 records.  Elapsed time: 00:02:15s.  Time for last 1,000,000:   23s.  Last read position: chr2:21,365,913
INFO	2016-05-16 02:38:51	MarkDuplicates	Tracking 44287 as yet unmatched pairs. 5124 records in RAM.
INFO	2016-05-16 02:38:59	MarkDuplicates	Read    12,000,000 records.  Elapsed time: 00:02:24s.  Time for last 1,000,000:    8s.  Last read position: chr2:44,065,565
INFO	2016-05-16 02:38:59	MarkDuplicates	Tracking 58971 as yet unmatched pairs. 4168 records in RAM.
INFO	2016-05-16 02:39:10	MarkDuplicates	Read    13,000,000 records.  Elapsed time: 00:02:34s.  Time for last 1,000,000:   10s.  Last read position: chr2:74,732,635
INFO	2016-05-16 02:39:10	MarkDuplicates	Tracking 62971 as yet unmatched pairs. 4091 records in RAM.
INFO	2016-05-16 02:39:16	MarkDuplicates	Read    14,000,000 records.  Elapsed time: 00:02:40s.  Time for last 1,000,000:    6s.  Last read position: chr2:113,081,778
INFO	2016-05-16 02:39:16	MarkDuplicates	Tracking 68752 as yet unmatched pairs. 3494 records in RAM.
INFO	2016-05-16 02:39:31	MarkDuplicates	Read    15,000,000 records.  Elapsed time: 00:02:56s.  Time for last 1,000,000:   15s.  Last read position: chr2:160,239,280
INFO	2016-05-16 02:39:31	MarkDuplicates	Tracking 75313 as yet unmatched pairs. 2580 records in RAM.
INFO	2016-05-16 02:39:37	MarkDuplicates	Read    16,000,000 records.  Elapsed time: 00:03:01s.  Time for last 1,000,000:    5s.  Last read position: chr2:180,837,855
INFO	2016-05-16 02:39:37	MarkDuplicates	Tracking 78215 as yet unmatched pairs. 2082 records in RAM.
INFO	2016-05-16 02:39:46	MarkDuplicates	Read    17,000,000 records.  Elapsed time: 00:03:10s.  Time for last 1,000,000:    9s.  Last read position: chr2:214,149,309
INFO	2016-05-16 02:39:46	MarkDuplicates	Tracking 81701 as yet unmatched pairs. 1304 records in RAM.
INFO	2016-05-16 02:39:53	MarkDuplicates	Read    18,000,000 records.  Elapsed time: 00:03:17s.  Time for last 1,000,000:    6s.  Last read position: chr2:235,949,838
INFO	2016-05-16 02:39:53	MarkDuplicates	Tracking 84517 as yet unmatched pairs. 450 records in RAM.
INFO	2016-05-16 02:40:07	MarkDuplicates	Read    19,000,000 records.  Elapsed time: 00:03:31s.  Time for last 1,000,000:   14s.  Last read position: chr3:16,336,317
INFO	2016-05-16 02:40:07	MarkDuplicates	Tracking 86798 as yet unmatched pairs. 5423 records in RAM.
INFO	2016-05-16 02:40:13	MarkDuplicates	Read    20,000,000 records.  Elapsed time: 00:03:37s.  Time for last 1,000,000:    6s.  Last read position: chr3:47,163,494
INFO	2016-05-16 02:40:13	MarkDuplicates	Tracking 89762 as yet unmatched pairs. 4785 records in RAM.
INFO	2016-05-16 02:40:32	MarkDuplicates	Read    21,000,000 records.  Elapsed time: 00:03:56s.  Time for last 1,000,000:   18s.  Last read position: chr3:54,537,574
INFO	2016-05-16 02:40:32	MarkDuplicates	Tracking 91256 as yet unmatched pairs. 4222 records in RAM.
INFO	2016-05-16 02:40:41	MarkDuplicates	Read    22,000,000 records.  Elapsed time: 00:04:05s.  Time for last 1,000,000:    9s.  Last read position: chr3:112,185,052
INFO	2016-05-16 02:40:41	MarkDuplicates	Tracking 95381 as yet unmatched pairs. 3021 records in RAM.
INFO	2016-05-16 02:40:50	MarkDuplicates	Read    23,000,000 records.  Elapsed time: 00:04:14s.  Time for last 1,000,000:    8s.  Last read position: chr3:134,079,240
INFO	2016-05-16 02:40:50	MarkDuplicates	Tracking 97573 as yet unmatched pairs. 2177 records in RAM.
INFO	2016-05-16 02:40:59	MarkDuplicates	Read    24,000,000 records.  Elapsed time: 00:04:23s.  Time for last 1,000,000:    9s.  Last read position: chr3:179,051,518
INFO	2016-05-16 02:40:59	MarkDuplicates	Tracking 100914 as yet unmatched pairs. 975 records in RAM.
INFO	2016-05-16 02:41:16	MarkDuplicates	Read    25,000,000 records.  Elapsed time: 00:04:40s.  Time for last 1,000,000:   17s.  Last read position: chr4:2,746,082
INFO	2016-05-16 02:41:16	MarkDuplicates	Tracking 103022 as yet unmatched pairs. 7387 records in RAM.
INFO	2016-05-16 02:41:23	MarkDuplicates	Read    26,000,000 records.  Elapsed time: 00:04:47s.  Time for last 1,000,000:    6s.  Last read position: chr4:47,849,975
INFO	2016-05-16 02:41:23	MarkDuplicates	Tracking 105758 as yet unmatched pairs. 5957 records in RAM.
INFO	2016-05-16 02:41:33	MarkDuplicates	Read    27,000,000 records.  Elapsed time: 00:04:57s.  Time for last 1,000,000:   10s.  Last read position: chr4:88,015,912
INFO	2016-05-16 02:41:33	MarkDuplicates	Tracking 110549 as yet unmatched pairs. 3848 records in RAM.
INFO	2016-05-16 02:41:42	MarkDuplicates	Read    28,000,000 records.  Elapsed time: 00:05:06s.  Time for last 1,000,000:    8s.  Last read position: chr4:134,084,424
INFO	2016-05-16 02:41:42	MarkDuplicates	Tracking 113154 as yet unmatched pairs. 2250 records in RAM.
INFO	2016-05-16 02:41:54	MarkDuplicates	Read    29,000,000 records.  Elapsed time: 00:05:18s.  Time for last 1,000,000:   12s.  Last read position: chr4:187,130,276
INFO	2016-05-16 02:41:54	MarkDuplicates	Tracking 116142 as yet unmatched pairs. 488 records in RAM.
INFO	2016-05-16 02:42:03	MarkDuplicates	Read    30,000,000 records.  Elapsed time: 00:05:27s.  Time for last 1,000,000:    8s.  Last read position: chr5:43,656,897
INFO	2016-05-16 02:42:03	MarkDuplicates	Tracking 118524 as yet unmatched pairs. 6683 records in RAM.
INFO	2016-05-16 02:42:20	MarkDuplicates	Read    31,000,000 records.  Elapsed time: 00:05:44s.  Time for last 1,000,000:   16s.  Last read position: chr5:90,052,132
INFO	2016-05-16 02:42:20	MarkDuplicates	Tracking 120745 as yet unmatched pairs. 4572 records in RAM.
INFO	2016-05-16 02:42:30	MarkDuplicates	Read    32,000,000 records.  Elapsed time: 00:05:54s.  Time for last 1,000,000:   10s.  Last read position: chr5:137,289,029
INFO	2016-05-16 02:42:30	MarkDuplicates	Tracking 123192 as yet unmatched pairs. 2802 records in RAM.
INFO	2016-05-16 02:42:37	MarkDuplicates	Read    33,000,000 records.  Elapsed time: 00:06:01s.  Time for last 1,000,000:    7s.  Last read position: chr5:150,901,057
INFO	2016-05-16 02:42:37	MarkDuplicates	Tracking 124246 as yet unmatched pairs. 1807 records in RAM.
INFO	2016-05-16 02:42:44	MarkDuplicates	Read    34,000,000 records.  Elapsed time: 00:06:09s.  Time for last 1,000,000:    7s.  Last read position: chr5:180,661,735
INFO	2016-05-16 02:42:44	MarkDuplicates	Tracking 125500 as yet unmatched pairs. 96 records in RAM.
INFO	2016-05-16 02:42:59	MarkDuplicates	Read    35,000,000 records.  Elapsed time: 00:06:23s.  Time for last 1,000,000:   14s.  Last read position: chr6:30,520,538
INFO	2016-05-16 02:42:59	MarkDuplicates	Tracking 126944 as yet unmatched pairs. 8245 records in RAM.
INFO	2016-05-16 02:43:08	MarkDuplicates	Read    36,000,000 records.  Elapsed time: 00:06:32s.  Time for last 1,000,000:    9s.  Last read position: chr6:37,186,322
INFO	2016-05-16 02:43:08	MarkDuplicates	Tracking 127663 as yet unmatched pairs. 7443 records in RAM.
INFO	2016-05-16 02:43:23	MarkDuplicates	Read    37,000,000 records.  Elapsed time: 00:06:47s.  Time for last 1,000,000:   15s.  Last read position: chr6:58,778,432
INFO	2016-05-16 02:43:23	MarkDuplicates	Tracking 128503 as yet unmatched pairs. 5926 records in RAM.
INFO	2016-05-16 02:43:32	MarkDuplicates	Read    38,000,000 records.  Elapsed time: 00:06:56s.  Time for last 1,000,000:    8s.  Last read position: chr6:110,935,701
INFO	2016-05-16 02:43:32	MarkDuplicates	Tracking 129811 as yet unmatched pairs. 3736 records in RAM.
INFO	2016-05-16 02:43:40	MarkDuplicates	Read    39,000,000 records.  Elapsed time: 00:07:04s.  Time for last 1,000,000:    7s.  Last read position: chr6:150,157,141
INFO	2016-05-16 02:43:40	MarkDuplicates	Tracking 131059 as yet unmatched pairs. 1569 records in RAM.
INFO	2016-05-16 02:43:49	MarkDuplicates	Read    40,000,000 records.  Elapsed time: 00:07:13s.  Time for last 1,000,000:    9s.  Last read position: chr7:6,628,354
INFO	2016-05-16 02:43:49	MarkDuplicates	Tracking 131828 as yet unmatched pairs. 10391 records in RAM.
INFO	2016-05-16 02:43:58	MarkDuplicates	Read    41,000,000 records.  Elapsed time: 00:07:22s.  Time for last 1,000,000:    9s.  Last read position: chr7:45,704,052
INFO	2016-05-16 02:43:58	MarkDuplicates	Tracking 132623 as yet unmatched pairs. 8172 records in RAM.
INFO	2016-05-16 02:44:06	MarkDuplicates	Read    42,000,000 records.  Elapsed time: 00:07:30s.  Time for last 1,000,000:    7s.  Last read position: chr7:92,885,832
INFO	2016-05-16 02:44:06	MarkDuplicates	Tracking 133546 as yet unmatched pairs. 5335 records in RAM.
INFO	2016-05-16 02:44:21	MarkDuplicates	Read    43,000,000 records.  Elapsed time: 00:07:45s.  Time for last 1,000,000:   15s.  Last read position: chr7:110,603,029
INFO	2016-05-16 02:44:21	MarkDuplicates	Tracking 134136 as yet unmatched pairs. 3732 records in RAM.
INFO	2016-05-16 02:44:28	MarkDuplicates	Read    44,000,000 records.  Elapsed time: 00:07:52s.  Time for last 1,000,000:    6s.  Last read position: chr7:142,045,898
INFO	2016-05-16 02:44:28	MarkDuplicates	Tracking 134813 as yet unmatched pairs. 1545 records in RAM.
INFO	2016-05-16 02:44:39	MarkDuplicates	Read    45,000,000 records.  Elapsed time: 00:08:03s.  Time for last 1,000,000:   10s.  Last read position: chr8:15,480,550
INFO	2016-05-16 02:44:39	MarkDuplicates	Tracking 135207 as yet unmatched pairs. 8888 records in RAM.
INFO	2016-05-16 02:44:47	MarkDuplicates	Read    46,000,000 records.  Elapsed time: 00:08:11s.  Time for last 1,000,000:    8s.  Last read position: chr8:42,587,434
INFO	2016-05-16 02:44:47	MarkDuplicates	Tracking 135562 as yet unmatched pairs. 6974 records in RAM.
INFO	2016-05-16 02:44:57	MarkDuplicates	Read    47,000,000 records.  Elapsed time: 00:08:21s.  Time for last 1,000,000:   10s.  Last read position: chr8:95,888,260
INFO	2016-05-16 02:44:57	MarkDuplicates	Tracking 135772 as yet unmatched pairs. 3656 records in RAM.
INFO	2016-05-16 02:45:04	MarkDuplicates	Read    48,000,000 records.  Elapsed time: 00:08:28s.  Time for last 1,000,000:    6s.  Last read position: chr8:143,426,994
INFO	2016-05-16 02:45:04	MarkDuplicates	Tracking 135836 as yet unmatched pairs. 648 records in RAM.
INFO	2016-05-16 02:47:26	MarkDuplicates	Read    49,000,000 records.  Elapsed time: 00:10:50s.  Time for last 1,000,000:  141s.  Last read position: chr9:32,544,017
INFO	2016-05-16 02:47:26	MarkDuplicates	Tracking 135763 as yet unmatched pairs. 8501 records in RAM.
INFO	2016-05-16 02:47:46	MarkDuplicates	Read    50,000,000 records.  Elapsed time: 00:11:10s.  Time for last 1,000,000:   20s.  Last read position: chr9:89,249,585
INFO	2016-05-16 02:47:46	MarkDuplicates	Tracking 135359 as yet unmatched pairs. 5225 records in RAM.
INFO	2016-05-16 02:47:57	MarkDuplicates	Read    51,000,000 records.  Elapsed time: 00:11:21s.  Time for last 1,000,000:   10s.  Last read position: chr9:116,931,543
INFO	2016-05-16 02:47:57	MarkDuplicates	Tracking 135325 as yet unmatched pairs. 3120 records in RAM.
INFO	2016-05-16 02:50:04	MarkDuplicates	Read    52,000,000 records.  Elapsed time: 00:13:28s.  Time for last 1,000,000:  127s.  Last read position: chr9:135,144,914
INFO	2016-05-16 02:50:04	MarkDuplicates	Tracking 135075 as yet unmatched pairs. 1196 records in RAM.
INFO	2016-05-16 02:50:14	MarkDuplicates	Read    53,000,000 records.  Elapsed time: 00:13:38s.  Time for last 1,000,000:    9s.  Last read position: chr10:13,699,291
INFO	2016-05-16 02:50:14	MarkDuplicates	Tracking 134420 as yet unmatched pairs. 12897 records in RAM.
INFO	2016-05-16 02:50:24	MarkDuplicates	Read    54,000,000 records.  Elapsed time: 00:13:48s.  Time for last 1,000,000:   10s.  Last read position: chr10:55,590,802
INFO	2016-05-16 02:50:24	MarkDuplicates	Tracking 134315 as yet unmatched pairs. 7761 records in RAM.
INFO	2016-05-16 02:50:31	MarkDuplicates	Read    55,000,000 records.  Elapsed time: 00:13:56s.  Time for last 1,000,000:    7s.  Last read position: chr10:90,562,686
INFO	2016-05-16 02:50:31	MarkDuplicates	Tracking 133811 as yet unmatched pairs. 5176 records in RAM.
INFO	2016-05-16 02:50:42	MarkDuplicates	Read    56,000,000 records.  Elapsed time: 00:14:06s.  Time for last 1,000,000:   10s.  Last read position: chr10:106,116,643
INFO	2016-05-16 02:50:42	MarkDuplicates	Tracking 133051 as yet unmatched pairs. 2938 records in RAM.
INFO	2016-05-16 02:50:54	MarkDuplicates	Read    57,000,000 records.  Elapsed time: 00:14:18s.  Time for last 1,000,000:   12s.  Last read position: chr11:558,792
INFO	2016-05-16 02:50:54	MarkDuplicates	Tracking 132026 as yet unmatched pairs. 14654 records in RAM.
INFO	2016-05-16 02:51:06	MarkDuplicates	Read    58,000,000 records.  Elapsed time: 00:14:30s.  Time for last 1,000,000:   11s.  Last read position: chr11:10,823,134
INFO	2016-05-16 02:51:06	MarkDuplicates	Tracking 131352 as yet unmatched pairs. 12973 records in RAM.
INFO	2016-05-16 02:51:15	MarkDuplicates	Read    59,000,000 records.  Elapsed time: 00:14:39s.  Time for last 1,000,000:    9s.  Last read position: chr11:47,304,075
INFO	2016-05-16 02:51:15	MarkDuplicates	Tracking 130383 as yet unmatched pairs. 10054 records in RAM.
INFO	2016-05-16 02:51:30	MarkDuplicates	Read    60,000,000 records.  Elapsed time: 00:14:54s.  Time for last 1,000,000:   14s.  Last read position: chr11:63,987,215
INFO	2016-05-16 02:51:30	MarkDuplicates	Tracking 129605 as yet unmatched pairs. 7853 records in RAM.
INFO	2016-05-16 02:51:36	MarkDuplicates	Read    61,000,000 records.  Elapsed time: 00:15:00s.  Time for last 1,000,000:    6s.  Last read position: chr11:72,613,698
INFO	2016-05-16 02:51:36	MarkDuplicates	Tracking 128683 as yet unmatched pairs. 6018 records in RAM.
INFO	2016-05-16 02:51:45	MarkDuplicates	Read    62,000,000 records.  Elapsed time: 00:15:09s.  Time for last 1,000,000:    8s.  Last read position: chr11:108,216,463
INFO	2016-05-16 02:51:45	MarkDuplicates	Tracking 127793 as yet unmatched pairs. 3087 records in RAM.
INFO	2016-05-16 02:51:52	MarkDuplicates	Read    63,000,000 records.  Elapsed time: 00:15:16s.  Time for last 1,000,000:    7s.  Last read position: chr11:126,163,508
INFO	2016-05-16 02:51:52	MarkDuplicates	Tracking 126808 as yet unmatched pairs. 744 records in RAM.
INFO	2016-05-16 02:52:04	MarkDuplicates	Read    64,000,000 records.  Elapsed time: 00:15:28s.  Time for last 1,000,000:   11s.  Last read position: chr12:11,904,917
INFO	2016-05-16 02:52:04	MarkDuplicates	Tracking 125598 as yet unmatched pairs. 14065 records in RAM.
INFO	2016-05-16 02:52:11	MarkDuplicates	Read    65,000,000 records.  Elapsed time: 00:15:35s.  Time for last 1,000,000:    6s.  Last read position: chr12:49,364,049
INFO	2016-05-16 02:52:11	MarkDuplicates	Tracking 124474 as yet unmatched pairs. 11022 records in RAM.
INFO	2016-05-16 02:52:21	MarkDuplicates	Read    66,000,000 records.  Elapsed time: 00:15:45s.  Time for last 1,000,000:    9s.  Last read position: chr12:57,396,806
INFO	2016-05-16 02:52:21	MarkDuplicates	Tracking 123474 as yet unmatched pairs. 9190 records in RAM.
INFO	2016-05-16 02:52:30	MarkDuplicates	Read    67,000,000 records.  Elapsed time: 00:15:54s.  Time for last 1,000,000:    9s.  Last read position: chr12:96,310,887
INFO	2016-05-16 02:52:30	MarkDuplicates	Tracking 121577 as yet unmatched pairs. 5217 records in RAM.
INFO	2016-05-16 02:52:43	MarkDuplicates	Read    68,000,000 records.  Elapsed time: 00:16:07s.  Time for last 1,000,000:   12s.  Last read position: chr12:119,909,896
INFO	2016-05-16 02:52:43	MarkDuplicates	Tracking 119945 as yet unmatched pairs. 2194 records in RAM.
INFO	2016-05-16 02:52:54	MarkDuplicates	Read    69,000,000 records.  Elapsed time: 00:16:18s.  Time for last 1,000,000:   10s.  Last read position: chr13:25,840,238
INFO	2016-05-16 02:52:54	MarkDuplicates	Tracking 118337 as yet unmatched pairs. 7810 records in RAM.
INFO	2016-05-16 02:53:02	MarkDuplicates	Read    70,000,000 records.  Elapsed time: 00:16:26s.  Time for last 1,000,000:    7s.  Last read position: chr13:75,930,206
INFO	2016-05-16 02:53:02	MarkDuplicates	Tracking 115876 as yet unmatched pairs. 3394 records in RAM.
INFO	2016-05-16 02:53:11	MarkDuplicates	Read    71,000,000 records.  Elapsed time: 00:16:35s.  Time for last 1,000,000:    9s.  Last read position: chr14:21,943,030
INFO	2016-05-16 02:53:11	MarkDuplicates	Tracking 113512 as yet unmatched pairs. 10186 records in RAM.
INFO	2016-05-16 02:53:22	MarkDuplicates	Read    72,000,000 records.  Elapsed time: 00:16:47s.  Time for last 1,000,000:   11s.  Last read position: chr14:51,372,060
INFO	2016-05-16 02:53:22	MarkDuplicates	Tracking 111594 as yet unmatched pairs. 7077 records in RAM.
INFO	2016-05-16 02:53:31	MarkDuplicates	Read    73,000,000 records.  Elapsed time: 00:16:55s.  Time for last 1,000,000:    8s.  Last read position: chr14:76,186,082
INFO	2016-05-16 02:53:31	MarkDuplicates	Tracking 109577 as yet unmatched pairs. 3886 records in RAM.
INFO	2016-05-16 02:53:46	MarkDuplicates	Read    74,000,000 records.  Elapsed time: 00:17:10s.  Time for last 1,000,000:   14s.  Last read position: chr14:105,406,568
INFO	2016-05-16 02:53:46	MarkDuplicates	Tracking 107440 as yet unmatched pairs. 493 records in RAM.
INFO	2016-05-16 02:53:56	MarkDuplicates	Read    75,000,000 records.  Elapsed time: 00:17:20s.  Time for last 1,000,000:   10s.  Last read position: chr15:42,360,812
INFO	2016-05-16 02:53:56	MarkDuplicates	Tracking 105169 as yet unmatched pairs. 8636 records in RAM.
INFO	2016-05-16 02:54:03	MarkDuplicates	Read    76,000,000 records.  Elapsed time: 00:17:27s.  Time for last 1,000,000:    7s.  Last read position: chr15:62,994,876
INFO	2016-05-16 02:54:03	MarkDuplicates	Tracking 102907 as yet unmatched pairs. 5396 records in RAM.
INFO	2016-05-16 02:54:18	MarkDuplicates	Read    77,000,000 records.  Elapsed time: 00:17:42s.  Time for last 1,000,000:   14s.  Last read position: chr15:81,644,075
INFO	2016-05-16 02:54:18	MarkDuplicates	Tracking 100901 as yet unmatched pairs. 2450 records in RAM.
INFO	2016-05-16 02:54:30	MarkDuplicates	Read    78,000,000 records.  Elapsed time: 00:17:54s.  Time for last 1,000,000:   11s.  Last read position: chr16:1,718,991
INFO	2016-05-16 02:54:30	MarkDuplicates	Tracking 98890 as yet unmatched pairs. 14291 records in RAM.
INFO	2016-05-16 02:54:37	MarkDuplicates	Read    79,000,000 records.  Elapsed time: 00:18:01s.  Time for last 1,000,000:    7s.  Last read position: chr16:20,873,410
INFO	2016-05-16 02:54:37	MarkDuplicates	Tracking 96317 as yet unmatched pairs. 10976 records in RAM.
INFO	2016-05-16 02:54:46	MarkDuplicates	Read    80,000,000 records.  Elapsed time: 00:18:10s.  Time for last 1,000,000:    8s.  Last read position: chr16:48,227,883
INFO	2016-05-16 02:54:46	MarkDuplicates	Tracking 93373 as yet unmatched pairs. 6591 records in RAM.
INFO	2016-05-16 02:54:57	MarkDuplicates	Read    81,000,000 records.  Elapsed time: 00:18:21s.  Time for last 1,000,000:   10s.  Last read position: chr16:70,316,528
INFO	2016-05-16 02:54:57	MarkDuplicates	Tracking 90903 as yet unmatched pairs. 3328 records in RAM.
INFO	2016-05-16 02:55:05	MarkDuplicates	Read    82,000,000 records.  Elapsed time: 00:18:29s.  Time for last 1,000,000:    8s.  Last read position: chr17:1,382,853
INFO	2016-05-16 02:55:05	MarkDuplicates	Tracking 88113 as yet unmatched pairs. 16831 records in RAM.
INFO	2016-05-16 02:55:17	MarkDuplicates	Read    83,000,000 records.  Elapsed time: 00:18:41s.  Time for last 1,000,000:   12s.  Last read position: chr17:8,168,859
INFO	2016-05-16 02:55:17	MarkDuplicates	Tracking 86479 as yet unmatched pairs. 14818 records in RAM.
INFO	2016-05-16 02:55:24	MarkDuplicates	Read    84,000,000 records.  Elapsed time: 00:18:48s.  Time for last 1,000,000:    6s.  Last read position: chr17:27,904,645
INFO	2016-05-16 02:55:24	MarkDuplicates	Tracking 84002 as yet unmatched pairs. 11584 records in RAM.
INFO	2016-05-16 02:55:40	MarkDuplicates	Read    85,000,000 records.  Elapsed time: 00:19:04s.  Time for last 1,000,000:   15s.  Last read position: chr17:40,312,203
INFO	2016-05-16 02:55:40	MarkDuplicates	Tracking 81613 as yet unmatched pairs. 8606 records in RAM.
INFO	2016-05-16 02:55:49	MarkDuplicates	Read    86,000,000 records.  Elapsed time: 00:19:13s.  Time for last 1,000,000:    8s.  Last read position: chr17:54,990,842
INFO	2016-05-16 02:55:49	MarkDuplicates	Tracking 79181 as yet unmatched pairs. 5542 records in RAM.
INFO	2016-05-16 02:55:56	MarkDuplicates	Read    87,000,000 records.  Elapsed time: 00:19:20s.  Time for last 1,000,000:    7s.  Last read position: chr17:73,499,786
INFO	2016-05-16 02:55:56	MarkDuplicates	Tracking 76510 as yet unmatched pairs. 2229 records in RAM.
INFO	2016-05-16 02:56:06	MarkDuplicates	Read    88,000,000 records.  Elapsed time: 00:19:30s.  Time for last 1,000,000:    9s.  Last read position: chr18:7,015,861
INFO	2016-05-16 02:56:06	MarkDuplicates	Tracking 74028 as yet unmatched pairs. 8457 records in RAM.
INFO	2016-05-16 02:56:16	MarkDuplicates	Read    89,000,000 records.  Elapsed time: 00:19:40s.  Time for last 1,000,000:   10s.  Last read position: chr18:51,748,768
INFO	2016-05-16 02:56:16	MarkDuplicates	Tracking 69459 as yet unmatched pairs. 2937 records in RAM.
INFO	2016-05-16 02:56:26	MarkDuplicates	Read    90,000,000 records.  Elapsed time: 00:19:50s.  Time for last 1,000,000:   10s.  Last read position: chr19:4,171,610
INFO	2016-05-16 02:56:26	MarkDuplicates	Tracking 65814 as yet unmatched pairs. 17411 records in RAM.
INFO	2016-05-16 02:56:37	MarkDuplicates	Read    91,000,000 records.  Elapsed time: 00:20:01s.  Time for last 1,000,000:   10s.  Last read position: chr19:11,470,228
INFO	2016-05-16 02:56:37	MarkDuplicates	Tracking 63284 as yet unmatched pairs. 14604 records in RAM.
INFO	2016-05-16 02:56:44	MarkDuplicates	Read    92,000,000 records.  Elapsed time: 00:20:08s.  Time for last 1,000,000:    6s.  Last read position: chr19:19,162,701
INFO	2016-05-16 02:56:44	MarkDuplicates	Tracking 60846 as yet unmatched pairs. 11915 records in RAM.
INFO	2016-05-16 02:56:59	MarkDuplicates	Read    93,000,000 records.  Elapsed time: 00:20:23s.  Time for last 1,000,000:   15s.  Last read position: chr19:39,443,383
INFO	2016-05-16 02:56:59	MarkDuplicates	Tracking 56723 as yet unmatched pairs. 7369 records in RAM.
INFO	2016-05-16 02:57:05	MarkDuplicates	Read    94,000,000 records.  Elapsed time: 00:20:29s.  Time for last 1,000,000:    6s.  Last read position: chr19:47,548,312
INFO	2016-05-16 02:57:05	MarkDuplicates	Tracking 54195 as yet unmatched pairs. 4542 records in RAM.
INFO	2016-05-16 02:57:14	MarkDuplicates	Read    95,000,000 records.  Elapsed time: 00:20:38s.  Time for last 1,000,000:    9s.  Last read position: chr19:54,781,727
INFO	2016-05-16 02:57:14	MarkDuplicates	Tracking 51742 as yet unmatched pairs. 1758 records in RAM.
INFO	2016-05-16 02:57:22	MarkDuplicates	Read    96,000,000 records.  Elapsed time: 00:20:46s.  Time for last 1,000,000:    7s.  Last read position: chr20:5,927,046
INFO	2016-05-16 02:57:22	MarkDuplicates	Tracking 49225 as yet unmatched pairs. 9449 records in RAM.
INFO	2016-05-16 02:57:31	MarkDuplicates	Read    97,000,000 records.  Elapsed time: 00:20:55s.  Time for last 1,000,000:    8s.  Last read position: chr20:35,882,641
INFO	2016-05-16 02:57:31	MarkDuplicates	Tracking 45469 as yet unmatched pairs. 4852 records in RAM.
INFO	2016-05-16 02:57:41	MarkDuplicates	Read    98,000,000 records.  Elapsed time: 00:21:05s.  Time for last 1,000,000:   10s.  Last read position: chr20:60,776,207
INFO	2016-05-16 02:57:41	MarkDuplicates	Tracking 41803 as yet unmatched pairs. 854 records in RAM.
INFO	2016-05-16 02:57:52	MarkDuplicates	Read    99,000,000 records.  Elapsed time: 00:21:16s.  Time for last 1,000,000:   10s.  Last read position: chr21:43,133,018
INFO	2016-05-16 02:57:52	MarkDuplicates	Tracking 35931 as yet unmatched pairs. 1346 records in RAM.
INFO	2016-05-16 02:58:04	MarkDuplicates	Read   100,000,000 records.  Elapsed time: 00:21:28s.  Time for last 1,000,000:   11s.  Last read position: chr22:25,124,278
INFO	2016-05-16 02:58:04	MarkDuplicates	Tracking 33028 as yet unmatched pairs. 5849 records in RAM.
INFO	2016-05-16 02:58:15	MarkDuplicates	Read   101,000,000 records.  Elapsed time: 00:21:39s.  Time for last 1,000,000:   10s.  Last read position: chr22:41,077,753
INFO	2016-05-16 02:58:15	MarkDuplicates	Tracking 29851 as yet unmatched pairs. 2489 records in RAM.
INFO	2016-05-16 02:58:32	MarkDuplicates	Read   102,000,000 records.  Elapsed time: 00:21:56s.  Time for last 1,000,000:   17s.  Last read position: chrX:16,888,191
INFO	2016-05-16 02:58:32	MarkDuplicates	Tracking 25703 as yet unmatched pairs. 19738 records in RAM.
INFO	2016-05-16 02:58:39	MarkDuplicates	Read   103,000,000 records.  Elapsed time: 00:22:04s.  Time for last 1,000,000:    7s.  Last read position: chrX:49,432,846
INFO	2016-05-16 02:58:39	MarkDuplicates	Tracking 20875 as yet unmatched pairs. 14899 records in RAM.
INFO	2016-05-16 03:02:30	MarkDuplicates	Read   104,000,000 records.  Elapsed time: 00:25:54s.  Time for last 1,000,000:  230s.  Last read position: chrX:84,475,652
INFO	2016-05-16 03:02:30	MarkDuplicates	Tracking 15832 as yet unmatched pairs. 9828 records in RAM.
INFO	2016-05-16 03:02:41	MarkDuplicates	Read   105,000,000 records.  Elapsed time: 00:26:05s.  Time for last 1,000,000:   10s.  Last read position: chrX:129,519,287
INFO	2016-05-16 03:02:41	MarkDuplicates	Tracking 10231 as yet unmatched pairs. 4202 records in RAM.
INFO	2016-05-16 03:02:52	MarkDuplicates	Read 105872450 records. 0 pairs never matched.
INFO	2016-05-16 03:03:02	MarkDuplicates	After buildSortedReadEndLists freeMemory: 13358992432; totalMemory: 13449560064; maxMemory: 13449560064
INFO	2016-05-16 03:03:02	MarkDuplicates	Will retain up to 420298752 duplicate indices before spilling to disk.
INFO	2016-05-16 03:03:03	MarkDuplicates	Traversing read pair information and detecting duplicates.
INFO	2016-05-16 03:05:14	MarkDuplicates	Traversing fragment information and detecting duplicates.
INFO	2016-05-16 03:06:55	MarkDuplicates	Sorting list of duplicate records.
INFO	2016-05-16 03:06:57	MarkDuplicates	After generateDuplicateIndexes freeMemory: 9982403848; totalMemory: 13432258560; maxMemory: 13432258560
INFO	2016-05-16 03:06:57	MarkDuplicates	Marking 10212548 records as duplicates.
INFO	2016-05-16 03:06:57	MarkDuplicates	Found 2931 optical duplicate clusters.
INFO	2016-05-16 03:06:58	MarkDuplicates	Reads are assumed to be ordered by: coordinate
INFO	2016-05-16 03:09:49	MarkDuplicates	Written    10,000,000 records.  Elapsed time: 00:02:49s.  Time for last 10,000,000:  169s.  Last read position: chr1:234,445,007
INFO	2016-05-16 03:13:34	MarkDuplicates	Written    20,000,000 records.  Elapsed time: 00:06:34s.  Time for last 10,000,000:  225s.  Last read position: chr3:47,163,494
INFO	2016-05-16 03:16:36	MarkDuplicates	Written    30,000,000 records.  Elapsed time: 00:09:36s.  Time for last 10,000,000:  181s.  Last read position: chr5:43,656,897
INFO	2016-05-16 03:19:57	MarkDuplicates	Written    40,000,000 records.  Elapsed time: 00:12:58s.  Time for last 10,000,000:  201s.  Last read position: chr7:6,628,354
INFO	2016-05-16 03:23:15	MarkDuplicates	Written    50,000,000 records.  Elapsed time: 00:16:15s.  Time for last 10,000,000:  197s.  Last read position: chr9:89,249,585
INFO	2016-05-16 03:26:02	MarkDuplicates	Written    60,000,000 records.  Elapsed time: 00:19:03s.  Time for last 10,000,000:  167s.  Last read position: chr11:63,987,215
INFO	2016-05-16 03:28:52	MarkDuplicates	Written    70,000,000 records.  Elapsed time: 00:21:53s.  Time for last 10,000,000:  169s.  Last read position: chr13:75,930,206
INFO	2016-05-16 03:32:19	MarkDuplicates	Written    80,000,000 records.  Elapsed time: 00:25:20s.  Time for last 10,000,000:  207s.  Last read position: chr16:48,227,883
INFO	2016-05-16 03:35:04	MarkDuplicates	Written    90,000,000 records.  Elapsed time: 00:28:05s.  Time for last 10,000,000:  164s.  Last read position: chr19:4,171,610
INFO	2016-05-16 03:37:58	MarkDuplicates	Written   100,000,000 records.  Elapsed time: 00:30:58s.  Time for last 10,000,000:  173s.  Last read position: chr22:25,124,278
INFO	2016-05-16 03:39:30	MarkDuplicates	Before output close freeMemory: 13337290136; totalMemory: 13432258560; maxMemory: 13432258560
INFO	2016-05-16 03:39:35	MarkDuplicates	After output close freeMemory: 13311074784; totalMemory: 13406044160; maxMemory: 13406044160
[Mon May 16 03:39:35 EDT 2016] picard.sam.markduplicates.MarkDuplicates done. Elapsed time: 63.07 minutes.
Runtime.totalMemory()=13406044160
[Mon May 16 03:39:44 EDT 2016] picard.sam.AddOrReplaceReadGroups INPUT=p_DS_bkm_105-N/p_DS_bkm_105-N.sorted.MarkDup.bam OUTPUT=p_DS_bkm_105-N/p_DS_bkm_105-N.sorted.MarkDup.fixed.bam SORT_ORDER=coordinate RGID=id RGLB=bar RGPL=Illumina RGPU=platform RGSM=sample1 TMP_DIR=[tmp] VALIDATION_STRINGENCY=SILENT CREATE_INDEX=true    VERBOSITY=INFO QUIET=false COMPRESSION_LEVEL=5 MAX_RECORDS_IN_RAM=500000 CREATE_MD5_FILE=false GA4GH_CLIENT_SECRETS=client_secrets.json
[Mon May 16 03:39:44 EDT 2016] Executing as abdelrahman@compute-1-2.local on Linux 2.6.32-279.14.1.el6.x86_64 amd64; Java HotSpot(TM) 64-Bit Server VM 1.8.0_45-b14; Picard version: 2.3.0(9a00c87b7ffdb01cfb5a0d6e76556146196babb8_1463071327) IntelDeflater
INFO	2016-05-16 03:39:46	AddOrReplaceReadGroups	Created read group ID=id PL=Illumina LB=bar SM=sample1

INFO	2016-05-16 03:40:03	AddOrReplaceReadGroups	Processed     1,000,000 records.  Elapsed time: 00:00:15s.  Time for last 1,000,000:   15s.  Last read position: chr1:16,133,978
INFO	2016-05-16 03:40:18	AddOrReplaceReadGroups	Processed     2,000,000 records.  Elapsed time: 00:00:30s.  Time for last 1,000,000:   14s.  Last read position: chr1:29,145,190
INFO	2016-05-16 03:40:41	AddOrReplaceReadGroups	Processed     3,000,000 records.  Elapsed time: 00:00:54s.  Time for last 1,000,000:   23s.  Last read position: chr1:44,084,623
INFO	2016-05-16 03:41:05	AddOrReplaceReadGroups	Processed     4,000,000 records.  Elapsed time: 00:01:18s.  Time for last 1,000,000:   24s.  Last read position: chr1:68,151,765
INFO	2016-05-16 03:41:22	AddOrReplaceReadGroups	Processed     5,000,000 records.  Elapsed time: 00:01:34s.  Time for last 1,000,000:   16s.  Last read position: chr1:109,824,449
INFO	2016-05-16 03:41:42	AddOrReplaceReadGroups	Processed     6,000,000 records.  Elapsed time: 00:01:55s.  Time for last 1,000,000:   20s.  Last read position: chr1:151,214,342
INFO	2016-05-16 03:41:58	AddOrReplaceReadGroups	Processed     7,000,000 records.  Elapsed time: 00:02:11s.  Time for last 1,000,000:   15s.  Last read position: chr1:159,163,463
INFO	2016-05-16 03:42:22	AddOrReplaceReadGroups	Processed     8,000,000 records.  Elapsed time: 00:02:34s.  Time for last 1,000,000:   23s.  Last read position: chr1:181,689,764
INFO	2016-05-16 03:42:42	AddOrReplaceReadGroups	Processed     9,000,000 records.  Elapsed time: 00:02:54s.  Time for last 1,000,000:   20s.  Last read position: chr1:207,095,314
INFO	2016-05-16 03:42:58	AddOrReplaceReadGroups	Processed    10,000,000 records.  Elapsed time: 00:03:10s.  Time for last 1,000,000:   16s.  Last read position: chr1:234,445,007
INFO	2016-05-16 03:43:21	AddOrReplaceReadGroups	Processed    11,000,000 records.  Elapsed time: 00:03:33s.  Time for last 1,000,000:   22s.  Last read position: chr2:21,365,913
INFO	2016-05-16 03:43:40	AddOrReplaceReadGroups	Processed    12,000,000 records.  Elapsed time: 00:03:53s.  Time for last 1,000,000:   19s.  Last read position: chr2:44,065,565
INFO	2016-05-16 03:43:55	AddOrReplaceReadGroups	Processed    13,000,000 records.  Elapsed time: 00:04:08s.  Time for last 1,000,000:   14s.  Last read position: chr2:74,732,635
INFO	2016-05-16 03:44:18	AddOrReplaceReadGroups	Processed    14,000,000 records.  Elapsed time: 00:04:30s.  Time for last 1,000,000:   22s.  Last read position: chr2:113,081,778
INFO	2016-05-16 03:44:37	AddOrReplaceReadGroups	Processed    15,000,000 records.  Elapsed time: 00:04:50s.  Time for last 1,000,000:   19s.  Last read position: chr2:160,239,280
INFO	2016-05-16 03:44:56	AddOrReplaceReadGroups	Processed    16,000,000 records.  Elapsed time: 00:05:08s.  Time for last 1,000,000:   18s.  Last read position: chr2:180,837,855
INFO	2016-05-16 03:45:12	AddOrReplaceReadGroups	Processed    17,000,000 records.  Elapsed time: 00:05:25s.  Time for last 1,000,000:   16s.  Last read position: chr2:214,149,309
INFO	2016-05-16 03:45:35	AddOrReplaceReadGroups	Processed    18,000,000 records.  Elapsed time: 00:05:47s.  Time for last 1,000,000:   22s.  Last read position: chr2:235,949,838
INFO	2016-05-16 03:45:54	AddOrReplaceReadGroups	Processed    19,000,000 records.  Elapsed time: 00:06:06s.  Time for last 1,000,000:   18s.  Last read position: chr3:16,336,317
INFO	2016-05-16 03:46:09	AddOrReplaceReadGroups	Processed    20,000,000 records.  Elapsed time: 00:06:21s.  Time for last 1,000,000:   15s.  Last read position: chr3:47,163,494
INFO	2016-05-16 03:46:24	AddOrReplaceReadGroups	Processed    21,000,000 records.  Elapsed time: 00:06:37s.  Time for last 1,000,000:   15s.  Last read position: chr3:54,537,574
INFO	2016-05-16 03:46:45	AddOrReplaceReadGroups	Processed    22,000,000 records.  Elapsed time: 00:06:58s.  Time for last 1,000,000:   21s.  Last read position: chr3:112,185,052
INFO	2016-05-16 03:47:01	AddOrReplaceReadGroups	Processed    23,000,000 records.  Elapsed time: 00:07:13s.  Time for last 1,000,000:   15s.  Last read position: chr3:134,079,240
INFO	2016-05-16 03:47:28	AddOrReplaceReadGroups	Processed    24,000,000 records.  Elapsed time: 00:07:41s.  Time for last 1,000,000:   27s.  Last read position: chr3:179,051,518
INFO	2016-05-16 03:47:48	AddOrReplaceReadGroups	Processed    25,000,000 records.  Elapsed time: 00:08:01s.  Time for last 1,000,000:   19s.  Last read position: chr4:2,746,082
INFO	2016-05-16 03:48:05	AddOrReplaceReadGroups	Processed    26,000,000 records.  Elapsed time: 00:08:18s.  Time for last 1,000,000:   17s.  Last read position: chr4:47,849,975
INFO	2016-05-16 03:48:21	AddOrReplaceReadGroups	Processed    27,000,000 records.  Elapsed time: 00:08:33s.  Time for last 1,000,000:   15s.  Last read position: chr4:88,015,912
INFO	2016-05-16 03:48:36	AddOrReplaceReadGroups	Processed    28,000,000 records.  Elapsed time: 00:08:48s.  Time for last 1,000,000:   15s.  Last read position: chr4:134,084,424
INFO	2016-05-16 03:49:03	AddOrReplaceReadGroups	Processed    29,000,000 records.  Elapsed time: 00:09:16s.  Time for last 1,000,000:   27s.  Last read position: chr4:187,130,276
INFO	2016-05-16 03:49:23	AddOrReplaceReadGroups	Processed    30,000,000 records.  Elapsed time: 00:09:35s.  Time for last 1,000,000:   19s.  Last read position: chr5:43,656,897
INFO	2016-05-16 03:49:47	AddOrReplaceReadGroups	Processed    31,000,000 records.  Elapsed time: 00:10:00s.  Time for last 1,000,000:   24s.  Last read position: chr5:90,052,132
INFO	2016-05-16 03:50:39	AddOrReplaceReadGroups	Processed    32,000,000 records.  Elapsed time: 00:10:51s.  Time for last 1,000,000:   51s.  Last read position: chr5:137,289,029
INFO	2016-05-16 03:50:56	AddOrReplaceReadGroups	Processed    33,000,000 records.  Elapsed time: 00:11:09s.  Time for last 1,000,000:   17s.  Last read position: chr5:150,901,057
INFO	2016-05-16 03:55:25	AddOrReplaceReadGroups	Processed    34,000,000 records.  Elapsed time: 00:15:38s.  Time for last 1,000,000:  268s.  Last read position: chr5:180,661,735
INFO	2016-05-16 03:55:43	AddOrReplaceReadGroups	Processed    35,000,000 records.  Elapsed time: 00:15:55s.  Time for last 1,000,000:   17s.  Last read position: chr6:30,520,538
INFO	2016-05-16 04:00:10	AddOrReplaceReadGroups	Processed    36,000,000 records.  Elapsed time: 00:20:22s.  Time for last 1,000,000:  267s.  Last read position: chr6:37,186,322
INFO	2016-05-16 04:00:29	AddOrReplaceReadGroups	Processed    37,000,000 records.  Elapsed time: 00:20:41s.  Time for last 1,000,000:   18s.  Last read position: chr6:58,778,432
INFO	2016-05-16 04:03:38	AddOrReplaceReadGroups	Processed    38,000,000 records.  Elapsed time: 00:23:51s.  Time for last 1,000,000:  189s.  Last read position: chr6:110,935,701
INFO	2016-05-16 04:03:55	AddOrReplaceReadGroups	Processed    39,000,000 records.  Elapsed time: 00:24:07s.  Time for last 1,000,000:   16s.  Last read position: chr6:150,157,141
INFO	2016-05-16 04:04:26	AddOrReplaceReadGroups	Processed    40,000,000 records.  Elapsed time: 00:24:39s.  Time for last 1,000,000:   31s.  Last read position: chr7:6,628,354
INFO	2016-05-16 04:04:45	AddOrReplaceReadGroups	Processed    41,000,000 records.  Elapsed time: 00:24:57s.  Time for last 1,000,000:   18s.  Last read position: chr7:45,704,052
INFO	2016-05-16 04:05:01	AddOrReplaceReadGroups	Processed    42,000,000 records.  Elapsed time: 00:25:13s.  Time for last 1,000,000:   16s.  Last read position: chr7:92,885,832
INFO	2016-05-16 04:05:14	AddOrReplaceReadGroups	Processed    43,000,000 records.  Elapsed time: 00:25:26s.  Time for last 1,000,000:   12s.  Last read position: chr7:110,603,029
INFO	2016-05-16 04:05:33	AddOrReplaceReadGroups	Processed    44,000,000 records.  Elapsed time: 00:25:45s.  Time for last 1,000,000:   18s.  Last read position: chr7:142,045,898
INFO	2016-05-16 04:05:46	AddOrReplaceReadGroups	Processed    45,000,000 records.  Elapsed time: 00:25:58s.  Time for last 1,000,000:   13s.  Last read position: chr8:15,480,550
INFO	2016-05-16 04:06:03	AddOrReplaceReadGroups	Processed    46,000,000 records.  Elapsed time: 00:26:15s.  Time for last 1,000,000:   17s.  Last read position: chr8:42,587,434
INFO	2016-05-16 04:06:17	AddOrReplaceReadGroups	Processed    47,000,000 records.  Elapsed time: 00:26:29s.  Time for last 1,000,000:   13s.  Last read position: chr8:95,888,260
INFO	2016-05-16 04:06:35	AddOrReplaceReadGroups	Processed    48,000,000 records.  Elapsed time: 00:26:47s.  Time for last 1,000,000:   18s.  Last read position: chr8:143,426,994
INFO	2016-05-16 04:06:54	AddOrReplaceReadGroups	Processed    49,000,000 records.  Elapsed time: 00:27:06s.  Time for last 1,000,000:   18s.  Last read position: chr9:32,544,017
INFO	2016-05-16 04:07:08	AddOrReplaceReadGroups	Processed    50,000,000 records.  Elapsed time: 00:27:20s.  Time for last 1,000,000:   14s.  Last read position: chr9:89,249,585
INFO	2016-05-16 04:07:23	AddOrReplaceReadGroups	Processed    51,000,000 records.  Elapsed time: 00:27:35s.  Time for last 1,000,000:   14s.  Last read position: chr9:116,931,543
INFO	2016-05-16 04:07:51	AddOrReplaceReadGroups	Processed    52,000,000 records.  Elapsed time: 00:28:04s.  Time for last 1,000,000:   28s.  Last read position: chr9:135,144,914
INFO	2016-05-16 04:08:08	AddOrReplaceReadGroups	Processed    53,000,000 records.  Elapsed time: 00:28:20s.  Time for last 1,000,000:   16s.  Last read position: chr10:13,699,291
INFO	2016-05-16 04:08:21	AddOrReplaceReadGroups	Processed    54,000,000 records.  Elapsed time: 00:28:33s.  Time for last 1,000,000:   13s.  Last read position: chr10:55,590,802
INFO	2016-05-16 04:08:38	AddOrReplaceReadGroups	Processed    55,000,000 records.  Elapsed time: 00:28:50s.  Time for last 1,000,000:   17s.  Last read position: chr10:90,562,686
INFO	2016-05-16 04:08:54	AddOrReplaceReadGroups	Processed    56,000,000 records.  Elapsed time: 00:29:06s.  Time for last 1,000,000:   16s.  Last read position: chr10:106,116,643
INFO	2016-05-16 04:09:11	AddOrReplaceReadGroups	Processed    57,000,000 records.  Elapsed time: 00:29:23s.  Time for last 1,000,000:   17s.  Last read position: chr11:558,792
INFO	2016-05-16 04:09:24	AddOrReplaceReadGroups	Processed    58,000,000 records.  Elapsed time: 00:29:36s.  Time for last 1,000,000:   12s.  Last read position: chr11:10,823,134
INFO	2016-05-16 04:09:43	AddOrReplaceReadGroups	Processed    59,000,000 records.  Elapsed time: 00:29:55s.  Time for last 1,000,000:   18s.  Last read position: chr11:47,304,075
INFO	2016-05-16 04:09:56	AddOrReplaceReadGroups	Processed    60,000,000 records.  Elapsed time: 00:30:08s.  Time for last 1,000,000:   13s.  Last read position: chr11:63,987,215
INFO	2016-05-16 04:10:17	AddOrReplaceReadGroups	Processed    61,000,000 records.  Elapsed time: 00:30:29s.  Time for last 1,000,000:   21s.  Last read position: chr11:72,613,698
INFO	2016-05-16 04:10:30	AddOrReplaceReadGroups	Processed    62,000,000 records.  Elapsed time: 00:30:43s.  Time for last 1,000,000:   13s.  Last read position: chr11:108,216,463
INFO	2016-05-16 04:10:50	AddOrReplaceReadGroups	Processed    63,000,000 records.  Elapsed time: 00:31:03s.  Time for last 1,000,000:   20s.  Last read position: chr11:126,163,508
INFO	2016-05-16 04:11:04	AddOrReplaceReadGroups	Processed    64,000,000 records.  Elapsed time: 00:31:16s.  Time for last 1,000,000:   13s.  Last read position: chr12:11,904,917
INFO	2016-05-16 04:11:24	AddOrReplaceReadGroups	Processed    65,000,000 records.  Elapsed time: 00:31:36s.  Time for last 1,000,000:   20s.  Last read position: chr12:49,364,049
INFO	2016-05-16 04:11:37	AddOrReplaceReadGroups	Processed    66,000,000 records.  Elapsed time: 00:31:50s.  Time for last 1,000,000:   13s.  Last read position: chr12:57,396,806
INFO	2016-05-16 04:11:55	AddOrReplaceReadGroups	Processed    67,000,000 records.  Elapsed time: 00:32:08s.  Time for last 1,000,000:   17s.  Last read position: chr12:96,310,887
INFO	2016-05-16 04:12:09	AddOrReplaceReadGroups	Processed    68,000,000 records.  Elapsed time: 00:32:21s.  Time for last 1,000,000:   13s.  Last read position: chr12:119,909,896
INFO	2016-05-16 04:12:29	AddOrReplaceReadGroups	Processed    69,000,000 records.  Elapsed time: 00:32:42s.  Time for last 1,000,000:   20s.  Last read position: chr13:25,840,238
INFO	2016-05-16 04:12:43	AddOrReplaceReadGroups	Processed    70,000,000 records.  Elapsed time: 00:32:56s.  Time for last 1,000,000:   13s.  Last read position: chr13:75,930,206
INFO	2016-05-16 04:13:02	AddOrReplaceReadGroups	Processed    71,000,000 records.  Elapsed time: 00:33:14s.  Time for last 1,000,000:   18s.  Last read position: chr14:21,943,030
INFO	2016-05-16 04:13:17	AddOrReplaceReadGroups	Processed    72,000,000 records.  Elapsed time: 00:33:29s.  Time for last 1,000,000:   14s.  Last read position: chr14:51,372,060
INFO	2016-05-16 04:13:35	AddOrReplaceReadGroups	Processed    73,000,000 records.  Elapsed time: 00:33:48s.  Time for last 1,000,000:   18s.  Last read position: chr14:76,186,082
INFO	2016-05-16 04:13:51	AddOrReplaceReadGroups	Processed    74,000,000 records.  Elapsed time: 00:34:03s.  Time for last 1,000,000:   15s.  Last read position: chr14:105,406,568
INFO	2016-05-16 04:14:07	AddOrReplaceReadGroups	Processed    75,000,000 records.  Elapsed time: 00:34:19s.  Time for last 1,000,000:   16s.  Last read position: chr15:42,360,812
INFO	2016-05-16 04:14:20	AddOrReplaceReadGroups	Processed    76,000,000 records.  Elapsed time: 00:34:33s.  Time for last 1,000,000:   13s.  Last read position: chr15:62,994,876
INFO	2016-05-16 04:14:37	AddOrReplaceReadGroups	Processed    77,000,000 records.  Elapsed time: 00:34:50s.  Time for last 1,000,000:   16s.  Last read position: chr15:81,644,075
INFO	2016-05-16 04:14:52	AddOrReplaceReadGroups	Processed    78,000,000 records.  Elapsed time: 00:35:04s.  Time for last 1,000,000:   14s.  Last read position: chr16:1,718,991
INFO	2016-05-16 04:15:06	AddOrReplaceReadGroups	Processed    79,000,000 records.  Elapsed time: 00:35:19s.  Time for last 1,000,000:   14s.  Last read position: chr16:20,873,410
INFO	2016-05-16 04:15:21	AddOrReplaceReadGroups	Processed    80,000,000 records.  Elapsed time: 00:35:33s.  Time for last 1,000,000:   14s.  Last read position: chr16:48,227,883
INFO	2016-05-16 04:15:43	AddOrReplaceReadGroups	Processed    81,000,000 records.  Elapsed time: 00:35:55s.  Time for last 1,000,000:   21s.  Last read position: chr16:70,316,528
INFO	2016-05-16 04:15:58	AddOrReplaceReadGroups	Processed    82,000,000 records.  Elapsed time: 00:36:10s.  Time for last 1,000,000:   14s.  Last read position: chr17:1,382,853
INFO	2016-05-16 04:16:12	AddOrReplaceReadGroups	Processed    83,000,000 records.  Elapsed time: 00:36:24s.  Time for last 1,000,000:   14s.  Last read position: chr17:8,168,859
INFO	2016-05-16 04:16:26	AddOrReplaceReadGroups	Processed    84,000,000 records.  Elapsed time: 00:36:39s.  Time for last 1,000,000:   14s.  Last read position: chr17:27,904,645
INFO	2016-05-16 04:16:39	AddOrReplaceReadGroups	Processed    85,000,000 records.  Elapsed time: 00:36:52s.  Time for last 1,000,000:   13s.  Last read position: chr17:40,312,203
INFO	2016-05-16 04:16:53	AddOrReplaceReadGroups	Processed    86,000,000 records.  Elapsed time: 00:37:05s.  Time for last 1,000,000:   13s.  Last read position: chr17:54,990,842
INFO	2016-05-16 04:17:14	AddOrReplaceReadGroups	Processed    87,000,000 records.  Elapsed time: 00:37:27s.  Time for last 1,000,000:   21s.  Last read position: chr17:73,499,786
INFO	2016-05-16 04:17:29	AddOrReplaceReadGroups	Processed    88,000,000 records.  Elapsed time: 00:37:42s.  Time for last 1,000,000:   15s.  Last read position: chr18:7,015,861
INFO	2016-05-16 04:17:43	AddOrReplaceReadGroups	Processed    89,000,000 records.  Elapsed time: 00:37:56s.  Time for last 1,000,000:   14s.  Last read position: chr18:51,748,768
INFO	2016-05-16 04:17:59	AddOrReplaceReadGroups	Processed    90,000,000 records.  Elapsed time: 00:38:11s.  Time for last 1,000,000:   15s.  Last read position: chr19:4,171,610
INFO	2016-05-16 04:18:16	AddOrReplaceReadGroups	Processed    91,000,000 records.  Elapsed time: 00:38:29s.  Time for last 1,000,000:   17s.  Last read position: chr19:11,470,228
INFO	2016-05-16 04:18:32	AddOrReplaceReadGroups	Processed    92,000,000 records.  Elapsed time: 00:38:44s.  Time for last 1,000,000:   15s.  Last read position: chr19:19,162,701
INFO	2016-05-16 04:18:49	AddOrReplaceReadGroups	Processed    93,000,000 records.  Elapsed time: 00:39:01s.  Time for last 1,000,000:   16s.  Last read position: chr19:39,443,383
INFO	2016-05-16 04:19:05	AddOrReplaceReadGroups	Processed    94,000,000 records.  Elapsed time: 00:39:18s.  Time for last 1,000,000:   16s.  Last read position: chr19:47,548,312
INFO	2016-05-16 04:19:30	AddOrReplaceReadGroups	Processed    95,000,000 records.  Elapsed time: 00:39:42s.  Time for last 1,000,000:   24s.  Last read position: chr19:54,781,727
INFO	2016-05-16 04:19:46	AddOrReplaceReadGroups	Processed    96,000,000 records.  Elapsed time: 00:39:58s.  Time for last 1,000,000:   16s.  Last read position: chr20:5,927,046
INFO	2016-05-16 04:20:00	AddOrReplaceReadGroups	Processed    97,000,000 records.  Elapsed time: 00:40:12s.  Time for last 1,000,000:   14s.  Last read position: chr20:35,882,641
INFO	2016-05-16 04:20:21	AddOrReplaceReadGroups	Processed    98,000,000 records.  Elapsed time: 00:40:33s.  Time for last 1,000,000:   20s.  Last read position: chr20:60,776,207
INFO	2016-05-16 04:20:36	AddOrReplaceReadGroups	Processed    99,000,000 records.  Elapsed time: 00:40:48s.  Time for last 1,000,000:   14s.  Last read position: chr21:43,133,018
INFO	2016-05-16 04:20:50	AddOrReplaceReadGroups	Processed   100,000,000 records.  Elapsed time: 00:41:02s.  Time for last 1,000,000:   14s.  Last read position: chr22:25,124,278
INFO	2016-05-16 04:21:03	AddOrReplaceReadGroups	Processed   101,000,000 records.  Elapsed time: 00:41:16s.  Time for last 1,000,000:   13s.  Last read position: chr22:41,077,753
INFO	2016-05-16 04:21:26	AddOrReplaceReadGroups	Processed   102,000,000 records.  Elapsed time: 00:41:38s.  Time for last 1,000,000:   22s.  Last read position: chrX:16,888,191
INFO	2016-05-16 04:21:39	AddOrReplaceReadGroups	Processed   103,000,000 records.  Elapsed time: 00:41:52s.  Time for last 1,000,000:   13s.  Last read position: chrX:49,432,846
INFO	2016-05-16 04:21:56	AddOrReplaceReadGroups	Processed   104,000,000 records.  Elapsed time: 00:42:09s.  Time for last 1,000,000:   17s.  Last read position: chrX:84,475,652
INFO	2016-05-16 04:22:10	AddOrReplaceReadGroups	Processed   105,000,000 records.  Elapsed time: 00:42:22s.  Time for last 1,000,000:   13s.  Last read position: chrX:129,519,287
INFO	2016-05-16 04:22:28	AddOrReplaceReadGroups	Processed   106,000,000 records.  Elapsed time: 00:42:41s.  Time for last 1,000,000:   18s.  Last read position: */*
[Mon May 16 04:22:32 EDT 2016] picard.sam.AddOrReplaceReadGroups done. Elapsed time: 42.83 minutes.
Runtime.totalMemory()=432537600
[Mon May 16 04:22:34 EDT 2016] picard.sam.FixMateInformation INPUT=[p_DS_bkm_105-N/p_DS_bkm_105-N.sorted.MarkDup.fixed.bam] OUTPUT=p_DS_bkm_105-N/p_DS_bkm_105-N.sorted.MarkDup.realn.fixed.bam SORT_ORDER=coordinate TMP_DIR=[tmp/flx] VALIDATION_STRINGENCY=LENIENT CREATE_INDEX=true    ASSUME_SORTED=false ADD_MATE_CIGAR=true IGNORE_MISSING_MATES=true VERBOSITY=INFO QUIET=false COMPRESSION_LEVEL=5 MAX_RECORDS_IN_RAM=500000 CREATE_MD5_FILE=false GA4GH_CLIENT_SECRETS=client_secrets.json
[Mon May 16 04:22:34 EDT 2016] Executing as abdelrahman@compute-1-2.local on Linux 2.6.32-279.14.1.el6.x86_64 amd64; Java HotSpot(TM) 64-Bit Server VM 1.8.0_45-b14; Picard version: 2.3.0(9a00c87b7ffdb01cfb5a0d6e76556146196babb8_1463071327) IntelDeflater
INFO	2016-05-16 04:22:35	FixMateInformation	Sorting input into queryname order.
INFO	2016-05-16 04:52:22	FixMateInformation	Sorting by queryname complete.
INFO	2016-05-16 04:52:22	FixMateInformation	Output will be sorted by coordinate
INFO	2016-05-16 04:52:22	FixMateInformation	Traversing query name sorted records and fixing up mate pair information.
INFO	2016-05-16 04:52:58	FixMateInformation	Processed     1,000,000 records.  Elapsed time: 00:00:35s.  Time for last 1,000,000:   35s.  Last read position: chr16:20,818,135
INFO	2016-05-16 04:53:15	FixMateInformation	Processed     2,000,000 records.  Elapsed time: 00:00:52s.  Time for last 1,000,000:   16s.  Last read position: chr14:47,600,879
INFO	2016-05-16 04:53:36	FixMateInformation	Processed     3,000,000 records.  Elapsed time: 00:01:13s.  Time for last 1,000,000:   20s.  Last read position: chrX:11,316,405
INFO	2016-05-16 04:53:56	FixMateInformation	Processed     4,000,000 records.  Elapsed time: 00:01:34s.  Time for last 1,000,000:   20s.  Last read position: chr7:48,045,529
INFO	2016-05-16 04:54:16	FixMateInformation	Processed     5,000,000 records.  Elapsed time: 00:01:53s.  Time for last 1,000,000:   19s.  Last read position: chr2:212,522,473
INFO	2016-05-16 04:54:32	FixMateInformation	Processed     6,000,000 records.  Elapsed time: 00:02:09s.  Time for last 1,000,000:   15s.  Last read position: chr19:52,002,566
INFO	2016-05-16 04:54:50	FixMateInformation	Processed     7,000,000 records.  Elapsed time: 00:02:28s.  Time for last 1,000,000:   18s.  Last read position: chr8:143,823,750
INFO	2016-05-16 04:55:07	FixMateInformation	Processed     8,000,000 records.  Elapsed time: 00:02:44s.  Time for last 1,000,000:   16s.  Last read position: chr14:24,680,698
INFO	2016-05-16 04:55:27	FixMateInformation	Processed     9,000,000 records.  Elapsed time: 00:03:04s.  Time for last 1,000,000:   19s.  Last read position: chr6:86,324,532
INFO	2016-05-16 04:55:42	FixMateInformation	Processed    10,000,000 records.  Elapsed time: 00:03:20s.  Time for last 1,000,000:   15s.  Last read position: chr10:105,209,050
INFO	2016-05-16 04:56:02	FixMateInformation	Processed    11,000,000 records.  Elapsed time: 00:03:39s.  Time for last 1,000,000:   19s.  Last read position: chr16:67,272,755
INFO	2016-05-16 04:56:24	FixMateInformation	Processed    12,000,000 records.  Elapsed time: 00:04:01s.  Time for last 1,000,000:   22s.  Last read position: chr12:85,260,864
INFO	2016-05-16 04:56:39	FixMateInformation	Processed    13,000,000 records.  Elapsed time: 00:04:16s.  Time for last 1,000,000:   14s.  Last read position: chr1:23,101,588
INFO	2016-05-16 04:56:56	FixMateInformation	Processed    14,000,000 records.  Elapsed time: 00:04:33s.  Time for last 1,000,000:   16s.  Last read position: chr5:36,251,476
INFO	2016-05-16 04:57:13	FixMateInformation	Processed    15,000,000 records.  Elapsed time: 00:04:50s.  Time for last 1,000,000:   16s.  Last read position: chrX:35,780,554
INFO	2016-05-16 04:57:37	FixMateInformation	Processed    16,000,000 records.  Elapsed time: 00:05:14s.  Time for last 1,000,000:   23s.  Last read position: chr11:7,438,977
INFO	2016-05-16 04:58:01	FixMateInformation	Processed    17,000,000 records.  Elapsed time: 00:05:38s.  Time for last 1,000,000:   23s.  Last read position: chr12:7,052,643
INFO	2016-05-16 04:58:17	FixMateInformation	Processed    18,000,000 records.  Elapsed time: 00:05:55s.  Time for last 1,000,000:   16s.  Last read position: chr22:21,351,057
INFO	2016-05-16 04:58:39	FixMateInformation	Processed    19,000,000 records.  Elapsed time: 00:06:17s.  Time for last 1,000,000:   21s.  Last read position: chr8:27,622,633
INFO	2016-05-16 04:59:01	FixMateInformation	Processed    20,000,000 records.  Elapsed time: 00:06:38s.  Time for last 1,000,000:   21s.  Last read position: chr6:56,438,490
INFO	2016-05-16 04:59:22	FixMateInformation	Processed    21,000,000 records.  Elapsed time: 00:06:59s.  Time for last 1,000,000:   21s.  Last read position: chr17:37,619,493
INFO	2016-05-16 04:59:38	FixMateInformation	Processed    22,000,000 records.  Elapsed time: 00:07:15s.  Time for last 1,000,000:   16s.  Last read position: chr12:49,446,289
INFO	2016-05-16 04:59:54	FixMateInformation	Processed    23,000,000 records.  Elapsed time: 00:07:31s.  Time for last 1,000,000:   15s.  Last read position: chr9:35,739,325
INFO	2016-05-16 05:00:12	FixMateInformation	Processed    24,000,000 records.  Elapsed time: 00:07:49s.  Time for last 1,000,000:   18s.  Last read position: chr12:108,675,208
INFO	2016-05-16 05:00:27	FixMateInformation	Processed    25,000,000 records.  Elapsed time: 00:08:04s.  Time for last 1,000,000:   15s.  Last read position: chr3:138,695,743
INFO	2016-05-16 05:00:45	FixMateInformation	Processed    26,000,000 records.  Elapsed time: 00:08:23s.  Time for last 1,000,000:   18s.  Last read position: chr11:15,257,143
INFO	2016-05-16 05:01:02	FixMateInformation	Processed    27,000,000 records.  Elapsed time: 00:08:39s.  Time for last 1,000,000:   16s.  Last read position: chr17:9,791,075
INFO	2016-05-16 05:01:19	FixMateInformation	Processed    28,000,000 records.  Elapsed time: 00:08:56s.  Time for last 1,000,000:   16s.  Last read position: chr7:134,135,817
INFO	2016-05-16 05:01:36	FixMateInformation	Processed    29,000,000 records.  Elapsed time: 00:09:14s.  Time for last 1,000,000:   17s.  Last read position: chr19:5,908,870
INFO	2016-05-16 05:01:56	FixMateInformation	Processed    30,000,000 records.  Elapsed time: 00:09:33s.  Time for last 1,000,000:   19s.  Last read position: chr16:25,266,734
INFO	2016-05-16 05:02:15	FixMateInformation	Processed    31,000,000 records.  Elapsed time: 00:09:52s.  Time for last 1,000,000:   19s.  Last read position: chr22:39,822,641
INFO	2016-05-16 05:02:34	FixMateInformation	Processed    32,000,000 records.  Elapsed time: 00:10:11s.  Time for last 1,000,000:   18s.  Last read position: chr14:100,431,588
INFO	2016-05-16 05:02:50	FixMateInformation	Processed    33,000,000 records.  Elapsed time: 00:10:28s.  Time for last 1,000,000:   16s.  Last read position: chrX:154,129,632
INFO	2016-05-16 05:03:06	FixMateInformation	Processed    34,000,000 records.  Elapsed time: 00:10:43s.  Time for last 1,000,000:   15s.  Last read position: chr2:11,593,746
INFO	2016-05-16 05:03:26	FixMateInformation	Processed    35,000,000 records.  Elapsed time: 00:11:03s.  Time for last 1,000,000:   20s.  Last read position: chr3:124,515,574
INFO	2016-05-16 05:03:45	FixMateInformation	Processed    36,000,000 records.  Elapsed time: 00:11:22s.  Time for last 1,000,000:   18s.  Last read position: chrX:31,496,366
INFO	2016-05-16 05:04:06	FixMateInformation	Processed    37,000,000 records.  Elapsed time: 00:11:43s.  Time for last 1,000,000:   21s.  Last read position: chr12:95,611,630
INFO	2016-05-16 05:04:29	FixMateInformation	Processed    38,000,000 records.  Elapsed time: 00:12:06s.  Time for last 1,000,000:   22s.  Last read position: chr17:43,481,722
INFO	2016-05-16 05:04:55	FixMateInformation	Processed    39,000,000 records.  Elapsed time: 00:12:32s.  Time for last 1,000,000:   25s.  Last read position: chr7:134,632,458
INFO	2016-05-16 05:05:15	FixMateInformation	Processed    40,000,000 records.  Elapsed time: 00:12:52s.  Time for last 1,000,000:   20s.  Last read position: chr15:102,248,942
INFO	2016-05-16 05:05:39	FixMateInformation	Processed    41,000,000 records.  Elapsed time: 00:13:17s.  Time for last 1,000,000:   24s.  Last read position: chr17:56,405,106
INFO	2016-05-16 05:06:08	FixMateInformation	Processed    42,000,000 records.  Elapsed time: 00:13:45s.  Time for last 1,000,000:   28s.  Last read position: chr17:72,245,948
INFO	2016-05-16 05:06:28	FixMateInformation	Processed    43,000,000 records.  Elapsed time: 00:14:05s.  Time for last 1,000,000:   19s.  Last read position: chr5:16,142,721
INFO	2016-05-16 05:06:46	FixMateInformation	Processed    44,000,000 records.  Elapsed time: 00:14:23s.  Time for last 1,000,000:   17s.  Last read position: chr1:201,777,152
INFO	2016-05-16 05:07:06	FixMateInformation	Processed    45,000,000 records.  Elapsed time: 00:14:43s.  Time for last 1,000,000:   20s.  Last read position: chr2:160,889,554
INFO	2016-05-16 05:07:30	FixMateInformation	Processed    46,000,000 records.  Elapsed time: 00:15:07s.  Time for last 1,000,000:   23s.  Last read position: chr6:157,502,251
INFO	2016-05-16 05:07:50	FixMateInformation	Processed    47,000,000 records.  Elapsed time: 00:15:27s.  Time for last 1,000,000:   20s.  Last read position: chr19:6,141,543
INFO	2016-05-16 05:08:09	FixMateInformation	Processed    48,000,000 records.  Elapsed time: 00:15:46s.  Time for last 1,000,000:   19s.  Last read position: chr7:158,789,157
INFO	2016-05-16 05:08:33	FixMateInformation	Processed    49,000,000 records.  Elapsed time: 00:16:10s.  Time for last 1,000,000:   23s.  Last read position: chr18:77,921,032
INFO	2016-05-16 05:08:52	FixMateInformation	Processed    50,000,000 records.  Elapsed time: 00:16:30s.  Time for last 1,000,000:   19s.  Last read position: chr9:36,211,561
INFO	2016-05-16 05:09:13	FixMateInformation	Processed    51,000,000 records.  Elapsed time: 00:16:51s.  Time for last 1,000,000:   21s.  Last read position: chrX:107,037,944
INFO	2016-05-16 05:09:36	FixMateInformation	Processed    52,000,000 records.  Elapsed time: 00:17:13s.  Time for last 1,000,000:   22s.  Last read position: chr5:101,574,943
INFO	2016-05-16 05:10:00	FixMateInformation	Processed    53,000,000 records.  Elapsed time: 00:17:37s.  Time for last 1,000,000:   23s.  Last read position: chr6:17,669,937
INFO	2016-05-16 05:10:21	FixMateInformation	Processed    54,000,000 records.  Elapsed time: 00:17:58s.  Time for last 1,000,000:   21s.  Last read position: chr1:182,517,417
INFO	2016-05-16 05:10:41	FixMateInformation	Processed    55,000,000 records.  Elapsed time: 00:18:18s.  Time for last 1,000,000:   19s.  Last read position: chr11:65,063,480
INFO	2016-05-16 05:11:00	FixMateInformation	Processed    56,000,000 records.  Elapsed time: 00:18:37s.  Time for last 1,000,000:   19s.  Last read position: chr13:96,642,300
INFO	2016-05-16 05:11:19	FixMateInformation	Processed    57,000,000 records.  Elapsed time: 00:18:56s.  Time for last 1,000,000:   18s.  Last read position: chr9:125,377,282
INFO	2016-05-16 05:11:39	FixMateInformation	Processed    58,000,000 records.  Elapsed time: 00:19:16s.  Time for last 1,000,000:   19s.  Last read position: chr3:20,189,975
INFO	2016-05-16 05:11:54	FixMateInformation	Processed    59,000,000 records.  Elapsed time: 00:19:31s.  Time for last 1,000,000:   14s.  Last read position: chr12:133,251,959
INFO	2016-05-16 05:12:14	FixMateInformation	Processed    60,000,000 records.  Elapsed time: 00:19:51s.  Time for last 1,000,000:   20s.  Last read position: */*
INFO	2016-05-16 05:12:31	FixMateInformation	Processed    61,000,000 records.  Elapsed time: 00:20:08s.  Time for last 1,000,000:   17s.  Last read position: chr2:54,483,123
INFO	2016-05-16 05:12:54	FixMateInformation	Processed    62,000,000 records.  Elapsed time: 00:20:32s.  Time for last 1,000,000:   23s.  Last read position: chr5:176,696,771
INFO	2016-05-16 05:13:16	FixMateInformation	Processed    63,000,000 records.  Elapsed time: 00:20:53s.  Time for last 1,000,000:   21s.  Last read position: chr1:1,900,101
INFO	2016-05-16 05:13:35	FixMateInformation	Processed    64,000,000 records.  Elapsed time: 00:21:12s.  Time for last 1,000,000:   18s.  Last read position: chr22:47,058,976
INFO	2016-05-16 05:13:57	FixMateInformation	Processed    65,000,000 records.  Elapsed time: 00:21:35s.  Time for last 1,000,000:   22s.  Last read position: chr13:113,622,827
INFO	2016-05-16 05:14:14	FixMateInformation	Processed    66,000,000 records.  Elapsed time: 00:21:51s.  Time for last 1,000,000:   16s.  Last read position: chrX:153,197,822
INFO	2016-05-16 05:14:32	FixMateInformation	Processed    67,000,000 records.  Elapsed time: 00:22:09s.  Time for last 1,000,000:   18s.  Last read position: chr1:22,175,020
INFO	2016-05-16 05:14:51	FixMateInformation	Processed    68,000,000 records.  Elapsed time: 00:22:28s.  Time for last 1,000,000:   18s.  Last read position: chr20:62,489,013
INFO	2016-05-16 05:15:11	FixMateInformation	Processed    69,000,000 records.  Elapsed time: 00:22:48s.  Time for last 1,000,000:   19s.  Last read position: chr8:67,546,749
INFO	2016-05-16 05:15:34	FixMateInformation	Processed    70,000,000 records.  Elapsed time: 00:23:11s.  Time for last 1,000,000:   23s.  Last read position: chr20:57,599,029
INFO	2016-05-16 05:15:50	FixMateInformation	Processed    71,000,000 records.  Elapsed time: 00:23:27s.  Time for last 1,000,000:   15s.  Last read position: chr12:53,002,019
INFO	2016-05-16 05:16:06	FixMateInformation	Processed    72,000,000 records.  Elapsed time: 00:23:43s.  Time for last 1,000,000:   16s.  Last read position: chr12:56,755,216
INFO	2016-05-16 05:16:24	FixMateInformation	Processed    73,000,000 records.  Elapsed time: 00:24:01s.  Time for last 1,000,000:   17s.  Last read position: chr1:26,877,914
INFO	2016-05-16 05:16:41	FixMateInformation	Processed    74,000,000 records.  Elapsed time: 00:24:18s.  Time for last 1,000,000:   16s.  Last read position: chr1:10,342,331
INFO	2016-05-16 05:16:56	FixMateInformation	Processed    75,000,000 records.  Elapsed time: 00:24:33s.  Time for last 1,000,000:   15s.  Last read position: chr14:60,622,912
INFO	2016-05-16 05:17:15	FixMateInformation	Processed    76,000,000 records.  Elapsed time: 00:24:52s.  Time for last 1,000,000:   19s.  Last read position: chr1:85,096,373
INFO	2016-05-16 05:17:33	FixMateInformation	Processed    77,000,000 records.  Elapsed time: 00:25:10s.  Time for last 1,000,000:   17s.  Last read position: chr3:4,810,355
INFO	2016-05-16 05:17:51	FixMateInformation	Processed    78,000,000 records.  Elapsed time: 00:25:28s.  Time for last 1,000,000:   18s.  Last read position: chr17:4,498,521
INFO	2016-05-16 05:18:08	FixMateInformation	Processed    79,000,000 records.  Elapsed time: 00:25:45s.  Time for last 1,000,000:   16s.  Last read position: chr8:81,397,922
INFO	2016-05-16 05:18:26	FixMateInformation	Processed    80,000,000 records.  Elapsed time: 00:26:03s.  Time for last 1,000,000:   18s.  Last read position: chr1:44,994,342
INFO	2016-05-16 05:18:44	FixMateInformation	Processed    81,000,000 records.  Elapsed time: 00:26:22s.  Time for last 1,000,000:   18s.  Last read position: chr3:159,998,595
INFO	2016-05-16 05:19:02	FixMateInformation	Processed    82,000,000 records.  Elapsed time: 00:26:39s.  Time for last 1,000,000:   17s.  Last read position: chr2:102,804,340
INFO	2016-05-16 05:19:18	FixMateInformation	Processed    83,000,000 records.  Elapsed time: 00:26:56s.  Time for last 1,000,000:   16s.  Last read position: chrX:153,736,919
INFO	2016-05-16 05:19:41	FixMateInformation	Processed    84,000,000 records.  Elapsed time: 00:27:19s.  Time for last 1,000,000:   23s.  Last read position: chr19:37,117,048
INFO	2016-05-16 05:20:02	FixMateInformation	Processed    85,000,000 records.  Elapsed time: 00:27:40s.  Time for last 1,000,000:   20s.  Last read position: chr17:79,164,667
INFO	2016-05-16 05:20:19	FixMateInformation	Processed    86,000,000 records.  Elapsed time: 00:27:56s.  Time for last 1,000,000:   16s.  Last read position: chr6:27,834,742
INFO	2016-05-16 05:20:40	FixMateInformation	Processed    87,000,000 records.  Elapsed time: 00:28:17s.  Time for last 1,000,000:   21s.  Last read position: chrX:70,443,679
INFO	2016-05-16 05:20:57	FixMateInformation	Processed    88,000,000 records.  Elapsed time: 00:28:34s.  Time for last 1,000,000:   16s.  Last read position: chr19:38,851,283
INFO	2016-05-16 05:21:16	FixMateInformation	Processed    89,000,000 records.  Elapsed time: 00:28:53s.  Time for last 1,000,000:   19s.  Last read position: chr16:3,025,462
INFO	2016-05-16 05:21:34	FixMateInformation	Processed    90,000,000 records.  Elapsed time: 00:29:11s.  Time for last 1,000,000:   17s.  Last read position: chr4:1,317,346
INFO	2016-05-16 05:21:51	FixMateInformation	Processed    91,000,000 records.  Elapsed time: 00:29:29s.  Time for last 1,000,000:   17s.  Last read position: chr4:123,175,440
INFO	2016-05-16 05:22:08	FixMateInformation	Processed    92,000,000 records.  Elapsed time: 00:29:45s.  Time for last 1,000,000:   16s.  Last read position: chr21:46,934,910
INFO	2016-05-16 05:22:25	FixMateInformation	Processed    93,000,000 records.  Elapsed time: 00:30:02s.  Time for last 1,000,000:   16s.  Last read position: chr3:51,752,118
INFO	2016-05-16 05:22:46	FixMateInformation	Processed    94,000,000 records.  Elapsed time: 00:30:23s.  Time for last 1,000,000:   20s.  Last read position: chr16:58,149,850
INFO	2016-05-16 05:23:02	FixMateInformation	Processed    95,000,000 records.  Elapsed time: 00:30:39s.  Time for last 1,000,000:   16s.  Last read position: chr19:50,938,404
INFO	2016-05-16 05:23:21	FixMateInformation	Processed    96,000,000 records.  Elapsed time: 00:30:58s.  Time for last 1,000,000:   19s.  Last read position: chr6:90,437,641
INFO	2016-05-16 05:23:40	FixMateInformation	Processed    97,000,000 records.  Elapsed time: 00:31:17s.  Time for last 1,000,000:   18s.  Last read position: chr10:93,582,150
INFO	2016-05-16 05:23:55	FixMateInformation	Processed    98,000,000 records.  Elapsed time: 00:31:32s.  Time for last 1,000,000:   15s.  Last read position: chr9:130,580,938
INFO	2016-05-16 05:24:11	FixMateInformation	Processed    99,000,000 records.  Elapsed time: 00:31:48s.  Time for last 1,000,000:   15s.  Last read position: chr6:80,744,981
INFO	2016-05-16 05:24:27	FixMateInformation	Processed   100,000,000 records.  Elapsed time: 00:32:04s.  Time for last 1,000,000:   15s.  Last read position: chr4:74,903,953
INFO	2016-05-16 05:24:43	FixMateInformation	Processed   101,000,000 records.  Elapsed time: 00:32:20s.  Time for last 1,000,000:   16s.  Last read position: chr12:50,345,027
INFO	2016-05-16 05:24:58	FixMateInformation	Processed   102,000,000 records.  Elapsed time: 00:32:35s.  Time for last 1,000,000:   14s.  Last read position: chr1:169,495,111
INFO	2016-05-16 05:25:16	FixMateInformation	Processed   103,000,000 records.  Elapsed time: 00:32:53s.  Time for last 1,000,000:   17s.  Last read position: chr1:35,559,661
INFO	2016-05-16 05:25:31	FixMateInformation	Processed   104,000,000 records.  Elapsed time: 00:33:08s.  Time for last 1,000,000:   15s.  Last read position: chr11:116,706,840
INFO	2016-05-16 05:25:46	FixMateInformation	Processed   105,000,000 records.  Elapsed time: 00:33:23s.  Time for last 1,000,000:   15s.  Last read position: chr17:15,138,647
INFO	2016-05-16 05:26:02	FixMateInformation	Processed   106,000,000 records.  Elapsed time: 00:33:39s.  Time for last 1,000,000:   15s.  Last read position: chr1:164,818,074
INFO	2016-05-16 05:26:19	FixMateInformation	Finished processing reads; re-sorting output file.
[Mon May 16 05:49:15 EDT 2016] picard.sam.FixMateInformation done. Elapsed time: 86.68 minutes.
Runtime.totalMemory()=1138229248
