[Sat May 14 22:06:49 EDT 2016] picard.sam.SortSam INPUT=p_DS_bkm_093-N.sam OUTPUT=p_DS_bkm_093-N/p_DS_bkm_093-N.sorted.bam SORT_ORDER=coordinate TMP_DIR=[tmp_WT] VALIDATION_STRINGENCY=LENIENT CREATE_INDEX=true    VERBOSITY=INFO QUIET=false COMPRESSION_LEVEL=5 MAX_RECORDS_IN_RAM=500000 CREATE_MD5_FILE=false GA4GH_CLIENT_SECRETS=client_secrets.json
[Sat May 14 22:06:49 EDT 2016] Executing as abdelrahman@compute-1-5.local on Linux 2.6.32-279.14.1.el6.x86_64 amd64; Java HotSpot(TM) 64-Bit Server VM 1.8.0_45-b14; Picard version: 2.3.0(9a00c87b7ffdb01cfb5a0d6e76556146196babb8_1463071327) IntelDeflater
INFO	2016-05-14 22:12:50	SortSam	Read    10,000,000 records.  Elapsed time: 00:05:59s.  Time for last 10,000,000:  358s.  Last read position: chr7:134,880,783
INFO	2016-05-14 22:18:58	SortSam	Read    20,000,000 records.  Elapsed time: 00:12:06s.  Time for last 10,000,000:  367s.  Last read position: chr3:123,401,012
INFO	2016-05-14 22:24:51	SortSam	Read    30,000,000 records.  Elapsed time: 00:18:00s.  Time for last 10,000,000:  353s.  Last read position: chr22:18,369,961
INFO	2016-05-14 22:31:06	SortSam	Read    40,000,000 records.  Elapsed time: 00:24:15s.  Time for last 10,000,000:  375s.  Last read position: chr12:50,284,340
INFO	2016-05-14 22:37:20	SortSam	Read    50,000,000 records.  Elapsed time: 00:30:28s.  Time for last 10,000,000:  373s.  Last read position: chr8:6,682,705
INFO	2016-05-14 22:43:15	SortSam	Read    60,000,000 records.  Elapsed time: 00:36:23s.  Time for last 10,000,000:  355s.  Last read position: chr7:111,387,276
INFO	2016-05-14 22:48:59	SortSam	Read    70,000,000 records.  Elapsed time: 00:42:07s.  Time for last 10,000,000:  343s.  Last read position: chr2:166,915,126
INFO	2016-05-14 22:54:35	SortSam	Read    80,000,000 records.  Elapsed time: 00:47:43s.  Time for last 10,000,000:  336s.  Last read position: chr18:34,415,243
INFO	2016-05-14 22:59:57	SortSam	Read    90,000,000 records.  Elapsed time: 00:53:05s.  Time for last 10,000,000:  321s.  Last read position: chr11:76,924,081
INFO	2016-05-14 23:06:06	SortSam	Read   100,000,000 records.  Elapsed time: 00:59:15s.  Time for last 10,000,000:  369s.  Last read position: chr3:195,517,168
INFO	2016-05-14 23:07:14	SortSam	Finished reading inputs, merging and writing to output now.
INFO	2016-05-14 23:10:52	SortSam	Wrote    10,000,000 records from a sorting collection.  Elapsed time: 01:04:00s.  Time for last 10,000,000:  158s.  Last read position: chr1:247,464,714
INFO	2016-05-14 23:13:16	SortSam	Wrote    20,000,000 records from a sorting collection.  Elapsed time: 01:06:25s.  Time for last 10,000,000:  144s.  Last read position: chr3:52,721,413
INFO	2016-05-14 23:15:29	SortSam	Wrote    30,000,000 records from a sorting collection.  Elapsed time: 01:08:37s.  Time for last 10,000,000:  132s.  Last read position: chr5:118,506,751
INFO	2016-05-14 23:17:34	SortSam	Wrote    40,000,000 records from a sorting collection.  Elapsed time: 01:10:43s.  Time for last 10,000,000:  125s.  Last read position: chr7:91,718,872
INFO	2016-05-14 23:19:46	SortSam	Wrote    50,000,000 records from a sorting collection.  Elapsed time: 01:12:55s.  Time for last 10,000,000:  131s.  Last read position: chr9:139,276,619
INFO	2016-05-14 23:22:24	SortSam	Wrote    60,000,000 records from a sorting collection.  Elapsed time: 01:15:32s.  Time for last 10,000,000:  157s.  Last read position: chr11:120,348,888
INFO	2016-05-14 23:24:31	SortSam	Wrote    70,000,000 records from a sorting collection.  Elapsed time: 01:17:40s.  Time for last 10,000,000:  127s.  Last read position: chr14:81,244,329
INFO	2016-05-14 23:26:30	SortSam	Wrote    80,000,000 records from a sorting collection.  Elapsed time: 01:19:38s.  Time for last 10,000,000:  118s.  Last read position: chr17:17,700,344
INFO	2016-05-14 23:29:10	SortSam	Wrote    90,000,000 records from a sorting collection.  Elapsed time: 01:22:19s.  Time for last 10,000,000:  160s.  Last read position: chr19:45,656,011
INFO	2016-05-14 23:31:09	SortSam	Wrote   100,000,000 records from a sorting collection.  Elapsed time: 01:24:17s.  Time for last 10,000,000:  118s.  Last read position: chrX:89,177,498
[Sat May 14 23:31:36 EDT 2016] picard.sam.SortSam done. Elapsed time: 84.78 minutes.
Runtime.totalMemory()=2144337920
[Sat May 14 23:31:37 EDT 2016] picard.sam.markduplicates.MarkDuplicates INPUT=[p_DS_bkm_093-N/p_DS_bkm_093-N.sorted.bam] OUTPUT=p_DS_bkm_093-N/p_DS_bkm_093-N.sorted.MarkDup.bam METRICS_FILE=MarkDup_metrics TMP_DIR=[tmp] VALIDATION_STRINGENCY=SILENT CREATE_INDEX=true    MAX_SEQUENCES_FOR_DISK_READ_ENDS_MAP=50000 MAX_FILE_HANDLES_FOR_READ_ENDS_MAP=8000 SORTING_COLLECTION_SIZE_RATIO=0.25 REMOVE_SEQUENCING_DUPLICATES=false TAGGING_POLICY=DontTag REMOVE_DUPLICATES=false ASSUME_SORTED=false DUPLICATE_SCORING_STRATEGY=SUM_OF_BASE_QUALITIES PROGRAM_RECORD_ID=MarkDuplicates PROGRAM_GROUP_NAME=MarkDuplicates READ_NAME_REGEX=<optimized capture of last three ':' separated fields as numeric values> OPTICAL_DUPLICATE_PIXEL_DISTANCE=100 VERBOSITY=INFO QUIET=false COMPRESSION_LEVEL=5 MAX_RECORDS_IN_RAM=500000 CREATE_MD5_FILE=false GA4GH_CLIENT_SECRETS=client_secrets.json
[Sat May 14 23:31:37 EDT 2016] Executing as abdelrahman@compute-1-5.local on Linux 2.6.32-279.14.1.el6.x86_64 amd64; Java HotSpot(TM) 64-Bit Server VM 1.8.0_45-b14; Picard version: 2.3.0(9a00c87b7ffdb01cfb5a0d6e76556146196babb8_1463071327) IntelDeflater
INFO	2016-05-14 23:31:37	MarkDuplicates	Start of doWork freeMemory: 502229568; totalMemory: 506462208; maxMemory: 1908932608
INFO	2016-05-14 23:31:37	MarkDuplicates	Reading input file and constructing read end information.
INFO	2016-05-14 23:31:37	MarkDuplicates	Will retain up to 7342048 data points before spilling to disk.
INFO	2016-05-14 23:31:44	MarkDuplicates	Read     1,000,000 records.  Elapsed time: 00:00:06s.  Time for last 1,000,000:    6s.  Last read position: chr1:16,256,066
INFO	2016-05-14 23:31:44	MarkDuplicates	Tracking 4096 as yet unmatched pairs. 368 records in RAM.
INFO	2016-05-14 23:31:51	MarkDuplicates	Read     2,000,000 records.  Elapsed time: 00:00:13s.  Time for last 1,000,000:    6s.  Last read position: chr1:29,644,370
INFO	2016-05-14 23:31:51	MarkDuplicates	Tracking 7487 as yet unmatched pairs. 596 records in RAM.
INFO	2016-05-14 23:31:57	MarkDuplicates	Read     3,000,000 records.  Elapsed time: 00:00:19s.  Time for last 1,000,000:    6s.  Last read position: chr1:44,684,027
INFO	2016-05-14 23:31:57	MarkDuplicates	Tracking 11107 as yet unmatched pairs. 868 records in RAM.
INFO	2016-05-14 23:32:02	MarkDuplicates	Read     4,000,000 records.  Elapsed time: 00:00:24s.  Time for last 1,000,000:    5s.  Last read position: chr1:75,190,494
INFO	2016-05-14 23:32:02	MarkDuplicates	Tracking 15372 as yet unmatched pairs. 857 records in RAM.
INFO	2016-05-14 23:32:09	MarkDuplicates	Read     5,000,000 records.  Elapsed time: 00:00:31s.  Time for last 1,000,000:    6s.  Last read position: chr1:112,057,824
INFO	2016-05-14 23:32:09	MarkDuplicates	Tracking 20312 as yet unmatched pairs. 899 records in RAM.
INFO	2016-05-14 23:32:15	MarkDuplicates	Read     6,000,000 records.  Elapsed time: 00:00:37s.  Time for last 1,000,000:    5s.  Last read position: chr1:153,312,877
INFO	2016-05-14 23:32:15	MarkDuplicates	Tracking 25373 as yet unmatched pairs. 975 records in RAM.
INFO	2016-05-14 23:32:20	MarkDuplicates	Read     7,000,000 records.  Elapsed time: 00:00:43s.  Time for last 1,000,000:    5s.  Last read position: chr1:161,197,638
INFO	2016-05-14 23:32:20	MarkDuplicates	Tracking 28099 as yet unmatched pairs. 978 records in RAM.
INFO	2016-05-14 23:32:37	MarkDuplicates	Read     8,000,000 records.  Elapsed time: 00:00:59s.  Time for last 1,000,000:   16s.  Last read position: chr1:192,998,494
INFO	2016-05-14 23:32:37	MarkDuplicates	Tracking 32356 as yet unmatched pairs. 730 records in RAM.
INFO	2016-05-14 23:32:42	MarkDuplicates	Read     9,000,000 records.  Elapsed time: 00:01:04s.  Time for last 1,000,000:    5s.  Last read position: chr1:218,494,150
INFO	2016-05-14 23:32:42	MarkDuplicates	Tracking 36099 as yet unmatched pairs. 371 records in RAM.
INFO	2016-05-14 23:32:48	MarkDuplicates	Read    10,000,000 records.  Elapsed time: 00:01:10s.  Time for last 1,000,000:    5s.  Last read position: chr1:247,464,714
INFO	2016-05-14 23:32:48	MarkDuplicates	Tracking 40392 as yet unmatched pairs. 46 records in RAM.
INFO	2016-05-14 23:32:55	MarkDuplicates	Read    11,000,000 records.  Elapsed time: 00:01:17s.  Time for last 1,000,000:    7s.  Last read position: chr2:28,532,811
INFO	2016-05-14 23:32:55	MarkDuplicates	Tracking 44731 as yet unmatched pairs. 5212 records in RAM.
INFO	2016-05-14 23:33:01	MarkDuplicates	Read    12,000,000 records.  Elapsed time: 00:01:23s.  Time for last 1,000,000:    5s.  Last read position: chr2:65,055,396
INFO	2016-05-14 23:33:01	MarkDuplicates	Tracking 61114 as yet unmatched pairs. 4036 records in RAM.
INFO	2016-05-14 23:33:06	MarkDuplicates	Read    13,000,000 records.  Elapsed time: 00:01:28s.  Time for last 1,000,000:    5s.  Last read position: chr2:98,378,711
INFO	2016-05-14 23:33:06	MarkDuplicates	Tracking 66031 as yet unmatched pairs. 3700 records in RAM.
INFO	2016-05-14 23:33:14	MarkDuplicates	Read    14,000,000 records.  Elapsed time: 00:01:36s.  Time for last 1,000,000:    7s.  Last read position: chr2:137,872,675
INFO	2016-05-14 23:33:14	MarkDuplicates	Tracking 72385 as yet unmatched pairs. 3038 records in RAM.
INFO	2016-05-14 23:33:40	MarkDuplicates	Read    15,000,000 records.  Elapsed time: 00:02:02s.  Time for last 1,000,000:   26s.  Last read position: chr2:179,315,023
INFO	2016-05-14 23:33:40	MarkDuplicates	Tracking 76468 as yet unmatched pairs. 2380 records in RAM.
INFO	2016-05-14 23:33:44	MarkDuplicates	Read    16,000,000 records.  Elapsed time: 00:02:06s.  Time for last 1,000,000:    4s.  Last read position: chr2:206,580,790
INFO	2016-05-14 23:33:44	MarkDuplicates	Tracking 79440 as yet unmatched pairs. 1560 records in RAM.
INFO	2016-05-14 23:33:49	MarkDuplicates	Read    17,000,000 records.  Elapsed time: 00:02:11s.  Time for last 1,000,000:    4s.  Last read position: chr2:232,390,194
INFO	2016-05-14 23:33:49	MarkDuplicates	Tracking 82301 as yet unmatched pairs. 461 records in RAM.
INFO	2016-05-14 23:33:56	MarkDuplicates	Read    18,000,000 records.  Elapsed time: 00:02:18s.  Time for last 1,000,000:    6s.  Last read position: chr3:13,359,237
INFO	2016-05-14 23:33:56	MarkDuplicates	Tracking 84923 as yet unmatched pairs. 5180 records in RAM.
INFO	2016-05-14 23:34:01	MarkDuplicates	Read    19,000,000 records.  Elapsed time: 00:02:23s.  Time for last 1,000,000:    5s.  Last read position: chr3:45,754,566
INFO	2016-05-14 23:34:01	MarkDuplicates	Tracking 87971 as yet unmatched pairs. 4580 records in RAM.
INFO	2016-05-14 23:34:06	MarkDuplicates	Read    20,000,000 records.  Elapsed time: 00:02:28s.  Time for last 1,000,000:    5s.  Last read position: chr3:52,721,413
INFO	2016-05-14 23:34:06	MarkDuplicates	Tracking 89494 as yet unmatched pairs. 4159 records in RAM.
INFO	2016-05-14 23:34:12	MarkDuplicates	Read    21,000,000 records.  Elapsed time: 00:02:34s.  Time for last 1,000,000:    5s.  Last read position: chr3:110,994,176
INFO	2016-05-14 23:34:12	MarkDuplicates	Tracking 93536 as yet unmatched pairs. 3029 records in RAM.
INFO	2016-05-14 23:34:19	MarkDuplicates	Read    22,000,000 records.  Elapsed time: 00:02:41s.  Time for last 1,000,000:    6s.  Last read position: chr3:133,907,734
INFO	2016-05-14 23:34:19	MarkDuplicates	Tracking 95684 as yet unmatched pairs. 2153 records in RAM.
INFO	2016-05-14 23:34:38	MarkDuplicates	Read    23,000,000 records.  Elapsed time: 00:03:00s.  Time for last 1,000,000:   19s.  Last read position: chr3:180,679,319
INFO	2016-05-14 23:34:38	MarkDuplicates	Tracking 98772 as yet unmatched pairs. 821 records in RAM.
INFO	2016-05-14 23:34:43	MarkDuplicates	Read    24,000,000 records.  Elapsed time: 00:03:05s.  Time for last 1,000,000:    5s.  Last read position: chr4:4,060,163
INFO	2016-05-14 23:34:43	MarkDuplicates	Tracking 100792 as yet unmatched pairs. 6992 records in RAM.
INFO	2016-05-14 23:34:49	MarkDuplicates	Read    25,000,000 records.  Elapsed time: 00:03:11s.  Time for last 1,000,000:    5s.  Last read position: chr4:54,294,391
INFO	2016-05-14 23:34:49	MarkDuplicates	Tracking 105480 as yet unmatched pairs. 5198 records in RAM.
INFO	2016-05-14 23:34:54	MarkDuplicates	Read    26,000,000 records.  Elapsed time: 00:03:16s.  Time for last 1,000,000:    5s.  Last read position: chr4:99,969,882
INFO	2016-05-14 23:34:54	MarkDuplicates	Tracking 108532 as yet unmatched pairs. 3491 records in RAM.
INFO	2016-05-14 23:35:01	MarkDuplicates	Read    27,000,000 records.  Elapsed time: 00:03:23s.  Time for last 1,000,000:    7s.  Last read position: chr4:151,656,491
INFO	2016-05-14 23:35:01	MarkDuplicates	Tracking 111257 as yet unmatched pairs. 1770 records in RAM.
INFO	2016-05-14 23:35:07	MarkDuplicates	Read    28,000,000 records.  Elapsed time: 00:03:29s.  Time for last 1,000,000:    5s.  Last read position: chr5:10,290,798
INFO	2016-05-14 23:35:07	MarkDuplicates	Tracking 114047 as yet unmatched pairs. 7694 records in RAM.
INFO	2016-05-14 23:35:12	MarkDuplicates	Read    29,000,000 records.  Elapsed time: 00:03:34s.  Time for last 1,000,000:    5s.  Last read position: chr5:66,480,053
INFO	2016-05-14 23:35:12	MarkDuplicates	Tracking 116729 as yet unmatched pairs. 5889 records in RAM.
INFO	2016-05-14 23:35:39	MarkDuplicates	Read    30,000,000 records.  Elapsed time: 00:04:02s.  Time for last 1,000,000:   27s.  Last read position: chr5:118,506,751
INFO	2016-05-14 23:35:39	MarkDuplicates	Tracking 118920 as yet unmatched pairs. 3530 records in RAM.
INFO	2016-05-14 23:35:44	MarkDuplicates	Read    31,000,000 records.  Elapsed time: 00:04:06s.  Time for last 1,000,000:    4s.  Last read position: chr5:140,865,669
INFO	2016-05-14 23:35:44	MarkDuplicates	Tracking 120300 as yet unmatched pairs. 2268 records in RAM.
INFO	2016-05-14 23:35:50	MarkDuplicates	Read    32,000,000 records.  Elapsed time: 00:04:12s.  Time for last 1,000,000:    5s.  Last read position: chr5:175,307,082
INFO	2016-05-14 23:35:50	MarkDuplicates	Tracking 121911 as yet unmatched pairs. 614 records in RAM.
INFO	2016-05-14 23:35:56	MarkDuplicates	Read    33,000,000 records.  Elapsed time: 00:04:18s.  Time for last 1,000,000:    6s.  Last read position: chr6:25,435,806
INFO	2016-05-14 23:35:56	MarkDuplicates	Tracking 123167 as yet unmatched pairs. 8410 records in RAM.
INFO	2016-05-14 23:36:01	MarkDuplicates	Read    34,000,000 records.  Elapsed time: 00:04:23s.  Time for last 1,000,000:    4s.  Last read position: chr6:33,154,503
INFO	2016-05-14 23:36:01	MarkDuplicates	Tracking 123839 as yet unmatched pairs. 7354 records in RAM.
INFO	2016-05-14 23:36:06	MarkDuplicates	Read    35,000,000 records.  Elapsed time: 00:04:28s.  Time for last 1,000,000:    4s.  Last read position: chr6:47,650,119
INFO	2016-05-14 23:36:06	MarkDuplicates	Tracking 124718 as yet unmatched pairs. 6329 records in RAM.
INFO	2016-05-14 23:36:12	MarkDuplicates	Read    36,000,000 records.  Elapsed time: 00:04:34s.  Time for last 1,000,000:    5s.  Last read position: chr6:99,825,165
INFO	2016-05-14 23:36:12	MarkDuplicates	Tracking 126083 as yet unmatched pairs. 4163 records in RAM.
INFO	2016-05-14 23:36:30	MarkDuplicates	Read    37,000,000 records.  Elapsed time: 00:04:52s.  Time for last 1,000,000:   18s.  Last read position: chr6:142,740,932
INFO	2016-05-14 23:36:30	MarkDuplicates	Tracking 127327 as yet unmatched pairs. 1905 records in RAM.
INFO	2016-05-14 23:36:36	MarkDuplicates	Read    38,000,000 records.  Elapsed time: 00:04:58s.  Time for last 1,000,000:    5s.  Last read position: chr7:2,963,800
INFO	2016-05-14 23:36:36	MarkDuplicates	Tracking 128226 as yet unmatched pairs. 10356 records in RAM.
INFO	2016-05-14 23:36:41	MarkDuplicates	Read    39,000,000 records.  Elapsed time: 00:05:03s.  Time for last 1,000,000:    5s.  Last read position: chr7:44,144,112
INFO	2016-05-14 23:36:41	MarkDuplicates	Tracking 129071 as yet unmatched pairs. 8149 records in RAM.
INFO	2016-05-14 23:36:46	MarkDuplicates	Read    40,000,000 records.  Elapsed time: 00:05:08s.  Time for last 1,000,000:    5s.  Last read position: chr7:91,718,872
INFO	2016-05-14 23:36:46	MarkDuplicates	Tracking 130099 as yet unmatched pairs. 5569 records in RAM.
INFO	2016-05-14 23:36:52	MarkDuplicates	Read    41,000,000 records.  Elapsed time: 00:05:14s.  Time for last 1,000,000:    5s.  Last read position: chr7:107,866,174
INFO	2016-05-14 23:36:52	MarkDuplicates	Tracking 130507 as yet unmatched pairs. 3699 records in RAM.
INFO	2016-05-14 23:36:58	MarkDuplicates	Read    42,000,000 records.  Elapsed time: 00:05:20s.  Time for last 1,000,000:    6s.  Last read position: chr7:142,471,641
INFO	2016-05-14 23:36:58	MarkDuplicates	Tracking 131290 as yet unmatched pairs. 1494 records in RAM.
INFO	2016-05-14 23:37:05	MarkDuplicates	Read    43,000,000 records.  Elapsed time: 00:05:27s.  Time for last 1,000,000:    6s.  Last read position: chr8:17,573,338
INFO	2016-05-14 23:37:05	MarkDuplicates	Tracking 131641 as yet unmatched pairs. 8373 records in RAM.
INFO	2016-05-14 23:37:10	MarkDuplicates	Read    44,000,000 records.  Elapsed time: 00:05:32s.  Time for last 1,000,000:    5s.  Last read position: chr8:48,882,413
INFO	2016-05-14 23:37:10	MarkDuplicates	Tracking 131923 as yet unmatched pairs. 6152 records in RAM.
INFO	2016-05-14 23:37:36	MarkDuplicates	Read    45,000,000 records.  Elapsed time: 00:05:58s.  Time for last 1,000,000:   25s.  Last read position: chr8:101,586,647
INFO	2016-05-14 23:37:36	MarkDuplicates	Tracking 132127 as yet unmatched pairs. 3015 records in RAM.
INFO	2016-05-14 23:37:41	MarkDuplicates	Read    46,000,000 records.  Elapsed time: 00:06:03s.  Time for last 1,000,000:    5s.  Last read position: chr8:145,002,064
INFO	2016-05-14 23:37:41	MarkDuplicates	Tracking 132463 as yet unmatched pairs. 431 records in RAM.
INFO	2016-05-14 23:37:46	MarkDuplicates	Read    47,000,000 records.  Elapsed time: 00:06:08s.  Time for last 1,000,000:    5s.  Last read position: chr9:35,067,898
INFO	2016-05-14 23:37:46	MarkDuplicates	Tracking 132119 as yet unmatched pairs. 7824 records in RAM.
INFO	2016-05-14 23:37:53	MarkDuplicates	Read    48,000,000 records.  Elapsed time: 00:06:15s.  Time for last 1,000,000:    6s.  Last read position: chr9:97,221,453
INFO	2016-05-14 23:37:53	MarkDuplicates	Tracking 132118 as yet unmatched pairs. 4659 records in RAM.
INFO	2016-05-14 23:38:00	MarkDuplicates	Read    49,000,000 records.  Elapsed time: 00:06:22s.  Time for last 1,000,000:    7s.  Last read position: chr9:125,797,212
INFO	2016-05-14 23:38:00	MarkDuplicates	Tracking 131983 as yet unmatched pairs. 2470 records in RAM.
INFO	2016-05-14 23:38:05	MarkDuplicates	Read    50,000,000 records.  Elapsed time: 00:06:27s.  Time for last 1,000,000:    5s.  Last read position: chr9:139,276,619
INFO	2016-05-14 23:38:05	MarkDuplicates	Tracking 131470 as yet unmatched pairs. 546 records in RAM.
INFO	2016-05-14 23:38:11	MarkDuplicates	Read    51,000,000 records.  Elapsed time: 00:06:33s.  Time for last 1,000,000:    5s.  Last read position: chr10:27,284,261
INFO	2016-05-14 23:38:11	MarkDuplicates	Tracking 130824 as yet unmatched pairs. 11091 records in RAM.
INFO	2016-05-14 23:38:26	MarkDuplicates	Read    52,000,000 records.  Elapsed time: 00:06:48s.  Time for last 1,000,000:   14s.  Last read position: chr10:72,541,559
INFO	2016-05-14 23:38:26	MarkDuplicates	Tracking 130818 as yet unmatched pairs. 6623 records in RAM.
INFO	2016-05-14 23:38:31	MarkDuplicates	Read    53,000,000 records.  Elapsed time: 00:06:53s.  Time for last 1,000,000:    5s.  Last read position: chr10:99,400,843
INFO	2016-05-14 23:38:31	MarkDuplicates	Tracking 130141 as yet unmatched pairs. 3993 records in RAM.
INFO	2016-05-14 23:38:38	MarkDuplicates	Read    54,000,000 records.  Elapsed time: 00:07:00s.  Time for last 1,000,000:    6s.  Last read position: chr10:124,333,233
INFO	2016-05-14 23:38:38	MarkDuplicates	Tracking 129434 as yet unmatched pairs. 1396 records in RAM.
INFO	2016-05-14 23:38:43	MarkDuplicates	Read    55,000,000 records.  Elapsed time: 00:07:05s.  Time for last 1,000,000:    5s.  Last read position: chr11:5,510,488
INFO	2016-05-14 23:38:43	MarkDuplicates	Tracking 128418 as yet unmatched pairs. 13479 records in RAM.
INFO	2016-05-14 23:38:48	MarkDuplicates	Read    56,000,000 records.  Elapsed time: 00:07:10s.  Time for last 1,000,000:    4s.  Last read position: chr11:32,622,270
INFO	2016-05-14 23:38:48	MarkDuplicates	Tracking 127539 as yet unmatched pairs. 10971 records in RAM.
INFO	2016-05-14 23:38:53	MarkDuplicates	Read    57,000,000 records.  Elapsed time: 00:07:15s.  Time for last 1,000,000:    5s.  Last read position: chr11:60,901,653
INFO	2016-05-14 23:38:53	MarkDuplicates	Tracking 126673 as yet unmatched pairs. 8406 records in RAM.
INFO	2016-05-14 23:38:59	MarkDuplicates	Read    58,000,000 records.  Elapsed time: 00:07:21s.  Time for last 1,000,000:    5s.  Last read position: chr11:66,888,810
INFO	2016-05-14 23:38:59	MarkDuplicates	Tracking 126122 as yet unmatched pairs. 6866 records in RAM.
INFO	2016-05-14 23:39:05	MarkDuplicates	Read    59,000,000 records.  Elapsed time: 00:07:27s.  Time for last 1,000,000:    6s.  Last read position: chr11:93,554,297
INFO	2016-05-14 23:39:05	MarkDuplicates	Tracking 125226 as yet unmatched pairs. 4190 records in RAM.
INFO	2016-05-14 23:39:32	MarkDuplicates	Read    60,000,000 records.  Elapsed time: 00:07:54s.  Time for last 1,000,000:   27s.  Last read position: chr11:120,348,888
INFO	2016-05-14 23:39:32	MarkDuplicates	Tracking 124145 as yet unmatched pairs. 1461 records in RAM.
INFO	2016-05-14 23:39:38	MarkDuplicates	Read    61,000,000 records.  Elapsed time: 00:08:00s.  Time for last 1,000,000:    5s.  Last read position: chr12:7,086,337
INFO	2016-05-14 23:39:38	MarkDuplicates	Tracking 123102 as yet unmatched pairs. 14596 records in RAM.
INFO	2016-05-14 23:39:44	MarkDuplicates	Read    62,000,000 records.  Elapsed time: 00:08:06s.  Time for last 1,000,000:    5s.  Last read position: chr12:45,772,001
INFO	2016-05-14 23:39:44	MarkDuplicates	Tracking 121677 as yet unmatched pairs. 11382 records in RAM.
INFO	2016-05-14 23:39:49	MarkDuplicates	Read    63,000,000 records.  Elapsed time: 00:08:11s.  Time for last 1,000,000:    5s.  Last read position: chr12:56,493,424
INFO	2016-05-14 23:39:49	MarkDuplicates	Tracking 120699 as yet unmatched pairs. 9387 records in RAM.
INFO	2016-05-14 23:39:55	MarkDuplicates	Read    64,000,000 records.  Elapsed time: 00:08:17s.  Time for last 1,000,000:    5s.  Last read position: chr12:90,004,089
INFO	2016-05-14 23:39:55	MarkDuplicates	Tracking 118769 as yet unmatched pairs. 5651 records in RAM.
INFO	2016-05-14 23:39:59	MarkDuplicates	Read    65,000,000 records.  Elapsed time: 00:08:21s.  Time for last 1,000,000:    4s.  Last read position: chr12:117,681,116
INFO	2016-05-14 23:39:59	MarkDuplicates	Tracking 117095 as yet unmatched pairs. 2435 records in RAM.
INFO	2016-05-14 23:40:07	MarkDuplicates	Read    66,000,000 records.  Elapsed time: 00:08:29s.  Time for last 1,000,000:    7s.  Last read position: chr13:25,518,564
INFO	2016-05-14 23:40:07	MarkDuplicates	Tracking 115324 as yet unmatched pairs. 7476 records in RAM.
INFO	2016-05-14 23:40:21	MarkDuplicates	Read    67,000,000 records.  Elapsed time: 00:08:43s.  Time for last 1,000,000:   13s.  Last read position: chr13:77,636,724
INFO	2016-05-14 23:40:21	MarkDuplicates	Tracking 112910 as yet unmatched pairs. 3186 records in RAM.
INFO	2016-05-14 23:40:27	MarkDuplicates	Read    68,000,000 records.  Elapsed time: 00:08:49s.  Time for last 1,000,000:    6s.  Last read position: chr14:22,580,136
INFO	2016-05-14 23:40:27	MarkDuplicates	Tracking 110571 as yet unmatched pairs. 9825 records in RAM.
INFO	2016-05-14 23:40:32	MarkDuplicates	Read    69,000,000 records.  Elapsed time: 00:08:54s.  Time for last 1,000,000:    4s.  Last read position: chr14:54,976,655
INFO	2016-05-14 23:40:32	MarkDuplicates	Tracking 108584 as yet unmatched pairs. 6644 records in RAM.
INFO	2016-05-14 23:40:38	MarkDuplicates	Read    70,000,000 records.  Elapsed time: 00:09:00s.  Time for last 1,000,000:    5s.  Last read position: chr14:81,244,329
INFO	2016-05-14 23:40:38	MarkDuplicates	Tracking 106493 as yet unmatched pairs. 3331 records in RAM.
INFO	2016-05-14 23:40:44	MarkDuplicates	Read    71,000,000 records.  Elapsed time: 00:09:06s.  Time for last 1,000,000:    6s.  Last read position: chr15:22,692,153
INFO	2016-05-14 23:40:44	MarkDuplicates	Tracking 104180 as yet unmatched pairs. 10924 records in RAM.
INFO	2016-05-14 23:40:52	MarkDuplicates	Read    72,000,000 records.  Elapsed time: 00:09:14s.  Time for last 1,000,000:    7s.  Last read position: chr15:43,707,605
INFO	2016-05-14 23:40:52	MarkDuplicates	Tracking 102217 as yet unmatched pairs. 8044 records in RAM.
INFO	2016-05-14 23:40:57	MarkDuplicates	Read    73,000,000 records.  Elapsed time: 00:09:19s.  Time for last 1,000,000:    4s.  Last read position: chr15:66,977,926
INFO	2016-05-14 23:40:57	MarkDuplicates	Tracking 99770 as yet unmatched pairs. 4526 records in RAM.
INFO	2016-05-14 23:41:10	MarkDuplicates	Read    74,000,000 records.  Elapsed time: 00:09:32s.  Time for last 1,000,000:   13s.  Last read position: chr15:90,213,296
INFO	2016-05-14 23:41:10	MarkDuplicates	Tracking 97641 as yet unmatched pairs. 1392 records in RAM.
INFO	2016-05-14 23:41:29	MarkDuplicates	Read    75,000,000 records.  Elapsed time: 00:09:51s.  Time for last 1,000,000:   18s.  Last read position: chr16:3,306,625
INFO	2016-05-14 23:41:29	MarkDuplicates	Tracking 95748 as yet unmatched pairs. 13335 records in RAM.
INFO	2016-05-14 23:41:33	MarkDuplicates	Read    76,000,000 records.  Elapsed time: 00:09:55s.  Time for last 1,000,000:    4s.  Last read position: chr16:28,507,492
INFO	2016-05-14 23:41:33	MarkDuplicates	Tracking 92911 as yet unmatched pairs. 9522 records in RAM.
INFO	2016-05-14 23:41:39	MarkDuplicates	Read    77,000,000 records.  Elapsed time: 00:10:01s.  Time for last 1,000,000:    5s.  Last read position: chr16:57,784,628
INFO	2016-05-14 23:41:39	MarkDuplicates	Tracking 90029 as yet unmatched pairs. 5240 records in RAM.
INFO	2016-05-14 23:41:46	MarkDuplicates	Read    78,000,000 records.  Elapsed time: 00:10:08s.  Time for last 1,000,000:    6s.  Last read position: chr16:79,997,998
INFO	2016-05-14 23:41:46	MarkDuplicates	Tracking 87542 as yet unmatched pairs. 1851 records in RAM.
INFO	2016-05-14 23:41:51	MarkDuplicates	Read    79,000,000 records.  Elapsed time: 00:10:13s.  Time for last 1,000,000:    5s.  Last read position: chr17:4,843,061
INFO	2016-05-14 23:41:51	MarkDuplicates	Tracking 85118 as yet unmatched pairs. 15732 records in RAM.
INFO	2016-05-14 23:41:57	MarkDuplicates	Read    80,000,000 records.  Elapsed time: 00:10:19s.  Time for last 1,000,000:    5s.  Last read position: chr17:17,700,344
INFO	2016-05-14 23:41:57	MarkDuplicates	Tracking 83129 as yet unmatched pairs. 13232 records in RAM.
INFO	2016-05-14 23:42:02	MarkDuplicates	Read    81,000,000 records.  Elapsed time: 00:10:24s.  Time for last 1,000,000:    5s.  Last read position: chr17:36,483,590
INFO	2016-05-14 23:42:02	MarkDuplicates	Tracking 80497 as yet unmatched pairs. 9809 records in RAM.
INFO	2016-05-14 23:42:16	MarkDuplicates	Read    82,000,000 records.  Elapsed time: 00:10:38s.  Time for last 1,000,000:   13s.  Last read position: chr17:45,321,759
INFO	2016-05-14 23:42:16	MarkDuplicates	Tracking 78078 as yet unmatched pairs. 6877 records in RAM.
INFO	2016-05-14 23:42:22	MarkDuplicates	Read    83,000,000 records.  Elapsed time: 00:10:44s.  Time for last 1,000,000:    5s.  Last read position: chr17:64,874,974
INFO	2016-05-14 23:42:22	MarkDuplicates	Tracking 75488 as yet unmatched pairs. 3618 records in RAM.
INFO	2016-05-14 23:42:27	MarkDuplicates	Read    84,000,000 records.  Elapsed time: 00:10:49s.  Time for last 1,000,000:    5s.  Last read position: chr17:79,405,393
INFO	2016-05-14 23:42:27	MarkDuplicates	Tracking 73130 as yet unmatched pairs. 729 records in RAM.
INFO	2016-05-14 23:42:33	MarkDuplicates	Read    85,000,000 records.  Elapsed time: 00:10:55s.  Time for last 1,000,000:    6s.  Last read position: chr18:32,983,445
INFO	2016-05-14 23:42:33	MarkDuplicates	Tracking 68888 as yet unmatched pairs. 4648 records in RAM.
INFO	2016-05-14 23:42:40	MarkDuplicates	Read    86,000,000 records.  Elapsed time: 00:11:02s.  Time for last 1,000,000:    6s.  Last read position: chr19:1,465,819
INFO	2016-05-14 23:42:40	MarkDuplicates	Tracking 64582 as yet unmatched pairs. 18027 records in RAM.
INFO	2016-05-14 23:42:46	MarkDuplicates	Read    87,000,000 records.  Elapsed time: 00:11:08s.  Time for last 1,000,000:    5s.  Last read position: chr19:9,324,883
INFO	2016-05-14 23:42:46	MarkDuplicates	Tracking 62027 as yet unmatched pairs. 15160 records in RAM.
INFO	2016-05-14 23:42:52	MarkDuplicates	Read    88,000,000 records.  Elapsed time: 00:11:14s.  Time for last 1,000,000:    6s.  Last read position: chr19:17,298,848
INFO	2016-05-14 23:42:52	MarkDuplicates	Tracking 59462 as yet unmatched pairs. 12296 records in RAM.
INFO	2016-05-14 23:43:07	MarkDuplicates	Read    89,000,000 records.  Elapsed time: 00:11:29s.  Time for last 1,000,000:   15s.  Last read position: chr19:37,487,381
INFO	2016-05-14 23:43:07	MarkDuplicates	Tracking 55256 as yet unmatched pairs. 7663 records in RAM.
INFO	2016-05-14 23:43:24	MarkDuplicates	Read    90,000,000 records.  Elapsed time: 00:11:46s.  Time for last 1,000,000:   17s.  Last read position: chr19:45,656,011
INFO	2016-05-14 23:43:24	MarkDuplicates	Tracking 52971 as yet unmatched pairs. 5094 records in RAM.
INFO	2016-05-14 23:43:32	MarkDuplicates	Read    91,000,000 records.  Elapsed time: 00:11:54s.  Time for last 1,000,000:    7s.  Last read position: chr19:52,662,985
INFO	2016-05-14 23:43:32	MarkDuplicates	Tracking 50405 as yet unmatched pairs. 2269 records in RAM.
INFO	2016-05-14 23:43:37	MarkDuplicates	Read    92,000,000 records.  Elapsed time: 00:11:59s.  Time for last 1,000,000:    5s.  Last read position: chr20:2,843,102
INFO	2016-05-14 23:43:37	MarkDuplicates	Tracking 48012 as yet unmatched pairs. 9719 records in RAM.
INFO	2016-05-14 23:43:42	MarkDuplicates	Read    93,000,000 records.  Elapsed time: 00:12:04s.  Time for last 1,000,000:    5s.  Last read position: chr20:34,147,201
INFO	2016-05-14 23:43:42	MarkDuplicates	Tracking 44322 as yet unmatched pairs. 5194 records in RAM.
INFO	2016-05-14 23:43:48	MarkDuplicates	Read    94,000,000 records.  Elapsed time: 00:12:10s.  Time for last 1,000,000:    5s.  Last read position: chr20:57,429,602
INFO	2016-05-14 23:43:48	MarkDuplicates	Tracking 40766 as yet unmatched pairs. 1300 records in RAM.
INFO	2016-05-14 23:43:54	MarkDuplicates	Read    95,000,000 records.  Elapsed time: 00:12:16s.  Time for last 1,000,000:    5s.  Last read position: chr21:40,403,377
INFO	2016-05-14 23:43:54	MarkDuplicates	Tracking 34929 as yet unmatched pairs. 1665 records in RAM.
INFO	2016-05-14 23:44:00	MarkDuplicates	Read    96,000,000 records.  Elapsed time: 00:12:22s.  Time for last 1,000,000:    5s.  Last read position: chr22:24,106,276
INFO	2016-05-14 23:44:00	MarkDuplicates	Tracking 31844 as yet unmatched pairs. 6020 records in RAM.
INFO	2016-05-14 23:44:14	MarkDuplicates	Read    97,000,000 records.  Elapsed time: 00:12:36s.  Time for last 1,000,000:   13s.  Last read position: chr22:40,055,324
INFO	2016-05-14 23:44:14	MarkDuplicates	Tracking 28528 as yet unmatched pairs. 2544 records in RAM.
INFO	2016-05-14 23:44:20	MarkDuplicates	Read    98,000,000 records.  Elapsed time: 00:12:42s.  Time for last 1,000,000:    6s.  Last read position: chrX:15,682,231
INFO	2016-05-14 23:44:20	MarkDuplicates	Tracking 24489 as yet unmatched pairs. 19351 records in RAM.
INFO	2016-05-14 23:44:26	MarkDuplicates	Read    99,000,000 records.  Elapsed time: 00:12:48s.  Time for last 1,000,000:    5s.  Last read position: chrX:49,368,247
INFO	2016-05-14 23:44:26	MarkDuplicates	Tracking 19838 as yet unmatched pairs. 14677 records in RAM.
INFO	2016-05-14 23:44:31	MarkDuplicates	Read   100,000,000 records.  Elapsed time: 00:12:53s.  Time for last 1,000,000:    5s.  Last read position: chrX:89,177,498
INFO	2016-05-14 23:44:31	MarkDuplicates	Tracking 14852 as yet unmatched pairs. 9661 records in RAM.
INFO	2016-05-14 23:44:37	MarkDuplicates	Read   101,000,000 records.  Elapsed time: 00:12:59s.  Time for last 1,000,000:    5s.  Last read position: chrX:133,559,260
INFO	2016-05-14 23:44:37	MarkDuplicates	Tracking 9122 as yet unmatched pairs. 3891 records in RAM.
INFO	2016-05-14 23:44:41	MarkDuplicates	Read 101775623 records. 0 pairs never matched.
INFO	2016-05-14 23:44:59	MarkDuplicates	After buildSortedReadEndLists freeMemory: 1896059040; totalMemory: 1911029760; maxMemory: 1911029760
INFO	2016-05-14 23:44:59	MarkDuplicates	Will retain up to 59719680 duplicate indices before spilling to disk.
INFO	2016-05-14 23:44:59	MarkDuplicates	Traversing read pair information and detecting duplicates.
INFO	2016-05-14 23:45:32	MarkDuplicates	Traversing fragment information and detecting duplicates.
INFO	2016-05-14 23:46:28	MarkDuplicates	Sorting list of duplicate records.
INFO	2016-05-14 23:46:29	MarkDuplicates	After generateDuplicateIndexes freeMemory: 1440983576; totalMemory: 1934098432; maxMemory: 1934098432
INFO	2016-05-14 23:46:29	MarkDuplicates	Marking 10582246 records as duplicates.
INFO	2016-05-14 23:46:29	MarkDuplicates	Found 2380 optical duplicate clusters.
INFO	2016-05-14 23:46:29	MarkDuplicates	Reads are assumed to be ordered by: coordinate
INFO	2016-05-14 23:49:15	MarkDuplicates	Written    10,000,000 records.  Elapsed time: 00:02:45s.  Time for last 10,000,000:  165s.  Last read position: chr1:247,464,714
INFO	2016-05-14 23:51:58	MarkDuplicates	Written    20,000,000 records.  Elapsed time: 00:05:28s.  Time for last 10,000,000:  163s.  Last read position: chr3:52,721,413
INFO	2016-05-14 23:54:58	MarkDuplicates	Written    30,000,000 records.  Elapsed time: 00:08:28s.  Time for last 10,000,000:  179s.  Last read position: chr5:118,506,751
INFO	2016-05-14 23:57:48	MarkDuplicates	Written    40,000,000 records.  Elapsed time: 00:11:18s.  Time for last 10,000,000:  170s.  Last read position: chr7:91,718,872
INFO	2016-05-15 00:00:28	MarkDuplicates	Written    50,000,000 records.  Elapsed time: 00:13:58s.  Time for last 10,000,000:  160s.  Last read position: chr9:139,276,619
INFO	2016-05-15 00:02:56	MarkDuplicates	Written    60,000,000 records.  Elapsed time: 00:16:26s.  Time for last 10,000,000:  147s.  Last read position: chr11:120,348,888
INFO	2016-05-15 00:05:23	MarkDuplicates	Written    70,000,000 records.  Elapsed time: 00:18:53s.  Time for last 10,000,000:  146s.  Last read position: chr14:81,244,329
INFO	2016-05-15 00:07:54	MarkDuplicates	Written    80,000,000 records.  Elapsed time: 00:21:24s.  Time for last 10,000,000:  151s.  Last read position: chr17:17,700,344
INFO	2016-05-15 00:10:28	MarkDuplicates	Written    90,000,000 records.  Elapsed time: 00:23:58s.  Time for last 10,000,000:  153s.  Last read position: chr19:45,656,011
INFO	2016-05-15 00:12:45	MarkDuplicates	Written   100,000,000 records.  Elapsed time: 00:26:15s.  Time for last 10,000,000:  136s.  Last read position: chrX:89,177,498
INFO	2016-05-15 00:13:11	MarkDuplicates	Before output close freeMemory: 1460060512; totalMemory: 1467482112; maxMemory: 1908932608
INFO	2016-05-15 00:13:17	MarkDuplicates	After output close freeMemory: 1459009144; totalMemory: 1466433536; maxMemory: 1908932608
[Sun May 15 00:13:18 EDT 2016] picard.sam.markduplicates.MarkDuplicates done. Elapsed time: 41.69 minutes.
Runtime.totalMemory()=1466433536
[Sun May 15 00:13:19 EDT 2016] picard.sam.AddOrReplaceReadGroups INPUT=p_DS_bkm_093-N/p_DS_bkm_093-N.sorted.MarkDup.bam OUTPUT=p_DS_bkm_093-N/p_DS_bkm_093-N.sorted.MarkDup.fixed.bam SORT_ORDER=coordinate RGID=id RGLB=bar RGPL=Illumina RGPU=platform RGSM=sample1 TMP_DIR=[tmp] VALIDATION_STRINGENCY=SILENT CREATE_INDEX=true    VERBOSITY=INFO QUIET=false COMPRESSION_LEVEL=5 MAX_RECORDS_IN_RAM=500000 CREATE_MD5_FILE=false GA4GH_CLIENT_SECRETS=client_secrets.json
[Sun May 15 00:13:19 EDT 2016] Executing as abdelrahman@compute-1-5.local on Linux 2.6.32-279.14.1.el6.x86_64 amd64; Java HotSpot(TM) 64-Bit Server VM 1.8.0_45-b14; Picard version: 2.3.0(9a00c87b7ffdb01cfb5a0d6e76556146196babb8_1463071327) IntelDeflater
INFO	2016-05-15 00:13:19	AddOrReplaceReadGroups	Created read group ID=id PL=Illumina LB=bar SM=sample1

INFO	2016-05-15 00:13:33	AddOrReplaceReadGroups	Processed     1,000,000 records.  Elapsed time: 00:00:13s.  Time for last 1,000,000:   13s.  Last read position: chr1:16,256,066
INFO	2016-05-15 00:13:47	AddOrReplaceReadGroups	Processed     2,000,000 records.  Elapsed time: 00:00:27s.  Time for last 1,000,000:   14s.  Last read position: chr1:29,644,370
INFO	2016-05-15 00:14:00	AddOrReplaceReadGroups	Processed     3,000,000 records.  Elapsed time: 00:00:40s.  Time for last 1,000,000:   12s.  Last read position: chr1:44,684,027
INFO	2016-05-15 00:14:15	AddOrReplaceReadGroups	Processed     4,000,000 records.  Elapsed time: 00:00:55s.  Time for last 1,000,000:   15s.  Last read position: chr1:75,190,494
INFO	2016-05-15 00:14:33	AddOrReplaceReadGroups	Processed     5,000,000 records.  Elapsed time: 00:01:14s.  Time for last 1,000,000:   18s.  Last read position: chr1:112,057,824
INFO	2016-05-15 00:14:48	AddOrReplaceReadGroups	Processed     6,000,000 records.  Elapsed time: 00:01:29s.  Time for last 1,000,000:   14s.  Last read position: chr1:153,312,877
INFO	2016-05-15 00:15:01	AddOrReplaceReadGroups	Processed     7,000,000 records.  Elapsed time: 00:01:41s.  Time for last 1,000,000:   12s.  Last read position: chr1:161,197,638
INFO	2016-05-15 00:15:13	AddOrReplaceReadGroups	Processed     8,000,000 records.  Elapsed time: 00:01:54s.  Time for last 1,000,000:   12s.  Last read position: chr1:192,998,494
INFO	2016-05-15 00:15:31	AddOrReplaceReadGroups	Processed     9,000,000 records.  Elapsed time: 00:02:12s.  Time for last 1,000,000:   17s.  Last read position: chr1:218,494,150
INFO	2016-05-15 00:15:46	AddOrReplaceReadGroups	Processed    10,000,000 records.  Elapsed time: 00:02:27s.  Time for last 1,000,000:   15s.  Last read position: chr1:247,464,714
INFO	2016-05-15 00:16:02	AddOrReplaceReadGroups	Processed    11,000,000 records.  Elapsed time: 00:02:43s.  Time for last 1,000,000:   15s.  Last read position: chr2:28,532,811
INFO	2016-05-15 00:16:16	AddOrReplaceReadGroups	Processed    12,000,000 records.  Elapsed time: 00:02:57s.  Time for last 1,000,000:   13s.  Last read position: chr2:65,055,396
INFO	2016-05-15 00:16:29	AddOrReplaceReadGroups	Processed    13,000,000 records.  Elapsed time: 00:03:10s.  Time for last 1,000,000:   12s.  Last read position: chr2:98,378,711
INFO	2016-05-15 00:16:43	AddOrReplaceReadGroups	Processed    14,000,000 records.  Elapsed time: 00:03:24s.  Time for last 1,000,000:   13s.  Last read position: chr2:137,872,675
INFO	2016-05-15 00:17:01	AddOrReplaceReadGroups	Processed    15,000,000 records.  Elapsed time: 00:03:42s.  Time for last 1,000,000:   18s.  Last read position: chr2:179,315,023
INFO	2016-05-15 00:17:15	AddOrReplaceReadGroups	Processed    16,000,000 records.  Elapsed time: 00:03:55s.  Time for last 1,000,000:   13s.  Last read position: chr2:206,580,790
INFO	2016-05-15 00:17:28	AddOrReplaceReadGroups	Processed    17,000,000 records.  Elapsed time: 00:04:09s.  Time for last 1,000,000:   13s.  Last read position: chr2:232,390,194
INFO	2016-05-15 00:17:42	AddOrReplaceReadGroups	Processed    18,000,000 records.  Elapsed time: 00:04:23s.  Time for last 1,000,000:   14s.  Last read position: chr3:13,359,237
INFO	2016-05-15 00:18:00	AddOrReplaceReadGroups	Processed    19,000,000 records.  Elapsed time: 00:04:40s.  Time for last 1,000,000:   17s.  Last read position: chr3:45,754,566
INFO	2016-05-15 00:18:13	AddOrReplaceReadGroups	Processed    20,000,000 records.  Elapsed time: 00:04:54s.  Time for last 1,000,000:   13s.  Last read position: chr3:52,721,413
INFO	2016-05-15 00:18:31	AddOrReplaceReadGroups	Processed    21,000,000 records.  Elapsed time: 00:05:11s.  Time for last 1,000,000:   17s.  Last read position: chr3:110,994,176
INFO	2016-05-15 00:18:45	AddOrReplaceReadGroups	Processed    22,000,000 records.  Elapsed time: 00:05:25s.  Time for last 1,000,000:   13s.  Last read position: chr3:133,907,734
INFO	2016-05-15 00:18:57	AddOrReplaceReadGroups	Processed    23,000,000 records.  Elapsed time: 00:05:38s.  Time for last 1,000,000:   12s.  Last read position: chr3:180,679,319
INFO	2016-05-15 00:19:11	AddOrReplaceReadGroups	Processed    24,000,000 records.  Elapsed time: 00:05:51s.  Time for last 1,000,000:   13s.  Last read position: chr4:4,060,163
INFO	2016-05-15 00:19:27	AddOrReplaceReadGroups	Processed    25,000,000 records.  Elapsed time: 00:06:08s.  Time for last 1,000,000:   16s.  Last read position: chr4:54,294,391
INFO	2016-05-15 00:19:40	AddOrReplaceReadGroups	Processed    26,000,000 records.  Elapsed time: 00:06:20s.  Time for last 1,000,000:   12s.  Last read position: chr4:99,969,882
INFO	2016-05-15 00:19:57	AddOrReplaceReadGroups	Processed    27,000,000 records.  Elapsed time: 00:06:38s.  Time for last 1,000,000:   17s.  Last read position: chr4:151,656,491
INFO	2016-05-15 00:20:10	AddOrReplaceReadGroups	Processed    28,000,000 records.  Elapsed time: 00:06:51s.  Time for last 1,000,000:   13s.  Last read position: chr5:10,290,798
INFO	2016-05-15 00:20:24	AddOrReplaceReadGroups	Processed    29,000,000 records.  Elapsed time: 00:07:05s.  Time for last 1,000,000:   13s.  Last read position: chr5:66,480,053
INFO	2016-05-15 00:20:38	AddOrReplaceReadGroups	Processed    30,000,000 records.  Elapsed time: 00:07:18s.  Time for last 1,000,000:   13s.  Last read position: chr5:118,506,751
INFO	2016-05-15 00:20:51	AddOrReplaceReadGroups	Processed    31,000,000 records.  Elapsed time: 00:07:32s.  Time for last 1,000,000:   13s.  Last read position: chr5:140,865,669
INFO	2016-05-15 00:21:04	AddOrReplaceReadGroups	Processed    32,000,000 records.  Elapsed time: 00:07:45s.  Time for last 1,000,000:   12s.  Last read position: chr5:175,307,082
INFO	2016-05-15 00:21:17	AddOrReplaceReadGroups	Processed    33,000,000 records.  Elapsed time: 00:07:58s.  Time for last 1,000,000:   12s.  Last read position: chr6:25,435,806
INFO	2016-05-15 00:21:30	AddOrReplaceReadGroups	Processed    34,000,000 records.  Elapsed time: 00:08:11s.  Time for last 1,000,000:   13s.  Last read position: chr6:33,154,503
INFO	2016-05-15 00:21:44	AddOrReplaceReadGroups	Processed    35,000,000 records.  Elapsed time: 00:08:24s.  Time for last 1,000,000:   13s.  Last read position: chr6:47,650,119
INFO	2016-05-15 00:21:57	AddOrReplaceReadGroups	Processed    36,000,000 records.  Elapsed time: 00:08:38s.  Time for last 1,000,000:   13s.  Last read position: chr6:99,825,165
INFO	2016-05-15 00:22:12	AddOrReplaceReadGroups	Processed    37,000,000 records.  Elapsed time: 00:08:53s.  Time for last 1,000,000:   14s.  Last read position: chr6:142,740,932
INFO	2016-05-15 00:22:27	AddOrReplaceReadGroups	Processed    38,000,000 records.  Elapsed time: 00:09:08s.  Time for last 1,000,000:   15s.  Last read position: chr7:2,963,800
INFO	2016-05-15 00:22:41	AddOrReplaceReadGroups	Processed    39,000,000 records.  Elapsed time: 00:09:21s.  Time for last 1,000,000:   13s.  Last read position: chr7:44,144,112
INFO	2016-05-15 00:22:58	AddOrReplaceReadGroups	Processed    40,000,000 records.  Elapsed time: 00:09:39s.  Time for last 1,000,000:   17s.  Last read position: chr7:91,718,872
INFO	2016-05-15 00:23:11	AddOrReplaceReadGroups	Processed    41,000,000 records.  Elapsed time: 00:09:52s.  Time for last 1,000,000:   13s.  Last read position: chr7:107,866,174
INFO	2016-05-15 00:23:28	AddOrReplaceReadGroups	Processed    42,000,000 records.  Elapsed time: 00:10:09s.  Time for last 1,000,000:   17s.  Last read position: chr7:142,471,641
INFO	2016-05-15 00:23:42	AddOrReplaceReadGroups	Processed    43,000,000 records.  Elapsed time: 00:10:22s.  Time for last 1,000,000:   13s.  Last read position: chr8:17,573,338
INFO	2016-05-15 00:23:59	AddOrReplaceReadGroups	Processed    44,000,000 records.  Elapsed time: 00:10:40s.  Time for last 1,000,000:   17s.  Last read position: chr8:48,882,413
INFO	2016-05-15 00:24:12	AddOrReplaceReadGroups	Processed    45,000,000 records.  Elapsed time: 00:10:53s.  Time for last 1,000,000:   12s.  Last read position: chr8:101,586,647
INFO	2016-05-15 00:24:29	AddOrReplaceReadGroups	Processed    46,000,000 records.  Elapsed time: 00:11:09s.  Time for last 1,000,000:   16s.  Last read position: chr8:145,002,064
INFO	2016-05-15 00:24:42	AddOrReplaceReadGroups	Processed    47,000,000 records.  Elapsed time: 00:11:22s.  Time for last 1,000,000:   13s.  Last read position: chr9:35,067,898
INFO	2016-05-15 00:24:59	AddOrReplaceReadGroups	Processed    48,000,000 records.  Elapsed time: 00:11:40s.  Time for last 1,000,000:   17s.  Last read position: chr9:97,221,453
INFO	2016-05-15 00:25:12	AddOrReplaceReadGroups	Processed    49,000,000 records.  Elapsed time: 00:11:53s.  Time for last 1,000,000:   12s.  Last read position: chr9:125,797,212
INFO	2016-05-15 00:25:26	AddOrReplaceReadGroups	Processed    50,000,000 records.  Elapsed time: 00:12:06s.  Time for last 1,000,000:   13s.  Last read position: chr9:139,276,619
INFO	2016-05-15 00:25:40	AddOrReplaceReadGroups	Processed    51,000,000 records.  Elapsed time: 00:12:21s.  Time for last 1,000,000:   14s.  Last read position: chr10:27,284,261
INFO	2016-05-15 00:25:57	AddOrReplaceReadGroups	Processed    52,000,000 records.  Elapsed time: 00:12:37s.  Time for last 1,000,000:   16s.  Last read position: chr10:72,541,559
INFO	2016-05-15 00:26:11	AddOrReplaceReadGroups	Processed    53,000,000 records.  Elapsed time: 00:12:51s.  Time for last 1,000,000:   13s.  Last read position: chr10:99,400,843
INFO	2016-05-15 00:26:28	AddOrReplaceReadGroups	Processed    54,000,000 records.  Elapsed time: 00:13:09s.  Time for last 1,000,000:   17s.  Last read position: chr10:124,333,233
INFO	2016-05-15 00:26:42	AddOrReplaceReadGroups	Processed    55,000,000 records.  Elapsed time: 00:13:23s.  Time for last 1,000,000:   14s.  Last read position: chr11:5,510,488
INFO	2016-05-15 00:26:59	AddOrReplaceReadGroups	Processed    56,000,000 records.  Elapsed time: 00:13:40s.  Time for last 1,000,000:   16s.  Last read position: chr11:32,622,270
INFO	2016-05-15 00:27:13	AddOrReplaceReadGroups	Processed    57,000,000 records.  Elapsed time: 00:13:54s.  Time for last 1,000,000:   13s.  Last read position: chr11:60,901,653
INFO	2016-05-15 00:27:31	AddOrReplaceReadGroups	Processed    58,000,000 records.  Elapsed time: 00:14:11s.  Time for last 1,000,000:   17s.  Last read position: chr11:66,888,810
INFO	2016-05-15 00:27:46	AddOrReplaceReadGroups	Processed    59,000,000 records.  Elapsed time: 00:14:26s.  Time for last 1,000,000:   15s.  Last read position: chr11:93,554,297
INFO	2016-05-15 00:28:02	AddOrReplaceReadGroups	Processed    60,000,000 records.  Elapsed time: 00:14:42s.  Time for last 1,000,000:   15s.  Last read position: chr11:120,348,888
INFO	2016-05-15 00:28:18	AddOrReplaceReadGroups	Processed    61,000,000 records.  Elapsed time: 00:14:58s.  Time for last 1,000,000:   15s.  Last read position: chr12:7,086,337
INFO	2016-05-15 00:28:34	AddOrReplaceReadGroups	Processed    62,000,000 records.  Elapsed time: 00:15:14s.  Time for last 1,000,000:   16s.  Last read position: chr12:45,772,001
INFO	2016-05-15 00:28:47	AddOrReplaceReadGroups	Processed    63,000,000 records.  Elapsed time: 00:15:28s.  Time for last 1,000,000:   13s.  Last read position: chr12:56,493,424
INFO	2016-05-15 00:29:04	AddOrReplaceReadGroups	Processed    64,000,000 records.  Elapsed time: 00:15:44s.  Time for last 1,000,000:   16s.  Last read position: chr12:90,004,089
INFO	2016-05-15 00:29:17	AddOrReplaceReadGroups	Processed    65,000,000 records.  Elapsed time: 00:15:57s.  Time for last 1,000,000:   13s.  Last read position: chr12:117,681,116
INFO	2016-05-15 00:29:36	AddOrReplaceReadGroups	Processed    66,000,000 records.  Elapsed time: 00:16:16s.  Time for last 1,000,000:   18s.  Last read position: chr13:25,518,564
INFO	2016-05-15 00:29:52	AddOrReplaceReadGroups	Processed    67,000,000 records.  Elapsed time: 00:16:32s.  Time for last 1,000,000:   16s.  Last read position: chr13:77,636,724
INFO	2016-05-15 00:30:08	AddOrReplaceReadGroups	Processed    68,000,000 records.  Elapsed time: 00:16:48s.  Time for last 1,000,000:   16s.  Last read position: chr14:22,580,136
INFO	2016-05-15 00:30:27	AddOrReplaceReadGroups	Processed    69,000,000 records.  Elapsed time: 00:17:07s.  Time for last 1,000,000:   18s.  Last read position: chr14:54,976,655
INFO	2016-05-15 00:30:40	AddOrReplaceReadGroups	Processed    70,000,000 records.  Elapsed time: 00:17:20s.  Time for last 1,000,000:   13s.  Last read position: chr14:81,244,329
INFO	2016-05-15 00:31:00	AddOrReplaceReadGroups	Processed    71,000,000 records.  Elapsed time: 00:17:40s.  Time for last 1,000,000:   20s.  Last read position: chr15:22,692,153
INFO	2016-05-15 00:31:14	AddOrReplaceReadGroups	Processed    72,000,000 records.  Elapsed time: 00:17:54s.  Time for last 1,000,000:   14s.  Last read position: chr15:43,707,605
INFO	2016-05-15 00:31:31	AddOrReplaceReadGroups	Processed    73,000,000 records.  Elapsed time: 00:18:11s.  Time for last 1,000,000:   16s.  Last read position: chr15:66,977,926
INFO	2016-05-15 00:31:44	AddOrReplaceReadGroups	Processed    74,000,000 records.  Elapsed time: 00:18:25s.  Time for last 1,000,000:   13s.  Last read position: chr15:90,213,296
INFO	2016-05-15 00:32:01	AddOrReplaceReadGroups	Processed    75,000,000 records.  Elapsed time: 00:18:42s.  Time for last 1,000,000:   16s.  Last read position: chr16:3,306,625
INFO	2016-05-15 00:32:14	AddOrReplaceReadGroups	Processed    76,000,000 records.  Elapsed time: 00:18:55s.  Time for last 1,000,000:   13s.  Last read position: chr16:28,507,492
INFO	2016-05-15 00:32:32	AddOrReplaceReadGroups	Processed    77,000,000 records.  Elapsed time: 00:19:12s.  Time for last 1,000,000:   17s.  Last read position: chr16:57,784,628
INFO	2016-05-15 00:32:46	AddOrReplaceReadGroups	Processed    78,000,000 records.  Elapsed time: 00:19:26s.  Time for last 1,000,000:   13s.  Last read position: chr16:79,997,998
INFO	2016-05-15 00:33:00	AddOrReplaceReadGroups	Processed    79,000,000 records.  Elapsed time: 00:19:41s.  Time for last 1,000,000:   14s.  Last read position: chr17:4,843,061
INFO	2016-05-15 00:33:15	AddOrReplaceReadGroups	Processed    80,000,000 records.  Elapsed time: 00:19:56s.  Time for last 1,000,000:   15s.  Last read position: chr17:17,700,344
INFO	2016-05-15 00:33:32	AddOrReplaceReadGroups	Processed    81,000,000 records.  Elapsed time: 00:20:13s.  Time for last 1,000,000:   16s.  Last read position: chr17:36,483,590
INFO	2016-05-15 00:33:47	AddOrReplaceReadGroups	Processed    82,000,000 records.  Elapsed time: 00:20:27s.  Time for last 1,000,000:   14s.  Last read position: chr17:45,321,759
INFO	2016-05-15 00:34:04	AddOrReplaceReadGroups	Processed    83,000,000 records.  Elapsed time: 00:20:45s.  Time for last 1,000,000:   17s.  Last read position: chr17:64,874,974
INFO	2016-05-15 00:34:18	AddOrReplaceReadGroups	Processed    84,000,000 records.  Elapsed time: 00:20:59s.  Time for last 1,000,000:   13s.  Last read position: chr17:79,405,393
INFO	2016-05-15 00:34:35	AddOrReplaceReadGroups	Processed    85,000,000 records.  Elapsed time: 00:21:16s.  Time for last 1,000,000:   17s.  Last read position: chr18:32,983,445
INFO	2016-05-15 00:34:51	AddOrReplaceReadGroups	Processed    86,000,000 records.  Elapsed time: 00:21:31s.  Time for last 1,000,000:   15s.  Last read position: chr19:1,465,819
INFO	2016-05-15 00:35:04	AddOrReplaceReadGroups	Processed    87,000,000 records.  Elapsed time: 00:21:44s.  Time for last 1,000,000:   13s.  Last read position: chr19:9,324,883
INFO	2016-05-15 00:35:21	AddOrReplaceReadGroups	Processed    88,000,000 records.  Elapsed time: 00:22:01s.  Time for last 1,000,000:   16s.  Last read position: chr19:17,298,848
INFO	2016-05-15 00:35:38	AddOrReplaceReadGroups	Processed    89,000,000 records.  Elapsed time: 00:22:18s.  Time for last 1,000,000:   17s.  Last read position: chr19:37,487,381
INFO	2016-05-15 00:35:52	AddOrReplaceReadGroups	Processed    90,000,000 records.  Elapsed time: 00:22:32s.  Time for last 1,000,000:   14s.  Last read position: chr19:45,656,011
INFO	2016-05-15 00:36:06	AddOrReplaceReadGroups	Processed    91,000,000 records.  Elapsed time: 00:22:47s.  Time for last 1,000,000:   14s.  Last read position: chr19:52,662,985
INFO	2016-05-15 00:36:21	AddOrReplaceReadGroups	Processed    92,000,000 records.  Elapsed time: 00:23:01s.  Time for last 1,000,000:   14s.  Last read position: chr20:2,843,102
INFO	2016-05-15 00:36:34	AddOrReplaceReadGroups	Processed    93,000,000 records.  Elapsed time: 00:23:14s.  Time for last 1,000,000:   12s.  Last read position: chr20:34,147,201
INFO	2016-05-15 00:36:49	AddOrReplaceReadGroups	Processed    94,000,000 records.  Elapsed time: 00:23:29s.  Time for last 1,000,000:   14s.  Last read position: chr20:57,429,602
INFO	2016-05-15 00:37:07	AddOrReplaceReadGroups	Processed    95,000,000 records.  Elapsed time: 00:23:48s.  Time for last 1,000,000:   18s.  Last read position: chr21:40,403,377
INFO	2016-05-15 00:37:21	AddOrReplaceReadGroups	Processed    96,000,000 records.  Elapsed time: 00:24:02s.  Time for last 1,000,000:   14s.  Last read position: chr22:24,106,276
INFO	2016-05-15 00:37:40	AddOrReplaceReadGroups	Processed    97,000,000 records.  Elapsed time: 00:24:20s.  Time for last 1,000,000:   18s.  Last read position: chr22:40,055,324
INFO	2016-05-15 00:37:56	AddOrReplaceReadGroups	Processed    98,000,000 records.  Elapsed time: 00:24:37s.  Time for last 1,000,000:   16s.  Last read position: chrX:15,682,231
INFO	2016-05-15 00:38:14	AddOrReplaceReadGroups	Processed    99,000,000 records.  Elapsed time: 00:24:55s.  Time for last 1,000,000:   18s.  Last read position: chrX:49,368,247
INFO	2016-05-15 00:38:32	AddOrReplaceReadGroups	Processed   100,000,000 records.  Elapsed time: 00:25:12s.  Time for last 1,000,000:   17s.  Last read position: chrX:89,177,498
INFO	2016-05-15 00:38:46	AddOrReplaceReadGroups	Processed   101,000,000 records.  Elapsed time: 00:25:26s.  Time for last 1,000,000:   14s.  Last read position: chrX:133,559,260
[Sun May 15 00:39:03 EDT 2016] picard.sam.AddOrReplaceReadGroups done. Elapsed time: 25.74 minutes.
Runtime.totalMemory()=395313152
[Sun May 15 00:39:03 EDT 2016] picard.sam.FixMateInformation INPUT=[p_DS_bkm_093-N/p_DS_bkm_093-N.sorted.MarkDup.fixed.bam] OUTPUT=p_DS_bkm_093-N/p_DS_bkm_093-N.sorted.MarkDup.realn.fixed.bam SORT_ORDER=coordinate TMP_DIR=[tmp/flx] VALIDATION_STRINGENCY=LENIENT CREATE_INDEX=true    ASSUME_SORTED=false ADD_MATE_CIGAR=true IGNORE_MISSING_MATES=true VERBOSITY=INFO QUIET=false COMPRESSION_LEVEL=5 MAX_RECORDS_IN_RAM=500000 CREATE_MD5_FILE=false GA4GH_CLIENT_SECRETS=client_secrets.json
[Sun May 15 00:39:03 EDT 2016] Executing as abdelrahman@compute-1-5.local on Linux 2.6.32-279.14.1.el6.x86_64 amd64; Java HotSpot(TM) 64-Bit Server VM 1.8.0_45-b14; Picard version: 2.3.0(9a00c87b7ffdb01cfb5a0d6e76556146196babb8_1463071327) IntelDeflater
INFO	2016-05-15 00:39:03	FixMateInformation	Sorting input into queryname order.
INFO	2016-05-15 01:05:34	FixMateInformation	Sorting by queryname complete.
INFO	2016-05-15 01:05:34	FixMateInformation	Output will be sorted by coordinate
INFO	2016-05-15 01:05:34	FixMateInformation	Traversing query name sorted records and fixing up mate pair information.
INFO	2016-05-15 01:05:55	FixMateInformation	Processed     1,000,000 records.  Elapsed time: 00:00:20s.  Time for last 1,000,000:   20s.  Last read position: chr9:124,044,176
INFO	2016-05-15 01:06:20	FixMateInformation	Processed     2,000,000 records.  Elapsed time: 00:00:46s.  Time for last 1,000,000:   25s.  Last read position: chr20:36,989,268
INFO	2016-05-15 01:06:46	FixMateInformation	Processed     3,000,000 records.  Elapsed time: 00:01:11s.  Time for last 1,000,000:   25s.  Last read position: chr4:16,193,064
INFO	2016-05-15 01:07:06	FixMateInformation	Processed     4,000,000 records.  Elapsed time: 00:01:31s.  Time for last 1,000,000:   20s.  Last read position: chr1:162,688,885
INFO	2016-05-15 01:07:30	FixMateInformation	Processed     5,000,000 records.  Elapsed time: 00:01:56s.  Time for last 1,000,000:   24s.  Last read position: chr1:244,624,917
INFO	2016-05-15 01:07:50	FixMateInformation	Processed     6,000,000 records.  Elapsed time: 00:02:16s.  Time for last 1,000,000:   20s.  Last read position: chr2:103,274,215
INFO	2016-05-15 01:08:14	FixMateInformation	Processed     7,000,000 records.  Elapsed time: 00:02:39s.  Time for last 1,000,000:   23s.  Last read position: chr9:99,252,418
INFO	2016-05-15 01:08:35	FixMateInformation	Processed     8,000,000 records.  Elapsed time: 00:03:01s.  Time for last 1,000,000:   21s.  Last read position: chr19:56,028,925
INFO	2016-05-15 01:08:59	FixMateInformation	Processed     9,000,000 records.  Elapsed time: 00:03:25s.  Time for last 1,000,000:   24s.  Last read position: chr1:38,158,086
INFO	2016-05-15 01:09:21	FixMateInformation	Processed    10,000,000 records.  Elapsed time: 00:03:47s.  Time for last 1,000,000:   21s.  Last read position: chr18:43,432,563
INFO	2016-05-15 01:09:45	FixMateInformation	Processed    11,000,000 records.  Elapsed time: 00:04:11s.  Time for last 1,000,000:   23s.  Last read position: chr2:54,120,031
INFO	2016-05-15 01:10:08	FixMateInformation	Processed    12,000,000 records.  Elapsed time: 00:04:34s.  Time for last 1,000,000:   23s.  Last read position: chr19:54,760,650
INFO	2016-05-15 01:10:28	FixMateInformation	Processed    13,000,000 records.  Elapsed time: 00:04:54s.  Time for last 1,000,000:   19s.  Last read position: chr6:133,137,913
INFO	2016-05-15 01:10:51	FixMateInformation	Processed    14,000,000 records.  Elapsed time: 00:05:17s.  Time for last 1,000,000:   23s.  Last read position: chr2:208,794,679
INFO	2016-05-15 01:11:14	FixMateInformation	Processed    15,000,000 records.  Elapsed time: 00:05:39s.  Time for last 1,000,000:   22s.  Last read position: chr6:30,630,698
INFO	2016-05-15 01:11:33	FixMateInformation	Processed    16,000,000 records.  Elapsed time: 00:05:59s.  Time for last 1,000,000:   19s.  Last read position: chr12:69,129,183
INFO	2016-05-15 01:11:52	FixMateInformation	Processed    17,000,000 records.  Elapsed time: 00:06:18s.  Time for last 1,000,000:   19s.  Last read position: chr21:34,634,841
INFO	2016-05-15 01:12:14	FixMateInformation	Processed    18,000,000 records.  Elapsed time: 00:06:40s.  Time for last 1,000,000:   22s.  Last read position: chr14:73,653,542
INFO	2016-05-15 01:12:36	FixMateInformation	Processed    19,000,000 records.  Elapsed time: 00:07:02s.  Time for last 1,000,000:   21s.  Last read position: chr8:110,476,838
INFO	2016-05-15 01:12:58	FixMateInformation	Processed    20,000,000 records.  Elapsed time: 00:07:24s.  Time for last 1,000,000:   22s.  Last read position: chr1:205,779,320
INFO	2016-05-15 01:13:17	FixMateInformation	Processed    21,000,000 records.  Elapsed time: 00:07:42s.  Time for last 1,000,000:   18s.  Last read position: chr14:24,702,602
INFO	2016-05-15 01:13:38	FixMateInformation	Processed    22,000,000 records.  Elapsed time: 00:08:04s.  Time for last 1,000,000:   21s.  Last read position: chr1:160,325,389
INFO	2016-05-15 01:14:02	FixMateInformation	Processed    23,000,000 records.  Elapsed time: 00:08:27s.  Time for last 1,000,000:   23s.  Last read position: chr22:30,980,465
INFO	2016-05-15 01:14:28	FixMateInformation	Processed    24,000,000 records.  Elapsed time: 00:08:53s.  Time for last 1,000,000:   25s.  Last read position: chrX:106,108,827
INFO	2016-05-15 01:14:53	FixMateInformation	Processed    25,000,000 records.  Elapsed time: 00:09:19s.  Time for last 1,000,000:   25s.  Last read position: chr20:60,921,850
INFO	2016-05-15 01:15:17	FixMateInformation	Processed    26,000,000 records.  Elapsed time: 00:09:42s.  Time for last 1,000,000:   23s.  Last read position: chrX:130,419,633
INFO	2016-05-15 01:15:39	FixMateInformation	Processed    27,000,000 records.  Elapsed time: 00:10:05s.  Time for last 1,000,000:   22s.  Last read position: chr9:36,930,790
INFO	2016-05-15 01:15:59	FixMateInformation	Processed    28,000,000 records.  Elapsed time: 00:10:25s.  Time for last 1,000,000:   19s.  Last read position: chr9:131,767,589
INFO	2016-05-15 01:16:22	FixMateInformation	Processed    29,000,000 records.  Elapsed time: 00:10:47s.  Time for last 1,000,000:   22s.  Last read position: chr16:81,278,989
INFO	2016-05-15 01:16:42	FixMateInformation	Processed    30,000,000 records.  Elapsed time: 00:11:07s.  Time for last 1,000,000:   19s.  Last read position: chr2:186,654,814
INFO	2016-05-15 01:17:04	FixMateInformation	Processed    31,000,000 records.  Elapsed time: 00:11:29s.  Time for last 1,000,000:   22s.  Last read position: chr17:39,673,435
INFO	2016-05-15 01:17:23	FixMateInformation	Processed    32,000,000 records.  Elapsed time: 00:11:49s.  Time for last 1,000,000:   19s.  Last read position: chr22:43,023,515
INFO	2016-05-15 01:17:43	FixMateInformation	Processed    33,000,000 records.  Elapsed time: 00:12:09s.  Time for last 1,000,000:   19s.  Last read position: chr11:93,412,419
INFO	2016-05-15 01:18:03	FixMateInformation	Processed    34,000,000 records.  Elapsed time: 00:12:29s.  Time for last 1,000,000:   20s.  Last read position: chr1:95,367,193
INFO	2016-05-15 01:18:25	FixMateInformation	Processed    35,000,000 records.  Elapsed time: 00:12:51s.  Time for last 1,000,000:   21s.  Last read position: chr6:32,819,987
INFO	2016-05-15 01:18:45	FixMateInformation	Processed    36,000,000 records.  Elapsed time: 00:13:11s.  Time for last 1,000,000:   19s.  Last read position: chr19:14,827,782
INFO	2016-05-15 01:19:06	FixMateInformation	Processed    37,000,000 records.  Elapsed time: 00:13:32s.  Time for last 1,000,000:   21s.  Last read position: chr20:3,543,066
INFO	2016-05-15 01:19:27	FixMateInformation	Processed    38,000,000 records.  Elapsed time: 00:13:52s.  Time for last 1,000,000:   20s.  Last read position: chr16:71,127,693
INFO	2016-05-15 01:19:46	FixMateInformation	Processed    39,000,000 records.  Elapsed time: 00:14:12s.  Time for last 1,000,000:   19s.  Last read position: chr9:35,231,211
INFO	2016-05-15 01:20:06	FixMateInformation	Processed    40,000,000 records.  Elapsed time: 00:14:31s.  Time for last 1,000,000:   19s.  Last read position: chr2:179,458,551
INFO	2016-05-15 01:20:26	FixMateInformation	Processed    41,000,000 records.  Elapsed time: 00:14:52s.  Time for last 1,000,000:   20s.  Last read position: chr14:90,358,141
INFO	2016-05-15 01:20:46	FixMateInformation	Processed    42,000,000 records.  Elapsed time: 00:15:12s.  Time for last 1,000,000:   20s.  Last read position: chr11:77,850,486
INFO	2016-05-15 01:21:07	FixMateInformation	Processed    43,000,000 records.  Elapsed time: 00:15:32s.  Time for last 1,000,000:   20s.  Last read position: chr2:74,650,968
INFO	2016-05-15 01:21:27	FixMateInformation	Processed    44,000,000 records.  Elapsed time: 00:15:52s.  Time for last 1,000,000:   20s.  Last read position: chr19:18,860,823
INFO	2016-05-15 01:21:48	FixMateInformation	Processed    45,000,000 records.  Elapsed time: 00:16:13s.  Time for last 1,000,000:   21s.  Last read position: chr1:86,905,761
INFO	2016-05-15 01:22:09	FixMateInformation	Processed    46,000,000 records.  Elapsed time: 00:16:35s.  Time for last 1,000,000:   21s.  Last read position: chr7:107,564,894
INFO	2016-05-15 01:22:29	FixMateInformation	Processed    47,000,000 records.  Elapsed time: 00:16:55s.  Time for last 1,000,000:   19s.  Last read position: chr19:2,132,372
INFO	2016-05-15 01:22:50	FixMateInformation	Processed    48,000,000 records.  Elapsed time: 00:17:15s.  Time for last 1,000,000:   20s.  Last read position: chr6:117,923,378
INFO	2016-05-15 01:23:09	FixMateInformation	Processed    49,000,000 records.  Elapsed time: 00:17:34s.  Time for last 1,000,000:   18s.  Last read position: chr17:42,153,477
INFO	2016-05-15 01:23:29	FixMateInformation	Processed    50,000,000 records.  Elapsed time: 00:17:55s.  Time for last 1,000,000:   20s.  Last read position: chr7:82,581,620
INFO	2016-05-15 01:23:53	FixMateInformation	Processed    51,000,000 records.  Elapsed time: 00:18:18s.  Time for last 1,000,000:   23s.  Last read position: chr16:30,667,692
INFO	2016-05-15 01:24:15	FixMateInformation	Processed    52,000,000 records.  Elapsed time: 00:18:41s.  Time for last 1,000,000:   22s.  Last read position: chr3:157,155,287
INFO	2016-05-15 01:24:35	FixMateInformation	Processed    53,000,000 records.  Elapsed time: 00:19:00s.  Time for last 1,000,000:   19s.  Last read position: chr18:5,478,208
INFO	2016-05-15 01:24:58	FixMateInformation	Processed    54,000,000 records.  Elapsed time: 00:19:24s.  Time for last 1,000,000:   23s.  Last read position: chr6:29,759,510
INFO	2016-05-15 01:25:17	FixMateInformation	Processed    55,000,000 records.  Elapsed time: 00:19:43s.  Time for last 1,000,000:   19s.  Last read position: chr13:96,592,109
INFO	2016-05-15 01:25:35	FixMateInformation	Processed    56,000,000 records.  Elapsed time: 00:20:01s.  Time for last 1,000,000:   18s.  Last read position: chr6:137,151,110
INFO	2016-05-15 01:25:57	FixMateInformation	Processed    57,000,000 records.  Elapsed time: 00:20:22s.  Time for last 1,000,000:   21s.  Last read position: chr14:74,823,715
INFO	2016-05-15 01:26:17	FixMateInformation	Processed    58,000,000 records.  Elapsed time: 00:20:43s.  Time for last 1,000,000:   20s.  Last read position: chr8:101,733,715
INFO	2016-05-15 01:26:38	FixMateInformation	Processed    59,000,000 records.  Elapsed time: 00:21:03s.  Time for last 1,000,000:   20s.  Last read position: chr15:43,319,084
INFO	2016-05-15 01:26:57	FixMateInformation	Processed    60,000,000 records.  Elapsed time: 00:21:22s.  Time for last 1,000,000:   18s.  Last read position: chr6:132,824,491
INFO	2016-05-15 01:27:15	FixMateInformation	Processed    61,000,000 records.  Elapsed time: 00:21:41s.  Time for last 1,000,000:   18s.  Last read position: chr15:40,328,476
INFO	2016-05-15 01:27:34	FixMateInformation	Processed    62,000,000 records.  Elapsed time: 00:22:00s.  Time for last 1,000,000:   18s.  Last read position: chr3:3,081,795
INFO	2016-05-15 01:28:01	FixMateInformation	Processed    63,000,000 records.  Elapsed time: 00:22:27s.  Time for last 1,000,000:   26s.  Last read position: chr6:34,078,342
INFO	2016-05-15 01:28:20	FixMateInformation	Processed    64,000,000 records.  Elapsed time: 00:22:45s.  Time for last 1,000,000:   18s.  Last read position: chr4:87,689,291
INFO	2016-05-15 01:28:40	FixMateInformation	Processed    65,000,000 records.  Elapsed time: 00:23:06s.  Time for last 1,000,000:   20s.  Last read position: chr2:170,175,526
INFO	2016-05-15 01:29:01	FixMateInformation	Processed    66,000,000 records.  Elapsed time: 00:23:27s.  Time for last 1,000,000:   21s.  Last read position: chr11:112,039,951
INFO	2016-05-15 01:29:23	FixMateInformation	Processed    67,000,000 records.  Elapsed time: 00:23:49s.  Time for last 1,000,000:   22s.  Last read position: chr19:46,216,080
INFO	2016-05-15 01:29:44	FixMateInformation	Processed    68,000,000 records.  Elapsed time: 00:24:10s.  Time for last 1,000,000:   21s.  Last read position: chr13:84,453,964
INFO	2016-05-15 01:30:03	FixMateInformation	Processed    69,000,000 records.  Elapsed time: 00:24:29s.  Time for last 1,000,000:   18s.  Last read position: chr2:74,720,052
INFO	2016-05-15 01:30:25	FixMateInformation	Processed    70,000,000 records.  Elapsed time: 00:24:50s.  Time for last 1,000,000:   21s.  Last read position: chr22:50,216,915
INFO	2016-05-15 01:30:45	FixMateInformation	Processed    71,000,000 records.  Elapsed time: 00:25:11s.  Time for last 1,000,000:   20s.  Last read position: chrX:14,868,529
INFO	2016-05-15 01:31:05	FixMateInformation	Processed    72,000,000 records.  Elapsed time: 00:25:31s.  Time for last 1,000,000:   19s.  Last read position: chr7:138,266,425
INFO	2016-05-15 01:31:26	FixMateInformation	Processed    73,000,000 records.  Elapsed time: 00:25:52s.  Time for last 1,000,000:   21s.  Last read position: chr10:73,562,720
INFO	2016-05-15 01:31:47	FixMateInformation	Processed    74,000,000 records.  Elapsed time: 00:26:12s.  Time for last 1,000,000:   20s.  Last read position: chr20:57,429,388
INFO	2016-05-15 01:32:07	FixMateInformation	Processed    75,000,000 records.  Elapsed time: 00:26:32s.  Time for last 1,000,000:   19s.  Last read position: chr5:180,218,809
INFO	2016-05-15 01:32:27	FixMateInformation	Processed    76,000,000 records.  Elapsed time: 00:26:52s.  Time for last 1,000,000:   19s.  Last read position: chr14:57,741,112
INFO	2016-05-15 01:32:45	FixMateInformation	Processed    77,000,000 records.  Elapsed time: 00:27:11s.  Time for last 1,000,000:   18s.  Last read position: chr15:44,918,532
INFO	2016-05-15 01:33:06	FixMateInformation	Processed    78,000,000 records.  Elapsed time: 00:27:31s.  Time for last 1,000,000:   20s.  Last read position: chr13:110,831,725
INFO	2016-05-15 01:33:26	FixMateInformation	Processed    79,000,000 records.  Elapsed time: 00:27:52s.  Time for last 1,000,000:   20s.  Last read position: chr7:98,601,841
INFO	2016-05-15 01:33:44	FixMateInformation	Processed    80,000,000 records.  Elapsed time: 00:28:09s.  Time for last 1,000,000:   17s.  Last read position: chr4:118,976,146
INFO	2016-05-15 01:34:05	FixMateInformation	Processed    81,000,000 records.  Elapsed time: 00:28:31s.  Time for last 1,000,000:   21s.  Last read position: chr15:43,813,479
INFO	2016-05-15 01:34:26	FixMateInformation	Processed    82,000,000 records.  Elapsed time: 00:28:51s.  Time for last 1,000,000:   20s.  Last read position: chr2:27,685,571
INFO	2016-05-15 01:34:45	FixMateInformation	Processed    83,000,000 records.  Elapsed time: 00:29:10s.  Time for last 1,000,000:   19s.  Last read position: chr3:129,613,229
INFO	2016-05-15 01:35:05	FixMateInformation	Processed    84,000,000 records.  Elapsed time: 00:29:30s.  Time for last 1,000,000:   19s.  Last read position: chr4:10,446,736
INFO	2016-05-15 01:35:26	FixMateInformation	Processed    85,000,000 records.  Elapsed time: 00:29:51s.  Time for last 1,000,000:   20s.  Last read position: chr16:20,974,775
INFO	2016-05-15 01:35:46	FixMateInformation	Processed    86,000,000 records.  Elapsed time: 00:30:12s.  Time for last 1,000,000:   20s.  Last read position: chr17:1,715,112
INFO	2016-05-15 01:36:05	FixMateInformation	Processed    87,000,000 records.  Elapsed time: 00:30:31s.  Time for last 1,000,000:   19s.  Last read position: chr14:37,967,157
INFO	2016-05-15 01:36:25	FixMateInformation	Processed    88,000,000 records.  Elapsed time: 00:30:51s.  Time for last 1,000,000:   20s.  Last read position: chr3:10,343,070
INFO	2016-05-15 01:36:48	FixMateInformation	Processed    89,000,000 records.  Elapsed time: 00:31:14s.  Time for last 1,000,000:   23s.  Last read position: chr12:78,536,974
INFO	2016-05-15 01:37:07	FixMateInformation	Processed    90,000,000 records.  Elapsed time: 00:31:32s.  Time for last 1,000,000:   18s.  Last read position: chr2:230,135,826
INFO	2016-05-15 01:37:29	FixMateInformation	Processed    91,000,000 records.  Elapsed time: 00:31:55s.  Time for last 1,000,000:   22s.  Last read position: chr12:48,165,856
INFO	2016-05-15 01:37:49	FixMateInformation	Processed    92,000,000 records.  Elapsed time: 00:32:14s.  Time for last 1,000,000:   19s.  Last read position: chr16:13,297,151
INFO	2016-05-15 01:38:07	FixMateInformation	Processed    93,000,000 records.  Elapsed time: 00:32:33s.  Time for last 1,000,000:   18s.  Last read position: chr17:8,644,795
INFO	2016-05-15 01:38:28	FixMateInformation	Processed    94,000,000 records.  Elapsed time: 00:32:54s.  Time for last 1,000,000:   20s.  Last read position: chr3:112,301,543
INFO	2016-05-15 01:38:48	FixMateInformation	Processed    95,000,000 records.  Elapsed time: 00:33:14s.  Time for last 1,000,000:   19s.  Last read position: chr1:93,297,882
INFO	2016-05-15 01:39:06	FixMateInformation	Processed    96,000,000 records.  Elapsed time: 00:33:32s.  Time for last 1,000,000:   18s.  Last read position: chrX:49,158,282
INFO	2016-05-15 01:39:29	FixMateInformation	Processed    97,000,000 records.  Elapsed time: 00:33:55s.  Time for last 1,000,000:   23s.  Last read position: chr4:134,085,134
INFO	2016-05-15 01:39:49	FixMateInformation	Processed    98,000,000 records.  Elapsed time: 00:34:15s.  Time for last 1,000,000:   20s.  Last read position: chr19:56,029,674
INFO	2016-05-15 01:40:11	FixMateInformation	Processed    99,000,000 records.  Elapsed time: 00:34:37s.  Time for last 1,000,000:   22s.  Last read position: chrX:69,665,085
INFO	2016-05-15 01:40:33	FixMateInformation	Processed   100,000,000 records.  Elapsed time: 00:34:59s.  Time for last 1,000,000:   21s.  Last read position: chr8:6,669,098
INFO	2016-05-15 01:40:52	FixMateInformation	Processed   101,000,000 records.  Elapsed time: 00:35:18s.  Time for last 1,000,000:   19s.  Last read position: chr14:105,398,158
INFO	2016-05-15 01:41:18	FixMateInformation	Finished processing reads; re-sorting output file.
[Sun May 15 02:08:33 EDT 2016] picard.sam.FixMateInformation done. Elapsed time: 89.50 minutes.
Runtime.totalMemory()=2144862208
