[Sun Jun 12 16:37:31 EDT 2016] picard.sam.SortSam INPUT=p_DS_bkm_129-T2.sam OUTPUT=p_DS_bkm_129-T2/p_DS_bkm_129-T2.sorted.bam SORT_ORDER=coordinate TMP_DIR=[tmp_WT] VALIDATION_STRINGENCY=LENIENT CREATE_INDEX=true    VERBOSITY=INFO QUIET=false COMPRESSION_LEVEL=5 MAX_RECORDS_IN_RAM=500000 CREATE_MD5_FILE=false GA4GH_CLIENT_SECRETS=client_secrets.json
[Sun Jun 12 16:37:31 EDT 2016] Executing as abdelrahman@compute-1-3.local on Linux 2.6.32-279.14.1.el6.x86_64 amd64; Java HotSpot(TM) 64-Bit Server VM 1.8.0_45-b14; Picard version: 2.3.0(9a00c87b7ffdb01cfb5a0d6e76556146196babb8_1463071327) IntelDeflater
INFO	2016-06-12 16:40:48	SortSam	Read    10,000,000 records.  Elapsed time: 00:03:16s.  Time for last 10,000,000:  196s.  Last read position: chr11:26,505,791
INFO	2016-06-12 16:43:59	SortSam	Read    20,000,000 records.  Elapsed time: 00:06:26s.  Time for last 10,000,000:  190s.  Last read position: chr2:160,738,716
INFO	2016-06-12 16:47:04	SortSam	Read    30,000,000 records.  Elapsed time: 00:09:32s.  Time for last 10,000,000:  185s.  Last read position: chr3:124,720,791
INFO	2016-06-12 16:50:12	SortSam	Read    40,000,000 records.  Elapsed time: 00:12:40s.  Time for last 10,000,000:  187s.  Last read position: chr10:111,572,129
INFO	2016-06-12 16:53:13	SortSam	Read    50,000,000 records.  Elapsed time: 00:15:41s.  Time for last 10,000,000:  181s.  Last read position: chr5:50,092,874
INFO	2016-06-12 16:56:23	SortSam	Read    60,000,000 records.  Elapsed time: 00:18:50s.  Time for last 10,000,000:  189s.  Last read position: chr19:17,351,475
INFO	2016-06-12 16:59:34	SortSam	Read    70,000,000 records.  Elapsed time: 00:22:02s.  Time for last 10,000,000:  191s.  Last read position: chr1:62,393,401
INFO	2016-06-12 17:02:45	SortSam	Read    80,000,000 records.  Elapsed time: 00:25:12s.  Time for last 10,000,000:  190s.  Last read position: chr1:2,100,761
INFO	2016-06-12 17:05:48	SortSam	Read    90,000,000 records.  Elapsed time: 00:28:16s.  Time for last 10,000,000:  183s.  Last read position: chr12:9,311,083
INFO	2016-06-12 17:08:54	SortSam	Read   100,000,000 records.  Elapsed time: 00:31:22s.  Time for last 10,000,000:  185s.  Last read position: chr17:41,719,204
INFO	2016-06-12 17:11:59	SortSam	Read   110,000,000 records.  Elapsed time: 00:34:27s.  Time for last 10,000,000:  185s.  Last read position: chr6:132,012,568
INFO	2016-06-12 17:15:00	SortSam	Read   120,000,000 records.  Elapsed time: 00:37:28s.  Time for last 10,000,000:  181s.  Last read position: chr5:139,908,042
INFO	2016-06-12 17:17:57	SortSam	Read   130,000,000 records.  Elapsed time: 00:40:24s.  Time for last 10,000,000:  176s.  Last read position: chr19:58,870,455
INFO	2016-06-12 17:20:54	SortSam	Read   140,000,000 records.  Elapsed time: 00:43:22s.  Time for last 10,000,000:  177s.  Last read position: chr2:85,051,132
INFO	2016-06-12 17:21:17	SortSam	Finished reading inputs, merging and writing to output now.
INFO	2016-06-12 17:28:27	SortSam	Wrote    10,000,000 records from a sorting collection.  Elapsed time: 00:50:54s.  Time for last 10,000,000:  192s.  Last read position: chr1:177,249,969
INFO	2016-06-12 17:30:56	SortSam	Wrote    20,000,000 records from a sorting collection.  Elapsed time: 00:53:24s.  Time for last 10,000,000:  149s.  Last read position: chr2:142,301,720
INFO	2016-06-12 17:33:33	SortSam	Wrote    30,000,000 records from a sorting collection.  Elapsed time: 00:56:01s.  Time for last 10,000,000:  157s.  Last read position: chr3:58,552,827
INFO	2016-06-12 17:37:34	SortSam	Wrote    40,000,000 records from a sorting collection.  Elapsed time: 01:00:02s.  Time for last 10,000,000:  241s.  Last read position: chr4:169,383,133
INFO	2016-06-12 17:41:53	SortSam	Wrote    50,000,000 records from a sorting collection.  Elapsed time: 01:04:20s.  Time for last 10,000,000:  258s.  Last read position: chr6:31,922,514
INFO	2016-06-12 17:45:45	SortSam	Wrote    60,000,000 records from a sorting collection.  Elapsed time: 01:08:12s.  Time for last 10,000,000:  232s.  Last read position: chr7:128,457,626
INFO	2016-06-12 17:51:10	SortSam	Wrote    70,000,000 records from a sorting collection.  Elapsed time: 01:13:38s.  Time for last 10,000,000:  325s.  Last read position: chr9:103,109,106
INFO	2016-06-12 17:54:38	SortSam	Wrote    80,000,000 records from a sorting collection.  Elapsed time: 01:17:06s.  Time for last 10,000,000:  208s.  Last read position: chr11:32,437,995
INFO	2016-06-12 17:57:12	SortSam	Wrote    90,000,000 records from a sorting collection.  Elapsed time: 01:19:40s.  Time for last 10,000,000:  153s.  Last read position: chr12:49,156,488
INFO	2016-06-12 17:59:50	SortSam	Wrote   100,000,000 records from a sorting collection.  Elapsed time: 01:22:18s.  Time for last 10,000,000:  158s.  Last read position: chr14:104,278,458
INFO	2016-06-12 18:02:39	SortSam	Wrote   110,000,000 records from a sorting collection.  Elapsed time: 01:25:06s.  Time for last 10,000,000:  168s.  Last read position: chr16:87,445,423
INFO	2016-06-12 18:05:28	SortSam	Wrote   120,000,000 records from a sorting collection.  Elapsed time: 01:27:55s.  Time for last 10,000,000:  168s.  Last read position: chr19:2,247,592
INFO	2016-06-12 18:08:41	SortSam	Wrote   130,000,000 records from a sorting collection.  Elapsed time: 01:31:09s.  Time for last 10,000,000:  193s.  Last read position: chr20:55,974,948
INFO	2016-06-12 18:11:17	SortSam	Wrote   140,000,000 records from a sorting collection.  Elapsed time: 01:33:44s.  Time for last 10,000,000:  155s.  Last read position: chrX:150,869,043
[Sun Jun 12 18:11:41 EDT 2016] picard.sam.SortSam done. Elapsed time: 94.16 minutes.
Runtime.totalMemory()=1031798784
[Sun Jun 12 18:11:42 EDT 2016] picard.sam.markduplicates.MarkDuplicates INPUT=[p_DS_bkm_129-T2/p_DS_bkm_129-T2.sorted.bam] OUTPUT=p_DS_bkm_129-T2/p_DS_bkm_129-T2.sorted.MarkDup.bam METRICS_FILE=MarkDup_metrics TMP_DIR=[tmp] VALIDATION_STRINGENCY=SILENT CREATE_INDEX=true    MAX_SEQUENCES_FOR_DISK_READ_ENDS_MAP=50000 MAX_FILE_HANDLES_FOR_READ_ENDS_MAP=8000 SORTING_COLLECTION_SIZE_RATIO=0.25 REMOVE_SEQUENCING_DUPLICATES=false TAGGING_POLICY=DontTag REMOVE_DUPLICATES=false ASSUME_SORTED=false DUPLICATE_SCORING_STRATEGY=SUM_OF_BASE_QUALITIES PROGRAM_RECORD_ID=MarkDuplicates PROGRAM_GROUP_NAME=MarkDuplicates READ_NAME_REGEX=<optimized capture of last three ':' separated fields as numeric values> OPTICAL_DUPLICATE_PIXEL_DISTANCE=100 VERBOSITY=INFO QUIET=false COMPRESSION_LEVEL=5 MAX_RECORDS_IN_RAM=500000 CREATE_MD5_FILE=false GA4GH_CLIENT_SECRETS=client_secrets.json
[Sun Jun 12 18:11:42 EDT 2016] Executing as abdelrahman@compute-1-3.local on Linux 2.6.32-279.14.1.el6.x86_64 amd64; Java HotSpot(TM) 64-Bit Server VM 1.8.0_45-b14; Picard version: 2.3.0(9a00c87b7ffdb01cfb5a0d6e76556146196babb8_1463071327) IntelDeflater
INFO	2016-06-12 18:11:42	MarkDuplicates	Start of doWork freeMemory: 502229088; totalMemory: 506462208; maxMemory: 13362528256
INFO	2016-06-12 18:11:42	MarkDuplicates	Reading input file and constructing read end information.
INFO	2016-06-12 18:11:42	MarkDuplicates	Will retain up to 51394339 data points before spilling to disk.
INFO	2016-06-12 18:11:49	MarkDuplicates	Read     1,000,000 records.  Elapsed time: 00:00:06s.  Time for last 1,000,000:    6s.  Last read position: chr1:16,530,741
INFO	2016-06-12 18:11:49	MarkDuplicates	Tracking 3116 as yet unmatched pairs. 231 records in RAM.
INFO	2016-06-12 18:11:55	MarkDuplicates	Read     2,000,000 records.  Elapsed time: 00:00:12s.  Time for last 1,000,000:    6s.  Last read position: chr1:32,741,552
INFO	2016-06-12 18:11:55	MarkDuplicates	Tracking 5538 as yet unmatched pairs. 431 records in RAM.
INFO	2016-06-12 18:11:59	MarkDuplicates	Read     3,000,000 records.  Elapsed time: 00:00:16s.  Time for last 1,000,000:    4s.  Last read position: chr1:41,475,891
INFO	2016-06-12 18:11:59	MarkDuplicates	Tracking 7339 as yet unmatched pairs. 539 records in RAM.
INFO	2016-06-12 18:12:04	MarkDuplicates	Read     4,000,000 records.  Elapsed time: 00:00:21s.  Time for last 1,000,000:    4s.  Last read position: chr1:47,045,997
INFO	2016-06-12 18:12:04	MarkDuplicates	Tracking 8896 as yet unmatched pairs. 602 records in RAM.
INFO	2016-06-12 18:12:09	MarkDuplicates	Read     5,000,000 records.  Elapsed time: 00:00:26s.  Time for last 1,000,000:    5s.  Last read position: chr1:68,613,852
INFO	2016-06-12 18:12:09	MarkDuplicates	Tracking 11308 as yet unmatched pairs. 734 records in RAM.
INFO	2016-06-12 18:12:14	MarkDuplicates	Read     6,000,000 records.  Elapsed time: 00:00:31s.  Time for last 1,000,000:    4s.  Last read position: chr1:110,152,612
INFO	2016-06-12 18:12:14	MarkDuplicates	Tracking 14408 as yet unmatched pairs. 781 records in RAM.
INFO	2016-06-12 18:12:20	MarkDuplicates	Read     7,000,000 records.  Elapsed time: 00:00:37s.  Time for last 1,000,000:    6s.  Last read position: chr1:146,766,063
INFO	2016-06-12 18:12:20	MarkDuplicates	Tracking 16840 as yet unmatched pairs. 849 records in RAM.
INFO	2016-06-12 18:12:23	MarkDuplicates	Read     8,000,000 records.  Elapsed time: 00:00:40s.  Time for last 1,000,000:    3s.  Last read position: chr1:154,905,259
INFO	2016-06-12 18:12:23	MarkDuplicates	Tracking 18406 as yet unmatched pairs. 748 records in RAM.
INFO	2016-06-12 18:12:28	MarkDuplicates	Read     9,000,000 records.  Elapsed time: 00:00:45s.  Time for last 1,000,000:    4s.  Last read position: chr1:160,195,362
INFO	2016-06-12 18:12:28	MarkDuplicates	Tracking 19831 as yet unmatched pairs. 765 records in RAM.
INFO	2016-06-12 18:12:31	MarkDuplicates	Read    10,000,000 records.  Elapsed time: 00:00:48s.  Time for last 1,000,000:    3s.  Last read position: chr1:177,249,969
INFO	2016-06-12 18:12:31	MarkDuplicates	Tracking 21917 as yet unmatched pairs. 738 records in RAM.
INFO	2016-06-12 18:12:36	MarkDuplicates	Read    11,000,000 records.  Elapsed time: 00:00:53s.  Time for last 1,000,000:    5s.  Last read position: chr1:201,356,312
INFO	2016-06-12 18:12:36	MarkDuplicates	Tracking 24247 as yet unmatched pairs. 561 records in RAM.
INFO	2016-06-12 18:12:40	MarkDuplicates	Read    12,000,000 records.  Elapsed time: 00:00:57s.  Time for last 1,000,000:    3s.  Last read position: chr1:214,170,539
INFO	2016-06-12 18:12:40	MarkDuplicates	Tracking 26080 as yet unmatched pairs. 457 records in RAM.
INFO	2016-06-12 18:12:49	MarkDuplicates	Read    13,000,000 records.  Elapsed time: 00:01:06s.  Time for last 1,000,000:    8s.  Last read position: chr1:229,606,503
INFO	2016-06-12 18:12:49	MarkDuplicates	Tracking 28080 as yet unmatched pairs. 279 records in RAM.
INFO	2016-06-12 18:12:53	MarkDuplicates	Read    14,000,000 records.  Elapsed time: 00:01:10s.  Time for last 1,000,000:    4s.  Last read position: chr1:246,940,521
INFO	2016-06-12 18:12:53	MarkDuplicates	Tracking 30427 as yet unmatched pairs. 89 records in RAM.
INFO	2016-06-12 18:12:59	MarkDuplicates	Read    15,000,000 records.  Elapsed time: 00:01:16s.  Time for last 1,000,000:    6s.  Last read position: chr2:27,700,945
INFO	2016-06-12 18:12:59	MarkDuplicates	Tracking 33019 as yet unmatched pairs. 4980 records in RAM.
INFO	2016-06-12 18:13:03	MarkDuplicates	Read    16,000,000 records.  Elapsed time: 00:01:20s.  Time for last 1,000,000:    4s.  Last read position: chr2:47,613,754
INFO	2016-06-12 18:13:03	MarkDuplicates	Tracking 52370 as yet unmatched pairs. 4013 records in RAM.
INFO	2016-06-12 18:13:11	MarkDuplicates	Read    17,000,000 records.  Elapsed time: 00:01:28s.  Time for last 1,000,000:    7s.  Last read position: chr2:70,315,281
INFO	2016-06-12 18:13:11	MarkDuplicates	Tracking 54552 as yet unmatched pairs. 3789 records in RAM.
INFO	2016-06-12 18:13:15	MarkDuplicates	Read    18,000,000 records.  Elapsed time: 00:01:32s.  Time for last 1,000,000:    3s.  Last read position: chr2:85,888,527
INFO	2016-06-12 18:13:15	MarkDuplicates	Tracking 55922 as yet unmatched pairs. 3504 records in RAM.
INFO	2016-06-12 18:13:20	MarkDuplicates	Read    19,000,000 records.  Elapsed time: 00:01:37s.  Time for last 1,000,000:    5s.  Last read position: chr2:111,415,090
INFO	2016-06-12 18:13:20	MarkDuplicates	Tracking 58357 as yet unmatched pairs. 3190 records in RAM.
INFO	2016-06-12 18:13:24	MarkDuplicates	Read    20,000,000 records.  Elapsed time: 00:01:41s.  Time for last 1,000,000:    4s.  Last read position: chr2:142,301,720
INFO	2016-06-12 18:13:24	MarkDuplicates	Tracking 61914 as yet unmatched pairs. 2689 records in RAM.
INFO	2016-06-12 18:13:31	MarkDuplicates	Read    21,000,000 records.  Elapsed time: 00:01:47s.  Time for last 1,000,000:    6s.  Last read position: chr2:167,262,861
INFO	2016-06-12 18:13:31	MarkDuplicates	Tracking 64005 as yet unmatched pairs. 2330 records in RAM.
INFO	2016-06-12 18:13:34	MarkDuplicates	Read    22,000,000 records.  Elapsed time: 00:01:51s.  Time for last 1,000,000:    3s.  Last read position: chr2:179,443,541
INFO	2016-06-12 18:13:34	MarkDuplicates	Tracking 65429 as yet unmatched pairs. 2107 records in RAM.
INFO	2016-06-12 18:13:42	MarkDuplicates	Read    23,000,000 records.  Elapsed time: 00:01:59s.  Time for last 1,000,000:    7s.  Last read position: chr2:196,824,985
INFO	2016-06-12 18:13:42	MarkDuplicates	Tracking 66809 as yet unmatched pairs. 1636 records in RAM.
INFO	2016-06-12 18:13:46	MarkDuplicates	Read    24,000,000 records.  Elapsed time: 00:02:03s.  Time for last 1,000,000:    4s.  Last read position: chr2:210,564,952
INFO	2016-06-12 18:13:46	MarkDuplicates	Tracking 68250 as yet unmatched pairs. 1225 records in RAM.
INFO	2016-06-12 18:13:51	MarkDuplicates	Read    25,000,000 records.  Elapsed time: 00:02:08s.  Time for last 1,000,000:    5s.  Last read position: chr2:225,376,074
INFO	2016-06-12 18:13:51	MarkDuplicates	Tracking 69497 as yet unmatched pairs. 784 records in RAM.
INFO	2016-06-12 18:13:55	MarkDuplicates	Read    26,000,000 records.  Elapsed time: 00:02:12s.  Time for last 1,000,000:    3s.  Last read position: chr2:242,002,920
INFO	2016-06-12 18:13:55	MarkDuplicates	Tracking 70707 as yet unmatched pairs. 155 records in RAM.
INFO	2016-06-12 18:14:02	MarkDuplicates	Read    27,000,000 records.  Elapsed time: 00:02:19s.  Time for last 1,000,000:    6s.  Last read position: chr3:16,336,453
INFO	2016-06-12 18:14:02	MarkDuplicates	Tracking 72036 as yet unmatched pairs. 4524 records in RAM.
INFO	2016-06-12 18:14:05	MarkDuplicates	Read    28,000,000 records.  Elapsed time: 00:02:22s.  Time for last 1,000,000:    3s.  Last read position: chr3:44,286,177
INFO	2016-06-12 18:14:05	MarkDuplicates	Tracking 73618 as yet unmatched pairs. 4065 records in RAM.
INFO	2016-06-12 18:14:15	MarkDuplicates	Read    29,000,000 records.  Elapsed time: 00:02:32s.  Time for last 1,000,000:    9s.  Last read position: chr3:49,847,612
INFO	2016-06-12 18:14:15	MarkDuplicates	Tracking 74439 as yet unmatched pairs. 3806 records in RAM.
INFO	2016-06-12 18:14:18	MarkDuplicates	Read    30,000,000 records.  Elapsed time: 00:02:35s.  Time for last 1,000,000:    3s.  Last read position: chr3:58,552,827
INFO	2016-06-12 18:14:18	MarkDuplicates	Tracking 75209 as yet unmatched pairs. 3364 records in RAM.
INFO	2016-06-12 18:14:23	MarkDuplicates	Read    31,000,000 records.  Elapsed time: 00:02:40s.  Time for last 1,000,000:    5s.  Last read position: chr3:111,312,487
INFO	2016-06-12 18:14:23	MarkDuplicates	Tracking 77418 as yet unmatched pairs. 2704 records in RAM.
INFO	2016-06-12 18:14:27	MarkDuplicates	Read    32,000,000 records.  Elapsed time: 00:02:44s.  Time for last 1,000,000:    3s.  Last read position: chr3:127,725,196
INFO	2016-06-12 18:14:27	MarkDuplicates	Tracking 78342 as yet unmatched pairs. 2077 records in RAM.
INFO	2016-06-12 18:14:33	MarkDuplicates	Read    33,000,000 records.  Elapsed time: 00:02:50s.  Time for last 1,000,000:    5s.  Last read position: chr3:149,484,946
INFO	2016-06-12 18:14:33	MarkDuplicates	Tracking 79597 as yet unmatched pairs. 1481 records in RAM.
INFO	2016-06-12 18:14:36	MarkDuplicates	Read    34,000,000 records.  Elapsed time: 00:02:53s.  Time for last 1,000,000:    3s.  Last read position: chr3:183,772,458
INFO	2016-06-12 18:14:36	MarkDuplicates	Tracking 81141 as yet unmatched pairs. 611 records in RAM.
INFO	2016-06-12 18:14:43	MarkDuplicates	Read    35,000,000 records.  Elapsed time: 00:03:00s.  Time for last 1,000,000:    6s.  Last read position: chr4:1,018,232
INFO	2016-06-12 18:14:43	MarkDuplicates	Tracking 82142 as yet unmatched pairs. 5873 records in RAM.
INFO	2016-06-12 18:14:47	MarkDuplicates	Read    36,000,000 records.  Elapsed time: 00:03:04s.  Time for last 1,000,000:    4s.  Last read position: chr4:27,022,609
INFO	2016-06-12 18:14:47	MarkDuplicates	Tracking 83300 as yet unmatched pairs. 5055 records in RAM.
INFO	2016-06-12 18:14:58	MarkDuplicates	Read    37,000,000 records.  Elapsed time: 00:03:15s.  Time for last 1,000,000:   10s.  Last read position: chr4:71,063,495
INFO	2016-06-12 18:14:58	MarkDuplicates	Tracking 85871 as yet unmatched pairs. 3944 records in RAM.
INFO	2016-06-12 18:15:01	MarkDuplicates	Read    38,000,000 records.  Elapsed time: 00:03:18s.  Time for last 1,000,000:    3s.  Last read position: chr4:96,163,509
INFO	2016-06-12 18:15:01	MarkDuplicates	Tracking 87245 as yet unmatched pairs. 3105 records in RAM.
INFO	2016-06-12 18:15:07	MarkDuplicates	Read    39,000,000 records.  Elapsed time: 00:03:24s.  Time for last 1,000,000:    5s.  Last read position: chr4:128,814,659
INFO	2016-06-12 18:15:07	MarkDuplicates	Tracking 88397 as yet unmatched pairs. 2221 records in RAM.
INFO	2016-06-12 18:15:10	MarkDuplicates	Read    40,000,000 records.  Elapsed time: 00:03:27s.  Time for last 1,000,000:    3s.  Last read position: chr4:169,383,133
INFO	2016-06-12 18:15:10	MarkDuplicates	Tracking 89792 as yet unmatched pairs. 1162 records in RAM.
INFO	2016-06-12 18:15:16	MarkDuplicates	Read    41,000,000 records.  Elapsed time: 00:03:33s.  Time for last 1,000,000:    5s.  Last read position: chr5:881,396
INFO	2016-06-12 18:15:16	MarkDuplicates	Tracking 90792 as yet unmatched pairs. 6145 records in RAM.
INFO	2016-06-12 18:15:20	MarkDuplicates	Read    42,000,000 records.  Elapsed time: 00:03:37s.  Time for last 1,000,000:    3s.  Last read position: chr5:40,964,802
INFO	2016-06-12 18:15:20	MarkDuplicates	Tracking 91971 as yet unmatched pairs. 5076 records in RAM.
INFO	2016-06-12 18:15:26	MarkDuplicates	Read    43,000,000 records.  Elapsed time: 00:03:43s.  Time for last 1,000,000:    6s.  Last read position: chr5:80,608,369
INFO	2016-06-12 18:15:26	MarkDuplicates	Tracking 93036 as yet unmatched pairs. 3845 records in RAM.
INFO	2016-06-12 18:15:30	MarkDuplicates	Read    44,000,000 records.  Elapsed time: 00:03:47s.  Time for last 1,000,000:    3s.  Last read position: chr5:132,035,447
INFO	2016-06-12 18:15:30	MarkDuplicates	Tracking 94424 as yet unmatched pairs. 2548 records in RAM.
INFO	2016-06-12 18:15:33	MarkDuplicates	Read    45,000,000 records.  Elapsed time: 00:03:50s.  Time for last 1,000,000:    3s.  Last read position: chr5:140,799,500
INFO	2016-06-12 18:15:33	MarkDuplicates	Tracking 94986 as yet unmatched pairs. 2036 records in RAM.
INFO	2016-06-12 18:15:43	MarkDuplicates	Read    46,000,000 records.  Elapsed time: 00:04:00s.  Time for last 1,000,000:    9s.  Last read position: chr5:158,139,316
INFO	2016-06-12 18:15:43	MarkDuplicates	Tracking 95403 as yet unmatched pairs. 1164 records in RAM.
INFO	2016-06-12 18:15:47	MarkDuplicates	Read    47,000,000 records.  Elapsed time: 00:04:04s.  Time for last 1,000,000:    3s.  Last read position: chr5:178,408,680
INFO	2016-06-12 18:15:47	MarkDuplicates	Tracking 96019 as yet unmatched pairs. 312 records in RAM.
INFO	2016-06-12 18:15:52	MarkDuplicates	Read    48,000,000 records.  Elapsed time: 00:04:09s.  Time for last 1,000,000:    5s.  Last read position: chr6:17,637,883
INFO	2016-06-12 18:15:52	MarkDuplicates	Tracking 96539 as yet unmatched pairs. 6599 records in RAM.
INFO	2016-06-12 18:15:56	MarkDuplicates	Read    49,000,000 records.  Elapsed time: 00:04:13s.  Time for last 1,000,000:    3s.  Last read position: chr6:30,122,190
INFO	2016-06-12 18:15:56	MarkDuplicates	Tracking 97075 as yet unmatched pairs. 5803 records in RAM.
INFO	2016-06-12 18:16:01	MarkDuplicates	Read    50,000,000 records.  Elapsed time: 00:04:18s.  Time for last 1,000,000:    5s.  Last read position: chr6:31,922,514
INFO	2016-06-12 18:16:01	MarkDuplicates	Tracking 97342 as yet unmatched pairs. 5376 records in RAM.
INFO	2016-06-12 18:16:05	MarkDuplicates	Read    51,000,000 records.  Elapsed time: 00:04:22s.  Time for last 1,000,000:    3s.  Last read position: chr6:35,253,984
INFO	2016-06-12 18:16:05	MarkDuplicates	Tracking 97596 as yet unmatched pairs. 4814 records in RAM.
INFO	2016-06-12 18:17:02	MarkDuplicates	Read    52,000,000 records.  Elapsed time: 00:05:19s.  Time for last 1,000,000:   56s.  Last read position: chr6:43,742,067
INFO	2016-06-12 18:17:02	MarkDuplicates	Tracking 98006 as yet unmatched pairs. 4126 records in RAM.
INFO	2016-06-12 18:17:06	MarkDuplicates	Read    53,000,000 records.  Elapsed time: 00:05:23s.  Time for last 1,000,000:    3s.  Last read position: chr6:80,228,483
INFO	2016-06-12 18:17:06	MarkDuplicates	Tracking 98634 as yet unmatched pairs. 3096 records in RAM.
INFO	2016-06-12 18:17:11	MarkDuplicates	Read    54,000,000 records.  Elapsed time: 00:05:28s.  Time for last 1,000,000:    4s.  Last read position: chr6:132,821,576
INFO	2016-06-12 18:17:11	MarkDuplicates	Tracking 99184 as yet unmatched pairs. 1600 records in RAM.
INFO	2016-06-12 18:17:14	MarkDuplicates	Read    55,000,000 records.  Elapsed time: 00:05:31s.  Time for last 1,000,000:    3s.  Last read position: chr7:539,689
INFO	2016-06-12 18:17:14	MarkDuplicates	Tracking 99686 as yet unmatched pairs. 9056 records in RAM.
INFO	2016-06-12 18:17:24	MarkDuplicates	Read    56,000,000 records.  Elapsed time: 00:05:41s.  Time for last 1,000,000:    9s.  Last read position: chr7:26,240,195
INFO	2016-06-12 18:17:24	MarkDuplicates	Tracking 100120 as yet unmatched pairs. 8020 records in RAM.
INFO	2016-06-12 18:17:27	MarkDuplicates	Read    57,000,000 records.  Elapsed time: 00:05:44s.  Time for last 1,000,000:    3s.  Last read position: chr7:50,454,961
INFO	2016-06-12 18:17:27	MarkDuplicates	Tracking 100163 as yet unmatched pairs. 6719 records in RAM.
INFO	2016-06-12 18:17:32	MarkDuplicates	Read    58,000,000 records.  Elapsed time: 00:05:49s.  Time for last 1,000,000:    5s.  Last read position: chr7:90,042,544
INFO	2016-06-12 18:17:32	MarkDuplicates	Tracking 100543 as yet unmatched pairs. 4948 records in RAM.
INFO	2016-06-12 18:17:36	MarkDuplicates	Read    59,000,000 records.  Elapsed time: 00:05:53s.  Time for last 1,000,000:    3s.  Last read position: chr7:100,807,538
INFO	2016-06-12 18:17:36	MarkDuplicates	Tracking 100742 as yet unmatched pairs. 4075 records in RAM.
INFO	2016-06-12 18:17:42	MarkDuplicates	Read    60,000,000 records.  Elapsed time: 00:05:59s.  Time for last 1,000,000:    6s.  Last read position: chr7:128,457,626
INFO	2016-06-12 18:17:42	MarkDuplicates	Tracking 100992 as yet unmatched pairs. 2402 records in RAM.
INFO	2016-06-12 18:17:46	MarkDuplicates	Read    61,000,000 records.  Elapsed time: 00:06:03s.  Time for last 1,000,000:    3s.  Last read position: chr7:143,632,785
INFO	2016-06-12 18:17:46	MarkDuplicates	Tracking 101328 as yet unmatched pairs. 1437 records in RAM.
INFO	2016-06-12 18:17:52	MarkDuplicates	Read    62,000,000 records.  Elapsed time: 00:06:09s.  Time for last 1,000,000:    6s.  Last read position: chr7:157,408,256
INFO	2016-06-12 18:17:52	MarkDuplicates	Tracking 101207 as yet unmatched pairs. 201 records in RAM.
INFO	2016-06-12 18:17:56	MarkDuplicates	Read    63,000,000 records.  Elapsed time: 00:06:13s.  Time for last 1,000,000:    3s.  Last read position: chr8:37,888,076
INFO	2016-06-12 18:17:56	MarkDuplicates	Tracking 101227 as yet unmatched pairs. 5862 records in RAM.
INFO	2016-06-12 18:18:06	MarkDuplicates	Read    64,000,000 records.  Elapsed time: 00:06:23s.  Time for last 1,000,000:    9s.  Last read position: chr8:73,848,400
INFO	2016-06-12 18:18:06	MarkDuplicates	Tracking 101414 as yet unmatched pairs. 4476 records in RAM.
INFO	2016-06-12 18:18:10	MarkDuplicates	Read    65,000,000 records.  Elapsed time: 00:06:27s.  Time for last 1,000,000:    3s.  Last read position: chr8:109,214,122
INFO	2016-06-12 18:18:10	MarkDuplicates	Tracking 101448 as yet unmatched pairs. 2815 records in RAM.
INFO	2016-06-12 18:18:15	MarkDuplicates	Read    66,000,000 records.  Elapsed time: 00:06:32s.  Time for last 1,000,000:    5s.  Last read position: chr8:139,617,035
INFO	2016-06-12 18:18:15	MarkDuplicates	Tracking 101551 as yet unmatched pairs. 1257 records in RAM.
INFO	2016-06-12 18:18:18	MarkDuplicates	Read    67,000,000 records.  Elapsed time: 00:06:35s.  Time for last 1,000,000:    3s.  Last read position: chr8:145,731,405
INFO	2016-06-12 18:18:18	MarkDuplicates	Tracking 101198 as yet unmatched pairs. 274 records in RAM.
INFO	2016-06-12 18:18:25	MarkDuplicates	Read    68,000,000 records.  Elapsed time: 00:06:42s.  Time for last 1,000,000:    6s.  Last read position: chr9:33,294,689
INFO	2016-06-12 18:18:25	MarkDuplicates	Tracking 100945 as yet unmatched pairs. 5584 records in RAM.
INFO	2016-06-12 18:18:29	MarkDuplicates	Read    69,000,000 records.  Elapsed time: 00:06:46s.  Time for last 1,000,000:    3s.  Last read position: chr9:79,259,688
INFO	2016-06-12 18:18:29	MarkDuplicates	Tracking 100669 as yet unmatched pairs. 3996 records in RAM.
INFO	2016-06-12 18:18:34	MarkDuplicates	Read    70,000,000 records.  Elapsed time: 00:06:51s.  Time for last 1,000,000:    5s.  Last read position: chr9:103,109,106
INFO	2016-06-12 18:18:34	MarkDuplicates	Tracking 100517 as yet unmatched pairs. 2620 records in RAM.
INFO	2016-06-12 18:18:38	MarkDuplicates	Read    71,000,000 records.  Elapsed time: 00:06:55s.  Time for last 1,000,000:    3s.  Last read position: chr9:130,715,837
INFO	2016-06-12 18:18:38	MarkDuplicates	Tracking 100178 as yet unmatched pairs. 1123 records in RAM.
INFO	2016-06-12 18:18:42	MarkDuplicates	Read    72,000,000 records.  Elapsed time: 00:06:59s.  Time for last 1,000,000:    3s.  Last read position: chr10:410,454
INFO	2016-06-12 18:18:42	MarkDuplicates	Tracking 99859 as yet unmatched pairs. 9999 records in RAM.
INFO	2016-06-12 18:18:52	MarkDuplicates	Read    73,000,000 records.  Elapsed time: 00:07:09s.  Time for last 1,000,000:   10s.  Last read position: chr10:28,780,231
INFO	2016-06-12 18:18:52	MarkDuplicates	Tracking 99436 as yet unmatched pairs. 8150 records in RAM.
INFO	2016-06-12 18:18:55	MarkDuplicates	Read    74,000,000 records.  Elapsed time: 00:07:12s.  Time for last 1,000,000:    3s.  Last read position: chr10:67,748,503
INFO	2016-06-12 18:18:55	MarkDuplicates	Tracking 99232 as yet unmatched pairs. 5673 records in RAM.
INFO	2016-06-12 18:19:00	MarkDuplicates	Read    75,000,000 records.  Elapsed time: 00:07:17s.  Time for last 1,000,000:    4s.  Last read position: chr10:86,010,095
INFO	2016-06-12 18:19:00	MarkDuplicates	Tracking 98874 as yet unmatched pairs. 4383 records in RAM.
INFO	2016-06-12 18:19:03	MarkDuplicates	Read    76,000,000 records.  Elapsed time: 00:07:20s.  Time for last 1,000,000:    3s.  Last read position: chr10:102,289,676
INFO	2016-06-12 18:19:03	MarkDuplicates	Tracking 98394 as yet unmatched pairs. 2876 records in RAM.
INFO	2016-06-12 18:19:09	MarkDuplicates	Read    77,000,000 records.  Elapsed time: 00:07:26s.  Time for last 1,000,000:    5s.  Last read position: chr10:119,768,699
INFO	2016-06-12 18:19:09	MarkDuplicates	Tracking 97892 as yet unmatched pairs. 1271 records in RAM.
INFO	2016-06-12 18:19:13	MarkDuplicates	Read    78,000,000 records.  Elapsed time: 00:07:30s.  Time for last 1,000,000:    3s.  Last read position: chr11:985,419
INFO	2016-06-12 18:19:13	MarkDuplicates	Tracking 97138 as yet unmatched pairs. 11691 records in RAM.
INFO	2016-06-12 18:19:19	MarkDuplicates	Read    79,000,000 records.  Elapsed time: 00:07:36s.  Time for last 1,000,000:    6s.  Last read position: chr11:7,693,633
INFO	2016-06-12 18:19:19	MarkDuplicates	Tracking 96706 as yet unmatched pairs. 10743 records in RAM.
INFO	2016-06-12 18:19:22	MarkDuplicates	Read    80,000,000 records.  Elapsed time: 00:07:39s.  Time for last 1,000,000:    3s.  Last read position: chr11:32,437,995
INFO	2016-06-12 18:19:22	MarkDuplicates	Tracking 96030 as yet unmatched pairs. 9070 records in RAM.
INFO	2016-06-12 18:19:32	MarkDuplicates	Read    81,000,000 records.  Elapsed time: 00:07:49s.  Time for last 1,000,000:    9s.  Last read position: chr11:57,094,899
INFO	2016-06-12 18:19:32	MarkDuplicates	Tracking 95524 as yet unmatched pairs. 7664 records in RAM.
INFO	2016-06-12 18:19:36	MarkDuplicates	Read    82,000,000 records.  Elapsed time: 00:07:53s.  Time for last 1,000,000:    3s.  Last read position: chr11:63,533,662
INFO	2016-06-12 18:19:36	MarkDuplicates	Tracking 95295 as yet unmatched pairs. 6777 records in RAM.
INFO	2016-06-12 18:19:41	MarkDuplicates	Read    83,000,000 records.  Elapsed time: 00:07:58s.  Time for last 1,000,000:    5s.  Last read position: chr11:66,050,553
INFO	2016-06-12 18:19:41	MarkDuplicates	Tracking 94914 as yet unmatched pairs. 5978 records in RAM.
INFO	2016-06-12 18:19:45	MarkDuplicates	Read    84,000,000 records.  Elapsed time: 00:08:02s.  Time for last 1,000,000:    3s.  Last read position: chr11:71,799,396
INFO	2016-06-12 18:19:45	MarkDuplicates	Tracking 94391 as yet unmatched pairs. 4979 records in RAM.
INFO	2016-06-12 18:19:51	MarkDuplicates	Read    85,000,000 records.  Elapsed time: 00:08:08s.  Time for last 1,000,000:    6s.  Last read position: chr11:82,561,428
INFO	2016-06-12 18:19:51	MarkDuplicates	Tracking 93732 as yet unmatched pairs. 3669 records in RAM.
INFO	2016-06-12 18:19:54	MarkDuplicates	Read    86,000,000 records.  Elapsed time: 00:08:11s.  Time for last 1,000,000:    3s.  Last read position: chr11:104,916,077
INFO	2016-06-12 18:19:54	MarkDuplicates	Tracking 93072 as yet unmatched pairs. 2036 records in RAM.
INFO	2016-06-12 18:20:00	MarkDuplicates	Read    87,000,000 records.  Elapsed time: 00:08:17s.  Time for last 1,000,000:    6s.  Last read position: chr11:128,353,402
INFO	2016-06-12 18:20:00	MarkDuplicates	Tracking 92182 as yet unmatched pairs. 308 records in RAM.
INFO	2016-06-12 18:20:04	MarkDuplicates	Read    88,000,000 records.  Elapsed time: 00:08:21s.  Time for last 1,000,000:    3s.  Last read position: chr12:6,933,855
INFO	2016-06-12 18:20:04	MarkDuplicates	Tracking 91575 as yet unmatched pairs. 11464 records in RAM.
INFO	2016-06-12 18:20:10	MarkDuplicates	Read    89,000,000 records.  Elapsed time: 00:08:27s.  Time for last 1,000,000:    5s.  Last read position: chr12:19,422,707
INFO	2016-06-12 18:20:10	MarkDuplicates	Tracking 90777 as yet unmatched pairs. 10004 records in RAM.
INFO	2016-06-12 18:20:14	MarkDuplicates	Read    90,000,000 records.  Elapsed time: 00:08:31s.  Time for last 1,000,000:    3s.  Last read position: chr12:49,156,488
INFO	2016-06-12 18:20:14	MarkDuplicates	Tracking 89757 as yet unmatched pairs. 8111 records in RAM.
INFO	2016-06-12 18:20:25	MarkDuplicates	Read    91,000,000 records.  Elapsed time: 00:08:42s.  Time for last 1,000,000:   10s.  Last read position: chr12:54,856,969
INFO	2016-06-12 18:20:25	MarkDuplicates	Tracking 89241 as yet unmatched pairs. 7149 records in RAM.
INFO	2016-06-12 18:20:28	MarkDuplicates	Read    92,000,000 records.  Elapsed time: 00:08:45s.  Time for last 1,000,000:    3s.  Last read position: chr12:58,204,752
INFO	2016-06-12 18:20:28	MarkDuplicates	Tracking 88822 as yet unmatched pairs. 6323 records in RAM.
INFO	2016-06-12 18:20:31	MarkDuplicates	Read    93,000,000 records.  Elapsed time: 00:08:48s.  Time for last 1,000,000:    3s.  Last read position: chr12:86,199,219
INFO	2016-06-12 18:20:31	MarkDuplicates	Tracking 87231 as yet unmatched pairs. 3581 records in RAM.
INFO	2016-06-12 18:20:37	MarkDuplicates	Read    94,000,000 records.  Elapsed time: 00:08:54s.  Time for last 1,000,000:    5s.  Last read position: chr12:120,271,963
INFO	2016-06-12 18:20:37	MarkDuplicates	Tracking 85917 as yet unmatched pairs. 1292 records in RAM.
INFO	2016-06-12 18:20:40	MarkDuplicates	Read    95,000,000 records.  Elapsed time: 00:08:57s.  Time for last 1,000,000:    3s.  Last read position: chr13:32,972,309
INFO	2016-06-12 18:20:40	MarkDuplicates	Tracking 84673 as yet unmatched pairs. 3697 records in RAM.
INFO	2016-06-12 18:20:46	MarkDuplicates	Read    96,000,000 records.  Elapsed time: 00:09:03s.  Time for last 1,000,000:    5s.  Last read position: chr13:103,390,431
INFO	2016-06-12 18:20:46	MarkDuplicates	Tracking 82957 as yet unmatched pairs. 725 records in RAM.
INFO	2016-06-12 18:20:50	MarkDuplicates	Read    97,000,000 records.  Elapsed time: 00:09:07s.  Time for last 1,000,000:    3s.  Last read position: chr14:23,993,929
INFO	2016-06-12 18:20:50	MarkDuplicates	Tracking 81914 as yet unmatched pairs. 6681 records in RAM.
INFO	2016-06-12 18:20:56	MarkDuplicates	Read    98,000,000 records.  Elapsed time: 00:09:13s.  Time for last 1,000,000:    6s.  Last read position: chr14:51,452,740
INFO	2016-06-12 18:20:56	MarkDuplicates	Tracking 80776 as yet unmatched pairs. 4856 records in RAM.
INFO	2016-06-12 18:20:59	MarkDuplicates	Read    99,000,000 records.  Elapsed time: 00:09:16s.  Time for last 1,000,000:    3s.  Last read position: chr14:81,728,108
INFO	2016-06-12 18:20:59	MarkDuplicates	Tracking 79263 as yet unmatched pairs. 2486 records in RAM.
INFO	2016-06-12 18:21:05	MarkDuplicates	Read   100,000,000 records.  Elapsed time: 00:09:22s.  Time for last 1,000,000:    5s.  Last read position: chr14:104,278,458
INFO	2016-06-12 18:21:05	MarkDuplicates	Tracking 77952 as yet unmatched pairs. 444 records in RAM.
INFO	2016-06-12 18:21:09	MarkDuplicates	Read   101,000,000 records.  Elapsed time: 00:09:26s.  Time for last 1,000,000:    3s.  Last read position: chr15:39,874,454
INFO	2016-06-12 18:21:09	MarkDuplicates	Tracking 76673 as yet unmatched pairs. 7428 records in RAM.
INFO	2016-06-12 18:21:21	MarkDuplicates	Read   102,000,000 records.  Elapsed time: 00:09:38s.  Time for last 1,000,000:   11s.  Last read position: chr15:45,491,118
INFO	2016-06-12 18:21:21	MarkDuplicates	Tracking 75895 as yet unmatched pairs. 6237 records in RAM.
INFO	2016-06-12 18:21:24	MarkDuplicates	Read   103,000,000 records.  Elapsed time: 00:09:41s.  Time for last 1,000,000:    3s.  Last read position: chr15:65,270,427
INFO	2016-06-12 18:21:24	MarkDuplicates	Tracking 74240 as yet unmatched pairs. 3979 records in RAM.
INFO	2016-06-12 18:22:19	MarkDuplicates	Read   104,000,000 records.  Elapsed time: 00:10:36s.  Time for last 1,000,000:   54s.  Last read position: chr15:78,675,360
INFO	2016-06-12 18:22:19	MarkDuplicates	Tracking 72896 as yet unmatched pairs. 2138 records in RAM.
INFO	2016-06-12 18:23:31	MarkDuplicates	Read   105,000,000 records.  Elapsed time: 00:11:48s.  Time for last 1,000,000:   71s.  Last read position: chr15:99,678,253
INFO	2016-06-12 18:23:31	MarkDuplicates	Tracking 71560 as yet unmatched pairs. 292 records in RAM.
INFO	2016-06-12 18:23:36	MarkDuplicates	Read   106,000,000 records.  Elapsed time: 00:11:53s.  Time for last 1,000,000:    5s.  Last read position: chr16:8,900,184
INFO	2016-06-12 18:23:36	MarkDuplicates	Tracking 70140 as yet unmatched pairs. 9559 records in RAM.
INFO	2016-06-12 18:23:40	MarkDuplicates	Read   107,000,000 records.  Elapsed time: 00:11:57s.  Time for last 1,000,000:    3s.  Last read position: chr16:28,856,716
INFO	2016-06-12 18:23:40	MarkDuplicates	Tracking 68231 as yet unmatched pairs. 7058 records in RAM.
INFO	2016-06-12 18:23:46	MarkDuplicates	Read   108,000,000 records.  Elapsed time: 00:12:03s.  Time for last 1,000,000:    6s.  Last read position: chr16:50,709,576
INFO	2016-06-12 18:23:46	MarkDuplicates	Tracking 66533 as yet unmatched pairs. 4606 records in RAM.
INFO	2016-06-12 18:23:49	MarkDuplicates	Read   109,000,000 records.  Elapsed time: 00:12:06s.  Time for last 1,000,000:    3s.  Last read position: chr16:69,154,599
INFO	2016-06-12 18:23:49	MarkDuplicates	Tracking 65221 as yet unmatched pairs. 2873 records in RAM.
INFO	2016-06-12 18:23:53	MarkDuplicates	Read   110,000,000 records.  Elapsed time: 00:12:10s.  Time for last 1,000,000:    3s.  Last read position: chr16:87,445,423
INFO	2016-06-12 18:23:53	MarkDuplicates	Tracking 63506 as yet unmatched pairs. 620 records in RAM.
INFO	2016-06-12 18:24:00	MarkDuplicates	Read   111,000,000 records.  Elapsed time: 00:12:17s.  Time for last 1,000,000:    6s.  Last read position: chr17:6,943,179
INFO	2016-06-12 18:24:00	MarkDuplicates	Tracking 62147 as yet unmatched pairs. 11331 records in RAM.
INFO	2016-06-12 18:24:03	MarkDuplicates	Read   112,000,000 records.  Elapsed time: 00:12:20s.  Time for last 1,000,000:    3s.  Last read position: chr17:21,117,464
INFO	2016-06-12 18:24:03	MarkDuplicates	Tracking 60787 as yet unmatched pairs. 9662 records in RAM.
INFO	2016-06-12 18:24:09	MarkDuplicates	Read   113,000,000 records.  Elapsed time: 00:12:26s.  Time for last 1,000,000:    6s.  Last read position: chr17:37,618,628
INFO	2016-06-12 18:24:09	MarkDuplicates	Tracking 59262 as yet unmatched pairs. 7729 records in RAM.
INFO	2016-06-12 18:24:14	MarkDuplicates	Read   114,000,000 records.  Elapsed time: 00:12:30s.  Time for last 1,000,000:    4s.  Last read position: chr17:42,328,743
INFO	2016-06-12 18:24:14	MarkDuplicates	Tracking 58224 as yet unmatched pairs. 6419 records in RAM.
INFO	2016-06-12 18:24:22	MarkDuplicates	Read   115,000,000 records.  Elapsed time: 00:12:39s.  Time for last 1,000,000:    8s.  Last read position: chr17:53,828,674
INFO	2016-06-12 18:24:22	MarkDuplicates	Tracking 56770 as yet unmatched pairs. 4665 records in RAM.
INFO	2016-06-12 18:24:25	MarkDuplicates	Read   116,000,000 records.  Elapsed time: 00:12:42s.  Time for last 1,000,000:    3s.  Last read position: chr17:67,029,934
INFO	2016-06-12 18:24:25	MarkDuplicates	Tracking 55152 as yet unmatched pairs. 2681 records in RAM.
INFO	2016-06-12 18:24:31	MarkDuplicates	Read   117,000,000 records.  Elapsed time: 00:12:48s.  Time for last 1,000,000:    5s.  Last read position: chr17:76,887,856
INFO	2016-06-12 18:24:31	MarkDuplicates	Tracking 53782 as yet unmatched pairs. 1042 records in RAM.
INFO	2016-06-12 18:24:35	MarkDuplicates	Read   118,000,000 records.  Elapsed time: 00:12:52s.  Time for last 1,000,000:    3s.  Last read position: chr18:9,708,402
INFO	2016-06-12 18:24:35	MarkDuplicates	Tracking 52261 as yet unmatched pairs. 5347 records in RAM.
INFO	2016-06-12 18:24:41	MarkDuplicates	Read   119,000,000 records.  Elapsed time: 00:12:57s.  Time for last 1,000,000:    5s.  Last read position: chr18:44,409,642
INFO	2016-06-12 18:24:41	MarkDuplicates	Tracking 49953 as yet unmatched pairs. 2549 records in RAM.
INFO	2016-06-12 18:24:45	MarkDuplicates	Read   120,000,000 records.  Elapsed time: 00:13:01s.  Time for last 1,000,000:    4s.  Last read position: chr19:2,247,592
INFO	2016-06-12 18:24:45	MarkDuplicates	Tracking 47308 as yet unmatched pairs. 12034 records in RAM.
INFO	2016-06-12 18:24:50	MarkDuplicates	Read   121,000,000 records.  Elapsed time: 00:13:07s.  Time for last 1,000,000:    5s.  Last read position: chr19:11,222,165
INFO	2016-06-12 18:24:50	MarkDuplicates	Tracking 45479 as yet unmatched pairs. 10007 records in RAM.
INFO	2016-06-12 18:24:54	MarkDuplicates	Read   122,000,000 records.  Elapsed time: 00:13:11s.  Time for last 1,000,000:    3s.  Last read position: chr19:18,392,149
INFO	2016-06-12 18:24:54	MarkDuplicates	Tracking 44118 as yet unmatched pairs. 8466 records in RAM.
INFO	2016-06-12 18:25:00	MarkDuplicates	Read   123,000,000 records.  Elapsed time: 00:13:17s.  Time for last 1,000,000:    6s.  Last read position: chr19:36,545,162
INFO	2016-06-12 18:25:00	MarkDuplicates	Tracking 41923 as yet unmatched pairs. 6059 records in RAM.
INFO	2016-06-12 18:25:04	MarkDuplicates	Read   124,000,000 records.  Elapsed time: 00:13:21s.  Time for last 1,000,000:    3s.  Last read position: chr19:42,595,272
INFO	2016-06-12 18:25:04	MarkDuplicates	Tracking 40608 as yet unmatched pairs. 4587 records in RAM.
INFO	2016-06-12 18:25:13	MarkDuplicates	Read   125,000,000 records.  Elapsed time: 00:13:30s.  Time for last 1,000,000:    9s.  Last read position: chr19:49,936,061
INFO	2016-06-12 18:25:13	MarkDuplicates	Tracking 39059 as yet unmatched pairs. 2859 records in RAM.
INFO	2016-06-12 18:25:16	MarkDuplicates	Read   126,000,000 records.  Elapsed time: 00:13:33s.  Time for last 1,000,000:    3s.  Last read position: chr19:55,451,321
INFO	2016-06-12 18:25:16	MarkDuplicates	Tracking 37537 as yet unmatched pairs. 1167 records in RAM.
INFO	2016-06-12 18:25:21	MarkDuplicates	Read   127,000,000 records.  Elapsed time: 00:13:38s.  Time for last 1,000,000:    4s.  Last read position: chr20:2,641,200
INFO	2016-06-12 18:25:21	MarkDuplicates	Tracking 36226 as yet unmatched pairs. 8121 records in RAM.
INFO	2016-06-12 18:25:25	MarkDuplicates	Read   128,000,000 records.  Elapsed time: 00:13:42s.  Time for last 1,000,000:    3s.  Last read position: chr20:23,615,897
INFO	2016-06-12 18:25:25	MarkDuplicates	Tracking 34123 as yet unmatched pairs. 5800 records in RAM.
INFO	2016-06-12 18:25:28	MarkDuplicates	Read   129,000,000 records.  Elapsed time: 00:13:45s.  Time for last 1,000,000:    3s.  Last read position: chr20:39,726,912
INFO	2016-06-12 18:25:28	MarkDuplicates	Tracking 32026 as yet unmatched pairs. 3361 records in RAM.
INFO	2016-06-12 18:25:35	MarkDuplicates	Read   130,000,000 records.  Elapsed time: 00:13:52s.  Time for last 1,000,000:    6s.  Last read position: chr20:55,974,948
INFO	2016-06-12 18:25:35	MarkDuplicates	Tracking 30169 as yet unmatched pairs. 1333 records in RAM.
INFO	2016-06-12 18:25:39	MarkDuplicates	Read   131,000,000 records.  Elapsed time: 00:13:56s.  Time for last 1,000,000:    3s.  Last read position: chr21:31,768,517
INFO	2016-06-12 18:25:39	MarkDuplicates	Tracking 27105 as yet unmatched pairs. 2630 records in RAM.
INFO	2016-06-12 18:25:44	MarkDuplicates	Read   132,000,000 records.  Elapsed time: 00:14:01s.  Time for last 1,000,000:    5s.  Last read position: chr21:46,086,222
INFO	2016-06-12 18:25:44	MarkDuplicates	Tracking 25092 as yet unmatched pairs. 478 records in RAM.
INFO	2016-06-12 18:25:48	MarkDuplicates	Read   133,000,000 records.  Elapsed time: 00:14:05s.  Time for last 1,000,000:    4s.  Last read position: chr22:24,698,304
INFO	2016-06-12 18:25:48	MarkDuplicates	Tracking 23516 as yet unmatched pairs. 4680 records in RAM.
INFO	2016-06-12 18:25:55	MarkDuplicates	Read   134,000,000 records.  Elapsed time: 00:14:12s.  Time for last 1,000,000:    6s.  Last read position: chr22:37,492,039
INFO	2016-06-12 18:25:55	MarkDuplicates	Tracking 21466 as yet unmatched pairs. 2555 records in RAM.
INFO	2016-06-12 18:25:58	MarkDuplicates	Read   135,000,000 records.  Elapsed time: 00:14:15s.  Time for last 1,000,000:    3s.  Last read position: chr22:46,664,349
INFO	2016-06-12 18:25:58	MarkDuplicates	Tracking 19711 as yet unmatched pairs. 709 records in RAM.
INFO	2016-06-12 18:26:08	MarkDuplicates	Read   136,000,000 records.  Elapsed time: 00:14:25s.  Time for last 1,000,000:    9s.  Last read position: chrX:23,899,095
INFO	2016-06-12 18:26:08	MarkDuplicates	Tracking 16707 as yet unmatched pairs. 13127 records in RAM.
INFO	2016-06-12 18:26:11	MarkDuplicates	Read   137,000,000 records.  Elapsed time: 00:14:28s.  Time for last 1,000,000:    3s.  Last read position: chrX:49,855,128
INFO	2016-06-12 18:26:11	MarkDuplicates	Tracking 13975 as yet unmatched pairs. 10385 records in RAM.
INFO	2016-06-12 18:26:17	MarkDuplicates	Read   138,000,000 records.  Elapsed time: 00:14:34s.  Time for last 1,000,000:    5s.  Last read position: chrX:75,332,299
INFO	2016-06-12 18:26:17	MarkDuplicates	Tracking 11589 as yet unmatched pairs. 7990 records in RAM.
INFO	2016-06-12 18:26:20	MarkDuplicates	Read   139,000,000 records.  Elapsed time: 00:14:37s.  Time for last 1,000,000:    3s.  Last read position: chrX:118,206,138
INFO	2016-06-12 18:26:20	MarkDuplicates	Tracking 8148 as yet unmatched pairs. 4526 records in RAM.
INFO	2016-06-12 18:26:25	MarkDuplicates	Read   140,000,000 records.  Elapsed time: 00:14:42s.  Time for last 1,000,000:    5s.  Last read position: chrX:150,869,043
INFO	2016-06-12 18:26:25	MarkDuplicates	Tracking 4878 as yet unmatched pairs. 1243 records in RAM.
INFO	2016-06-12 18:26:28	MarkDuplicates	Read 140746315 records. 0 pairs never matched.
INFO	2016-06-12 18:27:31	MarkDuplicates	After buildSortedReadEndLists freeMemory: 9774011816; totalMemory: 9863954432; maxMemory: 13362528256
INFO	2016-06-12 18:27:31	MarkDuplicates	Will retain up to 417579008 duplicate indices before spilling to disk.
INFO	2016-06-12 18:27:32	MarkDuplicates	Traversing read pair information and detecting duplicates.
INFO	2016-06-12 18:28:30	MarkDuplicates	Traversing fragment information and detecting duplicates.
INFO	2016-06-12 18:29:48	MarkDuplicates	Sorting list of duplicate records.
INFO	2016-06-12 18:29:51	MarkDuplicates	After generateDuplicateIndexes freeMemory: 6408958504; totalMemory: 9837740032; maxMemory: 13362528256
INFO	2016-06-12 18:29:51	MarkDuplicates	Marking 22256408 records as duplicates.
INFO	2016-06-12 18:29:51	MarkDuplicates	Found 2440 optical duplicate clusters.
INFO	2016-06-12 18:29:51	MarkDuplicates	Reads are assumed to be ordered by: coordinate
INFO	2016-06-12 18:32:03	MarkDuplicates	Written    10,000,000 records.  Elapsed time: 00:02:12s.  Time for last 10,000,000:  132s.  Last read position: chr1:177,249,969
INFO	2016-06-12 18:34:26	MarkDuplicates	Written    20,000,000 records.  Elapsed time: 00:04:34s.  Time for last 10,000,000:  142s.  Last read position: chr2:142,301,720
INFO	2016-06-12 18:36:41	MarkDuplicates	Written    30,000,000 records.  Elapsed time: 00:06:50s.  Time for last 10,000,000:  135s.  Last read position: chr3:58,552,827
INFO	2016-06-12 18:38:56	MarkDuplicates	Written    40,000,000 records.  Elapsed time: 00:09:05s.  Time for last 10,000,000:  134s.  Last read position: chr4:169,383,133
INFO	2016-06-12 18:41:21	MarkDuplicates	Written    50,000,000 records.  Elapsed time: 00:11:30s.  Time for last 10,000,000:  145s.  Last read position: chr6:31,922,514
INFO	2016-06-12 18:43:44	MarkDuplicates	Written    60,000,000 records.  Elapsed time: 00:13:53s.  Time for last 10,000,000:  142s.  Last read position: chr7:128,457,626
INFO	2016-06-12 18:46:28	MarkDuplicates	Written    70,000,000 records.  Elapsed time: 00:16:37s.  Time for last 10,000,000:  164s.  Last read position: chr9:103,109,106
INFO	2016-06-12 18:49:18	MarkDuplicates	Written    80,000,000 records.  Elapsed time: 00:19:26s.  Time for last 10,000,000:  169s.  Last read position: chr11:32,437,995
INFO	2016-06-12 18:52:05	MarkDuplicates	Written    90,000,000 records.  Elapsed time: 00:22:13s.  Time for last 10,000,000:  167s.  Last read position: chr12:49,156,488
INFO	2016-06-12 18:54:43	MarkDuplicates	Written   100,000,000 records.  Elapsed time: 00:24:52s.  Time for last 10,000,000:  158s.  Last read position: chr14:104,278,458
INFO	2016-06-12 18:57:26	MarkDuplicates	Written   110,000,000 records.  Elapsed time: 00:27:35s.  Time for last 10,000,000:  162s.  Last read position: chr16:87,445,423
INFO	2016-06-12 18:59:57	MarkDuplicates	Written   120,000,000 records.  Elapsed time: 00:30:06s.  Time for last 10,000,000:  151s.  Last read position: chr19:2,247,592
INFO	2016-06-12 19:02:10	MarkDuplicates	Written   130,000,000 records.  Elapsed time: 00:32:19s.  Time for last 10,000,000:  133s.  Last read position: chr20:55,974,948
INFO	2016-06-12 19:04:21	MarkDuplicates	Written   140,000,000 records.  Elapsed time: 00:34:29s.  Time for last 10,000,000:  130s.  Last read position: chrX:150,869,043
INFO	2016-06-12 19:04:36	MarkDuplicates	Before output close freeMemory: 9826150984; totalMemory: 9923198976; maxMemory: 13362528256
INFO	2016-06-12 19:04:39	MarkDuplicates	After output close freeMemory: 9833490064; totalMemory: 9930539008; maxMemory: 13362528256
[Sun Jun 12 19:04:41 EDT 2016] picard.sam.markduplicates.MarkDuplicates done. Elapsed time: 52.98 minutes.
Runtime.totalMemory()=9930539008
[Sun Jun 12 19:04:41 EDT 2016] picard.sam.AddOrReplaceReadGroups INPUT=p_DS_bkm_129-T2/p_DS_bkm_129-T2.sorted.MarkDup.bam OUTPUT=p_DS_bkm_129-T2/p_DS_bkm_129-T2.sorted.MarkDup.fixed.bam SORT_ORDER=coordinate RGID=id RGLB=bar RGPL=Illumina RGPU=platform RGSM=sample1 TMP_DIR=[tmp] VALIDATION_STRINGENCY=SILENT CREATE_INDEX=true    VERBOSITY=INFO QUIET=false COMPRESSION_LEVEL=5 MAX_RECORDS_IN_RAM=500000 CREATE_MD5_FILE=false GA4GH_CLIENT_SECRETS=client_secrets.json
[Sun Jun 12 19:04:41 EDT 2016] Executing as abdelrahman@compute-1-3.local on Linux 2.6.32-279.14.1.el6.x86_64 amd64; Java HotSpot(TM) 64-Bit Server VM 1.8.0_45-b14; Picard version: 2.3.0(9a00c87b7ffdb01cfb5a0d6e76556146196babb8_1463071327) IntelDeflater
INFO	2016-06-12 19:04:42	AddOrReplaceReadGroups	Created read group ID=id PL=Illumina LB=bar SM=sample1

INFO	2016-06-12 19:04:58	AddOrReplaceReadGroups	Processed     1,000,000 records.  Elapsed time: 00:00:15s.  Time for last 1,000,000:   15s.  Last read position: chr1:16,530,741
INFO	2016-06-12 19:05:23	AddOrReplaceReadGroups	Processed     2,000,000 records.  Elapsed time: 00:00:40s.  Time for last 1,000,000:   24s.  Last read position: chr1:32,741,552
INFO	2016-06-12 19:05:38	AddOrReplaceReadGroups	Processed     3,000,000 records.  Elapsed time: 00:00:56s.  Time for last 1,000,000:   15s.  Last read position: chr1:41,475,891
INFO	2016-06-12 19:06:03	AddOrReplaceReadGroups	Processed     4,000,000 records.  Elapsed time: 00:01:20s.  Time for last 1,000,000:   24s.  Last read position: chr1:47,045,997
INFO	2016-06-12 19:06:18	AddOrReplaceReadGroups	Processed     5,000,000 records.  Elapsed time: 00:01:35s.  Time for last 1,000,000:   15s.  Last read position: chr1:68,613,852
INFO	2016-06-12 19:06:36	AddOrReplaceReadGroups	Processed     6,000,000 records.  Elapsed time: 00:01:54s.  Time for last 1,000,000:   18s.  Last read position: chr1:110,152,612
INFO	2016-06-12 19:06:53	AddOrReplaceReadGroups	Processed     7,000,000 records.  Elapsed time: 00:02:10s.  Time for last 1,000,000:   16s.  Last read position: chr1:146,766,063
INFO	2016-06-12 19:07:08	AddOrReplaceReadGroups	Processed     8,000,000 records.  Elapsed time: 00:02:26s.  Time for last 1,000,000:   15s.  Last read position: chr1:154,905,259
INFO	2016-06-12 19:07:26	AddOrReplaceReadGroups	Processed     9,000,000 records.  Elapsed time: 00:02:44s.  Time for last 1,000,000:   17s.  Last read position: chr1:160,195,362
INFO	2016-06-12 19:07:44	AddOrReplaceReadGroups	Processed    10,000,000 records.  Elapsed time: 00:03:02s.  Time for last 1,000,000:   18s.  Last read position: chr1:177,249,969
INFO	2016-06-12 19:08:02	AddOrReplaceReadGroups	Processed    11,000,000 records.  Elapsed time: 00:03:19s.  Time for last 1,000,000:   17s.  Last read position: chr1:201,356,312
INFO	2016-06-12 19:08:16	AddOrReplaceReadGroups	Processed    12,000,000 records.  Elapsed time: 00:03:33s.  Time for last 1,000,000:   13s.  Last read position: chr1:214,170,539
INFO	2016-06-12 19:08:34	AddOrReplaceReadGroups	Processed    13,000,000 records.  Elapsed time: 00:03:52s.  Time for last 1,000,000:   18s.  Last read position: chr1:229,606,503
INFO	2016-06-12 19:08:49	AddOrReplaceReadGroups	Processed    14,000,000 records.  Elapsed time: 00:04:06s.  Time for last 1,000,000:   14s.  Last read position: chr1:246,940,521
INFO	2016-06-12 19:09:04	AddOrReplaceReadGroups	Processed    15,000,000 records.  Elapsed time: 00:04:21s.  Time for last 1,000,000:   14s.  Last read position: chr2:27,700,945
INFO	2016-06-12 19:09:22	AddOrReplaceReadGroups	Processed    16,000,000 records.  Elapsed time: 00:04:40s.  Time for last 1,000,000:   18s.  Last read position: chr2:47,613,754
INFO	2016-06-12 19:09:42	AddOrReplaceReadGroups	Processed    17,000,000 records.  Elapsed time: 00:05:00s.  Time for last 1,000,000:   20s.  Last read position: chr2:70,315,281
INFO	2016-06-12 19:10:01	AddOrReplaceReadGroups	Processed    18,000,000 records.  Elapsed time: 00:05:18s.  Time for last 1,000,000:   18s.  Last read position: chr2:85,888,527
INFO	2016-06-12 19:10:18	AddOrReplaceReadGroups	Processed    19,000,000 records.  Elapsed time: 00:05:36s.  Time for last 1,000,000:   17s.  Last read position: chr2:111,415,090
INFO	2016-06-12 19:10:31	AddOrReplaceReadGroups	Processed    20,000,000 records.  Elapsed time: 00:05:49s.  Time for last 1,000,000:   13s.  Last read position: chr2:142,301,720
INFO	2016-06-12 19:10:50	AddOrReplaceReadGroups	Processed    21,000,000 records.  Elapsed time: 00:06:07s.  Time for last 1,000,000:   18s.  Last read position: chr2:167,262,861
INFO	2016-06-12 19:11:05	AddOrReplaceReadGroups	Processed    22,000,000 records.  Elapsed time: 00:06:22s.  Time for last 1,000,000:   15s.  Last read position: chr2:179,443,541
INFO	2016-06-12 19:11:19	AddOrReplaceReadGroups	Processed    23,000,000 records.  Elapsed time: 00:06:36s.  Time for last 1,000,000:   13s.  Last read position: chr2:196,824,985
INFO	2016-06-12 19:11:37	AddOrReplaceReadGroups	Processed    24,000,000 records.  Elapsed time: 00:06:54s.  Time for last 1,000,000:   18s.  Last read position: chr2:210,564,952
INFO	2016-06-12 19:11:58	AddOrReplaceReadGroups	Processed    25,000,000 records.  Elapsed time: 00:07:15s.  Time for last 1,000,000:   20s.  Last read position: chr2:225,376,074
INFO	2016-06-12 19:12:20	AddOrReplaceReadGroups	Processed    26,000,000 records.  Elapsed time: 00:07:37s.  Time for last 1,000,000:   22s.  Last read position: chr2:242,002,920
INFO	2016-06-12 19:12:33	AddOrReplaceReadGroups	Processed    27,000,000 records.  Elapsed time: 00:07:51s.  Time for last 1,000,000:   13s.  Last read position: chr3:16,336,453
INFO	2016-06-12 19:12:51	AddOrReplaceReadGroups	Processed    28,000,000 records.  Elapsed time: 00:08:08s.  Time for last 1,000,000:   17s.  Last read position: chr3:44,286,177
INFO	2016-06-12 19:13:09	AddOrReplaceReadGroups	Processed    29,000,000 records.  Elapsed time: 00:08:26s.  Time for last 1,000,000:   18s.  Last read position: chr3:49,847,612
INFO	2016-06-12 19:13:25	AddOrReplaceReadGroups	Processed    30,000,000 records.  Elapsed time: 00:08:42s.  Time for last 1,000,000:   15s.  Last read position: chr3:58,552,827
INFO	2016-06-12 19:13:43	AddOrReplaceReadGroups	Processed    31,000,000 records.  Elapsed time: 00:09:00s.  Time for last 1,000,000:   18s.  Last read position: chr3:111,312,487
INFO	2016-06-12 19:13:58	AddOrReplaceReadGroups	Processed    32,000,000 records.  Elapsed time: 00:09:15s.  Time for last 1,000,000:   15s.  Last read position: chr3:127,725,196
INFO	2016-06-12 19:14:16	AddOrReplaceReadGroups	Processed    33,000,000 records.  Elapsed time: 00:09:33s.  Time for last 1,000,000:   17s.  Last read position: chr3:149,484,946
INFO	2016-06-12 19:14:30	AddOrReplaceReadGroups	Processed    34,000,000 records.  Elapsed time: 00:09:47s.  Time for last 1,000,000:   14s.  Last read position: chr3:183,772,458
INFO	2016-06-12 19:14:50	AddOrReplaceReadGroups	Processed    35,000,000 records.  Elapsed time: 00:10:07s.  Time for last 1,000,000:   20s.  Last read position: chr4:1,018,232
INFO	2016-06-12 19:15:05	AddOrReplaceReadGroups	Processed    36,000,000 records.  Elapsed time: 00:10:22s.  Time for last 1,000,000:   15s.  Last read position: chr4:27,022,609
INFO	2016-06-12 19:15:20	AddOrReplaceReadGroups	Processed    37,000,000 records.  Elapsed time: 00:10:38s.  Time for last 1,000,000:   15s.  Last read position: chr4:71,063,495
INFO	2016-06-12 19:15:38	AddOrReplaceReadGroups	Processed    38,000,000 records.  Elapsed time: 00:10:55s.  Time for last 1,000,000:   17s.  Last read position: chr4:96,163,509
INFO	2016-06-12 19:15:52	AddOrReplaceReadGroups	Processed    39,000,000 records.  Elapsed time: 00:11:10s.  Time for last 1,000,000:   14s.  Last read position: chr4:128,814,659
INFO	2016-06-12 19:16:11	AddOrReplaceReadGroups	Processed    40,000,000 records.  Elapsed time: 00:11:29s.  Time for last 1,000,000:   18s.  Last read position: chr4:169,383,133
INFO	2016-06-12 19:16:27	AddOrReplaceReadGroups	Processed    41,000,000 records.  Elapsed time: 00:11:44s.  Time for last 1,000,000:   15s.  Last read position: chr5:881,396
INFO	2016-06-12 19:16:43	AddOrReplaceReadGroups	Processed    42,000,000 records.  Elapsed time: 00:12:01s.  Time for last 1,000,000:   16s.  Last read position: chr5:40,964,802
INFO	2016-06-12 19:16:59	AddOrReplaceReadGroups	Processed    43,000,000 records.  Elapsed time: 00:12:17s.  Time for last 1,000,000:   15s.  Last read position: chr5:80,608,369
INFO	2016-06-12 19:17:19	AddOrReplaceReadGroups	Processed    44,000,000 records.  Elapsed time: 00:12:37s.  Time for last 1,000,000:   20s.  Last read position: chr5:132,035,447
INFO	2016-06-12 19:17:36	AddOrReplaceReadGroups	Processed    45,000,000 records.  Elapsed time: 00:12:53s.  Time for last 1,000,000:   16s.  Last read position: chr5:140,799,500
INFO	2016-06-12 19:17:53	AddOrReplaceReadGroups	Processed    46,000,000 records.  Elapsed time: 00:13:10s.  Time for last 1,000,000:   16s.  Last read position: chr5:158,139,316
INFO	2016-06-12 19:18:09	AddOrReplaceReadGroups	Processed    47,000,000 records.  Elapsed time: 00:13:26s.  Time for last 1,000,000:   16s.  Last read position: chr5:178,408,680
INFO	2016-06-12 19:18:27	AddOrReplaceReadGroups	Processed    48,000,000 records.  Elapsed time: 00:13:44s.  Time for last 1,000,000:   17s.  Last read position: chr6:17,637,883
INFO	2016-06-12 19:18:43	AddOrReplaceReadGroups	Processed    49,000,000 records.  Elapsed time: 00:14:01s.  Time for last 1,000,000:   16s.  Last read position: chr6:30,122,190
INFO	2016-06-12 19:19:02	AddOrReplaceReadGroups	Processed    50,000,000 records.  Elapsed time: 00:14:20s.  Time for last 1,000,000:   19s.  Last read position: chr6:31,922,514
INFO	2016-06-12 19:19:50	AddOrReplaceReadGroups	Processed    51,000,000 records.  Elapsed time: 00:15:08s.  Time for last 1,000,000:   48s.  Last read position: chr6:35,253,984
INFO	2016-06-12 19:20:06	AddOrReplaceReadGroups	Processed    52,000,000 records.  Elapsed time: 00:15:23s.  Time for last 1,000,000:   15s.  Last read position: chr6:43,742,067
INFO	2016-06-12 19:20:21	AddOrReplaceReadGroups	Processed    53,000,000 records.  Elapsed time: 00:15:39s.  Time for last 1,000,000:   15s.  Last read position: chr6:80,228,483
INFO	2016-06-12 19:20:41	AddOrReplaceReadGroups	Processed    54,000,000 records.  Elapsed time: 00:15:58s.  Time for last 1,000,000:   19s.  Last read position: chr6:132,821,576
INFO	2016-06-12 19:20:58	AddOrReplaceReadGroups	Processed    55,000,000 records.  Elapsed time: 00:16:15s.  Time for last 1,000,000:   16s.  Last read position: chr7:539,689
INFO	2016-06-12 19:21:15	AddOrReplaceReadGroups	Processed    56,000,000 records.  Elapsed time: 00:16:32s.  Time for last 1,000,000:   16s.  Last read position: chr7:26,240,195
INFO	2016-06-12 19:21:33	AddOrReplaceReadGroups	Processed    57,000,000 records.  Elapsed time: 00:16:50s.  Time for last 1,000,000:   17s.  Last read position: chr7:50,454,961
INFO	2016-06-12 19:21:50	AddOrReplaceReadGroups	Processed    58,000,000 records.  Elapsed time: 00:17:08s.  Time for last 1,000,000:   17s.  Last read position: chr7:90,042,544
INFO	2016-06-12 19:22:05	AddOrReplaceReadGroups	Processed    59,000,000 records.  Elapsed time: 00:17:22s.  Time for last 1,000,000:   14s.  Last read position: chr7:100,807,538
INFO	2016-06-12 19:22:22	AddOrReplaceReadGroups	Processed    60,000,000 records.  Elapsed time: 00:17:40s.  Time for last 1,000,000:   17s.  Last read position: chr7:128,457,626
INFO	2016-06-12 19:22:41	AddOrReplaceReadGroups	Processed    61,000,000 records.  Elapsed time: 00:17:59s.  Time for last 1,000,000:   19s.  Last read position: chr7:143,632,785
INFO	2016-06-12 19:23:00	AddOrReplaceReadGroups	Processed    62,000,000 records.  Elapsed time: 00:18:17s.  Time for last 1,000,000:   18s.  Last read position: chr7:157,408,256
INFO	2016-06-12 19:23:14	AddOrReplaceReadGroups	Processed    63,000,000 records.  Elapsed time: 00:18:31s.  Time for last 1,000,000:   14s.  Last read position: chr8:37,888,076
INFO	2016-06-12 19:23:30	AddOrReplaceReadGroups	Processed    64,000,000 records.  Elapsed time: 00:18:47s.  Time for last 1,000,000:   15s.  Last read position: chr8:73,848,400
INFO	2016-06-12 19:23:43	AddOrReplaceReadGroups	Processed    65,000,000 records.  Elapsed time: 00:19:00s.  Time for last 1,000,000:   13s.  Last read position: chr8:109,214,122
INFO	2016-06-12 19:23:58	AddOrReplaceReadGroups	Processed    66,000,000 records.  Elapsed time: 00:19:16s.  Time for last 1,000,000:   15s.  Last read position: chr8:139,617,035
INFO	2016-06-12 19:24:13	AddOrReplaceReadGroups	Processed    67,000,000 records.  Elapsed time: 00:19:30s.  Time for last 1,000,000:   14s.  Last read position: chr8:145,731,405
INFO	2016-06-12 19:24:32	AddOrReplaceReadGroups	Processed    68,000,000 records.  Elapsed time: 00:19:49s.  Time for last 1,000,000:   19s.  Last read position: chr9:33,294,689
INFO	2016-06-12 19:24:47	AddOrReplaceReadGroups	Processed    69,000,000 records.  Elapsed time: 00:20:05s.  Time for last 1,000,000:   15s.  Last read position: chr9:79,259,688
INFO	2016-06-12 19:25:05	AddOrReplaceReadGroups	Processed    70,000,000 records.  Elapsed time: 00:20:23s.  Time for last 1,000,000:   17s.  Last read position: chr9:103,109,106
INFO	2016-06-12 19:25:21	AddOrReplaceReadGroups	Processed    71,000,000 records.  Elapsed time: 00:20:39s.  Time for last 1,000,000:   16s.  Last read position: chr9:130,715,837
INFO	2016-06-12 19:25:41	AddOrReplaceReadGroups	Processed    72,000,000 records.  Elapsed time: 00:20:58s.  Time for last 1,000,000:   19s.  Last read position: chr10:410,454
INFO	2016-06-12 19:25:58	AddOrReplaceReadGroups	Processed    73,000,000 records.  Elapsed time: 00:21:15s.  Time for last 1,000,000:   17s.  Last read position: chr10:28,780,231
INFO	2016-06-12 19:26:13	AddOrReplaceReadGroups	Processed    74,000,000 records.  Elapsed time: 00:21:31s.  Time for last 1,000,000:   15s.  Last read position: chr10:67,748,503
INFO	2016-06-12 19:26:31	AddOrReplaceReadGroups	Processed    75,000,000 records.  Elapsed time: 00:21:48s.  Time for last 1,000,000:   17s.  Last read position: chr10:86,010,095
INFO	2016-06-12 19:26:46	AddOrReplaceReadGroups	Processed    76,000,000 records.  Elapsed time: 00:22:03s.  Time for last 1,000,000:   14s.  Last read position: chr10:102,289,676
INFO	2016-06-12 19:27:02	AddOrReplaceReadGroups	Processed    77,000,000 records.  Elapsed time: 00:22:20s.  Time for last 1,000,000:   16s.  Last read position: chr10:119,768,699
INFO	2016-06-12 19:27:17	AddOrReplaceReadGroups	Processed    78,000,000 records.  Elapsed time: 00:22:34s.  Time for last 1,000,000:   14s.  Last read position: chr11:985,419
INFO	2016-06-12 19:27:37	AddOrReplaceReadGroups	Processed    79,000,000 records.  Elapsed time: 00:22:55s.  Time for last 1,000,000:   20s.  Last read position: chr11:7,693,633
INFO	2016-06-12 19:27:50	AddOrReplaceReadGroups	Processed    80,000,000 records.  Elapsed time: 00:23:08s.  Time for last 1,000,000:   12s.  Last read position: chr11:32,437,995
INFO	2016-06-12 19:28:04	AddOrReplaceReadGroups	Processed    81,000,000 records.  Elapsed time: 00:23:21s.  Time for last 1,000,000:   13s.  Last read position: chr11:57,094,899
INFO	2016-06-12 19:28:20	AddOrReplaceReadGroups	Processed    82,000,000 records.  Elapsed time: 00:23:37s.  Time for last 1,000,000:   15s.  Last read position: chr11:63,533,662
INFO	2016-06-12 19:28:39	AddOrReplaceReadGroups	Processed    83,000,000 records.  Elapsed time: 00:23:56s.  Time for last 1,000,000:   19s.  Last read position: chr11:66,050,553
INFO	2016-06-12 19:28:54	AddOrReplaceReadGroups	Processed    84,000,000 records.  Elapsed time: 00:24:12s.  Time for last 1,000,000:   15s.  Last read position: chr11:71,799,396
INFO	2016-06-12 19:29:09	AddOrReplaceReadGroups	Processed    85,000,000 records.  Elapsed time: 00:24:26s.  Time for last 1,000,000:   14s.  Last read position: chr11:82,561,428
INFO	2016-06-12 19:29:27	AddOrReplaceReadGroups	Processed    86,000,000 records.  Elapsed time: 00:24:45s.  Time for last 1,000,000:   18s.  Last read position: chr11:104,916,077
INFO	2016-06-12 19:29:42	AddOrReplaceReadGroups	Processed    87,000,000 records.  Elapsed time: 00:24:59s.  Time for last 1,000,000:   14s.  Last read position: chr11:128,353,402
INFO	2016-06-12 19:30:01	AddOrReplaceReadGroups	Processed    88,000,000 records.  Elapsed time: 00:25:18s.  Time for last 1,000,000:   18s.  Last read position: chr12:6,933,855
INFO	2016-06-12 19:30:17	AddOrReplaceReadGroups	Processed    89,000,000 records.  Elapsed time: 00:25:34s.  Time for last 1,000,000:   16s.  Last read position: chr12:19,422,707
INFO	2016-06-12 19:30:34	AddOrReplaceReadGroups	Processed    90,000,000 records.  Elapsed time: 00:25:51s.  Time for last 1,000,000:   17s.  Last read position: chr12:49,156,488
INFO	2016-06-12 19:30:50	AddOrReplaceReadGroups	Processed    91,000,000 records.  Elapsed time: 00:26:07s.  Time for last 1,000,000:   15s.  Last read position: chr12:54,856,969
INFO	2016-06-12 19:31:08	AddOrReplaceReadGroups	Processed    92,000,000 records.  Elapsed time: 00:26:25s.  Time for last 1,000,000:   18s.  Last read position: chr12:58,204,752
INFO	2016-06-12 19:32:28	AddOrReplaceReadGroups	Processed    93,000,000 records.  Elapsed time: 00:27:45s.  Time for last 1,000,000:   79s.  Last read position: chr12:86,199,219
INFO	2016-06-12 19:36:56	AddOrReplaceReadGroups	Processed    94,000,000 records.  Elapsed time: 00:32:13s.  Time for last 1,000,000:  267s.  Last read position: chr12:120,271,963
INFO	2016-06-12 19:37:16	AddOrReplaceReadGroups	Processed    95,000,000 records.  Elapsed time: 00:32:34s.  Time for last 1,000,000:   20s.  Last read position: chr13:32,972,309
INFO	2016-06-12 19:37:31	AddOrReplaceReadGroups	Processed    96,000,000 records.  Elapsed time: 00:32:48s.  Time for last 1,000,000:   14s.  Last read position: chr13:103,390,431
INFO	2016-06-12 19:38:27	AddOrReplaceReadGroups	Processed    97,000,000 records.  Elapsed time: 00:33:44s.  Time for last 1,000,000:   55s.  Last read position: chr14:23,993,929
INFO	2016-06-12 19:38:43	AddOrReplaceReadGroups	Processed    98,000,000 records.  Elapsed time: 00:34:00s.  Time for last 1,000,000:   16s.  Last read position: chr14:51,452,740
INFO	2016-06-12 19:39:00	AddOrReplaceReadGroups	Processed    99,000,000 records.  Elapsed time: 00:34:17s.  Time for last 1,000,000:   17s.  Last read position: chr14:81,728,108
INFO	2016-06-12 19:39:14	AddOrReplaceReadGroups	Processed   100,000,000 records.  Elapsed time: 00:34:31s.  Time for last 1,000,000:   13s.  Last read position: chr14:104,278,458
INFO	2016-06-12 19:39:33	AddOrReplaceReadGroups	Processed   101,000,000 records.  Elapsed time: 00:34:50s.  Time for last 1,000,000:   18s.  Last read position: chr15:39,874,454
INFO	2016-06-12 19:39:48	AddOrReplaceReadGroups	Processed   102,000,000 records.  Elapsed time: 00:35:05s.  Time for last 1,000,000:   14s.  Last read position: chr15:45,491,118
INFO	2016-06-12 19:40:12	AddOrReplaceReadGroups	Processed   103,000,000 records.  Elapsed time: 00:35:29s.  Time for last 1,000,000:   23s.  Last read position: chr15:65,270,427
INFO	2016-06-12 19:40:26	AddOrReplaceReadGroups	Processed   104,000,000 records.  Elapsed time: 00:35:43s.  Time for last 1,000,000:   14s.  Last read position: chr15:78,675,360
INFO	2016-06-12 19:40:42	AddOrReplaceReadGroups	Processed   105,000,000 records.  Elapsed time: 00:35:59s.  Time for last 1,000,000:   16s.  Last read position: chr15:99,678,253
INFO	2016-06-12 19:40:58	AddOrReplaceReadGroups	Processed   106,000,000 records.  Elapsed time: 00:36:15s.  Time for last 1,000,000:   15s.  Last read position: chr16:8,900,184
INFO	2016-06-12 19:41:17	AddOrReplaceReadGroups	Processed   107,000,000 records.  Elapsed time: 00:36:34s.  Time for last 1,000,000:   19s.  Last read position: chr16:28,856,716
INFO	2016-06-12 19:41:31	AddOrReplaceReadGroups	Processed   108,000,000 records.  Elapsed time: 00:36:49s.  Time for last 1,000,000:   14s.  Last read position: chr16:50,709,576
INFO	2016-06-12 19:41:47	AddOrReplaceReadGroups	Processed   109,000,000 records.  Elapsed time: 00:37:04s.  Time for last 1,000,000:   15s.  Last read position: chr16:69,154,599
INFO	2016-06-12 19:42:03	AddOrReplaceReadGroups	Processed   110,000,000 records.  Elapsed time: 00:37:20s.  Time for last 1,000,000:   15s.  Last read position: chr16:87,445,423
INFO	2016-06-12 19:42:21	AddOrReplaceReadGroups	Processed   111,000,000 records.  Elapsed time: 00:37:39s.  Time for last 1,000,000:   18s.  Last read position: chr17:6,943,179
INFO	2016-06-12 19:42:36	AddOrReplaceReadGroups	Processed   112,000,000 records.  Elapsed time: 00:37:53s.  Time for last 1,000,000:   14s.  Last read position: chr17:21,117,464
INFO	2016-06-12 19:42:52	AddOrReplaceReadGroups	Processed   113,000,000 records.  Elapsed time: 00:38:09s.  Time for last 1,000,000:   15s.  Last read position: chr17:37,618,628
INFO	2016-06-12 19:43:06	AddOrReplaceReadGroups	Processed   114,000,000 records.  Elapsed time: 00:38:23s.  Time for last 1,000,000:   14s.  Last read position: chr17:42,328,743
INFO	2016-06-12 19:43:25	AddOrReplaceReadGroups	Processed   115,000,000 records.  Elapsed time: 00:38:42s.  Time for last 1,000,000:   18s.  Last read position: chr17:53,828,674
INFO	2016-06-12 19:43:41	AddOrReplaceReadGroups	Processed   116,000,000 records.  Elapsed time: 00:38:59s.  Time for last 1,000,000:   16s.  Last read position: chr17:67,029,934
INFO	2016-06-12 19:44:00	AddOrReplaceReadGroups	Processed   117,000,000 records.  Elapsed time: 00:39:17s.  Time for last 1,000,000:   18s.  Last read position: chr17:76,887,856
INFO	2016-06-12 19:44:17	AddOrReplaceReadGroups	Processed   118,000,000 records.  Elapsed time: 00:39:35s.  Time for last 1,000,000:   17s.  Last read position: chr18:9,708,402
INFO	2016-06-12 19:44:37	AddOrReplaceReadGroups	Processed   119,000,000 records.  Elapsed time: 00:39:54s.  Time for last 1,000,000:   19s.  Last read position: chr18:44,409,642
INFO	2016-06-12 19:44:58	AddOrReplaceReadGroups	Processed   120,000,000 records.  Elapsed time: 00:40:15s.  Time for last 1,000,000:   20s.  Last read position: chr19:2,247,592
INFO	2016-06-12 19:45:13	AddOrReplaceReadGroups	Processed   121,000,000 records.  Elapsed time: 00:40:31s.  Time for last 1,000,000:   15s.  Last read position: chr19:11,222,165
INFO	2016-06-12 19:45:31	AddOrReplaceReadGroups	Processed   122,000,000 records.  Elapsed time: 00:40:48s.  Time for last 1,000,000:   17s.  Last read position: chr19:18,392,149
INFO	2016-06-12 19:45:47	AddOrReplaceReadGroups	Processed   123,000,000 records.  Elapsed time: 00:41:05s.  Time for last 1,000,000:   16s.  Last read position: chr19:36,545,162
INFO	2016-06-12 19:46:06	AddOrReplaceReadGroups	Processed   124,000,000 records.  Elapsed time: 00:41:23s.  Time for last 1,000,000:   18s.  Last read position: chr19:42,595,272
INFO	2016-06-12 19:46:21	AddOrReplaceReadGroups	Processed   125,000,000 records.  Elapsed time: 00:41:38s.  Time for last 1,000,000:   15s.  Last read position: chr19:49,936,061
INFO	2016-06-12 19:46:42	AddOrReplaceReadGroups	Processed   126,000,000 records.  Elapsed time: 00:42:00s.  Time for last 1,000,000:   21s.  Last read position: chr19:55,451,321
INFO	2016-06-12 19:46:59	AddOrReplaceReadGroups	Processed   127,000,000 records.  Elapsed time: 00:42:17s.  Time for last 1,000,000:   16s.  Last read position: chr20:2,641,200
INFO	2016-06-12 19:47:15	AddOrReplaceReadGroups	Processed   128,000,000 records.  Elapsed time: 00:42:33s.  Time for last 1,000,000:   15s.  Last read position: chr20:23,615,897
INFO	2016-06-12 19:47:32	AddOrReplaceReadGroups	Processed   129,000,000 records.  Elapsed time: 00:42:49s.  Time for last 1,000,000:   16s.  Last read position: chr20:39,726,912
INFO	2016-06-12 19:47:48	AddOrReplaceReadGroups	Processed   130,000,000 records.  Elapsed time: 00:43:05s.  Time for last 1,000,000:   15s.  Last read position: chr20:55,974,948
INFO	2016-06-12 19:48:07	AddOrReplaceReadGroups	Processed   131,000,000 records.  Elapsed time: 00:43:24s.  Time for last 1,000,000:   18s.  Last read position: chr21:31,768,517
INFO	2016-06-12 19:48:27	AddOrReplaceReadGroups	Processed   132,000,000 records.  Elapsed time: 00:43:44s.  Time for last 1,000,000:   20s.  Last read position: chr21:46,086,222
INFO	2016-06-12 19:48:46	AddOrReplaceReadGroups	Processed   133,000,000 records.  Elapsed time: 00:44:03s.  Time for last 1,000,000:   18s.  Last read position: chr22:24,698,304
INFO	2016-06-12 19:49:01	AddOrReplaceReadGroups	Processed   134,000,000 records.  Elapsed time: 00:44:19s.  Time for last 1,000,000:   15s.  Last read position: chr22:37,492,039
INFO	2016-06-12 19:49:20	AddOrReplaceReadGroups	Processed   135,000,000 records.  Elapsed time: 00:44:37s.  Time for last 1,000,000:   18s.  Last read position: chr22:46,664,349
INFO	2016-06-12 19:49:39	AddOrReplaceReadGroups	Processed   136,000,000 records.  Elapsed time: 00:44:57s.  Time for last 1,000,000:   19s.  Last read position: chrX:23,899,095
INFO	2016-06-12 19:49:55	AddOrReplaceReadGroups	Processed   137,000,000 records.  Elapsed time: 00:45:13s.  Time for last 1,000,000:   16s.  Last read position: chrX:49,855,128
INFO	2016-06-12 19:50:14	AddOrReplaceReadGroups	Processed   138,000,000 records.  Elapsed time: 00:45:31s.  Time for last 1,000,000:   18s.  Last read position: chrX:75,332,299
INFO	2016-06-12 19:50:28	AddOrReplaceReadGroups	Processed   139,000,000 records.  Elapsed time: 00:45:45s.  Time for last 1,000,000:   13s.  Last read position: chrX:118,206,138
INFO	2016-06-12 19:50:46	AddOrReplaceReadGroups	Processed   140,000,000 records.  Elapsed time: 00:46:03s.  Time for last 1,000,000:   18s.  Last read position: chrX:150,869,043
INFO	2016-06-12 19:51:02	AddOrReplaceReadGroups	Processed   141,000,000 records.  Elapsed time: 00:46:19s.  Time for last 1,000,000:   15s.  Last read position: */*
[Sun Jun 12 19:51:06 EDT 2016] picard.sam.AddOrReplaceReadGroups done. Elapsed time: 46.41 minutes.
Runtime.totalMemory()=395313152
[Sun Jun 12 19:51:07 EDT 2016] picard.sam.FixMateInformation INPUT=[p_DS_bkm_129-T2/p_DS_bkm_129-T2.sorted.MarkDup.fixed.bam] OUTPUT=p_DS_bkm_129-T2/p_DS_bkm_129-T2.sorted.MarkDup.realn.fixed.bam SORT_ORDER=coordinate TMP_DIR=[tmp/flx] VALIDATION_STRINGENCY=LENIENT CREATE_INDEX=true    ASSUME_SORTED=false ADD_MATE_CIGAR=true IGNORE_MISSING_MATES=true VERBOSITY=INFO QUIET=false COMPRESSION_LEVEL=5 MAX_RECORDS_IN_RAM=500000 CREATE_MD5_FILE=false GA4GH_CLIENT_SECRETS=client_secrets.json
[Sun Jun 12 19:51:07 EDT 2016] Executing as abdelrahman@compute-1-3.local on Linux 2.6.32-279.14.1.el6.x86_64 amd64; Java HotSpot(TM) 64-Bit Server VM 1.8.0_45-b14; Picard version: 2.3.0(9a00c87b7ffdb01cfb5a0d6e76556146196babb8_1463071327) IntelDeflater
INFO	2016-06-12 19:51:07	FixMateInformation	Sorting input into queryname order.
INFO	2016-06-12 20:36:36	FixMateInformation	Sorting by queryname complete.
INFO	2016-06-12 20:36:36	FixMateInformation	Output will be sorted by coordinate
INFO	2016-06-12 20:36:37	FixMateInformation	Traversing query name sorted records and fixing up mate pair information.
INFO	2016-06-12 20:37:09	FixMateInformation	Processed     1,000,000 records.  Elapsed time: 00:00:32s.  Time for last 1,000,000:   32s.  Last read position: chr14:102,449,711
INFO	2016-06-12 20:37:29	FixMateInformation	Processed     2,000,000 records.  Elapsed time: 00:00:52s.  Time for last 1,000,000:   19s.  Last read position: chr14:81,251,708
INFO	2016-06-12 20:37:48	FixMateInformation	Processed     3,000,000 records.  Elapsed time: 00:01:11s.  Time for last 1,000,000:   19s.  Last read position: chr4:89,652,584
INFO	2016-06-12 20:38:06	FixMateInformation	Processed     4,000,000 records.  Elapsed time: 00:01:29s.  Time for last 1,000,000:   18s.  Last read position: chr12:47,471,898
INFO	2016-06-12 20:38:24	FixMateInformation	Processed     5,000,000 records.  Elapsed time: 00:01:47s.  Time for last 1,000,000:   18s.  Last read position: chr17:4,445,884
INFO	2016-06-12 20:38:40	FixMateInformation	Processed     6,000,000 records.  Elapsed time: 00:02:03s.  Time for last 1,000,000:   16s.  Last read position: chr21:19,770,238
INFO	2016-06-12 20:38:55	FixMateInformation	Processed     7,000,000 records.  Elapsed time: 00:02:18s.  Time for last 1,000,000:   14s.  Last read position: chr6:51,606,026
INFO	2016-06-12 20:39:12	FixMateInformation	Processed     8,000,000 records.  Elapsed time: 00:02:35s.  Time for last 1,000,000:   16s.  Last read position: chr4:38,104,604
INFO	2016-06-12 20:39:26	FixMateInformation	Processed     9,000,000 records.  Elapsed time: 00:02:49s.  Time for last 1,000,000:   13s.  Last read position: chr6:41,773,688
INFO	2016-06-12 20:39:46	FixMateInformation	Processed    10,000,000 records.  Elapsed time: 00:03:09s.  Time for last 1,000,000:   20s.  Last read position: chrX:122,536,771
INFO	2016-06-12 20:40:06	FixMateInformation	Processed    11,000,000 records.  Elapsed time: 00:03:29s.  Time for last 1,000,000:   19s.  Last read position: chrX:2,700,115
INFO	2016-06-12 20:40:22	FixMateInformation	Processed    12,000,000 records.  Elapsed time: 00:03:45s.  Time for last 1,000,000:   16s.  Last read position: chr19:39,911,390
INFO	2016-06-12 20:40:37	FixMateInformation	Processed    13,000,000 records.  Elapsed time: 00:04:00s.  Time for last 1,000,000:   15s.  Last read position: chr9:130,491,842
INFO	2016-06-12 20:40:51	FixMateInformation	Processed    14,000,000 records.  Elapsed time: 00:04:14s.  Time for last 1,000,000:   14s.  Last read position: chr1:3,701,695
INFO	2016-06-12 20:41:05	FixMateInformation	Processed    15,000,000 records.  Elapsed time: 00:04:28s.  Time for last 1,000,000:   13s.  Last read position: chr16:57,996,869
INFO	2016-06-12 20:41:20	FixMateInformation	Processed    16,000,000 records.  Elapsed time: 00:04:43s.  Time for last 1,000,000:   14s.  Last read position: chr20:5,922,005
INFO	2016-06-12 20:41:37	FixMateInformation	Processed    17,000,000 records.  Elapsed time: 00:05:00s.  Time for last 1,000,000:   16s.  Last read position: chr15:65,425,238
INFO	2016-06-12 20:42:00	FixMateInformation	Processed    18,000,000 records.  Elapsed time: 00:05:23s.  Time for last 1,000,000:   23s.  Last read position: chr15:69,733,240
INFO	2016-06-12 20:42:25	FixMateInformation	Processed    19,000,000 records.  Elapsed time: 00:05:47s.  Time for last 1,000,000:   24s.  Last read position: chr9:8,526,499
INFO	2016-06-12 20:42:50	FixMateInformation	Processed    20,000,000 records.  Elapsed time: 00:06:13s.  Time for last 1,000,000:   25s.  Last read position: chr18:20,573,014
INFO	2016-06-12 20:43:29	FixMateInformation	Processed    21,000,000 records.  Elapsed time: 00:06:52s.  Time for last 1,000,000:   39s.  Last read position: chr2:191,929,664
INFO	2016-06-12 20:43:50	FixMateInformation	Processed    22,000,000 records.  Elapsed time: 00:07:13s.  Time for last 1,000,000:   21s.  Last read position: chr15:80,414,173
INFO	2016-06-12 20:44:44	FixMateInformation	Processed    23,000,000 records.  Elapsed time: 00:08:07s.  Time for last 1,000,000:   53s.  Last read position: chr5:50,052,965
INFO	2016-06-12 20:45:07	FixMateInformation	Processed    24,000,000 records.  Elapsed time: 00:08:30s.  Time for last 1,000,000:   23s.  Last read position: chr14:105,398,626
INFO	2016-06-12 20:45:26	FixMateInformation	Processed    25,000,000 records.  Elapsed time: 00:08:49s.  Time for last 1,000,000:   18s.  Last read position: chr19:41,847,972
INFO	2016-06-12 20:45:45	FixMateInformation	Processed    26,000,000 records.  Elapsed time: 00:09:08s.  Time for last 1,000,000:   19s.  Last read position: chr22:31,492,727
INFO	2016-06-12 20:46:06	FixMateInformation	Processed    27,000,000 records.  Elapsed time: 00:09:29s.  Time for last 1,000,000:   20s.  Last read position: chr6:32,261,428
INFO	2016-06-12 20:46:24	FixMateInformation	Processed    28,000,000 records.  Elapsed time: 00:09:46s.  Time for last 1,000,000:   17s.  Last read position: chr6:32,184,588
INFO	2016-06-12 20:46:40	FixMateInformation	Processed    29,000,000 records.  Elapsed time: 00:10:03s.  Time for last 1,000,000:   16s.  Last read position: chr11:118,398,230
INFO	2016-06-12 20:46:57	FixMateInformation	Processed    30,000,000 records.  Elapsed time: 00:10:20s.  Time for last 1,000,000:   16s.  Last read position: chr6:155,618,197
INFO	2016-06-12 20:47:13	FixMateInformation	Processed    31,000,000 records.  Elapsed time: 00:10:36s.  Time for last 1,000,000:   16s.  Last read position: chr12:123,661,095
INFO	2016-06-12 20:47:29	FixMateInformation	Processed    32,000,000 records.  Elapsed time: 00:10:52s.  Time for last 1,000,000:   16s.  Last read position: chr11:118,110,893
INFO	2016-06-12 20:47:46	FixMateInformation	Processed    33,000,000 records.  Elapsed time: 00:11:09s.  Time for last 1,000,000:   16s.  Last read position: chr6:158,517,428
INFO	2016-06-12 20:48:05	FixMateInformation	Processed    34,000,000 records.  Elapsed time: 00:11:28s.  Time for last 1,000,000:   18s.  Last read position: chr12:6,687,949
INFO	2016-06-12 20:48:24	FixMateInformation	Processed    35,000,000 records.  Elapsed time: 00:11:47s.  Time for last 1,000,000:   19s.  Last read position: chr11:102,076,678
INFO	2016-06-12 20:48:46	FixMateInformation	Processed    36,000,000 records.  Elapsed time: 00:12:09s.  Time for last 1,000,000:   21s.  Last read position: chr12:133,522,194
INFO	2016-06-12 20:49:05	FixMateInformation	Processed    37,000,000 records.  Elapsed time: 00:12:28s.  Time for last 1,000,000:   19s.  Last read position: chr3:49,758,333
INFO	2016-06-12 20:49:23	FixMateInformation	Processed    38,000,000 records.  Elapsed time: 00:12:46s.  Time for last 1,000,000:   18s.  Last read position: chr2:74,597,383
INFO	2016-06-12 20:49:46	FixMateInformation	Processed    39,000,000 records.  Elapsed time: 00:13:09s.  Time for last 1,000,000:   22s.  Last read position: chr11:34,670,488
INFO	2016-06-12 20:50:08	FixMateInformation	Processed    40,000,000 records.  Elapsed time: 00:13:31s.  Time for last 1,000,000:   22s.  Last read position: chr9:95,765,239
INFO	2016-06-12 20:50:31	FixMateInformation	Processed    41,000,000 records.  Elapsed time: 00:13:53s.  Time for last 1,000,000:   22s.  Last read position: chr17:59,560,218
INFO	2016-06-12 20:50:52	FixMateInformation	Processed    42,000,000 records.  Elapsed time: 00:14:15s.  Time for last 1,000,000:   21s.  Last read position: chr2:55,118,196
INFO	2016-06-12 20:51:12	FixMateInformation	Processed    43,000,000 records.  Elapsed time: 00:14:35s.  Time for last 1,000,000:   19s.  Last read position: chr4:114,530,376
INFO	2016-06-12 20:51:36	FixMateInformation	Processed    44,000,000 records.  Elapsed time: 00:14:59s.  Time for last 1,000,000:   24s.  Last read position: chrX:139,796,016
INFO	2016-06-12 20:52:06	FixMateInformation	Processed    45,000,000 records.  Elapsed time: 00:15:29s.  Time for last 1,000,000:   29s.  Last read position: chr11:46,805,976
INFO	2016-06-12 20:52:33	FixMateInformation	Processed    46,000,000 records.  Elapsed time: 00:15:55s.  Time for last 1,000,000:   26s.  Last read position: chr4:42,122,098
INFO	2016-06-12 20:52:56	FixMateInformation	Processed    47,000,000 records.  Elapsed time: 00:16:19s.  Time for last 1,000,000:   23s.  Last read position: chr1:63,902,528
INFO	2016-06-12 20:53:15	FixMateInformation	Processed    48,000,000 records.  Elapsed time: 00:16:38s.  Time for last 1,000,000:   19s.  Last read position: chr8:145,106,964
INFO	2016-06-12 20:53:38	FixMateInformation	Processed    49,000,000 records.  Elapsed time: 00:17:01s.  Time for last 1,000,000:   22s.  Last read position: chr2:210,679,961
INFO	2016-06-12 20:54:06	FixMateInformation	Processed    50,000,000 records.  Elapsed time: 00:17:29s.  Time for last 1,000,000:   27s.  Last read position: chr2:153,499,971
INFO	2016-06-12 20:54:32	FixMateInformation	Processed    51,000,000 records.  Elapsed time: 00:17:55s.  Time for last 1,000,000:   25s.  Last read position: chr1:89,271,309
INFO	2016-06-12 20:54:57	FixMateInformation	Processed    52,000,000 records.  Elapsed time: 00:18:20s.  Time for last 1,000,000:   25s.  Last read position: chr11:107,497,213
INFO	2016-06-12 20:55:19	FixMateInformation	Processed    53,000,000 records.  Elapsed time: 00:18:42s.  Time for last 1,000,000:   21s.  Last read position: chr2:202,006,131
INFO	2016-06-12 20:55:39	FixMateInformation	Processed    54,000,000 records.  Elapsed time: 00:19:02s.  Time for last 1,000,000:   19s.  Last read position: chr6:88,120,259
INFO	2016-06-12 20:56:03	FixMateInformation	Processed    55,000,000 records.  Elapsed time: 00:19:26s.  Time for last 1,000,000:   23s.  Last read position: chr1:233,490,462
INFO	2016-06-12 20:56:31	FixMateInformation	Processed    56,000,000 records.  Elapsed time: 00:19:54s.  Time for last 1,000,000:   28s.  Last read position: chr2:97,498,289
INFO	2016-06-12 20:56:52	FixMateInformation	Processed    57,000,000 records.  Elapsed time: 00:20:15s.  Time for last 1,000,000:   21s.  Last read position: chr11:1,576,440
INFO	2016-06-12 20:57:16	FixMateInformation	Processed    58,000,000 records.  Elapsed time: 00:20:39s.  Time for last 1,000,000:   23s.  Last read position: chr11:57,509,252
INFO	2016-06-12 20:57:36	FixMateInformation	Processed    59,000,000 records.  Elapsed time: 00:20:59s.  Time for last 1,000,000:   19s.  Last read position: chr14:74,206,641
INFO	2016-06-12 20:57:56	FixMateInformation	Processed    60,000,000 records.  Elapsed time: 00:21:19s.  Time for last 1,000,000:   20s.  Last read position: chr2:152,492,802
INFO	2016-06-12 20:58:26	FixMateInformation	Processed    61,000,000 records.  Elapsed time: 00:21:49s.  Time for last 1,000,000:   29s.  Last read position: chr15:27,772,736
INFO	2016-06-12 20:58:46	FixMateInformation	Processed    62,000,000 records.  Elapsed time: 00:22:09s.  Time for last 1,000,000:   20s.  Last read position: chr12:12,037,234
INFO	2016-06-12 20:59:17	FixMateInformation	Processed    63,000,000 records.  Elapsed time: 00:22:40s.  Time for last 1,000,000:   30s.  Last read position: chr15:30,800,615
INFO	2016-06-12 20:59:40	FixMateInformation	Processed    64,000,000 records.  Elapsed time: 00:23:03s.  Time for last 1,000,000:   23s.  Last read position: chr7:100,484,648
INFO	2016-06-12 21:00:01	FixMateInformation	Processed    65,000,000 records.  Elapsed time: 00:23:24s.  Time for last 1,000,000:   21s.  Last read position: chr11:67,925,224
INFO	2016-06-12 21:00:25	FixMateInformation	Processed    66,000,000 records.  Elapsed time: 00:23:48s.  Time for last 1,000,000:   23s.  Last read position: chr2:219,099,665
INFO	2016-06-12 21:00:46	FixMateInformation	Processed    67,000,000 records.  Elapsed time: 00:24:09s.  Time for last 1,000,000:   20s.  Last read position: chr11:66,468,542
INFO	2016-06-12 21:01:14	FixMateInformation	Processed    68,000,000 records.  Elapsed time: 00:24:37s.  Time for last 1,000,000:   27s.  Last read position: chr1:152,882,977
INFO	2016-06-12 21:01:39	FixMateInformation	Processed    69,000,000 records.  Elapsed time: 00:25:02s.  Time for last 1,000,000:   25s.  Last read position: chr13:26,114,360
INFO	2016-06-12 21:02:02	FixMateInformation	Processed    70,000,000 records.  Elapsed time: 00:25:25s.  Time for last 1,000,000:   22s.  Last read position: chr20:17,610,652
INFO	2016-06-12 21:02:29	FixMateInformation	Processed    71,000,000 records.  Elapsed time: 00:25:52s.  Time for last 1,000,000:   27s.  Last read position: chr17:986,764
INFO	2016-06-12 21:02:51	FixMateInformation	Processed    72,000,000 records.  Elapsed time: 00:26:14s.  Time for last 1,000,000:   21s.  Last read position: chr17:7,370,110
INFO	2016-06-12 21:03:23	FixMateInformation	Processed    73,000,000 records.  Elapsed time: 00:26:46s.  Time for last 1,000,000:   32s.  Last read position: chr7:150,698,230
INFO	2016-06-12 21:04:00	FixMateInformation	Processed    74,000,000 records.  Elapsed time: 00:27:23s.  Time for last 1,000,000:   36s.  Last read position: chr12:121,352,601
INFO	2016-06-12 21:04:28	FixMateInformation	Processed    75,000,000 records.  Elapsed time: 00:27:50s.  Time for last 1,000,000:   27s.  Last read position: chr15:40,756,030
INFO	2016-06-12 21:04:52	FixMateInformation	Processed    76,000,000 records.  Elapsed time: 00:28:14s.  Time for last 1,000,000:   24s.  Last read position: chr1:31,206,320
INFO	2016-06-12 21:05:19	FixMateInformation	Processed    77,000,000 records.  Elapsed time: 00:28:42s.  Time for last 1,000,000:   27s.  Last read position: chr22:29,966,007
INFO	2016-06-12 21:05:51	FixMateInformation	Processed    78,000,000 records.  Elapsed time: 00:29:14s.  Time for last 1,000,000:   32s.  Last read position: chr1:32,098,666
INFO	2016-06-12 21:06:17	FixMateInformation	Processed    79,000,000 records.  Elapsed time: 00:29:40s.  Time for last 1,000,000:   26s.  Last read position: chr13:111,102,143
INFO	2016-06-12 21:06:44	FixMateInformation	Processed    80,000,000 records.  Elapsed time: 00:30:07s.  Time for last 1,000,000:   26s.  Last read position: chrX:41,437,703
INFO	2016-06-12 21:07:11	FixMateInformation	Processed    81,000,000 records.  Elapsed time: 00:30:34s.  Time for last 1,000,000:   26s.  Last read position: chr12:4,920,115
INFO	2016-06-12 21:07:47	FixMateInformation	Processed    82,000,000 records.  Elapsed time: 00:31:10s.  Time for last 1,000,000:   36s.  Last read position: chr19:15,366,976
INFO	2016-06-12 21:08:15	FixMateInformation	Processed    83,000,000 records.  Elapsed time: 00:31:38s.  Time for last 1,000,000:   28s.  Last read position: chr16:81,236,060
INFO	2016-06-12 21:08:39	FixMateInformation	Processed    84,000,000 records.  Elapsed time: 00:32:02s.  Time for last 1,000,000:   23s.  Last read position: chr5:140,347,432
INFO	2016-06-12 21:08:58	FixMateInformation	Processed    85,000,000 records.  Elapsed time: 00:32:21s.  Time for last 1,000,000:   19s.  Last read position: chr1:44,446,994
INFO	2016-06-12 21:09:22	FixMateInformation	Processed    86,000,000 records.  Elapsed time: 00:32:45s.  Time for last 1,000,000:   23s.  Last read position: chr22:42,473,984
INFO	2016-06-12 21:09:44	FixMateInformation	Processed    87,000,000 records.  Elapsed time: 00:33:07s.  Time for last 1,000,000:   22s.  Last read position: chr12:12,510,506
INFO	2016-06-12 21:10:07	FixMateInformation	Processed    88,000,000 records.  Elapsed time: 00:33:30s.  Time for last 1,000,000:   23s.  Last read position: chr8:145,024,746
INFO	2016-06-12 21:10:30	FixMateInformation	Processed    89,000,000 records.  Elapsed time: 00:33:53s.  Time for last 1,000,000:   22s.  Last read position: chr2:197,636,573
INFO	2016-06-12 21:10:51	FixMateInformation	Processed    90,000,000 records.  Elapsed time: 00:34:14s.  Time for last 1,000,000:   21s.  Last read position: chr3:49,750,119
INFO	2016-06-12 21:11:11	FixMateInformation	Processed    91,000,000 records.  Elapsed time: 00:34:34s.  Time for last 1,000,000:   20s.  Last read position: chr10:102,988,226
INFO	2016-06-12 21:11:30	FixMateInformation	Processed    92,000,000 records.  Elapsed time: 00:34:53s.  Time for last 1,000,000:   18s.  Last read position: chrX:57,618,728
INFO	2016-06-12 21:11:52	FixMateInformation	Processed    93,000,000 records.  Elapsed time: 00:35:15s.  Time for last 1,000,000:   22s.  Last read position: chr2:202,245,733
INFO	2016-06-12 21:12:18	FixMateInformation	Processed    94,000,000 records.  Elapsed time: 00:35:41s.  Time for last 1,000,000:   25s.  Last read position: chr14:67,391,006
INFO	2016-06-12 21:12:43	FixMateInformation	Processed    95,000,000 records.  Elapsed time: 00:36:05s.  Time for last 1,000,000:   24s.  Last read position: chr11:61,977,910
INFO	2016-06-12 21:13:07	FixMateInformation	Processed    96,000,000 records.  Elapsed time: 00:36:30s.  Time for last 1,000,000:   24s.  Last read position: chr20:34,063,261
INFO	2016-06-12 21:13:27	FixMateInformation	Processed    97,000,000 records.  Elapsed time: 00:36:50s.  Time for last 1,000,000:   19s.  Last read position: chr16:10,032,176
INFO	2016-06-12 21:13:59	FixMateInformation	Processed    98,000,000 records.  Elapsed time: 00:37:22s.  Time for last 1,000,000:   32s.  Last read position: chr11:4,566,717
INFO	2016-06-12 21:14:23	FixMateInformation	Processed    99,000,000 records.  Elapsed time: 00:37:46s.  Time for last 1,000,000:   23s.  Last read position: chr8:123,964,091
INFO	2016-06-12 21:14:51	FixMateInformation	Processed   100,000,000 records.  Elapsed time: 00:38:14s.  Time for last 1,000,000:   28s.  Last read position: chr10:113,941,444
INFO	2016-06-12 21:15:18	FixMateInformation	Processed   101,000,000 records.  Elapsed time: 00:38:41s.  Time for last 1,000,000:   26s.  Last read position: chr12:56,527,147
INFO	2016-06-12 21:15:46	FixMateInformation	Processed   102,000,000 records.  Elapsed time: 00:39:09s.  Time for last 1,000,000:   28s.  Last read position: chr13:24,844,977
INFO	2016-06-12 21:16:10	FixMateInformation	Processed   103,000,000 records.  Elapsed time: 00:39:33s.  Time for last 1,000,000:   23s.  Last read position: chr3:52,283,866
INFO	2016-06-12 21:16:34	FixMateInformation	Processed   104,000,000 records.  Elapsed time: 00:39:57s.  Time for last 1,000,000:   24s.  Last read position: chr14:20,404,565
INFO	2016-06-12 21:17:02	FixMateInformation	Processed   105,000,000 records.  Elapsed time: 00:40:25s.  Time for last 1,000,000:   27s.  Last read position: chr4:843,708
INFO	2016-06-12 21:17:25	FixMateInformation	Processed   106,000,000 records.  Elapsed time: 00:40:48s.  Time for last 1,000,000:   23s.  Last read position: chr3:150,176,533
INFO	2016-06-12 21:17:46	FixMateInformation	Processed   107,000,000 records.  Elapsed time: 00:41:09s.  Time for last 1,000,000:   20s.  Last read position: chr1:204,379,281
INFO	2016-06-12 21:18:07	FixMateInformation	Processed   108,000,000 records.  Elapsed time: 00:41:30s.  Time for last 1,000,000:   21s.  Last read position: chr10:97,050,540
INFO	2016-06-12 21:18:29	FixMateInformation	Processed   109,000,000 records.  Elapsed time: 00:41:52s.  Time for last 1,000,000:   22s.  Last read position: chr9:4,741,005
INFO	2016-06-12 21:18:50	FixMateInformation	Processed   110,000,000 records.  Elapsed time: 00:42:13s.  Time for last 1,000,000:   20s.  Last read position: chr19:19,105,112
INFO	2016-06-12 21:19:12	FixMateInformation	Processed   111,000,000 records.  Elapsed time: 00:42:35s.  Time for last 1,000,000:   22s.  Last read position: chr19:49,813,736
INFO	2016-06-12 21:19:37	FixMateInformation	Processed   112,000,000 records.  Elapsed time: 00:43:00s.  Time for last 1,000,000:   24s.  Last read position: chr15:72,104,561
INFO	2016-06-12 21:19:56	FixMateInformation	Processed   113,000,000 records.  Elapsed time: 00:43:19s.  Time for last 1,000,000:   19s.  Last read position: chr14:25,325,229
INFO	2016-06-12 21:20:17	FixMateInformation	Processed   114,000,000 records.  Elapsed time: 00:43:40s.  Time for last 1,000,000:   20s.  Last read position: chr17:37,778,058
INFO	2016-06-12 21:20:36	FixMateInformation	Processed   115,000,000 records.  Elapsed time: 00:43:59s.  Time for last 1,000,000:   18s.  Last read position: chr16:58,564,183
INFO	2016-06-12 21:20:55	FixMateInformation	Processed   116,000,000 records.  Elapsed time: 00:44:18s.  Time for last 1,000,000:   19s.  Last read position: chr2:91,767,265
INFO	2016-06-12 21:21:15	FixMateInformation	Processed   117,000,000 records.  Elapsed time: 00:44:38s.  Time for last 1,000,000:   19s.  Last read position: chr7:98,547,135
INFO	2016-06-12 21:21:35	FixMateInformation	Processed   118,000,000 records.  Elapsed time: 00:44:58s.  Time for last 1,000,000:   20s.  Last read position: chr16:67,572,651
INFO	2016-06-12 21:21:55	FixMateInformation	Processed   119,000,000 records.  Elapsed time: 00:45:18s.  Time for last 1,000,000:   20s.  Last read position: chr9:138,714,046
INFO	2016-06-12 21:22:16	FixMateInformation	Processed   120,000,000 records.  Elapsed time: 00:45:39s.  Time for last 1,000,000:   20s.  Last read position: chr4:125,590,373
INFO	2016-06-12 21:22:41	FixMateInformation	Processed   121,000,000 records.  Elapsed time: 00:46:04s.  Time for last 1,000,000:   24s.  Last read position: chr7:73,151,648
INFO	2016-06-12 21:23:17	FixMateInformation	Processed   122,000,000 records.  Elapsed time: 00:46:40s.  Time for last 1,000,000:   36s.  Last read position: chr3:51,429,782
INFO	2016-06-12 21:24:08	FixMateInformation	Processed   123,000,000 records.  Elapsed time: 00:47:31s.  Time for last 1,000,000:   50s.  Last read position: chr7:91,863,758
INFO	2016-06-12 21:24:31	FixMateInformation	Processed   124,000,000 records.  Elapsed time: 00:47:54s.  Time for last 1,000,000:   23s.  Last read position: chr11:71,668,178
INFO	2016-06-12 21:25:18	FixMateInformation	Processed   125,000,000 records.  Elapsed time: 00:48:41s.  Time for last 1,000,000:   46s.  Last read position: chr3:58,574,855
INFO	2016-06-12 21:25:45	FixMateInformation	Processed   126,000,000 records.  Elapsed time: 00:49:08s.  Time for last 1,000,000:   26s.  Last read position: chr16:31,488,853
INFO	2016-06-12 21:26:05	FixMateInformation	Processed   127,000,000 records.  Elapsed time: 00:49:28s.  Time for last 1,000,000:   20s.  Last read position: chr12:122,097,197
INFO	2016-06-12 21:26:25	FixMateInformation	Processed   128,000,000 records.  Elapsed time: 00:49:48s.  Time for last 1,000,000:   20s.  Last read position: chr10:98,781,025
INFO	2016-06-12 21:28:52	FixMateInformation	Processed   129,000,000 records.  Elapsed time: 00:52:14s.  Time for last 1,000,000:  146s.  Last read position: chr2:97,017,639
INFO	2016-06-12 21:29:12	FixMateInformation	Processed   130,000,000 records.  Elapsed time: 00:52:35s.  Time for last 1,000,000:   20s.  Last read position: chr6:155,743,927
INFO	2016-06-12 21:29:34	FixMateInformation	Processed   131,000,000 records.  Elapsed time: 00:52:57s.  Time for last 1,000,000:   21s.  Last read position: chr2:148,730,988
INFO	2016-06-12 21:29:51	FixMateInformation	Processed   132,000,000 records.  Elapsed time: 00:53:14s.  Time for last 1,000,000:   17s.  Last read position: chr12:56,565,126
INFO	2016-06-12 21:30:07	FixMateInformation	Processed   133,000,000 records.  Elapsed time: 00:53:30s.  Time for last 1,000,000:   16s.  Last read position: chr19:55,604,072
INFO	2016-06-12 21:30:26	FixMateInformation	Processed   134,000,000 records.  Elapsed time: 00:53:49s.  Time for last 1,000,000:   19s.  Last read position: chr7:36,338,729
INFO	2016-06-12 21:30:48	FixMateInformation	Processed   135,000,000 records.  Elapsed time: 00:54:11s.  Time for last 1,000,000:   21s.  Last read position: chr17:79,994,610
INFO	2016-06-12 21:31:10	FixMateInformation	Processed   136,000,000 records.  Elapsed time: 00:54:33s.  Time for last 1,000,000:   22s.  Last read position: chr15:50,189,570
INFO	2016-06-12 21:31:31	FixMateInformation	Processed   137,000,000 records.  Elapsed time: 00:54:54s.  Time for last 1,000,000:   21s.  Last read position: chr11:32,997,782
INFO	2016-06-12 21:31:51	FixMateInformation	Processed   138,000,000 records.  Elapsed time: 00:55:14s.  Time for last 1,000,000:   19s.  Last read position: chr16:34,748,837
INFO	2016-06-12 21:32:06	FixMateInformation	Processed   139,000,000 records.  Elapsed time: 00:55:29s.  Time for last 1,000,000:   15s.  Last read position: chr22:41,919,027
INFO	2016-06-12 21:32:21	FixMateInformation	Processed   140,000,000 records.  Elapsed time: 00:55:43s.  Time for last 1,000,000:   14s.  Last read position: chr12:11,183,287
INFO	2016-06-12 21:32:35	FixMateInformation	Processed   141,000,000 records.  Elapsed time: 00:55:58s.  Time for last 1,000,000:   14s.  Last read position: chr15:51,012,149
INFO	2016-06-12 21:32:46	FixMateInformation	Finished processing reads; re-sorting output file.
[Sun Jun 12 22:36:14 EDT 2016] picard.sam.FixMateInformation done. Elapsed time: 165.12 minutes.
Runtime.totalMemory()=1071644672
