[Sun May 15 02:26:50 EDT 2016] picard.sam.SortSam INPUT=p_DS_bkm_100-N.sam OUTPUT=p_DS_bkm_100-N/p_DS_bkm_100-N.sorted.bam SORT_ORDER=coordinate TMP_DIR=[tmp_WT] VALIDATION_STRINGENCY=LENIENT CREATE_INDEX=true    VERBOSITY=INFO QUIET=false COMPRESSION_LEVEL=5 MAX_RECORDS_IN_RAM=500000 CREATE_MD5_FILE=false GA4GH_CLIENT_SECRETS=client_secrets.json
[Sun May 15 02:26:50 EDT 2016] Executing as abdelrahman@compute-1-2.local on Linux 2.6.32-279.14.1.el6.x86_64 amd64; Java HotSpot(TM) 64-Bit Server VM 1.8.0_45-b14; Picard version: 2.3.0(9a00c87b7ffdb01cfb5a0d6e76556146196babb8_1463071327) IntelDeflater
INFO	2016-05-15 02:39:19	SortSam	Read    10,000,000 records.  Elapsed time: 00:12:26s.  Time for last 10,000,000:  746s.  Last read position: chr6:2,117,792
INFO	2016-05-15 02:54:01	SortSam	Read    20,000,000 records.  Elapsed time: 00:27:08s.  Time for last 10,000,000:  881s.  Last read position: chr15:26,866,696
INFO	2016-05-15 03:07:57	SortSam	Read    30,000,000 records.  Elapsed time: 00:41:04s.  Time for last 10,000,000:  835s.  Last read position: chr2:25,044,172
INFO	2016-05-15 03:18:12	SortSam	Read    40,000,000 records.  Elapsed time: 00:51:19s.  Time for last 10,000,000:  615s.  Last read position: chr5:38,958,598
INFO	2016-05-15 03:32:28	SortSam	Read    50,000,000 records.  Elapsed time: 01:05:35s.  Time for last 10,000,000:  856s.  Last read position: chr17:10,358,035
INFO	2016-05-15 03:47:35	SortSam	Read    60,000,000 records.  Elapsed time: 01:20:42s.  Time for last 10,000,000:  906s.  Last read position: chr4:126,402,644
INFO	2016-05-15 04:02:59	SortSam	Read    70,000,000 records.  Elapsed time: 01:36:06s.  Time for last 10,000,000:  923s.  Last read position: chr6:110,551,239
INFO	2016-05-15 04:15:36	SortSam	Read    80,000,000 records.  Elapsed time: 01:48:43s.  Time for last 10,000,000:  757s.  Last read position: chr8:48,817,588
INFO	2016-05-15 04:28:50	SortSam	Read    90,000,000 records.  Elapsed time: 02:01:57s.  Time for last 10,000,000:  794s.  Last read position: chr12:6,753,484
INFO	2016-05-15 04:41:51	SortSam	Read   100,000,000 records.  Elapsed time: 02:14:58s.  Time for last 10,000,000:  781s.  Last read position: chr15:79,307,674
INFO	2016-05-15 04:54:20	SortSam	Read   110,000,000 records.  Elapsed time: 02:27:27s.  Time for last 10,000,000:  749s.  Last read position: chrX:33,229,413
INFO	2016-05-15 05:00:07	SortSam	Finished reading inputs, merging and writing to output now.
INFO	2016-05-15 05:10:50	SortSam	Wrote    10,000,000 records from a sorting collection.  Elapsed time: 02:43:57s.  Time for last 10,000,000:  440s.  Last read position: chr1:215,298,140
INFO	2016-05-15 05:14:03	SortSam	Wrote    20,000,000 records from a sorting collection.  Elapsed time: 02:47:10s.  Time for last 10,000,000:  193s.  Last read position: chr3:7,620,613
INFO	2016-05-15 05:17:49	SortSam	Wrote    30,000,000 records from a sorting collection.  Elapsed time: 02:50:56s.  Time for last 10,000,000:  226s.  Last read position: chr4:119,952,406
INFO	2016-05-15 05:21:24	SortSam	Wrote    40,000,000 records from a sorting collection.  Elapsed time: 02:54:31s.  Time for last 10,000,000:  214s.  Last read position: chr6:56,381,977
INFO	2016-05-15 05:24:34	SortSam	Wrote    50,000,000 records from a sorting collection.  Elapsed time: 02:57:41s.  Time for last 10,000,000:  190s.  Last read position: chr8:48,889,207
INFO	2016-05-15 05:26:49	SortSam	Wrote    60,000,000 records from a sorting collection.  Elapsed time: 02:59:56s.  Time for last 10,000,000:  134s.  Last read position: chr10:97,779,432
INFO	2016-05-15 05:28:37	SortSam	Wrote    70,000,000 records from a sorting collection.  Elapsed time: 03:01:44s.  Time for last 10,000,000:  107s.  Last read position: chr12:39,836,727
INFO	2016-05-15 05:30:50	SortSam	Wrote    80,000,000 records from a sorting collection.  Elapsed time: 03:03:57s.  Time for last 10,000,000:  133s.  Last read position: chr14:103,371,805
INFO	2016-05-15 05:33:48	SortSam	Wrote    90,000,000 records from a sorting collection.  Elapsed time: 03:06:55s.  Time for last 10,000,000:  177s.  Last read position: chr17:10,416,892
INFO	2016-05-15 05:36:18	SortSam	Wrote   100,000,000 records from a sorting collection.  Elapsed time: 03:09:25s.  Time for last 10,000,000:  150s.  Last read position: chr19:36,066,505
INFO	2016-05-15 05:39:05	SortSam	Wrote   110,000,000 records from a sorting collection.  Elapsed time: 03:12:12s.  Time for last 10,000,000:  167s.  Last read position: chrX:13,061,306
[Sun May 15 05:40:32 EDT 2016] picard.sam.SortSam done. Elapsed time: 193.71 minutes.
Runtime.totalMemory()=899153920
[Sun May 15 05:40:34 EDT 2016] picard.sam.markduplicates.MarkDuplicates INPUT=[p_DS_bkm_100-N/p_DS_bkm_100-N.sorted.bam] OUTPUT=p_DS_bkm_100-N/p_DS_bkm_100-N.sorted.MarkDup.bam METRICS_FILE=MarkDup_metrics TMP_DIR=[tmp] VALIDATION_STRINGENCY=SILENT CREATE_INDEX=true    MAX_SEQUENCES_FOR_DISK_READ_ENDS_MAP=50000 MAX_FILE_HANDLES_FOR_READ_ENDS_MAP=8000 SORTING_COLLECTION_SIZE_RATIO=0.25 REMOVE_SEQUENCING_DUPLICATES=false TAGGING_POLICY=DontTag REMOVE_DUPLICATES=false ASSUME_SORTED=false DUPLICATE_SCORING_STRATEGY=SUM_OF_BASE_QUALITIES PROGRAM_RECORD_ID=MarkDuplicates PROGRAM_GROUP_NAME=MarkDuplicates READ_NAME_REGEX=<optimized capture of last three ':' separated fields as numeric values> OPTICAL_DUPLICATE_PIXEL_DISTANCE=100 VERBOSITY=INFO QUIET=false COMPRESSION_LEVEL=5 MAX_RECORDS_IN_RAM=500000 CREATE_MD5_FILE=false GA4GH_CLIENT_SECRETS=client_secrets.json
[Sun May 15 05:40:34 EDT 2016] Executing as abdelrahman@compute-1-2.local on Linux 2.6.32-279.14.1.el6.x86_64 amd64; Java HotSpot(TM) 64-Bit Server VM 1.8.0_45-b14; Picard version: 2.3.0(9a00c87b7ffdb01cfb5a0d6e76556146196babb8_1463071327) IntelDeflater
INFO	2016-05-15 05:40:34	MarkDuplicates	Start of doWork freeMemory: 502229736; totalMemory: 506462208; maxMemory: 13362528256
INFO	2016-05-15 05:40:34	MarkDuplicates	Reading input file and constructing read end information.
INFO	2016-05-15 05:40:34	MarkDuplicates	Will retain up to 51394339 data points before spilling to disk.
INFO	2016-05-15 05:40:54	MarkDuplicates	Read     1,000,000 records.  Elapsed time: 00:00:20s.  Time for last 1,000,000:   20s.  Last read position: chr1:15,707,832
INFO	2016-05-15 05:40:54	MarkDuplicates	Tracking 4260 as yet unmatched pairs. 408 records in RAM.
INFO	2016-05-15 05:41:12	MarkDuplicates	Read     2,000,000 records.  Elapsed time: 00:00:38s.  Time for last 1,000,000:   17s.  Last read position: chr1:27,682,403
INFO	2016-05-15 05:41:12	MarkDuplicates	Tracking 7489 as yet unmatched pairs. 622 records in RAM.
INFO	2016-05-15 05:41:29	MarkDuplicates	Read     3,000,000 records.  Elapsed time: 00:00:54s.  Time for last 1,000,000:   16s.  Last read position: chr1:42,048,542
INFO	2016-05-15 05:41:29	MarkDuplicates	Tracking 11203 as yet unmatched pairs. 904 records in RAM.
INFO	2016-05-15 05:41:48	MarkDuplicates	Read     4,000,000 records.  Elapsed time: 00:01:14s.  Time for last 1,000,000:   19s.  Last read position: chr1:60,163,344
INFO	2016-05-15 05:41:48	MarkDuplicates	Tracking 14985 as yet unmatched pairs. 983 records in RAM.
INFO	2016-05-15 05:41:58	MarkDuplicates	Read     5,000,000 records.  Elapsed time: 00:01:23s.  Time for last 1,000,000:    9s.  Last read position: chr1:94,930,781
INFO	2016-05-15 05:41:58	MarkDuplicates	Tracking 20152 as yet unmatched pairs. 1012 records in RAM.
INFO	2016-05-15 05:42:11	MarkDuplicates	Read     6,000,000 records.  Elapsed time: 00:01:37s.  Time for last 1,000,000:   13s.  Last read position: chr1:144,881,288
INFO	2016-05-15 05:42:11	MarkDuplicates	Tracking 26065 as yet unmatched pairs. 1093 records in RAM.
INFO	2016-05-15 05:42:23	MarkDuplicates	Read     7,000,000 records.  Elapsed time: 00:01:48s.  Time for last 1,000,000:   11s.  Last read position: chr1:155,230,527
INFO	2016-05-15 05:42:23	MarkDuplicates	Tracking 29299 as yet unmatched pairs. 1058 records in RAM.
INFO	2016-05-15 05:42:39	MarkDuplicates	Read     8,000,000 records.  Elapsed time: 00:02:05s.  Time for last 1,000,000:   16s.  Last read position: chr1:167,806,285
INFO	2016-05-15 05:42:39	MarkDuplicates	Tracking 32409 as yet unmatched pairs. 1075 records in RAM.
INFO	2016-05-15 05:42:53	MarkDuplicates	Read     9,000,000 records.  Elapsed time: 00:02:18s.  Time for last 1,000,000:   13s.  Last read position: chr1:197,021,713
INFO	2016-05-15 05:42:53	MarkDuplicates	Tracking 36707 as yet unmatched pairs. 793 records in RAM.
INFO	2016-05-15 05:42:59	MarkDuplicates	Read    10,000,000 records.  Elapsed time: 00:02:24s.  Time for last 1,000,000:    6s.  Last read position: chr1:215,298,140
INFO	2016-05-15 05:42:59	MarkDuplicates	Tracking 40106 as yet unmatched pairs. 518 records in RAM.
INFO	2016-05-15 05:43:18	MarkDuplicates	Read    11,000,000 records.  Elapsed time: 00:02:43s.  Time for last 1,000,000:   19s.  Last read position: chr1:240,255,519
INFO	2016-05-15 05:43:18	MarkDuplicates	Tracking 44359 as yet unmatched pairs. 207 records in RAM.
INFO	2016-05-15 05:43:26	MarkDuplicates	Read    12,000,000 records.  Elapsed time: 00:02:51s.  Time for last 1,000,000:    8s.  Last read position: chr2:26,022,294
INFO	2016-05-15 05:43:26	MarkDuplicates	Tracking 49256 as yet unmatched pairs. 5855 records in RAM.
INFO	2016-05-15 05:43:38	MarkDuplicates	Read    13,000,000 records.  Elapsed time: 00:03:04s.  Time for last 1,000,000:   12s.  Last read position: chr2:45,879,262
INFO	2016-05-15 05:43:38	MarkDuplicates	Tracking 65376 as yet unmatched pairs. 4838 records in RAM.
INFO	2016-05-15 05:43:52	MarkDuplicates	Read    14,000,000 records.  Elapsed time: 00:03:17s.  Time for last 1,000,000:   13s.  Last read position: chr2:74,701,722
INFO	2016-05-15 05:43:52	MarkDuplicates	Tracking 69281 as yet unmatched pairs. 4524 records in RAM.
INFO	2016-05-15 05:44:02	MarkDuplicates	Read    15,000,000 records.  Elapsed time: 00:03:28s.  Time for last 1,000,000:   10s.  Last read position: chr2:109,746,002
INFO	2016-05-15 05:44:02	MarkDuplicates	Tracking 75102 as yet unmatched pairs. 4044 records in RAM.
INFO	2016-05-15 05:44:10	MarkDuplicates	Read    16,000,000 records.  Elapsed time: 00:03:35s.  Time for last 1,000,000:    7s.  Last read position: chr2:152,421,361
INFO	2016-05-15 05:44:10	MarkDuplicates	Tracking 82523 as yet unmatched pairs. 3077 records in RAM.
INFO	2016-05-15 05:44:17	MarkDuplicates	Read    17,000,000 records.  Elapsed time: 00:03:42s.  Time for last 1,000,000:    6s.  Last read position: chr2:179,421,948
INFO	2016-05-15 05:44:17	MarkDuplicates	Tracking 86042 as yet unmatched pairs. 2555 records in RAM.
INFO	2016-05-15 05:44:31	MarkDuplicates	Read    18,000,000 records.  Elapsed time: 00:03:56s.  Time for last 1,000,000:   13s.  Last read position: chr2:203,589,687
INFO	2016-05-15 05:44:31	MarkDuplicates	Tracking 88921 as yet unmatched pairs. 1815 records in RAM.
INFO	2016-05-15 05:44:36	MarkDuplicates	Read    19,000,000 records.  Elapsed time: 00:04:02s.  Time for last 1,000,000:    5s.  Last read position: chr2:227,659,588
INFO	2016-05-15 05:44:36	MarkDuplicates	Tracking 91718 as yet unmatched pairs. 1014 records in RAM.
INFO	2016-05-15 05:44:48	MarkDuplicates	Read    20,000,000 records.  Elapsed time: 00:04:13s.  Time for last 1,000,000:   11s.  Last read position: chr3:7,620,613
INFO	2016-05-15 05:44:48	MarkDuplicates	Tracking 94518 as yet unmatched pairs. 6192 records in RAM.
INFO	2016-05-15 05:44:56	MarkDuplicates	Read    21,000,000 records.  Elapsed time: 00:04:21s.  Time for last 1,000,000:    7s.  Last read position: chr3:38,035,249
INFO	2016-05-15 05:44:56	MarkDuplicates	Tracking 97647 as yet unmatched pairs. 5576 records in RAM.
INFO	2016-05-15 05:45:07	MarkDuplicates	Read    22,000,000 records.  Elapsed time: 00:04:33s.  Time for last 1,000,000:   11s.  Last read position: chr3:49,210,114
INFO	2016-05-15 05:45:07	MarkDuplicates	Tracking 99517 as yet unmatched pairs. 5032 records in RAM.
INFO	2016-05-15 05:45:24	MarkDuplicates	Read    23,000,000 records.  Elapsed time: 00:04:49s.  Time for last 1,000,000:   16s.  Last read position: chr3:64,587,797
INFO	2016-05-15 05:45:24	MarkDuplicates	Tracking 101818 as yet unmatched pairs. 4468 records in RAM.
INFO	2016-05-15 05:45:32	MarkDuplicates	Read    24,000,000 records.  Elapsed time: 00:04:57s.  Time for last 1,000,000:    8s.  Last read position: chr3:119,274,283
INFO	2016-05-15 05:45:32	MarkDuplicates	Tracking 105760 as yet unmatched pairs. 3102 records in RAM.
INFO	2016-05-15 05:45:39	MarkDuplicates	Read    25,000,000 records.  Elapsed time: 00:05:04s.  Time for last 1,000,000:    6s.  Last read position: chr3:138,188,387
INFO	2016-05-15 05:45:39	MarkDuplicates	Tracking 108055 as yet unmatched pairs. 2332 records in RAM.
INFO	2016-05-15 05:45:50	MarkDuplicates	Read    26,000,000 records.  Elapsed time: 00:05:16s.  Time for last 1,000,000:   11s.  Last read position: chr3:179,689,347
INFO	2016-05-15 05:45:50	MarkDuplicates	Tracking 111318 as yet unmatched pairs. 1015 records in RAM.
INFO	2016-05-15 05:45:58	MarkDuplicates	Read    27,000,000 records.  Elapsed time: 00:05:24s.  Time for last 1,000,000:    8s.  Last read position: chr4:2,240,655
INFO	2016-05-15 05:45:58	MarkDuplicates	Tracking 113613 as yet unmatched pairs. 8119 records in RAM.
INFO	2016-05-15 05:46:14	MarkDuplicates	Read    28,000,000 records.  Elapsed time: 00:05:39s.  Time for last 1,000,000:   15s.  Last read position: chr4:41,686,416
INFO	2016-05-15 05:46:14	MarkDuplicates	Tracking 116468 as yet unmatched pairs. 6755 records in RAM.
INFO	2016-05-15 05:46:20	MarkDuplicates	Read    29,000,000 records.  Elapsed time: 00:05:45s.  Time for last 1,000,000:    5s.  Last read position: chr4:80,898,602
INFO	2016-05-15 05:46:20	MarkDuplicates	Tracking 121804 as yet unmatched pairs. 4428 records in RAM.
INFO	2016-05-15 05:46:28	MarkDuplicates	Read    30,000,000 records.  Elapsed time: 00:05:53s.  Time for last 1,000,000:    8s.  Last read position: chr4:119,952,406
INFO	2016-05-15 05:46:28	MarkDuplicates	Tracking 124658 as yet unmatched pairs. 3161 records in RAM.
INFO	2016-05-15 05:46:38	MarkDuplicates	Read    31,000,000 records.  Elapsed time: 00:06:03s.  Time for last 1,000,000:    9s.  Last read position: chr4:166,300,713
INFO	2016-05-15 05:46:38	MarkDuplicates	Tracking 127225 as yet unmatched pairs. 1236 records in RAM.
INFO	2016-05-15 05:46:53	MarkDuplicates	Read    32,000,000 records.  Elapsed time: 00:06:18s.  Time for last 1,000,000:   15s.  Last read position: chr5:31,421,369
INFO	2016-05-15 05:46:53	MarkDuplicates	Tracking 130331 as yet unmatched pairs. 8320 records in RAM.
INFO	2016-05-15 05:47:03	MarkDuplicates	Read    33,000,000 records.  Elapsed time: 00:06:29s.  Time for last 1,000,000:   10s.  Last read position: chr5:69,140,469
INFO	2016-05-15 05:47:03	MarkDuplicates	Tracking 132498 as yet unmatched pairs. 6530 records in RAM.
INFO	2016-05-15 05:47:12	MarkDuplicates	Read    34,000,000 records.  Elapsed time: 00:06:37s.  Time for last 1,000,000:    8s.  Last read position: chr5:112,222,697
INFO	2016-05-15 05:47:12	MarkDuplicates	Tracking 134657 as yet unmatched pairs. 4349 records in RAM.
INFO	2016-05-15 05:47:18	MarkDuplicates	Read    35,000,000 records.  Elapsed time: 00:06:43s.  Time for last 1,000,000:    5s.  Last read position: chr5:140,229,762
INFO	2016-05-15 05:47:18	MarkDuplicates	Tracking 136218 as yet unmatched pairs. 2674 records in RAM.
INFO	2016-05-15 05:47:30	MarkDuplicates	Read    36,000,000 records.  Elapsed time: 00:06:55s.  Time for last 1,000,000:   12s.  Last read position: chr5:157,216,503
INFO	2016-05-15 05:47:30	MarkDuplicates	Tracking 137464 as yet unmatched pairs. 1535 records in RAM.
INFO	2016-05-15 05:47:40	MarkDuplicates	Read    37,000,000 records.  Elapsed time: 00:07:06s.  Time for last 1,000,000:   10s.  Last read position: chr6:4,075,133
INFO	2016-05-15 05:47:40	MarkDuplicates	Tracking 138811 as yet unmatched pairs. 10549 records in RAM.
INFO	2016-05-15 05:47:56	MarkDuplicates	Read    38,000,000 records.  Elapsed time: 00:07:22s.  Time for last 1,000,000:   15s.  Last read position: chr6:30,632,827
INFO	2016-05-15 05:47:56	MarkDuplicates	Tracking 140420 as yet unmatched pairs. 9190 records in RAM.
INFO	2016-05-15 05:48:07	MarkDuplicates	Read    39,000,000 records.  Elapsed time: 00:07:32s.  Time for last 1,000,000:   10s.  Last read position: chr6:36,929,734
INFO	2016-05-15 05:48:07	MarkDuplicates	Tracking 141061 as yet unmatched pairs. 8142 records in RAM.
INFO	2016-05-15 05:48:15	MarkDuplicates	Read    40,000,000 records.  Elapsed time: 00:07:40s.  Time for last 1,000,000:    8s.  Last read position: chr6:56,381,977
INFO	2016-05-15 05:48:15	MarkDuplicates	Tracking 142090 as yet unmatched pairs. 6831 records in RAM.
INFO	2016-05-15 05:48:21	MarkDuplicates	Read    41,000,000 records.  Elapsed time: 00:07:47s.  Time for last 1,000,000:    6s.  Last read position: chr6:105,850,676
INFO	2016-05-15 05:48:21	MarkDuplicates	Tracking 143566 as yet unmatched pairs. 4443 records in RAM.
INFO	2016-05-15 05:48:33	MarkDuplicates	Read    42,000,000 records.  Elapsed time: 00:07:59s.  Time for last 1,000,000:   11s.  Last read position: chr6:138,754,194
INFO	2016-05-15 05:48:33	MarkDuplicates	Tracking 144740 as yet unmatched pairs. 2335 records in RAM.
INFO	2016-05-15 05:48:42	MarkDuplicates	Read    43,000,000 records.  Elapsed time: 00:08:07s.  Time for last 1,000,000:    8s.  Last read position: chr6:170,887,860
INFO	2016-05-15 05:48:42	MarkDuplicates	Tracking 145858 as yet unmatched pairs. 83 records in RAM.
INFO	2016-05-15 05:48:57	MarkDuplicates	Read    44,000,000 records.  Elapsed time: 00:08:23s.  Time for last 1,000,000:   15s.  Last read position: chr7:31,592,488
INFO	2016-05-15 05:48:57	MarkDuplicates	Tracking 146713 as yet unmatched pairs. 9958 records in RAM.
INFO	2016-05-15 05:49:08	MarkDuplicates	Read    45,000,000 records.  Elapsed time: 00:08:33s.  Time for last 1,000,000:   10s.  Last read position: chr7:73,795,971
INFO	2016-05-15 05:49:08	MarkDuplicates	Tracking 147900 as yet unmatched pairs. 7423 records in RAM.
INFO	2016-05-15 05:49:14	MarkDuplicates	Read    46,000,000 records.  Elapsed time: 00:08:39s.  Time for last 1,000,000:    5s.  Last read position: chr7:100,151,881
INFO	2016-05-15 05:49:14	MarkDuplicates	Tracking 148464 as yet unmatched pairs. 5325 records in RAM.
INFO	2016-05-15 05:49:22	MarkDuplicates	Read    47,000,000 records.  Elapsed time: 00:08:47s.  Time for last 1,000,000:    8s.  Last read position: chr7:127,497,901
INFO	2016-05-15 05:49:22	MarkDuplicates	Tracking 149149 as yet unmatched pairs. 3070 records in RAM.
INFO	2016-05-15 05:49:35	MarkDuplicates	Read    48,000,000 records.  Elapsed time: 00:09:01s.  Time for last 1,000,000:   13s.  Last read position: chr7:149,428,654
INFO	2016-05-15 05:49:35	MarkDuplicates	Tracking 149660 as yet unmatched pairs. 1140 records in RAM.
INFO	2016-05-15 05:49:41	MarkDuplicates	Read    49,000,000 records.  Elapsed time: 00:09:06s.  Time for last 1,000,000:    5s.  Last read position: chr8:21,958,133
INFO	2016-05-15 05:49:41	MarkDuplicates	Tracking 149873 as yet unmatched pairs. 9460 records in RAM.
INFO	2016-05-15 05:49:58	MarkDuplicates	Read    50,000,000 records.  Elapsed time: 00:09:24s.  Time for last 1,000,000:   17s.  Last read position: chr8:48,889,207
INFO	2016-05-15 05:49:58	MarkDuplicates	Tracking 150227 as yet unmatched pairs. 6981 records in RAM.
INFO	2016-05-15 05:50:06	MarkDuplicates	Read    51,000,000 records.  Elapsed time: 00:09:31s.  Time for last 1,000,000:    7s.  Last read position: chr8:96,264,420
INFO	2016-05-15 05:50:06	MarkDuplicates	Tracking 150519 as yet unmatched pairs. 4016 records in RAM.
INFO	2016-05-15 05:51:35	MarkDuplicates	Read    52,000,000 records.  Elapsed time: 00:11:01s.  Time for last 1,000,000:   89s.  Last read position: chr8:141,521,610
INFO	2016-05-15 05:51:35	MarkDuplicates	Tracking 150703 as yet unmatched pairs. 983 records in RAM.
INFO	2016-05-15 05:51:46	MarkDuplicates	Read    53,000,000 records.  Elapsed time: 00:11:12s.  Time for last 1,000,000:   11s.  Last read position: chr9:20,789,363
INFO	2016-05-15 05:51:46	MarkDuplicates	Tracking 150526 as yet unmatched pairs. 9978 records in RAM.
INFO	2016-05-15 05:51:54	MarkDuplicates	Read    54,000,000 records.  Elapsed time: 00:11:19s.  Time for last 1,000,000:    7s.  Last read position: chr9:79,117,436
INFO	2016-05-15 05:51:54	MarkDuplicates	Tracking 150429 as yet unmatched pairs. 6719 records in RAM.
INFO	2016-05-15 05:52:04	MarkDuplicates	Read    55,000,000 records.  Elapsed time: 00:11:30s.  Time for last 1,000,000:   10s.  Last read position: chr9:111,665,841
INFO	2016-05-15 05:52:04	MarkDuplicates	Tracking 150362 as yet unmatched pairs. 4080 records in RAM.
INFO	2016-05-15 05:52:14	MarkDuplicates	Read    56,000,000 records.  Elapsed time: 00:11:39s.  Time for last 1,000,000:    9s.  Last read position: chr9:131,078,140
INFO	2016-05-15 05:52:14	MarkDuplicates	Tracking 150006 as yet unmatched pairs. 1907 records in RAM.
INFO	2016-05-15 05:52:21	MarkDuplicates	Read    57,000,000 records.  Elapsed time: 00:11:47s.  Time for last 1,000,000:    7s.  Last read position: chr9:140,343,904
INFO	2016-05-15 05:52:21	MarkDuplicates	Tracking 149688 as yet unmatched pairs. 280 records in RAM.
INFO	2016-05-15 05:52:33	MarkDuplicates	Read    58,000,000 records.  Elapsed time: 00:11:59s.  Time for last 1,000,000:   12s.  Last read position: chr10:31,810,379
INFO	2016-05-15 05:52:33	MarkDuplicates	Tracking 149056 as yet unmatched pairs. 12888 records in RAM.
INFO	2016-05-15 05:52:45	MarkDuplicates	Read    59,000,000 records.  Elapsed time: 00:12:11s.  Time for last 1,000,000:   11s.  Last read position: chr10:72,537,402
INFO	2016-05-15 05:52:45	MarkDuplicates	Tracking 148434 as yet unmatched pairs. 7250 records in RAM.
INFO	2016-05-15 05:52:51	MarkDuplicates	Read    60,000,000 records.  Elapsed time: 00:12:17s.  Time for last 1,000,000:    6s.  Last read position: chr10:97,779,432
INFO	2016-05-15 05:52:51	MarkDuplicates	Tracking 147792 as yet unmatched pairs. 4775 records in RAM.
INFO	2016-05-15 05:53:01	MarkDuplicates	Read    61,000,000 records.  Elapsed time: 00:12:26s.  Time for last 1,000,000:    9s.  Last read position: chr10:117,704,203
INFO	2016-05-15 05:53:01	MarkDuplicates	Tracking 147040 as yet unmatched pairs. 2056 records in RAM.
INFO	2016-05-15 05:53:07	MarkDuplicates	Read    62,000,000 records.  Elapsed time: 00:12:33s.  Time for last 1,000,000:    6s.  Last read position: chr11:1,281,864
INFO	2016-05-15 05:53:07	MarkDuplicates	Tracking 146134 as yet unmatched pairs. 15978 records in RAM.
INFO	2016-05-15 05:53:16	MarkDuplicates	Read    63,000,000 records.  Elapsed time: 00:12:42s.  Time for last 1,000,000:    8s.  Last read position: chr11:14,994,930
INFO	2016-05-15 05:53:16	MarkDuplicates	Tracking 145216 as yet unmatched pairs. 13907 records in RAM.
INFO	2016-05-15 05:53:24	MarkDuplicates	Read    64,000,000 records.  Elapsed time: 00:12:49s.  Time for last 1,000,000:    7s.  Last read position: chr11:47,531,110
INFO	2016-05-15 05:53:24	MarkDuplicates	Tracking 144211 as yet unmatched pairs. 11038 records in RAM.
INFO	2016-05-15 05:53:38	MarkDuplicates	Read    65,000,000 records.  Elapsed time: 00:13:03s.  Time for last 1,000,000:   14s.  Last read position: chr11:63,675,716
INFO	2016-05-15 05:53:38	MarkDuplicates	Tracking 143358 as yet unmatched pairs. 8674 records in RAM.
INFO	2016-05-15 05:53:46	MarkDuplicates	Read    66,000,000 records.  Elapsed time: 00:13:12s.  Time for last 1,000,000:    8s.  Last read position: chr11:71,726,493
INFO	2016-05-15 05:53:46	MarkDuplicates	Tracking 142584 as yet unmatched pairs. 6951 records in RAM.
INFO	2016-05-15 05:53:53	MarkDuplicates	Read    67,000,000 records.  Elapsed time: 00:13:18s.  Time for last 1,000,000:    6s.  Last read position: chr11:102,962,405
INFO	2016-05-15 05:53:53	MarkDuplicates	Tracking 141447 as yet unmatched pairs. 3882 records in RAM.
INFO	2016-05-15 05:54:00	MarkDuplicates	Read    68,000,000 records.  Elapsed time: 00:13:25s.  Time for last 1,000,000:    7s.  Last read position: chr11:122,830,000
INFO	2016-05-15 05:54:00	MarkDuplicates	Tracking 140434 as yet unmatched pairs. 1454 records in RAM.
INFO	2016-05-15 05:54:12	MarkDuplicates	Read    69,000,000 records.  Elapsed time: 00:13:37s.  Time for last 1,000,000:   11s.  Last read position: chr12:7,026,173
INFO	2016-05-15 05:54:12	MarkDuplicates	Tracking 139256 as yet unmatched pairs. 16669 records in RAM.
INFO	2016-05-15 05:54:16	MarkDuplicates	Read    70,000,000 records.  Elapsed time: 00:13:42s.  Time for last 1,000,000:    4s.  Last read position: chr12:39,836,727
INFO	2016-05-15 05:54:16	MarkDuplicates	Tracking 137868 as yet unmatched pairs. 13451 records in RAM.
INFO	2016-05-15 05:54:27	MarkDuplicates	Read    71,000,000 records.  Elapsed time: 00:13:52s.  Time for last 1,000,000:   10s.  Last read position: chr12:53,702,280
INFO	2016-05-15 05:54:27	MarkDuplicates	Tracking 136789 as yet unmatched pairs. 11258 records in RAM.
INFO	2016-05-15 05:54:33	MarkDuplicates	Read    72,000,000 records.  Elapsed time: 00:13:58s.  Time for last 1,000,000:    6s.  Last read position: chr12:69,198,795
INFO	2016-05-15 05:54:33	MarkDuplicates	Tracking 135286 as yet unmatched pairs. 8319 records in RAM.
INFO	2016-05-15 05:54:46	MarkDuplicates	Read    73,000,000 records.  Elapsed time: 00:14:11s.  Time for last 1,000,000:   12s.  Last read position: chr12:106,178,477
INFO	2016-05-15 05:54:46	MarkDuplicates	Tracking 133226 as yet unmatched pairs. 4374 records in RAM.
INFO	2016-05-15 05:54:50	MarkDuplicates	Read    74,000,000 records.  Elapsed time: 00:14:16s.  Time for last 1,000,000:    4s.  Last read position: chr12:123,259,384
INFO	2016-05-15 05:54:50	MarkDuplicates	Tracking 131659 as yet unmatched pairs. 1530 records in RAM.
INFO	2016-05-15 05:54:59	MarkDuplicates	Read    75,000,000 records.  Elapsed time: 00:14:24s.  Time for last 1,000,000:    8s.  Last read position: chr13:32,912,755
INFO	2016-05-15 05:54:59	MarkDuplicates	Tracking 129915 as yet unmatched pairs. 7693 records in RAM.
INFO	2016-05-15 05:55:07	MarkDuplicates	Read    76,000,000 records.  Elapsed time: 00:14:32s.  Time for last 1,000,000:    7s.  Last read position: chr13:87,856,314
INFO	2016-05-15 05:55:07	MarkDuplicates	Tracking 126951 as yet unmatched pairs. 2663 records in RAM.
INFO	2016-05-15 05:55:15	MarkDuplicates	Read    77,000,000 records.  Elapsed time: 00:14:40s.  Time for last 1,000,000:    8s.  Last read position: chr14:22,947,925
INFO	2016-05-15 05:55:15	MarkDuplicates	Tracking 124905 as yet unmatched pairs. 11429 records in RAM.
INFO	2016-05-15 05:55:20	MarkDuplicates	Read    78,000,000 records.  Elapsed time: 00:14:46s.  Time for last 1,000,000:    5s.  Last read position: chr14:51,348,409
INFO	2016-05-15 05:55:20	MarkDuplicates	Tracking 122766 as yet unmatched pairs. 8035 records in RAM.
INFO	2016-05-15 05:55:30	MarkDuplicates	Read    79,000,000 records.  Elapsed time: 00:14:55s.  Time for last 1,000,000:    9s.  Last read position: chr14:75,230,923
INFO	2016-05-15 05:55:30	MarkDuplicates	Tracking 120771 as yet unmatched pairs. 4765 records in RAM.
INFO	2016-05-15 05:55:35	MarkDuplicates	Read    80,000,000 records.  Elapsed time: 00:15:00s.  Time for last 1,000,000:    5s.  Last read position: chr14:103,371,805
INFO	2016-05-15 05:55:35	MarkDuplicates	Tracking 118323 as yet unmatched pairs. 967 records in RAM.
INFO	2016-05-15 05:55:47	MarkDuplicates	Read    81,000,000 records.  Elapsed time: 00:15:13s.  Time for last 1,000,000:   12s.  Last read position: chr15:40,890,839
INFO	2016-05-15 05:55:47	MarkDuplicates	Tracking 115869 as yet unmatched pairs. 10096 records in RAM.
INFO	2016-05-15 05:55:52	MarkDuplicates	Read    82,000,000 records.  Elapsed time: 00:15:17s.  Time for last 1,000,000:    4s.  Last read position: chr15:52,943,970
INFO	2016-05-15 05:55:52	MarkDuplicates	Tracking 114222 as yet unmatched pairs. 7620 records in RAM.
INFO	2016-05-15 05:55:57	MarkDuplicates	Read    83,000,000 records.  Elapsed time: 00:15:23s.  Time for last 1,000,000:    5s.  Last read position: chr15:74,920,301
INFO	2016-05-15 05:55:57	MarkDuplicates	Tracking 111779 as yet unmatched pairs. 4125 records in RAM.
INFO	2016-05-15 05:56:05	MarkDuplicates	Read    84,000,000 records.  Elapsed time: 00:15:30s.  Time for last 1,000,000:    7s.  Last read position: chr15:99,459,299
INFO	2016-05-15 05:56:05	MarkDuplicates	Tracking 109253 as yet unmatched pairs. 532 records in RAM.
INFO	2016-05-15 05:56:12	MarkDuplicates	Read    85,000,000 records.  Elapsed time: 00:15:37s.  Time for last 1,000,000:    6s.  Last read position: chr16:4,924,955
INFO	2016-05-15 05:56:12	MarkDuplicates	Tracking 107525 as yet unmatched pairs. 14776 records in RAM.
INFO	2016-05-15 05:56:20	MarkDuplicates	Read    86,000,000 records.  Elapsed time: 00:15:45s.  Time for last 1,000,000:    8s.  Last read position: chr16:29,339,922
INFO	2016-05-15 05:56:20	MarkDuplicates	Tracking 104578 as yet unmatched pairs. 10803 records in RAM.
INFO	2016-05-15 05:56:26	MarkDuplicates	Read    87,000,000 records.  Elapsed time: 00:15:51s.  Time for last 1,000,000:    5s.  Last read position: chr16:57,712,432
INFO	2016-05-15 05:56:26	MarkDuplicates	Tracking 101286 as yet unmatched pairs. 5894 records in RAM.
INFO	2016-05-15 05:56:33	MarkDuplicates	Read    88,000,000 records.  Elapsed time: 00:15:59s.  Time for last 1,000,000:    7s.  Last read position: chr16:74,942,549
INFO	2016-05-15 05:56:33	MarkDuplicates	Tracking 98769 as yet unmatched pairs. 2595 records in RAM.
INFO	2016-05-15 05:56:42	MarkDuplicates	Read    89,000,000 records.  Elapsed time: 00:16:07s.  Time for last 1,000,000:    8s.  Last read position: chr17:3,659,056
INFO	2016-05-15 05:56:42	MarkDuplicates	Tracking 95989 as yet unmatched pairs. 17952 records in RAM.
INFO	2016-05-15 05:56:56	MarkDuplicates	Read    90,000,000 records.  Elapsed time: 00:16:21s.  Time for last 1,000,000:   14s.  Last read position: chr17:10,416,892
INFO	2016-05-15 05:56:56	MarkDuplicates	Tracking 94345 as yet unmatched pairs. 15860 records in RAM.
INFO	2016-05-15 05:57:01	MarkDuplicates	Read    91,000,000 records.  Elapsed time: 00:16:26s.  Time for last 1,000,000:    5s.  Last read position: chr17:29,283,301
INFO	2016-05-15 05:57:01	MarkDuplicates	Tracking 91778 as yet unmatched pairs. 12529 records in RAM.
INFO	2016-05-15 05:57:07	MarkDuplicates	Read    92,000,000 records.  Elapsed time: 00:16:32s.  Time for last 1,000,000:    5s.  Last read position: chr17:40,699,110
INFO	2016-05-15 05:57:07	MarkDuplicates	Tracking 89330 as yet unmatched pairs. 9545 records in RAM.
INFO	2016-05-15 05:57:12	MarkDuplicates	Read    93,000,000 records.  Elapsed time: 00:16:37s.  Time for last 1,000,000:    4s.  Last read position: chr17:54,587,999
INFO	2016-05-15 05:57:12	MarkDuplicates	Tracking 86740 as yet unmatched pairs. 6341 records in RAM.
INFO	2016-05-15 05:57:19	MarkDuplicates	Read    94,000,000 records.  Elapsed time: 00:16:44s.  Time for last 1,000,000:    7s.  Last read position: chr17:72,915,937
INFO	2016-05-15 05:57:19	MarkDuplicates	Tracking 83854 as yet unmatched pairs. 2796 records in RAM.
INFO	2016-05-15 05:57:26	MarkDuplicates	Read    95,000,000 records.  Elapsed time: 00:16:51s.  Time for last 1,000,000:    6s.  Last read position: chr18:671,355
INFO	2016-05-15 05:57:26	MarkDuplicates	Tracking 81396 as yet unmatched pairs. 10008 records in RAM.
INFO	2016-05-15 05:57:34	MarkDuplicates	Read    96,000,000 records.  Elapsed time: 00:16:59s.  Time for last 1,000,000:    8s.  Last read position: chr18:43,493,556
INFO	2016-05-15 05:57:34	MarkDuplicates	Tracking 76601 as yet unmatched pairs. 4281 records in RAM.
INFO	2016-05-15 05:57:41	MarkDuplicates	Read    97,000,000 records.  Elapsed time: 00:17:06s.  Time for last 1,000,000:    6s.  Last read position: chr19:1,612,201
INFO	2016-05-15 05:57:41	MarkDuplicates	Tracking 72560 as yet unmatched pairs. 20095 records in RAM.
INFO	2016-05-15 05:57:53	MarkDuplicates	Read    98,000,000 records.  Elapsed time: 00:17:19s.  Time for last 1,000,000:   12s.  Last read position: chr19:9,075,383
INFO	2016-05-15 05:57:53	MarkDuplicates	Tracking 70020 as yet unmatched pairs. 17269 records in RAM.
INFO	2016-05-15 05:57:59	MarkDuplicates	Read    99,000,000 records.  Elapsed time: 00:17:24s.  Time for last 1,000,000:    5s.  Last read position: chr19:15,905,779
INFO	2016-05-15 05:57:59	MarkDuplicates	Tracking 67621 as yet unmatched pairs. 14552 records in RAM.
INFO	2016-05-15 05:58:05	MarkDuplicates	Read   100,000,000 records.  Elapsed time: 00:17:30s.  Time for last 1,000,000:    5s.  Last read position: chr19:36,066,505
INFO	2016-05-15 05:58:05	MarkDuplicates	Tracking 63219 as yet unmatched pairs. 9789 records in RAM.
INFO	2016-05-15 05:58:09	MarkDuplicates	Read   101,000,000 records.  Elapsed time: 00:17:35s.  Time for last 1,000,000:    4s.  Last read position: chr19:42,796,750
INFO	2016-05-15 05:58:09	MarkDuplicates	Tracking 60532 as yet unmatched pairs. 6813 records in RAM.
INFO	2016-05-15 05:58:16	MarkDuplicates	Read   102,000,000 records.  Elapsed time: 00:17:41s.  Time for last 1,000,000:    6s.  Last read position: chr19:50,148,494
INFO	2016-05-15 05:58:16	MarkDuplicates	Tracking 57782 as yet unmatched pairs. 3772 records in RAM.
INFO	2016-05-15 05:58:23	MarkDuplicates	Read   103,000,000 records.  Elapsed time: 00:17:49s.  Time for last 1,000,000:    7s.  Last read position: chr19:57,036,914
INFO	2016-05-15 05:58:23	MarkDuplicates	Tracking 55189 as yet unmatched pairs. 885 records in RAM.
INFO	2016-05-15 06:00:54	MarkDuplicates	Read   104,000,000 records.  Elapsed time: 00:20:20s.  Time for last 1,000,000:  151s.  Last read position: chr20:19,955,290
INFO	2016-05-15 06:00:54	MarkDuplicates	Tracking 51942 as yet unmatched pairs. 8569 records in RAM.
INFO	2016-05-15 06:01:02	MarkDuplicates	Read   105,000,000 records.  Elapsed time: 00:20:27s.  Time for last 1,000,000:    7s.  Last read position: chr20:42,092,052
INFO	2016-05-15 06:01:02	MarkDuplicates	Tracking 48448 as yet unmatched pairs. 4181 records in RAM.
INFO	2016-05-15 06:01:08	MarkDuplicates	Read   106,000,000 records.  Elapsed time: 00:20:34s.  Time for last 1,000,000:    6s.  Last read position: chr20:61,979,831
INFO	2016-05-15 06:01:08	MarkDuplicates	Tracking 44984 as yet unmatched pairs. 430 records in RAM.
INFO	2016-05-15 06:01:18	MarkDuplicates	Read   107,000,000 records.  Elapsed time: 00:20:43s.  Time for last 1,000,000:    9s.  Last read position: chr21:43,803,170
INFO	2016-05-15 06:01:18	MarkDuplicates	Tracking 38620 as yet unmatched pairs. 1207 records in RAM.
INFO	2016-05-15 06:01:25	MarkDuplicates	Read   108,000,000 records.  Elapsed time: 00:20:50s.  Time for last 1,000,000:    6s.  Last read position: chr22:25,115,835
INFO	2016-05-15 06:01:25	MarkDuplicates	Tracking 35627 as yet unmatched pairs. 6357 records in RAM.
INFO	2016-05-15 06:01:33	MarkDuplicates	Read   109,000,000 records.  Elapsed time: 00:20:58s.  Time for last 1,000,000:    7s.  Last read position: chr22:40,054,267
INFO	2016-05-15 06:01:33	MarkDuplicates	Tracking 32307 as yet unmatched pairs. 2851 records in RAM.
INFO	2016-05-15 06:01:41	MarkDuplicates	Read   110,000,000 records.  Elapsed time: 00:21:06s.  Time for last 1,000,000:    8s.  Last read position: chrX:13,061,306
INFO	2016-05-15 06:01:41	MarkDuplicates	Tracking 28198 as yet unmatched pairs. 21725 records in RAM.
INFO	2016-05-15 06:01:52	MarkDuplicates	Read   111,000,000 records.  Elapsed time: 00:21:17s.  Time for last 1,000,000:   10s.  Last read position: chrX:47,969,358
INFO	2016-05-15 06:01:52	MarkDuplicates	Tracking 22963 as yet unmatched pairs. 16462 records in RAM.
INFO	2016-05-15 06:01:57	MarkDuplicates	Read   112,000,000 records.  Elapsed time: 00:21:22s.  Time for last 1,000,000:    5s.  Last read position: chrX:72,433,626
INFO	2016-05-15 06:01:57	MarkDuplicates	Tracking 18941 as yet unmatched pairs. 12427 records in RAM.
INFO	2016-05-15 06:02:04	MarkDuplicates	Read   113,000,000 records.  Elapsed time: 00:21:29s.  Time for last 1,000,000:    7s.  Last read position: chrX:117,732,260
INFO	2016-05-15 06:02:04	MarkDuplicates	Tracking 13004 as yet unmatched pairs. 6465 records in RAM.
INFO	2016-05-15 06:02:10	MarkDuplicates	Read   114,000,000 records.  Elapsed time: 00:21:35s.  Time for last 1,000,000:    6s.  Last read position: chrX:153,052,382
INFO	2016-05-15 06:02:10	MarkDuplicates	Tracking 7466 as yet unmatched pairs. 900 records in RAM.
INFO	2016-05-15 06:02:14	MarkDuplicates	Read 114290181 records. 0 pairs never matched.
INFO	2016-05-15 06:02:42	MarkDuplicates	After buildSortedReadEndLists freeMemory: 6640661160; totalMemory: 6731333632; maxMemory: 13362528256
INFO	2016-05-15 06:02:42	MarkDuplicates	Will retain up to 417579008 duplicate indices before spilling to disk.
INFO	2016-05-15 06:02:42	MarkDuplicates	Traversing read pair information and detecting duplicates.
INFO	2016-05-15 06:04:21	MarkDuplicates	Traversing fragment information and detecting duplicates.
INFO	2016-05-15 06:06:29	MarkDuplicates	Sorting list of duplicate records.
INFO	2016-05-15 06:06:31	MarkDuplicates	After generateDuplicateIndexes freeMemory: 6844394688; totalMemory: 10272899072; maxMemory: 13362528256
INFO	2016-05-15 06:06:31	MarkDuplicates	Marking 11774060 records as duplicates.
INFO	2016-05-15 06:06:31	MarkDuplicates	Found 2901 optical duplicate clusters.
INFO	2016-05-15 06:06:31	MarkDuplicates	Reads are assumed to be ordered by: coordinate
INFO	2016-05-15 06:09:04	MarkDuplicates	Written    10,000,000 records.  Elapsed time: 00:02:32s.  Time for last 10,000,000:  152s.  Last read position: chr1:215,298,140
INFO	2016-05-15 06:11:43	MarkDuplicates	Written    20,000,000 records.  Elapsed time: 00:05:11s.  Time for last 10,000,000:  158s.  Last read position: chr3:7,620,613
INFO	2016-05-15 06:14:41	MarkDuplicates	Written    30,000,000 records.  Elapsed time: 00:08:08s.  Time for last 10,000,000:  177s.  Last read position: chr4:119,952,406
INFO	2016-05-15 06:18:00	MarkDuplicates	Written    40,000,000 records.  Elapsed time: 00:11:28s.  Time for last 10,000,000:  199s.  Last read position: chr6:56,381,977
INFO	2016-05-15 06:20:46	MarkDuplicates	Written    50,000,000 records.  Elapsed time: 00:14:14s.  Time for last 10,000,000:  166s.  Last read position: chr8:48,889,207
INFO	2016-05-15 06:26:07	MarkDuplicates	Written    60,000,000 records.  Elapsed time: 00:19:34s.  Time for last 10,000,000:  320s.  Last read position: chr10:97,779,432
INFO	2016-05-15 06:29:46	MarkDuplicates	Written    70,000,000 records.  Elapsed time: 00:23:13s.  Time for last 10,000,000:  219s.  Last read position: chr12:39,836,727
INFO	2016-05-15 06:32:23	MarkDuplicates	Written    80,000,000 records.  Elapsed time: 00:25:51s.  Time for last 10,000,000:  157s.  Last read position: chr14:103,371,805
INFO	2016-05-15 06:35:02	MarkDuplicates	Written    90,000,000 records.  Elapsed time: 00:28:30s.  Time for last 10,000,000:  159s.  Last read position: chr17:10,416,892
INFO	2016-05-15 06:38:17	MarkDuplicates	Written   100,000,000 records.  Elapsed time: 00:31:45s.  Time for last 10,000,000:  194s.  Last read position: chr19:36,066,505
INFO	2016-05-15 06:41:37	MarkDuplicates	Written   110,000,000 records.  Elapsed time: 00:35:05s.  Time for last 10,000,000:  199s.  Last read position: chrX:13,061,306
INFO	2016-05-15 06:43:06	MarkDuplicates	Before output close freeMemory: 10252636776; totalMemory: 10349969408; maxMemory: 13362528256
INFO	2016-05-15 06:43:10	MarkDuplicates	After output close freeMemory: 10234810032; totalMemory: 10332143616; maxMemory: 13362528256
[Sun May 15 06:43:12 EDT 2016] picard.sam.markduplicates.MarkDuplicates done. Elapsed time: 62.64 minutes.
Runtime.totalMemory()=10332143616
[Sun May 15 06:43:24 EDT 2016] picard.sam.AddOrReplaceReadGroups INPUT=p_DS_bkm_100-N/p_DS_bkm_100-N.sorted.MarkDup.bam OUTPUT=p_DS_bkm_100-N/p_DS_bkm_100-N.sorted.MarkDup.fixed.bam SORT_ORDER=coordinate RGID=id RGLB=bar RGPL=Illumina RGPU=platform RGSM=sample1 TMP_DIR=[tmp] VALIDATION_STRINGENCY=SILENT CREATE_INDEX=true    VERBOSITY=INFO QUIET=false COMPRESSION_LEVEL=5 MAX_RECORDS_IN_RAM=500000 CREATE_MD5_FILE=false GA4GH_CLIENT_SECRETS=client_secrets.json
[Sun May 15 06:43:24 EDT 2016] Executing as abdelrahman@compute-1-2.local on Linux 2.6.32-279.14.1.el6.x86_64 amd64; Java HotSpot(TM) 64-Bit Server VM 1.8.0_45-b14; Picard version: 2.3.0(9a00c87b7ffdb01cfb5a0d6e76556146196babb8_1463071327) IntelDeflater
INFO	2016-05-15 06:43:24	AddOrReplaceReadGroups	Created read group ID=id PL=Illumina LB=bar SM=sample1

INFO	2016-05-15 06:43:40	AddOrReplaceReadGroups	Processed     1,000,000 records.  Elapsed time: 00:00:15s.  Time for last 1,000,000:   15s.  Last read position: chr1:15,707,832
INFO	2016-05-15 06:43:58	AddOrReplaceReadGroups	Processed     2,000,000 records.  Elapsed time: 00:00:32s.  Time for last 1,000,000:   17s.  Last read position: chr1:27,682,403
INFO	2016-05-15 06:44:22	AddOrReplaceReadGroups	Processed     3,000,000 records.  Elapsed time: 00:00:57s.  Time for last 1,000,000:   24s.  Last read position: chr1:42,048,542
INFO	2016-05-15 06:44:52	AddOrReplaceReadGroups	Processed     4,000,000 records.  Elapsed time: 00:01:27s.  Time for last 1,000,000:   30s.  Last read position: chr1:60,163,344
INFO	2016-05-15 06:45:12	AddOrReplaceReadGroups	Processed     5,000,000 records.  Elapsed time: 00:01:47s.  Time for last 1,000,000:   19s.  Last read position: chr1:94,930,781
INFO	2016-05-15 06:45:33	AddOrReplaceReadGroups	Processed     6,000,000 records.  Elapsed time: 00:02:08s.  Time for last 1,000,000:   21s.  Last read position: chr1:144,881,288
INFO	2016-05-15 06:45:56	AddOrReplaceReadGroups	Processed     7,000,000 records.  Elapsed time: 00:02:31s.  Time for last 1,000,000:   22s.  Last read position: chr1:155,230,527
INFO	2016-05-15 06:46:13	AddOrReplaceReadGroups	Processed     8,000,000 records.  Elapsed time: 00:02:48s.  Time for last 1,000,000:   16s.  Last read position: chr1:167,806,285
INFO	2016-05-15 06:46:30	AddOrReplaceReadGroups	Processed     9,000,000 records.  Elapsed time: 00:03:04s.  Time for last 1,000,000:   16s.  Last read position: chr1:197,021,713
INFO	2016-05-15 06:46:47	AddOrReplaceReadGroups	Processed    10,000,000 records.  Elapsed time: 00:03:21s.  Time for last 1,000,000:   16s.  Last read position: chr1:215,298,140
INFO	2016-05-15 06:47:01	AddOrReplaceReadGroups	Processed    11,000,000 records.  Elapsed time: 00:03:36s.  Time for last 1,000,000:   14s.  Last read position: chr1:240,255,519
INFO	2016-05-15 06:47:17	AddOrReplaceReadGroups	Processed    12,000,000 records.  Elapsed time: 00:03:52s.  Time for last 1,000,000:   15s.  Last read position: chr2:26,022,294
INFO	2016-05-15 06:47:39	AddOrReplaceReadGroups	Processed    13,000,000 records.  Elapsed time: 00:04:14s.  Time for last 1,000,000:   22s.  Last read position: chr2:45,879,262
INFO	2016-05-15 06:48:02	AddOrReplaceReadGroups	Processed    14,000,000 records.  Elapsed time: 00:04:37s.  Time for last 1,000,000:   22s.  Last read position: chr2:74,701,722
INFO	2016-05-15 06:48:20	AddOrReplaceReadGroups	Processed    15,000,000 records.  Elapsed time: 00:04:55s.  Time for last 1,000,000:   18s.  Last read position: chr2:109,746,002
INFO	2016-05-15 06:48:50	AddOrReplaceReadGroups	Processed    16,000,000 records.  Elapsed time: 00:05:25s.  Time for last 1,000,000:   29s.  Last read position: chr2:152,421,361
INFO	2016-05-15 06:49:07	AddOrReplaceReadGroups	Processed    17,000,000 records.  Elapsed time: 00:05:41s.  Time for last 1,000,000:   16s.  Last read position: chr2:179,421,948
INFO	2016-05-15 06:49:21	AddOrReplaceReadGroups	Processed    18,000,000 records.  Elapsed time: 00:05:56s.  Time for last 1,000,000:   14s.  Last read position: chr2:203,589,687
INFO	2016-05-15 06:49:44	AddOrReplaceReadGroups	Processed    19,000,000 records.  Elapsed time: 00:06:19s.  Time for last 1,000,000:   22s.  Last read position: chr2:227,659,588
INFO	2016-05-15 06:49:58	AddOrReplaceReadGroups	Processed    20,000,000 records.  Elapsed time: 00:06:33s.  Time for last 1,000,000:   14s.  Last read position: chr3:7,620,613
INFO	2016-05-15 06:50:25	AddOrReplaceReadGroups	Processed    21,000,000 records.  Elapsed time: 00:07:00s.  Time for last 1,000,000:   27s.  Last read position: chr3:38,035,249
INFO	2016-05-15 06:50:39	AddOrReplaceReadGroups	Processed    22,000,000 records.  Elapsed time: 00:07:14s.  Time for last 1,000,000:   14s.  Last read position: chr3:49,210,114
INFO	2016-05-15 06:50:58	AddOrReplaceReadGroups	Processed    23,000,000 records.  Elapsed time: 00:07:33s.  Time for last 1,000,000:   19s.  Last read position: chr3:64,587,797
INFO	2016-05-15 06:51:12	AddOrReplaceReadGroups	Processed    24,000,000 records.  Elapsed time: 00:07:47s.  Time for last 1,000,000:   13s.  Last read position: chr3:119,274,283
INFO	2016-05-15 06:51:30	AddOrReplaceReadGroups	Processed    25,000,000 records.  Elapsed time: 00:08:04s.  Time for last 1,000,000:   17s.  Last read position: chr3:138,188,387
INFO	2016-05-15 06:51:53	AddOrReplaceReadGroups	Processed    26,000,000 records.  Elapsed time: 00:08:27s.  Time for last 1,000,000:   23s.  Last read position: chr3:179,689,347
INFO	2016-05-15 06:52:07	AddOrReplaceReadGroups	Processed    27,000,000 records.  Elapsed time: 00:08:41s.  Time for last 1,000,000:   14s.  Last read position: chr4:2,240,655
INFO	2016-05-15 06:52:30	AddOrReplaceReadGroups	Processed    28,000,000 records.  Elapsed time: 00:09:05s.  Time for last 1,000,000:   23s.  Last read position: chr4:41,686,416
INFO	2016-05-15 06:52:46	AddOrReplaceReadGroups	Processed    29,000,000 records.  Elapsed time: 00:09:20s.  Time for last 1,000,000:   15s.  Last read position: chr4:80,898,602
INFO	2016-05-15 06:53:01	AddOrReplaceReadGroups	Processed    30,000,000 records.  Elapsed time: 00:09:36s.  Time for last 1,000,000:   15s.  Last read position: chr4:119,952,406
INFO	2016-05-15 06:53:19	AddOrReplaceReadGroups	Processed    31,000,000 records.  Elapsed time: 00:09:54s.  Time for last 1,000,000:   18s.  Last read position: chr4:166,300,713
INFO	2016-05-15 06:53:35	AddOrReplaceReadGroups	Processed    32,000,000 records.  Elapsed time: 00:10:09s.  Time for last 1,000,000:   15s.  Last read position: chr5:31,421,369
INFO	2016-05-15 06:53:47	AddOrReplaceReadGroups	Processed    33,000,000 records.  Elapsed time: 00:10:22s.  Time for last 1,000,000:   12s.  Last read position: chr5:69,140,469
INFO	2016-05-15 06:54:01	AddOrReplaceReadGroups	Processed    34,000,000 records.  Elapsed time: 00:10:36s.  Time for last 1,000,000:   14s.  Last read position: chr5:112,222,697
INFO	2016-05-15 06:54:21	AddOrReplaceReadGroups	Processed    35,000,000 records.  Elapsed time: 00:10:56s.  Time for last 1,000,000:   20s.  Last read position: chr5:140,229,762
INFO	2016-05-15 06:54:36	AddOrReplaceReadGroups	Processed    36,000,000 records.  Elapsed time: 00:11:11s.  Time for last 1,000,000:   14s.  Last read position: chr5:157,216,503
INFO	2016-05-15 06:54:56	AddOrReplaceReadGroups	Processed    37,000,000 records.  Elapsed time: 00:11:31s.  Time for last 1,000,000:   19s.  Last read position: chr6:4,075,133
INFO	2016-05-15 06:55:12	AddOrReplaceReadGroups	Processed    38,000,000 records.  Elapsed time: 00:11:46s.  Time for last 1,000,000:   15s.  Last read position: chr6:30,632,827
INFO	2016-05-15 06:55:30	AddOrReplaceReadGroups	Processed    39,000,000 records.  Elapsed time: 00:12:05s.  Time for last 1,000,000:   18s.  Last read position: chr6:36,929,734
INFO	2016-05-15 06:55:44	AddOrReplaceReadGroups	Processed    40,000,000 records.  Elapsed time: 00:12:19s.  Time for last 1,000,000:   13s.  Last read position: chr6:56,381,977
INFO	2016-05-15 06:56:02	AddOrReplaceReadGroups	Processed    41,000,000 records.  Elapsed time: 00:12:37s.  Time for last 1,000,000:   17s.  Last read position: chr6:105,850,676
INFO	2016-05-15 06:56:18	AddOrReplaceReadGroups	Processed    42,000,000 records.  Elapsed time: 00:12:52s.  Time for last 1,000,000:   15s.  Last read position: chr6:138,754,194
INFO	2016-05-15 06:56:36	AddOrReplaceReadGroups	Processed    43,000,000 records.  Elapsed time: 00:13:11s.  Time for last 1,000,000:   18s.  Last read position: chr6:170,887,860
INFO	2016-05-15 06:56:51	AddOrReplaceReadGroups	Processed    44,000,000 records.  Elapsed time: 00:13:26s.  Time for last 1,000,000:   15s.  Last read position: chr7:31,592,488
INFO	2016-05-15 06:57:13	AddOrReplaceReadGroups	Processed    45,000,000 records.  Elapsed time: 00:13:47s.  Time for last 1,000,000:   21s.  Last read position: chr7:73,795,971
INFO	2016-05-15 06:57:32	AddOrReplaceReadGroups	Processed    46,000,000 records.  Elapsed time: 00:14:07s.  Time for last 1,000,000:   19s.  Last read position: chr7:100,151,881
INFO	2016-05-15 06:57:48	AddOrReplaceReadGroups	Processed    47,000,000 records.  Elapsed time: 00:14:23s.  Time for last 1,000,000:   15s.  Last read position: chr7:127,497,901
INFO	2016-05-15 06:58:06	AddOrReplaceReadGroups	Processed    48,000,000 records.  Elapsed time: 00:14:41s.  Time for last 1,000,000:   17s.  Last read position: chr7:149,428,654
INFO	2016-05-15 06:58:20	AddOrReplaceReadGroups	Processed    49,000,000 records.  Elapsed time: 00:14:55s.  Time for last 1,000,000:   14s.  Last read position: chr8:21,958,133
INFO	2016-05-15 06:58:44	AddOrReplaceReadGroups	Processed    50,000,000 records.  Elapsed time: 00:15:19s.  Time for last 1,000,000:   23s.  Last read position: chr8:48,889,207
INFO	2016-05-15 06:58:59	AddOrReplaceReadGroups	Processed    51,000,000 records.  Elapsed time: 00:15:33s.  Time for last 1,000,000:   14s.  Last read position: chr8:96,264,420
INFO	2016-05-15 06:59:17	AddOrReplaceReadGroups	Processed    52,000,000 records.  Elapsed time: 00:15:52s.  Time for last 1,000,000:   18s.  Last read position: chr8:141,521,610
INFO	2016-05-15 06:59:37	AddOrReplaceReadGroups	Processed    53,000,000 records.  Elapsed time: 00:16:12s.  Time for last 1,000,000:   19s.  Last read position: chr9:20,789,363
INFO	2016-05-15 06:59:53	AddOrReplaceReadGroups	Processed    54,000,000 records.  Elapsed time: 00:16:27s.  Time for last 1,000,000:   15s.  Last read position: chr9:79,117,436
INFO	2016-05-15 07:00:11	AddOrReplaceReadGroups	Processed    55,000,000 records.  Elapsed time: 00:16:45s.  Time for last 1,000,000:   18s.  Last read position: chr9:111,665,841
INFO	2016-05-15 07:00:28	AddOrReplaceReadGroups	Processed    56,000,000 records.  Elapsed time: 00:17:03s.  Time for last 1,000,000:   17s.  Last read position: chr9:131,078,140
INFO	2016-05-15 07:00:47	AddOrReplaceReadGroups	Processed    57,000,000 records.  Elapsed time: 00:17:22s.  Time for last 1,000,000:   19s.  Last read position: chr9:140,343,904
INFO	2016-05-15 07:01:02	AddOrReplaceReadGroups	Processed    58,000,000 records.  Elapsed time: 00:17:36s.  Time for last 1,000,000:   14s.  Last read position: chr10:31,810,379
INFO	2016-05-15 07:01:19	AddOrReplaceReadGroups	Processed    59,000,000 records.  Elapsed time: 00:17:54s.  Time for last 1,000,000:   17s.  Last read position: chr10:72,537,402
INFO	2016-05-15 07:01:35	AddOrReplaceReadGroups	Processed    60,000,000 records.  Elapsed time: 00:18:09s.  Time for last 1,000,000:   15s.  Last read position: chr10:97,779,432
INFO	2016-05-15 07:01:54	AddOrReplaceReadGroups	Processed    61,000,000 records.  Elapsed time: 00:18:29s.  Time for last 1,000,000:   19s.  Last read position: chr10:117,704,203
INFO	2016-05-15 07:02:09	AddOrReplaceReadGroups	Processed    62,000,000 records.  Elapsed time: 00:18:44s.  Time for last 1,000,000:   15s.  Last read position: chr11:1,281,864
INFO	2016-05-15 07:02:28	AddOrReplaceReadGroups	Processed    63,000,000 records.  Elapsed time: 00:19:03s.  Time for last 1,000,000:   18s.  Last read position: chr11:14,994,930
INFO	2016-05-15 07:02:47	AddOrReplaceReadGroups	Processed    64,000,000 records.  Elapsed time: 00:19:22s.  Time for last 1,000,000:   18s.  Last read position: chr11:47,531,110
INFO	2016-05-15 07:03:02	AddOrReplaceReadGroups	Processed    65,000,000 records.  Elapsed time: 00:19:37s.  Time for last 1,000,000:   14s.  Last read position: chr11:63,675,716
INFO	2016-05-15 07:03:20	AddOrReplaceReadGroups	Processed    66,000,000 records.  Elapsed time: 00:19:54s.  Time for last 1,000,000:   17s.  Last read position: chr11:71,726,493
INFO	2016-05-15 07:03:34	AddOrReplaceReadGroups	Processed    67,000,000 records.  Elapsed time: 00:20:09s.  Time for last 1,000,000:   14s.  Last read position: chr11:102,962,405
INFO	2016-05-15 07:03:55	AddOrReplaceReadGroups	Processed    68,000,000 records.  Elapsed time: 00:20:29s.  Time for last 1,000,000:   20s.  Last read position: chr11:122,830,000
INFO	2016-05-15 07:04:09	AddOrReplaceReadGroups	Processed    69,000,000 records.  Elapsed time: 00:20:43s.  Time for last 1,000,000:   14s.  Last read position: chr12:7,026,173
INFO	2016-05-15 07:04:23	AddOrReplaceReadGroups	Processed    70,000,000 records.  Elapsed time: 00:20:58s.  Time for last 1,000,000:   14s.  Last read position: chr12:39,836,727
INFO	2016-05-15 07:04:39	AddOrReplaceReadGroups	Processed    71,000,000 records.  Elapsed time: 00:21:14s.  Time for last 1,000,000:   15s.  Last read position: chr12:53,702,280
INFO	2016-05-15 07:04:59	AddOrReplaceReadGroups	Processed    72,000,000 records.  Elapsed time: 00:21:34s.  Time for last 1,000,000:   20s.  Last read position: chr12:69,198,795
INFO	2016-05-15 07:05:20	AddOrReplaceReadGroups	Processed    73,000,000 records.  Elapsed time: 00:21:55s.  Time for last 1,000,000:   20s.  Last read position: chr12:106,178,477
INFO	2016-05-15 07:05:34	AddOrReplaceReadGroups	Processed    74,000,000 records.  Elapsed time: 00:22:09s.  Time for last 1,000,000:   14s.  Last read position: chr12:123,259,384
INFO	2016-05-15 07:05:53	AddOrReplaceReadGroups	Processed    75,000,000 records.  Elapsed time: 00:22:28s.  Time for last 1,000,000:   19s.  Last read position: chr13:32,912,755
INFO	2016-05-15 07:06:07	AddOrReplaceReadGroups	Processed    76,000,000 records.  Elapsed time: 00:22:42s.  Time for last 1,000,000:   13s.  Last read position: chr13:87,856,314
INFO	2016-05-15 07:06:26	AddOrReplaceReadGroups	Processed    77,000,000 records.  Elapsed time: 00:23:00s.  Time for last 1,000,000:   18s.  Last read position: chr14:22,947,925
INFO	2016-05-15 07:06:40	AddOrReplaceReadGroups	Processed    78,000,000 records.  Elapsed time: 00:23:14s.  Time for last 1,000,000:   13s.  Last read position: chr14:51,348,409
INFO	2016-05-15 07:06:59	AddOrReplaceReadGroups	Processed    79,000,000 records.  Elapsed time: 00:23:34s.  Time for last 1,000,000:   19s.  Last read position: chr14:75,230,923
INFO	2016-05-15 07:07:13	AddOrReplaceReadGroups	Processed    80,000,000 records.  Elapsed time: 00:23:47s.  Time for last 1,000,000:   13s.  Last read position: chr14:103,371,805
INFO	2016-05-15 07:07:37	AddOrReplaceReadGroups	Processed    81,000,000 records.  Elapsed time: 00:24:12s.  Time for last 1,000,000:   24s.  Last read position: chr15:40,890,839
INFO	2016-05-15 07:07:57	AddOrReplaceReadGroups	Processed    82,000,000 records.  Elapsed time: 00:24:32s.  Time for last 1,000,000:   19s.  Last read position: chr15:52,943,970
INFO	2016-05-15 07:08:11	AddOrReplaceReadGroups	Processed    83,000,000 records.  Elapsed time: 00:24:46s.  Time for last 1,000,000:   13s.  Last read position: chr15:74,920,301
INFO	2016-05-15 07:08:24	AddOrReplaceReadGroups	Processed    84,000,000 records.  Elapsed time: 00:24:59s.  Time for last 1,000,000:   13s.  Last read position: chr15:99,459,299
INFO	2016-05-15 07:08:38	AddOrReplaceReadGroups	Processed    85,000,000 records.  Elapsed time: 00:25:12s.  Time for last 1,000,000:   13s.  Last read position: chr16:4,924,955
INFO	2016-05-15 07:08:52	AddOrReplaceReadGroups	Processed    86,000,000 records.  Elapsed time: 00:25:27s.  Time for last 1,000,000:   14s.  Last read position: chr16:29,339,922
INFO	2016-05-15 07:09:14	AddOrReplaceReadGroups	Processed    87,000,000 records.  Elapsed time: 00:25:49s.  Time for last 1,000,000:   21s.  Last read position: chr16:57,712,432
INFO	2016-05-15 07:09:31	AddOrReplaceReadGroups	Processed    88,000,000 records.  Elapsed time: 00:26:06s.  Time for last 1,000,000:   17s.  Last read position: chr16:74,942,549
INFO	2016-05-15 07:09:46	AddOrReplaceReadGroups	Processed    89,000,000 records.  Elapsed time: 00:26:21s.  Time for last 1,000,000:   15s.  Last read position: chr17:3,659,056
INFO	2016-05-15 07:10:01	AddOrReplaceReadGroups	Processed    90,000,000 records.  Elapsed time: 00:26:36s.  Time for last 1,000,000:   14s.  Last read position: chr17:10,416,892
INFO	2016-05-15 07:10:20	AddOrReplaceReadGroups	Processed    91,000,000 records.  Elapsed time: 00:26:54s.  Time for last 1,000,000:   18s.  Last read position: chr17:29,283,301
INFO	2016-05-15 07:10:34	AddOrReplaceReadGroups	Processed    92,000,000 records.  Elapsed time: 00:27:09s.  Time for last 1,000,000:   14s.  Last read position: chr17:40,699,110
INFO	2016-05-15 07:10:53	AddOrReplaceReadGroups	Processed    93,000,000 records.  Elapsed time: 00:27:28s.  Time for last 1,000,000:   18s.  Last read position: chr17:54,587,999
INFO	2016-05-15 07:11:11	AddOrReplaceReadGroups	Processed    94,000,000 records.  Elapsed time: 00:27:45s.  Time for last 1,000,000:   17s.  Last read position: chr17:72,915,937
INFO	2016-05-15 07:11:25	AddOrReplaceReadGroups	Processed    95,000,000 records.  Elapsed time: 00:28:00s.  Time for last 1,000,000:   14s.  Last read position: chr18:671,355
INFO	2016-05-15 07:11:38	AddOrReplaceReadGroups	Processed    96,000,000 records.  Elapsed time: 00:28:13s.  Time for last 1,000,000:   12s.  Last read position: chr18:43,493,556
INFO	2016-05-15 07:11:53	AddOrReplaceReadGroups	Processed    97,000,000 records.  Elapsed time: 00:28:28s.  Time for last 1,000,000:   15s.  Last read position: chr19:1,612,201
INFO	2016-05-15 07:12:06	AddOrReplaceReadGroups	Processed    98,000,000 records.  Elapsed time: 00:28:41s.  Time for last 1,000,000:   13s.  Last read position: chr19:9,075,383
INFO	2016-05-15 07:12:27	AddOrReplaceReadGroups	Processed    99,000,000 records.  Elapsed time: 00:29:01s.  Time for last 1,000,000:   20s.  Last read position: chr19:15,905,779
INFO	2016-05-15 07:12:41	AddOrReplaceReadGroups	Processed   100,000,000 records.  Elapsed time: 00:29:16s.  Time for last 1,000,000:   14s.  Last read position: chr19:36,066,505
INFO	2016-05-15 07:12:57	AddOrReplaceReadGroups	Processed   101,000,000 records.  Elapsed time: 00:29:31s.  Time for last 1,000,000:   15s.  Last read position: chr19:42,796,750
INFO	2016-05-15 07:13:10	AddOrReplaceReadGroups	Processed   102,000,000 records.  Elapsed time: 00:29:44s.  Time for last 1,000,000:   12s.  Last read position: chr19:50,148,494
INFO	2016-05-15 07:13:27	AddOrReplaceReadGroups	Processed   103,000,000 records.  Elapsed time: 00:30:02s.  Time for last 1,000,000:   17s.  Last read position: chr19:57,036,914
INFO	2016-05-15 07:13:41	AddOrReplaceReadGroups	Processed   104,000,000 records.  Elapsed time: 00:30:16s.  Time for last 1,000,000:   13s.  Last read position: chr20:19,955,290
INFO	2016-05-15 07:14:02	AddOrReplaceReadGroups	Processed   105,000,000 records.  Elapsed time: 00:30:37s.  Time for last 1,000,000:   20s.  Last read position: chr20:42,092,052
INFO	2016-05-15 07:14:16	AddOrReplaceReadGroups	Processed   106,000,000 records.  Elapsed time: 00:30:50s.  Time for last 1,000,000:   13s.  Last read position: chr20:61,979,831
INFO	2016-05-15 07:14:33	AddOrReplaceReadGroups	Processed   107,000,000 records.  Elapsed time: 00:31:08s.  Time for last 1,000,000:   17s.  Last read position: chr21:43,803,170
INFO	2016-05-15 07:14:48	AddOrReplaceReadGroups	Processed   108,000,000 records.  Elapsed time: 00:31:23s.  Time for last 1,000,000:   14s.  Last read position: chr22:25,115,835
INFO	2016-05-15 07:15:04	AddOrReplaceReadGroups	Processed   109,000,000 records.  Elapsed time: 00:31:38s.  Time for last 1,000,000:   15s.  Last read position: chr22:40,054,267
INFO	2016-05-15 07:15:16	AddOrReplaceReadGroups	Processed   110,000,000 records.  Elapsed time: 00:31:51s.  Time for last 1,000,000:   12s.  Last read position: chrX:13,061,306
INFO	2016-05-15 07:15:31	AddOrReplaceReadGroups	Processed   111,000,000 records.  Elapsed time: 00:32:05s.  Time for last 1,000,000:   14s.  Last read position: chrX:47,969,358
INFO	2016-05-15 07:15:44	AddOrReplaceReadGroups	Processed   112,000,000 records.  Elapsed time: 00:32:19s.  Time for last 1,000,000:   13s.  Last read position: chrX:72,433,626
INFO	2016-05-15 07:15:58	AddOrReplaceReadGroups	Processed   113,000,000 records.  Elapsed time: 00:32:32s.  Time for last 1,000,000:   13s.  Last read position: chrX:117,732,260
INFO	2016-05-15 07:16:11	AddOrReplaceReadGroups	Processed   114,000,000 records.  Elapsed time: 00:32:46s.  Time for last 1,000,000:   13s.  Last read position: chrX:153,052,382
[Sun May 15 07:16:22 EDT 2016] picard.sam.AddOrReplaceReadGroups done. Elapsed time: 32.97 minutes.
Runtime.totalMemory()=395313152
[Sun May 15 07:16:23 EDT 2016] picard.sam.FixMateInformation INPUT=[p_DS_bkm_100-N/p_DS_bkm_100-N.sorted.MarkDup.fixed.bam] OUTPUT=p_DS_bkm_100-N/p_DS_bkm_100-N.sorted.MarkDup.realn.fixed.bam SORT_ORDER=coordinate TMP_DIR=[tmp/flx] VALIDATION_STRINGENCY=LENIENT CREATE_INDEX=true    ASSUME_SORTED=false ADD_MATE_CIGAR=true IGNORE_MISSING_MATES=true VERBOSITY=INFO QUIET=false COMPRESSION_LEVEL=5 MAX_RECORDS_IN_RAM=500000 CREATE_MD5_FILE=false GA4GH_CLIENT_SECRETS=client_secrets.json
[Sun May 15 07:16:23 EDT 2016] Executing as abdelrahman@compute-1-2.local on Linux 2.6.32-279.14.1.el6.x86_64 amd64; Java HotSpot(TM) 64-Bit Server VM 1.8.0_45-b14; Picard version: 2.3.0(9a00c87b7ffdb01cfb5a0d6e76556146196babb8_1463071327) IntelDeflater
INFO	2016-05-15 07:16:23	FixMateInformation	Sorting input into queryname order.
INFO	2016-05-15 07:46:28	FixMateInformation	Sorting by queryname complete.
INFO	2016-05-15 07:46:28	FixMateInformation	Output will be sorted by coordinate
INFO	2016-05-15 07:46:28	FixMateInformation	Traversing query name sorted records and fixing up mate pair information.
INFO	2016-05-15 07:46:55	FixMateInformation	Processed     1,000,000 records.  Elapsed time: 00:00:26s.  Time for last 1,000,000:   26s.  Last read position: chr22:27,009,088
INFO	2016-05-15 07:47:15	FixMateInformation	Processed     2,000,000 records.  Elapsed time: 00:00:47s.  Time for last 1,000,000:   20s.  Last read position: chr10:95,134,598
INFO	2016-05-15 07:47:30	FixMateInformation	Processed     3,000,000 records.  Elapsed time: 00:01:02s.  Time for last 1,000,000:   15s.  Last read position: chr14:51,227,016
INFO	2016-05-15 07:47:51	FixMateInformation	Processed     4,000,000 records.  Elapsed time: 00:01:22s.  Time for last 1,000,000:   20s.  Last read position: chr4:49,000,322
INFO	2016-05-15 07:48:05	FixMateInformation	Processed     5,000,000 records.  Elapsed time: 00:01:36s.  Time for last 1,000,000:   13s.  Last read position: chr8:144,547,892
INFO	2016-05-15 07:48:26	FixMateInformation	Processed     6,000,000 records.  Elapsed time: 00:01:58s.  Time for last 1,000,000:   21s.  Last read position: chr6:101,090,593
INFO	2016-05-15 07:48:42	FixMateInformation	Processed     7,000,000 records.  Elapsed time: 00:02:13s.  Time for last 1,000,000:   15s.  Last read position: chr15:43,818,963
INFO	2016-05-15 07:49:00	FixMateInformation	Processed     8,000,000 records.  Elapsed time: 00:02:31s.  Time for last 1,000,000:   17s.  Last read position: chr18:21,507,994
INFO	2016-05-15 07:49:18	FixMateInformation	Processed     9,000,000 records.  Elapsed time: 00:02:49s.  Time for last 1,000,000:   18s.  Last read position: chr2:163,123,740
INFO	2016-05-15 07:49:32	FixMateInformation	Processed    10,000,000 records.  Elapsed time: 00:03:03s.  Time for last 1,000,000:   14s.  Last read position: chr1:229,463,135
INFO	2016-05-15 07:49:52	FixMateInformation	Processed    11,000,000 records.  Elapsed time: 00:03:23s.  Time for last 1,000,000:   19s.  Last read position: chr20:35,422,757
INFO	2016-05-15 07:50:06	FixMateInformation	Processed    12,000,000 records.  Elapsed time: 00:03:37s.  Time for last 1,000,000:   14s.  Last read position: chr18:23,969,769
INFO	2016-05-15 07:50:24	FixMateInformation	Processed    13,000,000 records.  Elapsed time: 00:03:56s.  Time for last 1,000,000:   18s.  Last read position: chr20:58,560,010
INFO	2016-05-15 07:50:41	FixMateInformation	Processed    14,000,000 records.  Elapsed time: 00:04:12s.  Time for last 1,000,000:   16s.  Last read position: chr4:187,524,738
INFO	2016-05-15 07:50:58	FixMateInformation	Processed    15,000,000 records.  Elapsed time: 00:04:30s.  Time for last 1,000,000:   17s.  Last read position: chr20:741,930
INFO	2016-05-15 07:51:12	FixMateInformation	Processed    16,000,000 records.  Elapsed time: 00:04:43s.  Time for last 1,000,000:   13s.  Last read position: chr5:147,015,667
INFO	2016-05-15 07:51:29	FixMateInformation	Processed    17,000,000 records.  Elapsed time: 00:05:01s.  Time for last 1,000,000:   17s.  Last read position: chr2:38,156,707
INFO	2016-05-15 07:51:45	FixMateInformation	Processed    18,000,000 records.  Elapsed time: 00:05:16s.  Time for last 1,000,000:   15s.  Last read position: chr3:51,504,852
INFO	2016-05-15 07:52:00	FixMateInformation	Processed    19,000,000 records.  Elapsed time: 00:05:31s.  Time for last 1,000,000:   15s.  Last read position: chr1:223,958,160
INFO	2016-05-15 07:52:14	FixMateInformation	Processed    20,000,000 records.  Elapsed time: 00:05:46s.  Time for last 1,000,000:   14s.  Last read position: chr2:32,429,587
INFO	2016-05-15 07:52:30	FixMateInformation	Processed    21,000,000 records.  Elapsed time: 00:06:01s.  Time for last 1,000,000:   15s.  Last read position: chr1:236,142,411
INFO	2016-05-15 07:52:47	FixMateInformation	Processed    22,000,000 records.  Elapsed time: 00:06:18s.  Time for last 1,000,000:   16s.  Last read position: chr12:120,128,129
INFO	2016-05-15 07:53:01	FixMateInformation	Processed    23,000,000 records.  Elapsed time: 00:06:32s.  Time for last 1,000,000:   14s.  Last read position: chr18:11,148,408
INFO	2016-05-15 07:53:17	FixMateInformation	Processed    24,000,000 records.  Elapsed time: 00:06:48s.  Time for last 1,000,000:   15s.  Last read position: chr13:21,557,703
INFO	2016-05-15 07:53:31	FixMateInformation	Processed    25,000,000 records.  Elapsed time: 00:07:03s.  Time for last 1,000,000:   14s.  Last read position: chr10:115,534,804
INFO	2016-05-15 07:53:48	FixMateInformation	Processed    26,000,000 records.  Elapsed time: 00:07:19s.  Time for last 1,000,000:   16s.  Last read position: */*
INFO	2016-05-15 07:54:01	FixMateInformation	Processed    27,000,000 records.  Elapsed time: 00:07:33s.  Time for last 1,000,000:   13s.  Last read position: chr11:76,979,507
INFO	2016-05-15 07:54:17	FixMateInformation	Processed    28,000,000 records.  Elapsed time: 00:07:48s.  Time for last 1,000,000:   15s.  Last read position: chr11:10,828,375
INFO	2016-05-15 07:54:31	FixMateInformation	Processed    29,000,000 records.  Elapsed time: 00:08:03s.  Time for last 1,000,000:   14s.  Last read position: chr11:64,054,177
INFO	2016-05-15 07:54:48	FixMateInformation	Processed    30,000,000 records.  Elapsed time: 00:08:19s.  Time for last 1,000,000:   16s.  Last read position: chr14:100,325,960
INFO	2016-05-15 07:55:01	FixMateInformation	Processed    31,000,000 records.  Elapsed time: 00:08:32s.  Time for last 1,000,000:   13s.  Last read position: chr10:116,621,024
INFO	2016-05-15 07:55:17	FixMateInformation	Processed    32,000,000 records.  Elapsed time: 00:08:49s.  Time for last 1,000,000:   16s.  Last read position: chr19:39,787,183
INFO	2016-05-15 07:55:31	FixMateInformation	Processed    33,000,000 records.  Elapsed time: 00:09:02s.  Time for last 1,000,000:   13s.  Last read position: chr20:31,015,856
INFO	2016-05-15 07:55:48	FixMateInformation	Processed    34,000,000 records.  Elapsed time: 00:09:19s.  Time for last 1,000,000:   16s.  Last read position: chr12:29,510,569
INFO	2016-05-15 07:56:02	FixMateInformation	Processed    35,000,000 records.  Elapsed time: 00:09:34s.  Time for last 1,000,000:   14s.  Last read position: chr16:66,918,528
INFO	2016-05-15 07:56:20	FixMateInformation	Processed    36,000,000 records.  Elapsed time: 00:09:51s.  Time for last 1,000,000:   17s.  Last read position: chrX:21,995,315
INFO	2016-05-15 07:56:34	FixMateInformation	Processed    37,000,000 records.  Elapsed time: 00:10:05s.  Time for last 1,000,000:   14s.  Last read position: chr16:15,790,580
INFO	2016-05-15 07:56:49	FixMateInformation	Processed    38,000,000 records.  Elapsed time: 00:10:21s.  Time for last 1,000,000:   15s.  Last read position: chr1:3,782,215
INFO	2016-05-15 07:57:03	FixMateInformation	Processed    39,000,000 records.  Elapsed time: 00:10:34s.  Time for last 1,000,000:   13s.  Last read position: chr10:99,969,413
INFO	2016-05-15 07:57:21	FixMateInformation	Processed    40,000,000 records.  Elapsed time: 00:10:52s.  Time for last 1,000,000:   17s.  Last read position: chr17:10,543,016
INFO	2016-05-15 07:57:35	FixMateInformation	Processed    41,000,000 records.  Elapsed time: 00:11:06s.  Time for last 1,000,000:   13s.  Last read position: chr14:88,333,634
INFO	2016-05-15 07:57:49	FixMateInformation	Processed    42,000,000 records.  Elapsed time: 00:11:21s.  Time for last 1,000,000:   14s.  Last read position: chr4:54,362,280
INFO	2016-05-15 07:58:05	FixMateInformation	Processed    43,000,000 records.  Elapsed time: 00:11:37s.  Time for last 1,000,000:   16s.  Last read position: chr14:68,228,119
INFO	2016-05-15 07:58:23	FixMateInformation	Processed    44,000,000 records.  Elapsed time: 00:11:55s.  Time for last 1,000,000:   17s.  Last read position: chr2:128,366,320
INFO	2016-05-15 07:58:40	FixMateInformation	Processed    45,000,000 records.  Elapsed time: 00:12:11s.  Time for last 1,000,000:   16s.  Last read position: chr2:202,339,479
INFO	2016-05-15 07:58:57	FixMateInformation	Processed    46,000,000 records.  Elapsed time: 00:12:28s.  Time for last 1,000,000:   16s.  Last read position: chr8:141,931,049
INFO	2016-05-15 07:59:13	FixMateInformation	Processed    47,000,000 records.  Elapsed time: 00:12:44s.  Time for last 1,000,000:   16s.  Last read position: chrX:153,607,817
INFO	2016-05-15 07:59:27	FixMateInformation	Processed    48,000,000 records.  Elapsed time: 00:12:59s.  Time for last 1,000,000:   14s.  Last read position: chr15:40,914,583
INFO	2016-05-15 07:59:44	FixMateInformation	Processed    49,000,000 records.  Elapsed time: 00:13:15s.  Time for last 1,000,000:   16s.  Last read position: chr16:705,687
INFO	2016-05-15 08:00:05	FixMateInformation	Processed    50,000,000 records.  Elapsed time: 00:13:36s.  Time for last 1,000,000:   20s.  Last read position: chr16:314,998
INFO	2016-05-15 08:00:24	FixMateInformation	Processed    51,000,000 records.  Elapsed time: 00:13:55s.  Time for last 1,000,000:   19s.  Last read position: chr2:152,473,987
INFO	2016-05-15 08:00:41	FixMateInformation	Processed    52,000,000 records.  Elapsed time: 00:14:12s.  Time for last 1,000,000:   16s.  Last read position: chr1:154,004,229
INFO	2016-05-15 08:00:57	FixMateInformation	Processed    53,000,000 records.  Elapsed time: 00:14:29s.  Time for last 1,000,000:   16s.  Last read position: chr16:55,855,190
INFO	2016-05-15 08:01:12	FixMateInformation	Processed    54,000,000 records.  Elapsed time: 00:14:43s.  Time for last 1,000,000:   14s.  Last read position: chr2:237,074,457
INFO	2016-05-15 08:01:28	FixMateInformation	Processed    55,000,000 records.  Elapsed time: 00:14:59s.  Time for last 1,000,000:   15s.  Last read position: chr18:56,585,919
INFO	2016-05-15 08:01:42	FixMateInformation	Processed    56,000,000 records.  Elapsed time: 00:15:14s.  Time for last 1,000,000:   14s.  Last read position: chr12:133,697,530
INFO	2016-05-15 08:01:58	FixMateInformation	Processed    57,000,000 records.  Elapsed time: 00:15:29s.  Time for last 1,000,000:   15s.  Last read position: chr11:17,140,128
INFO	2016-05-15 08:02:13	FixMateInformation	Processed    58,000,000 records.  Elapsed time: 00:15:45s.  Time for last 1,000,000:   15s.  Last read position: chr10:70,931,028
INFO	2016-05-15 08:02:44	FixMateInformation	Processed    59,000,000 records.  Elapsed time: 00:16:15s.  Time for last 1,000,000:   30s.  Last read position: chr2:101,565,895
INFO	2016-05-15 08:03:01	FixMateInformation	Processed    60,000,000 records.  Elapsed time: 00:16:33s.  Time for last 1,000,000:   17s.  Last read position: chr19:46,180,081
INFO	2016-05-15 08:03:18	FixMateInformation	Processed    61,000,000 records.  Elapsed time: 00:16:50s.  Time for last 1,000,000:   16s.  Last read position: chr19:4,142,498
INFO	2016-05-15 08:03:35	FixMateInformation	Processed    62,000,000 records.  Elapsed time: 00:17:06s.  Time for last 1,000,000:   16s.  Last read position: chr11:57,982,394
INFO	2016-05-15 08:03:50	FixMateInformation	Processed    63,000,000 records.  Elapsed time: 00:17:22s.  Time for last 1,000,000:   15s.  Last read position: chr20:34,054,693
INFO	2016-05-15 08:04:08	FixMateInformation	Processed    64,000,000 records.  Elapsed time: 00:17:39s.  Time for last 1,000,000:   17s.  Last read position: chr4:154,644,504
INFO	2016-05-15 08:04:27	FixMateInformation	Processed    65,000,000 records.  Elapsed time: 00:17:58s.  Time for last 1,000,000:   18s.  Last read position: chr6:101,076,848
INFO	2016-05-15 08:04:44	FixMateInformation	Processed    66,000,000 records.  Elapsed time: 00:18:16s.  Time for last 1,000,000:   17s.  Last read position: chr1:39,384,670
INFO	2016-05-15 08:04:58	FixMateInformation	Processed    67,000,000 records.  Elapsed time: 00:18:29s.  Time for last 1,000,000:   13s.  Last read position: chr2:170,032,952
INFO	2016-05-15 08:05:14	FixMateInformation	Processed    68,000,000 records.  Elapsed time: 00:18:45s.  Time for last 1,000,000:   15s.  Last read position: chr14:51,149,793
INFO	2016-05-15 08:05:28	FixMateInformation	Processed    69,000,000 records.  Elapsed time: 00:18:59s.  Time for last 1,000,000:   14s.  Last read position: chr18:209,949
INFO	2016-05-15 08:05:43	FixMateInformation	Processed    70,000,000 records.  Elapsed time: 00:19:15s.  Time for last 1,000,000:   15s.  Last read position: chr2:131,128,628
INFO	2016-05-15 08:06:00	FixMateInformation	Processed    71,000,000 records.  Elapsed time: 00:19:31s.  Time for last 1,000,000:   16s.  Last read position: chr12:102,071,028
INFO	2016-05-15 08:06:15	FixMateInformation	Processed    72,000,000 records.  Elapsed time: 00:19:47s.  Time for last 1,000,000:   15s.  Last read position: chr9:130,040,825
INFO	2016-05-15 08:06:32	FixMateInformation	Processed    73,000,000 records.  Elapsed time: 00:20:04s.  Time for last 1,000,000:   17s.  Last read position: chr19:47,880,295
INFO	2016-05-15 08:06:48	FixMateInformation	Processed    74,000,000 records.  Elapsed time: 00:20:20s.  Time for last 1,000,000:   16s.  Last read position: chr4:77,021,344
INFO	2016-05-15 08:07:04	FixMateInformation	Processed    75,000,000 records.  Elapsed time: 00:20:35s.  Time for last 1,000,000:   15s.  Last read position: chrX:118,724,942
INFO	2016-05-15 08:07:20	FixMateInformation	Processed    76,000,000 records.  Elapsed time: 00:20:51s.  Time for last 1,000,000:   15s.  Last read position: chr21:46,354,055
INFO	2016-05-15 08:07:37	FixMateInformation	Processed    77,000,000 records.  Elapsed time: 00:21:08s.  Time for last 1,000,000:   16s.  Last read position: chr3:38,265,326
INFO	2016-05-15 08:07:51	FixMateInformation	Processed    78,000,000 records.  Elapsed time: 00:21:22s.  Time for last 1,000,000:   14s.  Last read position: chr2:201,503,000
INFO	2016-05-15 08:08:08	FixMateInformation	Processed    79,000,000 records.  Elapsed time: 00:21:39s.  Time for last 1,000,000:   16s.  Last read position: chr5:169,410,154
INFO	2016-05-15 08:08:24	FixMateInformation	Processed    80,000,000 records.  Elapsed time: 00:21:55s.  Time for last 1,000,000:   15s.  Last read position: chr20:3,655,187
INFO	2016-05-15 08:08:39	FixMateInformation	Processed    81,000,000 records.  Elapsed time: 00:22:10s.  Time for last 1,000,000:   15s.  Last read position: chr19:41,754,488
INFO	2016-05-15 08:08:54	FixMateInformation	Processed    82,000,000 records.  Elapsed time: 00:22:26s.  Time for last 1,000,000:   15s.  Last read position: chr20:62,575,939
INFO	2016-05-15 08:09:10	FixMateInformation	Processed    83,000,000 records.  Elapsed time: 00:22:41s.  Time for last 1,000,000:   15s.  Last read position: chr1:152,127,898
INFO	2016-05-15 08:09:25	FixMateInformation	Processed    84,000,000 records.  Elapsed time: 00:22:56s.  Time for last 1,000,000:   15s.  Last read position: chr1:34,291,373
INFO	2016-05-15 08:09:42	FixMateInformation	Processed    85,000,000 records.  Elapsed time: 00:23:13s.  Time for last 1,000,000:   17s.  Last read position: chr2:163,292,022
INFO	2016-05-15 08:09:58	FixMateInformation	Processed    86,000,000 records.  Elapsed time: 00:23:29s.  Time for last 1,000,000:   15s.  Last read position: chr1:186,276,036
INFO	2016-05-15 08:10:14	FixMateInformation	Processed    87,000,000 records.  Elapsed time: 00:23:46s.  Time for last 1,000,000:   16s.  Last read position: chr7:22,861,627
INFO	2016-05-15 08:10:30	FixMateInformation	Processed    88,000,000 records.  Elapsed time: 00:24:01s.  Time for last 1,000,000:   15s.  Last read position: chr5:74,869,737
INFO	2016-05-15 08:10:46	FixMateInformation	Processed    89,000,000 records.  Elapsed time: 00:24:17s.  Time for last 1,000,000:   16s.  Last read position: chr7:158,664,049
INFO	2016-05-15 08:11:02	FixMateInformation	Processed    90,000,000 records.  Elapsed time: 00:24:34s.  Time for last 1,000,000:   16s.  Last read position: chr1:33,402,416
INFO	2016-05-15 08:11:19	FixMateInformation	Processed    91,000,000 records.  Elapsed time: 00:24:50s.  Time for last 1,000,000:   16s.  Last read position: chr1:186,010,073
INFO	2016-05-15 08:11:33	FixMateInformation	Processed    92,000,000 records.  Elapsed time: 00:25:05s.  Time for last 1,000,000:   14s.  Last read position: chr13:26,974,517
INFO	2016-05-15 08:11:51	FixMateInformation	Processed    93,000,000 records.  Elapsed time: 00:25:22s.  Time for last 1,000,000:   17s.  Last read position: chr6:42,797,552
INFO	2016-05-15 08:12:08	FixMateInformation	Processed    94,000,000 records.  Elapsed time: 00:25:40s.  Time for last 1,000,000:   17s.  Last read position: chr1:157,488,728
INFO	2016-05-15 08:12:25	FixMateInformation	Processed    95,000,000 records.  Elapsed time: 00:25:57s.  Time for last 1,000,000:   17s.  Last read position: chr7:100,551,743
INFO	2016-05-15 08:12:42	FixMateInformation	Processed    96,000,000 records.  Elapsed time: 00:26:13s.  Time for last 1,000,000:   16s.  Last read position: chr9:107,555,511
INFO	2016-05-15 08:12:58	FixMateInformation	Processed    97,000,000 records.  Elapsed time: 00:26:29s.  Time for last 1,000,000:   16s.  Last read position: chr1:38,322,921
INFO	2016-05-15 08:13:16	FixMateInformation	Processed    98,000,000 records.  Elapsed time: 00:26:48s.  Time for last 1,000,000:   18s.  Last read position: chr3:9,792,927
INFO	2016-05-15 08:13:32	FixMateInformation	Processed    99,000,000 records.  Elapsed time: 00:27:03s.  Time for last 1,000,000:   15s.  Last read position: chr22:43,600,062
INFO	2016-05-15 08:13:48	FixMateInformation	Processed   100,000,000 records.  Elapsed time: 00:27:19s.  Time for last 1,000,000:   16s.  Last read position: chr10:43,650,392
INFO	2016-05-15 08:14:05	FixMateInformation	Processed   101,000,000 records.  Elapsed time: 00:27:36s.  Time for last 1,000,000:   16s.  Last read position: chr17:8,021,660
INFO	2016-05-15 08:14:22	FixMateInformation	Processed   102,000,000 records.  Elapsed time: 00:27:53s.  Time for last 1,000,000:   17s.  Last read position: chr4:1,976,699
INFO	2016-05-15 08:14:37	FixMateInformation	Processed   103,000,000 records.  Elapsed time: 00:28:08s.  Time for last 1,000,000:   14s.  Last read position: chr9:96,055,034
INFO	2016-05-15 08:14:54	FixMateInformation	Processed   104,000,000 records.  Elapsed time: 00:28:25s.  Time for last 1,000,000:   17s.  Last read position: chr10:23,001,838
INFO	2016-05-15 08:15:11	FixMateInformation	Processed   105,000,000 records.  Elapsed time: 00:28:43s.  Time for last 1,000,000:   17s.  Last read position: chr12:133,696,928
INFO	2016-05-15 08:15:28	FixMateInformation	Processed   106,000,000 records.  Elapsed time: 00:28:59s.  Time for last 1,000,000:   16s.  Last read position: chr15:62,164,048
INFO	2016-05-15 08:15:43	FixMateInformation	Processed   107,000,000 records.  Elapsed time: 00:29:14s.  Time for last 1,000,000:   15s.  Last read position: chr1:109,779,998
INFO	2016-05-15 08:15:59	FixMateInformation	Processed   108,000,000 records.  Elapsed time: 00:29:31s.  Time for last 1,000,000:   16s.  Last read position: chr2:178,402,756
INFO	2016-05-15 08:16:16	FixMateInformation	Processed   109,000,000 records.  Elapsed time: 00:29:48s.  Time for last 1,000,000:   16s.  Last read position: chr10:103,900,897
INFO	2016-05-15 08:16:32	FixMateInformation	Processed   110,000,000 records.  Elapsed time: 00:30:04s.  Time for last 1,000,000:   16s.  Last read position: chr19:17,115,127
INFO	2016-05-15 08:16:48	FixMateInformation	Processed   111,000,000 records.  Elapsed time: 00:30:20s.  Time for last 1,000,000:   16s.  Last read position: chr20:3,065,160
INFO	2016-05-15 08:17:06	FixMateInformation	Processed   112,000,000 records.  Elapsed time: 00:30:37s.  Time for last 1,000,000:   17s.  Last read position: chr8:106,813,727
INFO	2016-05-15 08:17:19	FixMateInformation	Processed   113,000,000 records.  Elapsed time: 00:30:51s.  Time for last 1,000,000:   13s.  Last read position: chr10:56,918,133
INFO	2016-05-15 08:17:35	FixMateInformation	Processed   114,000,000 records.  Elapsed time: 00:31:06s.  Time for last 1,000,000:   15s.  Last read position: chr15:87,612,971
INFO	2016-05-15 08:17:51	FixMateInformation	Finished processing reads; re-sorting output file.
[Sun May 15 08:41:02 EDT 2016] picard.sam.FixMateInformation done. Elapsed time: 84.65 minutes.
Runtime.totalMemory()=1188560896
