[Thu May 19 11:12:52 EDT 2016] picard.sam.SortSam INPUT=p_DS_bkm_136-N.sam OUTPUT=p_DS_bkm_136-N/p_DS_bkm_136-N.sorted.bam SORT_ORDER=coordinate TMP_DIR=[tmp_WT] VALIDATION_STRINGENCY=LENIENT CREATE_INDEX=true    VERBOSITY=INFO QUIET=false COMPRESSION_LEVEL=5 MAX_RECORDS_IN_RAM=500000 CREATE_MD5_FILE=false GA4GH_CLIENT_SECRETS=client_secrets.json
[Thu May 19 11:12:52 EDT 2016] Executing as abdelrahman@compute-1-15.local on Linux 2.6.32-279.14.1.el6.x86_64 amd64; Java HotSpot(TM) 64-Bit Server VM 1.8.0_45-b14; Picard version: 2.3.0(9a00c87b7ffdb01cfb5a0d6e76556146196babb8_1463071327) IntelDeflater
INFO	2016-05-19 11:17:05	SortSam	Read    10,000,000 records.  Elapsed time: 00:04:12s.  Time for last 10,000,000:  252s.  Last read position: chr10:3,898,478
INFO	2016-05-19 11:20:46	SortSam	Read    20,000,000 records.  Elapsed time: 00:07:53s.  Time for last 10,000,000:  220s.  Last read position: chr14:24,885,084
INFO	2016-05-19 11:23:51	SortSam	Read    30,000,000 records.  Elapsed time: 00:10:58s.  Time for last 10,000,000:  184s.  Last read position: chr9:11,613,770
INFO	2016-05-19 11:26:49	SortSam	Read    40,000,000 records.  Elapsed time: 00:13:56s.  Time for last 10,000,000:  178s.  Last read position: chr19:4,891,266
INFO	2016-05-19 11:30:27	SortSam	Read    50,000,000 records.  Elapsed time: 00:17:34s.  Time for last 10,000,000:  218s.  Last read position: chr20:4,584,433
INFO	2016-05-19 11:34:04	SortSam	Read    60,000,000 records.  Elapsed time: 00:21:11s.  Time for last 10,000,000:  216s.  Last read position: chr8:28,710,501
INFO	2016-05-19 11:37:12	SortSam	Read    70,000,000 records.  Elapsed time: 00:24:19s.  Time for last 10,000,000:  188s.  Last read position: chr5:131,307,238
INFO	2016-05-19 11:40:08	SortSam	Read    80,000,000 records.  Elapsed time: 00:27:15s.  Time for last 10,000,000:  175s.  Last read position: chr12:122,396,904
INFO	2016-05-19 11:44:01	SortSam	Read    90,000,000 records.  Elapsed time: 00:31:08s.  Time for last 10,000,000:  232s.  Last read position: chr1:179,815,841
INFO	2016-05-19 11:47:31	SortSam	Finished reading inputs, merging and writing to output now.
INFO	2016-05-19 11:49:36	SortSam	Wrote    10,000,000 records from a sorting collection.  Elapsed time: 00:36:42s.  Time for last 10,000,000:  119s.  Last read position: chr2:11,052,792
INFO	2016-05-19 11:51:20	SortSam	Wrote    20,000,000 records from a sorting collection.  Elapsed time: 00:38:27s.  Time for last 10,000,000:  104s.  Last read position: chr3:73,432,562
INFO	2016-05-19 11:53:10	SortSam	Wrote    30,000,000 records from a sorting collection.  Elapsed time: 00:40:17s.  Time for last 10,000,000:  110s.  Last read position: chr5:135,364,639
INFO	2016-05-19 11:54:49	SortSam	Wrote    40,000,000 records from a sorting collection.  Elapsed time: 00:41:56s.  Time for last 10,000,000:   98s.  Last read position: chr7:100,806,297
INFO	2016-05-19 11:56:42	SortSam	Wrote    50,000,000 records from a sorting collection.  Elapsed time: 00:43:48s.  Time for last 10,000,000:  112s.  Last read position: chr10:24,809,176
INFO	2016-05-19 11:58:24	SortSam	Wrote    60,000,000 records from a sorting collection.  Elapsed time: 00:45:30s.  Time for last 10,000,000:  102s.  Last read position: chr12:12,291,342
INFO	2016-05-19 12:00:08	SortSam	Wrote    70,000,000 records from a sorting collection.  Elapsed time: 00:47:15s.  Time for last 10,000,000:  104s.  Last read position: chr15:40,094,321
INFO	2016-05-19 12:01:57	SortSam	Wrote    80,000,000 records from a sorting collection.  Elapsed time: 00:49:04s.  Time for last 10,000,000:  109s.  Last read position: chr17:44,833,229
INFO	2016-05-19 12:03:39	SortSam	Wrote    90,000,000 records from a sorting collection.  Elapsed time: 00:50:46s.  Time for last 10,000,000:  102s.  Last read position: chr20:23,065,756
[Thu May 19 12:05:17 EDT 2016] picard.sam.SortSam done. Elapsed time: 52.42 minutes.
Runtime.totalMemory()=2452619264
[Thu May 19 12:05:18 EDT 2016] picard.sam.markduplicates.MarkDuplicates INPUT=[p_DS_bkm_136-N/p_DS_bkm_136-N.sorted.bam] OUTPUT=p_DS_bkm_136-N/p_DS_bkm_136-N.sorted.MarkDup.bam METRICS_FILE=MarkDup_metrics TMP_DIR=[tmp] VALIDATION_STRINGENCY=SILENT CREATE_INDEX=true    MAX_SEQUENCES_FOR_DISK_READ_ENDS_MAP=50000 MAX_FILE_HANDLES_FOR_READ_ENDS_MAP=8000 SORTING_COLLECTION_SIZE_RATIO=0.25 REMOVE_SEQUENCING_DUPLICATES=false TAGGING_POLICY=DontTag REMOVE_DUPLICATES=false ASSUME_SORTED=false DUPLICATE_SCORING_STRATEGY=SUM_OF_BASE_QUALITIES PROGRAM_RECORD_ID=MarkDuplicates PROGRAM_GROUP_NAME=MarkDuplicates READ_NAME_REGEX=<optimized capture of last three ':' separated fields as numeric values> OPTICAL_DUPLICATE_PIXEL_DISTANCE=100 VERBOSITY=INFO QUIET=false COMPRESSION_LEVEL=5 MAX_RECORDS_IN_RAM=500000 CREATE_MD5_FILE=false GA4GH_CLIENT_SECRETS=client_secrets.json
[Thu May 19 12:05:18 EDT 2016] Executing as abdelrahman@compute-1-15.local on Linux 2.6.32-279.14.1.el6.x86_64 amd64; Java HotSpot(TM) 64-Bit Server VM 1.8.0_45-b14; Picard version: 2.3.0(9a00c87b7ffdb01cfb5a0d6e76556146196babb8_1463071327) IntelDeflater
INFO	2016-05-19 12:05:18	MarkDuplicates	Start of doWork freeMemory: 502229360; totalMemory: 506462208; maxMemory: 13362528256
INFO	2016-05-19 12:05:18	MarkDuplicates	Reading input file and constructing read end information.
INFO	2016-05-19 12:05:18	MarkDuplicates	Will retain up to 51394339 data points before spilling to disk.
INFO	2016-05-19 12:05:24	MarkDuplicates	Read     1,000,000 records.  Elapsed time: 00:00:06s.  Time for last 1,000,000:    6s.  Last read position: chr1:16,952,952
INFO	2016-05-19 12:05:24	MarkDuplicates	Tracking 3702 as yet unmatched pairs. 436 records in RAM.
INFO	2016-05-19 12:05:30	MarkDuplicates	Read     2,000,000 records.  Elapsed time: 00:00:11s.  Time for last 1,000,000:    5s.  Last read position: chr1:32,742,269
INFO	2016-05-19 12:05:30	MarkDuplicates	Tracking 6875 as yet unmatched pairs. 576 records in RAM.
INFO	2016-05-19 12:05:34	MarkDuplicates	Read     3,000,000 records.  Elapsed time: 00:00:15s.  Time for last 1,000,000:    4s.  Last read position: chr1:47,028,414
INFO	2016-05-19 12:05:34	MarkDuplicates	Tracking 10050 as yet unmatched pairs. 719 records in RAM.
INFO	2016-05-19 12:05:38	MarkDuplicates	Read     4,000,000 records.  Elapsed time: 00:00:19s.  Time for last 1,000,000:    4s.  Last read position: chr1:85,817,331
INFO	2016-05-19 12:05:38	MarkDuplicates	Tracking 14425 as yet unmatched pairs. 817 records in RAM.
INFO	2016-05-19 12:05:44	MarkDuplicates	Read     5,000,000 records.  Elapsed time: 00:00:25s.  Time for last 1,000,000:    5s.  Last read position: chr1:116,937,694
INFO	2016-05-19 12:05:44	MarkDuplicates	Tracking 18703 as yet unmatched pairs. 950 records in RAM.
INFO	2016-05-19 12:05:49	MarkDuplicates	Read     6,000,000 records.  Elapsed time: 00:00:30s.  Time for last 1,000,000:    4s.  Last read position: chr1:155,030,750
INFO	2016-05-19 12:05:49	MarkDuplicates	Tracking 23137 as yet unmatched pairs. 864 records in RAM.
INFO	2016-05-19 12:05:55	MarkDuplicates	Read     7,000,000 records.  Elapsed time: 00:00:36s.  Time for last 1,000,000:    6s.  Last read position: chr1:169,774,960
INFO	2016-05-19 12:05:55	MarkDuplicates	Tracking 25812 as yet unmatched pairs. 721 records in RAM.
INFO	2016-05-19 12:05:59	MarkDuplicates	Read     8,000,000 records.  Elapsed time: 00:00:40s.  Time for last 1,000,000:    4s.  Last read position: chr1:201,867,347
INFO	2016-05-19 12:05:59	MarkDuplicates	Tracking 29723 as yet unmatched pairs. 562 records in RAM.
INFO	2016-05-19 12:06:02	MarkDuplicates	Read     9,000,000 records.  Elapsed time: 00:00:44s.  Time for last 1,000,000:    3s.  Last read position: chr1:227,222,373
INFO	2016-05-19 12:06:02	MarkDuplicates	Tracking 33542 as yet unmatched pairs. 386 records in RAM.
INFO	2016-05-19 12:06:08	MarkDuplicates	Read    10,000,000 records.  Elapsed time: 00:00:49s.  Time for last 1,000,000:    5s.  Last read position: chr2:11,052,792
INFO	2016-05-19 12:06:08	MarkDuplicates	Tracking 37545 as yet unmatched pairs. 4589 records in RAM.
INFO	2016-05-19 12:06:12	MarkDuplicates	Read    11,000,000 records.  Elapsed time: 00:00:53s.  Time for last 1,000,000:    3s.  Last read position: chr2:38,297,891
INFO	2016-05-19 12:06:12	MarkDuplicates	Tracking 51914 as yet unmatched pairs. 3909 records in RAM.
INFO	2016-05-19 12:06:19	MarkDuplicates	Read    12,000,000 records.  Elapsed time: 00:01:00s.  Time for last 1,000,000:    7s.  Last read position: chr2:74,042,464
INFO	2016-05-19 12:06:19	MarkDuplicates	Tracking 55670 as yet unmatched pairs. 3724 records in RAM.
INFO	2016-05-19 12:06:23	MarkDuplicates	Read    13,000,000 records.  Elapsed time: 00:01:04s.  Time for last 1,000,000:    3s.  Last read position: chr2:111,397,301
INFO	2016-05-19 12:06:23	MarkDuplicates	Tracking 61554 as yet unmatched pairs. 3167 records in RAM.
INFO	2016-05-19 12:06:28	MarkDuplicates	Read    14,000,000 records.  Elapsed time: 00:01:09s.  Time for last 1,000,000:    5s.  Last read position: chr2:160,189,224
INFO	2016-05-19 12:06:28	MarkDuplicates	Tracking 67464 as yet unmatched pairs. 2247 records in RAM.
INFO	2016-05-19 12:06:32	MarkDuplicates	Read    15,000,000 records.  Elapsed time: 00:01:13s.  Time for last 1,000,000:    3s.  Last read position: chr2:183,841,468
INFO	2016-05-19 12:06:32	MarkDuplicates	Tracking 70018 as yet unmatched pairs. 1776 records in RAM.
INFO	2016-05-19 12:06:39	MarkDuplicates	Read    16,000,000 records.  Elapsed time: 00:01:20s.  Time for last 1,000,000:    7s.  Last read position: chr2:218,759,680
INFO	2016-05-19 12:06:39	MarkDuplicates	Tracking 73104 as yet unmatched pairs. 1046 records in RAM.
INFO	2016-05-19 12:06:43	MarkDuplicates	Read    17,000,000 records.  Elapsed time: 00:01:24s.  Time for last 1,000,000:    3s.  Last read position: chr2:241,439,835
INFO	2016-05-19 12:06:43	MarkDuplicates	Tracking 75510 as yet unmatched pairs. 230 records in RAM.
INFO	2016-05-19 12:06:48	MarkDuplicates	Read    18,000,000 records.  Elapsed time: 00:01:30s.  Time for last 1,000,000:    5s.  Last read position: chr3:33,135,083
INFO	2016-05-19 12:06:48	MarkDuplicates	Tracking 78262 as yet unmatched pairs. 4433 records in RAM.
INFO	2016-05-19 12:06:52	MarkDuplicates	Read    19,000,000 records.  Elapsed time: 00:01:33s.  Time for last 1,000,000:    3s.  Last read position: chr3:49,211,794
INFO	2016-05-19 12:06:52	MarkDuplicates	Tracking 80123 as yet unmatched pairs. 3956 records in RAM.
INFO	2016-05-19 12:06:55	MarkDuplicates	Read    20,000,000 records.  Elapsed time: 00:01:37s.  Time for last 1,000,000:    3s.  Last read position: chr3:73,432,562
INFO	2016-05-19 12:06:55	MarkDuplicates	Tracking 82404 as yet unmatched pairs. 3318 records in RAM.
INFO	2016-05-19 12:07:01	MarkDuplicates	Read    21,000,000 records.  Elapsed time: 00:01:42s.  Time for last 1,000,000:    5s.  Last read position: chr3:124,132,331
INFO	2016-05-19 12:07:01	MarkDuplicates	Tracking 85520 as yet unmatched pairs. 2264 records in RAM.
INFO	2016-05-19 12:07:04	MarkDuplicates	Read    22,000,000 records.  Elapsed time: 00:01:46s.  Time for last 1,000,000:    3s.  Last read position: chr3:154,147,466
INFO	2016-05-19 12:07:04	MarkDuplicates	Tracking 87790 as yet unmatched pairs. 1394 records in RAM.
INFO	2016-05-19 12:07:13	MarkDuplicates	Read    23,000,000 records.  Elapsed time: 00:01:55s.  Time for last 1,000,000:    8s.  Last read position: chr3:195,122,534
INFO	2016-05-19 12:07:13	MarkDuplicates	Tracking 90303 as yet unmatched pairs. 168 records in RAM.
INFO	2016-05-19 12:07:17	MarkDuplicates	Read    24,000,000 records.  Elapsed time: 00:01:58s.  Time for last 1,000,000:    3s.  Last read position: chr4:36,081,889
INFO	2016-05-19 12:07:17	MarkDuplicates	Tracking 92715 as yet unmatched pairs. 5688 records in RAM.
INFO	2016-05-19 12:07:22	MarkDuplicates	Read    25,000,000 records.  Elapsed time: 00:02:03s.  Time for last 1,000,000:    5s.  Last read position: chr4:77,749,355
INFO	2016-05-19 12:07:22	MarkDuplicates	Tracking 97586 as yet unmatched pairs. 3683 records in RAM.
INFO	2016-05-19 12:07:25	MarkDuplicates	Read    26,000,000 records.  Elapsed time: 00:02:07s.  Time for last 1,000,000:    3s.  Last read position: chr4:122,137,896
INFO	2016-05-19 12:07:25	MarkDuplicates	Tracking 99901 as yet unmatched pairs. 2219 records in RAM.
INFO	2016-05-19 12:07:31	MarkDuplicates	Read    27,000,000 records.  Elapsed time: 00:02:12s.  Time for last 1,000,000:    5s.  Last read position: chr4:177,142,451
INFO	2016-05-19 12:07:31	MarkDuplicates	Tracking 102433 as yet unmatched pairs. 780 records in RAM.
INFO	2016-05-19 12:07:35	MarkDuplicates	Read    28,000,000 records.  Elapsed time: 00:02:16s.  Time for last 1,000,000:    3s.  Last read position: chr5:38,942,971
INFO	2016-05-19 12:07:35	MarkDuplicates	Tracking 104665 as yet unmatched pairs. 5978 records in RAM.
INFO	2016-05-19 12:07:45	MarkDuplicates	Read    29,000,000 records.  Elapsed time: 00:02:26s.  Time for last 1,000,000:   10s.  Last read position: chr5:82,816,186
INFO	2016-05-19 12:07:45	MarkDuplicates	Tracking 106608 as yet unmatched pairs. 4284 records in RAM.
INFO	2016-05-19 12:07:48	MarkDuplicates	Read    30,000,000 records.  Elapsed time: 00:02:30s.  Time for last 1,000,000:    3s.  Last read position: chr5:135,364,639
INFO	2016-05-19 12:07:48	MarkDuplicates	Tracking 108631 as yet unmatched pairs. 2474 records in RAM.
INFO	2016-05-19 12:07:53	MarkDuplicates	Read    31,000,000 records.  Elapsed time: 00:02:34s.  Time for last 1,000,000:    4s.  Last read position: chr5:151,051,252
INFO	2016-05-19 12:07:53	MarkDuplicates	Tracking 109601 as yet unmatched pairs. 1487 records in RAM.
INFO	2016-05-19 12:07:57	MarkDuplicates	Read    32,000,000 records.  Elapsed time: 00:02:38s.  Time for last 1,000,000:    3s.  Last read position: chr6:3,267,964
INFO	2016-05-19 12:07:57	MarkDuplicates	Tracking 110785 as yet unmatched pairs. 8350 records in RAM.
INFO	2016-05-19 12:08:02	MarkDuplicates	Read    33,000,000 records.  Elapsed time: 00:02:44s.  Time for last 1,000,000:    5s.  Last read position: chr6:31,106,577
INFO	2016-05-19 12:08:02	MarkDuplicates	Tracking 111920 as yet unmatched pairs. 7009 records in RAM.
INFO	2016-05-19 12:08:06	MarkDuplicates	Read    34,000,000 records.  Elapsed time: 00:02:47s.  Time for last 1,000,000:    3s.  Last read position: chr6:42,641,991
INFO	2016-05-19 12:08:06	MarkDuplicates	Tracking 112472 as yet unmatched pairs. 5969 records in RAM.
INFO	2016-05-19 12:08:15	MarkDuplicates	Read    35,000,000 records.  Elapsed time: 00:02:56s.  Time for last 1,000,000:    9s.  Last read position: chr6:80,202,472
INFO	2016-05-19 12:08:15	MarkDuplicates	Tracking 113531 as yet unmatched pairs. 4338 records in RAM.
INFO	2016-05-19 12:08:18	MarkDuplicates	Read    36,000,000 records.  Elapsed time: 00:03:00s.  Time for last 1,000,000:    3s.  Last read position: chr6:127,837,466
INFO	2016-05-19 12:08:18	MarkDuplicates	Tracking 114912 as yet unmatched pairs. 2487 records in RAM.
INFO	2016-05-19 12:08:23	MarkDuplicates	Read    37,000,000 records.  Elapsed time: 00:03:04s.  Time for last 1,000,000:    4s.  Last read position: chr6:161,510,256
INFO	2016-05-19 12:08:23	MarkDuplicates	Tracking 115942 as yet unmatched pairs. 483 records in RAM.
INFO	2016-05-19 12:08:27	MarkDuplicates	Read    38,000,000 records.  Elapsed time: 00:03:08s.  Time for last 1,000,000:    3s.  Last read position: chr7:30,066,195
INFO	2016-05-19 12:08:27	MarkDuplicates	Tracking 116677 as yet unmatched pairs. 8025 records in RAM.
INFO	2016-05-19 12:08:32	MarkDuplicates	Read    39,000,000 records.  Elapsed time: 00:03:13s.  Time for last 1,000,000:    5s.  Last read position: chr7:75,643,061
INFO	2016-05-19 12:08:32	MarkDuplicates	Tracking 117791 as yet unmatched pairs. 5651 records in RAM.
INFO	2016-05-19 12:08:36	MarkDuplicates	Read    40,000,000 records.  Elapsed time: 00:03:17s.  Time for last 1,000,000:    3s.  Last read position: chr7:100,806,297
INFO	2016-05-19 12:08:36	MarkDuplicates	Tracking 118272 as yet unmatched pairs. 3999 records in RAM.
INFO	2016-05-19 12:08:41	MarkDuplicates	Read    41,000,000 records.  Elapsed time: 00:03:22s.  Time for last 1,000,000:    5s.  Last read position: chr7:135,368,940
INFO	2016-05-19 12:08:41	MarkDuplicates	Tracking 118989 as yet unmatched pairs. 1866 records in RAM.
INFO	2016-05-19 12:08:45	MarkDuplicates	Read    42,000,000 records.  Elapsed time: 00:03:26s.  Time for last 1,000,000:    4s.  Last read position: chr8:2,954,417
INFO	2016-05-19 12:08:45	MarkDuplicates	Tracking 119265 as yet unmatched pairs. 8288 records in RAM.
INFO	2016-05-19 12:08:56	MarkDuplicates	Read    43,000,000 records.  Elapsed time: 00:03:38s.  Time for last 1,000,000:   11s.  Last read position: chr8:38,698,011
INFO	2016-05-19 12:08:56	MarkDuplicates	Tracking 119600 as yet unmatched pairs. 6187 records in RAM.
INFO	2016-05-19 12:09:00	MarkDuplicates	Read    44,000,000 records.  Elapsed time: 00:03:42s.  Time for last 1,000,000:    3s.  Last read position: chr8:91,202,781
INFO	2016-05-19 12:09:00	MarkDuplicates	Tracking 120110 as yet unmatched pairs. 3423 records in RAM.
INFO	2016-05-19 12:09:05	MarkDuplicates	Read    45,000,000 records.  Elapsed time: 00:03:47s.  Time for last 1,000,000:    5s.  Last read position: chr8:140,740,877
INFO	2016-05-19 12:09:05	MarkDuplicates	Tracking 120358 as yet unmatched pairs. 745 records in RAM.
INFO	2016-05-19 12:09:09	MarkDuplicates	Read    46,000,000 records.  Elapsed time: 00:03:50s.  Time for last 1,000,000:    3s.  Last read position: chr9:32,434,275
INFO	2016-05-19 12:09:09	MarkDuplicates	Tracking 120230 as yet unmatched pairs. 7391 records in RAM.
INFO	2016-05-19 12:09:14	MarkDuplicates	Read    47,000,000 records.  Elapsed time: 00:03:55s.  Time for last 1,000,000:    5s.  Last read position: chr9:90,501,910
INFO	2016-05-19 12:09:14	MarkDuplicates	Tracking 120299 as yet unmatched pairs. 4495 records in RAM.
INFO	2016-05-19 12:09:17	MarkDuplicates	Read    48,000,000 records.  Elapsed time: 00:03:59s.  Time for last 1,000,000:    3s.  Last read position: chr9:119,976,550
INFO	2016-05-19 12:09:17	MarkDuplicates	Tracking 120193 as yet unmatched pairs. 2559 records in RAM.
INFO	2016-05-19 12:09:23	MarkDuplicates	Read    49,000,000 records.  Elapsed time: 00:04:04s.  Time for last 1,000,000:    5s.  Last read position: chr9:137,323,822
INFO	2016-05-19 12:09:23	MarkDuplicates	Tracking 119827 as yet unmatched pairs. 671 records in RAM.
INFO	2016-05-19 12:09:26	MarkDuplicates	Read    50,000,000 records.  Elapsed time: 00:04:08s.  Time for last 1,000,000:    3s.  Last read position: chr10:24,809,176
INFO	2016-05-19 12:09:26	MarkDuplicates	Tracking 119314 as yet unmatched pairs. 11285 records in RAM.
INFO	2016-05-19 12:09:38	MarkDuplicates	Read    51,000,000 records.  Elapsed time: 00:04:19s.  Time for last 1,000,000:   11s.  Last read position: chr10:70,840,483
INFO	2016-05-19 12:09:38	MarkDuplicates	Tracking 119023 as yet unmatched pairs. 6041 records in RAM.
INFO	2016-05-19 12:10:35	MarkDuplicates	Read    52,000,000 records.  Elapsed time: 00:05:16s.  Time for last 1,000,000:   57s.  Last read position: chr10:98,312,760
INFO	2016-05-19 12:10:35	MarkDuplicates	Tracking 118547 as yet unmatched pairs. 3882 records in RAM.
INFO	2016-05-19 12:10:39	MarkDuplicates	Read    53,000,000 records.  Elapsed time: 00:05:21s.  Time for last 1,000,000:    4s.  Last read position: chr10:123,325,030
INFO	2016-05-19 12:10:39	MarkDuplicates	Tracking 117817 as yet unmatched pairs. 1283 records in RAM.
INFO	2016-05-19 12:10:43	MarkDuplicates	Read    54,000,000 records.  Elapsed time: 00:05:25s.  Time for last 1,000,000:    3s.  Last read position: chr11:5,748,350
INFO	2016-05-19 12:10:43	MarkDuplicates	Tracking 116844 as yet unmatched pairs. 12010 records in RAM.
INFO	2016-05-19 12:10:48	MarkDuplicates	Read    55,000,000 records.  Elapsed time: 00:05:30s.  Time for last 1,000,000:    5s.  Last read position: chr11:33,569,275
INFO	2016-05-19 12:10:48	MarkDuplicates	Tracking 116094 as yet unmatched pairs. 9791 records in RAM.
INFO	2016-05-19 12:10:52	MarkDuplicates	Read    56,000,000 records.  Elapsed time: 00:05:34s.  Time for last 1,000,000:    3s.  Last read position: chr11:61,646,130
INFO	2016-05-19 12:10:52	MarkDuplicates	Tracking 115392 as yet unmatched pairs. 7305 records in RAM.
INFO	2016-05-19 12:10:57	MarkDuplicates	Read    57,000,000 records.  Elapsed time: 00:05:39s.  Time for last 1,000,000:    5s.  Last read position: chr11:68,853,165
INFO	2016-05-19 12:10:57	MarkDuplicates	Tracking 114599 as yet unmatched pairs. 5662 records in RAM.
INFO	2016-05-19 12:11:01	MarkDuplicates	Read    58,000,000 records.  Elapsed time: 00:05:42s.  Time for last 1,000,000:    3s.  Last read position: chr11:103,080,454
INFO	2016-05-19 12:11:01	MarkDuplicates	Tracking 113571 as yet unmatched pairs. 2984 records in RAM.
INFO	2016-05-19 12:11:06	MarkDuplicates	Read    59,000,000 records.  Elapsed time: 00:05:47s.  Time for last 1,000,000:    5s.  Last read position: chr11:125,453,641
INFO	2016-05-19 12:11:06	MarkDuplicates	Tracking 112636 as yet unmatched pairs. 788 records in RAM.
INFO	2016-05-19 12:11:10	MarkDuplicates	Read    60,000,000 records.  Elapsed time: 00:05:51s.  Time for last 1,000,000:    3s.  Last read position: chr12:12,291,342
INFO	2016-05-19 12:11:10	MarkDuplicates	Tracking 111667 as yet unmatched pairs. 12438 records in RAM.
INFO	2016-05-19 12:11:19	MarkDuplicates	Read    61,000,000 records.  Elapsed time: 00:06:01s.  Time for last 1,000,000:    9s.  Last read position: chr12:49,689,197
INFO	2016-05-19 12:11:19	MarkDuplicates	Tracking 110323 as yet unmatched pairs. 9415 records in RAM.
INFO	2016-05-19 12:11:23	MarkDuplicates	Read    62,000,000 records.  Elapsed time: 00:06:04s.  Time for last 1,000,000:    3s.  Last read position: chr12:57,994,099
INFO	2016-05-19 12:11:23	MarkDuplicates	Tracking 109547 as yet unmatched pairs. 7799 records in RAM.
INFO	2016-05-19 12:11:26	MarkDuplicates	Read    63,000,000 records.  Elapsed time: 00:06:08s.  Time for last 1,000,000:    3s.  Last read position: chr12:102,158,539
INFO	2016-05-19 12:11:26	MarkDuplicates	Tracking 107774 as yet unmatched pairs. 3969 records in RAM.
INFO	2016-05-19 12:11:31	MarkDuplicates	Read    64,000,000 records.  Elapsed time: 00:06:12s.  Time for last 1,000,000:    4s.  Last read position: chr12:123,200,903
INFO	2016-05-19 12:11:31	MarkDuplicates	Tracking 106249 as yet unmatched pairs. 1246 records in RAM.
INFO	2016-05-19 12:11:35	MarkDuplicates	Read    65,000,000 records.  Elapsed time: 00:06:16s.  Time for last 1,000,000:    3s.  Last read position: chr13:37,619,479
INFO	2016-05-19 12:11:35	MarkDuplicates	Tracking 104569 as yet unmatched pairs. 5631 records in RAM.
INFO	2016-05-19 12:11:40	MarkDuplicates	Read    66,000,000 records.  Elapsed time: 00:06:21s.  Time for last 1,000,000:    5s.  Last read position: chr13:103,053,960
INFO	2016-05-19 12:11:40	MarkDuplicates	Tracking 102057 as yet unmatched pairs. 1140 records in RAM.
INFO	2016-05-19 12:11:43	MarkDuplicates	Read    67,000,000 records.  Elapsed time: 00:06:25s.  Time for last 1,000,000:    3s.  Last read position: chr14:24,976,543
INFO	2016-05-19 12:11:43	MarkDuplicates	Tracking 100549 as yet unmatched pairs. 8068 records in RAM.
INFO	2016-05-19 12:11:49	MarkDuplicates	Read    68,000,000 records.  Elapsed time: 00:06:30s.  Time for last 1,000,000:    5s.  Last read position: chr14:67,810,052
INFO	2016-05-19 12:11:49	MarkDuplicates	Tracking 98312 as yet unmatched pairs. 4469 records in RAM.
INFO	2016-05-19 12:11:52	MarkDuplicates	Read    69,000,000 records.  Elapsed time: 00:06:34s.  Time for last 1,000,000:    3s.  Last read position: chr14:97,313,653
INFO	2016-05-19 12:11:52	MarkDuplicates	Tracking 96468 as yet unmatched pairs. 1427 records in RAM.
INFO	2016-05-19 12:12:02	MarkDuplicates	Read    70,000,000 records.  Elapsed time: 00:06:44s.  Time for last 1,000,000:   10s.  Last read position: chr15:40,094,321
INFO	2016-05-19 12:12:02	MarkDuplicates	Tracking 94449 as yet unmatched pairs. 8261 records in RAM.
INFO	2016-05-19 12:12:06	MarkDuplicates	Read    71,000,000 records.  Elapsed time: 00:06:47s.  Time for last 1,000,000:    3s.  Last read position: chr15:55,933,268
INFO	2016-05-19 12:12:06	MarkDuplicates	Tracking 92472 as yet unmatched pairs. 5440 records in RAM.
INFO	2016-05-19 12:12:11	MarkDuplicates	Read    72,000,000 records.  Elapsed time: 00:06:52s.  Time for last 1,000,000:    4s.  Last read position: chr15:78,486,252
INFO	2016-05-19 12:12:11	MarkDuplicates	Tracking 90391 as yet unmatched pairs. 2465 records in RAM.
INFO	2016-05-19 12:12:14	MarkDuplicates	Read    73,000,000 records.  Elapsed time: 00:06:56s.  Time for last 1,000,000:    3s.  Last read position: chr16:1,389,625
INFO	2016-05-19 12:12:14	MarkDuplicates	Tracking 88407 as yet unmatched pairs. 12831 records in RAM.
INFO	2016-05-19 12:12:21	MarkDuplicates	Read    74,000,000 records.  Elapsed time: 00:07:02s.  Time for last 1,000,000:    6s.  Last read position: chr16:20,996,563
INFO	2016-05-19 12:12:21	MarkDuplicates	Tracking 86322 as yet unmatched pairs. 10002 records in RAM.
INFO	2016-05-19 12:12:24	MarkDuplicates	Read    75,000,000 records.  Elapsed time: 00:07:06s.  Time for last 1,000,000:    3s.  Last read position: chr16:50,667,387
INFO	2016-05-19 12:12:24	MarkDuplicates	Tracking 83287 as yet unmatched pairs. 5406 records in RAM.
INFO	2016-05-19 12:12:30	MarkDuplicates	Read    76,000,000 records.  Elapsed time: 00:07:11s.  Time for last 1,000,000:    5s.  Last read position: chr16:71,674,579
INFO	2016-05-19 12:12:30	MarkDuplicates	Tracking 81212 as yet unmatched pairs. 2600 records in RAM.
INFO	2016-05-19 12:12:34	MarkDuplicates	Read    77,000,000 records.  Elapsed time: 00:07:15s.  Time for last 1,000,000:    3s.  Last read position: chr17:3,772,886
INFO	2016-05-19 12:12:34	MarkDuplicates	Tracking 78557 as yet unmatched pairs. 14497 records in RAM.
INFO	2016-05-19 12:12:39	MarkDuplicates	Read    78,000,000 records.  Elapsed time: 00:07:21s.  Time for last 1,000,000:    5s.  Last read position: chr17:15,905,205
INFO	2016-05-19 12:12:39	MarkDuplicates	Tracking 76711 as yet unmatched pairs. 12189 records in RAM.
INFO	2016-05-19 12:12:43	MarkDuplicates	Read    79,000,000 records.  Elapsed time: 00:07:24s.  Time for last 1,000,000:    3s.  Last read position: chr17:35,376,411
INFO	2016-05-19 12:12:43	MarkDuplicates	Tracking 74176 as yet unmatched pairs. 8979 records in RAM.
INFO	2016-05-19 12:12:54	MarkDuplicates	Read    80,000,000 records.  Elapsed time: 00:07:35s.  Time for last 1,000,000:   11s.  Last read position: chr17:44,833,229
INFO	2016-05-19 12:12:54	MarkDuplicates	Tracking 72262 as yet unmatched pairs. 6557 records in RAM.
INFO	2016-05-19 12:12:57	MarkDuplicates	Read    81,000,000 records.  Elapsed time: 00:07:39s.  Time for last 1,000,000:    3s.  Last read position: chr17:65,074,701
INFO	2016-05-19 12:12:57	MarkDuplicates	Tracking 69514 as yet unmatched pairs. 3168 records in RAM.
INFO	2016-05-19 12:13:02	MarkDuplicates	Read    82,000,000 records.  Elapsed time: 00:07:43s.  Time for last 1,000,000:    4s.  Last read position: chr17:79,917,391
INFO	2016-05-19 12:13:02	MarkDuplicates	Tracking 67279 as yet unmatched pairs. 413 records in RAM.
INFO	2016-05-19 12:13:06	MarkDuplicates	Read    83,000,000 records.  Elapsed time: 00:07:47s.  Time for last 1,000,000:    3s.  Last read position: chr18:42,482,129
INFO	2016-05-19 12:13:06	MarkDuplicates	Tracking 62817 as yet unmatched pairs. 3372 records in RAM.
INFO	2016-05-19 12:13:10	MarkDuplicates	Read    84,000,000 records.  Elapsed time: 00:07:51s.  Time for last 1,000,000:    3s.  Last read position: chr19:2,408,526
INFO	2016-05-19 12:13:10	MarkDuplicates	Tracking 59421 as yet unmatched pairs. 16089 records in RAM.
INFO	2016-05-19 12:13:16	MarkDuplicates	Read    85,000,000 records.  Elapsed time: 00:07:57s.  Time for last 1,000,000:    5s.  Last read position: chr19:10,798,460
INFO	2016-05-19 12:13:16	MarkDuplicates	Tracking 56810 as yet unmatched pairs. 13176 records in RAM.
INFO	2016-05-19 12:13:19	MarkDuplicates	Read    86,000,000 records.  Elapsed time: 00:08:01s.  Time for last 1,000,000:    3s.  Last read position: chr19:19,145,102
INFO	2016-05-19 12:13:19	MarkDuplicates	Tracking 54663 as yet unmatched pairs. 10787 records in RAM.
INFO	2016-05-19 12:13:25	MarkDuplicates	Read    87,000,000 records.  Elapsed time: 00:08:06s.  Time for last 1,000,000:    5s.  Last read position: chr19:39,998,522
INFO	2016-05-19 12:13:25	MarkDuplicates	Tracking 50495 as yet unmatched pairs. 6205 records in RAM.
INFO	2016-05-19 12:13:29	MarkDuplicates	Read    88,000,000 records.  Elapsed time: 00:08:10s.  Time for last 1,000,000:    3s.  Last read position: chr19:49,132,589
INFO	2016-05-19 12:13:29	MarkDuplicates	Tracking 48105 as yet unmatched pairs. 3549 records in RAM.
INFO	2016-05-19 12:13:34	MarkDuplicates	Read    89,000,000 records.  Elapsed time: 00:08:16s.  Time for last 1,000,000:    5s.  Last read position: chr19:56,436,652
INFO	2016-05-19 12:13:34	MarkDuplicates	Tracking 45545 as yet unmatched pairs. 701 records in RAM.
INFO	2016-05-19 12:13:38	MarkDuplicates	Read    90,000,000 records.  Elapsed time: 00:08:19s.  Time for last 1,000,000:    3s.  Last read position: chr20:23,065,756
INFO	2016-05-19 12:13:38	MarkDuplicates	Tracking 42745 as yet unmatched pairs. 6608 records in RAM.
INFO	2016-05-19 12:13:49	MarkDuplicates	Read    91,000,000 records.  Elapsed time: 00:08:30s.  Time for last 1,000,000:   10s.  Last read position: chr20:44,691,179
INFO	2016-05-19 12:13:49	MarkDuplicates	Tracking 39653 as yet unmatched pairs. 2763 records in RAM.
INFO	2016-05-19 12:13:52	MarkDuplicates	Read    92,000,000 records.  Elapsed time: 00:08:34s.  Time for last 1,000,000:    3s.  Last read position: chr21:30,547,229
INFO	2016-05-19 12:13:52	MarkDuplicates	Tracking 34172 as yet unmatched pairs. 3089 records in RAM.
INFO	2016-05-19 12:13:57	MarkDuplicates	Read    93,000,000 records.  Elapsed time: 00:08:39s.  Time for last 1,000,000:    5s.  Last read position: chr22:19,810,882
INFO	2016-05-19 12:13:57	MarkDuplicates	Tracking 30660 as yet unmatched pairs. 5888 records in RAM.
INFO	2016-05-19 12:14:01	MarkDuplicates	Read    94,000,000 records.  Elapsed time: 00:08:42s.  Time for last 1,000,000:    3s.  Last read position: chr22:37,492,915
INFO	2016-05-19 12:14:01	MarkDuplicates	Tracking 27667 as yet unmatched pairs. 2737 records in RAM.
INFO	2016-05-19 12:14:07	MarkDuplicates	Read    95,000,000 records.  Elapsed time: 00:08:48s.  Time for last 1,000,000:    5s.  Last read position: chrX:9,652,033
INFO	2016-05-19 12:14:07	MarkDuplicates	Tracking 24344 as yet unmatched pairs. 18055 records in RAM.
INFO	2016-05-19 12:14:11	MarkDuplicates	Read    96,000,000 records.  Elapsed time: 00:08:52s.  Time for last 1,000,000:    4s.  Last read position: chrX:48,432,873
INFO	2016-05-19 12:14:11	MarkDuplicates	Tracking 19592 as yet unmatched pairs. 13278 records in RAM.
INFO	2016-05-19 12:14:16	MarkDuplicates	Read    97,000,000 records.  Elapsed time: 00:08:57s.  Time for last 1,000,000:    5s.  Last read position: chrX:78,010,522
INFO	2016-05-19 12:14:16	MarkDuplicates	Tracking 15590 as yet unmatched pairs. 9252 records in RAM.
INFO	2016-05-19 12:14:19	MarkDuplicates	Read    98,000,000 records.  Elapsed time: 00:09:01s.  Time for last 1,000,000:    3s.  Last read position: chrX:129,168,595
INFO	2016-05-19 12:14:19	MarkDuplicates	Tracking 10126 as yet unmatched pairs. 3752 records in RAM.
INFO	2016-05-19 12:14:24	MarkDuplicates	Read 98847985 records. 0 pairs never matched.
INFO	2016-05-19 12:15:19	MarkDuplicates	After buildSortedReadEndLists freeMemory: 8298380104; totalMemory: 12118917120; maxMemory: 13362528256
INFO	2016-05-19 12:15:19	MarkDuplicates	Will retain up to 417579008 duplicate indices before spilling to disk.
INFO	2016-05-19 12:15:19	MarkDuplicates	Traversing read pair information and detecting duplicates.
INFO	2016-05-19 12:15:28	MarkDuplicates	Traversing fragment information and detecting duplicates.
INFO	2016-05-19 12:16:06	MarkDuplicates	Sorting list of duplicate records.
INFO	2016-05-19 12:16:08	MarkDuplicates	After generateDuplicateIndexes freeMemory: 6665174336; totalMemory: 10094116864; maxMemory: 13362528256
INFO	2016-05-19 12:16:08	MarkDuplicates	Marking 9756359 records as duplicates.
INFO	2016-05-19 12:16:08	MarkDuplicates	Found 2663 optical duplicate clusters.
INFO	2016-05-19 12:16:08	MarkDuplicates	Reads are assumed to be ordered by: coordinate
INFO	2016-05-19 12:18:31	MarkDuplicates	Written    10,000,000 records.  Elapsed time: 00:02:22s.  Time for last 10,000,000:  142s.  Last read position: chr2:11,052,792
INFO	2016-05-19 12:20:53	MarkDuplicates	Written    20,000,000 records.  Elapsed time: 00:04:45s.  Time for last 10,000,000:  142s.  Last read position: chr3:73,432,562
INFO	2016-05-19 12:23:12	MarkDuplicates	Written    30,000,000 records.  Elapsed time: 00:07:04s.  Time for last 10,000,000:  139s.  Last read position: chr5:135,364,639
INFO	2016-05-19 12:25:32	MarkDuplicates	Written    40,000,000 records.  Elapsed time: 00:09:23s.  Time for last 10,000,000:  139s.  Last read position: chr7:100,806,297
INFO	2016-05-19 12:27:53	MarkDuplicates	Written    50,000,000 records.  Elapsed time: 00:11:45s.  Time for last 10,000,000:  141s.  Last read position: chr10:24,809,176
INFO	2016-05-19 12:30:12	MarkDuplicates	Written    60,000,000 records.  Elapsed time: 00:14:04s.  Time for last 10,000,000:  138s.  Last read position: chr12:12,291,342
INFO	2016-05-19 12:32:30	MarkDuplicates	Written    70,000,000 records.  Elapsed time: 00:16:21s.  Time for last 10,000,000:  137s.  Last read position: chr15:40,094,321
INFO	2016-05-19 12:34:48	MarkDuplicates	Written    80,000,000 records.  Elapsed time: 00:18:39s.  Time for last 10,000,000:  138s.  Last read position: chr17:44,833,229
INFO	2016-05-19 12:37:03	MarkDuplicates	Written    90,000,000 records.  Elapsed time: 00:20:54s.  Time for last 10,000,000:  134s.  Last read position: chr20:23,065,756
INFO	2016-05-19 12:39:03	MarkDuplicates	Before output close freeMemory: 10325478736; totalMemory: 10420748288; maxMemory: 13362528256
INFO	2016-05-19 12:39:07	MarkDuplicates	After output close freeMemory: 10290350488; totalMemory: 10385620992; maxMemory: 13362528256
[Thu May 19 12:39:13 EDT 2016] picard.sam.markduplicates.MarkDuplicates done. Elapsed time: 33.93 minutes.
Runtime.totalMemory()=10385620992
[Thu May 19 12:39:14 EDT 2016] picard.sam.AddOrReplaceReadGroups INPUT=p_DS_bkm_136-N/p_DS_bkm_136-N.sorted.MarkDup.bam OUTPUT=p_DS_bkm_136-N/p_DS_bkm_136-N.sorted.MarkDup.fixed.bam SORT_ORDER=coordinate RGID=id RGLB=bar RGPL=Illumina RGPU=platform RGSM=sample1 TMP_DIR=[tmp] VALIDATION_STRINGENCY=SILENT CREATE_INDEX=true    VERBOSITY=INFO QUIET=false COMPRESSION_LEVEL=5 MAX_RECORDS_IN_RAM=500000 CREATE_MD5_FILE=false GA4GH_CLIENT_SECRETS=client_secrets.json
[Thu May 19 12:39:14 EDT 2016] Executing as abdelrahman@compute-1-15.local on Linux 2.6.32-279.14.1.el6.x86_64 amd64; Java HotSpot(TM) 64-Bit Server VM 1.8.0_45-b14; Picard version: 2.3.0(9a00c87b7ffdb01cfb5a0d6e76556146196babb8_1463071327) IntelDeflater
INFO	2016-05-19 12:39:14	AddOrReplaceReadGroups	Created read group ID=id PL=Illumina LB=bar SM=sample1

INFO	2016-05-19 12:39:28	AddOrReplaceReadGroups	Processed     1,000,000 records.  Elapsed time: 00:00:13s.  Time for last 1,000,000:   13s.  Last read position: chr1:16,952,952
INFO	2016-05-19 12:39:41	AddOrReplaceReadGroups	Processed     2,000,000 records.  Elapsed time: 00:00:26s.  Time for last 1,000,000:   12s.  Last read position: chr1:32,742,269
INFO	2016-05-19 12:39:55	AddOrReplaceReadGroups	Processed     3,000,000 records.  Elapsed time: 00:00:40s.  Time for last 1,000,000:   13s.  Last read position: chr1:47,028,414
INFO	2016-05-19 12:40:08	AddOrReplaceReadGroups	Processed     4,000,000 records.  Elapsed time: 00:00:53s.  Time for last 1,000,000:   12s.  Last read position: chr1:85,817,331
INFO	2016-05-19 12:40:20	AddOrReplaceReadGroups	Processed     5,000,000 records.  Elapsed time: 00:01:06s.  Time for last 1,000,000:   12s.  Last read position: chr1:116,937,694
INFO	2016-05-19 12:40:36	AddOrReplaceReadGroups	Processed     6,000,000 records.  Elapsed time: 00:01:22s.  Time for last 1,000,000:   16s.  Last read position: chr1:155,030,750
INFO	2016-05-19 12:40:49	AddOrReplaceReadGroups	Processed     7,000,000 records.  Elapsed time: 00:01:35s.  Time for last 1,000,000:   12s.  Last read position: chr1:169,774,960
INFO	2016-05-19 12:41:07	AddOrReplaceReadGroups	Processed     8,000,000 records.  Elapsed time: 00:01:52s.  Time for last 1,000,000:   17s.  Last read position: chr1:201,867,347
INFO	2016-05-19 12:41:21	AddOrReplaceReadGroups	Processed     9,000,000 records.  Elapsed time: 00:02:06s.  Time for last 1,000,000:   13s.  Last read position: chr1:227,222,373
INFO	2016-05-19 12:41:34	AddOrReplaceReadGroups	Processed    10,000,000 records.  Elapsed time: 00:02:19s.  Time for last 1,000,000:   13s.  Last read position: chr2:11,052,792
INFO	2016-05-19 12:41:51	AddOrReplaceReadGroups	Processed    11,000,000 records.  Elapsed time: 00:02:36s.  Time for last 1,000,000:   16s.  Last read position: chr2:38,297,891
INFO	2016-05-19 12:42:03	AddOrReplaceReadGroups	Processed    12,000,000 records.  Elapsed time: 00:02:49s.  Time for last 1,000,000:   12s.  Last read position: chr2:74,042,464
INFO	2016-05-19 12:42:19	AddOrReplaceReadGroups	Processed    13,000,000 records.  Elapsed time: 00:03:05s.  Time for last 1,000,000:   16s.  Last read position: chr2:111,397,301
INFO	2016-05-19 12:42:33	AddOrReplaceReadGroups	Processed    14,000,000 records.  Elapsed time: 00:03:18s.  Time for last 1,000,000:   13s.  Last read position: chr2:160,189,224
INFO	2016-05-19 12:42:45	AddOrReplaceReadGroups	Processed    15,000,000 records.  Elapsed time: 00:03:31s.  Time for last 1,000,000:   12s.  Last read position: chr2:183,841,468
INFO	2016-05-19 12:42:58	AddOrReplaceReadGroups	Processed    16,000,000 records.  Elapsed time: 00:03:44s.  Time for last 1,000,000:   13s.  Last read position: chr2:218,759,680
INFO	2016-05-19 12:43:12	AddOrReplaceReadGroups	Processed    17,000,000 records.  Elapsed time: 00:03:57s.  Time for last 1,000,000:   13s.  Last read position: chr2:241,439,835
INFO	2016-05-19 12:43:25	AddOrReplaceReadGroups	Processed    18,000,000 records.  Elapsed time: 00:04:10s.  Time for last 1,000,000:   13s.  Last read position: chr3:33,135,083
INFO	2016-05-19 12:43:38	AddOrReplaceReadGroups	Processed    19,000,000 records.  Elapsed time: 00:04:24s.  Time for last 1,000,000:   13s.  Last read position: chr3:49,211,794
INFO	2016-05-19 12:43:52	AddOrReplaceReadGroups	Processed    20,000,000 records.  Elapsed time: 00:04:37s.  Time for last 1,000,000:   13s.  Last read position: chr3:73,432,562
INFO	2016-05-19 12:44:06	AddOrReplaceReadGroups	Processed    21,000,000 records.  Elapsed time: 00:04:51s.  Time for last 1,000,000:   13s.  Last read position: chr3:124,132,331
INFO	2016-05-19 12:44:23	AddOrReplaceReadGroups	Processed    22,000,000 records.  Elapsed time: 00:05:08s.  Time for last 1,000,000:   17s.  Last read position: chr3:154,147,466
INFO	2016-05-19 12:44:40	AddOrReplaceReadGroups	Processed    23,000,000 records.  Elapsed time: 00:05:25s.  Time for last 1,000,000:   17s.  Last read position: chr3:195,122,534
INFO	2016-05-19 12:44:58	AddOrReplaceReadGroups	Processed    24,000,000 records.  Elapsed time: 00:05:44s.  Time for last 1,000,000:   18s.  Last read position: chr4:36,081,889
INFO	2016-05-19 12:45:14	AddOrReplaceReadGroups	Processed    25,000,000 records.  Elapsed time: 00:05:59s.  Time for last 1,000,000:   15s.  Last read position: chr4:77,749,355
INFO	2016-05-19 12:45:32	AddOrReplaceReadGroups	Processed    26,000,000 records.  Elapsed time: 00:06:17s.  Time for last 1,000,000:   18s.  Last read position: chr4:122,137,896
INFO	2016-05-19 12:45:48	AddOrReplaceReadGroups	Processed    27,000,000 records.  Elapsed time: 00:06:33s.  Time for last 1,000,000:   15s.  Last read position: chr4:177,142,451
INFO	2016-05-19 12:46:06	AddOrReplaceReadGroups	Processed    28,000,000 records.  Elapsed time: 00:06:51s.  Time for last 1,000,000:   18s.  Last read position: chr5:38,942,971
INFO	2016-05-19 12:46:20	AddOrReplaceReadGroups	Processed    29,000,000 records.  Elapsed time: 00:07:05s.  Time for last 1,000,000:   14s.  Last read position: chr5:82,816,186
INFO	2016-05-19 12:46:36	AddOrReplaceReadGroups	Processed    30,000,000 records.  Elapsed time: 00:07:21s.  Time for last 1,000,000:   16s.  Last read position: chr5:135,364,639
INFO	2016-05-19 12:46:49	AddOrReplaceReadGroups	Processed    31,000,000 records.  Elapsed time: 00:07:35s.  Time for last 1,000,000:   13s.  Last read position: chr5:151,051,252
INFO	2016-05-19 12:47:03	AddOrReplaceReadGroups	Processed    32,000,000 records.  Elapsed time: 00:07:48s.  Time for last 1,000,000:   13s.  Last read position: chr6:3,267,964
INFO	2016-05-19 12:47:16	AddOrReplaceReadGroups	Processed    33,000,000 records.  Elapsed time: 00:08:01s.  Time for last 1,000,000:   13s.  Last read position: chr6:31,106,577
INFO	2016-05-19 12:47:29	AddOrReplaceReadGroups	Processed    34,000,000 records.  Elapsed time: 00:08:15s.  Time for last 1,000,000:   13s.  Last read position: chr6:42,641,991
INFO	2016-05-19 12:47:45	AddOrReplaceReadGroups	Processed    35,000,000 records.  Elapsed time: 00:08:31s.  Time for last 1,000,000:   15s.  Last read position: chr6:80,202,472
INFO	2016-05-19 12:47:58	AddOrReplaceReadGroups	Processed    36,000,000 records.  Elapsed time: 00:08:44s.  Time for last 1,000,000:   12s.  Last read position: chr6:127,837,466
INFO	2016-05-19 12:48:14	AddOrReplaceReadGroups	Processed    37,000,000 records.  Elapsed time: 00:08:59s.  Time for last 1,000,000:   15s.  Last read position: chr6:161,510,256
INFO	2016-05-19 12:48:27	AddOrReplaceReadGroups	Processed    38,000,000 records.  Elapsed time: 00:09:13s.  Time for last 1,000,000:   13s.  Last read position: chr7:30,066,195
INFO	2016-05-19 12:48:44	AddOrReplaceReadGroups	Processed    39,000,000 records.  Elapsed time: 00:09:29s.  Time for last 1,000,000:   16s.  Last read position: chr7:75,643,061
INFO	2016-05-19 12:48:57	AddOrReplaceReadGroups	Processed    40,000,000 records.  Elapsed time: 00:09:42s.  Time for last 1,000,000:   13s.  Last read position: chr7:100,806,297
INFO	2016-05-19 12:49:13	AddOrReplaceReadGroups	Processed    41,000,000 records.  Elapsed time: 00:09:59s.  Time for last 1,000,000:   16s.  Last read position: chr7:135,368,940
INFO	2016-05-19 12:49:26	AddOrReplaceReadGroups	Processed    42,000,000 records.  Elapsed time: 00:10:12s.  Time for last 1,000,000:   13s.  Last read position: chr8:2,954,417
INFO	2016-05-19 12:49:40	AddOrReplaceReadGroups	Processed    43,000,000 records.  Elapsed time: 00:10:25s.  Time for last 1,000,000:   13s.  Last read position: chr8:38,698,011
INFO	2016-05-19 12:49:56	AddOrReplaceReadGroups	Processed    44,000,000 records.  Elapsed time: 00:10:41s.  Time for last 1,000,000:   16s.  Last read position: chr8:91,202,781
INFO	2016-05-19 12:50:09	AddOrReplaceReadGroups	Processed    45,000,000 records.  Elapsed time: 00:10:54s.  Time for last 1,000,000:   12s.  Last read position: chr8:140,740,877
INFO	2016-05-19 12:50:25	AddOrReplaceReadGroups	Processed    46,000,000 records.  Elapsed time: 00:11:11s.  Time for last 1,000,000:   16s.  Last read position: chr9:32,434,275
INFO	2016-05-19 12:50:38	AddOrReplaceReadGroups	Processed    47,000,000 records.  Elapsed time: 00:11:24s.  Time for last 1,000,000:   13s.  Last read position: chr9:90,501,910
INFO	2016-05-19 12:50:55	AddOrReplaceReadGroups	Processed    48,000,000 records.  Elapsed time: 00:11:40s.  Time for last 1,000,000:   16s.  Last read position: chr9:119,976,550
INFO	2016-05-19 12:51:09	AddOrReplaceReadGroups	Processed    49,000,000 records.  Elapsed time: 00:11:54s.  Time for last 1,000,000:   13s.  Last read position: chr9:137,323,822
INFO	2016-05-19 12:51:24	AddOrReplaceReadGroups	Processed    50,000,000 records.  Elapsed time: 00:12:10s.  Time for last 1,000,000:   15s.  Last read position: chr10:24,809,176
INFO	2016-05-19 12:51:38	AddOrReplaceReadGroups	Processed    51,000,000 records.  Elapsed time: 00:12:23s.  Time for last 1,000,000:   13s.  Last read position: chr10:70,840,483
INFO	2016-05-19 12:51:54	AddOrReplaceReadGroups	Processed    52,000,000 records.  Elapsed time: 00:12:40s.  Time for last 1,000,000:   16s.  Last read position: chr10:98,312,760
INFO	2016-05-19 12:52:08	AddOrReplaceReadGroups	Processed    53,000,000 records.  Elapsed time: 00:12:53s.  Time for last 1,000,000:   13s.  Last read position: chr10:123,325,030
INFO	2016-05-19 12:52:21	AddOrReplaceReadGroups	Processed    54,000,000 records.  Elapsed time: 00:13:06s.  Time for last 1,000,000:   13s.  Last read position: chr11:5,748,350
INFO	2016-05-19 12:52:34	AddOrReplaceReadGroups	Processed    55,000,000 records.  Elapsed time: 00:13:20s.  Time for last 1,000,000:   13s.  Last read position: chr11:33,569,275
INFO	2016-05-19 12:52:50	AddOrReplaceReadGroups	Processed    56,000,000 records.  Elapsed time: 00:13:36s.  Time for last 1,000,000:   16s.  Last read position: chr11:61,646,130
INFO	2016-05-19 12:53:04	AddOrReplaceReadGroups	Processed    57,000,000 records.  Elapsed time: 00:13:49s.  Time for last 1,000,000:   13s.  Last read position: chr11:68,853,165
INFO	2016-05-19 12:53:20	AddOrReplaceReadGroups	Processed    58,000,000 records.  Elapsed time: 00:14:06s.  Time for last 1,000,000:   16s.  Last read position: chr11:103,080,454
INFO	2016-05-19 12:53:33	AddOrReplaceReadGroups	Processed    59,000,000 records.  Elapsed time: 00:14:19s.  Time for last 1,000,000:   13s.  Last read position: chr11:125,453,641
INFO	2016-05-19 12:53:49	AddOrReplaceReadGroups	Processed    60,000,000 records.  Elapsed time: 00:14:34s.  Time for last 1,000,000:   15s.  Last read position: chr12:12,291,342
INFO	2016-05-19 12:54:02	AddOrReplaceReadGroups	Processed    61,000,000 records.  Elapsed time: 00:14:47s.  Time for last 1,000,000:   12s.  Last read position: chr12:49,689,197
INFO	2016-05-19 12:54:15	AddOrReplaceReadGroups	Processed    62,000,000 records.  Elapsed time: 00:15:00s.  Time for last 1,000,000:   13s.  Last read position: chr12:57,994,099
INFO	2016-05-19 12:54:31	AddOrReplaceReadGroups	Processed    63,000,000 records.  Elapsed time: 00:15:17s.  Time for last 1,000,000:   16s.  Last read position: chr12:102,158,539
INFO	2016-05-19 12:54:45	AddOrReplaceReadGroups	Processed    64,000,000 records.  Elapsed time: 00:15:30s.  Time for last 1,000,000:   13s.  Last read position: chr12:123,200,903
INFO	2016-05-19 12:55:01	AddOrReplaceReadGroups	Processed    65,000,000 records.  Elapsed time: 00:15:46s.  Time for last 1,000,000:   15s.  Last read position: chr13:37,619,479
INFO	2016-05-19 12:55:14	AddOrReplaceReadGroups	Processed    66,000,000 records.  Elapsed time: 00:15:59s.  Time for last 1,000,000:   13s.  Last read position: chr13:103,053,960
INFO	2016-05-19 12:55:30	AddOrReplaceReadGroups	Processed    67,000,000 records.  Elapsed time: 00:16:15s.  Time for last 1,000,000:   16s.  Last read position: chr14:24,976,543
INFO	2016-05-19 12:55:43	AddOrReplaceReadGroups	Processed    68,000,000 records.  Elapsed time: 00:16:28s.  Time for last 1,000,000:   12s.  Last read position: chr14:67,810,052
INFO	2016-05-19 12:55:57	AddOrReplaceReadGroups	Processed    69,000,000 records.  Elapsed time: 00:16:42s.  Time for last 1,000,000:   13s.  Last read position: chr14:97,313,653
INFO	2016-05-19 12:56:10	AddOrReplaceReadGroups	Processed    70,000,000 records.  Elapsed time: 00:16:55s.  Time for last 1,000,000:   13s.  Last read position: chr15:40,094,321
INFO	2016-05-19 12:56:26	AddOrReplaceReadGroups	Processed    71,000,000 records.  Elapsed time: 00:17:11s.  Time for last 1,000,000:   16s.  Last read position: chr15:55,933,268
INFO	2016-05-19 12:56:39	AddOrReplaceReadGroups	Processed    72,000,000 records.  Elapsed time: 00:17:25s.  Time for last 1,000,000:   13s.  Last read position: chr15:78,486,252
INFO	2016-05-19 12:56:56	AddOrReplaceReadGroups	Processed    73,000,000 records.  Elapsed time: 00:17:41s.  Time for last 1,000,000:   16s.  Last read position: chr16:1,389,625
INFO	2016-05-19 12:57:09	AddOrReplaceReadGroups	Processed    74,000,000 records.  Elapsed time: 00:17:55s.  Time for last 1,000,000:   13s.  Last read position: chr16:20,996,563
INFO	2016-05-19 12:57:26	AddOrReplaceReadGroups	Processed    75,000,000 records.  Elapsed time: 00:18:11s.  Time for last 1,000,000:   16s.  Last read position: chr16:50,667,387
INFO	2016-05-19 12:57:39	AddOrReplaceReadGroups	Processed    76,000,000 records.  Elapsed time: 00:18:24s.  Time for last 1,000,000:   13s.  Last read position: chr16:71,674,579
INFO	2016-05-19 12:57:55	AddOrReplaceReadGroups	Processed    77,000,000 records.  Elapsed time: 00:18:41s.  Time for last 1,000,000:   16s.  Last read position: chr17:3,772,886
INFO	2016-05-19 12:58:08	AddOrReplaceReadGroups	Processed    78,000,000 records.  Elapsed time: 00:18:54s.  Time for last 1,000,000:   12s.  Last read position: chr17:15,905,205
INFO	2016-05-19 12:58:26	AddOrReplaceReadGroups	Processed    79,000,000 records.  Elapsed time: 00:19:11s.  Time for last 1,000,000:   17s.  Last read position: chr17:35,376,411
INFO	2016-05-19 12:58:39	AddOrReplaceReadGroups	Processed    80,000,000 records.  Elapsed time: 00:19:24s.  Time for last 1,000,000:   13s.  Last read position: chr17:44,833,229
INFO	2016-05-19 12:58:55	AddOrReplaceReadGroups	Processed    81,000,000 records.  Elapsed time: 00:19:40s.  Time for last 1,000,000:   16s.  Last read position: chr17:65,074,701
INFO	2016-05-19 12:59:09	AddOrReplaceReadGroups	Processed    82,000,000 records.  Elapsed time: 00:19:54s.  Time for last 1,000,000:   13s.  Last read position: chr17:79,917,391
INFO	2016-05-19 12:59:22	AddOrReplaceReadGroups	Processed    83,000,000 records.  Elapsed time: 00:20:07s.  Time for last 1,000,000:   13s.  Last read position: chr18:42,482,129
INFO	2016-05-19 12:59:35	AddOrReplaceReadGroups	Processed    84,000,000 records.  Elapsed time: 00:20:20s.  Time for last 1,000,000:   13s.  Last read position: chr19:2,408,526
INFO	2016-05-19 12:59:49	AddOrReplaceReadGroups	Processed    85,000,000 records.  Elapsed time: 00:20:34s.  Time for last 1,000,000:   13s.  Last read position: chr19:10,798,460
INFO	2016-05-19 13:00:02	AddOrReplaceReadGroups	Processed    86,000,000 records.  Elapsed time: 00:20:47s.  Time for last 1,000,000:   13s.  Last read position: chr19:19,145,102
INFO	2016-05-19 13:00:15	AddOrReplaceReadGroups	Processed    87,000,000 records.  Elapsed time: 00:21:00s.  Time for last 1,000,000:   13s.  Last read position: chr19:39,998,522
INFO	2016-05-19 13:00:35	AddOrReplaceReadGroups	Processed    88,000,000 records.  Elapsed time: 00:21:20s.  Time for last 1,000,000:   19s.  Last read position: chr19:49,132,589
INFO	2016-05-19 13:00:48	AddOrReplaceReadGroups	Processed    89,000,000 records.  Elapsed time: 00:21:33s.  Time for last 1,000,000:   13s.  Last read position: chr19:56,436,652
INFO	2016-05-19 13:01:02	AddOrReplaceReadGroups	Processed    90,000,000 records.  Elapsed time: 00:21:47s.  Time for last 1,000,000:   13s.  Last read position: chr20:23,065,756
INFO	2016-05-19 13:01:15	AddOrReplaceReadGroups	Processed    91,000,000 records.  Elapsed time: 00:22:01s.  Time for last 1,000,000:   13s.  Last read position: chr20:44,691,179
INFO	2016-05-19 13:01:33	AddOrReplaceReadGroups	Processed    92,000,000 records.  Elapsed time: 00:22:19s.  Time for last 1,000,000:   17s.  Last read position: chr21:30,547,229
INFO	2016-05-19 13:01:47	AddOrReplaceReadGroups	Processed    93,000,000 records.  Elapsed time: 00:22:32s.  Time for last 1,000,000:   13s.  Last read position: chr22:19,810,882
INFO	2016-05-19 13:02:00	AddOrReplaceReadGroups	Processed    94,000,000 records.  Elapsed time: 00:22:45s.  Time for last 1,000,000:   13s.  Last read position: chr22:37,492,915
INFO	2016-05-19 13:02:13	AddOrReplaceReadGroups	Processed    95,000,000 records.  Elapsed time: 00:22:58s.  Time for last 1,000,000:   13s.  Last read position: chrX:9,652,033
INFO	2016-05-19 13:02:30	AddOrReplaceReadGroups	Processed    96,000,000 records.  Elapsed time: 00:23:15s.  Time for last 1,000,000:   16s.  Last read position: chrX:48,432,873
INFO	2016-05-19 13:02:43	AddOrReplaceReadGroups	Processed    97,000,000 records.  Elapsed time: 00:23:28s.  Time for last 1,000,000:   13s.  Last read position: chrX:78,010,522
INFO	2016-05-19 13:02:59	AddOrReplaceReadGroups	Processed    98,000,000 records.  Elapsed time: 00:23:44s.  Time for last 1,000,000:   16s.  Last read position: chrX:129,168,595
INFO	2016-05-19 13:03:12	AddOrReplaceReadGroups	Processed    99,000,000 records.  Elapsed time: 00:23:57s.  Time for last 1,000,000:   12s.  Last read position: */*
[Thu May 19 13:03:16 EDT 2016] picard.sam.AddOrReplaceReadGroups done. Elapsed time: 24.04 minutes.
Runtime.totalMemory()=395313152
[Thu May 19 13:03:16 EDT 2016] picard.sam.FixMateInformation INPUT=[p_DS_bkm_136-N/p_DS_bkm_136-N.sorted.MarkDup.fixed.bam] OUTPUT=p_DS_bkm_136-N/p_DS_bkm_136-N.sorted.MarkDup.realn.fixed.bam SORT_ORDER=coordinate TMP_DIR=[tmp/flx] VALIDATION_STRINGENCY=LENIENT CREATE_INDEX=true    ASSUME_SORTED=false ADD_MATE_CIGAR=true IGNORE_MISSING_MATES=true VERBOSITY=INFO QUIET=false COMPRESSION_LEVEL=5 MAX_RECORDS_IN_RAM=500000 CREATE_MD5_FILE=false GA4GH_CLIENT_SECRETS=client_secrets.json
[Thu May 19 13:03:16 EDT 2016] Executing as abdelrahman@compute-1-15.local on Linux 2.6.32-279.14.1.el6.x86_64 amd64; Java HotSpot(TM) 64-Bit Server VM 1.8.0_45-b14; Picard version: 2.3.0(9a00c87b7ffdb01cfb5a0d6e76556146196babb8_1463071327) IntelDeflater
INFO	2016-05-19 13:03:17	FixMateInformation	Sorting input into queryname order.
INFO	2016-05-19 13:21:39	FixMateInformation	Sorting by queryname complete.
INFO	2016-05-19 13:21:39	FixMateInformation	Output will be sorted by coordinate
INFO	2016-05-19 13:21:39	FixMateInformation	Traversing query name sorted records and fixing up mate pair information.
INFO	2016-05-19 13:21:48	FixMateInformation	Processed     1,000,000 records.  Elapsed time: 00:00:08s.  Time for last 1,000,000:    8s.  Last read position: chr3:51,910,965
INFO	2016-05-19 13:22:00	FixMateInformation	Processed     2,000,000 records.  Elapsed time: 00:00:20s.  Time for last 1,000,000:   12s.  Last read position: chr10:72,298,580
INFO	2016-05-19 13:22:13	FixMateInformation	Processed     3,000,000 records.  Elapsed time: 00:00:33s.  Time for last 1,000,000:   13s.  Last read position: chr20:39,980,754
INFO	2016-05-19 13:22:25	FixMateInformation	Processed     4,000,000 records.  Elapsed time: 00:00:46s.  Time for last 1,000,000:   12s.  Last read position: chr10:49,609,775
INFO	2016-05-19 13:22:38	FixMateInformation	Processed     5,000,000 records.  Elapsed time: 00:00:58s.  Time for last 1,000,000:   12s.  Last read position: chr19:38,377,093
INFO	2016-05-19 13:22:50	FixMateInformation	Processed     6,000,000 records.  Elapsed time: 00:01:10s.  Time for last 1,000,000:   12s.  Last read position: chr16:68,711,973
INFO	2016-05-19 13:23:02	FixMateInformation	Processed     7,000,000 records.  Elapsed time: 00:01:22s.  Time for last 1,000,000:   12s.  Last read position: chr8:62,191,644
INFO	2016-05-19 13:23:14	FixMateInformation	Processed     8,000,000 records.  Elapsed time: 00:01:34s.  Time for last 1,000,000:   12s.  Last read position: chr12:53,910,972
INFO	2016-05-19 13:23:26	FixMateInformation	Processed     9,000,000 records.  Elapsed time: 00:01:46s.  Time for last 1,000,000:   12s.  Last read position: chr8:98,817,753
INFO	2016-05-19 13:23:38	FixMateInformation	Processed    10,000,000 records.  Elapsed time: 00:01:59s.  Time for last 1,000,000:   12s.  Last read position: chr17:227,327
INFO	2016-05-19 13:23:52	FixMateInformation	Processed    11,000,000 records.  Elapsed time: 00:02:13s.  Time for last 1,000,000:   13s.  Last read position: chr2:54,041,859
INFO	2016-05-19 13:24:05	FixMateInformation	Processed    12,000,000 records.  Elapsed time: 00:02:26s.  Time for last 1,000,000:   12s.  Last read position: chr16:53,503,875
INFO	2016-05-19 13:24:18	FixMateInformation	Processed    13,000,000 records.  Elapsed time: 00:02:38s.  Time for last 1,000,000:   12s.  Last read position: chr15:101,813,181
INFO	2016-05-19 13:24:31	FixMateInformation	Processed    14,000,000 records.  Elapsed time: 00:02:51s.  Time for last 1,000,000:   13s.  Last read position: chr13:29,598,757
INFO	2016-05-19 13:24:44	FixMateInformation	Processed    15,000,000 records.  Elapsed time: 00:03:04s.  Time for last 1,000,000:   13s.  Last read position: chr2:179,436,446
INFO	2016-05-19 13:24:56	FixMateInformation	Processed    16,000,000 records.  Elapsed time: 00:03:17s.  Time for last 1,000,000:   12s.  Last read position: chr6:139,363,889
INFO	2016-05-19 13:25:10	FixMateInformation	Processed    17,000,000 records.  Elapsed time: 00:03:30s.  Time for last 1,000,000:   13s.  Last read position: chr21:34,537,683
INFO	2016-05-19 13:25:23	FixMateInformation	Processed    18,000,000 records.  Elapsed time: 00:03:43s.  Time for last 1,000,000:   13s.  Last read position: chr3:33,600,575
INFO	2016-05-19 13:25:35	FixMateInformation	Processed    19,000,000 records.  Elapsed time: 00:03:55s.  Time for last 1,000,000:   12s.  Last read position: chr15:36,485,742
INFO	2016-05-19 13:25:48	FixMateInformation	Processed    20,000,000 records.  Elapsed time: 00:04:09s.  Time for last 1,000,000:   13s.  Last read position: chr19:11,916,675
INFO	2016-05-19 13:26:02	FixMateInformation	Processed    21,000,000 records.  Elapsed time: 00:04:22s.  Time for last 1,000,000:   13s.  Last read position: chr9:84,529,970
INFO	2016-05-19 13:26:14	FixMateInformation	Processed    22,000,000 records.  Elapsed time: 00:04:34s.  Time for last 1,000,000:   12s.  Last read position: chr8:133,022,937
INFO	2016-05-19 13:26:26	FixMateInformation	Processed    23,000,000 records.  Elapsed time: 00:04:46s.  Time for last 1,000,000:   12s.  Last read position: chr2:75,421,433
INFO	2016-05-19 13:26:39	FixMateInformation	Processed    24,000,000 records.  Elapsed time: 00:04:59s.  Time for last 1,000,000:   13s.  Last read position: chr9:139,904,693
INFO	2016-05-19 13:26:52	FixMateInformation	Processed    25,000,000 records.  Elapsed time: 00:05:12s.  Time for last 1,000,000:   12s.  Last read position: chr7:99,786,015
INFO	2016-05-19 13:27:04	FixMateInformation	Processed    26,000,000 records.  Elapsed time: 00:05:24s.  Time for last 1,000,000:   12s.  Last read position: chr9:2,028,980
INFO	2016-05-19 13:27:17	FixMateInformation	Processed    27,000,000 records.  Elapsed time: 00:05:37s.  Time for last 1,000,000:   12s.  Last read position: chr5:71,479,555
INFO	2016-05-19 13:27:29	FixMateInformation	Processed    28,000,000 records.  Elapsed time: 00:05:49s.  Time for last 1,000,000:   12s.  Last read position: chr1:203,668,430
INFO	2016-05-19 13:27:41	FixMateInformation	Processed    29,000,000 records.  Elapsed time: 00:06:02s.  Time for last 1,000,000:   12s.  Last read position: chr12:51,636,301
INFO	2016-05-19 13:27:54	FixMateInformation	Processed    30,000,000 records.  Elapsed time: 00:06:14s.  Time for last 1,000,000:   12s.  Last read position: chr10:105,048,504
INFO	2016-05-19 13:28:07	FixMateInformation	Processed    31,000,000 records.  Elapsed time: 00:06:27s.  Time for last 1,000,000:   13s.  Last read position: chr2:54,362,482
INFO	2016-05-19 13:28:20	FixMateInformation	Processed    32,000,000 records.  Elapsed time: 00:06:40s.  Time for last 1,000,000:   12s.  Last read position: chr19:50,100,723
INFO	2016-05-19 13:28:32	FixMateInformation	Processed    33,000,000 records.  Elapsed time: 00:06:52s.  Time for last 1,000,000:   12s.  Last read position: chr12:49,919,824
INFO	2016-05-19 13:28:44	FixMateInformation	Processed    34,000,000 records.  Elapsed time: 00:07:05s.  Time for last 1,000,000:   12s.  Last read position: chr3:121,179,018
INFO	2016-05-19 13:28:57	FixMateInformation	Processed    35,000,000 records.  Elapsed time: 00:07:17s.  Time for last 1,000,000:   12s.  Last read position: chr2:201,680,266
INFO	2016-05-19 13:29:09	FixMateInformation	Processed    36,000,000 records.  Elapsed time: 00:07:29s.  Time for last 1,000,000:   12s.  Last read position: chr12:12,672,967
INFO	2016-05-19 13:29:21	FixMateInformation	Processed    37,000,000 records.  Elapsed time: 00:07:41s.  Time for last 1,000,000:   12s.  Last read position: chr4:15,511,789
INFO	2016-05-19 13:29:34	FixMateInformation	Processed    38,000,000 records.  Elapsed time: 00:07:55s.  Time for last 1,000,000:   13s.  Last read position: chr1:161,008,893
INFO	2016-05-19 13:29:47	FixMateInformation	Processed    39,000,000 records.  Elapsed time: 00:08:07s.  Time for last 1,000,000:   12s.  Last read position: chrX:27,998,446
INFO	2016-05-19 13:30:00	FixMateInformation	Processed    40,000,000 records.  Elapsed time: 00:08:20s.  Time for last 1,000,000:   12s.  Last read position: chrX:102,529,441
INFO	2016-05-19 13:30:13	FixMateInformation	Processed    41,000,000 records.  Elapsed time: 00:08:33s.  Time for last 1,000,000:   13s.  Last read position: chr1:43,913,638
INFO	2016-05-19 13:30:26	FixMateInformation	Processed    42,000,000 records.  Elapsed time: 00:08:46s.  Time for last 1,000,000:   12s.  Last read position: chr8:7,147,529
INFO	2016-05-19 13:30:38	FixMateInformation	Processed    43,000,000 records.  Elapsed time: 00:08:59s.  Time for last 1,000,000:   12s.  Last read position: chr16:75,472,735
INFO	2016-05-19 13:30:51	FixMateInformation	Processed    44,000,000 records.  Elapsed time: 00:09:11s.  Time for last 1,000,000:   12s.  Last read position: chr12:47,170,621
INFO	2016-05-19 13:31:04	FixMateInformation	Processed    45,000,000 records.  Elapsed time: 00:09:24s.  Time for last 1,000,000:   12s.  Last read position: chr11:10,011,167
INFO	2016-05-19 13:31:16	FixMateInformation	Processed    46,000,000 records.  Elapsed time: 00:09:36s.  Time for last 1,000,000:   12s.  Last read position: chr17:3,772,867
INFO	2016-05-19 13:31:29	FixMateInformation	Processed    47,000,000 records.  Elapsed time: 00:09:49s.  Time for last 1,000,000:   12s.  Last read position: chr6:133,091,244
INFO	2016-05-19 13:31:42	FixMateInformation	Processed    48,000,000 records.  Elapsed time: 00:10:02s.  Time for last 1,000,000:   12s.  Last read position: chr6:44,150,680
INFO	2016-05-19 13:31:55	FixMateInformation	Processed    49,000,000 records.  Elapsed time: 00:10:15s.  Time for last 1,000,000:   13s.  Last read position: chr15:74,325,895
INFO	2016-05-19 13:32:08	FixMateInformation	Processed    50,000,000 records.  Elapsed time: 00:10:28s.  Time for last 1,000,000:   13s.  Last read position: chr6:70,979,930
INFO	2016-05-19 13:32:21	FixMateInformation	Processed    51,000,000 records.  Elapsed time: 00:10:41s.  Time for last 1,000,000:   12s.  Last read position: chr2:27,804,082
INFO	2016-05-19 13:32:33	FixMateInformation	Processed    52,000,000 records.  Elapsed time: 00:10:54s.  Time for last 1,000,000:   12s.  Last read position: chr19:58,870,007
INFO	2016-05-19 13:32:47	FixMateInformation	Processed    53,000,000 records.  Elapsed time: 00:11:07s.  Time for last 1,000,000:   13s.  Last read position: chr17:80,037,317
INFO	2016-05-19 13:33:00	FixMateInformation	Processed    54,000,000 records.  Elapsed time: 00:11:20s.  Time for last 1,000,000:   13s.  Last read position: chr4:148,407,080
INFO	2016-05-19 13:33:13	FixMateInformation	Processed    55,000,000 records.  Elapsed time: 00:11:33s.  Time for last 1,000,000:   12s.  Last read position: chrX:50,377,987
INFO	2016-05-19 13:33:32	FixMateInformation	Processed    56,000,000 records.  Elapsed time: 00:11:52s.  Time for last 1,000,000:   18s.  Last read position: chr18:61,264,529
INFO	2016-05-19 13:33:44	FixMateInformation	Processed    57,000,000 records.  Elapsed time: 00:12:04s.  Time for last 1,000,000:   12s.  Last read position: chr10:79,397,080
INFO	2016-05-19 13:33:58	FixMateInformation	Processed    58,000,000 records.  Elapsed time: 00:12:18s.  Time for last 1,000,000:   13s.  Last read position: chr4:187,554,899
INFO	2016-05-19 13:34:11	FixMateInformation	Processed    59,000,000 records.  Elapsed time: 00:12:31s.  Time for last 1,000,000:   12s.  Last read position: chr12:121,598,746
INFO	2016-05-19 13:34:23	FixMateInformation	Processed    60,000,000 records.  Elapsed time: 00:12:43s.  Time for last 1,000,000:   12s.  Last read position: chr7:65,619,987
INFO	2016-05-19 13:34:35	FixMateInformation	Processed    61,000,000 records.  Elapsed time: 00:12:55s.  Time for last 1,000,000:   12s.  Last read position: chr1:108,299,857
INFO	2016-05-19 13:34:47	FixMateInformation	Processed    62,000,000 records.  Elapsed time: 00:13:07s.  Time for last 1,000,000:   12s.  Last read position: chr11:94,592,809
INFO	2016-05-19 13:35:00	FixMateInformation	Processed    63,000,000 records.  Elapsed time: 00:13:20s.  Time for last 1,000,000:   12s.  Last read position: chr6:95,173,885
INFO	2016-05-19 13:35:12	FixMateInformation	Processed    64,000,000 records.  Elapsed time: 00:13:32s.  Time for last 1,000,000:   12s.  Last read position: chr1:111,217,121
INFO	2016-05-19 13:35:24	FixMateInformation	Processed    65,000,000 records.  Elapsed time: 00:13:45s.  Time for last 1,000,000:   12s.  Last read position: chr14:20,666,080
INFO	2016-05-19 13:35:37	FixMateInformation	Processed    66,000,000 records.  Elapsed time: 00:13:57s.  Time for last 1,000,000:   12s.  Last read position: chr14:97,009,089
INFO	2016-05-19 13:35:50	FixMateInformation	Processed    67,000,000 records.  Elapsed time: 00:14:10s.  Time for last 1,000,000:   12s.  Last read position: chr11:61,541,372
INFO	2016-05-19 13:36:03	FixMateInformation	Processed    68,000,000 records.  Elapsed time: 00:14:23s.  Time for last 1,000,000:   13s.  Last read position: chr17:48,752,825
INFO	2016-05-19 13:36:16	FixMateInformation	Processed    69,000,000 records.  Elapsed time: 00:14:36s.  Time for last 1,000,000:   12s.  Last read position: chr2:101,925,059
INFO	2016-05-19 13:36:29	FixMateInformation	Processed    70,000,000 records.  Elapsed time: 00:14:50s.  Time for last 1,000,000:   13s.  Last read position: chr6:37,336,776
INFO	2016-05-19 13:36:43	FixMateInformation	Processed    71,000,000 records.  Elapsed time: 00:15:03s.  Time for last 1,000,000:   13s.  Last read position: chr11:61,048,248
INFO	2016-05-19 13:36:57	FixMateInformation	Processed    72,000,000 records.  Elapsed time: 00:15:18s.  Time for last 1,000,000:   14s.  Last read position: chr7:40,608,554
INFO	2016-05-19 13:37:11	FixMateInformation	Processed    73,000,000 records.  Elapsed time: 00:15:31s.  Time for last 1,000,000:   13s.  Last read position: chr15:30,029,478
INFO	2016-05-19 13:37:25	FixMateInformation	Processed    74,000,000 records.  Elapsed time: 00:15:45s.  Time for last 1,000,000:   13s.  Last read position: chr1:210,273,527
INFO	2016-05-19 13:37:38	FixMateInformation	Processed    75,000,000 records.  Elapsed time: 00:15:58s.  Time for last 1,000,000:   13s.  Last read position: chr1:153,177,394
INFO	2016-05-19 13:37:52	FixMateInformation	Processed    76,000,000 records.  Elapsed time: 00:16:12s.  Time for last 1,000,000:   14s.  Last read position: chr4:149,682,172
INFO	2016-05-19 13:38:05	FixMateInformation	Processed    77,000,000 records.  Elapsed time: 00:16:26s.  Time for last 1,000,000:   13s.  Last read position: chr9:140,123,268
INFO	2016-05-19 13:38:21	FixMateInformation	Processed    78,000,000 records.  Elapsed time: 00:16:41s.  Time for last 1,000,000:   15s.  Last read position: chr17:80,684,928
INFO	2016-05-19 13:38:35	FixMateInformation	Processed    79,000,000 records.  Elapsed time: 00:16:55s.  Time for last 1,000,000:   14s.  Last read position: chr1:12,008,131
INFO	2016-05-19 13:38:49	FixMateInformation	Processed    80,000,000 records.  Elapsed time: 00:17:09s.  Time for last 1,000,000:   14s.  Last read position: chr16:57,153,420
INFO	2016-05-19 13:39:04	FixMateInformation	Processed    81,000,000 records.  Elapsed time: 00:17:24s.  Time for last 1,000,000:   15s.  Last read position: chr19:53,818,710
INFO	2016-05-19 13:39:18	FixMateInformation	Processed    82,000,000 records.  Elapsed time: 00:17:38s.  Time for last 1,000,000:   13s.  Last read position: chr5:160,973,606
INFO	2016-05-19 13:39:33	FixMateInformation	Processed    83,000,000 records.  Elapsed time: 00:17:53s.  Time for last 1,000,000:   14s.  Last read position: chr16:4,730,049
INFO	2016-05-19 13:39:53	FixMateInformation	Processed    84,000,000 records.  Elapsed time: 00:18:14s.  Time for last 1,000,000:   20s.  Last read position: chr15:94,928,633
INFO	2016-05-19 13:40:16	FixMateInformation	Processed    85,000,000 records.  Elapsed time: 00:18:37s.  Time for last 1,000,000:   23s.  Last read position: chr16:29,998,600
INFO	2016-05-19 13:40:30	FixMateInformation	Processed    86,000,000 records.  Elapsed time: 00:18:51s.  Time for last 1,000,000:   13s.  Last read position: chr10:95,211,657
INFO	2016-05-19 13:40:45	FixMateInformation	Processed    87,000,000 records.  Elapsed time: 00:19:06s.  Time for last 1,000,000:   14s.  Last read position: chr11:66,456,071
INFO	2016-05-19 13:40:59	FixMateInformation	Processed    88,000,000 records.  Elapsed time: 00:19:19s.  Time for last 1,000,000:   13s.  Last read position: chr22:40,661,340
INFO	2016-05-19 13:41:14	FixMateInformation	Processed    89,000,000 records.  Elapsed time: 00:19:35s.  Time for last 1,000,000:   15s.  Last read position: chr18:21,736,834
INFO	2016-05-19 13:41:31	FixMateInformation	Processed    90,000,000 records.  Elapsed time: 00:19:51s.  Time for last 1,000,000:   16s.  Last read position: chr19:40,354,128
INFO	2016-05-19 13:41:45	FixMateInformation	Processed    91,000,000 records.  Elapsed time: 00:20:06s.  Time for last 1,000,000:   14s.  Last read position: chr8:25,157,970
INFO	2016-05-19 13:42:03	FixMateInformation	Processed    92,000,000 records.  Elapsed time: 00:20:23s.  Time for last 1,000,000:   17s.  Last read position: chr4:36,144,088
INFO	2016-05-19 13:42:20	FixMateInformation	Processed    93,000,000 records.  Elapsed time: 00:20:41s.  Time for last 1,000,000:   17s.  Last read position: chr2:27,353,453
INFO	2016-05-19 13:42:36	FixMateInformation	Processed    94,000,000 records.  Elapsed time: 00:20:56s.  Time for last 1,000,000:   15s.  Last read position: chr13:37,723,503
INFO	2016-05-19 13:42:52	FixMateInformation	Processed    95,000,000 records.  Elapsed time: 00:21:12s.  Time for last 1,000,000:   16s.  Last read position: chr17:72,815,900
INFO	2016-05-19 13:43:12	FixMateInformation	Processed    96,000,000 records.  Elapsed time: 00:21:32s.  Time for last 1,000,000:   20s.  Last read position: chr12:6,782,469
INFO	2016-05-19 13:43:27	FixMateInformation	Processed    97,000,000 records.  Elapsed time: 00:21:48s.  Time for last 1,000,000:   15s.  Last read position: chr2:241,870,285
INFO	2016-05-19 13:43:44	FixMateInformation	Processed    98,000,000 records.  Elapsed time: 00:22:04s.  Time for last 1,000,000:   16s.  Last read position: chr1:23,392,657
INFO	2016-05-19 13:43:58	FixMateInformation	Processed    99,000,000 records.  Elapsed time: 00:22:18s.  Time for last 1,000,000:   13s.  Last read position: chr3:38,180,179
INFO	2016-05-19 13:44:10	FixMateInformation	Finished processing reads; re-sorting output file.
[Thu May 19 14:02:19 EDT 2016] picard.sam.FixMateInformation done. Elapsed time: 59.04 minutes.
Runtime.totalMemory()=1615855616
