[Mon May 16 00:18:06 EDT 2016] picard.sam.SortSam INPUT=p_DS_bkm_112-N.sam OUTPUT=p_DS_bkm_112-N/p_DS_bkm_112-N.sorted.bam SORT_ORDER=coordinate TMP_DIR=[tmp_WT] VALIDATION_STRINGENCY=LENIENT CREATE_INDEX=true    VERBOSITY=INFO QUIET=false COMPRESSION_LEVEL=5 MAX_RECORDS_IN_RAM=500000 CREATE_MD5_FILE=false GA4GH_CLIENT_SECRETS=client_secrets.json
[Mon May 16 00:18:06 EDT 2016] Executing as abdelrahman@compute-1-2.local on Linux 2.6.32-279.14.1.el6.x86_64 amd64; Java HotSpot(TM) 64-Bit Server VM 1.8.0_45-b14; Picard version: 2.3.0(9a00c87b7ffdb01cfb5a0d6e76556146196babb8_1463071327) IntelDeflater
INFO	2016-05-16 00:25:37	SortSam	Read    10,000,000 records.  Elapsed time: 00:07:28s.  Time for last 10,000,000:  448s.  Last read position: chr7:29,983,703
INFO	2016-05-16 00:35:11	SortSam	Read    20,000,000 records.  Elapsed time: 00:17:02s.  Time for last 10,000,000:  574s.  Last read position: chr17:76,732,821
INFO	2016-05-16 00:44:09	SortSam	Read    30,000,000 records.  Elapsed time: 00:26:01s.  Time for last 10,000,000:  538s.  Last read position: chr9:14,784,211
INFO	2016-05-16 00:52:27	SortSam	Read    40,000,000 records.  Elapsed time: 00:34:18s.  Time for last 10,000,000:  497s.  Last read position: chr6:133,074,433
INFO	2016-05-16 01:01:52	SortSam	Read    50,000,000 records.  Elapsed time: 00:43:44s.  Time for last 10,000,000:  565s.  Last read position: chr12:12,300,218
INFO	2016-05-16 01:11:53	SortSam	Read    60,000,000 records.  Elapsed time: 00:53:45s.  Time for last 10,000,000:  601s.  Last read position: chr20:29,652,189
INFO	2016-05-16 01:21:58	SortSam	Read    70,000,000 records.  Elapsed time: 01:03:49s.  Time for last 10,000,000:  604s.  Last read position: chr19:7,852,323
INFO	2016-05-16 01:31:16	SortSam	Read    80,000,000 records.  Elapsed time: 01:13:08s.  Time for last 10,000,000:  558s.  Last read position: chr11:17,416,019
INFO	2016-05-16 01:41:06	SortSam	Read    90,000,000 records.  Elapsed time: 01:22:58s.  Time for last 10,000,000:  589s.  Last read position: chr5:162,909,926
INFO	2016-05-16 01:49:39	SortSam	Read   100,000,000 records.  Elapsed time: 01:31:30s.  Time for last 10,000,000:  512s.  Last read position: chr17:79,080,515
INFO	2016-05-16 01:57:50	SortSam	Read   110,000,000 records.  Elapsed time: 01:39:42s.  Time for last 10,000,000:  491s.  Last read position: chr1:154,931,747
INFO	2016-05-16 02:06:27	SortSam	Read   120,000,000 records.  Elapsed time: 01:48:18s.  Time for last 10,000,000:  516s.  Last read position: chr20:43,653,563
INFO	2016-05-16 02:09:41	SortSam	Finished reading inputs, merging and writing to output now.
INFO	2016-05-16 02:18:39	SortSam	Wrote    10,000,000 records from a sorting collection.  Elapsed time: 02:00:31s.  Time for last 10,000,000:  374s.  Last read position: chr1:200,968,493
INFO	2016-05-16 02:21:24	SortSam	Wrote    20,000,000 records from a sorting collection.  Elapsed time: 02:03:16s.  Time for last 10,000,000:  165s.  Last read position: chr2:215,901,782
INFO	2016-05-16 02:27:48	SortSam	Wrote    30,000,000 records from a sorting collection.  Elapsed time: 02:09:40s.  Time for last 10,000,000:  383s.  Last read position: chr4:25,351,177
INFO	2016-05-16 02:30:27	SortSam	Wrote    40,000,000 records from a sorting collection.  Elapsed time: 02:12:19s.  Time for last 10,000,000:  159s.  Last read position: chr6:4,069,295
INFO	2016-05-16 02:33:34	SortSam	Wrote    50,000,000 records from a sorting collection.  Elapsed time: 02:15:25s.  Time for last 10,000,000:  186s.  Last read position: chr7:101,006,355
INFO	2016-05-16 02:36:14	SortSam	Wrote    60,000,000 records from a sorting collection.  Elapsed time: 02:18:06s.  Time for last 10,000,000:  160s.  Last read position: chr9:123,919,905
INFO	2016-05-16 02:40:23	SortSam	Wrote    70,000,000 records from a sorting collection.  Elapsed time: 02:22:14s.  Time for last 10,000,000:  248s.  Last read position: chr11:62,290,513
INFO	2016-05-16 02:47:39	SortSam	Wrote    80,000,000 records from a sorting collection.  Elapsed time: 02:29:31s.  Time for last 10,000,000:  436s.  Last read position: chr12:122,762,851
INFO	2016-05-16 02:52:37	SortSam	Wrote    90,000,000 records from a sorting collection.  Elapsed time: 02:34:29s.  Time for last 10,000,000:  297s.  Last read position: chr15:76,138,846
INFO	2016-05-16 02:56:26	SortSam	Wrote   100,000,000 records from a sorting collection.  Elapsed time: 02:38:18s.  Time for last 10,000,000:  229s.  Last read position: chr17:42,229,978
INFO	2016-05-16 03:02:39	SortSam	Wrote   110,000,000 records from a sorting collection.  Elapsed time: 02:44:31s.  Time for last 10,000,000:  372s.  Last read position: chr19:46,025,906
INFO	2016-05-16 03:05:23	SortSam	Wrote   120,000,000 records from a sorting collection.  Elapsed time: 02:47:15s.  Time for last 10,000,000:  164s.  Last read position: chrX:30,870,990
[Mon May 16 03:06:46 EDT 2016] picard.sam.SortSam done. Elapsed time: 168.66 minutes.
Runtime.totalMemory()=983040000
[Mon May 16 03:06:54 EDT 2016] picard.sam.markduplicates.MarkDuplicates INPUT=[p_DS_bkm_112-N/p_DS_bkm_112-N.sorted.bam] OUTPUT=p_DS_bkm_112-N/p_DS_bkm_112-N.sorted.MarkDup.bam METRICS_FILE=MarkDup_metrics TMP_DIR=[tmp] VALIDATION_STRINGENCY=SILENT CREATE_INDEX=true    MAX_SEQUENCES_FOR_DISK_READ_ENDS_MAP=50000 MAX_FILE_HANDLES_FOR_READ_ENDS_MAP=8000 SORTING_COLLECTION_SIZE_RATIO=0.25 REMOVE_SEQUENCING_DUPLICATES=false TAGGING_POLICY=DontTag REMOVE_DUPLICATES=false ASSUME_SORTED=false DUPLICATE_SCORING_STRATEGY=SUM_OF_BASE_QUALITIES PROGRAM_RECORD_ID=MarkDuplicates PROGRAM_GROUP_NAME=MarkDuplicates READ_NAME_REGEX=<optimized capture of last three ':' separated fields as numeric values> OPTICAL_DUPLICATE_PIXEL_DISTANCE=100 VERBOSITY=INFO QUIET=false COMPRESSION_LEVEL=5 MAX_RECORDS_IN_RAM=500000 CREATE_MD5_FILE=false GA4GH_CLIENT_SECRETS=client_secrets.json
[Mon May 16 03:06:54 EDT 2016] Executing as abdelrahman@compute-1-2.local on Linux 2.6.32-279.14.1.el6.x86_64 amd64; Java HotSpot(TM) 64-Bit Server VM 1.8.0_45-b14; Picard version: 2.3.0(9a00c87b7ffdb01cfb5a0d6e76556146196babb8_1463071327) IntelDeflater
INFO	2016-05-16 03:06:54	MarkDuplicates	Start of doWork freeMemory: 502229200; totalMemory: 506462208; maxMemory: 13362528256
INFO	2016-05-16 03:06:54	MarkDuplicates	Reading input file and constructing read end information.
INFO	2016-05-16 03:06:54	MarkDuplicates	Will retain up to 51394339 data points before spilling to disk.
INFO	2016-05-16 03:07:04	MarkDuplicates	Read     1,000,000 records.  Elapsed time: 00:00:09s.  Time for last 1,000,000:    9s.  Last read position: chr1:12,408,865
INFO	2016-05-16 03:07:04	MarkDuplicates	Tracking 3456 as yet unmatched pairs. 341 records in RAM.
INFO	2016-05-16 03:07:13	MarkDuplicates	Read     2,000,000 records.  Elapsed time: 00:00:18s.  Time for last 1,000,000:    9s.  Last read position: chr1:26,161,472
INFO	2016-05-16 03:07:13	MarkDuplicates	Tracking 6454 as yet unmatched pairs. 558 records in RAM.
INFO	2016-05-16 03:07:23	MarkDuplicates	Read     3,000,000 records.  Elapsed time: 00:00:28s.  Time for last 1,000,000:    9s.  Last read position: chr1:38,353,171
INFO	2016-05-16 03:07:23	MarkDuplicates	Tracking 9225 as yet unmatched pairs. 696 records in RAM.
INFO	2016-05-16 03:07:43	MarkDuplicates	Read     4,000,000 records.  Elapsed time: 00:00:47s.  Time for last 1,000,000:   19s.  Last read position: chr1:51,768,801
INFO	2016-05-16 03:07:43	MarkDuplicates	Tracking 12143 as yet unmatched pairs. 792 records in RAM.
INFO	2016-05-16 03:07:54	MarkDuplicates	Read     5,000,000 records.  Elapsed time: 00:00:58s.  Time for last 1,000,000:   10s.  Last read position: chr1:84,335,564
INFO	2016-05-16 03:07:54	MarkDuplicates	Tracking 16558 as yet unmatched pairs. 991 records in RAM.
INFO	2016-05-16 03:08:02	MarkDuplicates	Read     6,000,000 records.  Elapsed time: 00:01:07s.  Time for last 1,000,000:    8s.  Last read position: chr1:110,949,688
INFO	2016-05-16 03:08:02	MarkDuplicates	Tracking 20646 as yet unmatched pairs. 1007 records in RAM.
INFO	2016-05-16 03:08:21	MarkDuplicates	Read     7,000,000 records.  Elapsed time: 00:01:25s.  Time for last 1,000,000:   18s.  Last read position: chr1:151,076,230
INFO	2016-05-16 03:08:21	MarkDuplicates	Tracking 25462 as yet unmatched pairs. 950 records in RAM.
INFO	2016-05-16 03:08:28	MarkDuplicates	Read     8,000,000 records.  Elapsed time: 00:01:32s.  Time for last 1,000,000:    7s.  Last read position: chr1:156,815,569
INFO	2016-05-16 03:08:28	MarkDuplicates	Tracking 27712 as yet unmatched pairs. 978 records in RAM.
INFO	2016-05-16 03:08:38	MarkDuplicates	Read     9,000,000 records.  Elapsed time: 00:01:42s.  Time for last 1,000,000:    9s.  Last read position: chr1:172,051,127
INFO	2016-05-16 03:08:38	MarkDuplicates	Tracking 30397 as yet unmatched pairs. 849 records in RAM.
INFO	2016-05-16 03:08:45	MarkDuplicates	Read    10,000,000 records.  Elapsed time: 00:01:50s.  Time for last 1,000,000:    7s.  Last read position: chr1:200,968,493
INFO	2016-05-16 03:08:45	MarkDuplicates	Tracking 34305 as yet unmatched pairs. 761 records in RAM.
INFO	2016-05-16 03:08:57	MarkDuplicates	Read    11,000,000 records.  Elapsed time: 00:02:01s.  Time for last 1,000,000:   11s.  Last read position: chr1:218,480,687
INFO	2016-05-16 03:08:57	MarkDuplicates	Tracking 37070 as yet unmatched pairs. 449 records in RAM.
INFO	2016-05-16 03:09:05	MarkDuplicates	Read    12,000,000 records.  Elapsed time: 00:02:09s.  Time for last 1,000,000:    7s.  Last read position: chr1:240,071,171
INFO	2016-05-16 03:09:05	MarkDuplicates	Tracking 40701 as yet unmatched pairs. 205 records in RAM.
INFO	2016-05-16 03:09:17	MarkDuplicates	Read    13,000,000 records.  Elapsed time: 00:02:21s.  Time for last 1,000,000:   12s.  Last read position: chr2:24,522,865
INFO	2016-05-16 03:09:17	MarkDuplicates	Tracking 44793 as yet unmatched pairs. 5588 records in RAM.
INFO	2016-05-16 03:09:26	MarkDuplicates	Read    14,000,000 records.  Elapsed time: 00:02:31s.  Time for last 1,000,000:    9s.  Last read position: chr2:40,538,926
INFO	2016-05-16 03:09:26	MarkDuplicates	Tracking 63328 as yet unmatched pairs. 4505 records in RAM.
INFO	2016-05-16 03:09:37	MarkDuplicates	Read    15,000,000 records.  Elapsed time: 00:02:42s.  Time for last 1,000,000:   11s.  Last read position: chr2:71,778,758
INFO	2016-05-16 03:09:37	MarkDuplicates	Tracking 67008 as yet unmatched pairs. 4314 records in RAM.
INFO	2016-05-16 03:09:45	MarkDuplicates	Read    16,000,000 records.  Elapsed time: 00:02:50s.  Time for last 1,000,000:    8s.  Last read position: chr2:99,614,460
INFO	2016-05-16 03:09:45	MarkDuplicates	Tracking 71583 as yet unmatched pairs. 3817 records in RAM.
INFO	2016-05-16 03:10:38	MarkDuplicates	Read    17,000,000 records.  Elapsed time: 00:03:43s.  Time for last 1,000,000:   52s.  Last read position: chr2:133,402,670
INFO	2016-05-16 03:10:38	MarkDuplicates	Tracking 77424 as yet unmatched pairs. 3183 records in RAM.
INFO	2016-05-16 03:10:59	MarkDuplicates	Read    18,000,000 records.  Elapsed time: 00:04:04s.  Time for last 1,000,000:   21s.  Last read position: chr2:170,063,069
INFO	2016-05-16 03:10:59	MarkDuplicates	Tracking 80953 as yet unmatched pairs. 2566 records in RAM.
INFO	2016-05-16 03:11:10	MarkDuplicates	Read    19,000,000 records.  Elapsed time: 00:04:15s.  Time for last 1,000,000:   11s.  Last read position: chr2:189,868,090
INFO	2016-05-16 03:11:10	MarkDuplicates	Tracking 83410 as yet unmatched pairs. 2023 records in RAM.
INFO	2016-05-16 03:11:19	MarkDuplicates	Read    20,000,000 records.  Elapsed time: 00:04:24s.  Time for last 1,000,000:    8s.  Last read position: chr2:215,901,782
INFO	2016-05-16 03:11:19	MarkDuplicates	Tracking 86297 as yet unmatched pairs. 1312 records in RAM.
INFO	2016-05-16 03:11:36	MarkDuplicates	Read    21,000,000 records.  Elapsed time: 00:04:41s.  Time for last 1,000,000:   17s.  Last read position: chr2:233,898,873
INFO	2016-05-16 03:11:36	MarkDuplicates	Tracking 88582 as yet unmatched pairs. 555 records in RAM.
INFO	2016-05-16 03:11:44	MarkDuplicates	Read    22,000,000 records.  Elapsed time: 00:04:48s.  Time for last 1,000,000:    7s.  Last read position: chr3:11,600,112
INFO	2016-05-16 03:11:44	MarkDuplicates	Tracking 90577 as yet unmatched pairs. 5914 records in RAM.
INFO	2016-05-16 03:11:52	MarkDuplicates	Read    23,000,000 records.  Elapsed time: 00:04:57s.  Time for last 1,000,000:    8s.  Last read position: chr3:39,544,087
INFO	2016-05-16 03:11:52	MarkDuplicates	Tracking 93241 as yet unmatched pairs. 5307 records in RAM.
INFO	2016-05-16 03:11:59	MarkDuplicates	Read    24,000,000 records.  Elapsed time: 00:05:04s.  Time for last 1,000,000:    6s.  Last read position: chr3:49,761,106
INFO	2016-05-16 03:11:59	MarkDuplicates	Tracking 94692 as yet unmatched pairs. 4872 records in RAM.
INFO	2016-05-16 03:12:12	MarkDuplicates	Read    25,000,000 records.  Elapsed time: 00:05:17s.  Time for last 1,000,000:   13s.  Last read position: chr3:65,486,002
INFO	2016-05-16 03:12:12	MarkDuplicates	Tracking 96349 as yet unmatched pairs. 4159 records in RAM.
INFO	2016-05-16 03:12:20	MarkDuplicates	Read    26,000,000 records.  Elapsed time: 00:05:25s.  Time for last 1,000,000:    7s.  Last read position: chr3:118,922,717
INFO	2016-05-16 03:12:20	MarkDuplicates	Tracking 99913 as yet unmatched pairs. 3034 records in RAM.
INFO	2016-05-16 03:12:33	MarkDuplicates	Read    27,000,000 records.  Elapsed time: 00:05:38s.  Time for last 1,000,000:   12s.  Last read position: chr3:134,851,422
INFO	2016-05-16 03:12:33	MarkDuplicates	Tracking 101600 as yet unmatched pairs. 2300 records in RAM.
INFO	2016-05-16 03:12:39	MarkDuplicates	Read    28,000,000 records.  Elapsed time: 00:05:44s.  Time for last 1,000,000:    6s.  Last read position: chr3:170,716,106
INFO	2016-05-16 03:12:39	MarkDuplicates	Tracking 104181 as yet unmatched pairs. 1188 records in RAM.
INFO	2016-05-16 03:12:48	MarkDuplicates	Read    29,000,000 records.  Elapsed time: 00:05:53s.  Time for last 1,000,000:    8s.  Last read position: chr3:196,755,998
INFO	2016-05-16 03:12:48	MarkDuplicates	Tracking 106335 as yet unmatched pairs. 61 records in RAM.
INFO	2016-05-16 03:12:55	MarkDuplicates	Read    30,000,000 records.  Elapsed time: 00:05:59s.  Time for last 1,000,000:    6s.  Last read position: chr4:25,351,177
INFO	2016-05-16 03:12:55	MarkDuplicates	Tracking 108406 as yet unmatched pairs. 6770 records in RAM.
INFO	2016-05-16 03:13:11	MarkDuplicates	Read    31,000,000 records.  Elapsed time: 00:06:15s.  Time for last 1,000,000:   15s.  Last read position: chr4:71,068,013
INFO	2016-05-16 03:13:11	MarkDuplicates	Tracking 113343 as yet unmatched pairs. 4926 records in RAM.
INFO	2016-05-16 03:13:20	MarkDuplicates	Read    32,000,000 records.  Elapsed time: 00:06:25s.  Time for last 1,000,000:    9s.  Last read position: chr4:101,344,496
INFO	2016-05-16 03:13:20	MarkDuplicates	Tracking 115409 as yet unmatched pairs. 3479 records in RAM.
INFO	2016-05-16 03:13:27	MarkDuplicates	Read    33,000,000 records.  Elapsed time: 00:06:32s.  Time for last 1,000,000:    7s.  Last read position: chr4:144,618,368
INFO	2016-05-16 03:13:27	MarkDuplicates	Tracking 117889 as yet unmatched pairs. 2054 records in RAM.
INFO	2016-05-16 03:13:34	MarkDuplicates	Read    34,000,000 records.  Elapsed time: 00:06:39s.  Time for last 1,000,000:    6s.  Last read position: chr4:187,177,379
INFO	2016-05-16 03:13:34	MarkDuplicates	Tracking 120114 as yet unmatched pairs. 351 records in RAM.
INFO	2016-05-16 03:13:47	MarkDuplicates	Read    35,000,000 records.  Elapsed time: 00:06:51s.  Time for last 1,000,000:   12s.  Last read position: chr5:39,135,005
INFO	2016-05-16 03:13:47	MarkDuplicates	Tracking 122522 as yet unmatched pairs. 7344 records in RAM.
INFO	2016-05-16 03:13:55	MarkDuplicates	Read    36,000,000 records.  Elapsed time: 00:06:59s.  Time for last 1,000,000:    8s.  Last read position: chr5:77,452,051
INFO	2016-05-16 03:13:55	MarkDuplicates	Tracking 124288 as yet unmatched pairs. 5481 records in RAM.
INFO	2016-05-16 03:14:08	MarkDuplicates	Read    37,000,000 records.  Elapsed time: 00:07:13s.  Time for last 1,000,000:   13s.  Last read position: chr5:124,036,822
INFO	2016-05-16 03:14:08	MarkDuplicates	Tracking 126354 as yet unmatched pairs. 3642 records in RAM.
INFO	2016-05-16 03:14:16	MarkDuplicates	Read    38,000,000 records.  Elapsed time: 00:07:21s.  Time for last 1,000,000:    8s.  Last read position: chr5:140,736,029
INFO	2016-05-16 03:14:16	MarkDuplicates	Tracking 127578 as yet unmatched pairs. 2686 records in RAM.
INFO	2016-05-16 03:14:25	MarkDuplicates	Read    39,000,000 records.  Elapsed time: 00:07:29s.  Time for last 1,000,000:    8s.  Last read position: chr5:160,067,354
INFO	2016-05-16 03:14:25	MarkDuplicates	Tracking 128357 as yet unmatched pairs. 1362 records in RAM.
INFO	2016-05-16 03:14:49	MarkDuplicates	Read    40,000,000 records.  Elapsed time: 00:07:53s.  Time for last 1,000,000:   23s.  Last read position: chr6:4,069,295
INFO	2016-05-16 03:14:49	MarkDuplicates	Tracking 129426 as yet unmatched pairs. 9857 records in RAM.
INFO	2016-05-16 03:15:01	MarkDuplicates	Read    41,000,000 records.  Elapsed time: 00:08:05s.  Time for last 1,000,000:   12s.  Last read position: chr6:30,131,527
INFO	2016-05-16 03:15:01	MarkDuplicates	Tracking 130674 as yet unmatched pairs. 8467 records in RAM.
INFO	2016-05-16 03:15:09	MarkDuplicates	Read    42,000,000 records.  Elapsed time: 00:08:13s.  Time for last 1,000,000:    7s.  Last read position: chr6:35,087,175
INFO	2016-05-16 03:15:09	MarkDuplicates	Tracking 131010 as yet unmatched pairs. 7622 records in RAM.
INFO	2016-05-16 03:15:16	MarkDuplicates	Read    43,000,000 records.  Elapsed time: 00:08:21s.  Time for last 1,000,000:    7s.  Last read position: chr6:49,426,942
INFO	2016-05-16 03:15:16	MarkDuplicates	Tracking 131749 as yet unmatched pairs. 6593 records in RAM.
INFO	2016-05-16 03:15:30	MarkDuplicates	Read    44,000,000 records.  Elapsed time: 00:08:34s.  Time for last 1,000,000:   13s.  Last read position: chr6:89,050,762
INFO	2016-05-16 03:15:30	MarkDuplicates	Tracking 133100 as yet unmatched pairs. 4786 records in RAM.
INFO	2016-05-16 03:15:37	MarkDuplicates	Read    45,000,000 records.  Elapsed time: 00:08:41s.  Time for last 1,000,000:    6s.  Last read position: chr6:128,307,050
INFO	2016-05-16 03:15:37	MarkDuplicates	Tracking 134287 as yet unmatched pairs. 2972 records in RAM.
INFO	2016-05-16 03:15:45	MarkDuplicates	Read    46,000,000 records.  Elapsed time: 00:08:49s.  Time for last 1,000,000:    8s.  Last read position: chr6:157,527,332
INFO	2016-05-16 03:15:45	MarkDuplicates	Tracking 135036 as yet unmatched pairs. 1152 records in RAM.
INFO	2016-05-16 03:15:56	MarkDuplicates	Read    47,000,000 records.  Elapsed time: 00:09:00s.  Time for last 1,000,000:   10s.  Last read position: chr7:11,629,914
INFO	2016-05-16 03:15:56	MarkDuplicates	Tracking 135487 as yet unmatched pairs. 10324 records in RAM.
INFO	2016-05-16 03:16:04	MarkDuplicates	Read    48,000,000 records.  Elapsed time: 00:09:09s.  Time for last 1,000,000:    8s.  Last read position: chr7:44,737,226
INFO	2016-05-16 03:16:04	MarkDuplicates	Tracking 136388 as yet unmatched pairs. 8662 records in RAM.
INFO	2016-05-16 03:16:13	MarkDuplicates	Read    49,000,000 records.  Elapsed time: 00:09:18s.  Time for last 1,000,000:    8s.  Last read position: chr7:87,101,717
INFO	2016-05-16 03:16:13	MarkDuplicates	Tracking 137168 as yet unmatched pairs. 6112 records in RAM.
INFO	2016-05-16 03:16:27	MarkDuplicates	Read    50,000,000 records.  Elapsed time: 00:09:32s.  Time for last 1,000,000:   13s.  Last read position: chr7:101,006,355
INFO	2016-05-16 03:16:27	MarkDuplicates	Tracking 137529 as yet unmatched pairs. 4752 records in RAM.
INFO	2016-05-16 03:16:34	MarkDuplicates	Read    51,000,000 records.  Elapsed time: 00:09:39s.  Time for last 1,000,000:    7s.  Last read position: chr7:129,913,748
INFO	2016-05-16 03:16:34	MarkDuplicates	Tracking 138071 as yet unmatched pairs. 2602 records in RAM.
INFO	2016-05-16 03:18:00	MarkDuplicates	Read    52,000,000 records.  Elapsed time: 00:11:04s.  Time for last 1,000,000:   85s.  Last read position: chr7:150,500,519
INFO	2016-05-16 03:18:00	MarkDuplicates	Tracking 138523 as yet unmatched pairs. 965 records in RAM.
INFO	2016-05-16 03:18:24	MarkDuplicates	Read    53,000,000 records.  Elapsed time: 00:11:29s.  Time for last 1,000,000:   24s.  Last read position: chr8:22,056,717
INFO	2016-05-16 03:18:24	MarkDuplicates	Tracking 138719 as yet unmatched pairs. 8710 records in RAM.
INFO	2016-05-16 03:18:42	MarkDuplicates	Read    54,000,000 records.  Elapsed time: 00:11:47s.  Time for last 1,000,000:   18s.  Last read position: chr8:48,736,315
INFO	2016-05-16 03:18:42	MarkDuplicates	Tracking 139038 as yet unmatched pairs. 6573 records in RAM.
INFO	2016-05-16 03:18:48	MarkDuplicates	Read    55,000,000 records.  Elapsed time: 00:11:53s.  Time for last 1,000,000:    6s.  Last read position: chr8:94,738,660
INFO	2016-05-16 03:18:48	MarkDuplicates	Tracking 139588 as yet unmatched pairs. 4125 records in RAM.
INFO	2016-05-16 03:18:59	MarkDuplicates	Read    56,000,000 records.  Elapsed time: 00:12:03s.  Time for last 1,000,000:   10s.  Last read position: chr8:133,091,966
INFO	2016-05-16 03:18:59	MarkDuplicates	Tracking 139643 as yet unmatched pairs. 1464 records in RAM.
INFO	2016-05-16 03:19:07	MarkDuplicates	Read    57,000,000 records.  Elapsed time: 00:12:12s.  Time for last 1,000,000:    8s.  Last read position: chr9:6,887,932
INFO	2016-05-16 03:19:07	MarkDuplicates	Tracking 139319 as yet unmatched pairs. 10094 records in RAM.
INFO	2016-05-16 03:19:22	MarkDuplicates	Read    58,000,000 records.  Elapsed time: 00:12:27s.  Time for last 1,000,000:   14s.  Last read position: chr9:37,724,343
INFO	2016-05-16 03:19:22	MarkDuplicates	Tracking 139124 as yet unmatched pairs. 7784 records in RAM.
INFO	2016-05-16 03:19:32	MarkDuplicates	Read    59,000,000 records.  Elapsed time: 00:12:37s.  Time for last 1,000,000:    9s.  Last read position: chr9:99,284,715
INFO	2016-05-16 03:19:32	MarkDuplicates	Tracking 139205 as yet unmatched pairs. 4825 records in RAM.
INFO	2016-05-16 03:19:43	MarkDuplicates	Read    60,000,000 records.  Elapsed time: 00:12:47s.  Time for last 1,000,000:   10s.  Last read position: chr9:123,919,905
INFO	2016-05-16 03:19:43	MarkDuplicates	Tracking 138945 as yet unmatched pairs. 2815 records in RAM.
INFO	2016-05-16 03:19:51	MarkDuplicates	Read    61,000,000 records.  Elapsed time: 00:12:55s.  Time for last 1,000,000:    8s.  Last read position: chr9:135,545,648
INFO	2016-05-16 03:19:51	MarkDuplicates	Tracking 138517 as yet unmatched pairs. 1118 records in RAM.
INFO	2016-05-16 03:20:02	MarkDuplicates	Read    62,000,000 records.  Elapsed time: 00:13:07s.  Time for last 1,000,000:   11s.  Last read position: chr10:11,207,268
INFO	2016-05-16 03:20:02	MarkDuplicates	Tracking 138031 as yet unmatched pairs. 13533 records in RAM.
INFO	2016-05-16 03:20:18	MarkDuplicates	Read    63,000,000 records.  Elapsed time: 00:13:22s.  Time for last 1,000,000:   15s.  Last read position: chr10:45,924,135
INFO	2016-05-16 03:20:18	MarkDuplicates	Tracking 138277 as yet unmatched pairs. 8729 records in RAM.
INFO	2016-05-16 03:20:34	MarkDuplicates	Read    64,000,000 records.  Elapsed time: 00:13:39s.  Time for last 1,000,000:   16s.  Last read position: chr10:75,548,851
INFO	2016-05-16 03:20:34	MarkDuplicates	Tracking 137782 as yet unmatched pairs. 6532 records in RAM.
INFO	2016-05-16 03:20:48	MarkDuplicates	Read    65,000,000 records.  Elapsed time: 00:13:53s.  Time for last 1,000,000:   13s.  Last read position: chr10:99,437,388
INFO	2016-05-16 03:20:48	MarkDuplicates	Tracking 137130 as yet unmatched pairs. 4200 records in RAM.
INFO	2016-05-16 03:21:04	MarkDuplicates	Read    66,000,000 records.  Elapsed time: 00:14:09s.  Time for last 1,000,000:   15s.  Last read position: chr10:119,029,657
INFO	2016-05-16 03:21:04	MarkDuplicates	Tracking 136455 as yet unmatched pairs. 1963 records in RAM.
INFO	2016-05-16 03:21:18	MarkDuplicates	Read    67,000,000 records.  Elapsed time: 00:14:23s.  Time for last 1,000,000:   14s.  Last read position: chr11:1,263,618
INFO	2016-05-16 03:21:18	MarkDuplicates	Tracking 135447 as yet unmatched pairs. 14578 records in RAM.
INFO	2016-05-16 03:21:25	MarkDuplicates	Read    68,000,000 records.  Elapsed time: 00:14:29s.  Time for last 1,000,000:    6s.  Last read position: chr11:12,024,047
INFO	2016-05-16 03:21:25	MarkDuplicates	Tracking 134681 as yet unmatched pairs. 12949 records in RAM.
INFO	2016-05-16 03:21:32	MarkDuplicates	Read    69,000,000 records.  Elapsed time: 00:14:36s.  Time for last 1,000,000:    7s.  Last read position: chr11:46,406,492
INFO	2016-05-16 03:21:32	MarkDuplicates	Tracking 133673 as yet unmatched pairs. 10206 records in RAM.
INFO	2016-05-16 03:21:38	MarkDuplicates	Read    70,000,000 records.  Elapsed time: 00:14:43s.  Time for last 1,000,000:    6s.  Last read position: chr11:62,290,513
INFO	2016-05-16 03:21:38	MarkDuplicates	Tracking 133018 as yet unmatched pairs. 8349 records in RAM.
INFO	2016-05-16 03:21:46	MarkDuplicates	Read    71,000,000 records.  Elapsed time: 00:14:50s.  Time for last 1,000,000:    7s.  Last read position: chr11:66,807,121
INFO	2016-05-16 03:21:46	MarkDuplicates	Tracking 132499 as yet unmatched pairs. 7142 records in RAM.
INFO	2016-05-16 03:21:54	MarkDuplicates	Read    72,000,000 records.  Elapsed time: 00:14:59s.  Time for last 1,000,000:    8s.  Last read position: chr11:85,701,172
INFO	2016-05-16 03:21:54	MarkDuplicates	Tracking 131524 as yet unmatched pairs. 4815 records in RAM.
INFO	2016-05-16 03:22:03	MarkDuplicates	Read    73,000,000 records.  Elapsed time: 00:15:07s.  Time for last 1,000,000:    8s.  Last read position: chr11:117,054,619
INFO	2016-05-16 03:22:03	MarkDuplicates	Tracking 130435 as yet unmatched pairs. 2107 records in RAM.
INFO	2016-05-16 03:22:09	MarkDuplicates	Read    74,000,000 records.  Elapsed time: 00:15:14s.  Time for last 1,000,000:    6s.  Last read position: chr11:132,449,522
INFO	2016-05-16 03:22:09	MarkDuplicates	Tracking 129526 as yet unmatched pairs. 181 records in RAM.
INFO	2016-05-16 03:22:23	MarkDuplicates	Read    75,000,000 records.  Elapsed time: 00:15:28s.  Time for last 1,000,000:   13s.  Last read position: chr12:11,463,359
INFO	2016-05-16 03:22:23	MarkDuplicates	Tracking 128694 as yet unmatched pairs. 14548 records in RAM.
INFO	2016-05-16 03:22:31	MarkDuplicates	Read    76,000,000 records.  Elapsed time: 00:15:35s.  Time for last 1,000,000:    7s.  Last read position: chr12:48,081,619
INFO	2016-05-16 03:22:31	MarkDuplicates	Tracking 127431 as yet unmatched pairs. 11667 records in RAM.
INFO	2016-05-16 03:22:39	MarkDuplicates	Read    77,000,000 records.  Elapsed time: 00:15:43s.  Time for last 1,000,000:    7s.  Last read position: chr12:55,807,376
INFO	2016-05-16 03:22:39	MarkDuplicates	Tracking 126585 as yet unmatched pairs. 10030 records in RAM.
INFO	2016-05-16 03:22:49	MarkDuplicates	Read    78,000,000 records.  Elapsed time: 00:15:54s.  Time for last 1,000,000:   10s.  Last read position: chr12:72,008,519
INFO	2016-05-16 03:22:49	MarkDuplicates	Tracking 125189 as yet unmatched pairs. 7312 records in RAM.
INFO	2016-05-16 03:22:59	MarkDuplicates	Read    79,000,000 records.  Elapsed time: 00:16:04s.  Time for last 1,000,000:    9s.  Last read position: chr12:107,103,103
INFO	2016-05-16 03:22:59	MarkDuplicates	Tracking 123415 as yet unmatched pairs. 3930 records in RAM.
INFO	2016-05-16 03:23:15	MarkDuplicates	Read    80,000,000 records.  Elapsed time: 00:16:19s.  Time for last 1,000,000:   15s.  Last read position: chr12:122,762,851
INFO	2016-05-16 03:23:15	MarkDuplicates	Tracking 122097 as yet unmatched pairs. 1543 records in RAM.
INFO	2016-05-16 03:23:36	MarkDuplicates	Read    81,000,000 records.  Elapsed time: 00:16:40s.  Time for last 1,000,000:   20s.  Last read position: chr13:29,242,571
INFO	2016-05-16 03:23:36	MarkDuplicates	Tracking 120752 as yet unmatched pairs. 7563 records in RAM.
INFO	2016-05-16 03:23:49	MarkDuplicates	Read    82,000,000 records.  Elapsed time: 00:16:53s.  Time for last 1,000,000:   13s.  Last read position: chr13:73,336,361
INFO	2016-05-16 03:23:49	MarkDuplicates	Tracking 118431 as yet unmatched pairs. 3540 records in RAM.
INFO	2016-05-16 03:23:57	MarkDuplicates	Read    83,000,000 records.  Elapsed time: 00:17:01s.  Time for last 1,000,000:    8s.  Last read position: chr14:20,585,505
INFO	2016-05-16 03:23:57	MarkDuplicates	Tracking 116265 as yet unmatched pairs. 11001 records in RAM.
INFO	2016-05-16 03:24:10	MarkDuplicates	Read    84,000,000 records.  Elapsed time: 00:17:15s.  Time for last 1,000,000:   13s.  Last read position: chr14:35,182,505
INFO	2016-05-16 03:24:10	MarkDuplicates	Tracking 114997 as yet unmatched pairs. 8973 records in RAM.
INFO	2016-05-16 03:24:17	MarkDuplicates	Read    85,000,000 records.  Elapsed time: 00:17:22s.  Time for last 1,000,000:    7s.  Last read position: chr14:65,507,613
INFO	2016-05-16 03:24:17	MarkDuplicates	Tracking 113008 as yet unmatched pairs. 5789 records in RAM.
INFO	2016-05-16 03:24:25	MarkDuplicates	Read    86,000,000 records.  Elapsed time: 00:17:29s.  Time for last 1,000,000:    7s.  Last read position: chr14:92,264,052
INFO	2016-05-16 03:24:25	MarkDuplicates	Tracking 110908 as yet unmatched pairs. 2570 records in RAM.
INFO	2016-05-16 03:24:33	MarkDuplicates	Read    87,000,000 records.  Elapsed time: 00:17:37s.  Time for last 1,000,000:    7s.  Last read position: chr15:23,049,054
INFO	2016-05-16 03:24:33	MarkDuplicates	Tracking 109106 as yet unmatched pairs. 11611 records in RAM.
INFO	2016-05-16 03:24:41	MarkDuplicates	Read    88,000,000 records.  Elapsed time: 00:17:46s.  Time for last 1,000,000:    8s.  Last read position: chr15:42,716,208
INFO	2016-05-16 03:24:41	MarkDuplicates	Tracking 107219 as yet unmatched pairs. 8911 records in RAM.
INFO	2016-05-16 03:24:48	MarkDuplicates	Read    89,000,000 records.  Elapsed time: 00:17:53s.  Time for last 1,000,000:    7s.  Last read position: chr15:59,487,558
INFO	2016-05-16 03:24:48	MarkDuplicates	Tracking 105113 as yet unmatched pairs. 5945 records in RAM.
INFO	2016-05-16 03:24:57	MarkDuplicates	Read    90,000,000 records.  Elapsed time: 00:18:02s.  Time for last 1,000,000:    8s.  Last read position: chr15:76,138,846
INFO	2016-05-16 03:24:57	MarkDuplicates	Tracking 103255 as yet unmatched pairs. 3362 records in RAM.
INFO	2016-05-16 03:25:08	MarkDuplicates	Read    91,000,000 records.  Elapsed time: 00:18:12s.  Time for last 1,000,000:   10s.  Last read position: chr15:100,331,675
INFO	2016-05-16 03:25:08	MarkDuplicates	Tracking 101129 as yet unmatched pairs. 289 records in RAM.
INFO	2016-05-16 03:25:26	MarkDuplicates	Read    92,000,000 records.  Elapsed time: 00:18:31s.  Time for last 1,000,000:   18s.  Last read position: chr16:4,644,560
INFO	2016-05-16 03:25:26	MarkDuplicates	Tracking 99612 as yet unmatched pairs. 13456 records in RAM.
INFO	2016-05-16 03:25:33	MarkDuplicates	Read    93,000,000 records.  Elapsed time: 00:18:38s.  Time for last 1,000,000:    7s.  Last read position: chr16:27,499,802
INFO	2016-05-16 03:25:33	MarkDuplicates	Tracking 97019 as yet unmatched pairs. 10009 records in RAM.
INFO	2016-05-16 03:25:41	MarkDuplicates	Read    94,000,000 records.  Elapsed time: 00:18:46s.  Time for last 1,000,000:    8s.  Last read position: chr16:53,698,775
INFO	2016-05-16 03:25:41	MarkDuplicates	Tracking 94370 as yet unmatched pairs. 6002 records in RAM.
INFO	2016-05-16 03:25:49	MarkDuplicates	Read    95,000,000 records.  Elapsed time: 00:18:53s.  Time for last 1,000,000:    7s.  Last read position: chr16:70,498,994
INFO	2016-05-16 03:25:49	MarkDuplicates	Tracking 92371 as yet unmatched pairs. 3358 records in RAM.
INFO	2016-05-16 03:25:57	MarkDuplicates	Read    96,000,000 records.  Elapsed time: 00:19:01s.  Time for last 1,000,000:    8s.  Last read position: chr16:89,789,564
INFO	2016-05-16 03:25:57	MarkDuplicates	Tracking 90048 as yet unmatched pairs. 259 records in RAM.
INFO	2016-05-16 03:26:04	MarkDuplicates	Read    97,000,000 records.  Elapsed time: 00:19:08s.  Time for last 1,000,000:    6s.  Last read position: chr17:7,330,024
INFO	2016-05-16 03:26:04	MarkDuplicates	Tracking 88183 as yet unmatched pairs. 15405 records in RAM.
INFO	2016-05-16 03:26:10	MarkDuplicates	Read    98,000,000 records.  Elapsed time: 00:19:15s.  Time for last 1,000,000:    6s.  Last read position: chr17:18,315,168
INFO	2016-05-16 03:26:10	MarkDuplicates	Tracking 86385 as yet unmatched pairs. 13193 records in RAM.
INFO	2016-05-16 03:26:20	MarkDuplicates	Read    99,000,000 records.  Elapsed time: 00:19:24s.  Time for last 1,000,000:    9s.  Last read position: chr17:35,485,970
INFO	2016-05-16 03:26:20	MarkDuplicates	Tracking 84081 as yet unmatched pairs. 10149 records in RAM.
INFO	2016-05-16 03:26:33	MarkDuplicates	Read   100,000,000 records.  Elapsed time: 00:19:37s.  Time for last 1,000,000:   13s.  Last read position: chr17:42,229,978
INFO	2016-05-16 03:26:33	MarkDuplicates	Tracking 82465 as yet unmatched pairs. 8122 records in RAM.
INFO	2016-05-16 03:26:42	MarkDuplicates	Read   101,000,000 records.  Elapsed time: 00:19:46s.  Time for last 1,000,000:    9s.  Last read position: chr17:56,738,747
INFO	2016-05-16 03:26:42	MarkDuplicates	Tracking 80181 as yet unmatched pairs. 5326 records in RAM.
INFO	2016-05-16 03:26:47	MarkDuplicates	Read   102,000,000 records.  Elapsed time: 00:19:52s.  Time for last 1,000,000:    5s.  Last read position: chr17:73,494,791
INFO	2016-05-16 03:26:47	MarkDuplicates	Tracking 77707 as yet unmatched pairs. 2277 records in RAM.
INFO	2016-05-16 03:27:18	MarkDuplicates	Read   103,000,000 records.  Elapsed time: 00:20:22s.  Time for last 1,000,000:   30s.  Last read position: chr18:619,225
INFO	2016-05-16 03:27:18	MarkDuplicates	Tracking 75788 as yet unmatched pairs. 9467 records in RAM.
INFO	2016-05-16 03:30:01	MarkDuplicates	Read   104,000,000 records.  Elapsed time: 00:23:06s.  Time for last 1,000,000:  163s.  Last read position: chr18:34,855,146
INFO	2016-05-16 03:30:01	MarkDuplicates	Tracking 71835 as yet unmatched pairs. 4702 records in RAM.
INFO	2016-05-16 03:30:39	MarkDuplicates	Read   105,000,000 records.  Elapsed time: 00:23:44s.  Time for last 1,000,000:   37s.  Last read position: chr19:868,135
INFO	2016-05-16 03:30:39	MarkDuplicates	Tracking 67668 as yet unmatched pairs. 18591 records in RAM.
INFO	2016-05-16 03:30:53	MarkDuplicates	Read   106,000,000 records.  Elapsed time: 00:23:58s.  Time for last 1,000,000:   14s.  Last read position: chr19:7,807,912
INFO	2016-05-16 03:30:53	MarkDuplicates	Tracking 65530 as yet unmatched pairs. 16209 records in RAM.
INFO	2016-05-16 03:31:07	MarkDuplicates	Read   107,000,000 records.  Elapsed time: 00:24:11s.  Time for last 1,000,000:   13s.  Last read position: chr19:13,324,927
INFO	2016-05-16 03:31:07	MarkDuplicates	Tracking 63341 as yet unmatched pairs. 13763 records in RAM.
INFO	2016-05-16 03:31:14	MarkDuplicates	Read   108,000,000 records.  Elapsed time: 00:24:18s.  Time for last 1,000,000:    6s.  Last read position: chr19:20,406,399
INFO	2016-05-16 03:31:14	MarkDuplicates	Tracking 61308 as yet unmatched pairs. 11484 records in RAM.
INFO	2016-05-16 03:31:23	MarkDuplicates	Read   109,000,000 records.  Elapsed time: 00:24:27s.  Time for last 1,000,000:    9s.  Last read position: chr19:39,327,638
INFO	2016-05-16 03:31:23	MarkDuplicates	Tracking 57567 as yet unmatched pairs. 7321 records in RAM.
INFO	2016-05-16 03:31:33	MarkDuplicates	Read   110,000,000 records.  Elapsed time: 00:24:38s.  Time for last 1,000,000:   10s.  Last read position: chr19:46,025,906
INFO	2016-05-16 03:31:33	MarkDuplicates	Tracking 55716 as yet unmatched pairs. 5241 records in RAM.
INFO	2016-05-16 03:31:42	MarkDuplicates	Read   111,000,000 records.  Elapsed time: 00:24:46s.  Time for last 1,000,000:    8s.  Last read position: chr19:51,857,573
INFO	2016-05-16 03:31:42	MarkDuplicates	Tracking 53517 as yet unmatched pairs. 2842 records in RAM.
INFO	2016-05-16 03:31:49	MarkDuplicates	Read   112,000,000 records.  Elapsed time: 00:24:54s.  Time for last 1,000,000:    7s.  Last read position: chr19:58,361,435
INFO	2016-05-16 03:31:49	MarkDuplicates	Tracking 51243 as yet unmatched pairs. 314 records in RAM.
INFO	2016-05-16 03:31:56	MarkDuplicates	Read   113,000,000 records.  Elapsed time: 00:25:00s.  Time for last 1,000,000:    6s.  Last read position: chr20:23,360,031
INFO	2016-05-16 03:31:56	MarkDuplicates	Tracking 48281 as yet unmatched pairs. 7602 records in RAM.
INFO	2016-05-16 03:32:12	MarkDuplicates	Read   114,000,000 records.  Elapsed time: 00:25:17s.  Time for last 1,000,000:   16s.  Last read position: chr20:42,315,497
INFO	2016-05-16 03:32:12	MarkDuplicates	Tracking 45208 as yet unmatched pairs. 3764 records in RAM.
INFO	2016-05-16 03:32:20	MarkDuplicates	Read   115,000,000 records.  Elapsed time: 00:25:25s.  Time for last 1,000,000:    8s.  Last read position: chr20:61,484,138
INFO	2016-05-16 03:32:20	MarkDuplicates	Tracking 42581 as yet unmatched pairs. 855 records in RAM.
INFO	2016-05-16 03:32:28	MarkDuplicates	Read   116,000,000 records.  Elapsed time: 00:25:32s.  Time for last 1,000,000:    7s.  Last read position: chr21:40,978,156
INFO	2016-05-16 03:32:28	MarkDuplicates	Tracking 36873 as yet unmatched pairs. 1659 records in RAM.
INFO	2016-05-16 03:32:35	MarkDuplicates	Read   117,000,000 records.  Elapsed time: 00:25:39s.  Time for last 1,000,000:    7s.  Last read position: chr22:22,516,743
INFO	2016-05-16 03:33:34	MarkDuplicates	Tracking 34300 as yet unmatched pairs. 6467 records in RAM.
INFO	2016-05-16 03:33:53	MarkDuplicates	Read   118,000,000 records.  Elapsed time: 00:26:58s.  Time for last 1,000,000:   78s.  Last read position: chr22:37,163,782
INFO	2016-05-16 03:33:53	MarkDuplicates	Tracking 31440 as yet unmatched pairs. 3464 records in RAM.
INFO	2016-05-16 03:34:03	MarkDuplicates	Read   119,000,000 records.  Elapsed time: 00:27:07s.  Time for last 1,000,000:    9s.  Last read position: chr22:50,572,719
INFO	2016-05-16 03:34:03	MarkDuplicates	Tracking 28516 as yet unmatched pairs. 382 records in RAM.
INFO	2016-05-16 03:34:22	MarkDuplicates	Read   120,000,000 records.  Elapsed time: 00:27:26s.  Time for last 1,000,000:   18s.  Last read position: chrX:30,870,990
INFO	2016-05-16 03:34:22	MarkDuplicates	Tracking 24245 as yet unmatched pairs. 17874 records in RAM.
INFO	2016-05-16 03:34:27	MarkDuplicates	Read   121,000,000 records.  Elapsed time: 00:27:32s.  Time for last 1,000,000:    5s.  Last read position: chrX:54,319,673
INFO	2016-05-16 03:34:27	MarkDuplicates	Tracking 20684 as yet unmatched pairs. 14297 records in RAM.
INFO	2016-05-16 03:34:35	MarkDuplicates	Read   122,000,000 records.  Elapsed time: 00:27:40s.  Time for last 1,000,000:    8s.  Last read position: chrX:99,406,084
INFO	2016-05-16 03:34:35	MarkDuplicates	Tracking 15166 as yet unmatched pairs. 8741 records in RAM.
INFO	2016-05-16 03:34:41	MarkDuplicates	Read   123,000,000 records.  Elapsed time: 00:27:46s.  Time for last 1,000,000:    5s.  Last read position: chrX:129,058,902
INFO	2016-05-16 03:34:41	MarkDuplicates	Tracking 11029 as yet unmatched pairs. 4582 records in RAM.
INFO	2016-05-16 03:34:54	MarkDuplicates	Read   124,000,000 records.  Elapsed time: 00:27:59s.  Time for last 1,000,000:   12s.  Last read position: chrX:154,448,443
INFO	2016-05-16 03:34:54	MarkDuplicates	Tracking 6634 as yet unmatched pairs. 175 records in RAM.
INFO	2016-05-16 03:34:57	MarkDuplicates	Read 124056783 records. 0 pairs never matched.
INFO	2016-05-16 03:35:48	MarkDuplicates	After buildSortedReadEndLists freeMemory: 8478685856; totalMemory: 8569487360; maxMemory: 13362528256
INFO	2016-05-16 03:35:48	MarkDuplicates	Will retain up to 417579008 duplicate indices before spilling to disk.
INFO	2016-05-16 03:35:49	MarkDuplicates	Traversing read pair information and detecting duplicates.
INFO	2016-05-16 03:38:07	MarkDuplicates	Traversing fragment information and detecting duplicates.
INFO	2016-05-16 03:40:40	MarkDuplicates	Sorting list of duplicate records.
INFO	2016-05-16 03:40:42	MarkDuplicates	After generateDuplicateIndexes freeMemory: 7065990168; totalMemory: 10493624320; maxMemory: 13362528256
INFO	2016-05-16 03:40:42	MarkDuplicates	Marking 13246289 records as duplicates.
INFO	2016-05-16 03:40:42	MarkDuplicates	Found 2502 optical duplicate clusters.
INFO	2016-05-16 03:40:42	MarkDuplicates	Reads are assumed to be ordered by: coordinate
INFO	2016-05-16 03:43:38	MarkDuplicates	Written    10,000,000 records.  Elapsed time: 00:02:56s.  Time for last 10,000,000:  176s.  Last read position: chr1:200,968,493
INFO	2016-05-16 03:46:53	MarkDuplicates	Written    20,000,000 records.  Elapsed time: 00:06:10s.  Time for last 10,000,000:  194s.  Last read position: chr2:215,901,782
INFO	2016-05-16 03:50:03	MarkDuplicates	Written    30,000,000 records.  Elapsed time: 00:09:20s.  Time for last 10,000,000:  189s.  Last read position: chr4:25,351,177
INFO	2016-05-16 04:04:32	MarkDuplicates	Written    40,000,000 records.  Elapsed time: 00:23:49s.  Time for last 10,000,000:  868s.  Last read position: chr6:4,069,295
INFO	2016-05-16 04:07:12	MarkDuplicates	Written    50,000,000 records.  Elapsed time: 00:26:29s.  Time for last 10,000,000:  159s.  Last read position: chr7:101,006,355
INFO	2016-05-16 04:09:39	MarkDuplicates	Written    60,000,000 records.  Elapsed time: 00:28:56s.  Time for last 10,000,000:  147s.  Last read position: chr9:123,919,905
INFO	2016-05-16 04:12:16	MarkDuplicates	Written    70,000,000 records.  Elapsed time: 00:31:33s.  Time for last 10,000,000:  156s.  Last read position: chr11:62,290,513
INFO	2016-05-16 04:14:57	MarkDuplicates	Written    80,000,000 records.  Elapsed time: 00:34:14s.  Time for last 10,000,000:  160s.  Last read position: chr12:122,762,851
INFO	2016-05-16 04:17:32	MarkDuplicates	Written    90,000,000 records.  Elapsed time: 00:36:49s.  Time for last 10,000,000:  155s.  Last read position: chr15:76,138,846
INFO	2016-05-16 04:20:20	MarkDuplicates	Written   100,000,000 records.  Elapsed time: 00:39:37s.  Time for last 10,000,000:  167s.  Last read position: chr17:42,229,978
INFO	2016-05-16 04:23:10	MarkDuplicates	Written   110,000,000 records.  Elapsed time: 00:42:27s.  Time for last 10,000,000:  170s.  Last read position: chr19:46,025,906
INFO	2016-05-16 04:25:49	MarkDuplicates	Written   120,000,000 records.  Elapsed time: 00:45:07s.  Time for last 10,000,000:  159s.  Last read position: chrX:30,870,990
INFO	2016-05-16 04:27:12	MarkDuplicates	Before output close freeMemory: 10509941656; totalMemory: 10608443392; maxMemory: 13362528256
INFO	2016-05-16 04:27:16	MarkDuplicates	After output close freeMemory: 10524620768; totalMemory: 10623123456; maxMemory: 13362528256
[Mon May 16 04:27:17 EDT 2016] picard.sam.markduplicates.MarkDuplicates done. Elapsed time: 80.39 minutes.
Runtime.totalMemory()=10623123456
[Mon May 16 04:27:19 EDT 2016] picard.sam.AddOrReplaceReadGroups INPUT=p_DS_bkm_112-N/p_DS_bkm_112-N.sorted.MarkDup.bam OUTPUT=p_DS_bkm_112-N/p_DS_bkm_112-N.sorted.MarkDup.fixed.bam SORT_ORDER=coordinate RGID=id RGLB=bar RGPL=Illumina RGPU=platform RGSM=sample1 TMP_DIR=[tmp] VALIDATION_STRINGENCY=SILENT CREATE_INDEX=true    VERBOSITY=INFO QUIET=false COMPRESSION_LEVEL=5 MAX_RECORDS_IN_RAM=500000 CREATE_MD5_FILE=false GA4GH_CLIENT_SECRETS=client_secrets.json
[Mon May 16 04:27:19 EDT 2016] Executing as abdelrahman@compute-1-2.local on Linux 2.6.32-279.14.1.el6.x86_64 amd64; Java HotSpot(TM) 64-Bit Server VM 1.8.0_45-b14; Picard version: 2.3.0(9a00c87b7ffdb01cfb5a0d6e76556146196babb8_1463071327) IntelDeflater
INFO	2016-05-16 04:27:19	AddOrReplaceReadGroups	Created read group ID=id PL=Illumina LB=bar SM=sample1

INFO	2016-05-16 04:27:33	AddOrReplaceReadGroups	Processed     1,000,000 records.  Elapsed time: 00:00:13s.  Time for last 1,000,000:   13s.  Last read position: chr1:12,408,865
INFO	2016-05-16 04:27:48	AddOrReplaceReadGroups	Processed     2,000,000 records.  Elapsed time: 00:00:28s.  Time for last 1,000,000:   14s.  Last read position: chr1:26,161,472
INFO	2016-05-16 04:28:10	AddOrReplaceReadGroups	Processed     3,000,000 records.  Elapsed time: 00:00:50s.  Time for last 1,000,000:   21s.  Last read position: chr1:38,353,171
INFO	2016-05-16 04:28:28	AddOrReplaceReadGroups	Processed     4,000,000 records.  Elapsed time: 00:01:09s.  Time for last 1,000,000:   18s.  Last read position: chr1:51,768,801
INFO	2016-05-16 04:28:44	AddOrReplaceReadGroups	Processed     5,000,000 records.  Elapsed time: 00:01:24s.  Time for last 1,000,000:   15s.  Last read position: chr1:84,335,564
INFO	2016-05-16 04:29:15	AddOrReplaceReadGroups	Processed     6,000,000 records.  Elapsed time: 00:01:55s.  Time for last 1,000,000:   31s.  Last read position: chr1:110,949,688
INFO	2016-05-16 04:29:32	AddOrReplaceReadGroups	Processed     7,000,000 records.  Elapsed time: 00:02:12s.  Time for last 1,000,000:   17s.  Last read position: chr1:151,076,230
INFO	2016-05-16 04:29:47	AddOrReplaceReadGroups	Processed     8,000,000 records.  Elapsed time: 00:02:27s.  Time for last 1,000,000:   14s.  Last read position: chr1:156,815,569
INFO	2016-05-16 04:30:00	AddOrReplaceReadGroups	Processed     9,000,000 records.  Elapsed time: 00:02:40s.  Time for last 1,000,000:   13s.  Last read position: chr1:172,051,127
INFO	2016-05-16 04:30:16	AddOrReplaceReadGroups	Processed    10,000,000 records.  Elapsed time: 00:02:56s.  Time for last 1,000,000:   15s.  Last read position: chr1:200,968,493
INFO	2016-05-16 04:30:33	AddOrReplaceReadGroups	Processed    11,000,000 records.  Elapsed time: 00:03:13s.  Time for last 1,000,000:   17s.  Last read position: chr1:218,480,687
INFO	2016-05-16 04:30:47	AddOrReplaceReadGroups	Processed    12,000,000 records.  Elapsed time: 00:03:27s.  Time for last 1,000,000:   13s.  Last read position: chr1:240,071,171
INFO	2016-05-16 04:31:01	AddOrReplaceReadGroups	Processed    13,000,000 records.  Elapsed time: 00:03:41s.  Time for last 1,000,000:   14s.  Last read position: chr2:24,522,865
INFO	2016-05-16 04:31:20	AddOrReplaceReadGroups	Processed    14,000,000 records.  Elapsed time: 00:04:01s.  Time for last 1,000,000:   19s.  Last read position: chr2:40,538,926
INFO	2016-05-16 04:31:48	AddOrReplaceReadGroups	Processed    15,000,000 records.  Elapsed time: 00:04:28s.  Time for last 1,000,000:   27s.  Last read position: chr2:71,778,758
INFO	2016-05-16 04:32:06	AddOrReplaceReadGroups	Processed    16,000,000 records.  Elapsed time: 00:04:46s.  Time for last 1,000,000:   18s.  Last read position: chr2:99,614,460
INFO	2016-05-16 04:32:25	AddOrReplaceReadGroups	Processed    17,000,000 records.  Elapsed time: 00:05:05s.  Time for last 1,000,000:   18s.  Last read position: chr2:133,402,670
INFO	2016-05-16 04:32:46	AddOrReplaceReadGroups	Processed    18,000,000 records.  Elapsed time: 00:05:26s.  Time for last 1,000,000:   21s.  Last read position: chr2:170,063,069
INFO	2016-05-16 04:33:02	AddOrReplaceReadGroups	Processed    19,000,000 records.  Elapsed time: 00:05:42s.  Time for last 1,000,000:   15s.  Last read position: chr2:189,868,090
INFO	2016-05-16 04:33:21	AddOrReplaceReadGroups	Processed    20,000,000 records.  Elapsed time: 00:06:01s.  Time for last 1,000,000:   19s.  Last read position: chr2:215,901,782
INFO	2016-05-16 04:33:37	AddOrReplaceReadGroups	Processed    21,000,000 records.  Elapsed time: 00:06:17s.  Time for last 1,000,000:   16s.  Last read position: chr2:233,898,873
INFO	2016-05-16 04:34:01	AddOrReplaceReadGroups	Processed    22,000,000 records.  Elapsed time: 00:06:41s.  Time for last 1,000,000:   23s.  Last read position: chr3:11,600,112
INFO	2016-05-16 04:34:14	AddOrReplaceReadGroups	Processed    23,000,000 records.  Elapsed time: 00:06:55s.  Time for last 1,000,000:   13s.  Last read position: chr3:39,544,087
INFO	2016-05-16 04:34:33	AddOrReplaceReadGroups	Processed    24,000,000 records.  Elapsed time: 00:07:13s.  Time for last 1,000,000:   18s.  Last read position: chr3:49,761,106
INFO	2016-05-16 04:34:47	AddOrReplaceReadGroups	Processed    25,000,000 records.  Elapsed time: 00:07:28s.  Time for last 1,000,000:   14s.  Last read position: chr3:65,486,002
INFO	2016-05-16 04:35:13	AddOrReplaceReadGroups	Processed    26,000,000 records.  Elapsed time: 00:07:53s.  Time for last 1,000,000:   25s.  Last read position: chr3:118,922,717
INFO	2016-05-16 04:35:32	AddOrReplaceReadGroups	Processed    27,000,000 records.  Elapsed time: 00:08:12s.  Time for last 1,000,000:   18s.  Last read position: chr3:134,851,422
INFO	2016-05-16 04:35:48	AddOrReplaceReadGroups	Processed    28,000,000 records.  Elapsed time: 00:08:28s.  Time for last 1,000,000:   15s.  Last read position: chr3:170,716,106
INFO	2016-05-16 04:36:11	AddOrReplaceReadGroups	Processed    29,000,000 records.  Elapsed time: 00:08:51s.  Time for last 1,000,000:   23s.  Last read position: chr3:196,755,998
INFO	2016-05-16 04:36:26	AddOrReplaceReadGroups	Processed    30,000,000 records.  Elapsed time: 00:09:06s.  Time for last 1,000,000:   15s.  Last read position: chr4:25,351,177
INFO	2016-05-16 04:36:42	AddOrReplaceReadGroups	Processed    31,000,000 records.  Elapsed time: 00:09:22s.  Time for last 1,000,000:   15s.  Last read position: chr4:71,068,013
INFO	2016-05-16 04:36:57	AddOrReplaceReadGroups	Processed    32,000,000 records.  Elapsed time: 00:09:37s.  Time for last 1,000,000:   14s.  Last read position: chr4:101,344,496
INFO	2016-05-16 04:37:13	AddOrReplaceReadGroups	Processed    33,000,000 records.  Elapsed time: 00:09:53s.  Time for last 1,000,000:   16s.  Last read position: chr4:144,618,368
INFO	2016-05-16 04:37:28	AddOrReplaceReadGroups	Processed    34,000,000 records.  Elapsed time: 00:10:09s.  Time for last 1,000,000:   15s.  Last read position: chr4:187,177,379
INFO	2016-05-16 04:37:44	AddOrReplaceReadGroups	Processed    35,000,000 records.  Elapsed time: 00:10:24s.  Time for last 1,000,000:   15s.  Last read position: chr5:39,135,005
INFO	2016-05-16 04:38:06	AddOrReplaceReadGroups	Processed    36,000,000 records.  Elapsed time: 00:10:46s.  Time for last 1,000,000:   21s.  Last read position: chr5:77,452,051
INFO	2016-05-16 04:38:20	AddOrReplaceReadGroups	Processed    37,000,000 records.  Elapsed time: 00:11:00s.  Time for last 1,000,000:   13s.  Last read position: chr5:124,036,822
INFO	2016-05-16 04:38:37	AddOrReplaceReadGroups	Processed    38,000,000 records.  Elapsed time: 00:11:17s.  Time for last 1,000,000:   17s.  Last read position: chr5:140,736,029
INFO	2016-05-16 04:38:52	AddOrReplaceReadGroups	Processed    39,000,000 records.  Elapsed time: 00:11:32s.  Time for last 1,000,000:   14s.  Last read position: chr5:160,067,354
INFO	2016-05-16 04:39:10	AddOrReplaceReadGroups	Processed    40,000,000 records.  Elapsed time: 00:11:50s.  Time for last 1,000,000:   18s.  Last read position: chr6:4,069,295
INFO	2016-05-16 04:39:24	AddOrReplaceReadGroups	Processed    41,000,000 records.  Elapsed time: 00:12:04s.  Time for last 1,000,000:   13s.  Last read position: chr6:30,131,527
INFO	2016-05-16 04:39:45	AddOrReplaceReadGroups	Processed    42,000,000 records.  Elapsed time: 00:12:25s.  Time for last 1,000,000:   21s.  Last read position: chr6:35,087,175
INFO	2016-05-16 04:39:59	AddOrReplaceReadGroups	Processed    43,000,000 records.  Elapsed time: 00:12:39s.  Time for last 1,000,000:   14s.  Last read position: chr6:49,426,942
INFO	2016-05-16 04:40:19	AddOrReplaceReadGroups	Processed    44,000,000 records.  Elapsed time: 00:12:59s.  Time for last 1,000,000:   19s.  Last read position: chr6:89,050,762
INFO	2016-05-16 04:40:32	AddOrReplaceReadGroups	Processed    45,000,000 records.  Elapsed time: 00:13:13s.  Time for last 1,000,000:   13s.  Last read position: chr6:128,307,050
INFO	2016-05-16 04:40:45	AddOrReplaceReadGroups	Processed    46,000,000 records.  Elapsed time: 00:13:25s.  Time for last 1,000,000:   12s.  Last read position: chr6:157,527,332
INFO	2016-05-16 04:40:59	AddOrReplaceReadGroups	Processed    47,000,000 records.  Elapsed time: 00:13:40s.  Time for last 1,000,000:   14s.  Last read position: chr7:11,629,914
INFO	2016-05-16 04:41:25	AddOrReplaceReadGroups	Processed    48,000,000 records.  Elapsed time: 00:14:05s.  Time for last 1,000,000:   25s.  Last read position: chr7:44,737,226
INFO	2016-05-16 04:41:48	AddOrReplaceReadGroups	Processed    49,000,000 records.  Elapsed time: 00:14:29s.  Time for last 1,000,000:   23s.  Last read position: chr7:87,101,717
INFO	2016-05-16 04:42:02	AddOrReplaceReadGroups	Processed    50,000,000 records.  Elapsed time: 00:14:43s.  Time for last 1,000,000:   13s.  Last read position: chr7:101,006,355
INFO	2016-05-16 04:42:22	AddOrReplaceReadGroups	Processed    51,000,000 records.  Elapsed time: 00:15:02s.  Time for last 1,000,000:   19s.  Last read position: chr7:129,913,748
INFO	2016-05-16 04:42:35	AddOrReplaceReadGroups	Processed    52,000,000 records.  Elapsed time: 00:15:15s.  Time for last 1,000,000:   13s.  Last read position: chr7:150,500,519
INFO	2016-05-16 04:42:49	AddOrReplaceReadGroups	Processed    53,000,000 records.  Elapsed time: 00:15:29s.  Time for last 1,000,000:   14s.  Last read position: chr8:22,056,717
INFO	2016-05-16 04:43:02	AddOrReplaceReadGroups	Processed    54,000,000 records.  Elapsed time: 00:15:42s.  Time for last 1,000,000:   12s.  Last read position: chr8:48,736,315
INFO	2016-05-16 04:43:25	AddOrReplaceReadGroups	Processed    55,000,000 records.  Elapsed time: 00:16:05s.  Time for last 1,000,000:   22s.  Last read position: chr8:94,738,660
INFO	2016-05-16 04:43:38	AddOrReplaceReadGroups	Processed    56,000,000 records.  Elapsed time: 00:16:18s.  Time for last 1,000,000:   13s.  Last read position: chr8:133,091,966
INFO	2016-05-16 04:43:56	AddOrReplaceReadGroups	Processed    57,000,000 records.  Elapsed time: 00:16:36s.  Time for last 1,000,000:   17s.  Last read position: chr9:6,887,932
INFO	2016-05-16 04:44:12	AddOrReplaceReadGroups	Processed    58,000,000 records.  Elapsed time: 00:16:52s.  Time for last 1,000,000:   16s.  Last read position: chr9:37,724,343
INFO	2016-05-16 04:44:46	AddOrReplaceReadGroups	Processed    59,000,000 records.  Elapsed time: 00:17:26s.  Time for last 1,000,000:   33s.  Last read position: chr9:99,284,715
INFO	2016-05-16 04:45:03	AddOrReplaceReadGroups	Processed    60,000,000 records.  Elapsed time: 00:17:43s.  Time for last 1,000,000:   17s.  Last read position: chr9:123,919,905
INFO	2016-05-16 04:45:17	AddOrReplaceReadGroups	Processed    61,000,000 records.  Elapsed time: 00:17:57s.  Time for last 1,000,000:   13s.  Last read position: chr9:135,545,648
INFO	2016-05-16 04:45:40	AddOrReplaceReadGroups	Processed    62,000,000 records.  Elapsed time: 00:18:20s.  Time for last 1,000,000:   22s.  Last read position: chr10:11,207,268
INFO	2016-05-16 04:45:53	AddOrReplaceReadGroups	Processed    63,000,000 records.  Elapsed time: 00:18:33s.  Time for last 1,000,000:   13s.  Last read position: chr10:45,924,135
INFO	2016-05-16 04:46:16	AddOrReplaceReadGroups	Processed    64,000,000 records.  Elapsed time: 00:18:57s.  Time for last 1,000,000:   23s.  Last read position: chr10:75,548,851
INFO	2016-05-16 04:46:31	AddOrReplaceReadGroups	Processed    65,000,000 records.  Elapsed time: 00:19:11s.  Time for last 1,000,000:   14s.  Last read position: chr10:99,437,388
INFO	2016-05-16 04:46:48	AddOrReplaceReadGroups	Processed    66,000,000 records.  Elapsed time: 00:19:28s.  Time for last 1,000,000:   16s.  Last read position: chr10:119,029,657
INFO	2016-05-16 04:47:02	AddOrReplaceReadGroups	Processed    67,000,000 records.  Elapsed time: 00:19:42s.  Time for last 1,000,000:   14s.  Last read position: chr11:1,263,618
INFO	2016-05-16 04:47:16	AddOrReplaceReadGroups	Processed    68,000,000 records.  Elapsed time: 00:19:56s.  Time for last 1,000,000:   13s.  Last read position: chr11:12,024,047
INFO	2016-05-16 04:47:29	AddOrReplaceReadGroups	Processed    69,000,000 records.  Elapsed time: 00:20:09s.  Time for last 1,000,000:   13s.  Last read position: chr11:46,406,492
INFO	2016-05-16 04:47:59	AddOrReplaceReadGroups	Processed    70,000,000 records.  Elapsed time: 00:20:39s.  Time for last 1,000,000:   30s.  Last read position: chr11:62,290,513
INFO	2016-05-16 04:48:12	AddOrReplaceReadGroups	Processed    71,000,000 records.  Elapsed time: 00:20:52s.  Time for last 1,000,000:   12s.  Last read position: chr11:66,807,121
INFO	2016-05-16 04:48:31	AddOrReplaceReadGroups	Processed    72,000,000 records.  Elapsed time: 00:21:11s.  Time for last 1,000,000:   18s.  Last read position: chr11:85,701,172
INFO	2016-05-16 04:48:44	AddOrReplaceReadGroups	Processed    73,000,000 records.  Elapsed time: 00:21:25s.  Time for last 1,000,000:   13s.  Last read position: chr11:117,054,619
INFO	2016-05-16 04:49:03	AddOrReplaceReadGroups	Processed    74,000,000 records.  Elapsed time: 00:21:43s.  Time for last 1,000,000:   18s.  Last read position: chr11:132,449,522
INFO	2016-05-16 04:49:15	AddOrReplaceReadGroups	Processed    75,000,000 records.  Elapsed time: 00:21:56s.  Time for last 1,000,000:   12s.  Last read position: chr12:11,463,359
INFO	2016-05-16 04:49:37	AddOrReplaceReadGroups	Processed    76,000,000 records.  Elapsed time: 00:22:17s.  Time for last 1,000,000:   21s.  Last read position: chr12:48,081,619
INFO	2016-05-16 04:49:51	AddOrReplaceReadGroups	Processed    77,000,000 records.  Elapsed time: 00:22:31s.  Time for last 1,000,000:   13s.  Last read position: chr12:55,807,376
INFO	2016-05-16 04:50:12	AddOrReplaceReadGroups	Processed    78,000,000 records.  Elapsed time: 00:22:52s.  Time for last 1,000,000:   21s.  Last read position: chr12:72,008,519
INFO	2016-05-16 04:50:27	AddOrReplaceReadGroups	Processed    79,000,000 records.  Elapsed time: 00:23:07s.  Time for last 1,000,000:   14s.  Last read position: chr12:107,103,103
INFO	2016-05-16 04:50:44	AddOrReplaceReadGroups	Processed    80,000,000 records.  Elapsed time: 00:23:24s.  Time for last 1,000,000:   17s.  Last read position: chr12:122,762,851
INFO	2016-05-16 04:50:58	AddOrReplaceReadGroups	Processed    81,000,000 records.  Elapsed time: 00:23:38s.  Time for last 1,000,000:   14s.  Last read position: chr13:29,242,571
INFO	2016-05-16 04:51:18	AddOrReplaceReadGroups	Processed    82,000,000 records.  Elapsed time: 00:23:58s.  Time for last 1,000,000:   19s.  Last read position: chr13:73,336,361
INFO	2016-05-16 04:51:32	AddOrReplaceReadGroups	Processed    83,000,000 records.  Elapsed time: 00:24:12s.  Time for last 1,000,000:   14s.  Last read position: chr14:20,585,505
INFO	2016-05-16 04:51:51	AddOrReplaceReadGroups	Processed    84,000,000 records.  Elapsed time: 00:24:31s.  Time for last 1,000,000:   19s.  Last read position: chr14:35,182,505
INFO	2016-05-16 04:52:13	AddOrReplaceReadGroups	Processed    85,000,000 records.  Elapsed time: 00:24:53s.  Time for last 1,000,000:   21s.  Last read position: chr14:65,507,613
INFO	2016-05-16 04:52:29	AddOrReplaceReadGroups	Processed    86,000,000 records.  Elapsed time: 00:25:09s.  Time for last 1,000,000:   15s.  Last read position: chr14:92,264,052
INFO	2016-05-16 04:52:55	AddOrReplaceReadGroups	Processed    87,000,000 records.  Elapsed time: 00:25:35s.  Time for last 1,000,000:   25s.  Last read position: chr15:23,049,054
INFO	2016-05-16 04:53:10	AddOrReplaceReadGroups	Processed    88,000,000 records.  Elapsed time: 00:25:50s.  Time for last 1,000,000:   14s.  Last read position: chr15:42,716,208
INFO	2016-05-16 04:53:24	AddOrReplaceReadGroups	Processed    89,000,000 records.  Elapsed time: 00:26:04s.  Time for last 1,000,000:   14s.  Last read position: chr15:59,487,558
INFO	2016-05-16 04:53:45	AddOrReplaceReadGroups	Processed    90,000,000 records.  Elapsed time: 00:26:25s.  Time for last 1,000,000:   20s.  Last read position: chr15:76,138,846
INFO	2016-05-16 04:54:00	AddOrReplaceReadGroups	Processed    91,000,000 records.  Elapsed time: 00:26:40s.  Time for last 1,000,000:   14s.  Last read position: chr15:100,331,675
INFO	2016-05-16 04:54:17	AddOrReplaceReadGroups	Processed    92,000,000 records.  Elapsed time: 00:26:57s.  Time for last 1,000,000:   16s.  Last read position: chr16:4,644,560
INFO	2016-05-16 04:54:29	AddOrReplaceReadGroups	Processed    93,000,000 records.  Elapsed time: 00:27:10s.  Time for last 1,000,000:   12s.  Last read position: chr16:27,499,802
INFO	2016-05-16 04:54:52	AddOrReplaceReadGroups	Processed    94,000,000 records.  Elapsed time: 00:27:32s.  Time for last 1,000,000:   22s.  Last read position: chr16:53,698,775
INFO	2016-05-16 04:55:06	AddOrReplaceReadGroups	Processed    95,000,000 records.  Elapsed time: 00:27:46s.  Time for last 1,000,000:   14s.  Last read position: chr16:70,498,994
INFO	2016-05-16 04:55:24	AddOrReplaceReadGroups	Processed    96,000,000 records.  Elapsed time: 00:28:04s.  Time for last 1,000,000:   18s.  Last read position: chr16:89,789,564
INFO	2016-05-16 04:55:37	AddOrReplaceReadGroups	Processed    97,000,000 records.  Elapsed time: 00:28:18s.  Time for last 1,000,000:   13s.  Last read position: chr17:7,330,024
INFO	2016-05-16 04:55:59	AddOrReplaceReadGroups	Processed    98,000,000 records.  Elapsed time: 00:28:39s.  Time for last 1,000,000:   21s.  Last read position: chr17:18,315,168
INFO	2016-05-16 04:56:12	AddOrReplaceReadGroups	Processed    99,000,000 records.  Elapsed time: 00:28:52s.  Time for last 1,000,000:   13s.  Last read position: chr17:35,485,970
INFO	2016-05-16 04:56:32	AddOrReplaceReadGroups	Processed   100,000,000 records.  Elapsed time: 00:29:13s.  Time for last 1,000,000:   20s.  Last read position: chr17:42,229,978
INFO	2016-05-16 04:56:46	AddOrReplaceReadGroups	Processed   101,000,000 records.  Elapsed time: 00:29:26s.  Time for last 1,000,000:   13s.  Last read position: chr17:56,738,747
INFO	2016-05-16 04:57:04	AddOrReplaceReadGroups	Processed   102,000,000 records.  Elapsed time: 00:29:44s.  Time for last 1,000,000:   17s.  Last read position: chr17:73,494,791
INFO	2016-05-16 04:57:19	AddOrReplaceReadGroups	Processed   103,000,000 records.  Elapsed time: 00:29:59s.  Time for last 1,000,000:   14s.  Last read position: chr18:619,225
INFO	2016-05-16 04:57:41	AddOrReplaceReadGroups	Processed   104,000,000 records.  Elapsed time: 00:30:21s.  Time for last 1,000,000:   22s.  Last read position: chr18:34,855,146
INFO	2016-05-16 04:57:55	AddOrReplaceReadGroups	Processed   105,000,000 records.  Elapsed time: 00:30:35s.  Time for last 1,000,000:   14s.  Last read position: chr19:868,135
INFO	2016-05-16 04:58:13	AddOrReplaceReadGroups	Processed   106,000,000 records.  Elapsed time: 00:30:53s.  Time for last 1,000,000:   18s.  Last read position: chr19:7,807,912
INFO	2016-05-16 04:58:26	AddOrReplaceReadGroups	Processed   107,000,000 records.  Elapsed time: 00:31:06s.  Time for last 1,000,000:   12s.  Last read position: chr19:13,324,927
INFO	2016-05-16 04:58:40	AddOrReplaceReadGroups	Processed   108,000,000 records.  Elapsed time: 00:31:20s.  Time for last 1,000,000:   14s.  Last read position: chr19:20,406,399
INFO	2016-05-16 04:58:55	AddOrReplaceReadGroups	Processed   109,000,000 records.  Elapsed time: 00:31:35s.  Time for last 1,000,000:   14s.  Last read position: chr19:39,327,638
INFO	2016-05-16 04:59:22	AddOrReplaceReadGroups	Processed   110,000,000 records.  Elapsed time: 00:32:02s.  Time for last 1,000,000:   26s.  Last read position: chr19:46,025,906
INFO	2016-05-16 04:59:40	AddOrReplaceReadGroups	Processed   111,000,000 records.  Elapsed time: 00:32:20s.  Time for last 1,000,000:   17s.  Last read position: chr19:51,857,573
INFO	2016-05-16 04:59:54	AddOrReplaceReadGroups	Processed   112,000,000 records.  Elapsed time: 00:32:35s.  Time for last 1,000,000:   14s.  Last read position: chr19:58,361,435
INFO	2016-05-16 05:00:17	AddOrReplaceReadGroups	Processed   113,000,000 records.  Elapsed time: 00:32:58s.  Time for last 1,000,000:   23s.  Last read position: chr20:23,360,031
INFO	2016-05-16 05:00:30	AddOrReplaceReadGroups	Processed   114,000,000 records.  Elapsed time: 00:33:11s.  Time for last 1,000,000:   13s.  Last read position: chr20:42,315,497
INFO	2016-05-16 05:00:50	AddOrReplaceReadGroups	Processed   115,000,000 records.  Elapsed time: 00:33:30s.  Time for last 1,000,000:   19s.  Last read position: chr20:61,484,138
INFO	2016-05-16 05:01:04	AddOrReplaceReadGroups	Processed   116,000,000 records.  Elapsed time: 00:33:44s.  Time for last 1,000,000:   14s.  Last read position: chr21:40,978,156
INFO	2016-05-16 05:01:19	AddOrReplaceReadGroups	Processed   117,000,000 records.  Elapsed time: 00:33:59s.  Time for last 1,000,000:   14s.  Last read position: chr22:22,516,743
INFO	2016-05-16 05:01:33	AddOrReplaceReadGroups	Processed   118,000,000 records.  Elapsed time: 00:34:13s.  Time for last 1,000,000:   14s.  Last read position: chr22:37,163,782
INFO	2016-05-16 05:01:47	AddOrReplaceReadGroups	Processed   119,000,000 records.  Elapsed time: 00:34:27s.  Time for last 1,000,000:   14s.  Last read position: chr22:50,572,719
INFO	2016-05-16 05:02:00	AddOrReplaceReadGroups	Processed   120,000,000 records.  Elapsed time: 00:34:41s.  Time for last 1,000,000:   13s.  Last read position: chrX:30,870,990
INFO	2016-05-16 05:02:27	AddOrReplaceReadGroups	Processed   121,000,000 records.  Elapsed time: 00:35:07s.  Time for last 1,000,000:   26s.  Last read position: chrX:54,319,673
INFO	2016-05-16 05:02:41	AddOrReplaceReadGroups	Processed   122,000,000 records.  Elapsed time: 00:35:21s.  Time for last 1,000,000:   13s.  Last read position: chrX:99,406,084
INFO	2016-05-16 05:02:54	AddOrReplaceReadGroups	Processed   123,000,000 records.  Elapsed time: 00:35:34s.  Time for last 1,000,000:   13s.  Last read position: chrX:129,058,902
INFO	2016-05-16 05:03:07	AddOrReplaceReadGroups	Processed   124,000,000 records.  Elapsed time: 00:35:48s.  Time for last 1,000,000:   13s.  Last read position: chrX:154,448,443
[Mon May 16 05:03:22 EDT 2016] picard.sam.AddOrReplaceReadGroups done. Elapsed time: 36.06 minutes.
Runtime.totalMemory()=412090368
[Mon May 16 05:03:24 EDT 2016] picard.sam.FixMateInformation INPUT=[p_DS_bkm_112-N/p_DS_bkm_112-N.sorted.MarkDup.fixed.bam] OUTPUT=p_DS_bkm_112-N/p_DS_bkm_112-N.sorted.MarkDup.realn.fixed.bam SORT_ORDER=coordinate TMP_DIR=[tmp/flx] VALIDATION_STRINGENCY=LENIENT CREATE_INDEX=true    ASSUME_SORTED=false ADD_MATE_CIGAR=true IGNORE_MISSING_MATES=true VERBOSITY=INFO QUIET=false COMPRESSION_LEVEL=5 MAX_RECORDS_IN_RAM=500000 CREATE_MD5_FILE=false GA4GH_CLIENT_SECRETS=client_secrets.json
[Mon May 16 05:03:24 EDT 2016] Executing as abdelrahman@compute-1-2.local on Linux 2.6.32-279.14.1.el6.x86_64 amd64; Java HotSpot(TM) 64-Bit Server VM 1.8.0_45-b14; Picard version: 2.3.0(9a00c87b7ffdb01cfb5a0d6e76556146196babb8_1463071327) IntelDeflater
INFO	2016-05-16 05:03:24	FixMateInformation	Sorting input into queryname order.
INFO	2016-05-16 05:34:36	FixMateInformation	Sorting by queryname complete.
INFO	2016-05-16 05:34:36	FixMateInformation	Output will be sorted by coordinate
INFO	2016-05-16 05:34:36	FixMateInformation	Traversing query name sorted records and fixing up mate pair information.
INFO	2016-05-16 05:35:03	FixMateInformation	Processed     1,000,000 records.  Elapsed time: 00:00:26s.  Time for last 1,000,000:   26s.  Last read position: chr3:195,452,877
INFO	2016-05-16 05:35:26	FixMateInformation	Processed     2,000,000 records.  Elapsed time: 00:00:49s.  Time for last 1,000,000:   23s.  Last read position: chr7:132,570,611
INFO	2016-05-16 05:35:44	FixMateInformation	Processed     3,000,000 records.  Elapsed time: 00:01:07s.  Time for last 1,000,000:   18s.  Last read position: chrX:19,970,739
INFO	2016-05-16 05:36:03	FixMateInformation	Processed     4,000,000 records.  Elapsed time: 00:01:26s.  Time for last 1,000,000:   18s.  Last read position: chr17:78,965,664
INFO	2016-05-16 05:36:26	FixMateInformation	Processed     5,000,000 records.  Elapsed time: 00:01:49s.  Time for last 1,000,000:   22s.  Last read position: chr14:103,148,334
INFO	2016-05-16 05:36:58	FixMateInformation	Processed     6,000,000 records.  Elapsed time: 00:02:21s.  Time for last 1,000,000:   32s.  Last read position: chr1:70,728,424
INFO	2016-05-16 05:37:16	FixMateInformation	Processed     7,000,000 records.  Elapsed time: 00:02:39s.  Time for last 1,000,000:   17s.  Last read position: chr17:15,638,081
INFO	2016-05-16 05:37:38	FixMateInformation	Processed     8,000,000 records.  Elapsed time: 00:03:01s.  Time for last 1,000,000:   22s.  Last read position: chr17:27,958,307
INFO	2016-05-16 05:37:57	FixMateInformation	Processed     9,000,000 records.  Elapsed time: 00:03:20s.  Time for last 1,000,000:   18s.  Last read position: chr10:7,812,166
INFO	2016-05-16 05:38:17	FixMateInformation	Processed    10,000,000 records.  Elapsed time: 00:03:40s.  Time for last 1,000,000:   19s.  Last read position: chr3:37,365,157
INFO	2016-05-16 05:38:33	FixMateInformation	Processed    11,000,000 records.  Elapsed time: 00:03:56s.  Time for last 1,000,000:   16s.  Last read position: chr12:48,367,996
INFO	2016-05-16 05:38:56	FixMateInformation	Processed    12,000,000 records.  Elapsed time: 00:04:19s.  Time for last 1,000,000:   23s.  Last read position: chr2:216,983,823
INFO	2016-05-16 05:39:12	FixMateInformation	Processed    13,000,000 records.  Elapsed time: 00:04:35s.  Time for last 1,000,000:   15s.  Last read position: chr20:15,948,227
INFO	2016-05-16 05:39:34	FixMateInformation	Processed    14,000,000 records.  Elapsed time: 00:04:57s.  Time for last 1,000,000:   21s.  Last read position: chr11:26,694,955
INFO	2016-05-16 05:39:51	FixMateInformation	Processed    15,000,000 records.  Elapsed time: 00:05:14s.  Time for last 1,000,000:   17s.  Last read position: chr1:156,213,736
INFO	2016-05-16 05:40:13	FixMateInformation	Processed    16,000,000 records.  Elapsed time: 00:05:36s.  Time for last 1,000,000:   21s.  Last read position: chr1:202,915,385
INFO	2016-05-16 05:40:29	FixMateInformation	Processed    17,000,000 records.  Elapsed time: 00:05:52s.  Time for last 1,000,000:   16s.  Last read position: chr3:128,598,718
INFO	2016-05-16 05:40:47	FixMateInformation	Processed    18,000,000 records.  Elapsed time: 00:06:10s.  Time for last 1,000,000:   18s.  Last read position: chr1:67,861,520
INFO	2016-05-16 05:41:06	FixMateInformation	Processed    19,000,000 records.  Elapsed time: 00:06:29s.  Time for last 1,000,000:   18s.  Last read position: chr5:65,073,166
INFO	2016-05-16 05:41:27	FixMateInformation	Processed    20,000,000 records.  Elapsed time: 00:06:50s.  Time for last 1,000,000:   20s.  Last read position: chr19:14,037,239
INFO	2016-05-16 05:41:43	FixMateInformation	Processed    21,000,000 records.  Elapsed time: 00:07:06s.  Time for last 1,000,000:   16s.  Last read position: chr12:52,082,535
INFO	2016-05-16 05:42:03	FixMateInformation	Processed    22,000,000 records.  Elapsed time: 00:07:26s.  Time for last 1,000,000:   20s.  Last read position: chr10:81,916,156
INFO	2016-05-16 05:42:23	FixMateInformation	Processed    23,000,000 records.  Elapsed time: 00:07:46s.  Time for last 1,000,000:   19s.  Last read position: chr10:97,987,129
INFO	2016-05-16 05:42:45	FixMateInformation	Processed    24,000,000 records.  Elapsed time: 00:08:08s.  Time for last 1,000,000:   22s.  Last read position: chr10:75,104,874
INFO	2016-05-16 05:43:05	FixMateInformation	Processed    25,000,000 records.  Elapsed time: 00:08:28s.  Time for last 1,000,000:   19s.  Last read position: chr17:3,494,319
INFO	2016-05-16 05:43:22	FixMateInformation	Processed    26,000,000 records.  Elapsed time: 00:08:45s.  Time for last 1,000,000:   17s.  Last read position: chr21:42,869,973
INFO	2016-05-16 05:43:41	FixMateInformation	Processed    27,000,000 records.  Elapsed time: 00:09:04s.  Time for last 1,000,000:   19s.  Last read position: chr7:2,353,982
INFO	2016-05-16 05:44:02	FixMateInformation	Processed    28,000,000 records.  Elapsed time: 00:09:25s.  Time for last 1,000,000:   20s.  Last read position: chr12:85,279,256
INFO	2016-05-16 05:44:17	FixMateInformation	Processed    29,000,000 records.  Elapsed time: 00:09:40s.  Time for last 1,000,000:   15s.  Last read position: chrX:100,509,851
INFO	2016-05-16 05:44:35	FixMateInformation	Processed    30,000,000 records.  Elapsed time: 00:09:58s.  Time for last 1,000,000:   17s.  Last read position: chr10:79,588,444
INFO	2016-05-16 05:44:50	FixMateInformation	Processed    31,000,000 records.  Elapsed time: 00:10:13s.  Time for last 1,000,000:   14s.  Last read position: chr8:37,978,425
INFO	2016-05-16 05:45:07	FixMateInformation	Processed    32,000,000 records.  Elapsed time: 00:10:30s.  Time for last 1,000,000:   17s.  Last read position: chr3:123,440,841
INFO	2016-05-16 05:45:25	FixMateInformation	Processed    33,000,000 records.  Elapsed time: 00:10:48s.  Time for last 1,000,000:   17s.  Last read position: chr16:70,819,594
INFO	2016-05-16 05:45:42	FixMateInformation	Processed    34,000,000 records.  Elapsed time: 00:11:05s.  Time for last 1,000,000:   17s.  Last read position: chr11:26,677,737
INFO	2016-05-16 05:45:59	FixMateInformation	Processed    35,000,000 records.  Elapsed time: 00:11:22s.  Time for last 1,000,000:   17s.  Last read position: chr5:176,793,829
INFO	2016-05-16 05:46:15	FixMateInformation	Processed    36,000,000 records.  Elapsed time: 00:11:38s.  Time for last 1,000,000:   15s.  Last read position: chr18:54,591,152
INFO	2016-05-16 05:46:32	FixMateInformation	Processed    37,000,000 records.  Elapsed time: 00:11:55s.  Time for last 1,000,000:   16s.  Last read position: chr3:119,283,211
INFO	2016-05-16 05:46:47	FixMateInformation	Processed    38,000,000 records.  Elapsed time: 00:12:10s.  Time for last 1,000,000:   15s.  Last read position: chrX:118,774,594
INFO	2016-05-16 05:47:03	FixMateInformation	Processed    39,000,000 records.  Elapsed time: 00:12:26s.  Time for last 1,000,000:   15s.  Last read position: chr19:12,637,622
INFO	2016-05-16 05:47:19	FixMateInformation	Processed    40,000,000 records.  Elapsed time: 00:12:42s.  Time for last 1,000,000:   15s.  Last read position: chr4:49,151,478
INFO	2016-05-16 05:47:35	FixMateInformation	Processed    41,000,000 records.  Elapsed time: 00:12:59s.  Time for last 1,000,000:   16s.  Last read position: chr16:30,999,306
INFO	2016-05-16 05:47:53	FixMateInformation	Processed    42,000,000 records.  Elapsed time: 00:13:16s.  Time for last 1,000,000:   17s.  Last read position: chr9:137,741,248
INFO	2016-05-16 05:48:16	FixMateInformation	Processed    43,000,000 records.  Elapsed time: 00:13:39s.  Time for last 1,000,000:   22s.  Last read position: chr6:143,825,336
INFO	2016-05-16 05:48:34	FixMateInformation	Processed    44,000,000 records.  Elapsed time: 00:13:57s.  Time for last 1,000,000:   18s.  Last read position: chr2:102,019,080
INFO	2016-05-16 05:48:55	FixMateInformation	Processed    45,000,000 records.  Elapsed time: 00:14:18s.  Time for last 1,000,000:   20s.  Last read position: chr1:202,381,082
INFO	2016-05-16 05:49:15	FixMateInformation	Processed    46,000,000 records.  Elapsed time: 00:14:38s.  Time for last 1,000,000:   20s.  Last read position: chr17:27,306,531
INFO	2016-05-16 05:49:35	FixMateInformation	Processed    47,000,000 records.  Elapsed time: 00:14:59s.  Time for last 1,000,000:   20s.  Last read position: chr10:118,364,782
INFO	2016-05-16 05:49:54	FixMateInformation	Processed    48,000,000 records.  Elapsed time: 00:15:17s.  Time for last 1,000,000:   18s.  Last read position: chr5:131,007,764
INFO	2016-05-16 05:50:13	FixMateInformation	Processed    49,000,000 records.  Elapsed time: 00:15:36s.  Time for last 1,000,000:   19s.  Last read position: chr20:39,634,640
INFO	2016-05-16 05:50:35	FixMateInformation	Processed    50,000,000 records.  Elapsed time: 00:15:59s.  Time for last 1,000,000:   22s.  Last read position: chr2:230,841,097
INFO	2016-05-16 05:50:53	FixMateInformation	Processed    51,000,000 records.  Elapsed time: 00:16:16s.  Time for last 1,000,000:   17s.  Last read position: chr3:25,797,156
INFO	2016-05-16 05:51:09	FixMateInformation	Processed    52,000,000 records.  Elapsed time: 00:16:32s.  Time for last 1,000,000:   15s.  Last read position: chr9:130,478,092
INFO	2016-05-16 05:51:26	FixMateInformation	Processed    53,000,000 records.  Elapsed time: 00:16:49s.  Time for last 1,000,000:   17s.  Last read position: chr9:100,437,739
INFO	2016-05-16 05:51:44	FixMateInformation	Processed    54,000,000 records.  Elapsed time: 00:17:07s.  Time for last 1,000,000:   17s.  Last read position: chr12:48,183,232
INFO	2016-05-16 05:52:03	FixMateInformation	Processed    55,000,000 records.  Elapsed time: 00:17:26s.  Time for last 1,000,000:   18s.  Last read position: chr4:154,525,474
INFO	2016-05-16 05:52:20	FixMateInformation	Processed    56,000,000 records.  Elapsed time: 00:17:43s.  Time for last 1,000,000:   17s.  Last read position: chr1:24,996,039
INFO	2016-05-16 05:52:38	FixMateInformation	Processed    57,000,000 records.  Elapsed time: 00:18:01s.  Time for last 1,000,000:   17s.  Last read position: chr10:73,115,909
INFO	2016-05-16 05:52:55	FixMateInformation	Processed    58,000,000 records.  Elapsed time: 00:18:18s.  Time for last 1,000,000:   17s.  Last read position: chr9:13,927,927
INFO	2016-05-16 05:53:12	FixMateInformation	Processed    59,000,000 records.  Elapsed time: 00:18:35s.  Time for last 1,000,000:   16s.  Last read position: chr18:59,221,479
INFO	2016-05-16 05:53:30	FixMateInformation	Processed    60,000,000 records.  Elapsed time: 00:18:53s.  Time for last 1,000,000:   18s.  Last read position: chr12:40,951,141
INFO	2016-05-16 05:53:45	FixMateInformation	Processed    61,000,000 records.  Elapsed time: 00:19:08s.  Time for last 1,000,000:   15s.  Last read position: chr2:152,359,838
INFO	2016-05-16 05:53:59	FixMateInformation	Processed    62,000,000 records.  Elapsed time: 00:19:22s.  Time for last 1,000,000:   13s.  Last read position: chr11:65,308,614
INFO	2016-05-16 05:54:22	FixMateInformation	Processed    63,000,000 records.  Elapsed time: 00:19:45s.  Time for last 1,000,000:   23s.  Last read position: chr5:139,819,681
INFO	2016-05-16 05:54:44	FixMateInformation	Processed    64,000,000 records.  Elapsed time: 00:20:08s.  Time for last 1,000,000:   22s.  Last read position: chr14:73,721,532
INFO	2016-05-16 05:55:04	FixMateInformation	Processed    65,000,000 records.  Elapsed time: 00:20:27s.  Time for last 1,000,000:   19s.  Last read position: chr11:3,050,558
INFO	2016-05-16 05:55:26	FixMateInformation	Processed    66,000,000 records.  Elapsed time: 00:20:49s.  Time for last 1,000,000:   22s.  Last read position: chr8:25,261,314
INFO	2016-05-16 05:55:44	FixMateInformation	Processed    67,000,000 records.  Elapsed time: 00:21:07s.  Time for last 1,000,000:   17s.  Last read position: chr16:70,285,780
INFO	2016-05-16 05:55:59	FixMateInformation	Processed    68,000,000 records.  Elapsed time: 00:21:22s.  Time for last 1,000,000:   15s.  Last read position: chr11:45,889,160
INFO	2016-05-16 05:56:18	FixMateInformation	Processed    69,000,000 records.  Elapsed time: 00:21:41s.  Time for last 1,000,000:   19s.  Last read position: chr7:1,654,432
INFO	2016-05-16 05:56:39	FixMateInformation	Processed    70,000,000 records.  Elapsed time: 00:22:02s.  Time for last 1,000,000:   20s.  Last read position: chr16:66,785,380
INFO	2016-05-16 05:56:58	FixMateInformation	Processed    71,000,000 records.  Elapsed time: 00:22:21s.  Time for last 1,000,000:   18s.  Last read position: chr8:87,491,298
INFO	2016-05-16 05:57:15	FixMateInformation	Processed    72,000,000 records.  Elapsed time: 00:22:38s.  Time for last 1,000,000:   17s.  Last read position: chr5:89,913,663
INFO	2016-05-16 05:57:32	FixMateInformation	Processed    73,000,000 records.  Elapsed time: 00:22:55s.  Time for last 1,000,000:   16s.  Last read position: chr22:24,180,890
INFO	2016-05-16 05:57:53	FixMateInformation	Processed    74,000,000 records.  Elapsed time: 00:23:16s.  Time for last 1,000,000:   20s.  Last read position: chr22:30,862,331
INFO	2016-05-16 05:58:10	FixMateInformation	Processed    75,000,000 records.  Elapsed time: 00:23:33s.  Time for last 1,000,000:   17s.  Last read position: chr3:57,322,127
INFO	2016-05-16 05:58:28	FixMateInformation	Processed    76,000,000 records.  Elapsed time: 00:23:51s.  Time for last 1,000,000:   17s.  Last read position: chr6:131,923,262
INFO	2016-05-16 05:58:44	FixMateInformation	Processed    77,000,000 records.  Elapsed time: 00:24:08s.  Time for last 1,000,000:   16s.  Last read position: chr22:19,423,443
INFO	2016-05-16 05:59:01	FixMateInformation	Processed    78,000,000 records.  Elapsed time: 00:24:24s.  Time for last 1,000,000:   16s.  Last read position: chr6:157,522,014
INFO	2016-05-16 05:59:21	FixMateInformation	Processed    79,000,000 records.  Elapsed time: 00:24:44s.  Time for last 1,000,000:   20s.  Last read position: chr4:71,672,379
INFO	2016-05-16 05:59:36	FixMateInformation	Processed    80,000,000 records.  Elapsed time: 00:24:59s.  Time for last 1,000,000:   15s.  Last read position: chr6:90,009,566
INFO	2016-05-16 05:59:52	FixMateInformation	Processed    81,000,000 records.  Elapsed time: 00:25:15s.  Time for last 1,000,000:   15s.  Last read position: chr5:150,310,916
INFO	2016-05-16 06:00:14	FixMateInformation	Processed    82,000,000 records.  Elapsed time: 00:25:37s.  Time for last 1,000,000:   22s.  Last read position: chr9:140,331,585
INFO	2016-05-16 06:00:33	FixMateInformation	Processed    83,000,000 records.  Elapsed time: 00:25:56s.  Time for last 1,000,000:   19s.  Last read position: chr11:133,795,692
INFO	2016-05-16 06:00:48	FixMateInformation	Processed    84,000,000 records.  Elapsed time: 00:26:11s.  Time for last 1,000,000:   14s.  Last read position: chr1:166,896,430
INFO	2016-05-16 06:01:04	FixMateInformation	Processed    85,000,000 records.  Elapsed time: 00:26:27s.  Time for last 1,000,000:   16s.  Last read position: chr1:233,518,252
INFO	2016-05-16 06:01:27	FixMateInformation	Processed    86,000,000 records.  Elapsed time: 00:26:50s.  Time for last 1,000,000:   22s.  Last read position: chr7:8,181,560
INFO	2016-05-16 06:01:47	FixMateInformation	Processed    87,000,000 records.  Elapsed time: 00:27:10s.  Time for last 1,000,000:   19s.  Last read position: chr14:89,212,636
INFO	2016-05-16 06:02:03	FixMateInformation	Processed    88,000,000 records.  Elapsed time: 00:27:26s.  Time for last 1,000,000:   15s.  Last read position: chr12:49,396,763
INFO	2016-05-16 06:02:20	FixMateInformation	Processed    89,000,000 records.  Elapsed time: 00:27:43s.  Time for last 1,000,000:   16s.  Last read position: chr3:131,187,110
INFO	2016-05-16 06:02:36	FixMateInformation	Processed    90,000,000 records.  Elapsed time: 00:27:59s.  Time for last 1,000,000:   16s.  Last read position: chr5:140,682,752
INFO	2016-05-16 06:02:52	FixMateInformation	Processed    91,000,000 records.  Elapsed time: 00:28:16s.  Time for last 1,000,000:   16s.  Last read position: chr7:158,590,012
INFO	2016-05-16 06:03:10	FixMateInformation	Processed    92,000,000 records.  Elapsed time: 00:28:33s.  Time for last 1,000,000:   17s.  Last read position: chrX:153,637,467
INFO	2016-05-16 06:03:29	FixMateInformation	Processed    93,000,000 records.  Elapsed time: 00:28:53s.  Time for last 1,000,000:   19s.  Last read position: chr18:20,569,159
INFO	2016-05-16 06:03:47	FixMateInformation	Processed    94,000,000 records.  Elapsed time: 00:29:10s.  Time for last 1,000,000:   17s.  Last read position: chr1:117,146,513
INFO	2016-05-16 06:04:05	FixMateInformation	Processed    95,000,000 records.  Elapsed time: 00:29:28s.  Time for last 1,000,000:   17s.  Last read position: chr10:5,415,910
INFO	2016-05-16 06:04:21	FixMateInformation	Processed    96,000,000 records.  Elapsed time: 00:29:44s.  Time for last 1,000,000:   15s.  Last read position: chr6:138,200,118
INFO	2016-05-16 06:04:36	FixMateInformation	Processed    97,000,000 records.  Elapsed time: 00:29:59s.  Time for last 1,000,000:   15s.  Last read position: chr22:41,973,762
INFO	2016-05-16 06:04:49	FixMateInformation	Processed    98,000,000 records.  Elapsed time: 00:30:13s.  Time for last 1,000,000:   13s.  Last read position: chr18:56,202,819
INFO	2016-05-16 06:05:04	FixMateInformation	Processed    99,000,000 records.  Elapsed time: 00:30:27s.  Time for last 1,000,000:   14s.  Last read position: chr15:90,167,013
INFO	2016-05-16 06:05:20	FixMateInformation	Processed   100,000,000 records.  Elapsed time: 00:30:43s.  Time for last 1,000,000:   16s.  Last read position: chr2:37,454,965
INFO	2016-05-16 06:05:38	FixMateInformation	Processed   101,000,000 records.  Elapsed time: 00:31:02s.  Time for last 1,000,000:   18s.  Last read position: chr12:129,576,308
INFO	2016-05-16 06:05:56	FixMateInformation	Processed   102,000,000 records.  Elapsed time: 00:31:19s.  Time for last 1,000,000:   17s.  Last read position: chr17:20,217,230
INFO	2016-05-16 06:06:15	FixMateInformation	Processed   103,000,000 records.  Elapsed time: 00:31:38s.  Time for last 1,000,000:   19s.  Last read position: chr2:220,409,665
INFO	2016-05-16 06:06:35	FixMateInformation	Processed   104,000,000 records.  Elapsed time: 00:31:58s.  Time for last 1,000,000:   19s.  Last read position: chr12:25,310,887
INFO	2016-05-16 06:06:49	FixMateInformation	Processed   105,000,000 records.  Elapsed time: 00:32:12s.  Time for last 1,000,000:   13s.  Last read position: chr4:83,289,969
INFO	2016-05-16 06:07:05	FixMateInformation	Processed   106,000,000 records.  Elapsed time: 00:32:28s.  Time for last 1,000,000:   16s.  Last read position: chr3:50,308,746
INFO	2016-05-16 06:07:29	FixMateInformation	Processed   107,000,000 records.  Elapsed time: 00:32:52s.  Time for last 1,000,000:   24s.  Last read position: chr1:26,348,982
INFO	2016-05-16 06:07:51	FixMateInformation	Processed   108,000,000 records.  Elapsed time: 00:33:14s.  Time for last 1,000,000:   21s.  Last read position: chr1:113,254,846
INFO	2016-05-16 06:08:10	FixMateInformation	Processed   109,000,000 records.  Elapsed time: 00:33:33s.  Time for last 1,000,000:   19s.  Last read position: chr11:60,701,088
INFO	2016-05-16 06:08:27	FixMateInformation	Processed   110,000,000 records.  Elapsed time: 00:33:50s.  Time for last 1,000,000:   17s.  Last read position: chr5:153,792,622
INFO	2016-05-16 06:08:43	FixMateInformation	Processed   111,000,000 records.  Elapsed time: 00:34:06s.  Time for last 1,000,000:   15s.  Last read position: chr16:29,819,526
INFO	2016-05-16 06:09:00	FixMateInformation	Processed   112,000,000 records.  Elapsed time: 00:34:23s.  Time for last 1,000,000:   17s.  Last read position: chr11:57,258,637
INFO	2016-05-16 06:09:17	FixMateInformation	Processed   113,000,000 records.  Elapsed time: 00:34:40s.  Time for last 1,000,000:   16s.  Last read position: chr9:124,528,811
INFO	2016-05-16 06:09:34	FixMateInformation	Processed   114,000,000 records.  Elapsed time: 00:34:57s.  Time for last 1,000,000:   16s.  Last read position: chr4:71,844,958
INFO	2016-05-16 06:09:52	FixMateInformation	Processed   115,000,000 records.  Elapsed time: 00:35:15s.  Time for last 1,000,000:   18s.  Last read position: chr1:200,632,698
INFO	2016-05-16 06:10:08	FixMateInformation	Processed   116,000,000 records.  Elapsed time: 00:35:31s.  Time for last 1,000,000:   15s.  Last read position: chr8:80,679,027
INFO	2016-05-16 06:10:26	FixMateInformation	Processed   117,000,000 records.  Elapsed time: 00:35:50s.  Time for last 1,000,000:   18s.  Last read position: chr17:19,445,890
INFO	2016-05-16 06:10:46	FixMateInformation	Processed   118,000,000 records.  Elapsed time: 00:36:09s.  Time for last 1,000,000:   19s.  Last read position: chr5:60,822,031
INFO	2016-05-16 06:11:03	FixMateInformation	Processed   119,000,000 records.  Elapsed time: 00:36:26s.  Time for last 1,000,000:   16s.  Last read position: chr1:3,599,688
INFO	2016-05-16 06:11:18	FixMateInformation	Processed   120,000,000 records.  Elapsed time: 00:36:41s.  Time for last 1,000,000:   15s.  Last read position: chr17:29,276,400
INFO	2016-05-16 06:11:36	FixMateInformation	Processed   121,000,000 records.  Elapsed time: 00:36:59s.  Time for last 1,000,000:   17s.  Last read position: chr12:54,338,971
INFO	2016-05-16 06:11:58	FixMateInformation	Processed   122,000,000 records.  Elapsed time: 00:37:21s.  Time for last 1,000,000:   21s.  Last read position: chr19:48,925,060
INFO	2016-05-16 06:12:14	FixMateInformation	Processed   123,000,000 records.  Elapsed time: 00:37:37s.  Time for last 1,000,000:   16s.  Last read position: chr5:7,179,977
INFO	2016-05-16 06:12:27	FixMateInformation	Processed   124,000,000 records.  Elapsed time: 00:37:50s.  Time for last 1,000,000:   13s.  Last read position: chr17:30,800,751
INFO	2016-05-16 06:12:36	FixMateInformation	Finished processing reads; re-sorting output file.
[Mon May 16 06:37:47 EDT 2016] picard.sam.FixMateInformation done. Elapsed time: 94.40 minutes.
Runtime.totalMemory()=1060110336
