[Sun May 15 02:26:34 EDT 2016] picard.sam.SortSam INPUT=p_DS_bkm_099-N.sam OUTPUT=p_DS_bkm_099-N/p_DS_bkm_099-N.sorted.bam SORT_ORDER=coordinate TMP_DIR=[tmp_WT] VALIDATION_STRINGENCY=LENIENT CREATE_INDEX=true    VERBOSITY=INFO QUIET=false COMPRESSION_LEVEL=5 MAX_RECORDS_IN_RAM=500000 CREATE_MD5_FILE=false GA4GH_CLIENT_SECRETS=client_secrets.json
[Sun May 15 02:26:34 EDT 2016] Executing as abdelrahman@compute-1-4.local on Linux 2.6.32-279.14.1.el6.x86_64 amd64; Java HotSpot(TM) 64-Bit Server VM 1.8.0_45-b14; Picard version: 2.3.0(9a00c87b7ffdb01cfb5a0d6e76556146196babb8_1463071327) IntelDeflater
INFO	2016-05-15 02:33:09	SortSam	Read    10,000,000 records.  Elapsed time: 00:06:34s.  Time for last 10,000,000:  394s.  Last read position: chr1:223,178,356
INFO	2016-05-15 02:39:00	SortSam	Read    20,000,000 records.  Elapsed time: 00:12:25s.  Time for last 10,000,000:  351s.  Last read position: chr11:61,495,638
INFO	2016-05-15 02:44:37	SortSam	Read    30,000,000 records.  Elapsed time: 00:18:02s.  Time for last 10,000,000:  337s.  Last read position: chr6:142,409,596
INFO	2016-05-15 02:50:22	SortSam	Read    40,000,000 records.  Elapsed time: 00:23:47s.  Time for last 10,000,000:  344s.  Last read position: chr10:102,719,130
INFO	2016-05-15 02:56:00	SortSam	Read    50,000,000 records.  Elapsed time: 00:29:25s.  Time for last 10,000,000:  338s.  Last read position: chr16:5,098,024
INFO	2016-05-15 03:01:50	SortSam	Read    60,000,000 records.  Elapsed time: 00:35:15s.  Time for last 10,000,000:  349s.  Last read position: chr19:14,867,060
INFO	2016-05-15 03:07:55	SortSam	Read    70,000,000 records.  Elapsed time: 00:41:20s.  Time for last 10,000,000:  365s.  Last read position: chr2:201,448,190
INFO	2016-05-15 03:14:16	SortSam	Read    80,000,000 records.  Elapsed time: 00:47:41s.  Time for last 10,000,000:  380s.  Last read position: chr22:36,685,159
INFO	2016-05-15 03:20:24	SortSam	Read    90,000,000 records.  Elapsed time: 00:53:49s.  Time for last 10,000,000:  367s.  Last read position: chr16:11,001,985
INFO	2016-05-15 03:26:02	SortSam	Read   100,000,000 records.  Elapsed time: 00:59:26s.  Time for last 10,000,000:  337s.  Last read position: chrX:73,963,255
INFO	2016-05-15 03:31:48	SortSam	Read   110,000,000 records.  Elapsed time: 01:05:12s.  Time for last 10,000,000:  346s.  Last read position: chr4:5,811,350
INFO	2016-05-15 03:37:31	SortSam	Read   120,000,000 records.  Elapsed time: 01:10:56s.  Time for last 10,000,000:  343s.  Last read position: chr17:67,257,811
INFO	2016-05-15 03:42:35	SortSam	Finished reading inputs, merging and writing to output now.
INFO	2016-05-15 03:47:44	SortSam	Wrote    10,000,000 records from a sorting collection.  Elapsed time: 01:21:09s.  Time for last 10,000,000:  184s.  Last read position: chr1:186,106,885
INFO	2016-05-15 03:50:52	SortSam	Wrote    20,000,000 records from a sorting collection.  Elapsed time: 01:24:16s.  Time for last 10,000,000:  187s.  Last read position: chr2:201,342,949
INFO	2016-05-15 03:53:16	SortSam	Wrote    30,000,000 records from a sorting collection.  Elapsed time: 01:26:41s.  Time for last 10,000,000:  144s.  Last read position: chr3:197,212,889
INFO	2016-05-15 03:55:31	SortSam	Wrote    40,000,000 records from a sorting collection.  Elapsed time: 01:28:56s.  Time for last 10,000,000:  134s.  Last read position: chr5:150,921,822
INFO	2016-05-15 03:59:10	SortSam	Wrote    50,000,000 records from a sorting collection.  Elapsed time: 01:32:35s.  Time for last 10,000,000:  219s.  Last read position: chr7:61,969,396
INFO	2016-05-15 04:03:06	SortSam	Wrote    60,000,000 records from a sorting collection.  Elapsed time: 01:36:31s.  Time for last 10,000,000:  235s.  Last read position: chr9:37,746,246
INFO	2016-05-15 04:05:06	SortSam	Wrote    70,000,000 records from a sorting collection.  Elapsed time: 01:38:31s.  Time for last 10,000,000:  119s.  Last read position: chr11:6,806,902
INFO	2016-05-15 04:07:03	SortSam	Wrote    80,000,000 records from a sorting collection.  Elapsed time: 01:40:28s.  Time for last 10,000,000:  117s.  Last read position: chr12:57,106,398
INFO	2016-05-15 04:09:09	SortSam	Wrote    90,000,000 records from a sorting collection.  Elapsed time: 01:42:34s.  Time for last 10,000,000:  125s.  Last read position: chr15:24,923,509
INFO	2016-05-15 04:11:41	SortSam	Wrote   100,000,000 records from a sorting collection.  Elapsed time: 01:45:05s.  Time for last 10,000,000:  151s.  Last read position: chr17:5,134,365
INFO	2016-05-15 04:13:32	SortSam	Wrote   110,000,000 records from a sorting collection.  Elapsed time: 01:46:57s.  Time for last 10,000,000:  111s.  Last read position: chr19:9,577,268
INFO	2016-05-15 04:15:21	SortSam	Wrote   120,000,000 records from a sorting collection.  Elapsed time: 01:48:46s.  Time for last 10,000,000:  108s.  Last read position: chr21:40,574,340
[Sun May 15 04:17:02 EDT 2016] picard.sam.SortSam done. Elapsed time: 110.46 minutes.
Runtime.totalMemory()=1157103616
[Sun May 15 04:17:03 EDT 2016] picard.sam.markduplicates.MarkDuplicates INPUT=[p_DS_bkm_099-N/p_DS_bkm_099-N.sorted.bam] OUTPUT=p_DS_bkm_099-N/p_DS_bkm_099-N.sorted.MarkDup.bam METRICS_FILE=MarkDup_metrics TMP_DIR=[tmp] VALIDATION_STRINGENCY=SILENT CREATE_INDEX=true    MAX_SEQUENCES_FOR_DISK_READ_ENDS_MAP=50000 MAX_FILE_HANDLES_FOR_READ_ENDS_MAP=8000 SORTING_COLLECTION_SIZE_RATIO=0.25 REMOVE_SEQUENCING_DUPLICATES=false TAGGING_POLICY=DontTag REMOVE_DUPLICATES=false ASSUME_SORTED=false DUPLICATE_SCORING_STRATEGY=SUM_OF_BASE_QUALITIES PROGRAM_RECORD_ID=MarkDuplicates PROGRAM_GROUP_NAME=MarkDuplicates READ_NAME_REGEX=<optimized capture of last three ':' separated fields as numeric values> OPTICAL_DUPLICATE_PIXEL_DISTANCE=100 VERBOSITY=INFO QUIET=false COMPRESSION_LEVEL=5 MAX_RECORDS_IN_RAM=500000 CREATE_MD5_FILE=false GA4GH_CLIENT_SECRETS=client_secrets.json
[Sun May 15 04:17:03 EDT 2016] Executing as abdelrahman@compute-1-4.local on Linux 2.6.32-279.14.1.el6.x86_64 amd64; Java HotSpot(TM) 64-Bit Server VM 1.8.0_45-b14; Picard version: 2.3.0(9a00c87b7ffdb01cfb5a0d6e76556146196babb8_1463071327) IntelDeflater
INFO	2016-05-15 04:17:03	MarkDuplicates	Start of doWork freeMemory: 502229176; totalMemory: 506462208; maxMemory: 13362528256
INFO	2016-05-15 04:17:03	MarkDuplicates	Reading input file and constructing read end information.
INFO	2016-05-15 04:17:03	MarkDuplicates	Will retain up to 51394339 data points before spilling to disk.
INFO	2016-05-15 04:17:11	MarkDuplicates	Read     1,000,000 records.  Elapsed time: 00:00:07s.  Time for last 1,000,000:    7s.  Last read position: chr1:12,170,151
INFO	2016-05-15 04:17:11	MarkDuplicates	Tracking 3819 as yet unmatched pairs. 395 records in RAM.
INFO	2016-05-15 04:17:18	MarkDuplicates	Read     2,000,000 records.  Elapsed time: 00:00:14s.  Time for last 1,000,000:    7s.  Last read position: chr1:24,840,852
INFO	2016-05-15 04:17:18	MarkDuplicates	Tracking 7141 as yet unmatched pairs. 675 records in RAM.
INFO	2016-05-15 04:17:26	MarkDuplicates	Read     3,000,000 records.  Elapsed time: 00:00:22s.  Time for last 1,000,000:    7s.  Last read position: chr1:36,785,432
INFO	2016-05-15 04:17:26	MarkDuplicates	Tracking 10551 as yet unmatched pairs. 960 records in RAM.
INFO	2016-05-15 04:17:35	MarkDuplicates	Read     4,000,000 records.  Elapsed time: 00:00:31s.  Time for last 1,000,000:    9s.  Last read position: chr1:47,080,487
INFO	2016-05-15 04:17:35	MarkDuplicates	Tracking 13678 as yet unmatched pairs. 1026 records in RAM.
INFO	2016-05-15 04:17:44	MarkDuplicates	Read     5,000,000 records.  Elapsed time: 00:00:39s.  Time for last 1,000,000:    8s.  Last read position: chr1:75,055,405
INFO	2016-05-15 04:17:44	MarkDuplicates	Tracking 18487 as yet unmatched pairs. 1285 records in RAM.
INFO	2016-05-15 04:17:49	MarkDuplicates	Read     6,000,000 records.  Elapsed time: 00:00:45s.  Time for last 1,000,000:    5s.  Last read position: chr1:109,554,176
INFO	2016-05-15 04:17:49	MarkDuplicates	Tracking 23761 as yet unmatched pairs. 1357 records in RAM.
INFO	2016-05-15 04:17:59	MarkDuplicates	Read     7,000,000 records.  Elapsed time: 00:00:55s.  Time for last 1,000,000:   10s.  Last read position: chr1:147,380,910
INFO	2016-05-15 04:17:59	MarkDuplicates	Tracking 29109 as yet unmatched pairs. 1344 records in RAM.
INFO	2016-05-15 04:18:07	MarkDuplicates	Read     8,000,000 records.  Elapsed time: 00:01:02s.  Time for last 1,000,000:    7s.  Last read position: chr1:155,575,369
INFO	2016-05-15 04:18:07	MarkDuplicates	Tracking 31630 as yet unmatched pairs. 1126 records in RAM.
INFO	2016-05-15 04:18:12	MarkDuplicates	Read     9,000,000 records.  Elapsed time: 00:01:08s.  Time for last 1,000,000:    5s.  Last read position: chr1:166,818,784
INFO	2016-05-15 04:18:12	MarkDuplicates	Tracking 34632 as yet unmatched pairs. 1187 records in RAM.
INFO	2016-05-15 04:18:22	MarkDuplicates	Read    10,000,000 records.  Elapsed time: 00:01:18s.  Time for last 1,000,000:   10s.  Last read position: chr1:186,106,885
INFO	2016-05-15 04:18:22	MarkDuplicates	Tracking 38299 as yet unmatched pairs. 1038 records in RAM.
INFO	2016-05-15 04:18:28	MarkDuplicates	Read    11,000,000 records.  Elapsed time: 00:01:24s.  Time for last 1,000,000:    6s.  Last read position: chr1:207,652,476
INFO	2016-05-15 04:18:28	MarkDuplicates	Tracking 41941 as yet unmatched pairs. 712 records in RAM.
INFO	2016-05-15 04:18:40	MarkDuplicates	Read    12,000,000 records.  Elapsed time: 00:01:35s.  Time for last 1,000,000:   11s.  Last read position: chr1:230,883,203
INFO	2016-05-15 04:18:40	MarkDuplicates	Tracking 46000 as yet unmatched pairs. 463 records in RAM.
INFO	2016-05-15 04:18:46	MarkDuplicates	Read    13,000,000 records.  Elapsed time: 00:01:42s.  Time for last 1,000,000:    6s.  Last read position: chr2:10,051,431
INFO	2016-05-15 04:18:46	MarkDuplicates	Tracking 50402 as yet unmatched pairs. 6090 records in RAM.
INFO	2016-05-15 04:18:53	MarkDuplicates	Read    14,000,000 records.  Elapsed time: 00:01:49s.  Time for last 1,000,000:    7s.  Last read position: chr2:29,380,172
INFO	2016-05-15 04:18:53	MarkDuplicates	Tracking 53850 as yet unmatched pairs. 6259 records in RAM.
INFO	2016-05-15 04:18:57	MarkDuplicates	Read    15,000,000 records.  Elapsed time: 00:01:53s.  Time for last 1,000,000:    4s.  Last read position: chr2:58,387,232
INFO	2016-05-15 04:18:57	MarkDuplicates	Tracking 71926 as yet unmatched pairs. 5065 records in RAM.
INFO	2016-05-15 04:19:07	MarkDuplicates	Read    16,000,000 records.  Elapsed time: 00:02:02s.  Time for last 1,000,000:    9s.  Last read position: chr2:85,596,788
INFO	2016-05-15 04:19:07	MarkDuplicates	Tracking 75436 as yet unmatched pairs. 4725 records in RAM.
INFO	2016-05-15 04:19:13	MarkDuplicates	Read    17,000,000 records.  Elapsed time: 00:02:08s.  Time for last 1,000,000:    6s.  Last read position: chr2:113,299,772
INFO	2016-05-15 04:19:13	MarkDuplicates	Tracking 81092 as yet unmatched pairs. 4343 records in RAM.
INFO	2016-05-15 04:19:19	MarkDuplicates	Read    18,000,000 records.  Elapsed time: 00:02:15s.  Time for last 1,000,000:    6s.  Last read position: chr2:152,467,219
INFO	2016-05-15 04:19:19	MarkDuplicates	Tracking 88321 as yet unmatched pairs. 3356 records in RAM.
INFO	2016-05-15 04:19:25	MarkDuplicates	Read    19,000,000 records.  Elapsed time: 00:02:21s.  Time for last 1,000,000:    5s.  Last read position: chr2:178,936,419
INFO	2016-05-15 04:19:25	MarkDuplicates	Tracking 91677 as yet unmatched pairs. 2668 records in RAM.
INFO	2016-05-15 04:19:32	MarkDuplicates	Read    20,000,000 records.  Elapsed time: 00:02:28s.  Time for last 1,000,000:    7s.  Last read position: chr2:201,342,949
INFO	2016-05-15 04:19:32	MarkDuplicates	Tracking 94560 as yet unmatched pairs. 1926 records in RAM.
INFO	2016-05-15 04:19:37	MarkDuplicates	Read    21,000,000 records.  Elapsed time: 00:02:33s.  Time for last 1,000,000:    4s.  Last read position: chr2:220,077,385
INFO	2016-05-15 04:19:37	MarkDuplicates	Tracking 97225 as yet unmatched pairs. 1237 records in RAM.
INFO	2016-05-15 04:19:42	MarkDuplicates	Read    22,000,000 records.  Elapsed time: 00:02:38s.  Time for last 1,000,000:    4s.  Last read position: chr2:239,139,834
INFO	2016-05-15 04:19:42	MarkDuplicates	Tracking 100048 as yet unmatched pairs. 347 records in RAM.
INFO	2016-05-15 04:19:53	MarkDuplicates	Read    23,000,000 records.  Elapsed time: 00:02:49s.  Time for last 1,000,000:   11s.  Last read position: chr3:15,516,324
INFO	2016-05-15 04:19:53	MarkDuplicates	Tracking 102334 as yet unmatched pairs. 6352 records in RAM.
INFO	2016-05-15 04:19:59	MarkDuplicates	Read    24,000,000 records.  Elapsed time: 00:02:55s.  Time for last 1,000,000:    5s.  Last read position: chr3:44,612,603
INFO	2016-05-15 04:19:59	MarkDuplicates	Tracking 105312 as yet unmatched pairs. 5669 records in RAM.
INFO	2016-05-15 04:20:06	MarkDuplicates	Read    25,000,000 records.  Elapsed time: 00:03:02s.  Time for last 1,000,000:    7s.  Last read position: chr3:50,681,758
INFO	2016-05-15 04:20:06	MarkDuplicates	Tracking 106777 as yet unmatched pairs. 5217 records in RAM.
INFO	2016-05-15 04:20:11	MarkDuplicates	Read    26,000,000 records.  Elapsed time: 00:03:07s.  Time for last 1,000,000:    4s.  Last read position: chr3:73,432,649
INFO	2016-05-15 04:20:11	MarkDuplicates	Tracking 109478 as yet unmatched pairs. 4540 records in RAM.
INFO	2016-05-15 04:20:18	MarkDuplicates	Read    27,000,000 records.  Elapsed time: 00:03:14s.  Time for last 1,000,000:    7s.  Last read position: chr3:120,871,477
INFO	2016-05-15 04:20:18	MarkDuplicates	Tracking 113165 as yet unmatched pairs. 3260 records in RAM.
INFO	2016-05-15 04:20:25	MarkDuplicates	Read    28,000,000 records.  Elapsed time: 00:03:21s.  Time for last 1,000,000:    6s.  Last read position: chr3:137,787,806
INFO	2016-05-15 04:20:25	MarkDuplicates	Tracking 115273 as yet unmatched pairs. 2441 records in RAM.
INFO	2016-05-15 04:20:36	MarkDuplicates	Read    29,000,000 records.  Elapsed time: 00:03:32s.  Time for last 1,000,000:   11s.  Last read position: chr3:172,025,106
INFO	2016-05-15 04:20:36	MarkDuplicates	Tracking 118291 as yet unmatched pairs. 1360 records in RAM.
INFO	2016-05-15 04:20:41	MarkDuplicates	Read    30,000,000 records.  Elapsed time: 00:03:37s.  Time for last 1,000,000:    5s.  Last read position: chr3:197,212,889
INFO	2016-05-15 04:20:41	MarkDuplicates	Tracking 120564 as yet unmatched pairs. 56 records in RAM.
INFO	2016-05-15 04:20:48	MarkDuplicates	Read    31,000,000 records.  Elapsed time: 00:03:44s.  Time for last 1,000,000:    6s.  Last read position: chr4:24,836,570
INFO	2016-05-15 04:20:48	MarkDuplicates	Tracking 122894 as yet unmatched pairs. 7583 records in RAM.
INFO	2016-05-15 04:20:55	MarkDuplicates	Read    32,000,000 records.  Elapsed time: 00:03:50s.  Time for last 1,000,000:    6s.  Last read position: chr4:69,179,850
INFO	2016-05-15 04:20:55	MarkDuplicates	Tracking 128227 as yet unmatched pairs. 5661 records in RAM.
INFO	2016-05-15 04:21:02	MarkDuplicates	Read    33,000,000 records.  Elapsed time: 00:03:58s.  Time for last 1,000,000:    7s.  Last read position: chr4:99,927,108
INFO	2016-05-15 04:21:02	MarkDuplicates	Tracking 130611 as yet unmatched pairs. 3801 records in RAM.
INFO	2016-05-15 04:21:07	MarkDuplicates	Read    34,000,000 records.  Elapsed time: 00:04:03s.  Time for last 1,000,000:    5s.  Last read position: chr4:140,309,063
INFO	2016-05-15 04:21:07	MarkDuplicates	Tracking 133443 as yet unmatched pairs. 2435 records in RAM.
INFO	2016-05-15 04:21:19	MarkDuplicates	Read    35,000,000 records.  Elapsed time: 00:04:15s.  Time for last 1,000,000:   12s.  Last read position: chr4:184,432,167
INFO	2016-05-15 04:21:19	MarkDuplicates	Tracking 135976 as yet unmatched pairs. 665 records in RAM.
INFO	2016-05-15 04:21:26	MarkDuplicates	Read    36,000,000 records.  Elapsed time: 00:04:22s.  Time for last 1,000,000:    6s.  Last read position: chr5:35,788,883
INFO	2016-05-15 04:21:26	MarkDuplicates	Tracking 138708 as yet unmatched pairs. 8447 records in RAM.
INFO	2016-05-15 04:21:33	MarkDuplicates	Read    37,000,000 records.  Elapsed time: 00:04:29s.  Time for last 1,000,000:    7s.  Last read position: chr5:71,756,192
INFO	2016-05-15 04:21:33	MarkDuplicates	Tracking 140583 as yet unmatched pairs. 6380 records in RAM.
INFO	2016-05-15 04:21:38	MarkDuplicates	Read    38,000,000 records.  Elapsed time: 00:04:34s.  Time for last 1,000,000:    4s.  Last read position: chr5:112,177,409
INFO	2016-05-15 04:21:38	MarkDuplicates	Tracking 142920 as yet unmatched pairs. 4614 records in RAM.
INFO	2016-05-15 04:21:44	MarkDuplicates	Read    39,000,000 records.  Elapsed time: 00:04:40s.  Time for last 1,000,000:    6s.  Last read position: chr5:139,876,189
INFO	2016-05-15 04:21:44	MarkDuplicates	Tracking 144585 as yet unmatched pairs. 3007 records in RAM.
INFO	2016-05-15 04:21:49	MarkDuplicates	Read    40,000,000 records.  Elapsed time: 00:04:45s.  Time for last 1,000,000:    4s.  Last read position: chr5:150,921,822
INFO	2016-05-15 04:21:49	MarkDuplicates	Tracking 145604 as yet unmatched pairs. 2049 records in RAM.
INFO	2016-05-15 04:22:02	MarkDuplicates	Read    41,000,000 records.  Elapsed time: 00:04:58s.  Time for last 1,000,000:   12s.  Last read position: chr5:178,418,567
INFO	2016-05-15 04:22:02	MarkDuplicates	Tracking 146862 as yet unmatched pairs. 418 records in RAM.
INFO	2016-05-15 04:22:07	MarkDuplicates	Read    42,000,000 records.  Elapsed time: 00:05:03s.  Time for last 1,000,000:    5s.  Last read position: chr6:26,092,819
INFO	2016-05-15 04:22:07	MarkDuplicates	Tracking 148370 as yet unmatched pairs. 10318 records in RAM.
INFO	2016-05-15 04:22:13	MarkDuplicates	Read    43,000,000 records.  Elapsed time: 00:05:09s.  Time for last 1,000,000:    6s.  Last read position: chr6:32,134,620
INFO	2016-05-15 04:22:13	MarkDuplicates	Tracking 148963 as yet unmatched pairs. 9332 records in RAM.
INFO	2016-05-15 04:22:18	MarkDuplicates	Read    44,000,000 records.  Elapsed time: 00:05:14s.  Time for last 1,000,000:    4s.  Last read position: chr6:42,934,660
INFO	2016-05-15 04:22:18	MarkDuplicates	Tracking 149687 as yet unmatched pairs. 8081 records in RAM.
INFO	2016-05-15 04:22:25	MarkDuplicates	Read    45,000,000 records.  Elapsed time: 00:05:21s.  Time for last 1,000,000:    6s.  Last read position: chr6:71,234,441
INFO	2016-05-15 04:22:25	MarkDuplicates	Tracking 151128 as yet unmatched pairs. 6589 records in RAM.
INFO	2016-05-15 04:22:30	MarkDuplicates	Read    46,000,000 records.  Elapsed time: 00:05:26s.  Time for last 1,000,000:    4s.  Last read position: chr6:109,787,270
INFO	2016-05-15 04:22:30	MarkDuplicates	Tracking 152478 as yet unmatched pairs. 4532 records in RAM.
INFO	2016-05-15 04:22:37	MarkDuplicates	Read    47,000,000 records.  Elapsed time: 00:05:33s.  Time for last 1,000,000:    7s.  Last read position: chr6:142,489,399
INFO	2016-05-15 04:22:37	MarkDuplicates	Tracking 153395 as yet unmatched pairs. 2258 records in RAM.
INFO	2016-05-15 04:22:42	MarkDuplicates	Read    48,000,000 records.  Elapsed time: 00:05:38s.  Time for last 1,000,000:    4s.  Last read position: chr6:170,058,267
INFO	2016-05-15 04:22:42	MarkDuplicates	Tracking 154577 as yet unmatched pairs. 336 records in RAM.
INFO	2016-05-15 04:22:57	MarkDuplicates	Read    49,000,000 records.  Elapsed time: 00:05:53s.  Time for last 1,000,000:   14s.  Last read position: chr7:27,213,655
INFO	2016-05-15 04:22:57	MarkDuplicates	Tracking 154955 as yet unmatched pairs. 10849 records in RAM.
INFO	2016-05-15 04:23:03	MarkDuplicates	Read    50,000,000 records.  Elapsed time: 00:05:59s.  Time for last 1,000,000:    6s.  Last read position: chr7:61,969,396
INFO	2016-05-15 04:23:03	MarkDuplicates	Tracking 156133 as yet unmatched pairs. 8937 records in RAM.
INFO	2016-05-15 04:23:10	MarkDuplicates	Read    51,000,000 records.  Elapsed time: 00:06:06s.  Time for last 1,000,000:    6s.  Last read position: chr7:95,061,733
INFO	2016-05-15 04:23:10	MarkDuplicates	Tracking 156628 as yet unmatched pairs. 6126 records in RAM.
INFO	2016-05-15 04:24:17	MarkDuplicates	Read    52,000,000 records.  Elapsed time: 00:07:13s.  Time for last 1,000,000:   66s.  Last read position: chr7:107,216,973
INFO	2016-05-15 04:24:17	MarkDuplicates	Tracking 157215 as yet unmatched pairs. 4732 records in RAM.
INFO	2016-05-15 04:24:25	MarkDuplicates	Read    53,000,000 records.  Elapsed time: 00:07:20s.  Time for last 1,000,000:    7s.  Last read position: chr7:137,339,412
INFO	2016-05-15 04:24:25	MarkDuplicates	Tracking 158017 as yet unmatched pairs. 2415 records in RAM.
INFO	2016-05-15 04:24:29	MarkDuplicates	Read    54,000,000 records.  Elapsed time: 00:07:24s.  Time for last 1,000,000:    3s.  Last read position: chr7:152,551,385
INFO	2016-05-15 04:24:29	MarkDuplicates	Tracking 158299 as yet unmatched pairs. 602 records in RAM.
INFO	2016-05-15 04:24:34	MarkDuplicates	Read    55,000,000 records.  Elapsed time: 00:07:30s.  Time for last 1,000,000:    5s.  Last read position: chr8:24,346,954
INFO	2016-05-15 04:24:34	MarkDuplicates	Tracking 158653 as yet unmatched pairs. 9468 records in RAM.
INFO	2016-05-15 04:24:39	MarkDuplicates	Read    56,000,000 records.  Elapsed time: 00:07:35s.  Time for last 1,000,000:    4s.  Last read position: chr8:55,372,317
INFO	2016-05-15 04:24:39	MarkDuplicates	Tracking 159186 as yet unmatched pairs. 6979 records in RAM.
INFO	2016-05-15 04:24:46	MarkDuplicates	Read    57,000,000 records.  Elapsed time: 00:07:42s.  Time for last 1,000,000:    7s.  Last read position: chr8:97,013,428
INFO	2016-05-15 04:24:46	MarkDuplicates	Tracking 159352 as yet unmatched pairs. 4028 records in RAM.
INFO	2016-05-15 04:24:50	MarkDuplicates	Read    58,000,000 records.  Elapsed time: 00:07:45s.  Time for last 1,000,000:    3s.  Last read position: chr8:134,296,407
INFO	2016-05-15 04:24:50	MarkDuplicates	Tracking 159888 as yet unmatched pairs. 1557 records in RAM.
INFO	2016-05-15 04:25:01	MarkDuplicates	Read    59,000,000 records.  Elapsed time: 00:07:57s.  Time for last 1,000,000:   11s.  Last read position: chr9:12,821,618
INFO	2016-05-15 04:25:01	MarkDuplicates	Tracking 159745 as yet unmatched pairs. 11160 records in RAM.
INFO	2016-05-15 04:25:05	MarkDuplicates	Read    60,000,000 records.  Elapsed time: 00:08:01s.  Time for last 1,000,000:    3s.  Last read position: chr9:37,746,246
INFO	2016-05-15 04:25:05	MarkDuplicates	Tracking 159594 as yet unmatched pairs. 8893 records in RAM.
INFO	2016-05-15 04:25:10	MarkDuplicates	Read    61,000,000 records.  Elapsed time: 00:08:05s.  Time for last 1,000,000:    4s.  Last read position: chr9:98,801,146
INFO	2016-05-15 04:25:10	MarkDuplicates	Tracking 159458 as yet unmatched pairs. 5402 records in RAM.
INFO	2016-05-15 04:25:13	MarkDuplicates	Read    62,000,000 records.  Elapsed time: 00:08:09s.  Time for last 1,000,000:    3s.  Last read position: chr9:123,476,592
INFO	2016-05-15 04:25:13	MarkDuplicates	Tracking 159184 as yet unmatched pairs. 3182 records in RAM.
INFO	2016-05-15 04:25:18	MarkDuplicates	Read    63,000,000 records.  Elapsed time: 00:08:14s.  Time for last 1,000,000:    5s.  Last read position: chr9:134,385,648
INFO	2016-05-15 04:25:18	MarkDuplicates	Tracking 158998 as yet unmatched pairs. 1530 records in RAM.
INFO	2016-05-15 04:25:23	MarkDuplicates	Read    64,000,000 records.  Elapsed time: 00:08:19s.  Time for last 1,000,000:    4s.  Last read position: chr10:5,790,811
INFO	2016-05-15 04:25:23	MarkDuplicates	Tracking 158473 as yet unmatched pairs. 15628 records in RAM.
INFO	2016-05-15 04:25:26	MarkDuplicates	Read    65,000,000 records.  Elapsed time: 00:08:22s.  Time for last 1,000,000:    3s.  Last read position: chr10:38,241,529
INFO	2016-05-15 04:25:26	MarkDuplicates	Tracking 158079 as yet unmatched pairs. 12640 records in RAM.
INFO	2016-05-15 04:25:32	MarkDuplicates	Read    66,000,000 records.  Elapsed time: 00:08:28s.  Time for last 1,000,000:    5s.  Last read position: chr10:73,403,556
INFO	2016-05-15 04:25:32	MarkDuplicates	Tracking 157937 as yet unmatched pairs. 7835 records in RAM.
INFO	2016-05-15 04:25:35	MarkDuplicates	Read    67,000,000 records.  Elapsed time: 00:08:31s.  Time for last 1,000,000:    3s.  Last read position: chr10:96,534,661
INFO	2016-05-15 04:25:35	MarkDuplicates	Tracking 157211 as yet unmatched pairs. 5199 records in RAM.
INFO	2016-05-15 04:25:45	MarkDuplicates	Read    68,000,000 records.  Elapsed time: 00:08:41s.  Time for last 1,000,000:    9s.  Last read position: chr10:112,837,967
INFO	2016-05-15 04:25:45	MarkDuplicates	Tracking 156610 as yet unmatched pairs. 2837 records in RAM.
INFO	2016-05-15 04:25:49	MarkDuplicates	Read    69,000,000 records.  Elapsed time: 00:08:45s.  Time for last 1,000,000:    3s.  Last read position: chr11:193,838
INFO	2016-05-15 04:25:49	MarkDuplicates	Tracking 155636 as yet unmatched pairs. 17630 records in RAM.
INFO	2016-05-15 04:25:54	MarkDuplicates	Read    70,000,000 records.  Elapsed time: 00:08:50s.  Time for last 1,000,000:    5s.  Last read position: chr11:6,806,902
INFO	2016-05-15 04:25:54	MarkDuplicates	Tracking 155111 as yet unmatched pairs. 16204 records in RAM.
INFO	2016-05-15 04:25:58	MarkDuplicates	Read    71,000,000 records.  Elapsed time: 00:08:54s.  Time for last 1,000,000:    3s.  Last read position: chr11:32,977,613
INFO	2016-05-15 04:25:58	MarkDuplicates	Tracking 153897 as yet unmatched pairs. 13243 records in RAM.
INFO	2016-05-15 04:26:04	MarkDuplicates	Read    72,000,000 records.  Elapsed time: 00:09:00s.  Time for last 1,000,000:    6s.  Last read position: chr11:58,155,888
INFO	2016-05-15 04:26:04	MarkDuplicates	Tracking 153105 as yet unmatched pairs. 10566 records in RAM.
INFO	2016-05-15 04:26:08	MarkDuplicates	Read    73,000,000 records.  Elapsed time: 00:09:04s.  Time for last 1,000,000:    3s.  Last read position: chr11:64,900,370
INFO	2016-05-15 04:26:08	MarkDuplicates	Tracking 152589 as yet unmatched pairs. 9003 records in RAM.
INFO	2016-05-15 04:26:14	MarkDuplicates	Read    74,000,000 records.  Elapsed time: 00:09:10s.  Time for last 1,000,000:    5s.  Last read position: chr11:73,103,216
INFO	2016-05-15 04:26:14	MarkDuplicates	Tracking 151784 as yet unmatched pairs. 7272 records in RAM.
INFO	2016-05-15 04:26:18	MarkDuplicates	Read    75,000,000 records.  Elapsed time: 00:09:14s.  Time for last 1,000,000:    4s.  Last read position: chr11:103,093,694
INFO	2016-05-15 04:26:18	MarkDuplicates	Tracking 150783 as yet unmatched pairs. 4240 records in RAM.
INFO	2016-05-15 04:26:28	MarkDuplicates	Read    76,000,000 records.  Elapsed time: 00:09:24s.  Time for last 1,000,000:    9s.  Last read position: chr11:120,607,275
INFO	2016-05-15 04:26:28	MarkDuplicates	Tracking 149621 as yet unmatched pairs. 1683 records in RAM.
INFO	2016-05-15 04:26:32	MarkDuplicates	Read    77,000,000 records.  Elapsed time: 00:09:28s.  Time for last 1,000,000:    3s.  Last read position: chr12:6,078,578
INFO	2016-05-15 04:26:32	MarkDuplicates	Tracking 148477 as yet unmatched pairs. 17879 records in RAM.
INFO	2016-05-15 04:26:36	MarkDuplicates	Read    78,000,000 records.  Elapsed time: 00:09:32s.  Time for last 1,000,000:    4s.  Last read position: chr12:25,219,408
INFO	2016-05-15 04:26:36	MarkDuplicates	Tracking 147335 as yet unmatched pairs. 15386 records in RAM.
INFO	2016-05-15 04:26:40	MarkDuplicates	Read    79,000,000 records.  Elapsed time: 00:09:35s.  Time for last 1,000,000:    3s.  Last read position: chr12:50,232,400
INFO	2016-05-15 04:26:40	MarkDuplicates	Tracking 146236 as yet unmatched pairs. 12752 records in RAM.
INFO	2016-05-15 04:26:45	MarkDuplicates	Read    80,000,000 records.  Elapsed time: 00:09:41s.  Time for last 1,000,000:    5s.  Last read position: chr12:57,106,398
INFO	2016-05-15 04:26:45	MarkDuplicates	Tracking 145402 as yet unmatched pairs. 10959 records in RAM.
INFO	2016-05-15 04:26:49	MarkDuplicates	Read    81,000,000 records.  Elapsed time: 00:09:45s.  Time for last 1,000,000:    4s.  Last read position: chr12:85,497,805
INFO	2016-05-15 04:26:49	MarkDuplicates	Tracking 143406 as yet unmatched pairs. 7073 records in RAM.
INFO	2016-05-15 04:26:56	MarkDuplicates	Read    82,000,000 records.  Elapsed time: 00:09:52s.  Time for last 1,000,000:    6s.  Last read position: chr12:110,783,634
INFO	2016-05-15 04:26:56	MarkDuplicates	Tracking 141726 as yet unmatched pairs. 3815 records in RAM.
INFO	2016-05-15 04:27:00	MarkDuplicates	Read    83,000,000 records.  Elapsed time: 00:09:56s.  Time for last 1,000,000:    4s.  Last read position: chr12:124,796,364
INFO	2016-05-15 04:27:00	MarkDuplicates	Tracking 140408 as yet unmatched pairs. 1311 records in RAM.
INFO	2016-05-15 04:27:12	MarkDuplicates	Read    84,000,000 records.  Elapsed time: 00:10:07s.  Time for last 1,000,000:   11s.  Last read position: chr13:33,683,963
INFO	2016-05-15 04:27:12	MarkDuplicates	Tracking 138625 as yet unmatched pairs. 8045 records in RAM.
INFO	2016-05-15 04:27:16	MarkDuplicates	Read    85,000,000 records.  Elapsed time: 00:10:12s.  Time for last 1,000,000:    4s.  Last read position: chr13:79,213,365
INFO	2016-05-15 04:27:16	MarkDuplicates	Tracking 136052 as yet unmatched pairs. 3513 records in RAM.
INFO	2016-05-15 04:27:20	MarkDuplicates	Read    86,000,000 records.  Elapsed time: 00:10:15s.  Time for last 1,000,000:    3s.  Last read position: chr14:21,560,034
INFO	2016-05-15 04:27:20	MarkDuplicates	Tracking 133684 as yet unmatched pairs. 12280 records in RAM.
INFO	2016-05-15 04:27:24	MarkDuplicates	Read    87,000,000 records.  Elapsed time: 00:10:20s.  Time for last 1,000,000:    4s.  Last read position: chr14:39,530,957
INFO	2016-05-15 04:27:24	MarkDuplicates	Tracking 132217 as yet unmatched pairs. 9874 records in RAM.
INFO	2016-05-15 04:27:28	MarkDuplicates	Read    88,000,000 records.  Elapsed time: 00:10:24s.  Time for last 1,000,000:    3s.  Last read position: chr14:68,222,642
INFO	2016-05-15 04:27:28	MarkDuplicates	Tracking 129914 as yet unmatched pairs. 6217 records in RAM.
INFO	2016-05-15 04:27:34	MarkDuplicates	Read    89,000,000 records.  Elapsed time: 00:10:30s.  Time for last 1,000,000:    6s.  Last read position: chr14:93,142,716
INFO	2016-05-15 04:27:34	MarkDuplicates	Tracking 127695 as yet unmatched pairs. 2737 records in RAM.
INFO	2016-05-15 04:27:38	MarkDuplicates	Read    90,000,000 records.  Elapsed time: 00:10:34s.  Time for last 1,000,000:    3s.  Last read position: chr15:24,923,509
INFO	2016-05-15 04:27:38	MarkDuplicates	Tracking 125777 as yet unmatched pairs. 12819 records in RAM.
INFO	2016-05-15 04:27:45	MarkDuplicates	Read    91,000,000 records.  Elapsed time: 00:10:41s.  Time for last 1,000,000:    7s.  Last read position: chr15:42,749,260
INFO	2016-05-15 04:27:45	MarkDuplicates	Tracking 124198 as yet unmatched pairs. 10283 records in RAM.
INFO	2016-05-15 04:27:49	MarkDuplicates	Read    92,000,000 records.  Elapsed time: 00:10:45s.  Time for last 1,000,000:    3s.  Last read position: chr15:59,408,943
INFO	2016-05-15 04:27:49	MarkDuplicates	Tracking 121861 as yet unmatched pairs. 6972 records in RAM.
INFO	2016-05-15 04:27:55	MarkDuplicates	Read    93,000,000 records.  Elapsed time: 00:10:51s.  Time for last 1,000,000:    6s.  Last read position: chr15:75,694,278
INFO	2016-05-15 04:27:55	MarkDuplicates	Tracking 120063 as yet unmatched pairs. 4312 records in RAM.
INFO	2016-05-15 04:27:59	MarkDuplicates	Read    94,000,000 records.  Elapsed time: 00:10:54s.  Time for last 1,000,000:    3s.  Last read position: chr15:96,880,345
INFO	2016-05-15 04:27:59	MarkDuplicates	Tracking 117503 as yet unmatched pairs. 678 records in RAM.
INFO	2016-05-15 04:28:10	MarkDuplicates	Read    95,000,000 records.  Elapsed time: 00:11:06s.  Time for last 1,000,000:   11s.  Last read position: chr16:3,641,301
INFO	2016-05-15 04:28:10	MarkDuplicates	Tracking 115947 as yet unmatched pairs. 16223 records in RAM.
INFO	2016-05-15 04:28:14	MarkDuplicates	Read    96,000,000 records.  Elapsed time: 00:11:10s.  Time for last 1,000,000:    4s.  Last read position: chr16:23,718,223
INFO	2016-05-15 04:28:14	MarkDuplicates	Tracking 113261 as yet unmatched pairs. 12607 records in RAM.
INFO	2016-05-15 04:28:19	MarkDuplicates	Read    97,000,000 records.  Elapsed time: 00:11:15s.  Time for last 1,000,000:    5s.  Last read position: chr16:48,399,233
INFO	2016-05-15 04:28:19	MarkDuplicates	Tracking 110012 as yet unmatched pairs. 7620 records in RAM.
INFO	2016-05-15 04:28:23	MarkDuplicates	Read    98,000,000 records.  Elapsed time: 00:11:19s.  Time for last 1,000,000:    3s.  Last read position: chr16:68,155,838
INFO	2016-05-15 04:28:23	MarkDuplicates	Tracking 107862 as yet unmatched pairs. 4678 records in RAM.
INFO	2016-05-15 04:28:29	MarkDuplicates	Read    99,000,000 records.  Elapsed time: 00:11:24s.  Time for last 1,000,000:    5s.  Last read position: chr16:87,446,655
INFO	2016-05-15 04:28:29	MarkDuplicates	Tracking 105058 as yet unmatched pairs. 898 records in RAM.
INFO	2016-05-15 04:28:33	MarkDuplicates	Read   100,000,000 records.  Elapsed time: 00:11:29s.  Time for last 1,000,000:    4s.  Last read position: chr17:5,134,365
INFO	2016-05-15 04:28:33	MarkDuplicates	Tracking 102929 as yet unmatched pairs. 18886 records in RAM.
INFO	2016-05-15 04:28:40	MarkDuplicates	Read   101,000,000 records.  Elapsed time: 00:11:36s.  Time for last 1,000,000:    7s.  Last read position: chr17:14,005,564
INFO	2016-05-15 04:28:40	MarkDuplicates	Tracking 101018 as yet unmatched pairs. 16537 records in RAM.
INFO	2016-05-15 04:28:44	MarkDuplicates	Read   102,000,000 records.  Elapsed time: 00:11:40s.  Time for last 1,000,000:    3s.  Last read position: chr17:29,623,055
INFO	2016-05-15 04:28:44	MarkDuplicates	Tracking 98746 as yet unmatched pairs. 13563 records in RAM.
INFO	2016-05-15 04:28:48	MarkDuplicates	Read   103,000,000 records.  Elapsed time: 00:11:43s.  Time for last 1,000,000:    3s.  Last read position: chr17:40,062,677
INFO	2016-05-15 04:28:48	MarkDuplicates	Tracking 96189 as yet unmatched pairs. 10416 records in RAM.
INFO	2016-05-15 04:31:10	MarkDuplicates	Read   104,000,000 records.  Elapsed time: 00:14:06s.  Time for last 1,000,000:  142s.  Last read position: chr17:48,264,118
INFO	2016-05-15 04:31:10	MarkDuplicates	Tracking 93893 as yet unmatched pairs. 7531 records in RAM.
INFO	2016-05-15 04:31:14	MarkDuplicates	Read   105,000,000 records.  Elapsed time: 00:14:10s.  Time for last 1,000,000:    4s.  Last read position: chr17:65,082,955
INFO	2016-05-15 04:31:14	MarkDuplicates	Tracking 91250 as yet unmatched pairs. 4253 records in RAM.
INFO	2016-05-15 04:31:19	MarkDuplicates	Read   106,000,000 records.  Elapsed time: 00:14:15s.  Time for last 1,000,000:    5s.  Last read position: chr17:77,681,235
INFO	2016-05-15 04:31:19	MarkDuplicates	Tracking 88912 as yet unmatched pairs. 1305 records in RAM.
INFO	2016-05-15 04:31:25	MarkDuplicates	Read   107,000,000 records.  Elapsed time: 00:14:21s.  Time for last 1,000,000:    5s.  Last read position: chr18:14,913,465
INFO	2016-05-15 04:31:25	MarkDuplicates	Tracking 85973 as yet unmatched pairs. 8582 records in RAM.
INFO	2016-05-15 04:31:32	MarkDuplicates	Read   108,000,000 records.  Elapsed time: 00:14:28s.  Time for last 1,000,000:    7s.  Last read position: chr18:55,274,714
INFO	2016-05-15 04:31:32	MarkDuplicates	Tracking 81392 as yet unmatched pairs. 3129 records in RAM.
INFO	2016-05-15 04:31:36	MarkDuplicates	Read   109,000,000 records.  Elapsed time: 00:14:32s.  Time for last 1,000,000:    3s.  Last read position: chr19:3,282,239
INFO	2016-05-15 04:31:36	MarkDuplicates	Tracking 77656 as yet unmatched pairs. 21325 records in RAM.
INFO	2016-05-15 04:31:41	MarkDuplicates	Read   110,000,000 records.  Elapsed time: 00:14:37s.  Time for last 1,000,000:    4s.  Last read position: chr19:9,577,268
INFO	2016-05-15 04:31:41	MarkDuplicates	Tracking 75116 as yet unmatched pairs. 18497 records in RAM.
INFO	2016-05-15 04:31:44	MarkDuplicates	Read   111,000,000 records.  Elapsed time: 00:14:40s.  Time for last 1,000,000:    3s.  Last read position: chr19:15,550,643
INFO	2016-05-15 04:31:44	MarkDuplicates	Tracking 72574 as yet unmatched pairs. 15685 records in RAM.
INFO	2016-05-15 04:31:50	MarkDuplicates	Read   112,000,000 records.  Elapsed time: 00:14:46s.  Time for last 1,000,000:    5s.  Last read position: chr19:33,902,634
INFO	2016-05-15 04:31:50	MarkDuplicates	Tracking 68503 as yet unmatched pairs. 11179 records in RAM.
INFO	2016-05-15 04:31:54	MarkDuplicates	Read   113,000,000 records.  Elapsed time: 00:14:50s.  Time for last 1,000,000:    3s.  Last read position: chr19:40,754,397
INFO	2016-05-15 04:31:54	MarkDuplicates	Tracking 65767 as yet unmatched pairs. 8170 records in RAM.
INFO	2016-05-15 04:32:00	MarkDuplicates	Read   114,000,000 records.  Elapsed time: 00:14:56s.  Time for last 1,000,000:    5s.  Last read position: chr19:47,422,602
INFO	2016-05-15 04:32:00	MarkDuplicates	Tracking 63552 as yet unmatched pairs. 5679 records in RAM.
INFO	2016-05-15 04:32:04	MarkDuplicates	Read   115,000,000 records.  Elapsed time: 00:14:59s.  Time for last 1,000,000:    3s.  Last read position: chr19:52,869,932
INFO	2016-05-15 04:32:04	MarkDuplicates	Tracking 61047 as yet unmatched pairs. 2903 records in RAM.
INFO	2016-05-15 04:32:09	MarkDuplicates	Read   116,000,000 records.  Elapsed time: 00:15:05s.  Time for last 1,000,000:    5s.  Last read position: chr19:59,021,140
INFO	2016-05-15 04:32:09	MarkDuplicates	Tracking 58572 as yet unmatched pairs. 134 records in RAM.
INFO	2016-05-15 04:32:13	MarkDuplicates	Read   117,000,000 records.  Elapsed time: 00:15:09s.  Time for last 1,000,000:    4s.  Last read position: chr20:25,490,532
INFO	2016-05-15 04:32:13	MarkDuplicates	Tracking 54934 as yet unmatched pairs. 8396 records in RAM.
INFO	2016-05-15 04:32:21	MarkDuplicates	Read   118,000,000 records.  Elapsed time: 00:15:17s.  Time for last 1,000,000:    7s.  Last read position: chr20:43,113,052
INFO	2016-05-15 04:32:21	MarkDuplicates	Tracking 51803 as yet unmatched pairs. 4423 records in RAM.
INFO	2016-05-15 04:32:26	MarkDuplicates	Read   119,000,000 records.  Elapsed time: 00:15:21s.  Time for last 1,000,000:    4s.  Last read position: chr20:61,511,748
INFO	2016-05-15 04:32:26	MarkDuplicates	Tracking 48444 as yet unmatched pairs. 760 records in RAM.
INFO	2016-05-15 04:32:32	MarkDuplicates	Read   120,000,000 records.  Elapsed time: 00:15:28s.  Time for last 1,000,000:    6s.  Last read position: chr21:40,574,340
INFO	2016-05-15 04:32:32	MarkDuplicates	Tracking 42323 as yet unmatched pairs. 2102 records in RAM.
INFO	2016-05-15 04:32:37	MarkDuplicates	Read   121,000,000 records.  Elapsed time: 00:15:33s.  Time for last 1,000,000:    5s.  Last read position: chr22:21,407,649
INFO	2016-05-15 04:32:37	MarkDuplicates	Tracking 39226 as yet unmatched pairs. 7853 records in RAM.
INFO	2016-05-15 04:32:41	MarkDuplicates	Read   122,000,000 records.  Elapsed time: 00:15:37s.  Time for last 1,000,000:    3s.  Last read position: chr22:35,813,891
INFO	2016-05-15 04:32:41	MarkDuplicates	Tracking 35904 as yet unmatched pairs. 4343 records in RAM.
INFO	2016-05-15 04:32:46	MarkDuplicates	Read   123,000,000 records.  Elapsed time: 00:15:42s.  Time for last 1,000,000:    5s.  Last read position: chr22:46,752,900
INFO	2016-05-15 04:32:47	MarkDuplicates	Tracking 32906 as yet unmatched pairs. 1182 records in RAM.
INFO	2016-05-15 04:32:50	MarkDuplicates	Read   124,000,000 records.  Elapsed time: 00:15:46s.  Time for last 1,000,000:    4s.  Last read position: chrX:23,925,927
INFO	2016-05-15 04:32:51	MarkDuplicates	Tracking 28197 as yet unmatched pairs. 21540 records in RAM.
INFO	2016-05-15 04:32:56	MarkDuplicates	Read   125,000,000 records.  Elapsed time: 00:15:52s.  Time for last 1,000,000:    5s.  Last read position: chrX:50,065,112
INFO	2016-05-15 04:32:56	MarkDuplicates	Tracking 23764 as yet unmatched pairs. 17092 records in RAM.
INFO	2016-05-15 04:33:00	MarkDuplicates	Read   126,000,000 records.  Elapsed time: 00:15:56s.  Time for last 1,000,000:    3s.  Last read position: chrX:76,776,644
INFO	2016-05-15 04:33:00	MarkDuplicates	Tracking 19245 as yet unmatched pairs. 12557 records in RAM.
INFO	2016-05-15 04:33:06	MarkDuplicates	Read   127,000,000 records.  Elapsed time: 00:16:02s.  Time for last 1,000,000:    6s.  Last read position: chrX:117,959,148
INFO	2016-05-15 04:33:06	MarkDuplicates	Tracking 13765 as yet unmatched pairs. 7040 records in RAM.
INFO	2016-05-15 04:33:10	MarkDuplicates	Read   128,000,000 records.  Elapsed time: 00:16:06s.  Time for last 1,000,000:    3s.  Last read position: chrX:152,482,608
INFO	2016-05-15 04:33:10	MarkDuplicates	Tracking 8011 as yet unmatched pairs. 1261 records in RAM.
INFO	2016-05-15 04:33:12	MarkDuplicates	Read 128426016 records. 0 pairs never matched.
INFO	2016-05-15 04:34:07	MarkDuplicates	After buildSortedReadEndLists freeMemory: 7833115408; totalMemory: 7923564544; maxMemory: 13362528256
INFO	2016-05-15 04:34:07	MarkDuplicates	Will retain up to 417579008 duplicate indices before spilling to disk.
INFO	2016-05-15 04:34:07	MarkDuplicates	Traversing read pair information and detecting duplicates.
INFO	2016-05-15 04:35:21	MarkDuplicates	Traversing fragment information and detecting duplicates.
INFO	2016-05-15 04:36:36	MarkDuplicates	Sorting list of duplicate records.
INFO	2016-05-15 04:36:38	MarkDuplicates	After generateDuplicateIndexes freeMemory: 7812278768; totalMemory: 11240210432; maxMemory: 13362528256
INFO	2016-05-15 04:36:38	MarkDuplicates	Marking 13001975 records as duplicates.
INFO	2016-05-15 04:36:38	MarkDuplicates	Found 2877 optical duplicate clusters.
INFO	2016-05-15 04:36:38	MarkDuplicates	Reads are assumed to be ordered by: coordinate
INFO	2016-05-15 04:39:08	MarkDuplicates	Written    10,000,000 records.  Elapsed time: 00:02:29s.  Time for last 10,000,000:  149s.  Last read position: chr1:186,106,885
INFO	2016-05-15 04:41:46	MarkDuplicates	Written    20,000,000 records.  Elapsed time: 00:05:06s.  Time for last 10,000,000:  157s.  Last read position: chr2:201,342,949
INFO	2016-05-15 04:44:12	MarkDuplicates	Written    30,000,000 records.  Elapsed time: 00:07:32s.  Time for last 10,000,000:  145s.  Last read position: chr3:197,212,889
INFO	2016-05-15 04:46:45	MarkDuplicates	Written    40,000,000 records.  Elapsed time: 00:10:06s.  Time for last 10,000,000:  153s.  Last read position: chr5:150,921,822
INFO	2016-05-15 04:49:11	MarkDuplicates	Written    50,000,000 records.  Elapsed time: 00:12:31s.  Time for last 10,000,000:  145s.  Last read position: chr7:61,969,396
INFO	2016-05-15 04:51:37	MarkDuplicates	Written    60,000,000 records.  Elapsed time: 00:14:58s.  Time for last 10,000,000:  146s.  Last read position: chr9:37,746,246
INFO	2016-05-15 04:54:07	MarkDuplicates	Written    70,000,000 records.  Elapsed time: 00:17:28s.  Time for last 10,000,000:  149s.  Last read position: chr11:6,806,902
INFO	2016-05-15 04:56:35	MarkDuplicates	Written    80,000,000 records.  Elapsed time: 00:19:56s.  Time for last 10,000,000:  148s.  Last read position: chr12:57,106,398
INFO	2016-05-15 04:58:56	MarkDuplicates	Written    90,000,000 records.  Elapsed time: 00:22:17s.  Time for last 10,000,000:  141s.  Last read position: chr15:24,923,509
INFO	2016-05-15 05:01:21	MarkDuplicates	Written   100,000,000 records.  Elapsed time: 00:24:42s.  Time for last 10,000,000:  145s.  Last read position: chr17:5,134,365
INFO	2016-05-15 05:03:45	MarkDuplicates	Written   110,000,000 records.  Elapsed time: 00:27:05s.  Time for last 10,000,000:  143s.  Last read position: chr19:9,577,268
INFO	2016-05-15 05:06:15	MarkDuplicates	Written   120,000,000 records.  Elapsed time: 00:29:36s.  Time for last 10,000,000:  150s.  Last read position: chr21:40,574,340
INFO	2016-05-15 05:08:21	MarkDuplicates	Before output close freeMemory: 11232026032; totalMemory: 11329863680; maxMemory: 13362528256
INFO	2016-05-15 05:08:23	MarkDuplicates	After output close freeMemory: 11219966456; totalMemory: 11317805056; maxMemory: 13362528256
[Sun May 15 05:08:23 EDT 2016] picard.sam.markduplicates.MarkDuplicates done. Elapsed time: 51.34 minutes.
Runtime.totalMemory()=11317805056
[Sun May 15 05:08:24 EDT 2016] picard.sam.AddOrReplaceReadGroups INPUT=p_DS_bkm_099-N/p_DS_bkm_099-N.sorted.MarkDup.bam OUTPUT=p_DS_bkm_099-N/p_DS_bkm_099-N.sorted.MarkDup.fixed.bam SORT_ORDER=coordinate RGID=id RGLB=bar RGPL=Illumina RGPU=platform RGSM=sample1 TMP_DIR=[tmp] VALIDATION_STRINGENCY=SILENT CREATE_INDEX=true    VERBOSITY=INFO QUIET=false COMPRESSION_LEVEL=5 MAX_RECORDS_IN_RAM=500000 CREATE_MD5_FILE=false GA4GH_CLIENT_SECRETS=client_secrets.json
[Sun May 15 05:08:24 EDT 2016] Executing as abdelrahman@compute-1-4.local on Linux 2.6.32-279.14.1.el6.x86_64 amd64; Java HotSpot(TM) 64-Bit Server VM 1.8.0_45-b14; Picard version: 2.3.0(9a00c87b7ffdb01cfb5a0d6e76556146196babb8_1463071327) IntelDeflater
INFO	2016-05-15 05:08:24	AddOrReplaceReadGroups	Created read group ID=id PL=Illumina LB=bar SM=sample1

INFO	2016-05-15 05:08:40	AddOrReplaceReadGroups	Processed     1,000,000 records.  Elapsed time: 00:00:15s.  Time for last 1,000,000:   15s.  Last read position: chr1:12,170,151
INFO	2016-05-15 05:08:54	AddOrReplaceReadGroups	Processed     2,000,000 records.  Elapsed time: 00:00:29s.  Time for last 1,000,000:   13s.  Last read position: chr1:24,840,852
INFO	2016-05-15 05:09:12	AddOrReplaceReadGroups	Processed     3,000,000 records.  Elapsed time: 00:00:47s.  Time for last 1,000,000:   17s.  Last read position: chr1:36,785,432
INFO	2016-05-15 05:09:26	AddOrReplaceReadGroups	Processed     4,000,000 records.  Elapsed time: 00:01:02s.  Time for last 1,000,000:   14s.  Last read position: chr1:47,080,487
INFO	2016-05-15 05:09:40	AddOrReplaceReadGroups	Processed     5,000,000 records.  Elapsed time: 00:01:16s.  Time for last 1,000,000:   13s.  Last read position: chr1:75,055,405
INFO	2016-05-15 05:09:53	AddOrReplaceReadGroups	Processed     6,000,000 records.  Elapsed time: 00:01:29s.  Time for last 1,000,000:   13s.  Last read position: chr1:109,554,176
INFO	2016-05-15 05:10:11	AddOrReplaceReadGroups	Processed     7,000,000 records.  Elapsed time: 00:01:46s.  Time for last 1,000,000:   17s.  Last read position: chr1:147,380,910
INFO	2016-05-15 05:10:24	AddOrReplaceReadGroups	Processed     8,000,000 records.  Elapsed time: 00:01:59s.  Time for last 1,000,000:   13s.  Last read position: chr1:155,575,369
INFO	2016-05-15 05:10:37	AddOrReplaceReadGroups	Processed     9,000,000 records.  Elapsed time: 00:02:12s.  Time for last 1,000,000:   12s.  Last read position: chr1:166,818,784
INFO	2016-05-15 05:10:49	AddOrReplaceReadGroups	Processed    10,000,000 records.  Elapsed time: 00:02:24s.  Time for last 1,000,000:   12s.  Last read position: chr1:186,106,885
INFO	2016-05-15 05:11:10	AddOrReplaceReadGroups	Processed    11,000,000 records.  Elapsed time: 00:02:45s.  Time for last 1,000,000:   20s.  Last read position: chr1:207,652,476
INFO	2016-05-15 05:11:23	AddOrReplaceReadGroups	Processed    12,000,000 records.  Elapsed time: 00:02:58s.  Time for last 1,000,000:   13s.  Last read position: chr1:230,883,203
INFO	2016-05-15 05:11:39	AddOrReplaceReadGroups	Processed    13,000,000 records.  Elapsed time: 00:03:14s.  Time for last 1,000,000:   15s.  Last read position: chr2:10,051,431
INFO	2016-05-15 05:11:51	AddOrReplaceReadGroups	Processed    14,000,000 records.  Elapsed time: 00:03:27s.  Time for last 1,000,000:   12s.  Last read position: chr2:29,380,172
INFO	2016-05-15 05:12:05	AddOrReplaceReadGroups	Processed    15,000,000 records.  Elapsed time: 00:03:40s.  Time for last 1,000,000:   13s.  Last read position: chr2:58,387,232
INFO	2016-05-15 05:12:17	AddOrReplaceReadGroups	Processed    16,000,000 records.  Elapsed time: 00:03:52s.  Time for last 1,000,000:   12s.  Last read position: chr2:85,596,788
INFO	2016-05-15 05:12:32	AddOrReplaceReadGroups	Processed    17,000,000 records.  Elapsed time: 00:04:07s.  Time for last 1,000,000:   14s.  Last read position: chr2:113,299,772
INFO	2016-05-15 05:12:50	AddOrReplaceReadGroups	Processed    18,000,000 records.  Elapsed time: 00:04:25s.  Time for last 1,000,000:   17s.  Last read position: chr2:152,467,219
INFO	2016-05-15 05:13:02	AddOrReplaceReadGroups	Processed    19,000,000 records.  Elapsed time: 00:04:37s.  Time for last 1,000,000:   12s.  Last read position: chr2:178,936,419
INFO	2016-05-15 05:13:15	AddOrReplaceReadGroups	Processed    20,000,000 records.  Elapsed time: 00:04:50s.  Time for last 1,000,000:   13s.  Last read position: chr2:201,342,949
INFO	2016-05-15 05:13:34	AddOrReplaceReadGroups	Processed    21,000,000 records.  Elapsed time: 00:05:09s.  Time for last 1,000,000:   18s.  Last read position: chr2:220,077,385
INFO	2016-05-15 05:13:46	AddOrReplaceReadGroups	Processed    22,000,000 records.  Elapsed time: 00:05:21s.  Time for last 1,000,000:   12s.  Last read position: chr2:239,139,834
INFO	2016-05-15 05:13:59	AddOrReplaceReadGroups	Processed    23,000,000 records.  Elapsed time: 00:05:34s.  Time for last 1,000,000:   12s.  Last read position: chr3:15,516,324
INFO	2016-05-15 05:14:19	AddOrReplaceReadGroups	Processed    24,000,000 records.  Elapsed time: 00:05:54s.  Time for last 1,000,000:   20s.  Last read position: chr3:44,612,603
INFO	2016-05-15 05:14:38	AddOrReplaceReadGroups	Processed    25,000,000 records.  Elapsed time: 00:06:13s.  Time for last 1,000,000:   18s.  Last read position: chr3:50,681,758
INFO	2016-05-15 05:14:50	AddOrReplaceReadGroups	Processed    26,000,000 records.  Elapsed time: 00:06:25s.  Time for last 1,000,000:   12s.  Last read position: chr3:73,432,649
INFO	2016-05-15 05:15:03	AddOrReplaceReadGroups	Processed    27,000,000 records.  Elapsed time: 00:06:38s.  Time for last 1,000,000:   12s.  Last read position: chr3:120,871,477
INFO	2016-05-15 05:15:19	AddOrReplaceReadGroups	Processed    28,000,000 records.  Elapsed time: 00:06:54s.  Time for last 1,000,000:   15s.  Last read position: chr3:137,787,806
INFO	2016-05-15 05:15:31	AddOrReplaceReadGroups	Processed    29,000,000 records.  Elapsed time: 00:07:06s.  Time for last 1,000,000:   12s.  Last read position: chr3:172,025,106
INFO	2016-05-15 05:15:47	AddOrReplaceReadGroups	Processed    30,000,000 records.  Elapsed time: 00:07:22s.  Time for last 1,000,000:   15s.  Last read position: chr3:197,212,889
INFO	2016-05-15 05:16:00	AddOrReplaceReadGroups	Processed    31,000,000 records.  Elapsed time: 00:07:35s.  Time for last 1,000,000:   12s.  Last read position: chr4:24,836,570
INFO	2016-05-15 05:16:16	AddOrReplaceReadGroups	Processed    32,000,000 records.  Elapsed time: 00:07:51s.  Time for last 1,000,000:   16s.  Last read position: chr4:69,179,850
INFO	2016-05-15 05:16:28	AddOrReplaceReadGroups	Processed    33,000,000 records.  Elapsed time: 00:08:03s.  Time for last 1,000,000:   12s.  Last read position: chr4:99,927,108
INFO	2016-05-15 05:16:44	AddOrReplaceReadGroups	Processed    34,000,000 records.  Elapsed time: 00:08:19s.  Time for last 1,000,000:   15s.  Last read position: chr4:140,309,063
INFO	2016-05-15 05:16:57	AddOrReplaceReadGroups	Processed    35,000,000 records.  Elapsed time: 00:08:32s.  Time for last 1,000,000:   12s.  Last read position: chr4:184,432,167
INFO	2016-05-15 05:17:09	AddOrReplaceReadGroups	Processed    36,000,000 records.  Elapsed time: 00:08:45s.  Time for last 1,000,000:   12s.  Last read position: chr5:35,788,883
INFO	2016-05-15 05:17:23	AddOrReplaceReadGroups	Processed    37,000,000 records.  Elapsed time: 00:08:58s.  Time for last 1,000,000:   13s.  Last read position: chr5:71,756,192
INFO	2016-05-15 05:17:39	AddOrReplaceReadGroups	Processed    38,000,000 records.  Elapsed time: 00:09:14s.  Time for last 1,000,000:   15s.  Last read position: chr5:112,177,409
INFO	2016-05-15 05:17:51	AddOrReplaceReadGroups	Processed    39,000,000 records.  Elapsed time: 00:09:26s.  Time for last 1,000,000:   12s.  Last read position: chr5:139,876,189
INFO	2016-05-15 05:18:04	AddOrReplaceReadGroups	Processed    40,000,000 records.  Elapsed time: 00:09:39s.  Time for last 1,000,000:   12s.  Last read position: chr5:150,921,822
INFO	2016-05-15 05:18:20	AddOrReplaceReadGroups	Processed    41,000,000 records.  Elapsed time: 00:09:55s.  Time for last 1,000,000:   16s.  Last read position: chr5:178,418,567
INFO	2016-05-15 05:18:34	AddOrReplaceReadGroups	Processed    42,000,000 records.  Elapsed time: 00:10:09s.  Time for last 1,000,000:   13s.  Last read position: chr6:26,092,819
INFO	2016-05-15 05:18:50	AddOrReplaceReadGroups	Processed    43,000,000 records.  Elapsed time: 00:10:25s.  Time for last 1,000,000:   16s.  Last read position: chr6:32,134,620
INFO	2016-05-15 05:19:03	AddOrReplaceReadGroups	Processed    44,000,000 records.  Elapsed time: 00:10:38s.  Time for last 1,000,000:   12s.  Last read position: chr6:42,934,660
INFO	2016-05-15 05:19:15	AddOrReplaceReadGroups	Processed    45,000,000 records.  Elapsed time: 00:10:51s.  Time for last 1,000,000:   12s.  Last read position: chr6:71,234,441
INFO	2016-05-15 05:19:28	AddOrReplaceReadGroups	Processed    46,000,000 records.  Elapsed time: 00:11:03s.  Time for last 1,000,000:   12s.  Last read position: chr6:109,787,270
INFO	2016-05-15 05:19:41	AddOrReplaceReadGroups	Processed    47,000,000 records.  Elapsed time: 00:11:16s.  Time for last 1,000,000:   13s.  Last read position: chr6:142,489,399
INFO	2016-05-15 05:19:54	AddOrReplaceReadGroups	Processed    48,000,000 records.  Elapsed time: 00:11:29s.  Time for last 1,000,000:   12s.  Last read position: chr6:170,058,267
INFO	2016-05-15 05:20:10	AddOrReplaceReadGroups	Processed    49,000,000 records.  Elapsed time: 00:11:45s.  Time for last 1,000,000:   16s.  Last read position: chr7:27,213,655
INFO	2016-05-15 05:20:23	AddOrReplaceReadGroups	Processed    50,000,000 records.  Elapsed time: 00:11:58s.  Time for last 1,000,000:   12s.  Last read position: chr7:61,969,396
INFO	2016-05-15 05:20:36	AddOrReplaceReadGroups	Processed    51,000,000 records.  Elapsed time: 00:12:11s.  Time for last 1,000,000:   13s.  Last read position: chr7:95,061,733
INFO	2016-05-15 05:20:50	AddOrReplaceReadGroups	Processed    52,000,000 records.  Elapsed time: 00:12:25s.  Time for last 1,000,000:   13s.  Last read position: chr7:107,216,973
INFO	2016-05-15 05:21:02	AddOrReplaceReadGroups	Processed    53,000,000 records.  Elapsed time: 00:12:38s.  Time for last 1,000,000:   12s.  Last read position: chr7:137,339,412
INFO	2016-05-15 05:21:18	AddOrReplaceReadGroups	Processed    54,000,000 records.  Elapsed time: 00:12:53s.  Time for last 1,000,000:   15s.  Last read position: chr7:152,551,385
INFO	2016-05-15 05:21:31	AddOrReplaceReadGroups	Processed    55,000,000 records.  Elapsed time: 00:13:06s.  Time for last 1,000,000:   12s.  Last read position: chr8:24,346,954
INFO	2016-05-15 05:21:44	AddOrReplaceReadGroups	Processed    56,000,000 records.  Elapsed time: 00:13:19s.  Time for last 1,000,000:   13s.  Last read position: chr8:55,372,317
INFO	2016-05-15 05:21:57	AddOrReplaceReadGroups	Processed    57,000,000 records.  Elapsed time: 00:13:32s.  Time for last 1,000,000:   12s.  Last read position: chr8:97,013,428
INFO	2016-05-15 05:22:13	AddOrReplaceReadGroups	Processed    58,000,000 records.  Elapsed time: 00:13:48s.  Time for last 1,000,000:   16s.  Last read position: chr8:134,296,407
INFO	2016-05-15 05:22:26	AddOrReplaceReadGroups	Processed    59,000,000 records.  Elapsed time: 00:14:01s.  Time for last 1,000,000:   12s.  Last read position: chr9:12,821,618
INFO	2016-05-15 05:22:38	AddOrReplaceReadGroups	Processed    60,000,000 records.  Elapsed time: 00:14:13s.  Time for last 1,000,000:   12s.  Last read position: chr9:37,746,246
INFO	2016-05-15 05:22:51	AddOrReplaceReadGroups	Processed    61,000,000 records.  Elapsed time: 00:14:26s.  Time for last 1,000,000:   12s.  Last read position: chr9:98,801,146
INFO	2016-05-15 05:23:03	AddOrReplaceReadGroups	Processed    62,000,000 records.  Elapsed time: 00:14:39s.  Time for last 1,000,000:   12s.  Last read position: chr9:123,476,592
INFO	2016-05-15 05:23:20	AddOrReplaceReadGroups	Processed    63,000,000 records.  Elapsed time: 00:14:55s.  Time for last 1,000,000:   16s.  Last read position: chr9:134,385,648
INFO	2016-05-15 05:23:33	AddOrReplaceReadGroups	Processed    64,000,000 records.  Elapsed time: 00:15:08s.  Time for last 1,000,000:   12s.  Last read position: chr10:5,790,811
INFO	2016-05-15 05:23:49	AddOrReplaceReadGroups	Processed    65,000,000 records.  Elapsed time: 00:15:24s.  Time for last 1,000,000:   16s.  Last read position: chr10:38,241,529
INFO	2016-05-15 05:24:02	AddOrReplaceReadGroups	Processed    66,000,000 records.  Elapsed time: 00:15:37s.  Time for last 1,000,000:   12s.  Last read position: chr10:73,403,556
INFO	2016-05-15 05:24:15	AddOrReplaceReadGroups	Processed    67,000,000 records.  Elapsed time: 00:15:50s.  Time for last 1,000,000:   12s.  Last read position: chr10:96,534,661
INFO	2016-05-15 05:24:27	AddOrReplaceReadGroups	Processed    68,000,000 records.  Elapsed time: 00:16:02s.  Time for last 1,000,000:   12s.  Last read position: chr10:112,837,967
INFO	2016-05-15 05:24:40	AddOrReplaceReadGroups	Processed    69,000,000 records.  Elapsed time: 00:16:15s.  Time for last 1,000,000:   12s.  Last read position: chr11:193,838
INFO	2016-05-15 05:24:53	AddOrReplaceReadGroups	Processed    70,000,000 records.  Elapsed time: 00:16:28s.  Time for last 1,000,000:   12s.  Last read position: chr11:6,806,902
INFO	2016-05-15 05:25:06	AddOrReplaceReadGroups	Processed    71,000,000 records.  Elapsed time: 00:16:41s.  Time for last 1,000,000:   12s.  Last read position: chr11:32,977,613
INFO	2016-05-15 05:25:18	AddOrReplaceReadGroups	Processed    72,000,000 records.  Elapsed time: 00:16:53s.  Time for last 1,000,000:   12s.  Last read position: chr11:58,155,888
INFO	2016-05-15 05:25:31	AddOrReplaceReadGroups	Processed    73,000,000 records.  Elapsed time: 00:17:06s.  Time for last 1,000,000:   12s.  Last read position: chr11:64,900,370
INFO	2016-05-15 05:25:47	AddOrReplaceReadGroups	Processed    74,000,000 records.  Elapsed time: 00:17:22s.  Time for last 1,000,000:   15s.  Last read position: chr11:73,103,216
INFO	2016-05-15 05:25:59	AddOrReplaceReadGroups	Processed    75,000,000 records.  Elapsed time: 00:17:34s.  Time for last 1,000,000:   12s.  Last read position: chr11:103,093,694
INFO	2016-05-15 05:26:16	AddOrReplaceReadGroups	Processed    76,000,000 records.  Elapsed time: 00:17:51s.  Time for last 1,000,000:   16s.  Last read position: chr11:120,607,275
INFO	2016-05-15 05:26:29	AddOrReplaceReadGroups	Processed    77,000,000 records.  Elapsed time: 00:18:04s.  Time for last 1,000,000:   13s.  Last read position: chr12:6,078,578
INFO	2016-05-15 05:26:45	AddOrReplaceReadGroups	Processed    78,000,000 records.  Elapsed time: 00:18:20s.  Time for last 1,000,000:   15s.  Last read position: chr12:25,219,408
INFO	2016-05-15 05:26:57	AddOrReplaceReadGroups	Processed    79,000,000 records.  Elapsed time: 00:18:32s.  Time for last 1,000,000:   12s.  Last read position: chr12:50,232,400
INFO	2016-05-15 05:27:13	AddOrReplaceReadGroups	Processed    80,000,000 records.  Elapsed time: 00:18:48s.  Time for last 1,000,000:   15s.  Last read position: chr12:57,106,398
INFO	2016-05-15 05:27:26	AddOrReplaceReadGroups	Processed    81,000,000 records.  Elapsed time: 00:19:01s.  Time for last 1,000,000:   13s.  Last read position: chr12:85,497,805
INFO	2016-05-15 05:27:41	AddOrReplaceReadGroups	Processed    82,000,000 records.  Elapsed time: 00:19:16s.  Time for last 1,000,000:   15s.  Last read position: chr12:110,783,634
INFO	2016-05-15 05:27:54	AddOrReplaceReadGroups	Processed    83,000,000 records.  Elapsed time: 00:19:29s.  Time for last 1,000,000:   12s.  Last read position: chr12:124,796,364
INFO	2016-05-15 05:28:09	AddOrReplaceReadGroups	Processed    84,000,000 records.  Elapsed time: 00:19:44s.  Time for last 1,000,000:   15s.  Last read position: chr13:33,683,963
INFO	2016-05-15 05:28:22	AddOrReplaceReadGroups	Processed    85,000,000 records.  Elapsed time: 00:19:57s.  Time for last 1,000,000:   12s.  Last read position: chr13:79,213,365
INFO	2016-05-15 05:28:35	AddOrReplaceReadGroups	Processed    86,000,000 records.  Elapsed time: 00:20:10s.  Time for last 1,000,000:   12s.  Last read position: chr14:21,560,034
INFO	2016-05-15 05:28:51	AddOrReplaceReadGroups	Processed    87,000,000 records.  Elapsed time: 00:20:26s.  Time for last 1,000,000:   15s.  Last read position: chr14:39,530,957
INFO	2016-05-15 05:29:03	AddOrReplaceReadGroups	Processed    88,000,000 records.  Elapsed time: 00:20:38s.  Time for last 1,000,000:   12s.  Last read position: chr14:68,222,642
INFO	2016-05-15 05:29:15	AddOrReplaceReadGroups	Processed    89,000,000 records.  Elapsed time: 00:20:51s.  Time for last 1,000,000:   12s.  Last read position: chr14:93,142,716
INFO	2016-05-15 05:29:28	AddOrReplaceReadGroups	Processed    90,000,000 records.  Elapsed time: 00:21:03s.  Time for last 1,000,000:   12s.  Last read position: chr15:24,923,509
INFO	2016-05-15 05:29:47	AddOrReplaceReadGroups	Processed    91,000,000 records.  Elapsed time: 00:21:22s.  Time for last 1,000,000:   18s.  Last read position: chr15:42,749,260
INFO	2016-05-15 05:29:59	AddOrReplaceReadGroups	Processed    92,000,000 records.  Elapsed time: 00:21:34s.  Time for last 1,000,000:   12s.  Last read position: chr15:59,408,943
INFO	2016-05-15 05:30:12	AddOrReplaceReadGroups	Processed    93,000,000 records.  Elapsed time: 00:21:47s.  Time for last 1,000,000:   12s.  Last read position: chr15:75,694,278
INFO	2016-05-15 05:30:24	AddOrReplaceReadGroups	Processed    94,000,000 records.  Elapsed time: 00:21:59s.  Time for last 1,000,000:   12s.  Last read position: chr15:96,880,345
INFO	2016-05-15 05:30:37	AddOrReplaceReadGroups	Processed    95,000,000 records.  Elapsed time: 00:22:12s.  Time for last 1,000,000:   12s.  Last read position: chr16:3,641,301
INFO	2016-05-15 05:30:50	AddOrReplaceReadGroups	Processed    96,000,000 records.  Elapsed time: 00:22:25s.  Time for last 1,000,000:   12s.  Last read position: chr16:23,718,223
INFO	2016-05-15 05:31:03	AddOrReplaceReadGroups	Processed    97,000,000 records.  Elapsed time: 00:22:38s.  Time for last 1,000,000:   12s.  Last read position: chr16:48,399,233
INFO	2016-05-15 05:31:19	AddOrReplaceReadGroups	Processed    98,000,000 records.  Elapsed time: 00:22:55s.  Time for last 1,000,000:   16s.  Last read position: chr16:68,155,838
INFO	2016-05-15 05:31:32	AddOrReplaceReadGroups	Processed    99,000,000 records.  Elapsed time: 00:23:07s.  Time for last 1,000,000:   12s.  Last read position: chr16:87,446,655
INFO	2016-05-15 05:31:48	AddOrReplaceReadGroups	Processed   100,000,000 records.  Elapsed time: 00:23:23s.  Time for last 1,000,000:   15s.  Last read position: chr17:5,134,365
INFO	2016-05-15 05:32:01	AddOrReplaceReadGroups	Processed   101,000,000 records.  Elapsed time: 00:23:36s.  Time for last 1,000,000:   12s.  Last read position: chr17:14,005,564
INFO	2016-05-15 05:32:14	AddOrReplaceReadGroups	Processed   102,000,000 records.  Elapsed time: 00:23:49s.  Time for last 1,000,000:   12s.  Last read position: chr17:29,623,055
INFO	2016-05-15 05:32:26	AddOrReplaceReadGroups	Processed   103,000,000 records.  Elapsed time: 00:24:01s.  Time for last 1,000,000:   12s.  Last read position: chr17:40,062,677
INFO	2016-05-15 05:32:43	AddOrReplaceReadGroups	Processed   104,000,000 records.  Elapsed time: 00:24:18s.  Time for last 1,000,000:   16s.  Last read position: chr17:48,264,118
INFO	2016-05-15 05:32:55	AddOrReplaceReadGroups	Processed   105,000,000 records.  Elapsed time: 00:24:31s.  Time for last 1,000,000:   12s.  Last read position: chr17:65,082,955
INFO	2016-05-15 05:33:11	AddOrReplaceReadGroups	Processed   106,000,000 records.  Elapsed time: 00:24:46s.  Time for last 1,000,000:   15s.  Last read position: chr17:77,681,235
INFO	2016-05-15 05:33:24	AddOrReplaceReadGroups	Processed   107,000,000 records.  Elapsed time: 00:24:59s.  Time for last 1,000,000:   12s.  Last read position: chr18:14,913,465
INFO	2016-05-15 05:33:40	AddOrReplaceReadGroups	Processed   108,000,000 records.  Elapsed time: 00:25:15s.  Time for last 1,000,000:   16s.  Last read position: chr18:55,274,714
INFO	2016-05-15 05:33:53	AddOrReplaceReadGroups	Processed   109,000,000 records.  Elapsed time: 00:25:28s.  Time for last 1,000,000:   13s.  Last read position: chr19:3,282,239
INFO	2016-05-15 05:34:11	AddOrReplaceReadGroups	Processed   110,000,000 records.  Elapsed time: 00:25:46s.  Time for last 1,000,000:   17s.  Last read position: chr19:9,577,268
INFO	2016-05-15 05:34:24	AddOrReplaceReadGroups	Processed   111,000,000 records.  Elapsed time: 00:25:59s.  Time for last 1,000,000:   12s.  Last read position: chr19:15,550,643
INFO	2016-05-15 05:34:41	AddOrReplaceReadGroups	Processed   112,000,000 records.  Elapsed time: 00:26:16s.  Time for last 1,000,000:   16s.  Last read position: chr19:33,902,634
INFO	2016-05-15 05:34:53	AddOrReplaceReadGroups	Processed   113,000,000 records.  Elapsed time: 00:26:29s.  Time for last 1,000,000:   12s.  Last read position: chr19:40,754,397
INFO	2016-05-15 05:35:12	AddOrReplaceReadGroups	Processed   114,000,000 records.  Elapsed time: 00:26:48s.  Time for last 1,000,000:   18s.  Last read position: chr19:47,422,602
INFO	2016-05-15 05:35:26	AddOrReplaceReadGroups	Processed   115,000,000 records.  Elapsed time: 00:27:01s.  Time for last 1,000,000:   13s.  Last read position: chr19:52,869,932
INFO	2016-05-15 05:35:41	AddOrReplaceReadGroups	Processed   116,000,000 records.  Elapsed time: 00:27:16s.  Time for last 1,000,000:   15s.  Last read position: chr19:59,021,140
INFO	2016-05-15 05:35:54	AddOrReplaceReadGroups	Processed   117,000,000 records.  Elapsed time: 00:27:29s.  Time for last 1,000,000:   12s.  Last read position: chr20:25,490,532
INFO	2016-05-15 05:36:09	AddOrReplaceReadGroups	Processed   118,000,000 records.  Elapsed time: 00:27:45s.  Time for last 1,000,000:   15s.  Last read position: chr20:43,113,052
INFO	2016-05-15 05:36:22	AddOrReplaceReadGroups	Processed   119,000,000 records.  Elapsed time: 00:27:57s.  Time for last 1,000,000:   12s.  Last read position: chr20:61,511,748
INFO	2016-05-15 05:36:35	AddOrReplaceReadGroups	Processed   120,000,000 records.  Elapsed time: 00:28:11s.  Time for last 1,000,000:   13s.  Last read position: chr21:40,574,340
INFO	2016-05-15 05:36:51	AddOrReplaceReadGroups	Processed   121,000,000 records.  Elapsed time: 00:28:26s.  Time for last 1,000,000:   15s.  Last read position: chr22:21,407,649
INFO	2016-05-15 05:37:04	AddOrReplaceReadGroups	Processed   122,000,000 records.  Elapsed time: 00:28:39s.  Time for last 1,000,000:   13s.  Last read position: chr22:35,813,891
INFO	2016-05-15 05:37:20	AddOrReplaceReadGroups	Processed   123,000,000 records.  Elapsed time: 00:28:55s.  Time for last 1,000,000:   15s.  Last read position: chr22:46,752,900
INFO	2016-05-15 05:37:33	AddOrReplaceReadGroups	Processed   124,000,000 records.  Elapsed time: 00:29:08s.  Time for last 1,000,000:   12s.  Last read position: chrX:23,925,927
INFO	2016-05-15 05:37:49	AddOrReplaceReadGroups	Processed   125,000,000 records.  Elapsed time: 00:29:24s.  Time for last 1,000,000:   16s.  Last read position: chrX:50,065,112
INFO	2016-05-15 05:38:02	AddOrReplaceReadGroups	Processed   126,000,000 records.  Elapsed time: 00:29:37s.  Time for last 1,000,000:   12s.  Last read position: chrX:76,776,644
INFO	2016-05-15 05:38:19	AddOrReplaceReadGroups	Processed   127,000,000 records.  Elapsed time: 00:29:54s.  Time for last 1,000,000:   16s.  Last read position: chrX:117,959,148
INFO	2016-05-15 05:38:31	AddOrReplaceReadGroups	Processed   128,000,000 records.  Elapsed time: 00:30:06s.  Time for last 1,000,000:   12s.  Last read position: chrX:152,482,608
[Sun May 15 05:38:46 EDT 2016] picard.sam.AddOrReplaceReadGroups done. Elapsed time: 30.36 minutes.
Runtime.totalMemory()=450887680
[Sun May 15 05:38:46 EDT 2016] picard.sam.FixMateInformation INPUT=[p_DS_bkm_099-N/p_DS_bkm_099-N.sorted.MarkDup.fixed.bam] OUTPUT=p_DS_bkm_099-N/p_DS_bkm_099-N.sorted.MarkDup.realn.fixed.bam SORT_ORDER=coordinate TMP_DIR=[tmp/flx] VALIDATION_STRINGENCY=LENIENT CREATE_INDEX=true    ASSUME_SORTED=false ADD_MATE_CIGAR=true IGNORE_MISSING_MATES=true VERBOSITY=INFO QUIET=false COMPRESSION_LEVEL=5 MAX_RECORDS_IN_RAM=500000 CREATE_MD5_FILE=false GA4GH_CLIENT_SECRETS=client_secrets.json
[Sun May 15 05:38:46 EDT 2016] Executing as abdelrahman@compute-1-4.local on Linux 2.6.32-279.14.1.el6.x86_64 amd64; Java HotSpot(TM) 64-Bit Server VM 1.8.0_45-b14; Picard version: 2.3.0(9a00c87b7ffdb01cfb5a0d6e76556146196babb8_1463071327) IntelDeflater
INFO	2016-05-15 05:38:46	FixMateInformation	Sorting input into queryname order.
INFO	2016-05-15 06:03:59	FixMateInformation	Sorting by queryname complete.
INFO	2016-05-15 06:03:59	FixMateInformation	Output will be sorted by coordinate
INFO	2016-05-15 06:03:59	FixMateInformation	Traversing query name sorted records and fixing up mate pair information.
INFO	2016-05-15 06:04:11	FixMateInformation	Processed     1,000,000 records.  Elapsed time: 00:00:11s.  Time for last 1,000,000:   11s.  Last read position: chr4:48,901,849
INFO	2016-05-15 06:04:27	FixMateInformation	Processed     2,000,000 records.  Elapsed time: 00:00:28s.  Time for last 1,000,000:   16s.  Last read position: chr2:148,730,978
INFO	2016-05-15 06:04:41	FixMateInformation	Processed     3,000,000 records.  Elapsed time: 00:00:41s.  Time for last 1,000,000:   13s.  Last read position: chr1:145,440,073
INFO	2016-05-15 06:04:56	FixMateInformation	Processed     4,000,000 records.  Elapsed time: 00:00:56s.  Time for last 1,000,000:   15s.  Last read position: chr15:28,397,751
INFO	2016-05-15 06:05:09	FixMateInformation	Processed     5,000,000 records.  Elapsed time: 00:01:10s.  Time for last 1,000,000:   13s.  Last read position: chr9:129,928,499
INFO	2016-05-15 06:05:24	FixMateInformation	Processed     6,000,000 records.  Elapsed time: 00:01:24s.  Time for last 1,000,000:   14s.  Last read position: chrX:107,148,708
INFO	2016-05-15 06:05:36	FixMateInformation	Processed     7,000,000 records.  Elapsed time: 00:01:37s.  Time for last 1,000,000:   12s.  Last read position: chr11:65,417,035
INFO	2016-05-15 06:05:53	FixMateInformation	Processed     8,000,000 records.  Elapsed time: 00:01:53s.  Time for last 1,000,000:   16s.  Last read position: chr13:28,014,180
INFO	2016-05-15 06:06:06	FixMateInformation	Processed     9,000,000 records.  Elapsed time: 00:02:06s.  Time for last 1,000,000:   12s.  Last read position: chr2:30,975,882
INFO	2016-05-15 06:06:20	FixMateInformation	Processed    10,000,000 records.  Elapsed time: 00:02:20s.  Time for last 1,000,000:   13s.  Last read position: chr17:4,087,197
INFO	2016-05-15 06:06:33	FixMateInformation	Processed    11,000,000 records.  Elapsed time: 00:02:33s.  Time for last 1,000,000:   13s.  Last read position: chr11:62,291,034
INFO	2016-05-15 06:06:46	FixMateInformation	Processed    12,000,000 records.  Elapsed time: 00:02:47s.  Time for last 1,000,000:   13s.  Last read position: chr13:19,725,827
INFO	2016-05-15 06:07:02	FixMateInformation	Processed    13,000,000 records.  Elapsed time: 00:03:02s.  Time for last 1,000,000:   15s.  Last read position: chr1:19,482,801
INFO	2016-05-15 06:07:14	FixMateInformation	Processed    14,000,000 records.  Elapsed time: 00:03:15s.  Time for last 1,000,000:   12s.  Last read position: chr2:228,758,547
INFO	2016-05-15 06:07:30	FixMateInformation	Processed    15,000,000 records.  Elapsed time: 00:03:30s.  Time for last 1,000,000:   15s.  Last read position: chr9:115,626,664
INFO	2016-05-15 06:07:44	FixMateInformation	Processed    16,000,000 records.  Elapsed time: 00:03:44s.  Time for last 1,000,000:   13s.  Last read position: chr6:38,838,284
INFO	2016-05-15 06:08:00	FixMateInformation	Processed    17,000,000 records.  Elapsed time: 00:04:00s.  Time for last 1,000,000:   16s.  Last read position: chr22:37,535,133
INFO	2016-05-15 06:08:13	FixMateInformation	Processed    18,000,000 records.  Elapsed time: 00:04:13s.  Time for last 1,000,000:   13s.  Last read position: chr7:100,550,773
INFO	2016-05-15 06:08:30	FixMateInformation	Processed    19,000,000 records.  Elapsed time: 00:04:30s.  Time for last 1,000,000:   16s.  Last read position: chr17:34,073,869
INFO	2016-05-15 06:08:43	FixMateInformation	Processed    20,000,000 records.  Elapsed time: 00:04:43s.  Time for last 1,000,000:   13s.  Last read position: chr5:140,515,180
INFO	2016-05-15 06:08:58	FixMateInformation	Processed    21,000,000 records.  Elapsed time: 00:04:58s.  Time for last 1,000,000:   14s.  Last read position: chr14:50,579,261
INFO	2016-05-15 06:09:12	FixMateInformation	Processed    22,000,000 records.  Elapsed time: 00:05:13s.  Time for last 1,000,000:   14s.  Last read position: chr10:63,851,200
INFO	2016-05-15 06:09:29	FixMateInformation	Processed    23,000,000 records.  Elapsed time: 00:05:30s.  Time for last 1,000,000:   17s.  Last read position: chr14:76,243,583
INFO	2016-05-15 06:09:44	FixMateInformation	Processed    24,000,000 records.  Elapsed time: 00:05:44s.  Time for last 1,000,000:   14s.  Last read position: chr7:136,701,010
INFO	2016-05-15 06:09:59	FixMateInformation	Processed    25,000,000 records.  Elapsed time: 00:05:59s.  Time for last 1,000,000:   15s.  Last read position: chr4:141,463,600
INFO	2016-05-15 06:10:15	FixMateInformation	Processed    26,000,000 records.  Elapsed time: 00:06:15s.  Time for last 1,000,000:   15s.  Last read position: chr14:70,826,468
INFO	2016-05-15 06:10:30	FixMateInformation	Processed    27,000,000 records.  Elapsed time: 00:06:30s.  Time for last 1,000,000:   15s.  Last read position: chr21:40,627,608
INFO	2016-05-15 06:10:44	FixMateInformation	Processed    28,000,000 records.  Elapsed time: 00:06:44s.  Time for last 1,000,000:   13s.  Last read position: chr10:115,343,004
INFO	2016-05-15 06:10:59	FixMateInformation	Processed    29,000,000 records.  Elapsed time: 00:07:00s.  Time for last 1,000,000:   15s.  Last read position: chr11:544,673
INFO	2016-05-15 06:11:14	FixMateInformation	Processed    30,000,000 records.  Elapsed time: 00:07:14s.  Time for last 1,000,000:   14s.  Last read position: chr11:66,360,171
INFO	2016-05-15 06:11:28	FixMateInformation	Processed    31,000,000 records.  Elapsed time: 00:07:28s.  Time for last 1,000,000:   14s.  Last read position: chr1:92,495,622
INFO	2016-05-15 06:11:41	FixMateInformation	Processed    32,000,000 records.  Elapsed time: 00:07:42s.  Time for last 1,000,000:   13s.  Last read position: chr2:23,849,771
INFO	2016-05-15 06:11:57	FixMateInformation	Processed    33,000,000 records.  Elapsed time: 00:07:58s.  Time for last 1,000,000:   15s.  Last read position: chr1:197,887,512
INFO	2016-05-15 06:12:12	FixMateInformation	Processed    34,000,000 records.  Elapsed time: 00:08:12s.  Time for last 1,000,000:   14s.  Last read position: chr1:53,541,721
INFO	2016-05-15 06:12:28	FixMateInformation	Processed    35,000,000 records.  Elapsed time: 00:08:28s.  Time for last 1,000,000:   15s.  Last read position: chr6:159,461,873
INFO	2016-05-15 06:12:42	FixMateInformation	Processed    36,000,000 records.  Elapsed time: 00:08:43s.  Time for last 1,000,000:   14s.  Last read position: chr17:48,258,147
INFO	2016-05-15 06:12:58	FixMateInformation	Processed    37,000,000 records.  Elapsed time: 00:08:58s.  Time for last 1,000,000:   15s.  Last read position: chrX:153,051,222
INFO	2016-05-15 06:13:13	FixMateInformation	Processed    38,000,000 records.  Elapsed time: 00:09:13s.  Time for last 1,000,000:   14s.  Last read position: chr3:99,536,664
INFO	2016-05-15 06:13:27	FixMateInformation	Processed    39,000,000 records.  Elapsed time: 00:09:27s.  Time for last 1,000,000:   14s.  Last read position: chr10:37,283,981
INFO	2016-05-15 06:13:41	FixMateInformation	Processed    40,000,000 records.  Elapsed time: 00:09:42s.  Time for last 1,000,000:   14s.  Last read position: chr15:42,106,805
INFO	2016-05-15 06:13:55	FixMateInformation	Processed    41,000,000 records.  Elapsed time: 00:09:55s.  Time for last 1,000,000:   13s.  Last read position: chr19:56,243,319
INFO	2016-05-15 06:14:10	FixMateInformation	Processed    42,000,000 records.  Elapsed time: 00:10:10s.  Time for last 1,000,000:   15s.  Last read position: chr15:81,295,705
INFO	2016-05-15 06:14:25	FixMateInformation	Processed    43,000,000 records.  Elapsed time: 00:10:26s.  Time for last 1,000,000:   15s.  Last read position: chr1:248,844,889
INFO	2016-05-15 06:14:41	FixMateInformation	Processed    44,000,000 records.  Elapsed time: 00:10:41s.  Time for last 1,000,000:   15s.  Last read position: chr2:21,259,952
INFO	2016-05-15 06:14:55	FixMateInformation	Processed    45,000,000 records.  Elapsed time: 00:10:55s.  Time for last 1,000,000:   14s.  Last read position: chr16:70,913,428
INFO	2016-05-15 06:15:14	FixMateInformation	Processed    46,000,000 records.  Elapsed time: 00:11:14s.  Time for last 1,000,000:   18s.  Last read position: chr2:216,197,977
INFO	2016-05-15 06:15:30	FixMateInformation	Processed    47,000,000 records.  Elapsed time: 00:11:30s.  Time for last 1,000,000:   16s.  Last read position: chr12:7,531,728
INFO	2016-05-15 06:15:46	FixMateInformation	Processed    48,000,000 records.  Elapsed time: 00:11:46s.  Time for last 1,000,000:   16s.  Last read position: chr11:14,989,266
INFO	2016-05-15 06:16:01	FixMateInformation	Processed    49,000,000 records.  Elapsed time: 00:12:01s.  Time for last 1,000,000:   14s.  Last read position: chr12:105,424,075
INFO	2016-05-15 06:16:18	FixMateInformation	Processed    50,000,000 records.  Elapsed time: 00:12:19s.  Time for last 1,000,000:   17s.  Last read position: chr11:120,168,971
INFO	2016-05-15 06:16:35	FixMateInformation	Processed    51,000,000 records.  Elapsed time: 00:12:35s.  Time for last 1,000,000:   16s.  Last read position: chr1:109,812,574
INFO	2016-05-15 06:16:50	FixMateInformation	Processed    52,000,000 records.  Elapsed time: 00:12:51s.  Time for last 1,000,000:   15s.  Last read position: chr11:57,077,064
INFO	2016-05-15 06:17:04	FixMateInformation	Processed    53,000,000 records.  Elapsed time: 00:13:05s.  Time for last 1,000,000:   13s.  Last read position: chr2:26,507,243
INFO	2016-05-15 06:17:19	FixMateInformation	Processed    54,000,000 records.  Elapsed time: 00:13:19s.  Time for last 1,000,000:   14s.  Last read position: chr16:25,267,996
INFO	2016-05-15 06:17:37	FixMateInformation	Processed    55,000,000 records.  Elapsed time: 00:13:37s.  Time for last 1,000,000:   18s.  Last read position: chr1:215,256,606
INFO	2016-05-15 06:17:52	FixMateInformation	Processed    56,000,000 records.  Elapsed time: 00:13:53s.  Time for last 1,000,000:   15s.  Last read position: chr7:100,454,289
INFO	2016-05-15 06:18:06	FixMateInformation	Processed    57,000,000 records.  Elapsed time: 00:14:06s.  Time for last 1,000,000:   13s.  Last read position: chr18:18,518,952
INFO	2016-05-15 06:18:20	FixMateInformation	Processed    58,000,000 records.  Elapsed time: 00:14:20s.  Time for last 1,000,000:   13s.  Last read position: chr16:88,497,984
INFO	2016-05-15 06:18:36	FixMateInformation	Processed    59,000,000 records.  Elapsed time: 00:14:36s.  Time for last 1,000,000:   16s.  Last read position: chr4:22,415,024
INFO	2016-05-15 06:18:49	FixMateInformation	Processed    60,000,000 records.  Elapsed time: 00:14:49s.  Time for last 1,000,000:   13s.  Last read position: chr7:7,613,155
INFO	2016-05-15 06:19:04	FixMateInformation	Processed    61,000,000 records.  Elapsed time: 00:15:04s.  Time for last 1,000,000:   15s.  Last read position: chr5:140,856,296
INFO	2016-05-15 06:19:17	FixMateInformation	Processed    62,000,000 records.  Elapsed time: 00:15:18s.  Time for last 1,000,000:   13s.  Last read position: chr4:8,368,570
INFO	2016-05-15 06:19:31	FixMateInformation	Processed    63,000,000 records.  Elapsed time: 00:15:32s.  Time for last 1,000,000:   13s.  Last read position: chr9:135,939,853
INFO	2016-05-15 06:19:46	FixMateInformation	Processed    64,000,000 records.  Elapsed time: 00:15:46s.  Time for last 1,000,000:   14s.  Last read position: chr4:6,043,815
INFO	2016-05-15 06:19:59	FixMateInformation	Processed    65,000,000 records.  Elapsed time: 00:15:59s.  Time for last 1,000,000:   13s.  Last read position: chr1:92,442,841
INFO	2016-05-15 06:20:13	FixMateInformation	Processed    66,000,000 records.  Elapsed time: 00:16:13s.  Time for last 1,000,000:   13s.  Last read position: chr2:85,533,552
INFO	2016-05-15 06:20:27	FixMateInformation	Processed    67,000,000 records.  Elapsed time: 00:16:27s.  Time for last 1,000,000:   13s.  Last read position: chr19:17,835,679
INFO	2016-05-15 06:20:41	FixMateInformation	Processed    68,000,000 records.  Elapsed time: 00:16:41s.  Time for last 1,000,000:   14s.  Last read position: chr2:51,255,299
INFO	2016-05-15 06:20:56	FixMateInformation	Processed    69,000,000 records.  Elapsed time: 00:16:56s.  Time for last 1,000,000:   14s.  Last read position: chr16:56,672,581
INFO	2016-05-15 06:21:10	FixMateInformation	Processed    70,000,000 records.  Elapsed time: 00:17:11s.  Time for last 1,000,000:   14s.  Last read position: chr4:110,909,658
INFO	2016-05-15 06:21:25	FixMateInformation	Processed    71,000,000 records.  Elapsed time: 00:17:25s.  Time for last 1,000,000:   14s.  Last read position: chr17:72,763,854
INFO	2016-05-15 06:21:41	FixMateInformation	Processed    72,000,000 records.  Elapsed time: 00:17:41s.  Time for last 1,000,000:   15s.  Last read position: chr17:25,267,022
INFO	2016-05-15 06:21:54	FixMateInformation	Processed    73,000,000 records.  Elapsed time: 00:17:54s.  Time for last 1,000,000:   13s.  Last read position: chr20:35,310,968
INFO	2016-05-15 06:22:09	FixMateInformation	Processed    74,000,000 records.  Elapsed time: 00:18:09s.  Time for last 1,000,000:   14s.  Last read position: chr19:37,853,338
INFO	2016-05-15 06:22:23	FixMateInformation	Processed    75,000,000 records.  Elapsed time: 00:18:23s.  Time for last 1,000,000:   14s.  Last read position: chr11:76,557,107
INFO	2016-05-15 06:22:37	FixMateInformation	Processed    76,000,000 records.  Elapsed time: 00:18:37s.  Time for last 1,000,000:   14s.  Last read position: chr15:59,964,794
INFO	2016-05-15 06:22:52	FixMateInformation	Processed    77,000,000 records.  Elapsed time: 00:18:52s.  Time for last 1,000,000:   14s.  Last read position: chr8:39,624,333
INFO	2016-05-15 06:23:05	FixMateInformation	Processed    78,000,000 records.  Elapsed time: 00:19:05s.  Time for last 1,000,000:   13s.  Last read position: chr21:32,582,474
INFO	2016-05-15 06:23:18	FixMateInformation	Processed    79,000,000 records.  Elapsed time: 00:19:18s.  Time for last 1,000,000:   13s.  Last read position: chr4:108,553,159
INFO	2016-05-15 06:23:35	FixMateInformation	Processed    80,000,000 records.  Elapsed time: 00:19:35s.  Time for last 1,000,000:   16s.  Last read position: chr1:156,821,738
INFO	2016-05-15 06:23:49	FixMateInformation	Processed    81,000,000 records.  Elapsed time: 00:19:50s.  Time for last 1,000,000:   14s.  Last read position: chr8:133,092,052
INFO	2016-05-15 06:24:05	FixMateInformation	Processed    82,000,000 records.  Elapsed time: 00:20:06s.  Time for last 1,000,000:   16s.  Last read position: chr12:112,688,025
INFO	2016-05-15 06:24:20	FixMateInformation	Processed    83,000,000 records.  Elapsed time: 00:20:20s.  Time for last 1,000,000:   14s.  Last read position: chr19:7,796,036
INFO	2016-05-15 06:24:33	FixMateInformation	Processed    84,000,000 records.  Elapsed time: 00:20:33s.  Time for last 1,000,000:   13s.  Last read position: chr6:79,713,423
INFO	2016-05-15 06:24:47	FixMateInformation	Processed    85,000,000 records.  Elapsed time: 00:20:47s.  Time for last 1,000,000:   13s.  Last read position: chr3:178,560,516
INFO	2016-05-15 06:25:03	FixMateInformation	Processed    86,000,000 records.  Elapsed time: 00:21:03s.  Time for last 1,000,000:   16s.  Last read position: chr6:15,507,521
INFO	2016-05-15 06:25:18	FixMateInformation	Processed    87,000,000 records.  Elapsed time: 00:21:18s.  Time for last 1,000,000:   14s.  Last read position: chr16:58,032,246
INFO	2016-05-15 06:25:32	FixMateInformation	Processed    88,000,000 records.  Elapsed time: 00:21:32s.  Time for last 1,000,000:   14s.  Last read position: chrX:114,425,746
INFO	2016-05-15 06:25:47	FixMateInformation	Processed    89,000,000 records.  Elapsed time: 00:21:47s.  Time for last 1,000,000:   14s.  Last read position: chr12:32,481,367
INFO	2016-05-15 06:26:01	FixMateInformation	Processed    90,000,000 records.  Elapsed time: 00:22:01s.  Time for last 1,000,000:   14s.  Last read position: chr16:56,936,245
INFO	2016-05-15 06:26:16	FixMateInformation	Processed    91,000,000 records.  Elapsed time: 00:22:17s.  Time for last 1,000,000:   15s.  Last read position: chr8:72,936,051
INFO	2016-05-15 06:26:31	FixMateInformation	Processed    92,000,000 records.  Elapsed time: 00:22:31s.  Time for last 1,000,000:   14s.  Last read position: chr19:1,789,263
INFO	2016-05-15 06:26:46	FixMateInformation	Processed    93,000,000 records.  Elapsed time: 00:22:46s.  Time for last 1,000,000:   15s.  Last read position: chr16:28,911,902
INFO	2016-05-15 06:27:01	FixMateInformation	Processed    94,000,000 records.  Elapsed time: 00:23:01s.  Time for last 1,000,000:   15s.  Last read position: chr6:83,904,357
INFO	2016-05-15 06:27:16	FixMateInformation	Processed    95,000,000 records.  Elapsed time: 00:23:16s.  Time for last 1,000,000:   14s.  Last read position: chr21:46,932,111
INFO	2016-05-15 06:27:30	FixMateInformation	Processed    96,000,000 records.  Elapsed time: 00:23:30s.  Time for last 1,000,000:   13s.  Last read position: chr17:17,394,660
INFO	2016-05-15 06:27:45	FixMateInformation	Processed    97,000,000 records.  Elapsed time: 00:23:45s.  Time for last 1,000,000:   15s.  Last read position: chr11:43,913,481
INFO	2016-05-15 06:27:59	FixMateInformation	Processed    98,000,000 records.  Elapsed time: 00:23:59s.  Time for last 1,000,000:   14s.  Last read position: chr14:28,734,000
INFO	2016-05-15 06:28:14	FixMateInformation	Processed    99,000,000 records.  Elapsed time: 00:24:15s.  Time for last 1,000,000:   15s.  Last read position: chr12:93,171,406
INFO	2016-05-15 06:28:28	FixMateInformation	Processed   100,000,000 records.  Elapsed time: 00:24:29s.  Time for last 1,000,000:   13s.  Last read position: chr1:23,697,221
INFO	2016-05-15 06:28:42	FixMateInformation	Processed   101,000,000 records.  Elapsed time: 00:24:43s.  Time for last 1,000,000:   14s.  Last read position: chr6:102,376,263
INFO	2016-05-15 06:28:56	FixMateInformation	Processed   102,000,000 records.  Elapsed time: 00:24:56s.  Time for last 1,000,000:   13s.  Last read position: chr8:100,974,522
INFO	2016-05-15 06:29:10	FixMateInformation	Processed   103,000,000 records.  Elapsed time: 00:25:10s.  Time for last 1,000,000:   13s.  Last read position: chr1:214,826,073
INFO	2016-05-15 06:29:24	FixMateInformation	Processed   104,000,000 records.  Elapsed time: 00:25:24s.  Time for last 1,000,000:   14s.  Last read position: chr6:139,097,104
INFO	2016-05-15 06:29:38	FixMateInformation	Processed   105,000,000 records.  Elapsed time: 00:25:38s.  Time for last 1,000,000:   13s.  Last read position: chr2:232,035,297
INFO	2016-05-15 06:29:53	FixMateInformation	Processed   106,000,000 records.  Elapsed time: 00:25:53s.  Time for last 1,000,000:   14s.  Last read position: chr13:70,543,312
INFO	2016-05-15 06:30:07	FixMateInformation	Processed   107,000,000 records.  Elapsed time: 00:26:07s.  Time for last 1,000,000:   14s.  Last read position: chr15:84,773,716
INFO	2016-05-15 06:30:21	FixMateInformation	Processed   108,000,000 records.  Elapsed time: 00:26:21s.  Time for last 1,000,000:   13s.  Last read position: chr18:56,586,897
INFO	2016-05-15 06:30:35	FixMateInformation	Processed   109,000,000 records.  Elapsed time: 00:26:35s.  Time for last 1,000,000:   14s.  Last read position: chr6:16,803,069
INFO	2016-05-15 06:31:03	FixMateInformation	Processed   110,000,000 records.  Elapsed time: 00:27:03s.  Time for last 1,000,000:   28s.  Last read position: chr12:34,175,717
INFO	2016-05-15 06:31:17	FixMateInformation	Processed   111,000,000 records.  Elapsed time: 00:27:17s.  Time for last 1,000,000:   14s.  Last read position: chr19:19,466,456
INFO	2016-05-15 06:31:32	FixMateInformation	Processed   112,000,000 records.  Elapsed time: 00:27:32s.  Time for last 1,000,000:   14s.  Last read position: chr3:4,458,822
INFO	2016-05-15 06:31:45	FixMateInformation	Processed   113,000,000 records.  Elapsed time: 00:27:45s.  Time for last 1,000,000:   13s.  Last read position: chr4:106,157,243
INFO	2016-05-15 06:32:01	FixMateInformation	Processed   114,000,000 records.  Elapsed time: 00:28:01s.  Time for last 1,000,000:   15s.  Last read position: chrX:44,929,349
INFO	2016-05-15 06:32:15	FixMateInformation	Processed   115,000,000 records.  Elapsed time: 00:28:15s.  Time for last 1,000,000:   14s.  Last read position: chr6:135,618,367
INFO	2016-05-15 06:32:31	FixMateInformation	Processed   116,000,000 records.  Elapsed time: 00:28:31s.  Time for last 1,000,000:   15s.  Last read position: chr2:167,289,012
INFO	2016-05-15 06:32:45	FixMateInformation	Processed   117,000,000 records.  Elapsed time: 00:28:45s.  Time for last 1,000,000:   14s.  Last read position: chrX:39,913,193
INFO	2016-05-15 06:32:59	FixMateInformation	Processed   118,000,000 records.  Elapsed time: 00:28:59s.  Time for last 1,000,000:   13s.  Last read position: chr6:64,238,692
INFO	2016-05-15 06:33:12	FixMateInformation	Processed   119,000,000 records.  Elapsed time: 00:29:12s.  Time for last 1,000,000:   13s.  Last read position: chr18:47,769,199
INFO	2016-05-15 06:33:26	FixMateInformation	Processed   120,000,000 records.  Elapsed time: 00:29:26s.  Time for last 1,000,000:   13s.  Last read position: chr4:114,282,131
INFO	2016-05-15 06:33:39	FixMateInformation	Processed   121,000,000 records.  Elapsed time: 00:29:39s.  Time for last 1,000,000:   13s.  Last read position: chr16:56,925,992
INFO	2016-05-15 06:33:52	FixMateInformation	Processed   122,000,000 records.  Elapsed time: 00:29:52s.  Time for last 1,000,000:   13s.  Last read position: chr7:100,677,583
INFO	2016-05-15 06:34:05	FixMateInformation	Processed   123,000,000 records.  Elapsed time: 00:30:06s.  Time for last 1,000,000:   13s.  Last read position: chr9:119,738,136
INFO	2016-05-15 06:34:19	FixMateInformation	Processed   124,000,000 records.  Elapsed time: 00:30:19s.  Time for last 1,000,000:   13s.  Last read position: chr11:17,483,060
INFO	2016-05-15 06:34:33	FixMateInformation	Processed   125,000,000 records.  Elapsed time: 00:30:33s.  Time for last 1,000,000:   14s.  Last read position: chr4:844,609
INFO	2016-05-15 06:34:47	FixMateInformation	Processed   126,000,000 records.  Elapsed time: 00:30:47s.  Time for last 1,000,000:   13s.  Last read position: chr1:201,176,555
INFO	2016-05-15 06:35:00	FixMateInformation	Processed   127,000,000 records.  Elapsed time: 00:31:00s.  Time for last 1,000,000:   12s.  Last read position: chr2:97,030,008
INFO	2016-05-15 06:35:14	FixMateInformation	Processed   128,000,000 records.  Elapsed time: 00:31:14s.  Time for last 1,000,000:   14s.  Last read position: chr3:48,691,263
INFO	2016-05-15 06:35:29	FixMateInformation	Finished processing reads; re-sorting output file.
[Sun May 15 07:02:04 EDT 2016] picard.sam.FixMateInformation done. Elapsed time: 83.30 minutes.
Runtime.totalMemory()=1067450368
